{"uid":"7fa06f7a4a623b95","name":"Import Service Deployment app config via UI","fullName":"tests.test_cases.tests_e2e.test_service_deployment_app.TestE2EServiceDeploymentApp#test_import_app_config_via_ui","historyId":"0ec9874b606d391c772deb1229267005","time":{"start":1761195492372,"stop":1761195512616,"duration":20244},"description":"\n- Login with valid credentials.\n- Create new organization via **API**.\n- Create new project via **API**.\n- Import Service Deployment app config via UI.\n\n### Verify that:\n\n- Install required data is the same as in imported config.\n","descriptionHtml":"<div style='line-height:1.6;'><ul>\n<li>Login with valid credentials.</li>\n<li>Create new organization via <strong>API</strong>.</li>\n<li>Create new project via <strong>API</strong>.</li>\n<li>Import Service Deployment app config via UI.</li>\n</ul>\n<h3>Verify that:</h3>\n<ul>\n<li>Install required data is the same as in imported config.</li>\n</ul></div>","status":"failed","statusMessage":"AssertionError: [AssertionError] during step: Login via UI\nMessage: [AssertionError] during step: Verify Apps page displayed\nMessage: Apps page should be displayed!","statusTrace":"tests/reporting_hooks/reporting.py:49: in wrapper\n    result = await func(*args, **kwargs)\n             ^^^^^^^^^^^^^^^^^^^^^^^^^^^\ntests/test_cases/steps/ui_steps/page_steps_impl/apps_page_steps.py:14: in verify_ui_page_displayed\n    assert await self._pm.apps_page.is_loaded(), \"Apps page should be displayed!\"\n           ^^^^^^^^^^^^^^^^^^^^^^^^^^^^^^^^^^^^\nE   AssertionError: Apps page should be displayed!\n\nThe above exception was the direct cause of the following exception:\ntests/reporting_hooks/reporting.py:49: in wrapper\n    result = await func(*args, **kwargs)\n             ^^^^^^^^^^^^^^^^^^^^^^^^^^^\ntests/test_cases/steps/ui_steps/ui_steps.py:84: in ui_login\n    await self.apps_page.verify_ui_page_displayed()\ntests/reporting_hooks/reporting.py:58: in wrapper\n    raise AssertionError(formatted_msg) from e\nE   AssertionError: [AssertionError] during step: Verify Apps page displayed\nE   Message: Apps page should be displayed!\n\nThe above exception was the direct cause of the following exception:\ntests/test_cases/tests_e2e/test_service_deployment_app.py:805: in test_import_app_config_via_ui\n    await ui_steps.ui_login(user, fresh_login=False)\ntests/reporting_hooks/reporting.py:58: in wrapper\n    raise AssertionError(formatted_msg) from e\nE   AssertionError: [AssertionError] during step: Login via UI\nE   Message: [AssertionError] during step: Verify Apps page displayed\nE   Message: Apps page should be displayed!","flaky":false,"newFailed":false,"newBroken":false,"newPassed":false,"retriesCount":0,"retriesStatusChange":false,"beforeStages":[{"name":"base_url","time":{"start":1761195405037,"stop":1761195405037,"duration":0},"status":"passed","steps":[],"attachments":[],"parameters":[],"shouldDisplayMessage":false,"stepsCount":0,"attachmentsCount":0,"hasContent":false,"attachmentStep":false},{"name":"delete_output_dir","time":{"start":1761195405037,"stop":1761195405037,"duration":0},"status":"passed","steps":[],"attachments":[],"parameters":[],"shouldDisplayMessage":false,"stepsCount":0,"attachmentsCount":0,"hasContent":false,"attachmentStep":false},{"name":"delay_worker_start","time":{"start":1761195405037,"stop":1761195405038,"duration":1},"status":"passed","steps":[],"attachments":[],"parameters":[],"shouldDisplayMessage":false,"stepsCount":0,"attachmentsCount":0,"hasContent":false,"attachmentStep":false},{"name":"event_loop_policy","time":{"start":1761195405037,"stop":1761195405037,"duration":0},"status":"passed","steps":[],"attachments":[],"parameters":[],"shouldDisplayMessage":false,"stepsCount":0,"attachmentsCount":0,"hasContent":false,"attachmentStep":false},{"name":"pytestconfig","time":{"start":1761195405037,"stop":1761195405037,"duration":0},"status":"passed","steps":[],"attachments":[],"parameters":[],"shouldDisplayMessage":false,"stepsCount":0,"attachmentsCount":0,"hasContent":false,"attachmentStep":false},{"name":"_verify_url","time":{"start":1761195405037,"stop":1761195405037,"duration":0},"status":"passed","steps":[],"attachments":[],"parameters":[],"shouldDisplayMessage":false,"stepsCount":0,"attachmentsCount":0,"hasContent":false,"attachmentStep":false},{"name":"ensure_storage_directories","time":{"start":1761195405038,"stop":1761195405038,"duration":0},"status":"passed","steps":[],"attachments":[],"parameters":[],"shouldDisplayMessage":false,"stepsCount":0,"attachmentsCount":0,"hasContent":false,"attachmentStep":false},{"name":"test_config","time":{"start":1761195491630,"stop":1761195491634,"duration":4},"status":"passed","steps":[],"attachments":[],"parameters":[],"shouldDisplayMessage":false,"stepsCount":0,"attachmentsCount":0,"hasContent":false,"attachmentStep":false},{"name":"_function_scoped_runner","time":{"start":1761195491634,"stop":1761195491634,"duration":0},"status":"passed","steps":[],"attachments":[],"parameters":[],"shouldDisplayMessage":false,"stepsCount":0,"attachmentsCount":0,"hasContent":false,"attachmentStep":false},{"name":"page_manager","time":{"start":1761195491634,"stop":1761195492368,"duration":734},"status":"passed","steps":[],"attachments":[],"parameters":[],"shouldDisplayMessage":false,"stepsCount":0,"attachmentsCount":0,"hasContent":false,"attachmentStep":false},{"name":"data_manager","time":{"start":1761195492368,"stop":1761195492369,"duration":1},"status":"passed","steps":[],"attachments":[],"parameters":[],"shouldDisplayMessage":false,"stepsCount":0,"attachmentsCount":0,"hasContent":false,"attachmentStep":false},{"name":"api_helper","time":{"start":1761195492369,"stop":1761195492370,"duration":1},"status":"passed","steps":[],"attachments":[],"parameters":[],"shouldDisplayMessage":false,"stepsCount":0,"attachmentsCount":0,"hasContent":false,"attachmentStep":false},{"name":"users_manager","time":{"start":1761195492369,"stop":1761195492369,"duration":0},"status":"passed","steps":[],"attachments":[],"parameters":[],"shouldDisplayMessage":false,"stepsCount":0,"attachmentsCount":0,"hasContent":false,"attachmentStep":false},{"name":"setup_cleanup","time":{"start":1761195492370,"stop":1761195492371,"duration":1},"status":"passed","steps":[],"attachments":[],"parameters":[],"shouldDisplayMessage":false,"stepsCount":0,"attachmentsCount":0,"hasContent":false,"attachmentStep":false},{"name":"apolo_cli","time":{"start":1761195492370,"stop":1761195492370,"duration":0},"status":"passed","steps":[],"attachments":[],"parameters":[],"shouldDisplayMessage":false,"stepsCount":0,"attachmentsCount":0,"hasContent":false,"attachmentStep":false},{"name":"_inject_fixtures","time":{"start":1761195492371,"stop":1761195492371,"duration":0},"status":"passed","steps":[],"attachments":[],"parameters":[],"shouldDisplayMessage":false,"stepsCount":0,"attachmentsCount":0,"hasContent":false,"attachmentStep":false},{"name":"setup","time":{"start":1761195492371,"stop":1761195492371,"duration":0},"status":"passed","steps":[],"attachments":[],"parameters":[],"shouldDisplayMessage":false,"stepsCount":0,"attachmentsCount":0,"hasContent":false,"attachmentStep":false},{"name":"add_page_manager","time":{"start":1761195492371,"stop":1761195492371,"duration":0},"status":"passed","steps":[],"attachments":[],"parameters":[],"shouldDisplayMessage":false,"stepsCount":0,"attachmentsCount":0,"hasContent":false,"attachmentStep":false}],"testStage":{"description":"\n- Login with valid credentials.\n- Create new organization via **API**.\n- Create new project via **API**.\n- Import Service Deployment app config via UI.\n\n### Verify that:\n\n- Install required data is the same as in imported config.\n","descriptionHtml":"<div style='line-height:1.6;'><ul>\n<li>Login with valid credentials.</li>\n<li>Create new organization via <strong>API</strong>.</li>\n<li>Create new project via <strong>API</strong>.</li>\n<li>Import Service Deployment app config via UI.</li>\n</ul>\n<h3>Verify that:</h3>\n<ul>\n<li>Install required data is the same as in imported config.</li>\n</ul></div>","status":"failed","statusMessage":"AssertionError: [AssertionError] during step: Login via UI\nMessage: [AssertionError] during step: Verify Apps page displayed\nMessage: Apps page should be displayed!","statusTrace":"tests/reporting_hooks/reporting.py:49: in wrapper\n    result = await func(*args, **kwargs)\n             ^^^^^^^^^^^^^^^^^^^^^^^^^^^\ntests/test_cases/steps/ui_steps/page_steps_impl/apps_page_steps.py:14: in verify_ui_page_displayed\n    assert await self._pm.apps_page.is_loaded(), \"Apps page should be displayed!\"\n           ^^^^^^^^^^^^^^^^^^^^^^^^^^^^^^^^^^^^\nE   AssertionError: Apps page should be displayed!\n\nThe above exception was the direct cause of the following exception:\ntests/reporting_hooks/reporting.py:49: in wrapper\n    result = await func(*args, **kwargs)\n             ^^^^^^^^^^^^^^^^^^^^^^^^^^^\ntests/test_cases/steps/ui_steps/ui_steps.py:84: in ui_login\n    await self.apps_page.verify_ui_page_displayed()\ntests/reporting_hooks/reporting.py:58: in wrapper\n    raise AssertionError(formatted_msg) from e\nE   AssertionError: [AssertionError] during step: Verify Apps page displayed\nE   Message: Apps page should be displayed!\n\nThe above exception was the direct cause of the following exception:\ntests/test_cases/tests_e2e/test_service_deployment_app.py:805: in test_import_app_config_via_ui\n    await ui_steps.ui_login(user, fresh_login=False)\ntests/reporting_hooks/reporting.py:58: in wrapper\n    raise AssertionError(formatted_msg) from e\nE   AssertionError: [AssertionError] during step: Login via UI\nE   Message: [AssertionError] during step: Verify Apps page displayed\nE   Message: Apps page should be displayed!","steps":[{"name":"Login via UI","time":{"start":1761195492373,"stop":1761195512615,"duration":20242},"status":"failed","statusMessage":"AssertionError: [AssertionError] during step: Login via UI\nMessage: [AssertionError] during step: Verify Apps page displayed\nMessage: Apps page should be displayed!\n","statusTrace":"  File \"/home/runner/work/apolo-test-automation/apolo-test-automation/tests/reporting_hooks/reporting.py\", line 58, in wrapper\n    raise AssertionError(formatted_msg) from e\n","steps":[{"name":"Click login button","time":{"start":1761195492373,"stop":1761195493418,"duration":1045},"status":"passed","steps":[],"attachments":[{"uid":"fe6719f8813ec230","name":"Page URL","source":"fe6719f8813ec230.txt","type":"text/plain","size":29},{"uid":"859ad75962986d65","name":"HTTP 200 - GET config","source":"859ad75962986d65.txt","type":"text/plain","size":673},{"uid":"f24a0a683202b0bb","name":"Screenshot: Click login button (success)","source":"f24a0a683202b0bb.png","type":"image/png","size":41598}],"parameters":[],"shouldDisplayMessage":false,"stepsCount":0,"attachmentsCount":3,"hasContent":true,"attachmentStep":false},{"name":"Enter email","time":{"start":1761195493419,"stop":1761195493769,"duration":350},"status":"passed","steps":[],"attachments":[{"uid":"2b81221508b21dcb","name":"Page URL","source":"2b81221508b21dcb.txt","type":"text/plain","size":215},{"uid":"bd9310e0d6401203","name":"Screenshot: Enter email (success)","source":"bd9310e0d6401203.png","type":"image/png","size":46261}],"parameters":[],"shouldDisplayMessage":false,"stepsCount":0,"attachmentsCount":2,"hasContent":true,"attachmentStep":false},{"name":"Enter password","time":{"start":1761195493769,"stop":1761195494099,"duration":330},"status":"passed","steps":[],"attachments":[{"uid":"4d771a30f2e118f0","name":"Page URL","source":"4d771a30f2e118f0.txt","type":"text/plain","size":215},{"uid":"28b947f64951e81a","name":"Screenshot: Enter password (success)","source":"28b947f64951e81a.png","type":"image/png","size":46405}],"parameters":[],"shouldDisplayMessage":false,"stepsCount":0,"attachmentsCount":2,"hasContent":true,"attachmentStep":false},{"name":"Click Continue button","time":{"start":1761195494099,"stop":1761195502381,"duration":8282},"status":"passed","steps":[],"attachments":[{"uid":"4929821403a58ea4","name":"Page URL","source":"4929821403a58ea4.txt","type":"text/plain","size":215},{"uid":"ed30371fc2a56248","name":"HTTP 200 - GET config","source":"ed30371fc2a56248.txt","type":"text/plain","size":771},{"uid":"aa51186d2529a492","name":"HTTP 200 - GET permissions?uri=blob:","source":"aa51186d2529a492.txt","type":"text/plain","size":182},{"uid":"d78c6db60a552a0","name":"HTTP 200 - GET regression-xr5ocdt0q8?include=orgs","source":"d78c6db60a552a0.txt","type":"text/plain","size":379},{"uid":"b0e4833af33fd44e","name":"HTTP 200 - GET regression-xr5ocdt0q8?include=clusters&include=system_role","source":"b0e4833af33fd44e.txt","type":"text/plain","size":407},{"uid":"d9b807537c954bb","name":"HTTP 200 - GET incoming","source":"d9b807537c954bb.txt","type":"text/plain","size":156},{"uid":"e3014ee82f8c30c","name":"Screenshot: Click Continue button (success)","source":"e3014ee82f8c30c.png","type":"image/png","size":161002}],"parameters":[],"shouldDisplayMessage":false,"stepsCount":0,"attachmentsCount":7,"hasContent":true,"attachmentStep":false},{"name":"Verify Apps page displayed","time":{"start":1761195502389,"stop":1761195512531,"duration":10142},"status":"failed","statusMessage":"AssertionError: [AssertionError] during step: Verify Apps page displayed\nMessage: Apps page should be displayed!\n","statusTrace":"  File \"/home/runner/work/apolo-test-automation/apolo-test-automation/tests/reporting_hooks/reporting.py\", line 58, in wrapper\n    raise AssertionError(formatted_msg) from e\n","steps":[],"attachments":[{"uid":"506e657fa672574e","name":"Page URL","source":"506e657fa672574e.txt","type":"text/plain","size":44},{"uid":"2a364db762447cfa","name":"Screenshot: Verify Apps page displayed (fail)","source":"2a364db762447cfa.png","type":"image/png","size":161002}],"parameters":[],"shouldDisplayMessage":true,"stepsCount":0,"attachmentsCount":2,"hasContent":true,"attachmentStep":false}],"attachments":[{"uid":"cc118aa69642ca8a","name":"Page URL","source":"cc118aa69642ca8a.txt","type":"text/plain","size":29},{"uid":"fdf152f9bae2ff91","name":"Screenshot: Login via UI (fail)","source":"fdf152f9bae2ff91.png","type":"image/png","size":161002}],"parameters":[],"shouldDisplayMessage":true,"stepsCount":5,"attachmentsCount":18,"hasContent":true,"attachmentStep":false}],"attachments":[{"uid":"5dd14a544d4543fc","name":"log","source":"5dd14a544d4543fc.txt","type":"text/plain","size":11235}],"parameters":[],"shouldDisplayMessage":true,"stepsCount":6,"attachmentsCount":19,"hasContent":true,"attachmentStep":false},"afterStages":[{"name":"add_page_manager::finalizer","time":{"start":1761195512641,"stop":1761195512641,"duration":0},"status":"passed","steps":[],"attachments":[],"parameters":[],"shouldDisplayMessage":false,"stepsCount":0,"attachmentsCount":0,"hasContent":false,"attachmentStep":false},{"name":"setup_cleanup::finalizer","time":{"start":1761195512641,"stop":1761195512641,"duration":0},"status":"passed","steps":[],"attachments":[],"parameters":[],"shouldDisplayMessage":false,"stepsCount":0,"attachmentsCount":0,"hasContent":false,"attachmentStep":false},{"name":"setup_cleanup::finalizer","time":{"start":1761195512641,"stop":1761195612127,"duration":99486},"status":"passed","steps":[{"name":"Post-test cleanup","time":{"start":1761195512641,"stop":1761195612126,"duration":99485},"status":"passed","steps":[],"attachments":[{"uid":"1f0d59e615e0c764","name":"Cleanup note","source":"1f0d59e615e0c764.txt","type":"text/plain","size":29}],"parameters":[],"shouldDisplayMessage":false,"stepsCount":0,"attachmentsCount":1,"hasContent":true,"attachmentStep":false}],"attachments":[],"parameters":[],"shouldDisplayMessage":false,"stepsCount":1,"attachmentsCount":1,"hasContent":true,"attachmentStep":false},{"name":"api_helper::finalizer","time":{"start":1761195612127,"stop":1761195612127,"duration":0},"status":"passed","steps":[],"attachments":[],"parameters":[],"shouldDisplayMessage":false,"stepsCount":0,"attachmentsCount":0,"hasContent":false,"attachmentStep":false},{"name":"_function_scoped_runner::0","time":{"start":1761195612128,"stop":1761195612129,"duration":1},"status":"passed","steps":[],"attachments":[],"parameters":[],"shouldDisplayMessage":false,"stepsCount":0,"attachmentsCount":0,"hasContent":false,"attachmentStep":false}],"labels":[{"name":"suite","value":"Service Deployment App"},{"name":"parentSuite","value":"E2E Tests"},{"name":"tag","value":"asyncio"},{"name":"tag","value":"class_setup"},{"name":"subSuite","value":"TestE2EServiceDeploymentApp"},{"name":"host","value":"runnervmwhb2z"},{"name":"thread","value":"3582-MainThread"},{"name":"framework","value":"pytest"},{"name":"language","value":"cpython3"},{"name":"package","value":"tests.test_cases.tests_e2e.test_service_deployment_app"},{"name":"resultFormat","value":"allure2"}],"parameters":[],"links":[],"hidden":false,"retry":false,"extra":{"severity":"normal","retries":[],"categories":[{"name":"Product defects","matchedStatuses":[],"flaky":false}],"tags":["asyncio","class_setup"]},"source":"7fa06f7a4a623b95.json","parameterValues":[]}