INFO     [ğŸ”§TEST CONFIG]:conftest.py:89 Loading test configuration
INFO     [ğŸ”§TEST CONFIG]:conftest.py:398 Navigating to: https://console.dev.apolo.us/
INFO     [ğŸ”§TEST CONFIG]:conftest.py:95 Creating data manager
INFO     [ğŸ”§TEST CONFIG]:conftest.py:125 Creating users manager
INFO     [ğŸ”§TEST CONFIG]:conftest.py:111 Creating API helper
INFO     [ğŸ”§TEST CONFIG]:conftest.py:119 Creating Apolo CLI instance
INFO     [ğŸ”§TEST CONFIG]:conftest.py:207 Continue using UserData(email='regression-srlpi7cgzc@apolo.us', username='regression-srlpi7cgzc', password='F7tnLQ0dQAg&') as main test user...
INFO     [ğŸ‘¤UsersManager]:users_manager.py:73 Setting main user to UserData(email='regression-srlpi7cgzc@apolo.us', username='regression-srlpi7cgzc', password='F7tnLQ0dQAg&')
INFO     [ğŸ”§TEST CONFIG]:conftest.py:237 Continue using UserData(email='regression-uvmjps36uu@apolo.us', username='regression-uvmjps36uu', password='61@Q5zn9%5i6') as second test user...
INFO     [ğŸ‘¤UsersManager]:users_manager.py:82 Setting second user to UserData(email='regression-uvmjps36uu@apolo.us', username='regression-uvmjps36uu', password='61@Q5zn9%5i6')
INFO     [ğŸ”§TEST CONFIG]:conftest.py:242 Continue using UserData(email='regression-8ovht1081f@apolo.us', username='regression-8ovht1081f', password='8bMuH^5As@%n') as third test user...
INFO     [ğŸ‘¤UsersManager]:users_manager.py:91 Setting third user to UserData(email='regression-8ovht1081f@apolo.us', username='regression-8ovht1081f', password='8bMuH^5As@%n')
INFO     [ğŸ“˜TEST_INFO]:reporting.py:86 ------------------------------------------------------------
INFO     [ğŸ“˜TEST_INFO]:reporting.py:87 ğŸ“ TEST started: Create First Project from top pane of main via UI
INFO     [ğŸ“˜TEST_INFO]:reporting.py:88 ------------------------------------------------------------
INFO     [ğŸ“˜TEST_INFO]:reporting.py:37 â–¶ï¸ STEP started: Login via UI
INFO     [ğŸ“˜TEST_INFO]:reporting.py:37 â–¶ï¸ STEP started: Verify that Auth page displayed
INFO     [ğŸ­ Playwright]:base_page.py:16 <AuthPage>: Check if page loaded
WARNING  [ğŸ”§TEST CONFIG]:conftest.py:442 [HTTP 200] GET https://api.dev.apolo.us/api/v1/config
Request Body (first 2000 chars):
<not available>
Response Body (first 2000 chars):
{"authorized": false, "auth_url": "https://auth.dev.apolo.us/authorize", "token_url": "https://auth.dev.apolo.us/oauth/token", "logout_url": "https://auth.dev.apolo.us/v2/logout?returnTo=https://console.dev.apolo.us", "client_id": "q3I0OzzGnTDkhRmpeJ7WWgaTCucmVxTL", "audience": "https://api.dev.apolo.us", "callback_urls": ["http://127.0.0.1:54540", "http://127.0.0.1:54541", "http://127.0.0.1:54542"], "headless_callback_url": "https://api.dev.apolo.us/oauth/show-code", "success_redirect_url": "https://api.dev.apolo.us/oauth/login"}
INFO     [ğŸ“˜TEST_INFO]:reporting.py:51 âœ… STEP completed: Verify that Auth page displayed
INFO     [ğŸ“˜TEST_INFO]:reporting.py:225 ğŸ“¸ Screenshot captured and attached (success): /home/runner/work/apolo-test-automation/apolo-test-automation/reports/screenshots/verify_ui_page_displayed_success_3f106e.png
INFO     [ğŸ“˜TEST_INFO]:reporting.py:37 â–¶ï¸ STEP started: Click login button
INFO     [ğŸ­ Playwright]:base_page.py:16 <AuthPage>: Click log in button
INFO     [ğŸ“˜TEST_INFO]:reporting.py:51 âœ… STEP completed: Click login button
INFO     [ğŸ“˜TEST_INFO]:reporting.py:225 ğŸ“¸ Screenshot captured and attached (success): /home/runner/work/apolo-test-automation/apolo-test-automation/reports/screenshots/ui_click_login_button_success_441490.png
INFO     [ğŸ“˜TEST_INFO]:reporting.py:37 â–¶ï¸ STEP started: Verify that Login page displayed
INFO     [ğŸ­ Playwright]:base_page.py:16 <LoginPage>: Check if page is loaded
INFO     [ğŸ“˜TEST_INFO]:reporting.py:51 âœ… STEP completed: Verify that Login page displayed
INFO     [ğŸ“˜TEST_INFO]:reporting.py:225 ğŸ“¸ Screenshot captured and attached (success): /home/runner/work/apolo-test-automation/apolo-test-automation/reports/screenshots/verify_ui_page_displayed_success_08e736.png
INFO     [ğŸ“˜TEST_INFO]:reporting.py:37 â–¶ï¸ STEP started: Enter email
INFO     [ğŸ­ Playwright]:base_page.py:16 <LoginPage>: Enter regression-srlpi7cgzc@apolo.us email
INFO     [ğŸ“˜TEST_INFO]:reporting.py:51 âœ… STEP completed: Enter email
INFO     [ğŸ“˜TEST_INFO]:reporting.py:225 ğŸ“¸ Screenshot captured and attached (success): /home/runner/work/apolo-test-automation/apolo-test-automation/reports/screenshots/ui_enter_email_success_41decf.png
INFO     [ğŸ“˜TEST_INFO]:reporting.py:37 â–¶ï¸ STEP started: Enter password
INFO     [ğŸ­ Playwright]:base_page.py:16 <LoginPage>: Enter ********* password
INFO     [ğŸ“˜TEST_INFO]:reporting.py:51 âœ… STEP completed: Enter password
INFO     [ğŸ“˜TEST_INFO]:reporting.py:225 ğŸ“¸ Screenshot captured and attached (success): /home/runner/work/apolo-test-automation/apolo-test-automation/reports/screenshots/ui_enter_password_success_0543ff.png
INFO     [ğŸ“˜TEST_INFO]:reporting.py:37 â–¶ï¸ STEP started: Click Continue button
INFO     [ğŸ­ Playwright]:base_page.py:16 <LoginPage>: Click continue button
WARNING  [ğŸ”§TEST CONFIG]:conftest.py:442 [HTTP 200] GET https://api.dev.apolo.us/api/v1/config
Request Body (first 2000 chars):
<not available>
Response Body (first 2000 chars):
{"authorized": true, "orgs": [], "clusters": [], "projects": [], "admin_url": "https://api.dev.apolo.us/apis/admin/v1", "auth_url": "https://auth.dev.apolo.us/authorize", "token_url": "https://auth.dev.apolo.us/oauth/token", "logout_url": "https://auth.dev.apolo.us/v2/logout?returnTo=https://console.dev.apolo.us", "client_id": "q3I0OzzGnTDkhRmpeJ7WWgaTCucmVxTL", "audience": "https://api.dev.apolo.us", "callback_urls": ["http://127.0.0.1:54540", "http://127.0.0.1:54541", "http://127.0.0.1:54542"], "headless_callback_url": "https://api.dev.apolo.us/oauth/show-code", "success_redirect_url": "https://api.dev.apolo.us/oauth/login"}
WARNING  [ğŸ”§TEST CONFIG]:conftest.py:442 [HTTP 200] GET https://api.dev.apolo.us/api/v1/users/regression-srlpi7cgzc/permissions?uri=blob:
Request Body (first 2000 chars):
<not available>
Response Body (first 2000 chars):
[]
WARNING  [ğŸ”§TEST CONFIG]:conftest.py:442 [HTTP 200] GET https://api.dev.apolo.us/apis/admin/v1/users/regression-srlpi7cgzc?include=orgs
Request Body (first 2000 chars):
<not available>
Response Body (first 2000 chars):
{"name": "regression-srlpi7cgzc", "email": "regression-srlpi7cgzc@apolo.us", "first_name": null, "last_name": null, "created_at": "2025-11-22T01:31:16.344930+00:00", "terms_accepted": true, "orgs": []}
INFO     [ğŸ­ Playwright]:base_page.py:16 <LoginPage>: Waiting for spinner
INFO     [ğŸ­ Playwright]:base_page.py:16 <LoginPage>: Waiting for spinner to disappear
WARNING  [ğŸ”§TEST CONFIG]:conftest.py:442 [HTTP 200] GET https://api.dev.apolo.us/apis/admin/v1/invites/incoming
Request Body (first 2000 chars):
<not available>
Response Body (first 2000 chars):
[]
WARNING  [ğŸ”§TEST CONFIG]:conftest.py:442 [HTTP 200] GET https://api.dev.apolo.us/apis/admin/v1/users/regression-srlpi7cgzc?include=clusters&include=system_role
Request Body (first 2000 chars):
<not available>
Response Body (first 2000 chars):
{"name": "regression-srlpi7cgzc", "email": "regression-srlpi7cgzc@apolo.us", "first_name": null, "last_name": null, "created_at": "2025-11-22T01:31:16.344930+00:00", "terms_accepted": true, "clusters": []}
INFO     [ğŸ“˜TEST_INFO]:reporting.py:51 âœ… STEP completed: Click Continue button
INFO     [ğŸ“˜TEST_INFO]:reporting.py:225 ğŸ“¸ Screenshot captured and attached (success): /home/runner/work/apolo-test-automation/apolo-test-automation/reports/screenshots/ui_click_continue_button_success_c3a875.png
INFO     [ğŸ“˜TEST_INFO]:reporting.py:37 â–¶ï¸ STEP started: Verify that Welcome new user page displayed
INFO     [ğŸ­ Playwright]:base_page.py:16 <WelcomeNewUserPage>: Check if page loaded
INFO     [ğŸ“˜TEST_INFO]:reporting.py:51 âœ… STEP completed: Verify that Welcome new user page displayed
INFO     [ğŸ“˜TEST_INFO]:reporting.py:225 ğŸ“¸ Screenshot captured and attached (success): /home/runner/work/apolo-test-automation/apolo-test-automation/reports/screenshots/verify_ui_page_displayed_success_153036.png
INFO     [ğŸ“˜TEST_INFO]:reporting.py:51 âœ… STEP completed: Login via UI
INFO     [ğŸ“˜TEST_INFO]:reporting.py:225 ğŸ“¸ Screenshot captured and attached (success): /home/runner/work/apolo-test-automation/apolo-test-automation/reports/screenshots/ui_login_success_fae52d.png
INFO     [ğŸ“˜TEST_INFO]:reporting.py:37 â–¶ï¸ STEP started: Add organization via API and reload page
INFO     [ğŸ”§DATA MANAGER]:test_data.py:56 Added organization: org_name=regression-org-tj9qjruz86to, gherkin_name=Default-organization
INFO     [ğŸŒAPI_helper]:api_helper.py:86 POST https://api.dev.apolo.us/apis/admin/v1/orgs?skip_auto_add_to_clusters=false with data: {'name': 'regression-org-tj9qjruz86to'}
INFO     [ğŸŒAPI_helper]:api_helper.py:214 Add org regression-org-tj9qjruz86to response: {'name': 'regression-org-tj9qjruz86to', 'balance': {'credits': '500', 'spent_credits': '0'}, 'user_default_credits': None, 'notification_intervals': {'balance_projection_seconds': [604800, 259200, 86400], 'balance_amount': [0], 'balance_depletion_seconds': [86400, 604800]}}
INFO     [ğŸ“˜TEST_INFO]:reporting.py:37 â–¶ï¸ STEP started: Reload page
INFO     [ğŸ“˜TEST_INFO]:reporting.py:37 â–¶ï¸ STEP started: Reload page
INFO     [ğŸ­ Playwright]:base_page.py:16 <MainPage>: Waiting for spinner
WARNING  [ğŸ”§TEST CONFIG]:conftest.py:442 [HTTP 200] GET https://api.dev.apolo.us/api/v1/config
Request Body (first 2000 chars):
<not available>
Response Body (first 2000 chars):
{"authorized": true, "orgs": [{"name": "regression-org-tj9qjruz86to", "role": "admin"}], "clusters": [{"name": "default", "registry_url": "https://registry.api.dev.apolo.us", "storage_url": "https://api.dev.apolo.us/api/v1/storage", "monitoring_url": "https://monitoring.api.dev.apolo.us/api/v1/jobs", "secrets_url": "https://api.dev.apolo.us/api/v1/secrets", "metrics_url": "https://grafana.dev.apolo.us", "disks_url": "https://api.dev.apolo.us/api/v1/disk", "buckets_url": "https://api.dev.apolo.us/api/v1/buckets", "resource_pool_types": [{"name": "a2-highgpu-1g", "min_size": 0, "max_size": 10, "cpu": 12.0, "available_cpu": 11.101, "memory": 89629028352, "available_memory": 80898236160, "disk_size": 523982073856, "available_disk_size": 364209683290, "nvidia_gpu": {"count": 1, "model": "NVIDIA-A100-SXM4-40GB", "memory": 42949672960}}, {"name": "a2-highgpu-2g", "min_size": 0, "max_size": 3, "cpu": 24.0, "available_cpu": 23.73, "memory": 179367243776, "available_memory": 168094003200, "disk_size": 523982073856, "available_disk_size": 364209683290, "nvidia_gpu": {"count": 1, "model": "NVIDIA-A100-SXM4-40GB", "memory": 42949672960}}, {"name": "a3-highgpu-1g", "min_size": 0, "max_size": 1, "cpu": 26.0, "available_cpu": 25, "memory": 234000000000, "available_memory": 210600000000, "disk_size": 750000000000, "available_disk_size": 750000000000, "nvidia_gpu": {"count": 1, "model": "NVIDIA-A100-SXM4-80GB", "memory": 85899345920}}, {"name": "default", "min_size": 1, "max_size": 10, "cpu": 4.0, "available_cpu": 3.021, "memory": 16776040448, "available_memory": 12439842560, "disk_size": 101203873792, "available_disk_size": 47060071478}, {"name": "g2-standard-4", "min_size": 0, "max_size": 10, "cpu": 4.0, "available_cpu": 3.63, "memory": 16776052736, "available_memory": 13406978048, "disk_size": 312594247680, "available_disk_size": 173960640047}], "resource_presets": [{"name": "cpu-micro", "credits_per_hour": "3", "cpu": 0.1, "memory": 100000000, "memory_mb": 95, "scheduler_enabled"
WARNING  [ğŸ”§TEST CONFIG]:conftest.py:442 [HTTP 200] GET https://api.dev.apolo.us/api/v1/users/regression-srlpi7cgzc/permissions?uri=blob:
Request Body (first 2000 chars):
<not available>
Response Body (first 2000 chars):
[{"uri": "blob://default/regression-org-tj9qjruz86to", "action": "manage"}]
WARNING  [ğŸ”§TEST CONFIG]:conftest.py:442 [HTTP 200] GET https://api.dev.apolo.us/apis/admin/v1/invites/incoming
Request Body (first 2000 chars):
<not available>
Response Body (first 2000 chars):
[]
INFO     [ğŸ­ Playwright]:base_page.py:16 <MainPage>: Waiting for spinner to disappear
WARNING  [ğŸ”§TEST CONFIG]:conftest.py:442 [HTTP 200] GET https://api.dev.apolo.us/apis/admin/v1/users/regression-srlpi7cgzc?include=orgs
Request Body (first 2000 chars):
<not available>
Response Body (first 2000 chars):
{"name": "regression-srlpi7cgzc", "email": "regression-srlpi7cgzc@apolo.us", "first_name": null, "last_name": null, "created_at": "2025-11-22T01:31:16.344930+00:00", "terms_accepted": true, "orgs": [{"org_name": "regression-org-tj9qjruz86to", "role": "admin", "balance": {"spent_credits": "0"}}]}
WARNING  [ğŸ”§TEST CONFIG]:conftest.py:442 [HTTP 200] GET https://api.dev.apolo.us/apis/admin/v1/users/regression-srlpi7cgzc?include=clusters&include=system_role
Request Body (first 2000 chars):
<not available>
Response Body (first 2000 chars):
{"name": "regression-srlpi7cgzc", "email": "regression-srlpi7cgzc@apolo.us", "first_name": null, "last_name": null, "created_at": "2025-11-22T01:31:16.344930+00:00", "terms_accepted": true, "clusters": [{"cluster_name": "default", "role": "admin", "org_name": "regression-org-tj9qjruz86to", "balance": {"spent_credits": "0"}}]}
WARNING  [ğŸ”§TEST CONFIG]:conftest.py:442 [HTTP 200] GET https://api.dev.apolo.us/apis/apps/v2/templates/tags
Request Body (first 2000 chars):
<not available>
Response Body (first 2000 chars):
["AI","API Proxy","Agent","Apache","Apolo","Apolo Files","BI","Big data","Bundle","Business Intelligence","CLI","Caching","Chat","Container","Container registry","Data","Data processing","DeepSeek","Development","Diffusion","Dify","DockerHub","Document Processing","EDA","ELT","ETL","Embeddings","FastAPI","GPT","GptOSS","Graph","Hugging Face","HuggingFace","IDE","Image generation","Inference","Jupyter","Knowledge Graph","LLM","LLMops","LLaMA","LightRAG","MLOps","Machine Learning","Meta","Mistral","Model Management","NLP","Notebooks","OpenAI","PostgreSQL","Postgres","RAG","RDBMS","Shell","Spark","Stable Diffusion","Storage","Superset","Text","VSCode","Vector Search","Vector search","Vector store","Visualization","Weaviate","Workflow","experiment tracking","mlflow","model registry","vLLM"]
WARNING  [ğŸ”§TEST CONFIG]:conftest.py:442 [HTTP 200] GET https://api.dev.apolo.us/apis/admin/v1/orgs/regression-org-tj9qjruz86to
Request Body (first 2000 chars):
<not available>
Response Body (first 2000 chars):
{"name": "regression-org-tj9qjruz86to", "balance": {"credits": "500", "spent_credits": "0"}, "user_default_credits": null, "notification_intervals": {"balance_projection_seconds": [604800, 259200, 86400], "balance_amount": [0], "balance_depletion_seconds": [86400, 604800]}}
INFO     [ğŸ“˜TEST_INFO]:reporting.py:51 âœ… STEP completed: Reload page
INFO     [ğŸ“˜TEST_INFO]:reporting.py:225 ğŸ“¸ Screenshot captured and attached (success): /home/runner/work/apolo-test-automation/apolo-test-automation/reports/screenshots/ui_reload_page_success_a7ae78.png
INFO     [ğŸ“˜TEST_INFO]:reporting.py:51 âœ… STEP completed: Reload page
INFO     [ğŸ“˜TEST_INFO]:reporting.py:225 ğŸ“¸ Screenshot captured and attached (success): /home/runner/work/apolo-test-automation/apolo-test-automation/reports/screenshots/ui_reload_page_success_aac527.png
INFO     [ğŸ“˜TEST_INFO]:reporting.py:51 âœ… STEP completed: Add organization via API and reload page
INFO     [ğŸ“˜TEST_INFO]:reporting.py:225 ğŸ“¸ Screenshot captured and attached (success): /home/runner/work/apolo-test-automation/apolo-test-automation/reports/screenshots/ui_add_org_api_success_138bdf.png
INFO     [ğŸ“˜TEST_INFO]:reporting.py:37 â–¶ï¸ STEP started: Click Project button on the top pane of the main page
INFO     [ğŸ­ Playwright]:base_page.py:16 <MainPage>: Click create project button on the top pane
INFO     [ğŸ“˜TEST_INFO]:reporting.py:51 âœ… STEP completed: Click Project button on the top pane of the main page
INFO     [ğŸ“˜TEST_INFO]:reporting.py:225 ğŸ“¸ Screenshot captured and attached (success): /home/runner/work/apolo-test-automation/apolo-test-automation/reports/screenshots/ui_click_proj_button_top_pane_success_bd3546.png
INFO     [ğŸ“˜TEST_INFO]:reporting.py:37 â–¶ï¸ STEP started: Verify No project popup displayed
INFO     [ğŸ­ Playwright]:base_page.py:16 <NoProjectPopup>: Check if page loaded
INFO     [ğŸ“˜TEST_INFO]:reporting.py:51 âœ… STEP completed: Verify No project popup displayed
INFO     [ğŸ“˜TEST_INFO]:reporting.py:225 ğŸ“¸ Screenshot captured and attached (success): /home/runner/work/apolo-test-automation/apolo-test-automation/reports/screenshots/verify_ui_popup_displayed_success_251b96.png
INFO     [ğŸ“˜TEST_INFO]:reporting.py:37 â–¶ï¸ STEP started: Click Create new project button
INFO     [ğŸ­ Playwright]:base_page.py:16 <NoProjectPopup>: Click create project button
INFO     [ğŸ“˜TEST_INFO]:reporting.py:51 âœ… STEP completed: Click Create new project button
INFO     [ğŸ“˜TEST_INFO]:reporting.py:225 ğŸ“¸ Screenshot captured and attached (success): /home/runner/work/apolo-test-automation/apolo-test-automation/reports/screenshots/ui_click_create_new_proj_button_success_cbca65.png
INFO     [ğŸ“˜TEST_INFO]:reporting.py:37 â–¶ï¸ STEP started: Verify Create project popup displayed
INFO     [ğŸ­ Playwright]:base_page.py:16 <CreateProjectPopup>: Check if page loaded
INFO     [ğŸ“˜TEST_INFO]:reporting.py:51 âœ… STEP completed: Verify Create project popup displayed
INFO     [ğŸ“˜TEST_INFO]:reporting.py:225 ğŸ“¸ Screenshot captured and attached (success): /home/runner/work/apolo-test-automation/apolo-test-automation/reports/screenshots/verify_ui_popup_displayed_success_1a5faf.png
INFO     [ğŸ“˜TEST_INFO]:reporting.py:37 â–¶ï¸ STEP started: Enter project name
INFO     [ğŸ­ Playwright]:base_page.py:16 <CreateProjectPopup>: Enter new project name regression-proj-loyg8f0vhz
INFO     [ğŸ“˜TEST_INFO]:reporting.py:51 âœ… STEP completed: Enter project name
INFO     [ğŸ“˜TEST_INFO]:reporting.py:225 ğŸ“¸ Screenshot captured and attached (success): /home/runner/work/apolo-test-automation/apolo-test-automation/reports/screenshots/ui_enter_proj_name_success_08529c.png
INFO     [ğŸ“˜TEST_INFO]:reporting.py:37 â–¶ï¸ STEP started: Select user role
INFO     [ğŸ­ Playwright]:base_page.py:16 <CreateProjectPopup>: Select default role Reader
INFO     [ğŸ“˜TEST_INFO]:reporting.py:51 âœ… STEP completed: Select user role
INFO     [ğŸ“˜TEST_INFO]:reporting.py:225 ğŸ“¸ Screenshot captured and attached (success): /home/runner/work/apolo-test-automation/apolo-test-automation/reports/screenshots/ui_select_role_success_643856.png
INFO     [ğŸ“˜TEST_INFO]:reporting.py:37 â–¶ï¸ STEP started: Click Create button
INFO     [ğŸ­ Playwright]:base_page.py:16 <CreateProjectPopup>: Click create button
WARNING  [ğŸ”§TEST CONFIG]:conftest.py:442 [HTTP 404] GET https://api.dev.apolo.us/apis/admin/v1/clusters/default/orgs/regression-org-tj9qjruz86to/projects/regression-proj-loyg8f0vhz
Request Body (first 2000 chars):
<not available>
Response Body (first 2000 chars):
{"error": "Project 'regression-proj-loyg8f0vhz' not found in cluster 'default' in org 'regression-org-tj9qjruz86to'"}
INFO     [ğŸ“˜TEST_INFO]:reporting.py:51 âœ… STEP completed: Click Create button
INFO     [ğŸ“˜TEST_INFO]:reporting.py:225 ğŸ“¸ Screenshot captured and attached (success): /home/runner/work/apolo-test-automation/apolo-test-automation/reports/screenshots/ui_click_create_button_success_f526b0.png
INFO     [ğŸ“˜TEST_INFO]:reporting.py:37 â–¶ï¸ STEP started: Wait for Create project popup disappear
INFO     [ğŸ­ Playwright]:base_page.py:16 <CreateProjectPopup>: Wait for Create project popup to disappear
ERROR    [ğŸ“˜TEST_INFO]:reporting.py:56 âŒ STEP failed: Wait for Create project popup disappear
INFO     [ğŸ“˜TEST_INFO]:reporting.py:225 ğŸ“¸ Screenshot captured and attached (fail): /home/runner/work/apolo-test-automation/apolo-test-automation/reports/screenshots/ui_wait_to_disappear_fail_674d86.png
ERROR    [ğŸ“˜TEST_INFO]:reporting.py:95 âŒ TEST failed: Create First Project from top pane of main via UI
Exception: [TimeoutError] during step: Wait for Create project popup disappear
Message: Locator.wait_for: Timeout 60ms exceeded.
Call log:
  - waiting for locator("h2").filter(has_text="Create Project") to be detached
    3 Ã— locator resolved to visible <h2 class="p-8 text-h4">Create Project</h2>

Note: Playwright Timeout. Element not found or action took too long.
INFO     [ğŸ“˜TEST_INFO]:reporting.py:98 ------------------------------------------------------------
INFO     [ğŸŒAPI_helper]:api_helper.py:54 GET https://api.dev.apolo.us/apis/admin/v1/orgs
INFO     [ğŸŒAPI_helper]:api_helper.py:175 Status: 200. Response: [{'name': 'regression-org-tj9qjruz86to', 'balance': {'credits': '500', 'spent_credits': '0'}, 'user_default_credits': None, 'notification_intervals': {'balance_projection_seconds': [604800, 259200, 86400], 'balance_amount': [0], 'balance_depletion_seconds': [86400, 604800]}}]
INFO     [ğŸ”§TEST CONFIG]:conftest.py:293 Cleaning up 1 organisations
INFO     [ğŸŒAPI_helper]:api_helper.py:54 GET https://api.dev.apolo.us/apis/admin/v1/clusters/default/orgs/regression-org-tj9qjruz86to/projects
INFO     [ğŸŒAPI_helper]:api_helper.py:182 Status: 200. Response: []
INFO     [ğŸ”§TEST CONFIG]:conftest.py:310 Cleaning up 0 projects
INFO     [ğŸŒAPI_helper]:api_helper.py:189 Delete organization response: <ClientResponse(https://api.dev.apolo.us/apis/admin/v1/orgs/regression-org-tj9qjruz86to) [200 OK]>
<CIMultiDictProxy('Access-Control-Allow-Credentials': 'true', 'Content-Length': '274', 'Content-Type': 'application/json; charset=utf-8', 'Date': 'Sat, 22 Nov 2025 02:53:12 GMT', 'Server': 'Python/3.13 aiohttp/3.13.2', 'Vary': 'Origin', 'X-Service-Version': 'platform-admin/0.0.0.post1.dev0+85b4bcf')>

INFO     [ğŸ”§TEST CONFIG]:conftest.py:329 Deleted organisation: regression-org-tj9qjruz86to
INFO     [ğŸ”§TEST CONFIG]:conftest.py:334 Closing all browser sessions
INFO     [ğŸ”§TEST CONFIG]:conftest.py:349 Closed context
INFO     [ğŸ”§TEST CONFIG]:conftest.py:356 Closed browser
INFO     [ğŸ”§TEST CONFIG]:conftest.py:362 Stopped Playwright
INFO     [ğŸ”§TEST CONFIG]:conftest.py:367 Browser cleanup finished
INFO     [ğŸ”§TEST CONFIG]:conftest.py:89 Loading test configuration
INFO     [ğŸ”§TEST CONFIG]:conftest.py:398 Navigating to: https://console.dev.apolo.us/
INFO     [ğŸ”§TEST CONFIG]:conftest.py:95 Creating data manager
INFO     [ğŸ”§TEST CONFIG]:conftest.py:125 Creating users manager
INFO     [ğŸ”§TEST CONFIG]:conftest.py:111 Creating API helper
INFO     [ğŸ”§TEST CONFIG]:conftest.py:119 Creating Apolo CLI instance
INFO     [ğŸ”§TEST CONFIG]:conftest.py:207 Continue using UserData(email='regression-srlpi7cgzc@apolo.us', username='regression-srlpi7cgzc', password='F7tnLQ0dQAg&') as main test user...
INFO     [ğŸ‘¤UsersManager]:users_manager.py:73 Setting main user to UserData(email='regression-srlpi7cgzc@apolo.us', username='regression-srlpi7cgzc', password='F7tnLQ0dQAg&')
INFO     [ğŸ”§TEST CONFIG]:conftest.py:237 Continue using UserData(email='regression-uvmjps36uu@apolo.us', username='regression-uvmjps36uu', password='61@Q5zn9%5i6') as second test user...
INFO     [ğŸ‘¤UsersManager]:users_manager.py:82 Setting second user to UserData(email='regression-uvmjps36uu@apolo.us', username='regression-uvmjps36uu', password='61@Q5zn9%5i6')
INFO     [ğŸ”§TEST CONFIG]:conftest.py:242 Continue using UserData(email='regression-8ovht1081f@apolo.us', username='regression-8ovht1081f', password='8bMuH^5As@%n') as third test user...
INFO     [ğŸ‘¤UsersManager]:users_manager.py:91 Setting third user to UserData(email='regression-8ovht1081f@apolo.us', username='regression-8ovht1081f', password='8bMuH^5As@%n')
INFO     [ğŸ“˜TEST_INFO]:reporting.py:86 ------------------------------------------------------------
INFO     [ğŸ“˜TEST_INFO]:reporting.py:87 ğŸ“ TEST started: Create First Project from top pane of main via UI
INFO     [ğŸ“˜TEST_INFO]:reporting.py:88 ------------------------------------------------------------
INFO     [ğŸ“˜TEST_INFO]:reporting.py:37 â–¶ï¸ STEP started: Login via UI
INFO     [ğŸ“˜TEST_INFO]:reporting.py:37 â–¶ï¸ STEP started: Verify that Auth page displayed
INFO     [ğŸ­ Playwright]:base_page.py:16 <AuthPage>: Check if page loaded
WARNING  [ğŸ”§TEST CONFIG]:conftest.py:442 [HTTP 200] GET https://api.dev.apolo.us/api/v1/config
Request Body (first 2000 chars):
<not available>
Response Body (first 2000 chars):
{"authorized": false, "auth_url": "https://auth.dev.apolo.us/authorize", "token_url": "https://auth.dev.apolo.us/oauth/token", "logout_url": "https://auth.dev.apolo.us/v2/logout?returnTo=https://console.dev.apolo.us", "client_id": "q3I0OzzGnTDkhRmpeJ7WWgaTCucmVxTL", "audience": "https://api.dev.apolo.us", "callback_urls": ["http://127.0.0.1:54540", "http://127.0.0.1:54541", "http://127.0.0.1:54542"], "headless_callback_url": "https://api.dev.apolo.us/oauth/show-code", "success_redirect_url": "https://api.dev.apolo.us/oauth/login"}
INFO     [ğŸ“˜TEST_INFO]:reporting.py:51 âœ… STEP completed: Verify that Auth page displayed
INFO     [ğŸ“˜TEST_INFO]:reporting.py:225 ğŸ“¸ Screenshot captured and attached (success): /home/runner/work/apolo-test-automation/apolo-test-automation/reports/screenshots/verify_ui_page_displayed_success_9f515c.png
INFO     [ğŸ“˜TEST_INFO]:reporting.py:37 â–¶ï¸ STEP started: Click login button
INFO     [ğŸ­ Playwright]:base_page.py:16 <AuthPage>: Click log in button
INFO     [ğŸ“˜TEST_INFO]:reporting.py:51 âœ… STEP completed: Click login button
INFO     [ğŸ“˜TEST_INFO]:reporting.py:225 ğŸ“¸ Screenshot captured and attached (success): /home/runner/work/apolo-test-automation/apolo-test-automation/reports/screenshots/ui_click_login_button_success_cfe47e.png
INFO     [ğŸ“˜TEST_INFO]:reporting.py:37 â–¶ï¸ STEP started: Verify that Login page displayed
INFO     [ğŸ­ Playwright]:base_page.py:16 <LoginPage>: Check if page is loaded
INFO     [ğŸ“˜TEST_INFO]:reporting.py:51 âœ… STEP completed: Verify that Login page displayed
INFO     [ğŸ“˜TEST_INFO]:reporting.py:225 ğŸ“¸ Screenshot captured and attached (success): /home/runner/work/apolo-test-automation/apolo-test-automation/reports/screenshots/verify_ui_page_displayed_success_a4f0a5.png
INFO     [ğŸ“˜TEST_INFO]:reporting.py:37 â–¶ï¸ STEP started: Enter email
INFO     [ğŸ­ Playwright]:base_page.py:16 <LoginPage>: Enter regression-srlpi7cgzc@apolo.us email
INFO     [ğŸ“˜TEST_INFO]:reporting.py:51 âœ… STEP completed: Enter email
INFO     [ğŸ“˜TEST_INFO]:reporting.py:225 ğŸ“¸ Screenshot captured and attached (success): /home/runner/work/apolo-test-automation/apolo-test-automation/reports/screenshots/ui_enter_email_success_9b65e1.png
INFO     [ğŸ“˜TEST_INFO]:reporting.py:37 â–¶ï¸ STEP started: Enter password
INFO     [ğŸ­ Playwright]:base_page.py:16 <LoginPage>: Enter ********* password
INFO     [ğŸ“˜TEST_INFO]:reporting.py:51 âœ… STEP completed: Enter password
INFO     [ğŸ“˜TEST_INFO]:reporting.py:225 ğŸ“¸ Screenshot captured and attached (success): /home/runner/work/apolo-test-automation/apolo-test-automation/reports/screenshots/ui_enter_password_success_1c5239.png
INFO     [ğŸ“˜TEST_INFO]:reporting.py:37 â–¶ï¸ STEP started: Click Continue button
INFO     [ğŸ­ Playwright]:base_page.py:16 <LoginPage>: Click continue button
WARNING  [ğŸ”§TEST CONFIG]:conftest.py:442 [HTTP 200] GET https://api.dev.apolo.us/api/v1/config
Request Body (first 2000 chars):
<not available>
Response Body (first 2000 chars):
{"authorized": true, "orgs": [], "clusters": [], "projects": [], "admin_url": "https://api.dev.apolo.us/apis/admin/v1", "auth_url": "https://auth.dev.apolo.us/authorize", "token_url": "https://auth.dev.apolo.us/oauth/token", "logout_url": "https://auth.dev.apolo.us/v2/logout?returnTo=https://console.dev.apolo.us", "client_id": "q3I0OzzGnTDkhRmpeJ7WWgaTCucmVxTL", "audience": "https://api.dev.apolo.us", "callback_urls": ["http://127.0.0.1:54540", "http://127.0.0.1:54541", "http://127.0.0.1:54542"], "headless_callback_url": "https://api.dev.apolo.us/oauth/show-code", "success_redirect_url": "https://api.dev.apolo.us/oauth/login"}
WARNING  [ğŸ”§TEST CONFIG]:conftest.py:442 [HTTP 200] GET https://api.dev.apolo.us/api/v1/users/regression-srlpi7cgzc/permissions?uri=blob:
Request Body (first 2000 chars):
<not available>
Response Body (first 2000 chars):
[]
WARNING  [ğŸ”§TEST CONFIG]:conftest.py:442 [HTTP 200] GET https://api.dev.apolo.us/apis/admin/v1/users/regression-srlpi7cgzc?include=orgs
Request Body (first 2000 chars):
<not available>
Response Body (first 2000 chars):
{"name": "regression-srlpi7cgzc", "email": "regression-srlpi7cgzc@apolo.us", "first_name": null, "last_name": null, "created_at": "2025-11-22T01:31:16.344930+00:00", "terms_accepted": true, "orgs": []}
WARNING  [ğŸ”§TEST CONFIG]:conftest.py:442 [HTTP 200] GET https://api.dev.apolo.us/apis/admin/v1/users/regression-srlpi7cgzc?include=clusters&include=system_role
Request Body (first 2000 chars):
<not available>
Response Body (first 2000 chars):
{"name": "regression-srlpi7cgzc", "email": "regression-srlpi7cgzc@apolo.us", "first_name": null, "last_name": null, "created_at": "2025-11-22T01:31:16.344930+00:00", "terms_accepted": true, "clusters": []}
WARNING  [ğŸ”§TEST CONFIG]:conftest.py:442 [HTTP 200] GET https://api.dev.apolo.us/apis/admin/v1/invites/incoming
Request Body (first 2000 chars):
<not available>
Response Body (first 2000 chars):
[]
INFO     [ğŸ­ Playwright]:base_page.py:16 <LoginPage>: Waiting for spinner
INFO     [ğŸ­ Playwright]:base_page.py:16 <LoginPage>: Timeout error for spinner
INFO     [ğŸ“˜TEST_INFO]:reporting.py:51 âœ… STEP completed: Click Continue button
INFO     [ğŸ“˜TEST_INFO]:reporting.py:225 ğŸ“¸ Screenshot captured and attached (success): /home/runner/work/apolo-test-automation/apolo-test-automation/reports/screenshots/ui_click_continue_button_success_6aafa9.png
INFO     [ğŸ“˜TEST_INFO]:reporting.py:37 â–¶ï¸ STEP started: Verify that Welcome new user page displayed
INFO     [ğŸ­ Playwright]:base_page.py:16 <WelcomeNewUserPage>: Check if page loaded
INFO     [ğŸ“˜TEST_INFO]:reporting.py:51 âœ… STEP completed: Verify that Welcome new user page displayed
INFO     [ğŸ“˜TEST_INFO]:reporting.py:225 ğŸ“¸ Screenshot captured and attached (success): /home/runner/work/apolo-test-automation/apolo-test-automation/reports/screenshots/verify_ui_page_displayed_success_023079.png
INFO     [ğŸ“˜TEST_INFO]:reporting.py:51 âœ… STEP completed: Login via UI
INFO     [ğŸ“˜TEST_INFO]:reporting.py:225 ğŸ“¸ Screenshot captured and attached (success): /home/runner/work/apolo-test-automation/apolo-test-automation/reports/screenshots/ui_login_success_f63754.png
INFO     [ğŸ“˜TEST_INFO]:reporting.py:37 â–¶ï¸ STEP started: Add organization via API and reload page
INFO     [ğŸ”§DATA MANAGER]:test_data.py:56 Added organization: org_name=regression-org-19phr0ehojx3, gherkin_name=Default-organization
INFO     [ğŸŒAPI_helper]:api_helper.py:86 POST https://api.dev.apolo.us/apis/admin/v1/orgs?skip_auto_add_to_clusters=false with data: {'name': 'regression-org-19phr0ehojx3'}
INFO     [ğŸŒAPI_helper]:api_helper.py:214 Add org regression-org-19phr0ehojx3 response: {'name': 'regression-org-19phr0ehojx3', 'balance': {'credits': '500', 'spent_credits': '0'}, 'user_default_credits': None, 'notification_intervals': {'balance_projection_seconds': [604800, 259200, 86400], 'balance_amount': [0], 'balance_depletion_seconds': [86400, 604800]}}
INFO     [ğŸ“˜TEST_INFO]:reporting.py:37 â–¶ï¸ STEP started: Reload page
INFO     [ğŸ“˜TEST_INFO]:reporting.py:37 â–¶ï¸ STEP started: Reload page
INFO     [ğŸ­ Playwright]:base_page.py:16 <MainPage>: Waiting for spinner
WARNING  [ğŸ”§TEST CONFIG]:conftest.py:442 [HTTP 200] GET https://api.dev.apolo.us/api/v1/config
Request Body (first 2000 chars):
<not available>
Response Body (first 2000 chars):
{"authorized": true, "orgs": [{"name": "regression-org-19phr0ehojx3", "role": "admin"}], "clusters": [{"name": "default", "registry_url": "https://registry.api.dev.apolo.us", "storage_url": "https://api.dev.apolo.us/api/v1/storage", "monitoring_url": "https://monitoring.api.dev.apolo.us/api/v1/jobs", "secrets_url": "https://api.dev.apolo.us/api/v1/secrets", "metrics_url": "https://grafana.dev.apolo.us", "disks_url": "https://api.dev.apolo.us/api/v1/disk", "buckets_url": "https://api.dev.apolo.us/api/v1/buckets", "resource_pool_types": [{"name": "a2-highgpu-1g", "min_size": 0, "max_size": 10, "cpu": 12.0, "available_cpu": 11.101, "memory": 89629028352, "available_memory": 80898236160, "disk_size": 523982073856, "available_disk_size": 364209683290, "nvidia_gpu": {"count": 1, "model": "NVIDIA-A100-SXM4-40GB", "memory": 42949672960}}, {"name": "a2-highgpu-2g", "min_size": 0, "max_size": 3, "cpu": 24.0, "available_cpu": 23.73, "memory": 179367243776, "available_memory": 168094003200, "disk_size": 523982073856, "available_disk_size": 364209683290, "nvidia_gpu": {"count": 1, "model": "NVIDIA-A100-SXM4-40GB", "memory": 42949672960}}, {"name": "a3-highgpu-1g", "min_size": 0, "max_size": 1, "cpu": 26.0, "available_cpu": 25, "memory": 234000000000, "available_memory": 210600000000, "disk_size": 750000000000, "available_disk_size": 750000000000, "nvidia_gpu": {"count": 1, "model": "NVIDIA-A100-SXM4-80GB", "memory": 85899345920}}, {"name": "default", "min_size": 1, "max_size": 10, "cpu": 4.0, "available_cpu": 3.021, "memory": 16776040448, "available_memory": 12439842560, "disk_size": 101203873792, "available_disk_size": 47060071478}, {"name": "g2-standard-4", "min_size": 0, "max_size": 10, "cpu": 4.0, "available_cpu": 3.63, "memory": 16776052736, "available_memory": 13406978048, "disk_size": 312594247680, "available_disk_size": 173960640047}], "resource_presets": [{"name": "cpu-micro", "credits_per_hour": "3", "cpu": 0.1, "memory": 100000000, "memory_mb": 95, "scheduler_enabled"
INFO     [ğŸ­ Playwright]:base_page.py:16 <MainPage>: Waiting for spinner to disappear
WARNING  [ğŸ”§TEST CONFIG]:conftest.py:442 [HTTP 200] GET https://api.dev.apolo.us/apis/admin/v1/users/regression-srlpi7cgzc?include=clusters&include=system_role
Request Body (first 2000 chars):
<not available>
Response Body (first 2000 chars):
{"name": "regression-srlpi7cgzc", "email": "regression-srlpi7cgzc@apolo.us", "first_name": null, "last_name": null, "created_at": "2025-11-22T01:31:16.344930+00:00", "terms_accepted": true, "clusters": [{"cluster_name": "default", "role": "admin", "org_name": "regression-org-19phr0ehojx3", "balance": {"spent_credits": "0"}}]}
WARNING  [ğŸ”§TEST CONFIG]:conftest.py:442 [HTTP 200] GET https://api.dev.apolo.us/api/v1/users/regression-srlpi7cgzc/permissions?uri=blob:
Request Body (first 2000 chars):
<not available>
Response Body (first 2000 chars):
[{"uri": "blob://default/regression-org-19phr0ehojx3", "action": "manage"}]
WARNING  [ğŸ”§TEST CONFIG]:conftest.py:442 [HTTP 200] GET https://api.dev.apolo.us/apis/admin/v1/invites/incoming
Request Body (first 2000 chars):
<not available>
Response Body (first 2000 chars):
[]
WARNING  [ğŸ”§TEST CONFIG]:conftest.py:442 [HTTP 200] GET https://api.dev.apolo.us/apis/admin/v1/users/regression-srlpi7cgzc?include=orgs
Request Body (first 2000 chars):
<not available>
Response Body (first 2000 chars):
{"name": "regression-srlpi7cgzc", "email": "regression-srlpi7cgzc@apolo.us", "first_name": null, "last_name": null, "created_at": "2025-11-22T01:31:16.344930+00:00", "terms_accepted": true, "orgs": [{"org_name": "regression-org-19phr0ehojx3", "role": "admin", "balance": {"spent_credits": "0"}}]}
WARNING  [ğŸ”§TEST CONFIG]:conftest.py:442 [HTTP 200] GET https://api.dev.apolo.us/apis/admin/v1/orgs/regression-org-19phr0ehojx3
Request Body (first 2000 chars):
<not available>
Response Body (first 2000 chars):
{"name": "regression-org-19phr0ehojx3", "balance": {"credits": "500", "spent_credits": "0"}, "user_default_credits": null, "notification_intervals": {"balance_projection_seconds": [604800, 259200, 86400], "balance_amount": [0], "balance_depletion_seconds": [86400, 604800]}}
INFO     [ğŸ“˜TEST_INFO]:reporting.py:51 âœ… STEP completed: Reload page
WARNING  [ğŸ”§TEST CONFIG]:conftest.py:442 [HTTP 200] GET https://api.dev.apolo.us/apis/apps/v2/templates/tags
Request Body (first 2000 chars):
<not available>
Response Body (first 2000 chars):
["AI","API Proxy","Agent","Apache","Apolo","Apolo Files","BI","Big data","Bundle","Business Intelligence","CLI","Caching","Chat","Container","Container registry","Data","Data processing","DeepSeek","Development","Diffusion","Dify","DockerHub","Document Processing","EDA","ELT","ETL","Embeddings","FastAPI","GPT","GptOSS","Graph","Hugging Face","HuggingFace","IDE","Image generation","Inference","Jupyter","Knowledge Graph","LLM","LLMops","LLaMA","LightRAG","MLOps","Machine Learning","Meta","Mistral","Model Management","NLP","Notebooks","OpenAI","PostgreSQL","Postgres","RAG","RDBMS","Shell","Spark","Stable Diffusion","Storage","Superset","Text","VSCode","Vector Search","Vector search","Vector store","Visualization","Weaviate","Workflow","experiment tracking","mlflow","model registry","vLLM"]
INFO     [ğŸ“˜TEST_INFO]:reporting.py:225 ğŸ“¸ Screenshot captured and attached (success): /home/runner/work/apolo-test-automation/apolo-test-automation/reports/screenshots/ui_reload_page_success_8141fa.png
INFO     [ğŸ“˜TEST_INFO]:reporting.py:51 âœ… STEP completed: Reload page
INFO     [ğŸ“˜TEST_INFO]:reporting.py:225 ğŸ“¸ Screenshot captured and attached (success): /home/runner/work/apolo-test-automation/apolo-test-automation/reports/screenshots/ui_reload_page_success_c7b00c.png
INFO     [ğŸ“˜TEST_INFO]:reporting.py:51 âœ… STEP completed: Add organization via API and reload page
INFO     [ğŸ“˜TEST_INFO]:reporting.py:225 ğŸ“¸ Screenshot captured and attached (success): /home/runner/work/apolo-test-automation/apolo-test-automation/reports/screenshots/ui_add_org_api_success_719add.png
INFO     [ğŸ“˜TEST_INFO]:reporting.py:37 â–¶ï¸ STEP started: Click Project button on the top pane of the main page
INFO     [ğŸ­ Playwright]:base_page.py:16 <MainPage>: Click create project button on the top pane
INFO     [ğŸ“˜TEST_INFO]:reporting.py:51 âœ… STEP completed: Click Project button on the top pane of the main page
INFO     [ğŸ“˜TEST_INFO]:reporting.py:225 ğŸ“¸ Screenshot captured and attached (success): /home/runner/work/apolo-test-automation/apolo-test-automation/reports/screenshots/ui_click_proj_button_top_pane_success_2392eb.png
INFO     [ğŸ“˜TEST_INFO]:reporting.py:37 â–¶ï¸ STEP started: Verify No project popup displayed
INFO     [ğŸ­ Playwright]:base_page.py:16 <NoProjectPopup>: Check if page loaded
INFO     [ğŸ“˜TEST_INFO]:reporting.py:51 âœ… STEP completed: Verify No project popup displayed
INFO     [ğŸ“˜TEST_INFO]:reporting.py:225 ğŸ“¸ Screenshot captured and attached (success): /home/runner/work/apolo-test-automation/apolo-test-automation/reports/screenshots/verify_ui_popup_displayed_success_081f4a.png
INFO     [ğŸ“˜TEST_INFO]:reporting.py:37 â–¶ï¸ STEP started: Click Create new project button
INFO     [ğŸ­ Playwright]:base_page.py:16 <NoProjectPopup>: Click create project button
INFO     [ğŸ“˜TEST_INFO]:reporting.py:51 âœ… STEP completed: Click Create new project button
INFO     [ğŸ“˜TEST_INFO]:reporting.py:225 ğŸ“¸ Screenshot captured and attached (success): /home/runner/work/apolo-test-automation/apolo-test-automation/reports/screenshots/ui_click_create_new_proj_button_success_d68db6.png
INFO     [ğŸ“˜TEST_INFO]:reporting.py:37 â–¶ï¸ STEP started: Verify Create project popup displayed
INFO     [ğŸ­ Playwright]:base_page.py:16 <CreateProjectPopup>: Check if page loaded
INFO     [ğŸ“˜TEST_INFO]:reporting.py:51 âœ… STEP completed: Verify Create project popup displayed
INFO     [ğŸ“˜TEST_INFO]:reporting.py:225 ğŸ“¸ Screenshot captured and attached (success): /home/runner/work/apolo-test-automation/apolo-test-automation/reports/screenshots/verify_ui_popup_displayed_success_ce646b.png
INFO     [ğŸ“˜TEST_INFO]:reporting.py:37 â–¶ï¸ STEP started: Enter project name
INFO     [ğŸ­ Playwright]:base_page.py:16 <CreateProjectPopup>: Enter new project name regression-proj-aizu7n27tv
INFO     [ğŸ“˜TEST_INFO]:reporting.py:51 âœ… STEP completed: Enter project name
INFO     [ğŸ“˜TEST_INFO]:reporting.py:225 ğŸ“¸ Screenshot captured and attached (success): /home/runner/work/apolo-test-automation/apolo-test-automation/reports/screenshots/ui_enter_proj_name_success_6703d8.png
INFO     [ğŸ“˜TEST_INFO]:reporting.py:37 â–¶ï¸ STEP started: Select user role
INFO     [ğŸ­ Playwright]:base_page.py:16 <CreateProjectPopup>: Select default role Reader
INFO     [ğŸ“˜TEST_INFO]:reporting.py:51 âœ… STEP completed: Select user role
INFO     [ğŸ“˜TEST_INFO]:reporting.py:225 ğŸ“¸ Screenshot captured and attached (success): /home/runner/work/apolo-test-automation/apolo-test-automation/reports/screenshots/ui_select_role_success_da75c2.png
INFO     [ğŸ“˜TEST_INFO]:reporting.py:37 â–¶ï¸ STEP started: Click Create button
INFO     [ğŸ­ Playwright]:base_page.py:16 <CreateProjectPopup>: Click create button
WARNING  [ğŸ”§TEST CONFIG]:conftest.py:442 [HTTP 404] GET https://api.dev.apolo.us/apis/admin/v1/clusters/default/orgs/regression-org-19phr0ehojx3/projects/regression-proj-aizu7n27tv
Request Body (first 2000 chars):
<not available>
Response Body (first 2000 chars):
{"error": "Project 'regression-proj-aizu7n27tv' not found in cluster 'default' in org 'regression-org-19phr0ehojx3'"}
INFO     [ğŸ“˜TEST_INFO]:reporting.py:51 âœ… STEP completed: Click Create button
INFO     [ğŸ“˜TEST_INFO]:reporting.py:225 ğŸ“¸ Screenshot captured and attached (success): /home/runner/work/apolo-test-automation/apolo-test-automation/reports/screenshots/ui_click_create_button_success_4be6bc.png
INFO     [ğŸ“˜TEST_INFO]:reporting.py:37 â–¶ï¸ STEP started: Wait for Create project popup disappear
INFO     [ğŸ­ Playwright]:base_page.py:16 <CreateProjectPopup>: Wait for Create project popup to disappear
ERROR    [ğŸ“˜TEST_INFO]:reporting.py:56 âŒ STEP failed: Wait for Create project popup disappear
INFO     [ğŸ“˜TEST_INFO]:reporting.py:225 ğŸ“¸ Screenshot captured and attached (fail): /home/runner/work/apolo-test-automation/apolo-test-automation/reports/screenshots/ui_wait_to_disappear_fail_1fa20c.png
ERROR    [ğŸ“˜TEST_INFO]:reporting.py:95 âŒ TEST failed: Create First Project from top pane of main via UI
Exception: [TimeoutError] during step: Wait for Create project popup disappear
Message: Locator.wait_for: Timeout 60ms exceeded.
Call log:
  - waiting for locator("h2").filter(has_text="Create Project") to be detached
    3 Ã— locator resolved to visible <h2 class="p-8 text-h4">Create Project</h2>

Note: Playwright Timeout. Element not found or action took too long.
INFO     [ğŸ“˜TEST_INFO]:reporting.py:98 ------------------------------------------------------------
INFO     [ğŸŒAPI_helper]:api_helper.py:54 GET https://api.dev.apolo.us/apis/admin/v1/orgs
INFO     [ğŸŒAPI_helper]:api_helper.py:175 Status: 200. Response: [{'name': 'regression-org-19phr0ehojx3', 'balance': {'credits': '500', 'spent_credits': '0'}, 'user_default_credits': None, 'notification_intervals': {'balance_projection_seconds': [604800, 259200, 86400], 'balance_amount': [0], 'balance_depletion_seconds': [86400, 604800]}}]
INFO     [ğŸ”§TEST CONFIG]:conftest.py:293 Cleaning up 1 organisations
INFO     [ğŸŒAPI_helper]:api_helper.py:54 GET https://api.dev.apolo.us/apis/admin/v1/clusters/default/orgs/regression-org-19phr0ehojx3/projects
INFO     [ğŸŒAPI_helper]:api_helper.py:182 Status: 200. Response: []
INFO     [ğŸ”§TEST CONFIG]:conftest.py:310 Cleaning up 0 projects
INFO     [ğŸŒAPI_helper]:api_helper.py:189 Delete organization response: <ClientResponse(https://api.dev.apolo.us/apis/admin/v1/orgs/regression-org-19phr0ehojx3) [200 OK]>
<CIMultiDictProxy('Access-Control-Allow-Credentials': 'true', 'Content-Length': '274', 'Content-Type': 'application/json; charset=utf-8', 'Date': 'Sat, 22 Nov 2025 02:54:43 GMT', 'Server': 'Python/3.13 aiohttp/3.13.2', 'Vary': 'Origin', 'X-Service-Version': 'platform-admin/0.0.0.post1.dev0+85b4bcf')>

INFO     [ğŸ”§TEST CONFIG]:conftest.py:329 Deleted organisation: regression-org-19phr0ehojx3
INFO     [ğŸ”§TEST CONFIG]:conftest.py:334 Closing all browser sessions
INFO     [ğŸ”§TEST CONFIG]:conftest.py:349 Closed context
INFO     [ğŸ”§TEST CONFIG]:conftest.py:356 Closed browser
INFO     [ğŸ”§TEST CONFIG]:conftest.py:362 Stopped Playwright
INFO     [ğŸ”§TEST CONFIG]:conftest.py:367 Browser cleanup finished