INFO     [ğŸ”§TEST CONFIG]:conftest.py:89 Loading test configuration
INFO     [ğŸ”§TEST CONFIG]:conftest.py:398 Navigating to: https://console.dev.apolo.us/
INFO     [ğŸ”§TEST CONFIG]:conftest.py:95 Creating data manager
INFO     [ğŸ”§TEST CONFIG]:conftest.py:125 Creating users manager
INFO     [ğŸ”§TEST CONFIG]:conftest.py:111 Creating API helper
INFO     [ğŸ”§TEST CONFIG]:conftest.py:119 Creating Apolo CLI instance
INFO     [ğŸ”§TEST CONFIG]:conftest.py:207 Continue using UserData(email='regression-nmbri0jckf@apolo.us', username='regression-nmbri0jckf', password='%i67R2k!fW42') as main test user...
INFO     [ğŸ‘¤UsersManager]:users_manager.py:73 Setting main user to UserData(email='regression-nmbri0jckf@apolo.us', username='regression-nmbri0jckf', password='%i67R2k!fW42')
INFO     [ğŸ”§TEST CONFIG]:conftest.py:237 Continue using UserData(email='regression-nl5ifkf0qd@apolo.us', username='regression-nl5ifkf0qd', password='DUsA5bhzN7Zu') as second test user...
INFO     [ğŸ‘¤UsersManager]:users_manager.py:82 Setting second user to UserData(email='regression-nl5ifkf0qd@apolo.us', username='regression-nl5ifkf0qd', password='DUsA5bhzN7Zu')
INFO     [ğŸ“˜TEST_INFO]:reporting.py:86 ------------------------------------------------------------
INFO     [ğŸ“˜TEST_INFO]:reporting.py:87 ğŸ“ TEST started: Verify Admin can remove another Admin from project
INFO     [ğŸ“˜TEST_INFO]:reporting.py:88 ------------------------------------------------------------
INFO     [ğŸ“˜TEST_INFO]:reporting.py:37 â–¶ï¸ STEP started: Login via UI
INFO     [ğŸ“˜TEST_INFO]:reporting.py:37 â–¶ï¸ STEP started: Verify that Auth page displayed
INFO     [ğŸ­ Playwright]:base_page.py:16 <AuthPage>: Check if page loaded
WARNING  [ğŸ”§TEST CONFIG]:conftest.py:442 [HTTP 200] GET https://api.dev.apolo.us/api/v1/config
Request Body (first 2000 chars):
<not available>
Response Body (first 2000 chars):
{"authorized": false, "auth_url": "https://auth.dev.apolo.us/authorize", "token_url": "https://auth.dev.apolo.us/oauth/token", "logout_url": "https://auth.dev.apolo.us/v2/logout?returnTo=https://console.dev.apolo.us", "client_id": "q3I0OzzGnTDkhRmpeJ7WWgaTCucmVxTL", "audience": "https://api.dev.apolo.us", "callback_urls": ["http://127.0.0.1:54540", "http://127.0.0.1:54541", "http://127.0.0.1:54542"], "headless_callback_url": "https://api.dev.apolo.us/oauth/show-code", "success_redirect_url": "https://api.dev.apolo.us/oauth/login"}
INFO     [ğŸ“˜TEST_INFO]:reporting.py:51 âœ… STEP completed: Verify that Auth page displayed
INFO     [ğŸ“˜TEST_INFO]:reporting.py:225 ğŸ“¸ Screenshot captured and attached (success): /home/runner/work/apolo-test-automation/apolo-test-automation/reports/screenshots/verify_ui_page_displayed_success_230152.png
INFO     [ğŸ“˜TEST_INFO]:reporting.py:37 â–¶ï¸ STEP started: Click login button
INFO     [ğŸ­ Playwright]:base_page.py:16 <AuthPage>: Click log in button
INFO     [ğŸ“˜TEST_INFO]:reporting.py:51 âœ… STEP completed: Click login button
INFO     [ğŸ“˜TEST_INFO]:reporting.py:225 ğŸ“¸ Screenshot captured and attached (success): /home/runner/work/apolo-test-automation/apolo-test-automation/reports/screenshots/ui_click_login_button_success_c0a770.png
INFO     [ğŸ“˜TEST_INFO]:reporting.py:37 â–¶ï¸ STEP started: Verify that Login page displayed
INFO     [ğŸ­ Playwright]:base_page.py:16 <LoginPage>: Check if page is loaded
INFO     [ğŸ“˜TEST_INFO]:reporting.py:51 âœ… STEP completed: Verify that Login page displayed
INFO     [ğŸ“˜TEST_INFO]:reporting.py:225 ğŸ“¸ Screenshot captured and attached (success): /home/runner/work/apolo-test-automation/apolo-test-automation/reports/screenshots/verify_ui_page_displayed_success_907519.png
INFO     [ğŸ“˜TEST_INFO]:reporting.py:37 â–¶ï¸ STEP started: Enter email
INFO     [ğŸ­ Playwright]:base_page.py:16 <LoginPage>: Enter regression-nmbri0jckf@apolo.us email
INFO     [ğŸ“˜TEST_INFO]:reporting.py:51 âœ… STEP completed: Enter email
INFO     [ğŸ“˜TEST_INFO]:reporting.py:225 ğŸ“¸ Screenshot captured and attached (success): /home/runner/work/apolo-test-automation/apolo-test-automation/reports/screenshots/ui_enter_email_success_138bea.png
INFO     [ğŸ“˜TEST_INFO]:reporting.py:37 â–¶ï¸ STEP started: Enter password
INFO     [ğŸ­ Playwright]:base_page.py:16 <LoginPage>: Enter ********* password
INFO     [ğŸ“˜TEST_INFO]:reporting.py:51 âœ… STEP completed: Enter password
INFO     [ğŸ“˜TEST_INFO]:reporting.py:225 ğŸ“¸ Screenshot captured and attached (success): /home/runner/work/apolo-test-automation/apolo-test-automation/reports/screenshots/ui_enter_password_success_c0c475.png
INFO     [ğŸ“˜TEST_INFO]:reporting.py:37 â–¶ï¸ STEP started: Click Continue button
INFO     [ğŸ­ Playwright]:base_page.py:16 <LoginPage>: Click continue button
WARNING  [ğŸ”§TEST CONFIG]:conftest.py:442 [HTTP 200] GET https://api.dev.apolo.us/api/v1/config
Request Body (first 2000 chars):
<not available>
Response Body (first 2000 chars):
{"authorized": true, "orgs": [], "clusters": [], "projects": [], "admin_url": "https://api.dev.apolo.us/apis/admin/v1", "auth_url": "https://auth.dev.apolo.us/authorize", "token_url": "https://auth.dev.apolo.us/oauth/token", "logout_url": "https://auth.dev.apolo.us/v2/logout?returnTo=https://console.dev.apolo.us", "client_id": "q3I0OzzGnTDkhRmpeJ7WWgaTCucmVxTL", "audience": "https://api.dev.apolo.us", "callback_urls": ["http://127.0.0.1:54540", "http://127.0.0.1:54541", "http://127.0.0.1:54542"], "headless_callback_url": "https://api.dev.apolo.us/oauth/show-code", "success_redirect_url": "https://api.dev.apolo.us/oauth/login"}
WARNING  [ğŸ”§TEST CONFIG]:conftest.py:442 [HTTP 200] GET https://api.dev.apolo.us/api/v1/users/regression-nmbri0jckf/permissions?uri=blob:
Request Body (first 2000 chars):
<not available>
Response Body (first 2000 chars):
[]
WARNING  [ğŸ”§TEST CONFIG]:conftest.py:442 [HTTP 200] GET https://api.dev.apolo.us/apis/admin/v1/invites/incoming
Request Body (first 2000 chars):
<not available>
Response Body (first 2000 chars):
[]
WARNING  [ğŸ”§TEST CONFIG]:conftest.py:442 [HTTP 200] GET https://api.dev.apolo.us/apis/admin/v1/users/regression-nmbri0jckf?include=orgs
Request Body (first 2000 chars):
<not available>
Response Body (first 2000 chars):
{"name": "regression-nmbri0jckf", "email": "regression-nmbri0jckf@apolo.us", "first_name": null, "last_name": null, "created_at": "2025-10-27T19:26:47.816981+00:00", "terms_accepted": true, "orgs": []}
WARNING  [ğŸ”§TEST CONFIG]:conftest.py:442 [HTTP 200] GET https://api.dev.apolo.us/apis/admin/v1/users/regression-nmbri0jckf?include=clusters&include=system_role
Request Body (first 2000 chars):
<not available>
Response Body (first 2000 chars):
{"name": "regression-nmbri0jckf", "email": "regression-nmbri0jckf@apolo.us", "first_name": null, "last_name": null, "created_at": "2025-10-27T19:26:47.816981+00:00", "terms_accepted": true, "clusters": []}
INFO     [ğŸ­ Playwright]:base_page.py:16 <LoginPage>: Waiting for spinner
INFO     [ğŸ­ Playwright]:base_page.py:16 <LoginPage>: Timeout error for spinner
INFO     [ğŸ“˜TEST_INFO]:reporting.py:51 âœ… STEP completed: Click Continue button
INFO     [ğŸ“˜TEST_INFO]:reporting.py:225 ğŸ“¸ Screenshot captured and attached (success): /home/runner/work/apolo-test-automation/apolo-test-automation/reports/screenshots/ui_click_continue_button_success_e8a7ed.png
INFO     [ğŸ“˜TEST_INFO]:reporting.py:37 â–¶ï¸ STEP started: Verify that Welcome new user page displayed
INFO     [ğŸ­ Playwright]:base_page.py:16 <WelcomeNewUserPage>: Check if page loaded
INFO     [ğŸ“˜TEST_INFO]:reporting.py:51 âœ… STEP completed: Verify that Welcome new user page displayed
INFO     [ğŸ“˜TEST_INFO]:reporting.py:225 ğŸ“¸ Screenshot captured and attached (success): /home/runner/work/apolo-test-automation/apolo-test-automation/reports/screenshots/verify_ui_page_displayed_success_d94c4e.png
INFO     [ğŸ“˜TEST_INFO]:reporting.py:51 âœ… STEP completed: Login via UI
INFO     [ğŸ“˜TEST_INFO]:reporting.py:225 ğŸ“¸ Screenshot captured and attached (success): /home/runner/work/apolo-test-automation/apolo-test-automation/reports/screenshots/ui_login_success_da1baf.png
INFO     [ğŸ”§TEST CONFIG]:conftest.py:398 Navigating to: https://console.dev.apolo.us/
INFO     [ğŸ“˜TEST_INFO]:reporting.py:37 â–¶ï¸ STEP started: <<User2>> :: Get second user
INFO     [ğŸ“˜TEST_INFO]:reporting.py:51 âœ… STEP completed: <<User2>> :: Get second user
INFO     [ğŸ“˜TEST_INFO]:reporting.py:225 ğŸ“¸ Screenshot captured and attached (success): /home/runner/work/apolo-test-automation/apolo-test-automation/reports/screenshots/ui_get_second_user_success_a3d2dc.png
INFO     [ğŸ“˜TEST_INFO]:reporting.py:37 â–¶ï¸ STEP started: <<User2>> :: Login via UI
INFO     [ğŸ“˜TEST_INFO]:reporting.py:37 â–¶ï¸ STEP started: <<User2>> :: Verify that Auth page displayed
INFO     [ğŸ­ Playwright]:base_page.py:16 <AuthPage>: Check if page loaded
WARNING  [ğŸ”§TEST CONFIG]:conftest.py:442 [HTTP 200] GET https://api.dev.apolo.us/api/v1/config
Request Body (first 2000 chars):
<not available>
Response Body (first 2000 chars):
{"authorized": false, "auth_url": "https://auth.dev.apolo.us/authorize", "token_url": "https://auth.dev.apolo.us/oauth/token", "logout_url": "https://auth.dev.apolo.us/v2/logout?returnTo=https://console.dev.apolo.us", "client_id": "q3I0OzzGnTDkhRmpeJ7WWgaTCucmVxTL", "audience": "https://api.dev.apolo.us", "callback_urls": ["http://127.0.0.1:54540", "http://127.0.0.1:54541", "http://127.0.0.1:54542"], "headless_callback_url": "https://api.dev.apolo.us/oauth/show-code", "success_redirect_url": "https://api.dev.apolo.us/oauth/login"}
INFO     [ğŸ“˜TEST_INFO]:reporting.py:51 âœ… STEP completed: <<User2>> :: Verify that Auth page displayed
INFO     [ğŸ“˜TEST_INFO]:reporting.py:225 ğŸ“¸ Screenshot captured and attached (success): /home/runner/work/apolo-test-automation/apolo-test-automation/reports/screenshots/verify_ui_page_displayed_success_24d8b5.png
INFO     [ğŸ“˜TEST_INFO]:reporting.py:37 â–¶ï¸ STEP started: <<User2>> :: Click login button
INFO     [ğŸ­ Playwright]:base_page.py:16 <AuthPage>: Click log in button
INFO     [ğŸ“˜TEST_INFO]:reporting.py:51 âœ… STEP completed: <<User2>> :: Click login button
INFO     [ğŸ“˜TEST_INFO]:reporting.py:225 ğŸ“¸ Screenshot captured and attached (success): /home/runner/work/apolo-test-automation/apolo-test-automation/reports/screenshots/ui_click_login_button_success_ec4e35.png
INFO     [ğŸ“˜TEST_INFO]:reporting.py:37 â–¶ï¸ STEP started: <<User2>> :: Verify that Login page displayed
INFO     [ğŸ­ Playwright]:base_page.py:16 <LoginPage>: Check if page is loaded
INFO     [ğŸ“˜TEST_INFO]:reporting.py:51 âœ… STEP completed: <<User2>> :: Verify that Login page displayed
INFO     [ğŸ“˜TEST_INFO]:reporting.py:225 ğŸ“¸ Screenshot captured and attached (success): /home/runner/work/apolo-test-automation/apolo-test-automation/reports/screenshots/verify_ui_page_displayed_success_f2dd9e.png
INFO     [ğŸ“˜TEST_INFO]:reporting.py:37 â–¶ï¸ STEP started: <<User2>> :: Enter email
INFO     [ğŸ­ Playwright]:base_page.py:16 <LoginPage>: Enter regression-nl5ifkf0qd@apolo.us email
INFO     [ğŸ“˜TEST_INFO]:reporting.py:51 âœ… STEP completed: <<User2>> :: Enter email
INFO     [ğŸ“˜TEST_INFO]:reporting.py:225 ğŸ“¸ Screenshot captured and attached (success): /home/runner/work/apolo-test-automation/apolo-test-automation/reports/screenshots/ui_enter_email_success_695137.png
INFO     [ğŸ“˜TEST_INFO]:reporting.py:37 â–¶ï¸ STEP started: <<User2>> :: Enter password
INFO     [ğŸ­ Playwright]:base_page.py:16 <LoginPage>: Enter ********* password
INFO     [ğŸ“˜TEST_INFO]:reporting.py:51 âœ… STEP completed: <<User2>> :: Enter password
INFO     [ğŸ“˜TEST_INFO]:reporting.py:225 ğŸ“¸ Screenshot captured and attached (success): /home/runner/work/apolo-test-automation/apolo-test-automation/reports/screenshots/ui_enter_password_success_a348a1.png
INFO     [ğŸ“˜TEST_INFO]:reporting.py:37 â–¶ï¸ STEP started: <<User2>> :: Click Continue button
INFO     [ğŸ­ Playwright]:base_page.py:16 <LoginPage>: Click continue button
WARNING  [ğŸ”§TEST CONFIG]:conftest.py:442 [HTTP 200] GET https://api.dev.apolo.us/api/v1/config
Request Body (first 2000 chars):
<not available>
Response Body (first 2000 chars):
{"authorized": true, "orgs": [], "clusters": [], "projects": [], "admin_url": "https://api.dev.apolo.us/apis/admin/v1", "auth_url": "https://auth.dev.apolo.us/authorize", "token_url": "https://auth.dev.apolo.us/oauth/token", "logout_url": "https://auth.dev.apolo.us/v2/logout?returnTo=https://console.dev.apolo.us", "client_id": "q3I0OzzGnTDkhRmpeJ7WWgaTCucmVxTL", "audience": "https://api.dev.apolo.us", "callback_urls": ["http://127.0.0.1:54540", "http://127.0.0.1:54541", "http://127.0.0.1:54542"], "headless_callback_url": "https://api.dev.apolo.us/oauth/show-code", "success_redirect_url": "https://api.dev.apolo.us/oauth/login"}
WARNING  [ğŸ”§TEST CONFIG]:conftest.py:442 [HTTP 200] GET https://api.dev.apolo.us/apis/admin/v1/invites/incoming
Request Body (first 2000 chars):
<not available>
Response Body (first 2000 chars):
[]
WARNING  [ğŸ”§TEST CONFIG]:conftest.py:442 [HTTP 200] GET https://api.dev.apolo.us/apis/admin/v1/users/regression-nl5ifkf0qd?include=clusters&include=system_role
Request Body (first 2000 chars):
<not available>
Response Body (first 2000 chars):
{"name": "regression-nl5ifkf0qd", "email": "regression-nl5ifkf0qd@apolo.us", "first_name": null, "last_name": null, "created_at": "2025-10-27T19:27:39.072929+00:00", "terms_accepted": true, "clusters": []}
WARNING  [ğŸ”§TEST CONFIG]:conftest.py:442 [HTTP 200] GET https://api.dev.apolo.us/api/v1/users/regression-nl5ifkf0qd/permissions?uri=blob:
Request Body (first 2000 chars):
<not available>
Response Body (first 2000 chars):
[]
INFO     [ğŸ­ Playwright]:base_page.py:16 <LoginPage>: Waiting for spinner
WARNING  [ğŸ”§TEST CONFIG]:conftest.py:442 [HTTP 200] GET https://api.dev.apolo.us/apis/admin/v1/users/regression-nl5ifkf0qd?include=orgs
Request Body (first 2000 chars):
<not available>
Response Body (first 2000 chars):
{"name": "regression-nl5ifkf0qd", "email": "regression-nl5ifkf0qd@apolo.us", "first_name": null, "last_name": null, "created_at": "2025-10-27T19:27:39.072929+00:00", "terms_accepted": true, "orgs": []}
INFO     [ğŸ­ Playwright]:base_page.py:16 <LoginPage>: Timeout error for spinner
INFO     [ğŸ“˜TEST_INFO]:reporting.py:51 âœ… STEP completed: <<User2>> :: Click Continue button
INFO     [ğŸ“˜TEST_INFO]:reporting.py:225 ğŸ“¸ Screenshot captured and attached (success): /home/runner/work/apolo-test-automation/apolo-test-automation/reports/screenshots/ui_click_continue_button_success_462e77.png
INFO     [ğŸ“˜TEST_INFO]:reporting.py:37 â–¶ï¸ STEP started: <<User2>> :: Verify that Welcome new user page displayed
INFO     [ğŸ­ Playwright]:base_page.py:16 <WelcomeNewUserPage>: Check if page loaded
INFO     [ğŸ“˜TEST_INFO]:reporting.py:51 âœ… STEP completed: <<User2>> :: Verify that Welcome new user page displayed
INFO     [ğŸ“˜TEST_INFO]:reporting.py:225 ğŸ“¸ Screenshot captured and attached (success): /home/runner/work/apolo-test-automation/apolo-test-automation/reports/screenshots/verify_ui_page_displayed_success_f9967b.png
INFO     [ğŸ“˜TEST_INFO]:reporting.py:51 âœ… STEP completed: <<User2>> :: Login via UI
INFO     [ğŸ“˜TEST_INFO]:reporting.py:225 ğŸ“¸ Screenshot captured and attached (success): /home/runner/work/apolo-test-automation/apolo-test-automation/reports/screenshots/ui_login_success_c123ae.png
INFO     [ğŸ“˜TEST_INFO]:reporting.py:37 â–¶ï¸ STEP started: Add organization via API and reload page
INFO     [ğŸ”§DATA MANAGER]:test_data.py:56 Added organization: org_name=regression-org-thzbzkhozzgb, gherkin_name=Default-organization
INFO     [ğŸŒAPI_helper]:api_helper.py:86 POST https://api.dev.apolo.us/apis/admin/v1/orgs?skip_auto_add_to_clusters=false with data: {'name': 'regression-org-thzbzkhozzgb'}
INFO     [ğŸŒAPI_helper]:api_helper.py:214 Add org regression-org-thzbzkhozzgb response: {'name': 'regression-org-thzbzkhozzgb', 'balance': {'credits': '500', 'spent_credits': '0'}, 'user_default_credits': None, 'notification_intervals': {'balance_projection_seconds': [604800, 259200, 86400], 'balance_amount': [0], 'balance_depletion_seconds': [86400, 604800]}}
INFO     [ğŸ“˜TEST_INFO]:reporting.py:37 â–¶ï¸ STEP started: Reload page
INFO     [ğŸ“˜TEST_INFO]:reporting.py:37 â–¶ï¸ STEP started: Reload page
INFO     [ğŸ­ Playwright]:base_page.py:16 <MainPage>: Waiting for spinner
WARNING  [ğŸ”§TEST CONFIG]:conftest.py:442 [HTTP 200] GET https://api.dev.apolo.us/api/v1/config
Request Body (first 2000 chars):
<not available>
Response Body (first 2000 chars):
{"authorized": true, "orgs": [{"name": "regression-org-thzbzkhozzgb", "role": "admin"}], "clusters": [{"name": "default", "registry_url": "https://registry.api.dev.apolo.us", "storage_url": "https://api.dev.apolo.us/api/v1/storage", "monitoring_url": "https://monitoring.api.dev.apolo.us/api/v1/jobs", "secrets_url": "https://api.dev.apolo.us/api/v1/secrets", "metrics_url": "https://grafana.dev.apolo.us", "disks_url": "https://api.dev.apolo.us/api/v1/disk", "buckets_url": "https://api.dev.apolo.us/api/v1/buckets", "resource_pool_types": [{"name": "a2-highgpu-1g", "min_size": 0, "max_size": 10, "cpu": 12.0, "available_cpu": 11.101, "memory": 89629032448, "available_memory": 80898240256, "disk_size": 523982073856, "available_disk_size": 364209683290, "nvidia_gpu": {"count": 1, "model": "NVIDIA-A100-SXM4-40GB", "memory": 42949672960}}, {"name": "a2-highgpu-2g", "min_size": 0, "max_size": 3, "cpu": 24.0, "available_cpu": 23.73, "memory": 179367243776, "available_memory": 168094003200, "disk_size": 523982073856, "available_disk_size": 364209683290, "nvidia_gpu": {"count": 1, "model": "NVIDIA-A100-SXM4-40GB", "memory": 42949672960}}, {"name": "a3-highgpu-1g", "min_size": 0, "max_size": 1, "cpu": 26.0, "available_cpu": 25, "memory": 234000000000, "available_memory": 210600000000, "disk_size": 750000000000, "available_disk_size": 750000000000, "nvidia_gpu": {"count": 1, "model": "NVIDIA-A100-SXM4-80GB", "memory": 85899345920}}, {"name": "default", "min_size": 1, "max_size": 10, "cpu": 4.0, "available_cpu": 3.021, "memory": 16776040448, "available_memory": 12439842560, "disk_size": 101203873792, "available_disk_size": 47060071478}, {"name": "g2-standard-4", "min_size": 0, "max_size": 10, "cpu": 4.0, "available_cpu": 3.121, "memory": 16776052736, "available_memory": 12490174208, "disk_size": 312594247680, "available_disk_size": 173960640047, "nvidia_gpu": {"count": 1, "model": "NVIDIA-L4", "memory": 24152899584}}], "resource_presets": [{"name": "cpu-micro", "credits_per_hour": 
INFO     [ğŸ­ Playwright]:base_page.py:16 <MainPage>: Waiting for spinner to disappear
WARNING  [ğŸ”§TEST CONFIG]:conftest.py:442 [HTTP 200] GET https://api.dev.apolo.us/api/v1/users/regression-nmbri0jckf/permissions?uri=blob:
Request Body (first 2000 chars):
<not available>
Response Body (first 2000 chars):
[{"uri": "blob://default/regression-org-thzbzkhozzgb", "action": "manage"}]
WARNING  [ğŸ”§TEST CONFIG]:conftest.py:442 [HTTP 200] GET https://api.dev.apolo.us/apis/admin/v1/orgs/regression-org-thzbzkhozzgb
Request Body (first 2000 chars):
<not available>
Response Body (first 2000 chars):
{"name": "regression-org-thzbzkhozzgb", "balance": {"credits": "500", "spent_credits": "0"}, "user_default_credits": null, "notification_intervals": {"balance_projection_seconds": [604800, 259200, 86400], "balance_amount": [0], "balance_depletion_seconds": [86400, 604800]}}
WARNING  [ğŸ”§TEST CONFIG]:conftest.py:442 [HTTP 200] GET https://api.dev.apolo.us/apis/admin/v1/invites/incoming
Request Body (first 2000 chars):
<not available>
Response Body (first 2000 chars):
[]
WARNING  [ğŸ”§TEST CONFIG]:conftest.py:442 [HTTP 200] GET https://api.dev.apolo.us/apis/admin/v1/users/regression-nmbri0jckf?include=orgs
Request Body (first 2000 chars):
<not available>
Response Body (first 2000 chars):
{"name": "regression-nmbri0jckf", "email": "regression-nmbri0jckf@apolo.us", "first_name": null, "last_name": null, "created_at": "2025-10-27T19:26:47.816981+00:00", "terms_accepted": true, "orgs": [{"org_name": "regression-org-thzbzkhozzgb", "role": "admin", "balance": {"spent_credits": "0"}}]}
WARNING  [ğŸ”§TEST CONFIG]:conftest.py:442 [HTTP 200] GET https://api.dev.apolo.us/apis/admin/v1/users/regression-nmbri0jckf?include=clusters&include=system_role
Request Body (first 2000 chars):
<not available>
Response Body (first 2000 chars):
{"name": "regression-nmbri0jckf", "email": "regression-nmbri0jckf@apolo.us", "first_name": null, "last_name": null, "created_at": "2025-10-27T19:26:47.816981+00:00", "terms_accepted": true, "clusters": [{"cluster_name": "default", "role": "admin", "org_name": "regression-org-thzbzkhozzgb", "balance": {"spent_credits": "0"}}]}
INFO     [ğŸ“˜TEST_INFO]:reporting.py:51 âœ… STEP completed: Reload page
WARNING  [ğŸ”§TEST CONFIG]:conftest.py:442 [HTTP 200] GET https://api.dev.apolo.us/apis/apps/v2/templates/tags
Request Body (first 2000 chars):
<not available>
Response Body (first 2000 chars):
["AI","Agent","Apache","Apolo","Apolo Files","BI","Big data","Bundle","Business Intelligence","CLI","Chat","Container","Container registry","Data","Data processing","DeepSeek","Development","Diffusion","Dify","DockerHub","Document Processing","EDA","ELT","ETL","Easy Deploy","Embeddings","GPT","GptOSS","Graph","Hugging Face","IDE","Image generation","Inference","Jupyter","Knowledge Graph","LLM","LLMops","LLaMA","LightRAG","MLOps","Meta","Mistral","NLP","Notebooks","OpenAI","PostgreSQL","Postgres","RAG","RDBMS","Shell","Spark","Stable Diffusion","Storage","Superset","Text","VSCode","Vector Search","Vector search","Vector store","Visualization","Weaviate","experiment tracking","mlflow","model registry","vLLM"]
INFO     [ğŸ“˜TEST_INFO]:reporting.py:225 ğŸ“¸ Screenshot captured and attached (success): /home/runner/work/apolo-test-automation/apolo-test-automation/reports/screenshots/ui_reload_page_success_cada63.png
INFO     [ğŸ“˜TEST_INFO]:reporting.py:51 âœ… STEP completed: Reload page
INFO     [ğŸ“˜TEST_INFO]:reporting.py:225 ğŸ“¸ Screenshot captured and attached (success): /home/runner/work/apolo-test-automation/apolo-test-automation/reports/screenshots/ui_reload_page_success_8f8263.png
INFO     [ğŸ“˜TEST_INFO]:reporting.py:51 âœ… STEP completed: Add organization via API and reload page
INFO     [ğŸ“˜TEST_INFO]:reporting.py:225 ğŸ“¸ Screenshot captured and attached (success): /home/runner/work/apolo-test-automation/apolo-test-automation/reports/screenshots/ui_add_org_api_success_f94e2e.png
INFO     [ğŸ“˜TEST_INFO]:reporting.py:37 â–¶ï¸ STEP started: <<User2>> :: Click the let's do it button on Welcome page
INFO     [ğŸ­ Playwright]:base_page.py:16 <WelcomeNewUserPage>: Click lets do it button
INFO     [ğŸ“˜TEST_INFO]:reporting.py:51 âœ… STEP completed: <<User2>> :: Click the let's do it button on Welcome page
INFO     [ğŸ“˜TEST_INFO]:reporting.py:225 ğŸ“¸ Screenshot captured and attached (success): /home/runner/work/apolo-test-automation/apolo-test-automation/reports/screenshots/ui_click_lets_do_it_button_success_ab4d3d.png
INFO     [ğŸ“˜TEST_INFO]:reporting.py:37 â–¶ï¸ STEP started: Add user to organization via API and reload page
INFO     [ğŸŒAPI_helper]:api_helper.py:86 POST https://api.dev.apolo.us/apis/admin/v1/orgs/regression-org-thzbzkhozzgb/users?with_user_info=false with data: {'user_name': 'regression-nl5ifkf0qd', 'role': 'user'}
INFO     [ğŸŒAPI_helper]:api_helper.py:206 Add user regression-nl5ifkf0qd to org response: {'user_name': 'regression-nl5ifkf0qd', 'role': 'user', 'balance': {'spent_credits': '0'}}
INFO     [ğŸ“˜TEST_INFO]:reporting.py:37 â–¶ï¸ STEP started: Reload page
INFO     [ğŸ“˜TEST_INFO]:reporting.py:37 â–¶ï¸ STEP started: Reload page
INFO     [ğŸ­ Playwright]:base_page.py:16 <MainPage>: Waiting for spinner
WARNING  [ğŸ”§TEST CONFIG]:conftest.py:442 [HTTP 200] GET https://api.dev.apolo.us/api/v1/config
Request Body (first 2000 chars):
<not available>
Response Body (first 2000 chars):
{"authorized": true, "orgs": [{"name": "regression-org-thzbzkhozzgb", "role": "admin"}], "clusters": [{"name": "default", "registry_url": "https://registry.api.dev.apolo.us", "storage_url": "https://api.dev.apolo.us/api/v1/storage", "monitoring_url": "https://monitoring.api.dev.apolo.us/api/v1/jobs", "secrets_url": "https://api.dev.apolo.us/api/v1/secrets", "metrics_url": "https://grafana.dev.apolo.us", "disks_url": "https://api.dev.apolo.us/api/v1/disk", "buckets_url": "https://api.dev.apolo.us/api/v1/buckets", "resource_pool_types": [{"name": "a2-highgpu-1g", "min_size": 0, "max_size": 10, "cpu": 12.0, "available_cpu": 11.101, "memory": 89629032448, "available_memory": 80898240256, "disk_size": 523982073856, "available_disk_size": 364209683290, "nvidia_gpu": {"count": 1, "model": "NVIDIA-A100-SXM4-40GB", "memory": 42949672960}}, {"name": "a2-highgpu-2g", "min_size": 0, "max_size": 3, "cpu": 24.0, "available_cpu": 23.73, "memory": 179367243776, "available_memory": 168094003200, "disk_size": 523982073856, "available_disk_size": 364209683290, "nvidia_gpu": {"count": 1, "model": "NVIDIA-A100-SXM4-40GB", "memory": 42949672960}}, {"name": "a3-highgpu-1g", "min_size": 0, "max_size": 1, "cpu": 26.0, "available_cpu": 25, "memory": 234000000000, "available_memory": 210600000000, "disk_size": 750000000000, "available_disk_size": 750000000000, "nvidia_gpu": {"count": 1, "model": "NVIDIA-A100-SXM4-80GB", "memory": 85899345920}}, {"name": "default", "min_size": 1, "max_size": 10, "cpu": 4.0, "available_cpu": 3.021, "memory": 16776040448, "available_memory": 12439842560, "disk_size": 101203873792, "available_disk_size": 47060071478}, {"name": "g2-standard-4", "min_size": 0, "max_size": 10, "cpu": 4.0, "available_cpu": 3.121, "memory": 16776052736, "available_memory": 12490174208, "disk_size": 312594247680, "available_disk_size": 173960640047, "nvidia_gpu": {"count": 1, "model": "NVIDIA-L4", "memory": 24152899584}}], "resource_presets": [{"name": "cpu-micro", "credits_per_hour": 
WARNING  [ğŸ”§TEST CONFIG]:conftest.py:442 [HTTP 200] GET https://api.dev.apolo.us/api/v1/users/regression-nmbri0jckf/permissions?uri=blob:
Request Body (first 2000 chars):
<not available>
Response Body (first 2000 chars):
[{"uri": "blob://default/regression-org-thzbzkhozzgb", "action": "manage"}]
INFO     [ğŸ­ Playwright]:base_page.py:16 <MainPage>: Waiting for spinner to disappear
WARNING  [ğŸ”§TEST CONFIG]:conftest.py:442 [HTTP 200] GET https://api.dev.apolo.us/apis/admin/v1/invites/incoming
Request Body (first 2000 chars):
<not available>
Response Body (first 2000 chars):
[]
WARNING  [ğŸ”§TEST CONFIG]:conftest.py:442 [HTTP 200] GET https://api.dev.apolo.us/apis/admin/v1/users/regression-nmbri0jckf?include=clusters&include=system_role
Request Body (first 2000 chars):
<not available>
Response Body (first 2000 chars):
{"name": "regression-nmbri0jckf", "email": "regression-nmbri0jckf@apolo.us", "first_name": null, "last_name": null, "created_at": "2025-10-27T19:26:47.816981+00:00", "terms_accepted": true, "clusters": [{"cluster_name": "default", "role": "admin", "org_name": "regression-org-thzbzkhozzgb", "balance": {"spent_credits": "0"}}]}
WARNING  [ğŸ”§TEST CONFIG]:conftest.py:442 [HTTP 200] GET https://api.dev.apolo.us/apis/admin/v1/orgs/regression-org-thzbzkhozzgb
Request Body (first 2000 chars):
<not available>
Response Body (first 2000 chars):
{"name": "regression-org-thzbzkhozzgb", "balance": {"credits": "500", "spent_credits": "0"}, "user_default_credits": null, "notification_intervals": {"balance_projection_seconds": [604800, 259200, 86400], "balance_amount": [0], "balance_depletion_seconds": [86400, 604800]}}
WARNING  [ğŸ”§TEST CONFIG]:conftest.py:442 [HTTP 200] GET https://api.dev.apolo.us/apis/admin/v1/users/regression-nmbri0jckf?include=orgs
Request Body (first 2000 chars):
<not available>
Response Body (first 2000 chars):
{"name": "regression-nmbri0jckf", "email": "regression-nmbri0jckf@apolo.us", "first_name": null, "last_name": null, "created_at": "2025-10-27T19:26:47.816981+00:00", "terms_accepted": true, "orgs": [{"org_name": "regression-org-thzbzkhozzgb", "role": "admin", "balance": {"spent_credits": "0"}}]}
INFO     [ğŸ“˜TEST_INFO]:reporting.py:51 âœ… STEP completed: Reload page
WARNING  [ğŸ”§TEST CONFIG]:conftest.py:442 [HTTP 200] GET https://api.dev.apolo.us/apis/apps/v2/templates/tags
Request Body (first 2000 chars):
<not available>
Response Body (first 2000 chars):
["AI","Agent","Apache","Apolo","Apolo Files","BI","Big data","Bundle","Business Intelligence","CLI","Chat","Container","Container registry","Data","Data processing","DeepSeek","Development","Diffusion","Dify","DockerHub","Document Processing","EDA","ELT","ETL","Easy Deploy","Embeddings","GPT","GptOSS","Graph","Hugging Face","IDE","Image generation","Inference","Jupyter","Knowledge Graph","LLM","LLMops","LLaMA","LightRAG","MLOps","Meta","Mistral","NLP","Notebooks","OpenAI","PostgreSQL","Postgres","RAG","RDBMS","Shell","Spark","Stable Diffusion","Storage","Superset","Text","VSCode","Vector Search","Vector search","Vector store","Visualization","Weaviate","experiment tracking","mlflow","model registry","vLLM"]
INFO     [ğŸ“˜TEST_INFO]:reporting.py:225 ğŸ“¸ Screenshot captured and attached (success): /home/runner/work/apolo-test-automation/apolo-test-automation/reports/screenshots/ui_reload_page_success_7ed85b.png
INFO     [ğŸ“˜TEST_INFO]:reporting.py:51 âœ… STEP completed: Reload page
INFO     [ğŸ“˜TEST_INFO]:reporting.py:225 ğŸ“¸ Screenshot captured and attached (success): /home/runner/work/apolo-test-automation/apolo-test-automation/reports/screenshots/ui_reload_page_success_98fb2e.png
INFO     [ğŸ“˜TEST_INFO]:reporting.py:37 â–¶ï¸ STEP started: Click User Organization settings button
INFO     [ğŸ­ Playwright]:base_page.py:16 <MainPage>: Click organization settings button
INFO     [ğŸ“˜TEST_INFO]:reporting.py:51 âœ… STEP completed: Click User Organization settings button
INFO     [ğŸ“˜TEST_INFO]:reporting.py:225 ğŸ“¸ Screenshot captured and attached (success): /home/runner/work/apolo-test-automation/apolo-test-automation/reports/screenshots/ui_click_organization_settings_button_success_ed0036.png
INFO     [ğŸ“˜TEST_INFO]:reporting.py:37 â–¶ï¸ STEP started: Verify that Organization settings pop up displayed
INFO     [ğŸ­ Playwright]:base_page.py:16 <OrganizationSettingsPopup>: Check if page loaded
INFO     [ğŸ“˜TEST_INFO]:reporting.py:51 âœ… STEP completed: Verify that Organization settings pop up displayed
INFO     [ğŸ“˜TEST_INFO]:reporting.py:225 ğŸ“¸ Screenshot captured and attached (success): /home/runner/work/apolo-test-automation/apolo-test-automation/reports/screenshots/verify_ui_popup_displayed_success_26192d.png
INFO     [ğŸ“˜TEST_INFO]:reporting.py:37 â–¶ï¸ STEP started: Click People button
INFO     [ğŸ­ Playwright]:base_page.py:16 <OrganizationSettingsPopup>: Click People button
INFO     [ğŸ­ Playwright]:base_page.py:16 <OrganizationSettingsPopup>: Waiting for spinner
INFO     [ğŸ­ Playwright]:base_page.py:16 <OrganizationSettingsPopup>: Waiting for spinner to disappear
WARNING  [ğŸ”§TEST CONFIG]:conftest.py:442 [HTTP 200] GET https://api.dev.apolo.us/apis/admin/v1/invites
Request Body (first 2000 chars):
<not available>
Response Body (first 2000 chars):
[]
WARNING  [ğŸ”§TEST CONFIG]:conftest.py:442 [HTTP 200] GET https://api.dev.apolo.us/apis/admin/v1/orgs/regression-org-thzbzkhozzgb/users?with_user_info=true
Request Body (first 2000 chars):
<not available>
Response Body (first 2000 chars):
[{"user_name": "regression-nl5ifkf0qd", "role": "user", "balance": {"spent_credits": "0"}, "user_info": {"email": "regression-nl5ifkf0qd@apolo.us", "first_name": null, "last_name": null, "created_at": "2025-10-27T19:27:39.072929+00:00"}}, {"user_name": "regression-nmbri0jckf", "role": "admin", "balance": {"spent_credits": "0"}, "user_info": {"email": "regression-nmbri0jckf@apolo.us", "first_name": null, "last_name": null, "created_at": "2025-10-27T19:26:47.816981+00:00"}}]
WARNING  [ğŸ”§TEST CONFIG]:conftest.py:442 [HTTP 200] GET https://api.dev.apolo.us/apis/admin/v1/orgs/regression-org-thzbzkhozzgb/users/regression-nmbri0jckf
Request Body (first 2000 chars):
<not available>
Response Body (first 2000 chars):
{"user_name": "regression-nmbri0jckf", "role": "admin", "balance": {"spent_credits": "0"}}
INFO     [ğŸ“˜TEST_INFO]:reporting.py:51 âœ… STEP completed: Click People button
INFO     [ğŸ“˜TEST_INFO]:reporting.py:225 ğŸ“¸ Screenshot captured and attached (success): /home/runner/work/apolo-test-automation/apolo-test-automation/reports/screenshots/ui_click_people_button_success_78ca30.png
INFO     [ğŸ“˜TEST_INFO]:reporting.py:37 â–¶ï¸ STEP started: Verify that Organization people page displayed
INFO     [ğŸ­ Playwright]:base_page.py:16 <OrganizationPeoplePage>: Check if page loaded
INFO     [ğŸ“˜TEST_INFO]:reporting.py:51 âœ… STEP completed: Verify that Organization people page displayed
INFO     [ğŸ“˜TEST_INFO]:reporting.py:225 ğŸ“¸ Screenshot captured and attached (success): /home/runner/work/apolo-test-automation/apolo-test-automation/reports/screenshots/verify_ui_page_displayed_success_9b6035.png
INFO     [ğŸ“˜TEST_INFO]:reporting.py:51 âœ… STEP completed: Add user to organization via API and reload page
INFO     [ğŸ“˜TEST_INFO]:reporting.py:225 ğŸ“¸ Screenshot captured and attached (success): /home/runner/work/apolo-test-automation/apolo-test-automation/reports/screenshots/ui_add_user_to_org_api_success_dbfe4e.png
INFO     [ğŸ“˜TEST_INFO]:reporting.py:37 â–¶ï¸ STEP started: <<User2>> :: Reload page
INFO     [ğŸ“˜TEST_INFO]:reporting.py:37 â–¶ï¸ STEP started: <<User2>> :: Reload page
INFO     [ğŸ­ Playwright]:base_page.py:16 <MainPage>: Waiting for spinner
WARNING  [ğŸ”§TEST CONFIG]:conftest.py:442 [HTTP 200] GET https://api.dev.apolo.us/api/v1/config
Request Body (first 2000 chars):
<not available>
Response Body (first 2000 chars):
{"authorized": true, "orgs": [{"name": "regression-org-thzbzkhozzgb", "role": "user"}], "clusters": [{"name": "default", "registry_url": "https://registry.api.dev.apolo.us", "storage_url": "https://api.dev.apolo.us/api/v1/storage", "monitoring_url": "https://monitoring.api.dev.apolo.us/api/v1/jobs", "secrets_url": "https://api.dev.apolo.us/api/v1/secrets", "metrics_url": "https://grafana.dev.apolo.us", "disks_url": "https://api.dev.apolo.us/api/v1/disk", "buckets_url": "https://api.dev.apolo.us/api/v1/buckets", "resource_pool_types": [{"name": "a2-highgpu-1g", "min_size": 0, "max_size": 10, "cpu": 12.0, "available_cpu": 11.101, "memory": 89629032448, "available_memory": 80898240256, "disk_size": 523982073856, "available_disk_size": 364209683290, "nvidia_gpu": {"count": 1, "model": "NVIDIA-A100-SXM4-40GB", "memory": 42949672960}}, {"name": "a2-highgpu-2g", "min_size": 0, "max_size": 3, "cpu": 24.0, "available_cpu": 23.73, "memory": 179367243776, "available_memory": 168094003200, "disk_size": 523982073856, "available_disk_size": 364209683290, "nvidia_gpu": {"count": 1, "model": "NVIDIA-A100-SXM4-40GB", "memory": 42949672960}}, {"name": "a3-highgpu-1g", "min_size": 0, "max_size": 1, "cpu": 26.0, "available_cpu": 25, "memory": 234000000000, "available_memory": 210600000000, "disk_size": 750000000000, "available_disk_size": 750000000000, "nvidia_gpu": {"count": 1, "model": "NVIDIA-A100-SXM4-80GB", "memory": 85899345920}}, {"name": "default", "min_size": 1, "max_size": 10, "cpu": 4.0, "available_cpu": 3.021, "memory": 16776040448, "available_memory": 12439842560, "disk_size": 101203873792, "available_disk_size": 47060071478}, {"name": "g2-standard-4", "min_size": 0, "max_size": 10, "cpu": 4.0, "available_cpu": 3.121, "memory": 16776052736, "available_memory": 12490174208, "disk_size": 312594247680, "available_disk_size": 173960640047, "nvidia_gpu": {"count": 1, "model": "NVIDIA-L4", "memory": 24152899584}}], "resource_presets": [{"name": "cpu-micro", "credits_per_hour": "
INFO     [ğŸ­ Playwright]:base_page.py:16 <MainPage>: Waiting for spinner to disappear
WARNING  [ğŸ”§TEST CONFIG]:conftest.py:442 [HTTP 200] GET https://api.dev.apolo.us/api/v1/users/regression-nl5ifkf0qd/permissions?uri=blob:
Request Body (first 2000 chars):
<not available>
Response Body (first 2000 chars):
[]
WARNING  [ğŸ”§TEST CONFIG]:conftest.py:442 [HTTP 200] GET https://api.dev.apolo.us/apis/admin/v1/invites/incoming
Request Body (first 2000 chars):
<not available>
Response Body (first 2000 chars):
[]
WARNING  [ğŸ”§TEST CONFIG]:conftest.py:442 [HTTP 200] GET https://api.dev.apolo.us/apis/admin/v1/users/regression-nl5ifkf0qd?include=clusters&include=system_role
Request Body (first 2000 chars):
<not available>
Response Body (first 2000 chars):
{"name": "regression-nl5ifkf0qd", "email": "regression-nl5ifkf0qd@apolo.us", "first_name": null, "last_name": null, "created_at": "2025-10-27T19:27:39.072929+00:00", "terms_accepted": true, "clusters": [{"cluster_name": "default", "role": "user", "org_name": "regression-org-thzbzkhozzgb", "balance": {"spent_credits": "0"}}]}
WARNING  [ğŸ”§TEST CONFIG]:conftest.py:442 [HTTP 200] GET https://api.dev.apolo.us/apis/admin/v1/users/regression-nl5ifkf0qd?include=orgs
Request Body (first 2000 chars):
<not available>
Response Body (first 2000 chars):
{"name": "regression-nl5ifkf0qd", "email": "regression-nl5ifkf0qd@apolo.us", "first_name": null, "last_name": null, "created_at": "2025-10-27T19:27:39.072929+00:00", "terms_accepted": true, "orgs": [{"org_name": "regression-org-thzbzkhozzgb", "role": "user", "balance": {"spent_credits": "0"}}]}
WARNING  [ğŸ”§TEST CONFIG]:conftest.py:442 [HTTP 200] GET https://api.dev.apolo.us/apis/apps/v2/templates/tags
Request Body (first 2000 chars):
<not available>
Response Body (first 2000 chars):
["AI","Agent","Apache","Apolo","Apolo Files","BI","Big data","Bundle","Business Intelligence","CLI","Chat","Container","Container registry","Data","Data processing","DeepSeek","Development","Diffusion","Dify","DockerHub","Document Processing","EDA","ELT","ETL","Easy Deploy","Embeddings","GPT","GptOSS","Graph","Hugging Face","IDE","Image generation","Inference","Jupyter","Knowledge Graph","LLM","LLMops","LLaMA","LightRAG","MLOps","Meta","Mistral","NLP","Notebooks","OpenAI","PostgreSQL","Postgres","RAG","RDBMS","Shell","Spark","Stable Diffusion","Storage","Superset","Text","VSCode","Vector Search","Vector search","Vector store","Visualization","Weaviate","experiment tracking","mlflow","model registry","vLLM"]
WARNING  [ğŸ”§TEST CONFIG]:conftest.py:442 [HTTP 200] GET https://api.dev.apolo.us/apis/admin/v1/orgs/regression-org-thzbzkhozzgb
Request Body (first 2000 chars):
<not available>
Response Body (first 2000 chars):
{"name": "regression-org-thzbzkhozzgb", "balance": {"credits": "500", "spent_credits": "0"}, "user_default_credits": null, "notification_intervals": {"balance_projection_seconds": [604800, 259200, 86400], "balance_amount": [0], "balance_depletion_seconds": [86400, 604800]}}
INFO     [ğŸ“˜TEST_INFO]:reporting.py:51 âœ… STEP completed: <<User2>> :: Reload page
INFO     [ğŸ“˜TEST_INFO]:reporting.py:225 ğŸ“¸ Screenshot captured and attached (success): /home/runner/work/apolo-test-automation/apolo-test-automation/reports/screenshots/ui_reload_page_success_124a39.png
INFO     [ğŸ“˜TEST_INFO]:reporting.py:51 âœ… STEP completed: <<User2>> :: Reload page
INFO     [ğŸ“˜TEST_INFO]:reporting.py:225 ğŸ“¸ Screenshot captured and attached (success): /home/runner/work/apolo-test-automation/apolo-test-automation/reports/screenshots/ui_reload_page_success_69e586.png
INFO     [ğŸ“˜TEST_INFO]:reporting.py:37 â–¶ï¸ STEP started: <<User2>> :: Verify project creation message is displayed
INFO     [ğŸ­ Playwright]:base_page.py:16 <MainPage>: Check if create project text field displayed
INFO     [ğŸ“˜TEST_INFO]:reporting.py:51 âœ… STEP completed: <<User2>> :: Verify project creation message is displayed
INFO     [ğŸ“˜TEST_INFO]:reporting.py:225 ğŸ“¸ Screenshot captured and attached (success): /home/runner/work/apolo-test-automation/apolo-test-automation/reports/screenshots/verify_ui_create_project_message_displayed_success_580e1c.png
INFO     [ğŸ“˜TEST_INFO]:reporting.py:37 â–¶ï¸ STEP started: Add project via API and reload page
INFO     [ğŸŒAPI_helper]:api_helper.py:86 POST https://api.dev.apolo.us/apis/admin/v1/clusters/default/orgs/regression-org-thzbzkhozzgb/projects with data: {'name': 'regression-proj-uoxntinum8', 'default_role': 'reader', 'is_default': False}
INFO     [ğŸŒAPI_helper]:api_helper.py:233 Add proj regression-org-thzbzkhozzgb response: {'name': 'regression-proj-uoxntinum8', 'cluster_name': 'default', 'org_name': 'regression-org-thzbzkhozzgb', 'is_default': False, 'default_role': 'reader', 'has_virtual_kube': False}
INFO     [ğŸ“˜TEST_INFO]:reporting.py:37 â–¶ï¸ STEP started: Reload page
INFO     [ğŸ“˜TEST_INFO]:reporting.py:37 â–¶ï¸ STEP started: Reload page
INFO     [ğŸ­ Playwright]:base_page.py:16 <MainPage>: Waiting for spinner
WARNING  [ğŸ”§TEST CONFIG]:conftest.py:442 [HTTP 200] GET https://api.dev.apolo.us/api/v1/config
Request Body (first 2000 chars):
<not available>
Response Body (first 2000 chars):
{"authorized": true, "orgs": [{"name": "regression-org-thzbzkhozzgb", "role": "admin"}], "clusters": [{"name": "default", "registry_url": "https://registry.api.dev.apolo.us", "storage_url": "https://api.dev.apolo.us/api/v1/storage", "monitoring_url": "https://monitoring.api.dev.apolo.us/api/v1/jobs", "secrets_url": "https://api.dev.apolo.us/api/v1/secrets", "metrics_url": "https://grafana.dev.apolo.us", "disks_url": "https://api.dev.apolo.us/api/v1/disk", "buckets_url": "https://api.dev.apolo.us/api/v1/buckets", "resource_pool_types": [{"name": "a2-highgpu-1g", "min_size": 0, "max_size": 10, "cpu": 12.0, "available_cpu": 11.101, "memory": 89629032448, "available_memory": 80898240256, "disk_size": 523982073856, "available_disk_size": 364209683290, "nvidia_gpu": {"count": 1, "model": "NVIDIA-A100-SXM4-40GB", "memory": 42949672960}}, {"name": "a2-highgpu-2g", "min_size": 0, "max_size": 3, "cpu": 24.0, "available_cpu": 23.73, "memory": 179367243776, "available_memory": 168094003200, "disk_size": 523982073856, "available_disk_size": 364209683290, "nvidia_gpu": {"count": 1, "model": "NVIDIA-A100-SXM4-40GB", "memory": 42949672960}}, {"name": "a3-highgpu-1g", "min_size": 0, "max_size": 1, "cpu": 26.0, "available_cpu": 25, "memory": 234000000000, "available_memory": 210600000000, "disk_size": 750000000000, "available_disk_size": 750000000000, "nvidia_gpu": {"count": 1, "model": "NVIDIA-A100-SXM4-80GB", "memory": 85899345920}}, {"name": "default", "min_size": 1, "max_size": 10, "cpu": 4.0, "available_cpu": 3.021, "memory": 16776040448, "available_memory": 12439842560, "disk_size": 101203873792, "available_disk_size": 47060071478}, {"name": "g2-standard-4", "min_size": 0, "max_size": 10, "cpu": 4.0, "available_cpu": 3.121, "memory": 16776052736, "available_memory": 12490174208, "disk_size": 312594247680, "available_disk_size": 173960640047, "nvidia_gpu": {"count": 1, "model": "NVIDIA-L4", "memory": 24152899584}}], "resource_presets": [{"name": "cpu-micro", "credits_per_hour": 
INFO     [ğŸ­ Playwright]:base_page.py:16 <MainPage>: Waiting for spinner to disappear
WARNING  [ğŸ”§TEST CONFIG]:conftest.py:442 [HTTP 200] GET https://api.dev.apolo.us/apis/admin/v1/users/regression-nmbri0jckf?include=clusters&include=system_role
Request Body (first 2000 chars):
<not available>
Response Body (first 2000 chars):
{"name": "regression-nmbri0jckf", "email": "regression-nmbri0jckf@apolo.us", "first_name": null, "last_name": null, "created_at": "2025-10-27T19:26:47.816981+00:00", "terms_accepted": true, "clusters": [{"cluster_name": "default", "role": "admin", "org_name": "regression-org-thzbzkhozzgb", "balance": {"spent_credits": "0"}}]}
WARNING  [ğŸ”§TEST CONFIG]:conftest.py:442 [HTTP 200] GET https://api.dev.apolo.us/apis/admin/v1/orgs/regression-org-thzbzkhozzgb
Request Body (first 2000 chars):
<not available>
Response Body (first 2000 chars):
{"name": "regression-org-thzbzkhozzgb", "balance": {"credits": "500", "spent_credits": "0"}, "user_default_credits": null, "notification_intervals": {"balance_projection_seconds": [604800, 259200, 86400], "balance_amount": [0], "balance_depletion_seconds": [86400, 604800]}}
WARNING  [ğŸ”§TEST CONFIG]:conftest.py:442 [HTTP 200] GET https://api.dev.apolo.us/api/v1/users/regression-nmbri0jckf/permissions?uri=blob:
Request Body (first 2000 chars):
<not available>
Response Body (first 2000 chars):
[{"uri": "blob://default/regression-org-thzbzkhozzgb", "action": "manage"}]
WARNING  [ğŸ”§TEST CONFIG]:conftest.py:442 [HTTP 200] GET https://api.dev.apolo.us/apis/admin/v1/invites/incoming
Request Body (first 2000 chars):
<not available>
Response Body (first 2000 chars):
[]
WARNING  [ğŸ”§TEST CONFIG]:conftest.py:442 [HTTP 200] GET https://api.dev.apolo.us/apis/admin/v1/users/regression-nmbri0jckf?include=orgs
Request Body (first 2000 chars):
<not available>
Response Body (first 2000 chars):
{"name": "regression-nmbri0jckf", "email": "regression-nmbri0jckf@apolo.us", "first_name": null, "last_name": null, "created_at": "2025-10-27T19:26:47.816981+00:00", "terms_accepted": true, "orgs": [{"org_name": "regression-org-thzbzkhozzgb", "role": "admin", "balance": {"spent_credits": "0"}}]}
WARNING  [ğŸ”§TEST CONFIG]:conftest.py:442 [HTTP 200] GET https://api.dev.apolo.us/apis/admin/v1/invites
Request Body (first 2000 chars):
<not available>
Response Body (first 2000 chars):
[]
WARNING  [ğŸ”§TEST CONFIG]:conftest.py:442 [HTTP 200] GET https://api.dev.apolo.us/apis/apps/v2/instances?org=regression-org-thzbzkhozzgb&project=regression-proj-uoxntinum8&cluster=default&size=100
Request Body (first 2000 chars):
<not available>
Response Body (first 2000 chars):
{"items":[],"total":0,"page":1,"size":100,"pages":0}
WARNING  [ğŸ”§TEST CONFIG]:conftest.py:442 [HTTP 200] GET https://api.dev.apolo.us/apis/admin/v1/orgs/regression-org-thzbzkhozzgb/users/regression-nmbri0jckf
Request Body (first 2000 chars):
<not available>
Response Body (first 2000 chars):
{"user_name": "regression-nmbri0jckf", "role": "admin", "balance": {"spent_credits": "0"}}
WARNING  [ğŸ”§TEST CONFIG]:conftest.py:442 [HTTP 200] GET https://api.dev.apolo.us/apis/admin/v1/orgs/regression-org-thzbzkhozzgb/users?with_user_info=true
Request Body (first 2000 chars):
<not available>
Response Body (first 2000 chars):
[{"user_name": "regression-nl5ifkf0qd", "role": "user", "balance": {"spent_credits": "0"}, "user_info": {"email": "regression-nl5ifkf0qd@apolo.us", "first_name": null, "last_name": null, "created_at": "2025-10-27T19:27:39.072929+00:00"}}, {"user_name": "regression-nmbri0jckf", "role": "admin", "balance": {"spent_credits": "0"}, "user_info": {"email": "regression-nmbri0jckf@apolo.us", "first_name": null, "last_name": null, "created_at": "2025-10-27T19:26:47.816981+00:00"}}]
WARNING  [ğŸ”§TEST CONFIG]:conftest.py:442 [HTTP 200] GET https://api.dev.apolo.us/apis/apps/v2/templates
Request Body (first 2000 chars):
<not available>
Response Body (first 2000 chars):
{"items":[{"name":"aws-s3","title":"AWS S3","pub_date":"2025-01-01T00:00:00Z","description":"AWS S3 Storage","short_description":"","schema_version":1,"version":"HEAD","input":{"$defs":{"ApoloSecret":{"properties":{"key":{"title":"Key","type":"string"}},"required":["key"],"title":"ApoloSecret","type":"object","x-description":"Apolo Secret Configuration.","x-is-advanced-field":false,"x-meta-type":"inline","x-title":"Secret","x-type":"ApoloSecret"},"S3Params":{"properties":{"port":{"title":"Port","type":"integer"},"host":{"anyOf":[{"type":"string"},{"type":"null"}],"default":null,"title":"Host"},"bucket":{"anyOf":[{"type":"string"},{"type":"null"}],"default":null,"title":"Bucket"},"access_key":{"anyOf":[{"type":"string"},{"type":"null"}],"default":null,"title":"Access Key"},"secret_key":{"anyOf":[{"$ref":"#/$defs/ApoloSecret"},{"type":"null"}],"default":null}},"required":["port"],"title":"S3Params","type":"object"}},"properties":{"s3":{"$ref":"#/$defs/S3Params"}},"required":["s3"],"title":"AwsS3Input","type":"object"},"output":{"$defs":{"ApoloSecret":{"properties":{"key":{"title":"Key","type":"string"}},"required":["key"],"title":"ApoloSecret","type":"object","x-description":"Apolo Secret Configuration.","x-is-advanced-field":false,"x-meta-type":"inline","x-title":"Secret","x-type":"ApoloSecret"},"S3Params":{"properties":{"port":{"title":"Port","type":"integer"},"host":{"anyOf":[{"type":"string"},{"type":"null"}],"default":null,"title":"Host"},"bucket":{"anyOf":[{"type":"string"},{"type":"null"}],"default":null,"title":"Bucket"},"access_key":{"anyOf":[{"type":"string"},{"type":"null"}],"default":null,"title":"Access Key"},"secret_key":{"anyOf":[{"$ref":"#/$defs/ApoloSecret"},{"type":"null"}],"default":null}},"required":["port"],"title":"S3Params","type":"object"}},"properties":{"s3":{"$ref":"#/$defs/S3Params"}},"required":["s3"],"title":"AwsS3Output","type":"object"},"tags":[],"git_url":"","helm_path":"helm","type":"appless","logo":"","changelog":"","assets":[],"docum
INFO     [ğŸ“˜TEST_INFO]:reporting.py:51 âœ… STEP completed: Reload page
INFO     [ğŸ“˜TEST_INFO]:reporting.py:225 ğŸ“¸ Screenshot captured and attached (success): /home/runner/work/apolo-test-automation/apolo-test-automation/reports/screenshots/ui_reload_page_success_f69902.png
INFO     [ğŸ“˜TEST_INFO]:reporting.py:51 âœ… STEP completed: Reload page
INFO     [ğŸ“˜TEST_INFO]:reporting.py:225 ğŸ“¸ Screenshot captured and attached (success): /home/runner/work/apolo-test-automation/apolo-test-automation/reports/screenshots/ui_reload_page_success_3ff628.png
INFO     [ğŸ“˜TEST_INFO]:reporting.py:51 âœ… STEP completed: Add project via API and reload page
INFO     [ğŸ“˜TEST_INFO]:reporting.py:225 ğŸ“¸ Screenshot captured and attached (success): /home/runner/work/apolo-test-automation/apolo-test-automation/reports/screenshots/ui_add_proj_api_success_8ece21.png
INFO     [ğŸ“˜TEST_INFO]:reporting.py:37 â–¶ï¸ STEP started: Invite member to project via UI
INFO     [ğŸ“˜TEST_INFO]:reporting.py:37 â–¶ï¸ STEP started: Click Project button on the top pane of the main page
INFO     [ğŸ­ Playwright]:base_page.py:16 <MainPage>: Click create project button on the top pane
INFO     [ğŸ“˜TEST_INFO]:reporting.py:51 âœ… STEP completed: Click Project button on the top pane of the main page
INFO     [ğŸ“˜TEST_INFO]:reporting.py:225 ğŸ“¸ Screenshot captured and attached (success): /home/runner/work/apolo-test-automation/apolo-test-automation/reports/screenshots/ui_click_proj_button_top_pane_success_08f6eb.png
INFO     [ğŸ“˜TEST_INFO]:reporting.py:37 â–¶ï¸ STEP started: Click People button on the Projects info popup
INFO     [ğŸ­ Playwright]:base_page.py:16 <ProjectsInfoPopup>: Click People button
INFO     [ğŸ“˜TEST_INFO]:reporting.py:51 âœ… STEP completed: Click People button on the Projects info popup
INFO     [ğŸ“˜TEST_INFO]:reporting.py:225 ğŸ“¸ Screenshot captured and attached (success): /home/runner/work/apolo-test-automation/apolo-test-automation/reports/screenshots/ui_click_people_btn_success_2d006a.png
INFO     [ğŸ“˜TEST_INFO]:reporting.py:37 â–¶ï¸ STEP started: Verify People page displayed
INFO     [ğŸ­ Playwright]:base_page.py:16 <ProjectPeoplePage>: Check if page loaded
WARNING  [ğŸ”§TEST CONFIG]:conftest.py:442 [HTTP 200] GET https://api.dev.apolo.us/apis/admin/v1/clusters/default/orgs/regression-org-thzbzkhozzgb/projects/regression-proj-uoxntinum8
Request Body (first 2000 chars):
<not available>
Response Body (first 2000 chars):
{"name": "regression-proj-uoxntinum8", "cluster_name": "default", "org_name": "regression-org-thzbzkhozzgb", "is_default": false, "default_role": "reader", "has_virtual_kube": false}
INFO     [ğŸ“˜TEST_INFO]:reporting.py:51 âœ… STEP completed: Verify People page displayed
WARNING  [ğŸ”§TEST CONFIG]:conftest.py:442 [HTTP 200] GET https://api.dev.apolo.us/apis/admin/v1/clusters/default/orgs/regression-org-thzbzkhozzgb/projects/regression-proj-uoxntinum8/users?with_user_info=true
Request Body (first 2000 chars):
<not available>
Response Body (first 2000 chars):
[{"user_name": "regression-nmbri0jckf", "project_name": "regression-proj-uoxntinum8", "cluster_name": "default", "org_name": "regression-org-thzbzkhozzgb", "role": "admin", "user_info": {"email": "regression-nmbri0jckf@apolo.us", "first_name": null, "last_name": null, "created_at": "2025-10-27T19:26:47.816981+00:00"}}]
INFO     [ğŸ“˜TEST_INFO]:reporting.py:225 ğŸ“¸ Screenshot captured and attached (success): /home/runner/work/apolo-test-automation/apolo-test-automation/reports/screenshots/verify_ui_page_displayed_success_e215cf.png
INFO     [ğŸ“˜TEST_INFO]:reporting.py:37 â–¶ï¸ STEP started: Click Invite people button
INFO     [ğŸ­ Playwright]:base_page.py:16 <ProjectPeoplePage>: Click Invite People button
WARNING  [ğŸ”§TEST CONFIG]:conftest.py:442 [HTTP 200] GET https://api.dev.apolo.us/apis/admin/v1/clusters/default/orgs/regression-org-thzbzkhozzgb/users?with_user_info=true
Request Body (first 2000 chars):
<not available>
Response Body (first 2000 chars):
[{"user_name": "regression-nl5ifkf0qd", "role": "user", "org_name": "regression-org-thzbzkhozzgb", "balance": {"spent_credits": "0"}, "user_info": {"email": "regression-nl5ifkf0qd@apolo.us", "first_name": null, "last_name": null, "created_at": "2025-10-27T19:27:39.072929+00:00"}}, {"user_name": "regression-nmbri0jckf", "role": "admin", "org_name": "regression-org-thzbzkhozzgb", "balance": {"spent_credits": "0"}, "user_info": {"email": "regression-nmbri0jckf@apolo.us", "first_name": null, "last_name": null, "created_at": "2025-10-27T19:26:47.816981+00:00"}}]
INFO     [ğŸ“˜TEST_INFO]:reporting.py:51 âœ… STEP completed: Click Invite people button
INFO     [ğŸ“˜TEST_INFO]:reporting.py:225 ğŸ“¸ Screenshot captured and attached (success): /home/runner/work/apolo-test-automation/apolo-test-automation/reports/screenshots/ui_click_invite_people_proj_people_btn_success_ae7771.png
INFO     [ğŸ“˜TEST_INFO]:reporting.py:37 â–¶ï¸ STEP started: Verify Invite project member popup displayed
INFO     [ğŸ­ Playwright]:base_page.py:16 <InviteProjMemberPopup>: Check if page loaded
INFO     [ğŸ“˜TEST_INFO]:reporting.py:51 âœ… STEP completed: Verify Invite project member popup displayed
INFO     [ğŸ“˜TEST_INFO]:reporting.py:225 ğŸ“¸ Screenshot captured and attached (success): /home/runner/work/apolo-test-automation/apolo-test-automation/reports/screenshots/verify_ui_popup_displayed_success_d7693e.png
INFO     [ğŸ“˜TEST_INFO]:reporting.py:37 â–¶ï¸ STEP started: Enter user email/username
INFO     [ğŸ­ Playwright]:base_page.py:16 <InviteProjMemberPopup>: Enter regression-nl5ifkf0qd@apolo.us
INFO     [ğŸ“˜TEST_INFO]:reporting.py:51 âœ… STEP completed: Enter user email/username
INFO     [ğŸ“˜TEST_INFO]:reporting.py:225 ğŸ“¸ Screenshot captured and attached (success): /home/runner/work/apolo-test-automation/apolo-test-automation/reports/screenshots/ui_enter_user_data_success_649483.png
INFO     [ğŸ“˜TEST_INFO]:reporting.py:37 â–¶ï¸ STEP started: Select user role
INFO     [ğŸ­ Playwright]:base_page.py:16 <InviteProjMemberPopup>: Select user role Admin
INFO     [ğŸ“˜TEST_INFO]:reporting.py:51 âœ… STEP completed: Select user role
INFO     [ğŸ“˜TEST_INFO]:reporting.py:225 ğŸ“¸ Screenshot captured and attached (success): /home/runner/work/apolo-test-automation/apolo-test-automation/reports/screenshots/ui_select_user_role_success_86bf30.png
INFO     [ğŸ“˜TEST_INFO]:reporting.py:37 â–¶ï¸ STEP started: Verify Invite user button displayed
INFO     [ğŸ­ Playwright]:base_page.py:16 <InviteProjMemberPopup>: Check if invite user regression-nl5ifkf0qd@apolo.us button displayed
INFO     [ğŸ“˜TEST_INFO]:reporting.py:51 âœ… STEP completed: Verify Invite user button displayed
INFO     [ğŸ“˜TEST_INFO]:reporting.py:225 ğŸ“¸ Screenshot captured and attached (success): /home/runner/work/apolo-test-automation/apolo-test-automation/reports/screenshots/verify_ui_invite_user_btn_displayed_success_b39ae0.png
INFO     [ğŸ“˜TEST_INFO]:reporting.py:37 â–¶ï¸ STEP started: Verify Invite button disabled
INFO     [ğŸ“˜TEST_INFO]:reporting.py:51 âœ… STEP completed: Verify Invite button disabled
INFO     [ğŸ“˜TEST_INFO]:reporting.py:225 ğŸ“¸ Screenshot captured and attached (success): /home/runner/work/apolo-test-automation/apolo-test-automation/reports/screenshots/verify_ui_invite_bth_disabled_success_3959dd.png
INFO     [ğŸ“˜TEST_INFO]:reporting.py:37 â–¶ï¸ STEP started: Click invite user button
INFO     [ğŸ­ Playwright]:base_page.py:16 <InviteProjMemberPopup>: Click invite user regression-nl5ifkf0qd@apolo.us button
INFO     [ğŸ“˜TEST_INFO]:reporting.py:51 âœ… STEP completed: Click invite user button
INFO     [ğŸ“˜TEST_INFO]:reporting.py:225 ğŸ“¸ Screenshot captured and attached (success): /home/runner/work/apolo-test-automation/apolo-test-automation/reports/screenshots/ui_click_invite_user_btn_success_9c87ad.png
INFO     [ğŸ“˜TEST_INFO]:reporting.py:37 â–¶ï¸ STEP started: Verify Invite button enabled
INFO     [ğŸ“˜TEST_INFO]:reporting.py:51 âœ… STEP completed: Verify Invite button enabled
INFO     [ğŸ“˜TEST_INFO]:reporting.py:225 ğŸ“¸ Screenshot captured and attached (success): /home/runner/work/apolo-test-automation/apolo-test-automation/reports/screenshots/verify_ui_invite_bth_enabled_success_9d85fc.png
INFO     [ğŸ“˜TEST_INFO]:reporting.py:37 â–¶ï¸ STEP started: Click Invite button
INFO     [ğŸ­ Playwright]:base_page.py:16 <InviteProjMemberPopup>: Click Invite button
INFO     [ğŸ“˜TEST_INFO]:reporting.py:51 âœ… STEP completed: Click Invite button
INFO     [ğŸ“˜TEST_INFO]:reporting.py:225 ğŸ“¸ Screenshot captured and attached (success): /home/runner/work/apolo-test-automation/apolo-test-automation/reports/screenshots/ui_click_invite_btn_success_a28025.png
INFO     [ğŸ“˜TEST_INFO]:reporting.py:37 â–¶ï¸ STEP started: Wait for Invite project member popup to disappear
INFO     [ğŸ­ Playwright]:base_page.py:16 <InviteProjMemberPopup>: Wait for Remove organization user popup to disappear
WARNING  [ğŸ”§TEST CONFIG]:conftest.py:442 [HTTP 201] POST https://api.dev.apolo.us/apis/admin/v1/clusters/default/orgs/regression-org-thzbzkhozzgb/projects/regression-proj-uoxntinum8/users
Request Body (first 2000 chars):
{"user_name":"regression-nl5ifkf0qd","role":"admin"}
Response Body (first 2000 chars):
{"user_name": "regression-nl5ifkf0qd", "project_name": "regression-proj-uoxntinum8", "cluster_name": "default", "org_name": "regression-org-thzbzkhozzgb", "role": "admin"}
WARNING  [ğŸ”§TEST CONFIG]:conftest.py:442 [HTTP 200] GET https://api.dev.apolo.us/apis/admin/v1/clusters/default/orgs/regression-org-thzbzkhozzgb/projects/regression-proj-uoxntinum8/users?with_user_info=true
Request Body (first 2000 chars):
<not available>
Response Body (first 2000 chars):
[{"user_name": "regression-nmbri0jckf", "project_name": "regression-proj-uoxntinum8", "cluster_name": "default", "org_name": "regression-org-thzbzkhozzgb", "role": "admin", "user_info": {"email": "regression-nmbri0jckf@apolo.us", "first_name": null, "last_name": null, "created_at": "2025-10-27T19:26:47.816981+00:00"}}, {"user_name": "regression-nl5ifkf0qd", "project_name": "regression-proj-uoxntinum8", "cluster_name": "default", "org_name": "regression-org-thzbzkhozzgb", "role": "admin", "user_info": {"email": "regression-nl5ifkf0qd@apolo.us", "first_name": null, "last_name": null, "created_at": "2025-10-27T19:27:39.072929+00:00"}}]
INFO     [ğŸ“˜TEST_INFO]:reporting.py:51 âœ… STEP completed: Wait for Invite project member popup to disappear
INFO     [ğŸ“˜TEST_INFO]:reporting.py:225 ğŸ“¸ Screenshot captured and attached (success): /home/runner/work/apolo-test-automation/apolo-test-automation/reports/screenshots/ui_wait_to_disappear_success_66ed3c.png
INFO     [ğŸ“˜TEST_INFO]:reporting.py:37 â–¶ï¸ STEP started: Verify People page displayed
INFO     [ğŸ­ Playwright]:base_page.py:16 <ProjectPeoplePage>: Check if page loaded
INFO     [ğŸ“˜TEST_INFO]:reporting.py:51 âœ… STEP completed: Verify People page displayed
INFO     [ğŸ“˜TEST_INFO]:reporting.py:225 ğŸ“¸ Screenshot captured and attached (success): /home/runner/work/apolo-test-automation/apolo-test-automation/reports/screenshots/verify_ui_page_displayed_success_0b6a5d.png
INFO     [ğŸ“˜TEST_INFO]:reporting.py:37 â–¶ï¸ STEP started: Verify user displayed in users list
INFO     [ğŸ­ Playwright]:base_page.py:16 <ProjectPeoplePage>: Check if user regression-nl5ifkf0qd row displayed
INFO     [ğŸ“˜TEST_INFO]:reporting.py:51 âœ… STEP completed: Verify user displayed in users list
INFO     [ğŸ“˜TEST_INFO]:reporting.py:225 ğŸ“¸ Screenshot captured and attached (success): /home/runner/work/apolo-test-automation/apolo-test-automation/reports/screenshots/verify_ui_user_displayed_in_users_list_success_5fd213.png
INFO     [ğŸ“˜TEST_INFO]:reporting.py:37 â–¶ï¸ STEP started: Verify user role is valid
INFO     [ğŸ“˜TEST_INFO]:reporting.py:51 âœ… STEP completed: Verify user role is valid
INFO     [ğŸ“˜TEST_INFO]:reporting.py:225 ğŸ“¸ Screenshot captured and attached (success): /home/runner/work/apolo-test-automation/apolo-test-automation/reports/screenshots/verify_ui_user_role_success_418678.png
INFO     [ğŸ“˜TEST_INFO]:reporting.py:51 âœ… STEP completed: Invite member to project via UI
INFO     [ğŸ“˜TEST_INFO]:reporting.py:225 ğŸ“¸ Screenshot captured and attached (success): /home/runner/work/apolo-test-automation/apolo-test-automation/reports/screenshots/ui_invite_user_to_proj_success_a034c0.png
INFO     [ğŸ“˜TEST_INFO]:reporting.py:37 â–¶ï¸ STEP started: <<User2>> :: Reload page
INFO     [ğŸ“˜TEST_INFO]:reporting.py:37 â–¶ï¸ STEP started: <<User2>> :: Reload page
WARNING  [ğŸ”§TEST CONFIG]:conftest.py:442 [HTTP 200] GET https://api.dev.apolo.us/apis/apps/v2/instances?org=regression-org-thzbzkhozzgb&project=regression-proj-uoxntinum8&cluster=default&size=100
Request Body (first 2000 chars):
<not available>
Response Body (first 2000 chars):
{"items":[],"total":0,"page":1,"size":100,"pages":0}
WARNING  [ğŸ”§TEST CONFIG]:conftest.py:442 [HTTP 200] GET https://api.dev.apolo.us/apis/apps/v2/instances?org=regression-org-thzbzkhozzgb&project=regression-proj-uoxntinum8&cluster=default&size=100
Request Body (first 2000 chars):
<not available>
Response Body (first 2000 chars):
{"items":[],"total":0,"page":1,"size":100,"pages":0}
WARNING  [ğŸ­ Playwright]:base_page.py:16 <MainPage>: Page reload took too long â€” continuing anyway.
INFO     [ğŸ“˜TEST_INFO]:reporting.py:51 âœ… STEP completed: <<User2>> :: Reload page
WARNING  [ğŸ”§TEST CONFIG]:conftest.py:442 [HTTP 200] GET https://api.dev.apolo.us/apis/apps/v2/instances?org=regression-org-thzbzkhozzgb&project=regression-proj-uoxntinum8&cluster=default&size=100
Request Body (first 2000 chars):
<not available>
Response Body (first 2000 chars):
{"items":[],"total":0,"page":1,"size":100,"pages":0}
WARNING  [ğŸ”§TEST CONFIG]:conftest.py:442 [HTTP 200] GET https://api.dev.apolo.us/apis/apps/v2/instances?org=regression-org-thzbzkhozzgb&project=regression-proj-uoxntinum8&cluster=default&size=100
Request Body (first 2000 chars):
<not available>
Response Body (first 2000 chars):
{"items":[],"total":0,"page":1,"size":100,"pages":0}
WARNING  [ğŸ“˜TEST_INFO]:reporting.py:229 âš ï¸ Could not capture screenshot (success): Page.screenshot: Timeout 30000ms exceeded.
Call log:
  - taking page screenshot

INFO     [ğŸ“˜TEST_INFO]:reporting.py:51 âœ… STEP completed: <<User2>> :: Reload page
WARNING  [ğŸ”§TEST CONFIG]:conftest.py:442 [HTTP 200] GET https://api.dev.apolo.us/apis/apps/v2/instances?org=regression-org-thzbzkhozzgb&project=regression-proj-uoxntinum8&cluster=default&size=100
Request Body (first 2000 chars):
<not available>
Response Body (first 2000 chars):
{"items":[],"total":0,"page":1,"size":100,"pages":0}
WARNING  [ğŸ”§TEST CONFIG]:conftest.py:442 [HTTP 200] GET https://api.dev.apolo.us/apis/apps/v2/instances?org=regression-org-thzbzkhozzgb&project=regression-proj-uoxntinum8&cluster=default&size=100
Request Body (first 2000 chars):
<not available>
Response Body (first 2000 chars):
{"items":[],"total":0,"page":1,"size":100,"pages":0}
WARNING  [ğŸ“˜TEST_INFO]:reporting.py:229 âš ï¸ Could not capture screenshot (success): Page.screenshot: Timeout 30000ms exceeded.
Call log:
  - taking page screenshot

INFO     [ğŸ“˜TEST_INFO]:reporting.py:37 â–¶ï¸ STEP started: <<User2>> :: Verify Apps page displayed
INFO     [ğŸ­ Playwright]:base_page.py:16 <AppsPage>: Check if page loaded
WARNING  [ğŸ”§TEST CONFIG]:conftest.py:442 [HTTP 200] GET https://api.dev.apolo.us/apis/apps/v2/instances?org=regression-org-thzbzkhozzgb&project=regression-proj-uoxntinum8&cluster=default&size=100
Request Body (first 2000 chars):
<not available>
Response Body (first 2000 chars):
{"items":[],"total":0,"page":1,"size":100,"pages":0}
WARNING  [ğŸ”§TEST CONFIG]:conftest.py:442 [HTTP 200] GET https://api.dev.apolo.us/apis/apps/v2/instances?org=regression-org-thzbzkhozzgb&project=regression-proj-uoxntinum8&cluster=default&size=100
Request Body (first 2000 chars):
<not available>
Response Body (first 2000 chars):
{"items":[],"total":0,"page":1,"size":100,"pages":0}
WARNING  [ğŸ”§TEST CONFIG]:conftest.py:442 [HTTP 200] GET https://api.dev.apolo.us/apis/apps/v2/instances?org=regression-org-thzbzkhozzgb&project=regression-proj-uoxntinum8&cluster=default&size=100
Request Body (first 2000 chars):
<not available>
Response Body (first 2000 chars):
{"items":[],"total":0,"page":1,"size":100,"pages":0}
INFO     [ğŸŒAPI_helper]:api_helper.py:54 GET https://api.dev.apolo.us/apis/admin/v1/orgs
INFO     [ğŸŒAPI_helper]:api_helper.py:175 Status: 200. Response: [{'name': 'regression-org-thzbzkhozzgb', 'balance': {'credits': '500', 'spent_credits': '0'}, 'user_default_credits': None, 'notification_intervals': {'balance_projection_seconds': [604800, 259200, 86400], 'balance_amount': [0], 'balance_depletion_seconds': [86400, 604800]}}]
INFO     [ğŸ”§TEST CONFIG]:conftest.py:293 Cleaning up 1 organisations
INFO     [ğŸŒAPI_helper]:api_helper.py:54 GET https://api.dev.apolo.us/apis/admin/v1/clusters/default/orgs/regression-org-thzbzkhozzgb/projects
INFO     [ğŸŒAPI_helper]:api_helper.py:182 Status: 200. Response: [{'name': 'regression-proj-uoxntinum8', 'cluster_name': 'default', 'org_name': 'regression-org-thzbzkhozzgb', 'is_default': False, 'default_role': 'reader', 'has_virtual_kube': False}]
INFO     [ğŸ”§TEST CONFIG]:conftest.py:310 Cleaning up 1 projects
INFO     [ğŸŒAPI_helper]:api_helper.py:196 Delete project response: <ClientResponse(https://api.dev.apolo.us/apis/admin/v1/clusters/default/orgs/regression-org-thzbzkhozzgb/projects/regression-proj-uoxntinum8) [204 No Content]>
<CIMultiDictProxy('Access-Control-Allow-Credentials': 'true', 'Date': 'Mon, 27 Oct 2025 19:36:27 GMT', 'Server': 'Python/3.13 aiohttp/3.12.15', 'Vary': 'Origin', 'x-service-version': 'platform-admin/0.0.0.post1.dev0+4cdab15', 'Via': '1.1 google', 'Alt-Svc': 'h3=":443"; ma=2592000,h3-29=":443"; ma=2592000')>

INFO     [ğŸ”§TEST CONFIG]:conftest.py:316 Deleted project: regression-proj-uoxntinum8
INFO     [ğŸŒAPI_helper]:api_helper.py:189 Delete organization response: <ClientResponse(https://api.dev.apolo.us/apis/admin/v1/orgs/regression-org-thzbzkhozzgb) [200 OK]>
<CIMultiDictProxy('Access-Control-Allow-Credentials': 'true', 'Content-Length': '274', 'Content-Type': 'application/json; charset=utf-8', 'Date': 'Mon, 27 Oct 2025 19:36:28 GMT', 'Server': 'Python/3.13 aiohttp/3.12.15', 'Vary': 'Origin', 'x-service-version': 'platform-admin/0.0.0.post1.dev0+4cdab15', 'Via': '1.1 google', 'Alt-Svc': 'h3=":443"; ma=2592000,h3-29=":443"; ma=2592000')>

INFO     [ğŸ”§TEST CONFIG]:conftest.py:329 Deleted organisation: regression-org-thzbzkhozzgb
INFO     [ğŸ”§TEST CONFIG]:conftest.py:334 Closing all browser sessions
INFO     [ğŸ”§TEST CONFIG]:conftest.py:349 Closed context
INFO     [ğŸ”§TEST CONFIG]:conftest.py:356 Closed browser
INFO     [ğŸ”§TEST CONFIG]:conftest.py:362 Stopped Playwright
INFO     [ğŸ”§TEST CONFIG]:conftest.py:349 Closed context
ERROR    [ğŸ“˜TEST_INFO]:reporting.py:56 âŒ STEP failed: <<User2>> :: Verify Apps page displayed
WARNING  [ğŸ“˜TEST_INFO]:reporting.py:229 âš ï¸ Could not capture screenshot (fail): Page.screenshot: Target page, context or browser has been closed
ERROR    [ğŸ“˜TEST_INFO]:reporting.py:95 âŒ TEST failed: Verify Admin can remove another Admin from project
Exception: [TargetClosedError] during step: <<User2>> :: Verify Apps page displayed
Message: Page.wait_for_timeout: Target page, context or browser has been closed
INFO     [ğŸ“˜TEST_INFO]:reporting.py:98 ------------------------------------------------------------
INFO     [ğŸ”§TEST CONFIG]:conftest.py:356 Closed browser
INFO     [ğŸ”§TEST CONFIG]:conftest.py:362 Stopped Playwright
INFO     [ğŸ”§TEST CONFIG]:conftest.py:367 Browser cleanup finished
INFO     [ğŸ”§TEST CONFIG]:conftest.py:89 Loading test configuration
INFO     [ğŸ”§TEST CONFIG]:conftest.py:398 Navigating to: https://console.dev.apolo.us/
INFO     [ğŸ”§TEST CONFIG]:conftest.py:95 Creating data manager
INFO     [ğŸ”§TEST CONFIG]:conftest.py:125 Creating users manager
INFO     [ğŸ”§TEST CONFIG]:conftest.py:111 Creating API helper
INFO     [ğŸ”§TEST CONFIG]:conftest.py:119 Creating Apolo CLI instance
INFO     [ğŸ”§TEST CONFIG]:conftest.py:207 Continue using UserData(email='regression-nmbri0jckf@apolo.us', username='regression-nmbri0jckf', password='%i67R2k!fW42') as main test user...
INFO     [ğŸ‘¤UsersManager]:users_manager.py:73 Setting main user to UserData(email='regression-nmbri0jckf@apolo.us', username='regression-nmbri0jckf', password='%i67R2k!fW42')
INFO     [ğŸ”§TEST CONFIG]:conftest.py:237 Continue using UserData(email='regression-nl5ifkf0qd@apolo.us', username='regression-nl5ifkf0qd', password='DUsA5bhzN7Zu') as second test user...
INFO     [ğŸ‘¤UsersManager]:users_manager.py:82 Setting second user to UserData(email='regression-nl5ifkf0qd@apolo.us', username='regression-nl5ifkf0qd', password='DUsA5bhzN7Zu')
INFO     [ğŸ“˜TEST_INFO]:reporting.py:86 ------------------------------------------------------------
INFO     [ğŸ“˜TEST_INFO]:reporting.py:87 ğŸ“ TEST started: Verify Admin can remove another Admin from project
INFO     [ğŸ“˜TEST_INFO]:reporting.py:88 ------------------------------------------------------------
INFO     [ğŸ“˜TEST_INFO]:reporting.py:37 â–¶ï¸ STEP started: Login via UI
INFO     [ğŸ“˜TEST_INFO]:reporting.py:37 â–¶ï¸ STEP started: Verify that Auth page displayed
INFO     [ğŸ­ Playwright]:base_page.py:16 <AuthPage>: Check if page loaded
WARNING  [ğŸ”§TEST CONFIG]:conftest.py:442 [HTTP 200] GET https://api.dev.apolo.us/api/v1/config
Request Body (first 2000 chars):
<not available>
Response Body (first 2000 chars):
{"authorized": false, "auth_url": "https://auth.dev.apolo.us/authorize", "token_url": "https://auth.dev.apolo.us/oauth/token", "logout_url": "https://auth.dev.apolo.us/v2/logout?returnTo=https://console.dev.apolo.us", "client_id": "q3I0OzzGnTDkhRmpeJ7WWgaTCucmVxTL", "audience": "https://api.dev.apolo.us", "callback_urls": ["http://127.0.0.1:54540", "http://127.0.0.1:54541", "http://127.0.0.1:54542"], "headless_callback_url": "https://api.dev.apolo.us/oauth/show-code", "success_redirect_url": "https://api.dev.apolo.us/oauth/login"}
INFO     [ğŸ“˜TEST_INFO]:reporting.py:51 âœ… STEP completed: Verify that Auth page displayed
INFO     [ğŸ“˜TEST_INFO]:reporting.py:225 ğŸ“¸ Screenshot captured and attached (success): /home/runner/work/apolo-test-automation/apolo-test-automation/reports/screenshots/verify_ui_page_displayed_success_c00e3c.png
INFO     [ğŸ“˜TEST_INFO]:reporting.py:37 â–¶ï¸ STEP started: Click login button
INFO     [ğŸ­ Playwright]:base_page.py:16 <AuthPage>: Click log in button
INFO     [ğŸ“˜TEST_INFO]:reporting.py:51 âœ… STEP completed: Click login button
INFO     [ğŸ“˜TEST_INFO]:reporting.py:225 ğŸ“¸ Screenshot captured and attached (success): /home/runner/work/apolo-test-automation/apolo-test-automation/reports/screenshots/ui_click_login_button_success_bc1886.png
INFO     [ğŸ“˜TEST_INFO]:reporting.py:37 â–¶ï¸ STEP started: Verify that Login page displayed
INFO     [ğŸ­ Playwright]:base_page.py:16 <LoginPage>: Check if page is loaded
INFO     [ğŸ“˜TEST_INFO]:reporting.py:51 âœ… STEP completed: Verify that Login page displayed
INFO     [ğŸ“˜TEST_INFO]:reporting.py:225 ğŸ“¸ Screenshot captured and attached (success): /home/runner/work/apolo-test-automation/apolo-test-automation/reports/screenshots/verify_ui_page_displayed_success_021dc6.png
INFO     [ğŸ“˜TEST_INFO]:reporting.py:37 â–¶ï¸ STEP started: Enter email
INFO     [ğŸ­ Playwright]:base_page.py:16 <LoginPage>: Enter regression-nmbri0jckf@apolo.us email
INFO     [ğŸ“˜TEST_INFO]:reporting.py:51 âœ… STEP completed: Enter email
INFO     [ğŸ“˜TEST_INFO]:reporting.py:225 ğŸ“¸ Screenshot captured and attached (success): /home/runner/work/apolo-test-automation/apolo-test-automation/reports/screenshots/ui_enter_email_success_377e13.png
INFO     [ğŸ“˜TEST_INFO]:reporting.py:37 â–¶ï¸ STEP started: Enter password
INFO     [ğŸ­ Playwright]:base_page.py:16 <LoginPage>: Enter ********* password
INFO     [ğŸ“˜TEST_INFO]:reporting.py:51 âœ… STEP completed: Enter password
INFO     [ğŸ“˜TEST_INFO]:reporting.py:225 ğŸ“¸ Screenshot captured and attached (success): /home/runner/work/apolo-test-automation/apolo-test-automation/reports/screenshots/ui_enter_password_success_67cdd0.png
INFO     [ğŸ“˜TEST_INFO]:reporting.py:37 â–¶ï¸ STEP started: Click Continue button
INFO     [ğŸ­ Playwright]:base_page.py:16 <LoginPage>: Click continue button
WARNING  [ğŸ”§TEST CONFIG]:conftest.py:442 [HTTP 200] GET https://api.dev.apolo.us/api/v1/config
Request Body (first 2000 chars):
<not available>
Response Body (first 2000 chars):
{"authorized": true, "orgs": [], "clusters": [], "projects": [], "admin_url": "https://api.dev.apolo.us/apis/admin/v1", "auth_url": "https://auth.dev.apolo.us/authorize", "token_url": "https://auth.dev.apolo.us/oauth/token", "logout_url": "https://auth.dev.apolo.us/v2/logout?returnTo=https://console.dev.apolo.us", "client_id": "q3I0OzzGnTDkhRmpeJ7WWgaTCucmVxTL", "audience": "https://api.dev.apolo.us", "callback_urls": ["http://127.0.0.1:54540", "http://127.0.0.1:54541", "http://127.0.0.1:54542"], "headless_callback_url": "https://api.dev.apolo.us/oauth/show-code", "success_redirect_url": "https://api.dev.apolo.us/oauth/login"}
WARNING  [ğŸ”§TEST CONFIG]:conftest.py:442 [HTTP 200] GET https://api.dev.apolo.us/api/v1/users/regression-nmbri0jckf/permissions?uri=blob:
Request Body (first 2000 chars):
<not available>
Response Body (first 2000 chars):
[]
WARNING  [ğŸ”§TEST CONFIG]:conftest.py:442 [HTTP 200] GET https://api.dev.apolo.us/apis/admin/v1/invites/incoming
Request Body (first 2000 chars):
<not available>
Response Body (first 2000 chars):
[]
WARNING  [ğŸ”§TEST CONFIG]:conftest.py:442 [HTTP 200] GET https://api.dev.apolo.us/apis/admin/v1/users/regression-nmbri0jckf?include=orgs
Request Body (first 2000 chars):
<not available>
Response Body (first 2000 chars):
{"name": "regression-nmbri0jckf", "email": "regression-nmbri0jckf@apolo.us", "first_name": null, "last_name": null, "created_at": "2025-10-27T19:26:47.816981+00:00", "terms_accepted": true, "orgs": []}
WARNING  [ğŸ”§TEST CONFIG]:conftest.py:442 [HTTP 200] GET https://api.dev.apolo.us/apis/admin/v1/users/regression-nmbri0jckf?include=clusters&include=system_role
Request Body (first 2000 chars):
<not available>
Response Body (first 2000 chars):
{"name": "regression-nmbri0jckf", "email": "regression-nmbri0jckf@apolo.us", "first_name": null, "last_name": null, "created_at": "2025-10-27T19:26:47.816981+00:00", "terms_accepted": true, "clusters": []}
INFO     [ğŸ­ Playwright]:base_page.py:16 <LoginPage>: Waiting for spinner
INFO     [ğŸ­ Playwright]:base_page.py:16 <LoginPage>: Timeout error for spinner
INFO     [ğŸ“˜TEST_INFO]:reporting.py:51 âœ… STEP completed: Click Continue button
INFO     [ğŸ“˜TEST_INFO]:reporting.py:225 ğŸ“¸ Screenshot captured and attached (success): /home/runner/work/apolo-test-automation/apolo-test-automation/reports/screenshots/ui_click_continue_button_success_933bb5.png
INFO     [ğŸ“˜TEST_INFO]:reporting.py:37 â–¶ï¸ STEP started: Verify that Welcome new user page displayed
INFO     [ğŸ­ Playwright]:base_page.py:16 <WelcomeNewUserPage>: Check if page loaded
INFO     [ğŸ“˜TEST_INFO]:reporting.py:51 âœ… STEP completed: Verify that Welcome new user page displayed
INFO     [ğŸ“˜TEST_INFO]:reporting.py:225 ğŸ“¸ Screenshot captured and attached (success): /home/runner/work/apolo-test-automation/apolo-test-automation/reports/screenshots/verify_ui_page_displayed_success_d77454.png
INFO     [ğŸ“˜TEST_INFO]:reporting.py:51 âœ… STEP completed: Login via UI
INFO     [ğŸ“˜TEST_INFO]:reporting.py:225 ğŸ“¸ Screenshot captured and attached (success): /home/runner/work/apolo-test-automation/apolo-test-automation/reports/screenshots/ui_login_success_03ced7.png
INFO     [ğŸ”§TEST CONFIG]:conftest.py:398 Navigating to: https://console.dev.apolo.us/
INFO     [ğŸ“˜TEST_INFO]:reporting.py:37 â–¶ï¸ STEP started: <<User2>> :: Get second user
INFO     [ğŸ“˜TEST_INFO]:reporting.py:51 âœ… STEP completed: <<User2>> :: Get second user
INFO     [ğŸ“˜TEST_INFO]:reporting.py:225 ğŸ“¸ Screenshot captured and attached (success): /home/runner/work/apolo-test-automation/apolo-test-automation/reports/screenshots/ui_get_second_user_success_d5e6f6.png
INFO     [ğŸ“˜TEST_INFO]:reporting.py:37 â–¶ï¸ STEP started: <<User2>> :: Login via UI
INFO     [ğŸ“˜TEST_INFO]:reporting.py:37 â–¶ï¸ STEP started: <<User2>> :: Verify that Auth page displayed
INFO     [ğŸ­ Playwright]:base_page.py:16 <AuthPage>: Check if page loaded
ERROR    asyncio:base_events.py:1879 Task exception was never retrieved
future: <Task finished name='Task-1336' coro=<TestUIProjectRemoveMembers.test_admin_remove_admin_from_proj() done, defined at /home/runner/work/apolo-test-automation/apolo-test-automation/tests/reporting_hooks/reporting.py:138> exception=AssertionError('[TargetClosedError] during step: <<User2>> :: Verify Apps page displayed\nMessage: Page.wait_for_timeout: Target page, context or browser has been closed')>
Traceback (most recent call last):
  File "/home/runner/work/apolo-test-automation/apolo-test-automation/tests/reporting_hooks/reporting.py", line 49, in wrapper
    result = await func(*args, **kwargs)
             ^^^^^^^^^^^^^^^^^^^^^^^^^^^
  File "/home/runner/work/apolo-test-automation/apolo-test-automation/tests/test_cases/steps/ui_steps/page_steps_impl/apps_page_steps.py", line 14, in verify_ui_page_displayed
    assert await self._pm.apps_page.is_loaded(), "Apps page should be displayed!"
           ^^^^^^^^^^^^^^^^^^^^^^^^^^^^^^^^^^^^
  File "/home/runner/work/apolo-test-automation/apolo-test-automation/tests/components/ui/pages/apps_page.py", line 16, in is_loaded
    return await self._get_all_apps_btn().is_visible(timeout=60000)
           ^^^^^^^^^^^^^^^^^^^^^^^^^^^^^^^^^^^^^^^^^^^^^^^^^^^^^^^^
  File "/home/runner/work/apolo-test-automation/apolo-test-automation/tests/components/ui/pages/base_element.py", line 131, in is_visible
    await self.page.wait_for_timeout(interval)
  File "/home/runner/work/apolo-test-automation/apolo-test-automation/.venv/lib/python3.13/site-packages/playwright/async_api/_generated.py", line 11413, in wait_for_timeout
    await self._impl_obj.wait_for_timeout(timeout=timeout)
  File "/home/runner/work/apolo-test-automation/apolo-test-automation/.venv/lib/python3.13/site-packages/playwright/_impl/_page.py", line 1104, in wait_for_timeout
    await self._main_frame.wait_for_timeout(timeout)
  File "/home/runner/work/apolo-test-automation/apolo-test-automation/.venv/lib/python3.13/site-packages/playwright/_impl/_frame.py", line 844, in wait_for_timeout
    await self._channel.send("waitForTimeout", None, {"waitTimeout": timeout})
  File "/home/runner/work/apolo-test-automation/apolo-test-automation/.venv/lib/python3.13/site-packages/playwright/_impl/_connection.py", line 69, in send
    return await self._connection.wrap_api_call(
           ^^^^^^^^^^^^^^^^^^^^^^^^^^^^^^^^^^^^^
    ...<3 lines>...
    )
    ^
  File "/home/runner/work/apolo-test-automation/apolo-test-automation/.venv/lib/python3.13/site-packages/playwright/_impl/_connection.py", line 558, in wrap_api_call
    raise rewrite_error(error, f"{parsed_st['apiName']}: {error}") from None
playwright._impl._errors.TargetClosedError: Page.wait_for_timeout: Target page, context or browser has been closed

The above exception was the direct cause of the following exception:

Traceback (most recent call last):
  File "/home/runner/work/apolo-test-automation/apolo-test-automation/tests/reporting_hooks/reporting.py", line 146, in wrapped
    result = await method(self, *args, **kwargs)
             ^^^^^^^^^^^^^^^^^^^^^^^^^^^^^^^^^^^
  File "/home/runner/work/apolo-test-automation/apolo-test-automation/tests/reporting_hooks/reporting.py", line 91, in wrapper
    result = await func(*args, **kwargs)
             ^^^^^^^^^^^^^^^^^^^^^^^^^^^
  File "/home/runner/work/apolo-test-automation/apolo-test-automation/tests/test_cases/tests_ui/test_project_remove_members.py", line 321, in test_admin_remove_admin_from_proj
    await u2_steps.apps_page.verify_ui_page_displayed()
  File "/home/runner/work/apolo-test-automation/apolo-test-automation/tests/reporting_hooks/reporting.py", line 58, in wrapper
    raise AssertionError(formatted_msg) from e
AssertionError: [TargetClosedError] during step: <<User2>> :: Verify Apps page displayed
Message: Page.wait_for_timeout: Target page, context or browser has been closed
WARNING  [ğŸ”§TEST CONFIG]:conftest.py:442 [HTTP 200] GET https://api.dev.apolo.us/api/v1/config
Request Body (first 2000 chars):
<not available>
Response Body (first 2000 chars):
{"authorized": false, "auth_url": "https://auth.dev.apolo.us/authorize", "token_url": "https://auth.dev.apolo.us/oauth/token", "logout_url": "https://auth.dev.apolo.us/v2/logout?returnTo=https://console.dev.apolo.us", "client_id": "q3I0OzzGnTDkhRmpeJ7WWgaTCucmVxTL", "audience": "https://api.dev.apolo.us", "callback_urls": ["http://127.0.0.1:54540", "http://127.0.0.1:54541", "http://127.0.0.1:54542"], "headless_callback_url": "https://api.dev.apolo.us/oauth/show-code", "success_redirect_url": "https://api.dev.apolo.us/oauth/login"}
INFO     [ğŸ“˜TEST_INFO]:reporting.py:51 âœ… STEP completed: <<User2>> :: Verify that Auth page displayed
INFO     [ğŸ“˜TEST_INFO]:reporting.py:225 ğŸ“¸ Screenshot captured and attached (success): /home/runner/work/apolo-test-automation/apolo-test-automation/reports/screenshots/verify_ui_page_displayed_success_df90d8.png
INFO     [ğŸ“˜TEST_INFO]:reporting.py:37 â–¶ï¸ STEP started: <<User2>> :: Click login button
INFO     [ğŸ­ Playwright]:base_page.py:16 <AuthPage>: Click log in button
INFO     [ğŸ“˜TEST_INFO]:reporting.py:51 âœ… STEP completed: <<User2>> :: Click login button
INFO     [ğŸ“˜TEST_INFO]:reporting.py:225 ğŸ“¸ Screenshot captured and attached (success): /home/runner/work/apolo-test-automation/apolo-test-automation/reports/screenshots/ui_click_login_button_success_420e4e.png
INFO     [ğŸ“˜TEST_INFO]:reporting.py:37 â–¶ï¸ STEP started: <<User2>> :: Verify that Login page displayed
INFO     [ğŸ­ Playwright]:base_page.py:16 <LoginPage>: Check if page is loaded
INFO     [ğŸ“˜TEST_INFO]:reporting.py:51 âœ… STEP completed: <<User2>> :: Verify that Login page displayed
INFO     [ğŸ“˜TEST_INFO]:reporting.py:225 ğŸ“¸ Screenshot captured and attached (success): /home/runner/work/apolo-test-automation/apolo-test-automation/reports/screenshots/verify_ui_page_displayed_success_13e710.png
INFO     [ğŸ“˜TEST_INFO]:reporting.py:37 â–¶ï¸ STEP started: <<User2>> :: Enter email
INFO     [ğŸ­ Playwright]:base_page.py:16 <LoginPage>: Enter regression-nl5ifkf0qd@apolo.us email
INFO     [ğŸ“˜TEST_INFO]:reporting.py:51 âœ… STEP completed: <<User2>> :: Enter email
INFO     [ğŸ“˜TEST_INFO]:reporting.py:225 ğŸ“¸ Screenshot captured and attached (success): /home/runner/work/apolo-test-automation/apolo-test-automation/reports/screenshots/ui_enter_email_success_88bba0.png
INFO     [ğŸ“˜TEST_INFO]:reporting.py:37 â–¶ï¸ STEP started: <<User2>> :: Enter password
INFO     [ğŸ­ Playwright]:base_page.py:16 <LoginPage>: Enter ********* password
INFO     [ğŸ“˜TEST_INFO]:reporting.py:51 âœ… STEP completed: <<User2>> :: Enter password
INFO     [ğŸ“˜TEST_INFO]:reporting.py:225 ğŸ“¸ Screenshot captured and attached (success): /home/runner/work/apolo-test-automation/apolo-test-automation/reports/screenshots/ui_enter_password_success_a5001c.png
INFO     [ğŸ“˜TEST_INFO]:reporting.py:37 â–¶ï¸ STEP started: <<User2>> :: Click Continue button
INFO     [ğŸ­ Playwright]:base_page.py:16 <LoginPage>: Click continue button
WARNING  [ğŸ”§TEST CONFIG]:conftest.py:442 [HTTP 200] GET https://api.dev.apolo.us/api/v1/config
Request Body (first 2000 chars):
<not available>
Response Body (first 2000 chars):
{"authorized": true, "orgs": [], "clusters": [], "projects": [], "admin_url": "https://api.dev.apolo.us/apis/admin/v1", "auth_url": "https://auth.dev.apolo.us/authorize", "token_url": "https://auth.dev.apolo.us/oauth/token", "logout_url": "https://auth.dev.apolo.us/v2/logout?returnTo=https://console.dev.apolo.us", "client_id": "q3I0OzzGnTDkhRmpeJ7WWgaTCucmVxTL", "audience": "https://api.dev.apolo.us", "callback_urls": ["http://127.0.0.1:54540", "http://127.0.0.1:54541", "http://127.0.0.1:54542"], "headless_callback_url": "https://api.dev.apolo.us/oauth/show-code", "success_redirect_url": "https://api.dev.apolo.us/oauth/login"}
WARNING  [ğŸ”§TEST CONFIG]:conftest.py:442 [HTTP 200] GET https://api.dev.apolo.us/apis/admin/v1/users/regression-nl5ifkf0qd?include=clusters&include=system_role
Request Body (first 2000 chars):
<not available>
Response Body (first 2000 chars):
{"name": "regression-nl5ifkf0qd", "email": "regression-nl5ifkf0qd@apolo.us", "first_name": null, "last_name": null, "created_at": "2025-10-27T19:27:39.072929+00:00", "terms_accepted": true, "clusters": []}
WARNING  [ğŸ”§TEST CONFIG]:conftest.py:442 [HTTP 200] GET https://api.dev.apolo.us/api/v1/users/regression-nl5ifkf0qd/permissions?uri=blob:
Request Body (first 2000 chars):
<not available>
Response Body (first 2000 chars):
[]
WARNING  [ğŸ”§TEST CONFIG]:conftest.py:442 [HTTP 200] GET https://api.dev.apolo.us/apis/admin/v1/invites/incoming
Request Body (first 2000 chars):
<not available>
Response Body (first 2000 chars):
[]
WARNING  [ğŸ”§TEST CONFIG]:conftest.py:442 [HTTP 200] GET https://api.dev.apolo.us/apis/admin/v1/users/regression-nl5ifkf0qd?include=orgs
Request Body (first 2000 chars):
<not available>
Response Body (first 2000 chars):
{"name": "regression-nl5ifkf0qd", "email": "regression-nl5ifkf0qd@apolo.us", "first_name": null, "last_name": null, "created_at": "2025-10-27T19:27:39.072929+00:00", "terms_accepted": true, "orgs": []}
INFO     [ğŸ­ Playwright]:base_page.py:16 <LoginPage>: Waiting for spinner
INFO     [ğŸ­ Playwright]:base_page.py:16 <LoginPage>: Timeout error for spinner
INFO     [ğŸ“˜TEST_INFO]:reporting.py:51 âœ… STEP completed: <<User2>> :: Click Continue button
INFO     [ğŸ“˜TEST_INFO]:reporting.py:225 ğŸ“¸ Screenshot captured and attached (success): /home/runner/work/apolo-test-automation/apolo-test-automation/reports/screenshots/ui_click_continue_button_success_1f5852.png
INFO     [ğŸ“˜TEST_INFO]:reporting.py:37 â–¶ï¸ STEP started: <<User2>> :: Verify that Welcome new user page displayed
INFO     [ğŸ­ Playwright]:base_page.py:16 <WelcomeNewUserPage>: Check if page loaded
INFO     [ğŸ“˜TEST_INFO]:reporting.py:51 âœ… STEP completed: <<User2>> :: Verify that Welcome new user page displayed
INFO     [ğŸ“˜TEST_INFO]:reporting.py:225 ğŸ“¸ Screenshot captured and attached (success): /home/runner/work/apolo-test-automation/apolo-test-automation/reports/screenshots/verify_ui_page_displayed_success_ebcf7c.png
INFO     [ğŸ“˜TEST_INFO]:reporting.py:51 âœ… STEP completed: <<User2>> :: Login via UI
INFO     [ğŸ“˜TEST_INFO]:reporting.py:225 ğŸ“¸ Screenshot captured and attached (success): /home/runner/work/apolo-test-automation/apolo-test-automation/reports/screenshots/ui_login_success_bc3f4d.png
INFO     [ğŸ“˜TEST_INFO]:reporting.py:37 â–¶ï¸ STEP started: Add organization via API and reload page
INFO     [ğŸ”§DATA MANAGER]:test_data.py:56 Added organization: org_name=regression-org-2hgy8ihkcoz2, gherkin_name=Default-organization
INFO     [ğŸŒAPI_helper]:api_helper.py:86 POST https://api.dev.apolo.us/apis/admin/v1/orgs?skip_auto_add_to_clusters=false with data: {'name': 'regression-org-2hgy8ihkcoz2'}
INFO     [ğŸŒAPI_helper]:api_helper.py:214 Add org regression-org-2hgy8ihkcoz2 response: {'name': 'regression-org-2hgy8ihkcoz2', 'balance': {'credits': '500', 'spent_credits': '0'}, 'user_default_credits': None, 'notification_intervals': {'balance_projection_seconds': [604800, 259200, 86400], 'balance_amount': [0], 'balance_depletion_seconds': [86400, 604800]}}
INFO     [ğŸ“˜TEST_INFO]:reporting.py:37 â–¶ï¸ STEP started: Reload page
INFO     [ğŸ“˜TEST_INFO]:reporting.py:37 â–¶ï¸ STEP started: Reload page
INFO     [ğŸ­ Playwright]:base_page.py:16 <MainPage>: Waiting for spinner
WARNING  [ğŸ”§TEST CONFIG]:conftest.py:442 [HTTP 200] GET https://api.dev.apolo.us/api/v1/config
Request Body (first 2000 chars):
<not available>
Response Body (first 2000 chars):
{"authorized": true, "orgs": [{"name": "regression-org-2hgy8ihkcoz2", "role": "admin"}], "clusters": [{"name": "default", "registry_url": "https://registry.api.dev.apolo.us", "storage_url": "https://api.dev.apolo.us/api/v1/storage", "monitoring_url": "https://monitoring.api.dev.apolo.us/api/v1/jobs", "secrets_url": "https://api.dev.apolo.us/api/v1/secrets", "metrics_url": "https://grafana.dev.apolo.us", "disks_url": "https://api.dev.apolo.us/api/v1/disk", "buckets_url": "https://api.dev.apolo.us/api/v1/buckets", "resource_pool_types": [{"name": "a2-highgpu-1g", "min_size": 0, "max_size": 10, "cpu": 12.0, "available_cpu": 11.101, "memory": 89629032448, "available_memory": 80898240256, "disk_size": 523982073856, "available_disk_size": 364209683290, "nvidia_gpu": {"count": 1, "model": "NVIDIA-A100-SXM4-40GB", "memory": 42949672960}}, {"name": "a2-highgpu-2g", "min_size": 0, "max_size": 3, "cpu": 24.0, "available_cpu": 23.73, "memory": 179367243776, "available_memory": 168094003200, "disk_size": 523982073856, "available_disk_size": 364209683290, "nvidia_gpu": {"count": 1, "model": "NVIDIA-A100-SXM4-40GB", "memory": 42949672960}}, {"name": "a3-highgpu-1g", "min_size": 0, "max_size": 1, "cpu": 26.0, "available_cpu": 25, "memory": 234000000000, "available_memory": 210600000000, "disk_size": 750000000000, "available_disk_size": 750000000000, "nvidia_gpu": {"count": 1, "model": "NVIDIA-A100-SXM4-80GB", "memory": 85899345920}}, {"name": "default", "min_size": 1, "max_size": 10, "cpu": 4.0, "available_cpu": 3.021, "memory": 16776040448, "available_memory": 12439842560, "disk_size": 101203873792, "available_disk_size": 47060071478}, {"name": "g2-standard-4", "min_size": 0, "max_size": 10, "cpu": 4.0, "available_cpu": 3.121, "memory": 16776052736, "available_memory": 12490174208, "disk_size": 312594247680, "available_disk_size": 173960640047, "nvidia_gpu": {"count": 1, "model": "NVIDIA-L4", "memory": 24152899584}}], "resource_presets": [{"name": "cpu-micro", "credits_per_hour": 
INFO     [ğŸ­ Playwright]:base_page.py:16 <MainPage>: Waiting for spinner to disappear
WARNING  [ğŸ”§TEST CONFIG]:conftest.py:442 [HTTP 200] GET https://api.dev.apolo.us/apis/admin/v1/orgs/regression-org-2hgy8ihkcoz2
Request Body (first 2000 chars):
<not available>
Response Body (first 2000 chars):
{"name": "regression-org-2hgy8ihkcoz2", "balance": {"credits": "500", "spent_credits": "0"}, "user_default_credits": null, "notification_intervals": {"balance_projection_seconds": [604800, 259200, 86400], "balance_amount": [0], "balance_depletion_seconds": [86400, 604800]}}
WARNING  [ğŸ”§TEST CONFIG]:conftest.py:442 [HTTP 200] GET https://api.dev.apolo.us/api/v1/users/regression-nmbri0jckf/permissions?uri=blob:
Request Body (first 2000 chars):
<not available>
Response Body (first 2000 chars):
[{"uri": "blob://default/regression-org-2hgy8ihkcoz2", "action": "manage"}]
WARNING  [ğŸ”§TEST CONFIG]:conftest.py:442 [HTTP 200] GET https://api.dev.apolo.us/apis/admin/v1/invites/incoming
Request Body (first 2000 chars):
<not available>
Response Body (first 2000 chars):
[]
WARNING  [ğŸ”§TEST CONFIG]:conftest.py:442 [HTTP 200] GET https://api.dev.apolo.us/apis/admin/v1/users/regression-nmbri0jckf?include=orgs
Request Body (first 2000 chars):
<not available>
Response Body (first 2000 chars):
{"name": "regression-nmbri0jckf", "email": "regression-nmbri0jckf@apolo.us", "first_name": null, "last_name": null, "created_at": "2025-10-27T19:26:47.816981+00:00", "terms_accepted": true, "orgs": [{"org_name": "regression-org-2hgy8ihkcoz2", "role": "admin", "balance": {"spent_credits": "0"}}]}
WARNING  [ğŸ”§TEST CONFIG]:conftest.py:442 [HTTP 200] GET https://api.dev.apolo.us/apis/admin/v1/users/regression-nmbri0jckf?include=clusters&include=system_role
Request Body (first 2000 chars):
<not available>
Response Body (first 2000 chars):
{"name": "regression-nmbri0jckf", "email": "regression-nmbri0jckf@apolo.us", "first_name": null, "last_name": null, "created_at": "2025-10-27T19:26:47.816981+00:00", "terms_accepted": true, "clusters": [{"cluster_name": "default", "role": "admin", "org_name": "regression-org-2hgy8ihkcoz2", "balance": {"spent_credits": "0"}}]}
INFO     [ğŸ“˜TEST_INFO]:reporting.py:51 âœ… STEP completed: Reload page
WARNING  [ğŸ”§TEST CONFIG]:conftest.py:442 [HTTP 200] GET https://api.dev.apolo.us/apis/apps/v2/templates/tags
Request Body (first 2000 chars):
<not available>
Response Body (first 2000 chars):
["AI","Agent","Apache","Apolo","Apolo Files","BI","Big data","Bundle","Business Intelligence","CLI","Chat","Container","Container registry","Data","Data processing","DeepSeek","Development","Diffusion","Dify","DockerHub","Document Processing","EDA","ELT","ETL","Easy Deploy","Embeddings","GPT","GptOSS","Graph","Hugging Face","IDE","Image generation","Inference","Jupyter","Knowledge Graph","LLM","LLMops","LLaMA","LightRAG","MLOps","Meta","Mistral","NLP","Notebooks","OpenAI","PostgreSQL","Postgres","RAG","RDBMS","Shell","Spark","Stable Diffusion","Storage","Superset","Text","VSCode","Vector Search","Vector search","Vector store","Visualization","Weaviate","experiment tracking","mlflow","model registry","vLLM"]
INFO     [ğŸ“˜TEST_INFO]:reporting.py:225 ğŸ“¸ Screenshot captured and attached (success): /home/runner/work/apolo-test-automation/apolo-test-automation/reports/screenshots/ui_reload_page_success_fd5fe6.png
INFO     [ğŸ“˜TEST_INFO]:reporting.py:51 âœ… STEP completed: Reload page
INFO     [ğŸ“˜TEST_INFO]:reporting.py:225 ğŸ“¸ Screenshot captured and attached (success): /home/runner/work/apolo-test-automation/apolo-test-automation/reports/screenshots/ui_reload_page_success_cbf0be.png
INFO     [ğŸ“˜TEST_INFO]:reporting.py:51 âœ… STEP completed: Add organization via API and reload page
INFO     [ğŸ“˜TEST_INFO]:reporting.py:225 ğŸ“¸ Screenshot captured and attached (success): /home/runner/work/apolo-test-automation/apolo-test-automation/reports/screenshots/ui_add_org_api_success_1886e8.png
INFO     [ğŸ“˜TEST_INFO]:reporting.py:37 â–¶ï¸ STEP started: <<User2>> :: Click the let's do it button on Welcome page
INFO     [ğŸ­ Playwright]:base_page.py:16 <WelcomeNewUserPage>: Click lets do it button
INFO     [ğŸ“˜TEST_INFO]:reporting.py:51 âœ… STEP completed: <<User2>> :: Click the let's do it button on Welcome page
INFO     [ğŸ“˜TEST_INFO]:reporting.py:225 ğŸ“¸ Screenshot captured and attached (success): /home/runner/work/apolo-test-automation/apolo-test-automation/reports/screenshots/ui_click_lets_do_it_button_success_480181.png
INFO     [ğŸ“˜TEST_INFO]:reporting.py:37 â–¶ï¸ STEP started: Add user to organization via API and reload page
INFO     [ğŸŒAPI_helper]:api_helper.py:86 POST https://api.dev.apolo.us/apis/admin/v1/orgs/regression-org-2hgy8ihkcoz2/users?with_user_info=false with data: {'user_name': 'regression-nl5ifkf0qd', 'role': 'user'}
INFO     [ğŸŒAPI_helper]:api_helper.py:206 Add user regression-nl5ifkf0qd to org response: {'user_name': 'regression-nl5ifkf0qd', 'role': 'user', 'balance': {'spent_credits': '0'}}
INFO     [ğŸ“˜TEST_INFO]:reporting.py:37 â–¶ï¸ STEP started: Reload page
INFO     [ğŸ“˜TEST_INFO]:reporting.py:37 â–¶ï¸ STEP started: Reload page
INFO     [ğŸ­ Playwright]:base_page.py:16 <MainPage>: Waiting for spinner
WARNING  [ğŸ”§TEST CONFIG]:conftest.py:442 [HTTP 200] GET https://api.dev.apolo.us/api/v1/config
Request Body (first 2000 chars):
<not available>
Response Body (first 2000 chars):
{"authorized": true, "orgs": [{"name": "regression-org-2hgy8ihkcoz2", "role": "admin"}], "clusters": [{"name": "default", "registry_url": "https://registry.api.dev.apolo.us", "storage_url": "https://api.dev.apolo.us/api/v1/storage", "monitoring_url": "https://monitoring.api.dev.apolo.us/api/v1/jobs", "secrets_url": "https://api.dev.apolo.us/api/v1/secrets", "metrics_url": "https://grafana.dev.apolo.us", "disks_url": "https://api.dev.apolo.us/api/v1/disk", "buckets_url": "https://api.dev.apolo.us/api/v1/buckets", "resource_pool_types": [{"name": "a2-highgpu-1g", "min_size": 0, "max_size": 10, "cpu": 12.0, "available_cpu": 11.101, "memory": 89629032448, "available_memory": 80898240256, "disk_size": 523982073856, "available_disk_size": 364209683290, "nvidia_gpu": {"count": 1, "model": "NVIDIA-A100-SXM4-40GB", "memory": 42949672960}}, {"name": "a2-highgpu-2g", "min_size": 0, "max_size": 3, "cpu": 24.0, "available_cpu": 23.73, "memory": 179367243776, "available_memory": 168094003200, "disk_size": 523982073856, "available_disk_size": 364209683290, "nvidia_gpu": {"count": 1, "model": "NVIDIA-A100-SXM4-40GB", "memory": 42949672960}}, {"name": "a3-highgpu-1g", "min_size": 0, "max_size": 1, "cpu": 26.0, "available_cpu": 25, "memory": 234000000000, "available_memory": 210600000000, "disk_size": 750000000000, "available_disk_size": 750000000000, "nvidia_gpu": {"count": 1, "model": "NVIDIA-A100-SXM4-80GB", "memory": 85899345920}}, {"name": "default", "min_size": 1, "max_size": 10, "cpu": 4.0, "available_cpu": 3.021, "memory": 16776040448, "available_memory": 12439842560, "disk_size": 101203873792, "available_disk_size": 47060071478}, {"name": "g2-standard-4", "min_size": 0, "max_size": 10, "cpu": 4.0, "available_cpu": 3.121, "memory": 16776052736, "available_memory": 12490174208, "disk_size": 312594247680, "available_disk_size": 173960640047, "nvidia_gpu": {"count": 1, "model": "NVIDIA-L4", "memory": 24152899584}}], "resource_presets": [{"name": "cpu-micro", "credits_per_hour": 
WARNING  [ğŸ”§TEST CONFIG]:conftest.py:442 [HTTP 200] GET https://api.dev.apolo.us/api/v1/users/regression-nmbri0jckf/permissions?uri=blob:
Request Body (first 2000 chars):
<not available>
Response Body (first 2000 chars):
[{"uri": "blob://default/regression-org-2hgy8ihkcoz2", "action": "manage"}]
WARNING  [ğŸ”§TEST CONFIG]:conftest.py:442 [HTTP 200] GET https://api.dev.apolo.us/apis/admin/v1/invites/incoming
Request Body (first 2000 chars):
<not available>
Response Body (first 2000 chars):
[]
INFO     [ğŸ­ Playwright]:base_page.py:16 <MainPage>: Waiting for spinner to disappear
WARNING  [ğŸ”§TEST CONFIG]:conftest.py:442 [HTTP 200] GET https://api.dev.apolo.us/apis/admin/v1/orgs/regression-org-2hgy8ihkcoz2
Request Body (first 2000 chars):
<not available>
Response Body (first 2000 chars):
{"name": "regression-org-2hgy8ihkcoz2", "balance": {"credits": "500", "spent_credits": "0"}, "user_default_credits": null, "notification_intervals": {"balance_projection_seconds": [604800, 259200, 86400], "balance_amount": [0], "balance_depletion_seconds": [86400, 604800]}}
WARNING  [ğŸ”§TEST CONFIG]:conftest.py:442 [HTTP 200] GET https://api.dev.apolo.us/apis/admin/v1/users/regression-nmbri0jckf?include=orgs
Request Body (first 2000 chars):
<not available>
Response Body (first 2000 chars):
{"name": "regression-nmbri0jckf", "email": "regression-nmbri0jckf@apolo.us", "first_name": null, "last_name": null, "created_at": "2025-10-27T19:26:47.816981+00:00", "terms_accepted": true, "orgs": [{"org_name": "regression-org-2hgy8ihkcoz2", "role": "admin", "balance": {"spent_credits": "0"}}]}
WARNING  [ğŸ”§TEST CONFIG]:conftest.py:442 [HTTP 200] GET https://api.dev.apolo.us/apis/admin/v1/users/regression-nmbri0jckf?include=clusters&include=system_role
Request Body (first 2000 chars):
<not available>
Response Body (first 2000 chars):
{"name": "regression-nmbri0jckf", "email": "regression-nmbri0jckf@apolo.us", "first_name": null, "last_name": null, "created_at": "2025-10-27T19:26:47.816981+00:00", "terms_accepted": true, "clusters": [{"cluster_name": "default", "role": "admin", "org_name": "regression-org-2hgy8ihkcoz2", "balance": {"spent_credits": "0"}}]}
WARNING  [ğŸ”§TEST CONFIG]:conftest.py:442 [HTTP 200] GET https://api.dev.apolo.us/apis/apps/v2/templates/tags
Request Body (first 2000 chars):
<not available>
Response Body (first 2000 chars):
["AI","Agent","Apache","Apolo","Apolo Files","BI","Big data","Bundle","Business Intelligence","CLI","Chat","Container","Container registry","Data","Data processing","DeepSeek","Development","Diffusion","Dify","DockerHub","Document Processing","EDA","ELT","ETL","Easy Deploy","Embeddings","GPT","GptOSS","Graph","Hugging Face","IDE","Image generation","Inference","Jupyter","Knowledge Graph","LLM","LLMops","LLaMA","LightRAG","MLOps","Meta","Mistral","NLP","Notebooks","OpenAI","PostgreSQL","Postgres","RAG","RDBMS","Shell","Spark","Stable Diffusion","Storage","Superset","Text","VSCode","Vector Search","Vector search","Vector store","Visualization","Weaviate","experiment tracking","mlflow","model registry","vLLM"]
INFO     [ğŸ“˜TEST_INFO]:reporting.py:51 âœ… STEP completed: Reload page
INFO     [ğŸ“˜TEST_INFO]:reporting.py:225 ğŸ“¸ Screenshot captured and attached (success): /home/runner/work/apolo-test-automation/apolo-test-automation/reports/screenshots/ui_reload_page_success_ee6df8.png
INFO     [ğŸ“˜TEST_INFO]:reporting.py:51 âœ… STEP completed: Reload page
INFO     [ğŸ“˜TEST_INFO]:reporting.py:225 ğŸ“¸ Screenshot captured and attached (success): /home/runner/work/apolo-test-automation/apolo-test-automation/reports/screenshots/ui_reload_page_success_e56734.png
INFO     [ğŸ“˜TEST_INFO]:reporting.py:37 â–¶ï¸ STEP started: Click User Organization settings button
INFO     [ğŸ­ Playwright]:base_page.py:16 <MainPage>: Click organization settings button
INFO     [ğŸ“˜TEST_INFO]:reporting.py:51 âœ… STEP completed: Click User Organization settings button
INFO     [ğŸ“˜TEST_INFO]:reporting.py:225 ğŸ“¸ Screenshot captured and attached (success): /home/runner/work/apolo-test-automation/apolo-test-automation/reports/screenshots/ui_click_organization_settings_button_success_f1a5b4.png
INFO     [ğŸ“˜TEST_INFO]:reporting.py:37 â–¶ï¸ STEP started: Verify that Organization settings pop up displayed
INFO     [ğŸ­ Playwright]:base_page.py:16 <OrganizationSettingsPopup>: Check if page loaded
INFO     [ğŸ“˜TEST_INFO]:reporting.py:51 âœ… STEP completed: Verify that Organization settings pop up displayed
INFO     [ğŸ“˜TEST_INFO]:reporting.py:225 ğŸ“¸ Screenshot captured and attached (success): /home/runner/work/apolo-test-automation/apolo-test-automation/reports/screenshots/verify_ui_popup_displayed_success_1740a7.png
INFO     [ğŸ“˜TEST_INFO]:reporting.py:37 â–¶ï¸ STEP started: Click People button
INFO     [ğŸ­ Playwright]:base_page.py:16 <OrganizationSettingsPopup>: Click People button
INFO     [ğŸ­ Playwright]:base_page.py:16 <OrganizationSettingsPopup>: Waiting for spinner
INFO     [ğŸ­ Playwright]:base_page.py:16 <OrganizationSettingsPopup>: Waiting for spinner to disappear
WARNING  [ğŸ”§TEST CONFIG]:conftest.py:442 [HTTP 200] GET https://api.dev.apolo.us/apis/admin/v1/invites
Request Body (first 2000 chars):
<not available>
Response Body (first 2000 chars):
[]
WARNING  [ğŸ”§TEST CONFIG]:conftest.py:442 [HTTP 200] GET https://api.dev.apolo.us/apis/admin/v1/orgs/regression-org-2hgy8ihkcoz2/users/regression-nmbri0jckf
Request Body (first 2000 chars):
<not available>
Response Body (first 2000 chars):
{"user_name": "regression-nmbri0jckf", "role": "admin", "balance": {"spent_credits": "0"}}
WARNING  [ğŸ”§TEST CONFIG]:conftest.py:442 [HTTP 200] GET https://api.dev.apolo.us/apis/admin/v1/orgs/regression-org-2hgy8ihkcoz2/users?with_user_info=true
Request Body (first 2000 chars):
<not available>
Response Body (first 2000 chars):
[{"user_name": "regression-nl5ifkf0qd", "role": "user", "balance": {"spent_credits": "0"}, "user_info": {"email": "regression-nl5ifkf0qd@apolo.us", "first_name": null, "last_name": null, "created_at": "2025-10-27T19:27:39.072929+00:00"}}, {"user_name": "regression-nmbri0jckf", "role": "admin", "balance": {"spent_credits": "0"}, "user_info": {"email": "regression-nmbri0jckf@apolo.us", "first_name": null, "last_name": null, "created_at": "2025-10-27T19:26:47.816981+00:00"}}]
INFO     [ğŸ“˜TEST_INFO]:reporting.py:51 âœ… STEP completed: Click People button
INFO     [ğŸ“˜TEST_INFO]:reporting.py:225 ğŸ“¸ Screenshot captured and attached (success): /home/runner/work/apolo-test-automation/apolo-test-automation/reports/screenshots/ui_click_people_button_success_3394e8.png
INFO     [ğŸ“˜TEST_INFO]:reporting.py:37 â–¶ï¸ STEP started: Verify that Organization people page displayed
INFO     [ğŸ­ Playwright]:base_page.py:16 <OrganizationPeoplePage>: Check if page loaded
INFO     [ğŸ“˜TEST_INFO]:reporting.py:51 âœ… STEP completed: Verify that Organization people page displayed
INFO     [ğŸ“˜TEST_INFO]:reporting.py:225 ğŸ“¸ Screenshot captured and attached (success): /home/runner/work/apolo-test-automation/apolo-test-automation/reports/screenshots/verify_ui_page_displayed_success_46f1d4.png
INFO     [ğŸ“˜TEST_INFO]:reporting.py:51 âœ… STEP completed: Add user to organization via API and reload page
INFO     [ğŸ“˜TEST_INFO]:reporting.py:225 ğŸ“¸ Screenshot captured and attached (success): /home/runner/work/apolo-test-automation/apolo-test-automation/reports/screenshots/ui_add_user_to_org_api_success_c320f6.png
INFO     [ğŸ“˜TEST_INFO]:reporting.py:37 â–¶ï¸ STEP started: <<User2>> :: Reload page
INFO     [ğŸ“˜TEST_INFO]:reporting.py:37 â–¶ï¸ STEP started: <<User2>> :: Reload page
INFO     [ğŸ­ Playwright]:base_page.py:16 <MainPage>: Waiting for spinner
WARNING  [ğŸ”§TEST CONFIG]:conftest.py:442 [HTTP 200] GET https://api.dev.apolo.us/api/v1/config
Request Body (first 2000 chars):
<not available>
Response Body (first 2000 chars):
{"authorized": true, "orgs": [{"name": "regression-org-2hgy8ihkcoz2", "role": "user"}], "clusters": [{"name": "default", "registry_url": "https://registry.api.dev.apolo.us", "storage_url": "https://api.dev.apolo.us/api/v1/storage", "monitoring_url": "https://monitoring.api.dev.apolo.us/api/v1/jobs", "secrets_url": "https://api.dev.apolo.us/api/v1/secrets", "metrics_url": "https://grafana.dev.apolo.us", "disks_url": "https://api.dev.apolo.us/api/v1/disk", "buckets_url": "https://api.dev.apolo.us/api/v1/buckets", "resource_pool_types": [{"name": "a2-highgpu-1g", "min_size": 0, "max_size": 10, "cpu": 12.0, "available_cpu": 11.101, "memory": 89629032448, "available_memory": 80898240256, "disk_size": 523982073856, "available_disk_size": 364209683290, "nvidia_gpu": {"count": 1, "model": "NVIDIA-A100-SXM4-40GB", "memory": 42949672960}}, {"name": "a2-highgpu-2g", "min_size": 0, "max_size": 3, "cpu": 24.0, "available_cpu": 23.73, "memory": 179367243776, "available_memory": 168094003200, "disk_size": 523982073856, "available_disk_size": 364209683290, "nvidia_gpu": {"count": 1, "model": "NVIDIA-A100-SXM4-40GB", "memory": 42949672960}}, {"name": "a3-highgpu-1g", "min_size": 0, "max_size": 1, "cpu": 26.0, "available_cpu": 25, "memory": 234000000000, "available_memory": 210600000000, "disk_size": 750000000000, "available_disk_size": 750000000000, "nvidia_gpu": {"count": 1, "model": "NVIDIA-A100-SXM4-80GB", "memory": 85899345920}}, {"name": "default", "min_size": 1, "max_size": 10, "cpu": 4.0, "available_cpu": 3.021, "memory": 16776040448, "available_memory": 12439842560, "disk_size": 101203873792, "available_disk_size": 47060071478}, {"name": "g2-standard-4", "min_size": 0, "max_size": 10, "cpu": 4.0, "available_cpu": 3.121, "memory": 16776052736, "available_memory": 12490174208, "disk_size": 312594247680, "available_disk_size": 173960640047, "nvidia_gpu": {"count": 1, "model": "NVIDIA-L4", "memory": 24152899584}}], "resource_presets": [{"name": "cpu-micro", "credits_per_hour": "
WARNING  [ğŸ”§TEST CONFIG]:conftest.py:442 [HTTP 200] GET https://api.dev.apolo.us/api/v1/users/regression-nl5ifkf0qd/permissions?uri=blob:
Request Body (first 2000 chars):
<not available>
Response Body (first 2000 chars):
[]
WARNING  [ğŸ”§TEST CONFIG]:conftest.py:442 [HTTP 200] GET https://api.dev.apolo.us/apis/admin/v1/invites/incoming
Request Body (first 2000 chars):
<not available>
Response Body (first 2000 chars):
[]
INFO     [ğŸ­ Playwright]:base_page.py:16 <MainPage>: Waiting for spinner to disappear
WARNING  [ğŸ”§TEST CONFIG]:conftest.py:442 [HTTP 200] GET https://api.dev.apolo.us/apis/admin/v1/users/regression-nl5ifkf0qd?include=clusters&include=system_role
Request Body (first 2000 chars):
<not available>
Response Body (first 2000 chars):
{"name": "regression-nl5ifkf0qd", "email": "regression-nl5ifkf0qd@apolo.us", "first_name": null, "last_name": null, "created_at": "2025-10-27T19:27:39.072929+00:00", "terms_accepted": true, "clusters": [{"cluster_name": "default", "role": "user", "org_name": "regression-org-2hgy8ihkcoz2", "balance": {"spent_credits": "0"}}]}
WARNING  [ğŸ”§TEST CONFIG]:conftest.py:442 [HTTP 200] GET https://api.dev.apolo.us/apis/admin/v1/orgs/regression-org-2hgy8ihkcoz2
Request Body (first 2000 chars):
<not available>
Response Body (first 2000 chars):
{"name": "regression-org-2hgy8ihkcoz2", "balance": {"credits": "500", "spent_credits": "0"}, "user_default_credits": null, "notification_intervals": {"balance_projection_seconds": [604800, 259200, 86400], "balance_amount": [0], "balance_depletion_seconds": [86400, 604800]}}
WARNING  [ğŸ”§TEST CONFIG]:conftest.py:442 [HTTP 200] GET https://api.dev.apolo.us/apis/admin/v1/users/regression-nl5ifkf0qd?include=orgs
Request Body (first 2000 chars):
<not available>
Response Body (first 2000 chars):
{"name": "regression-nl5ifkf0qd", "email": "regression-nl5ifkf0qd@apolo.us", "first_name": null, "last_name": null, "created_at": "2025-10-27T19:27:39.072929+00:00", "terms_accepted": true, "orgs": [{"org_name": "regression-org-2hgy8ihkcoz2", "role": "user", "balance": {"spent_credits": "0"}}]}
WARNING  [ğŸ”§TEST CONFIG]:conftest.py:442 [HTTP 200] GET https://api.dev.apolo.us/apis/apps/v2/templates/tags
Request Body (first 2000 chars):
<not available>
Response Body (first 2000 chars):
["AI","Agent","Apache","Apolo","Apolo Files","BI","Big data","Bundle","Business Intelligence","CLI","Chat","Container","Container registry","Data","Data processing","DeepSeek","Development","Diffusion","Dify","DockerHub","Document Processing","EDA","ELT","ETL","Easy Deploy","Embeddings","GPT","GptOSS","Graph","Hugging Face","IDE","Image generation","Inference","Jupyter","Knowledge Graph","LLM","LLMops","LLaMA","LightRAG","MLOps","Meta","Mistral","NLP","Notebooks","OpenAI","PostgreSQL","Postgres","RAG","RDBMS","Shell","Spark","Stable Diffusion","Storage","Superset","Text","VSCode","Vector Search","Vector search","Vector store","Visualization","Weaviate","experiment tracking","mlflow","model registry","vLLM"]
INFO     [ğŸ“˜TEST_INFO]:reporting.py:51 âœ… STEP completed: <<User2>> :: Reload page
INFO     [ğŸ“˜TEST_INFO]:reporting.py:225 ğŸ“¸ Screenshot captured and attached (success): /home/runner/work/apolo-test-automation/apolo-test-automation/reports/screenshots/ui_reload_page_success_a77be6.png
INFO     [ğŸ“˜TEST_INFO]:reporting.py:51 âœ… STEP completed: <<User2>> :: Reload page
INFO     [ğŸ“˜TEST_INFO]:reporting.py:225 ğŸ“¸ Screenshot captured and attached (success): /home/runner/work/apolo-test-automation/apolo-test-automation/reports/screenshots/ui_reload_page_success_ec0fb3.png
INFO     [ğŸ“˜TEST_INFO]:reporting.py:37 â–¶ï¸ STEP started: <<User2>> :: Verify project creation message is displayed
INFO     [ğŸ­ Playwright]:base_page.py:16 <MainPage>: Check if create project text field displayed
INFO     [ğŸ“˜TEST_INFO]:reporting.py:51 âœ… STEP completed: <<User2>> :: Verify project creation message is displayed
INFO     [ğŸ“˜TEST_INFO]:reporting.py:225 ğŸ“¸ Screenshot captured and attached (success): /home/runner/work/apolo-test-automation/apolo-test-automation/reports/screenshots/verify_ui_create_project_message_displayed_success_99d400.png
INFO     [ğŸ“˜TEST_INFO]:reporting.py:37 â–¶ï¸ STEP started: Add project via API and reload page
INFO     [ğŸŒAPI_helper]:api_helper.py:86 POST https://api.dev.apolo.us/apis/admin/v1/clusters/default/orgs/regression-org-2hgy8ihkcoz2/projects with data: {'name': 'regression-proj-9gybnkbfga', 'default_role': 'reader', 'is_default': False}
INFO     [ğŸŒAPI_helper]:api_helper.py:233 Add proj regression-org-2hgy8ihkcoz2 response: {'name': 'regression-proj-9gybnkbfga', 'cluster_name': 'default', 'org_name': 'regression-org-2hgy8ihkcoz2', 'is_default': False, 'default_role': 'reader', 'has_virtual_kube': False}
INFO     [ğŸ“˜TEST_INFO]:reporting.py:37 â–¶ï¸ STEP started: Reload page
INFO     [ğŸ“˜TEST_INFO]:reporting.py:37 â–¶ï¸ STEP started: Reload page
INFO     [ğŸ­ Playwright]:base_page.py:16 <MainPage>: Waiting for spinner
WARNING  [ğŸ”§TEST CONFIG]:conftest.py:442 [HTTP 200] GET https://api.dev.apolo.us/api/v1/config
Request Body (first 2000 chars):
<not available>
Response Body (first 2000 chars):
{"authorized": true, "orgs": [{"name": "regression-org-2hgy8ihkcoz2", "role": "admin"}], "clusters": [{"name": "default", "registry_url": "https://registry.api.dev.apolo.us", "storage_url": "https://api.dev.apolo.us/api/v1/storage", "monitoring_url": "https://monitoring.api.dev.apolo.us/api/v1/jobs", "secrets_url": "https://api.dev.apolo.us/api/v1/secrets", "metrics_url": "https://grafana.dev.apolo.us", "disks_url": "https://api.dev.apolo.us/api/v1/disk", "buckets_url": "https://api.dev.apolo.us/api/v1/buckets", "resource_pool_types": [{"name": "a2-highgpu-1g", "min_size": 0, "max_size": 10, "cpu": 12.0, "available_cpu": 11.101, "memory": 89629032448, "available_memory": 80898240256, "disk_size": 523982073856, "available_disk_size": 364209683290, "nvidia_gpu": {"count": 1, "model": "NVIDIA-A100-SXM4-40GB", "memory": 42949672960}}, {"name": "a2-highgpu-2g", "min_size": 0, "max_size": 3, "cpu": 24.0, "available_cpu": 23.73, "memory": 179367243776, "available_memory": 168094003200, "disk_size": 523982073856, "available_disk_size": 364209683290, "nvidia_gpu": {"count": 1, "model": "NVIDIA-A100-SXM4-40GB", "memory": 42949672960}}, {"name": "a3-highgpu-1g", "min_size": 0, "max_size": 1, "cpu": 26.0, "available_cpu": 25, "memory": 234000000000, "available_memory": 210600000000, "disk_size": 750000000000, "available_disk_size": 750000000000, "nvidia_gpu": {"count": 1, "model": "NVIDIA-A100-SXM4-80GB", "memory": 85899345920}}, {"name": "default", "min_size": 1, "max_size": 10, "cpu": 4.0, "available_cpu": 3.021, "memory": 16776040448, "available_memory": 12439842560, "disk_size": 101203873792, "available_disk_size": 47060071478}, {"name": "g2-standard-4", "min_size": 0, "max_size": 10, "cpu": 4.0, "available_cpu": 3.121, "memory": 16776052736, "available_memory": 12490174208, "disk_size": 312594247680, "available_disk_size": 173960640047, "nvidia_gpu": {"count": 1, "model": "NVIDIA-L4", "memory": 24152899584}}], "resource_presets": [{"name": "cpu-micro", "credits_per_hour": 
INFO     [ğŸ­ Playwright]:base_page.py:16 <MainPage>: Waiting for spinner to disappear
WARNING  [ğŸ”§TEST CONFIG]:conftest.py:442 [HTTP 200] GET https://api.dev.apolo.us/apis/admin/v1/users/regression-nmbri0jckf?include=clusters&include=system_role
Request Body (first 2000 chars):
<not available>
Response Body (first 2000 chars):
{"name": "regression-nmbri0jckf", "email": "regression-nmbri0jckf@apolo.us", "first_name": null, "last_name": null, "created_at": "2025-10-27T19:26:47.816981+00:00", "terms_accepted": true, "clusters": [{"cluster_name": "default", "role": "admin", "org_name": "regression-org-2hgy8ihkcoz2", "balance": {"spent_credits": "0"}}]}
WARNING  [ğŸ”§TEST CONFIG]:conftest.py:442 [HTTP 200] GET https://api.dev.apolo.us/api/v1/users/regression-nmbri0jckf/permissions?uri=blob:
Request Body (first 2000 chars):
<not available>
Response Body (first 2000 chars):
[{"uri": "blob://default/regression-org-2hgy8ihkcoz2", "action": "manage"}]
WARNING  [ğŸ”§TEST CONFIG]:conftest.py:442 [HTTP 200] GET https://api.dev.apolo.us/apis/admin/v1/invites/incoming
Request Body (first 2000 chars):
<not available>
Response Body (first 2000 chars):
[]
WARNING  [ğŸ”§TEST CONFIG]:conftest.py:442 [HTTP 200] GET https://api.dev.apolo.us/apis/admin/v1/users/regression-nmbri0jckf?include=orgs
Request Body (first 2000 chars):
<not available>
Response Body (first 2000 chars):
{"name": "regression-nmbri0jckf", "email": "regression-nmbri0jckf@apolo.us", "first_name": null, "last_name": null, "created_at": "2025-10-27T19:26:47.816981+00:00", "terms_accepted": true, "orgs": [{"org_name": "regression-org-2hgy8ihkcoz2", "role": "admin", "balance": {"spent_credits": "0"}}]}
WARNING  [ğŸ”§TEST CONFIG]:conftest.py:442 [HTTP 200] GET https://api.dev.apolo.us/apis/admin/v1/orgs/regression-org-2hgy8ihkcoz2
Request Body (first 2000 chars):
<not available>
Response Body (first 2000 chars):
{"name": "regression-org-2hgy8ihkcoz2", "balance": {"credits": "500", "spent_credits": "0"}, "user_default_credits": null, "notification_intervals": {"balance_projection_seconds": [604800, 259200, 86400], "balance_amount": [0], "balance_depletion_seconds": [86400, 604800]}}
WARNING  [ğŸ”§TEST CONFIG]:conftest.py:442 [HTTP 200] GET https://api.dev.apolo.us/apis/admin/v1/invites
Request Body (first 2000 chars):
<not available>
Response Body (first 2000 chars):
[]
WARNING  [ğŸ”§TEST CONFIG]:conftest.py:442 [HTTP 200] GET https://api.dev.apolo.us/apis/admin/v1/orgs/regression-org-2hgy8ihkcoz2/users/regression-nmbri0jckf
Request Body (first 2000 chars):
<not available>
Response Body (first 2000 chars):
{"user_name": "regression-nmbri0jckf", "role": "admin", "balance": {"spent_credits": "0"}}
WARNING  [ğŸ”§TEST CONFIG]:conftest.py:442 [HTTP 200] GET https://api.dev.apolo.us/apis/admin/v1/orgs/regression-org-2hgy8ihkcoz2/users?with_user_info=true
Request Body (first 2000 chars):
<not available>
Response Body (first 2000 chars):
[{"user_name": "regression-nl5ifkf0qd", "role": "user", "balance": {"spent_credits": "0"}, "user_info": {"email": "regression-nl5ifkf0qd@apolo.us", "first_name": null, "last_name": null, "created_at": "2025-10-27T19:27:39.072929+00:00"}}, {"user_name": "regression-nmbri0jckf", "role": "admin", "balance": {"spent_credits": "0"}, "user_info": {"email": "regression-nmbri0jckf@apolo.us", "first_name": null, "last_name": null, "created_at": "2025-10-27T19:26:47.816981+00:00"}}]
WARNING  [ğŸ”§TEST CONFIG]:conftest.py:442 [HTTP 200] GET https://api.dev.apolo.us/apis/apps/v2/instances?org=regression-org-2hgy8ihkcoz2&project=regression-proj-9gybnkbfga&cluster=default&size=100
Request Body (first 2000 chars):
<not available>
Response Body (first 2000 chars):
{"items":[],"total":0,"page":1,"size":100,"pages":0}
WARNING  [ğŸ”§TEST CONFIG]:conftest.py:442 [HTTP 200] GET https://api.dev.apolo.us/apis/apps/v2/templates
Request Body (first 2000 chars):
<not available>
Response Body (first 2000 chars):
{"items":[{"name":"aws-s3","title":"AWS S3","pub_date":"2025-01-01T00:00:00Z","description":"AWS S3 Storage","short_description":"","schema_version":1,"version":"HEAD","input":{"$defs":{"ApoloSecret":{"properties":{"key":{"title":"Key","type":"string"}},"required":["key"],"title":"ApoloSecret","type":"object","x-description":"Apolo Secret Configuration.","x-is-advanced-field":false,"x-meta-type":"inline","x-title":"Secret","x-type":"ApoloSecret"},"S3Params":{"properties":{"port":{"title":"Port","type":"integer"},"host":{"anyOf":[{"type":"string"},{"type":"null"}],"default":null,"title":"Host"},"bucket":{"anyOf":[{"type":"string"},{"type":"null"}],"default":null,"title":"Bucket"},"access_key":{"anyOf":[{"type":"string"},{"type":"null"}],"default":null,"title":"Access Key"},"secret_key":{"anyOf":[{"$ref":"#/$defs/ApoloSecret"},{"type":"null"}],"default":null}},"required":["port"],"title":"S3Params","type":"object"}},"properties":{"s3":{"$ref":"#/$defs/S3Params"}},"required":["s3"],"title":"AwsS3Input","type":"object"},"output":{"$defs":{"ApoloSecret":{"properties":{"key":{"title":"Key","type":"string"}},"required":["key"],"title":"ApoloSecret","type":"object","x-description":"Apolo Secret Configuration.","x-is-advanced-field":false,"x-meta-type":"inline","x-title":"Secret","x-type":"ApoloSecret"},"S3Params":{"properties":{"port":{"title":"Port","type":"integer"},"host":{"anyOf":[{"type":"string"},{"type":"null"}],"default":null,"title":"Host"},"bucket":{"anyOf":[{"type":"string"},{"type":"null"}],"default":null,"title":"Bucket"},"access_key":{"anyOf":[{"type":"string"},{"type":"null"}],"default":null,"title":"Access Key"},"secret_key":{"anyOf":[{"$ref":"#/$defs/ApoloSecret"},{"type":"null"}],"default":null}},"required":["port"],"title":"S3Params","type":"object"}},"properties":{"s3":{"$ref":"#/$defs/S3Params"}},"required":["s3"],"title":"AwsS3Output","type":"object"},"tags":[],"git_url":"","helm_path":"helm","type":"appless","logo":"","changelog":"","assets":[],"docum
INFO     [ğŸ“˜TEST_INFO]:reporting.py:51 âœ… STEP completed: Reload page
INFO     [ğŸ“˜TEST_INFO]:reporting.py:225 ğŸ“¸ Screenshot captured and attached (success): /home/runner/work/apolo-test-automation/apolo-test-automation/reports/screenshots/ui_reload_page_success_ca521e.png
INFO     [ğŸ“˜TEST_INFO]:reporting.py:51 âœ… STEP completed: Reload page
INFO     [ğŸ“˜TEST_INFO]:reporting.py:225 ğŸ“¸ Screenshot captured and attached (success): /home/runner/work/apolo-test-automation/apolo-test-automation/reports/screenshots/ui_reload_page_success_9c66c0.png
INFO     [ğŸ“˜TEST_INFO]:reporting.py:51 âœ… STEP completed: Add project via API and reload page
INFO     [ğŸ“˜TEST_INFO]:reporting.py:225 ğŸ“¸ Screenshot captured and attached (success): /home/runner/work/apolo-test-automation/apolo-test-automation/reports/screenshots/ui_add_proj_api_success_b3affe.png
INFO     [ğŸ“˜TEST_INFO]:reporting.py:37 â–¶ï¸ STEP started: Invite member to project via UI
INFO     [ğŸ“˜TEST_INFO]:reporting.py:37 â–¶ï¸ STEP started: Click Project button on the top pane of the main page
INFO     [ğŸ­ Playwright]:base_page.py:16 <MainPage>: Click create project button on the top pane
INFO     [ğŸ“˜TEST_INFO]:reporting.py:51 âœ… STEP completed: Click Project button on the top pane of the main page
INFO     [ğŸ“˜TEST_INFO]:reporting.py:225 ğŸ“¸ Screenshot captured and attached (success): /home/runner/work/apolo-test-automation/apolo-test-automation/reports/screenshots/ui_click_proj_button_top_pane_success_133ac6.png
INFO     [ğŸ“˜TEST_INFO]:reporting.py:37 â–¶ï¸ STEP started: Click People button on the Projects info popup
INFO     [ğŸ­ Playwright]:base_page.py:16 <ProjectsInfoPopup>: Click People button
INFO     [ğŸ“˜TEST_INFO]:reporting.py:51 âœ… STEP completed: Click People button on the Projects info popup
WARNING  [ğŸ”§TEST CONFIG]:conftest.py:442 [HTTP 200] GET https://api.dev.apolo.us/apis/admin/v1/clusters/default/orgs/regression-org-2hgy8ihkcoz2/projects/regression-proj-9gybnkbfga
Request Body (first 2000 chars):
<not available>
Response Body (first 2000 chars):
{"name": "regression-proj-9gybnkbfga", "cluster_name": "default", "org_name": "regression-org-2hgy8ihkcoz2", "is_default": false, "default_role": "reader", "has_virtual_kube": false}
INFO     [ğŸ“˜TEST_INFO]:reporting.py:225 ğŸ“¸ Screenshot captured and attached (success): /home/runner/work/apolo-test-automation/apolo-test-automation/reports/screenshots/ui_click_people_btn_success_57e1e6.png
INFO     [ğŸ“˜TEST_INFO]:reporting.py:37 â–¶ï¸ STEP started: Verify People page displayed
INFO     [ğŸ­ Playwright]:base_page.py:16 <ProjectPeoplePage>: Check if page loaded
INFO     [ğŸ“˜TEST_INFO]:reporting.py:51 âœ… STEP completed: Verify People page displayed
INFO     [ğŸ“˜TEST_INFO]:reporting.py:225 ğŸ“¸ Screenshot captured and attached (success): /home/runner/work/apolo-test-automation/apolo-test-automation/reports/screenshots/verify_ui_page_displayed_success_730487.png
INFO     [ğŸ“˜TEST_INFO]:reporting.py:37 â–¶ï¸ STEP started: Click Invite people button
INFO     [ğŸ­ Playwright]:base_page.py:16 <ProjectPeoplePage>: Click Invite People button
WARNING  [ğŸ”§TEST CONFIG]:conftest.py:442 [HTTP 200] GET https://api.dev.apolo.us/apis/admin/v1/clusters/default/orgs/regression-org-2hgy8ihkcoz2/projects/regression-proj-9gybnkbfga/users?with_user_info=true
Request Body (first 2000 chars):
<not available>
Response Body (first 2000 chars):
[{"user_name": "regression-nmbri0jckf", "project_name": "regression-proj-9gybnkbfga", "cluster_name": "default", "org_name": "regression-org-2hgy8ihkcoz2", "role": "admin", "user_info": {"email": "regression-nmbri0jckf@apolo.us", "first_name": null, "last_name": null, "created_at": "2025-10-27T19:26:47.816981+00:00"}}]
WARNING  [ğŸ”§TEST CONFIG]:conftest.py:442 [HTTP 200] GET https://api.dev.apolo.us/apis/admin/v1/clusters/default/orgs/regression-org-2hgy8ihkcoz2/users?with_user_info=true
Request Body (first 2000 chars):
<not available>
Response Body (first 2000 chars):
[{"user_name": "regression-nmbri0jckf", "role": "admin", "org_name": "regression-org-2hgy8ihkcoz2", "balance": {"spent_credits": "0"}, "user_info": {"email": "regression-nmbri0jckf@apolo.us", "first_name": null, "last_name": null, "created_at": "2025-10-27T19:26:47.816981+00:00"}}, {"user_name": "regression-nl5ifkf0qd", "role": "user", "org_name": "regression-org-2hgy8ihkcoz2", "balance": {"spent_credits": "0"}, "user_info": {"email": "regression-nl5ifkf0qd@apolo.us", "first_name": null, "last_name": null, "created_at": "2025-10-27T19:27:39.072929+00:00"}}]
INFO     [ğŸ“˜TEST_INFO]:reporting.py:51 âœ… STEP completed: Click Invite people button
INFO     [ğŸ“˜TEST_INFO]:reporting.py:225 ğŸ“¸ Screenshot captured and attached (success): /home/runner/work/apolo-test-automation/apolo-test-automation/reports/screenshots/ui_click_invite_people_proj_people_btn_success_b64223.png
INFO     [ğŸ“˜TEST_INFO]:reporting.py:37 â–¶ï¸ STEP started: Verify Invite project member popup displayed
INFO     [ğŸ­ Playwright]:base_page.py:16 <InviteProjMemberPopup>: Check if page loaded
INFO     [ğŸ“˜TEST_INFO]:reporting.py:51 âœ… STEP completed: Verify Invite project member popup displayed
INFO     [ğŸ“˜TEST_INFO]:reporting.py:225 ğŸ“¸ Screenshot captured and attached (success): /home/runner/work/apolo-test-automation/apolo-test-automation/reports/screenshots/verify_ui_popup_displayed_success_d42b40.png
INFO     [ğŸ“˜TEST_INFO]:reporting.py:37 â–¶ï¸ STEP started: Enter user email/username
INFO     [ğŸ­ Playwright]:base_page.py:16 <InviteProjMemberPopup>: Enter regression-nl5ifkf0qd@apolo.us
INFO     [ğŸ“˜TEST_INFO]:reporting.py:51 âœ… STEP completed: Enter user email/username
INFO     [ğŸ“˜TEST_INFO]:reporting.py:225 ğŸ“¸ Screenshot captured and attached (success): /home/runner/work/apolo-test-automation/apolo-test-automation/reports/screenshots/ui_enter_user_data_success_8b670f.png
INFO     [ğŸ“˜TEST_INFO]:reporting.py:37 â–¶ï¸ STEP started: Select user role
INFO     [ğŸ­ Playwright]:base_page.py:16 <InviteProjMemberPopup>: Select user role Admin
INFO     [ğŸ“˜TEST_INFO]:reporting.py:51 âœ… STEP completed: Select user role
INFO     [ğŸ“˜TEST_INFO]:reporting.py:225 ğŸ“¸ Screenshot captured and attached (success): /home/runner/work/apolo-test-automation/apolo-test-automation/reports/screenshots/ui_select_user_role_success_c602fb.png
INFO     [ğŸ“˜TEST_INFO]:reporting.py:37 â–¶ï¸ STEP started: Verify Invite user button displayed
INFO     [ğŸ­ Playwright]:base_page.py:16 <InviteProjMemberPopup>: Check if invite user regression-nl5ifkf0qd@apolo.us button displayed
INFO     [ğŸ“˜TEST_INFO]:reporting.py:51 âœ… STEP completed: Verify Invite user button displayed
INFO     [ğŸ“˜TEST_INFO]:reporting.py:225 ğŸ“¸ Screenshot captured and attached (success): /home/runner/work/apolo-test-automation/apolo-test-automation/reports/screenshots/verify_ui_invite_user_btn_displayed_success_b947c3.png
INFO     [ğŸ“˜TEST_INFO]:reporting.py:37 â–¶ï¸ STEP started: Verify Invite button disabled
INFO     [ğŸ“˜TEST_INFO]:reporting.py:51 âœ… STEP completed: Verify Invite button disabled
INFO     [ğŸ“˜TEST_INFO]:reporting.py:225 ğŸ“¸ Screenshot captured and attached (success): /home/runner/work/apolo-test-automation/apolo-test-automation/reports/screenshots/verify_ui_invite_bth_disabled_success_db59ad.png
INFO     [ğŸ“˜TEST_INFO]:reporting.py:37 â–¶ï¸ STEP started: Click invite user button
INFO     [ğŸ­ Playwright]:base_page.py:16 <InviteProjMemberPopup>: Click invite user regression-nl5ifkf0qd@apolo.us button
INFO     [ğŸ“˜TEST_INFO]:reporting.py:51 âœ… STEP completed: Click invite user button
INFO     [ğŸ“˜TEST_INFO]:reporting.py:225 ğŸ“¸ Screenshot captured and attached (success): /home/runner/work/apolo-test-automation/apolo-test-automation/reports/screenshots/ui_click_invite_user_btn_success_aaa523.png
INFO     [ğŸ“˜TEST_INFO]:reporting.py:37 â–¶ï¸ STEP started: Verify Invite button enabled
INFO     [ğŸ“˜TEST_INFO]:reporting.py:51 âœ… STEP completed: Verify Invite button enabled
INFO     [ğŸ“˜TEST_INFO]:reporting.py:225 ğŸ“¸ Screenshot captured and attached (success): /home/runner/work/apolo-test-automation/apolo-test-automation/reports/screenshots/verify_ui_invite_bth_enabled_success_b9dada.png
INFO     [ğŸ“˜TEST_INFO]:reporting.py:37 â–¶ï¸ STEP started: Click Invite button
INFO     [ğŸ­ Playwright]:base_page.py:16 <InviteProjMemberPopup>: Click Invite button
WARNING  [ğŸ”§TEST CONFIG]:conftest.py:442 [HTTP 201] POST https://api.dev.apolo.us/apis/admin/v1/clusters/default/orgs/regression-org-2hgy8ihkcoz2/projects/regression-proj-9gybnkbfga/users
Request Body (first 2000 chars):
{"user_name":"regression-nl5ifkf0qd","role":"admin"}
Response Body (first 2000 chars):
{"user_name": "regression-nl5ifkf0qd", "project_name": "regression-proj-9gybnkbfga", "cluster_name": "default", "org_name": "regression-org-2hgy8ihkcoz2", "role": "admin"}
WARNING  [ğŸ”§TEST CONFIG]:conftest.py:442 [HTTP 200] GET https://api.dev.apolo.us/apis/admin/v1/clusters/default/orgs/regression-org-2hgy8ihkcoz2/projects/regression-proj-9gybnkbfga/users?with_user_info=true
Request Body (first 2000 chars):
<not available>
Response Body (first 2000 chars):
[{"user_name": "regression-nl5ifkf0qd", "project_name": "regression-proj-9gybnkbfga", "cluster_name": "default", "org_name": "regression-org-2hgy8ihkcoz2", "role": "admin", "user_info": {"email": "regression-nl5ifkf0qd@apolo.us", "first_name": null, "last_name": null, "created_at": "2025-10-27T19:27:39.072929+00:00"}}, {"user_name": "regression-nmbri0jckf", "project_name": "regression-proj-9gybnkbfga", "cluster_name": "default", "org_name": "regression-org-2hgy8ihkcoz2", "role": "admin", "user_info": {"email": "regression-nmbri0jckf@apolo.us", "first_name": null, "last_name": null, "created_at": "2025-10-27T19:26:47.816981+00:00"}}]
INFO     [ğŸ“˜TEST_INFO]:reporting.py:51 âœ… STEP completed: Click Invite button
INFO     [ğŸ“˜TEST_INFO]:reporting.py:225 ğŸ“¸ Screenshot captured and attached (success): /home/runner/work/apolo-test-automation/apolo-test-automation/reports/screenshots/ui_click_invite_btn_success_de9c54.png
INFO     [ğŸ“˜TEST_INFO]:reporting.py:37 â–¶ï¸ STEP started: Wait for Invite project member popup to disappear
INFO     [ğŸ­ Playwright]:base_page.py:16 <InviteProjMemberPopup>: Wait for Remove organization user popup to disappear
INFO     [ğŸ“˜TEST_INFO]:reporting.py:51 âœ… STEP completed: Wait for Invite project member popup to disappear
INFO     [ğŸ“˜TEST_INFO]:reporting.py:225 ğŸ“¸ Screenshot captured and attached (success): /home/runner/work/apolo-test-automation/apolo-test-automation/reports/screenshots/ui_wait_to_disappear_success_70de0d.png
INFO     [ğŸ“˜TEST_INFO]:reporting.py:37 â–¶ï¸ STEP started: Verify People page displayed
INFO     [ğŸ­ Playwright]:base_page.py:16 <ProjectPeoplePage>: Check if page loaded
INFO     [ğŸ“˜TEST_INFO]:reporting.py:51 âœ… STEP completed: Verify People page displayed
INFO     [ğŸ“˜TEST_INFO]:reporting.py:225 ğŸ“¸ Screenshot captured and attached (success): /home/runner/work/apolo-test-automation/apolo-test-automation/reports/screenshots/verify_ui_page_displayed_success_2c902f.png
INFO     [ğŸ“˜TEST_INFO]:reporting.py:37 â–¶ï¸ STEP started: Verify user displayed in users list
INFO     [ğŸ­ Playwright]:base_page.py:16 <ProjectPeoplePage>: Check if user regression-nl5ifkf0qd row displayed
INFO     [ğŸ“˜TEST_INFO]:reporting.py:51 âœ… STEP completed: Verify user displayed in users list
INFO     [ğŸ“˜TEST_INFO]:reporting.py:225 ğŸ“¸ Screenshot captured and attached (success): /home/runner/work/apolo-test-automation/apolo-test-automation/reports/screenshots/verify_ui_user_displayed_in_users_list_success_7fd6ff.png
INFO     [ğŸ“˜TEST_INFO]:reporting.py:37 â–¶ï¸ STEP started: Verify user role is valid
INFO     [ğŸ“˜TEST_INFO]:reporting.py:51 âœ… STEP completed: Verify user role is valid
INFO     [ğŸ“˜TEST_INFO]:reporting.py:225 ğŸ“¸ Screenshot captured and attached (success): /home/runner/work/apolo-test-automation/apolo-test-automation/reports/screenshots/verify_ui_user_role_success_641c3a.png
INFO     [ğŸ“˜TEST_INFO]:reporting.py:51 âœ… STEP completed: Invite member to project via UI
INFO     [ğŸ“˜TEST_INFO]:reporting.py:225 ğŸ“¸ Screenshot captured and attached (success): /home/runner/work/apolo-test-automation/apolo-test-automation/reports/screenshots/ui_invite_user_to_proj_success_7e07e2.png
INFO     [ğŸ“˜TEST_INFO]:reporting.py:37 â–¶ï¸ STEP started: <<User2>> :: Reload page
INFO     [ğŸ“˜TEST_INFO]:reporting.py:37 â–¶ï¸ STEP started: <<User2>> :: Reload page
INFO     [ğŸ­ Playwright]:base_page.py:16 <MainPage>: Waiting for spinner
WARNING  [ğŸ”§TEST CONFIG]:conftest.py:442 [HTTP 200] GET https://api.dev.apolo.us/api/v1/config
Request Body (first 2000 chars):
<not available>
Response Body (first 2000 chars):
{"authorized": true, "orgs": [{"name": "regression-org-2hgy8ihkcoz2", "role": "user"}], "clusters": [{"name": "default", "registry_url": "https://registry.api.dev.apolo.us", "storage_url": "https://api.dev.apolo.us/api/v1/storage", "monitoring_url": "https://monitoring.api.dev.apolo.us/api/v1/jobs", "secrets_url": "https://api.dev.apolo.us/api/v1/secrets", "metrics_url": "https://grafana.dev.apolo.us", "disks_url": "https://api.dev.apolo.us/api/v1/disk", "buckets_url": "https://api.dev.apolo.us/api/v1/buckets", "resource_pool_types": [{"name": "a2-highgpu-1g", "min_size": 0, "max_size": 10, "cpu": 12.0, "available_cpu": 11.101, "memory": 89629032448, "available_memory": 80898240256, "disk_size": 523982073856, "available_disk_size": 364209683290, "nvidia_gpu": {"count": 1, "model": "NVIDIA-A100-SXM4-40GB", "memory": 42949672960}}, {"name": "a2-highgpu-2g", "min_size": 0, "max_size": 3, "cpu": 24.0, "available_cpu": 23.73, "memory": 179367243776, "available_memory": 168094003200, "disk_size": 523982073856, "available_disk_size": 364209683290, "nvidia_gpu": {"count": 1, "model": "NVIDIA-A100-SXM4-40GB", "memory": 42949672960}}, {"name": "a3-highgpu-1g", "min_size": 0, "max_size": 1, "cpu": 26.0, "available_cpu": 25, "memory": 234000000000, "available_memory": 210600000000, "disk_size": 750000000000, "available_disk_size": 750000000000, "nvidia_gpu": {"count": 1, "model": "NVIDIA-A100-SXM4-80GB", "memory": 85899345920}}, {"name": "default", "min_size": 1, "max_size": 10, "cpu": 4.0, "available_cpu": 3.021, "memory": 16776040448, "available_memory": 12439842560, "disk_size": 101203873792, "available_disk_size": 47060071478}, {"name": "g2-standard-4", "min_size": 0, "max_size": 10, "cpu": 4.0, "available_cpu": 3.121, "memory": 16776052736, "available_memory": 12490174208, "disk_size": 312594247680, "available_disk_size": 173960640047, "nvidia_gpu": {"count": 1, "model": "NVIDIA-L4", "memory": 24152899584}}], "resource_presets": [{"name": "cpu-micro", "credits_per_hour": "
WARNING  [ğŸ”§TEST CONFIG]:conftest.py:442 [HTTP 200] GET https://api.dev.apolo.us/api/v1/users/regression-nl5ifkf0qd/permissions?uri=blob:
Request Body (first 2000 chars):
<not available>
Response Body (first 2000 chars):
[{"uri": "blob://default/regression-org-2hgy8ihkcoz2/regression-proj-9gybnkbfga", "action": "manage"}]
INFO     [ğŸ­ Playwright]:base_page.py:16 <MainPage>: Waiting for spinner to disappear
WARNING  [ğŸ”§TEST CONFIG]:conftest.py:442 [HTTP 200] GET https://api.dev.apolo.us/apis/admin/v1/orgs/regression-org-2hgy8ihkcoz2
Request Body (first 2000 chars):
<not available>
Response Body (first 2000 chars):
{"name": "regression-org-2hgy8ihkcoz2", "balance": {"credits": "500", "spent_credits": "0"}, "user_default_credits": null, "notification_intervals": {"balance_projection_seconds": [604800, 259200, 86400], "balance_amount": [0], "balance_depletion_seconds": [86400, 604800]}}
WARNING  [ğŸ”§TEST CONFIG]:conftest.py:442 [HTTP 200] GET https://api.dev.apolo.us/apis/admin/v1/users/regression-nl5ifkf0qd?include=clusters&include=system_role
Request Body (first 2000 chars):
<not available>
Response Body (first 2000 chars):
{"name": "regression-nl5ifkf0qd", "email": "regression-nl5ifkf0qd@apolo.us", "first_name": null, "last_name": null, "created_at": "2025-10-27T19:27:39.072929+00:00", "terms_accepted": true, "clusters": [{"cluster_name": "default", "role": "user", "org_name": "regression-org-2hgy8ihkcoz2", "balance": {"spent_credits": "0"}}]}
WARNING  [ğŸ”§TEST CONFIG]:conftest.py:442 [HTTP 200] GET https://api.dev.apolo.us/apis/admin/v1/users/regression-nl5ifkf0qd?include=orgs
Request Body (first 2000 chars):
<not available>
Response Body (first 2000 chars):
{"name": "regression-nl5ifkf0qd", "email": "regression-nl5ifkf0qd@apolo.us", "first_name": null, "last_name": null, "created_at": "2025-10-27T19:27:39.072929+00:00", "terms_accepted": true, "orgs": [{"org_name": "regression-org-2hgy8ihkcoz2", "role": "user", "balance": {"spent_credits": "0"}}]}
WARNING  [ğŸ”§TEST CONFIG]:conftest.py:442 [HTTP 200] GET https://api.dev.apolo.us/apis/admin/v1/invites/incoming
Request Body (first 2000 chars):
<not available>
Response Body (first 2000 chars):
[]
WARNING  [ğŸ”§TEST CONFIG]:conftest.py:442 [HTTP 200] GET https://api.dev.apolo.us/apis/apps/v2/templates/tags
Request Body (first 2000 chars):
<not available>
Response Body (first 2000 chars):
["AI","Agent","Apache","Apolo","Apolo Files","BI","Big data","Bundle","Business Intelligence","CLI","Chat","Container","Container registry","Data","Data processing","DeepSeek","Development","Diffusion","Dify","DockerHub","Document Processing","EDA","ELT","ETL","Easy Deploy","Embeddings","GPT","GptOSS","Graph","Hugging Face","IDE","Image generation","Inference","Jupyter","Knowledge Graph","LLM","LLMops","LLaMA","LightRAG","MLOps","Meta","Mistral","NLP","Notebooks","OpenAI","PostgreSQL","Postgres","RAG","RDBMS","Shell","Spark","Stable Diffusion","Storage","Superset","Text","VSCode","Vector Search","Vector search","Vector store","Visualization","Weaviate","experiment tracking","mlflow","model registry","vLLM"]
WARNING  [ğŸ”§TEST CONFIG]:conftest.py:442 [HTTP 200] GET https://api.dev.apolo.us/apis/apps/v2/templates
Request Body (first 2000 chars):
<not available>
Response Body (first 2000 chars):
{"items":[{"name":"aws-s3","title":"AWS S3","pub_date":"2025-01-01T00:00:00Z","description":"AWS S3 Storage","short_description":"","schema_version":1,"version":"HEAD","input":{"$defs":{"ApoloSecret":{"properties":{"key":{"title":"Key","type":"string"}},"required":["key"],"title":"ApoloSecret","type":"object","x-description":"Apolo Secret Configuration.","x-is-advanced-field":false,"x-meta-type":"inline","x-title":"Secret","x-type":"ApoloSecret"},"S3Params":{"properties":{"port":{"title":"Port","type":"integer"},"host":{"anyOf":[{"type":"string"},{"type":"null"}],"default":null,"title":"Host"},"bucket":{"anyOf":[{"type":"string"},{"type":"null"}],"default":null,"title":"Bucket"},"access_key":{"anyOf":[{"type":"string"},{"type":"null"}],"default":null,"title":"Access Key"},"secret_key":{"anyOf":[{"$ref":"#/$defs/ApoloSecret"},{"type":"null"}],"default":null}},"required":["port"],"title":"S3Params","type":"object"}},"properties":{"s3":{"$ref":"#/$defs/S3Params"}},"required":["s3"],"title":"AwsS3Input","type":"object"},"output":{"$defs":{"ApoloSecret":{"properties":{"key":{"title":"Key","type":"string"}},"required":["key"],"title":"ApoloSecret","type":"object","x-description":"Apolo Secret Configuration.","x-is-advanced-field":false,"x-meta-type":"inline","x-title":"Secret","x-type":"ApoloSecret"},"S3Params":{"properties":{"port":{"title":"Port","type":"integer"},"host":{"anyOf":[{"type":"string"},{"type":"null"}],"default":null,"title":"Host"},"bucket":{"anyOf":[{"type":"string"},{"type":"null"}],"default":null,"title":"Bucket"},"access_key":{"anyOf":[{"type":"string"},{"type":"null"}],"default":null,"title":"Access Key"},"secret_key":{"anyOf":[{"$ref":"#/$defs/ApoloSecret"},{"type":"null"}],"default":null}},"required":["port"],"title":"S3Params","type":"object"}},"properties":{"s3":{"$ref":"#/$defs/S3Params"}},"required":["s3"],"title":"AwsS3Output","type":"object"},"tags":[],"git_url":"","helm_path":"helm","type":"appless","logo":"","changelog":"","assets":[],"docum
WARNING  [ğŸ”§TEST CONFIG]:conftest.py:442 [HTTP 200] GET https://api.dev.apolo.us/apis/apps/v2/instances?org=regression-org-2hgy8ihkcoz2&project=regression-proj-9gybnkbfga&cluster=default&size=100
Request Body (first 2000 chars):
<not available>
Response Body (first 2000 chars):
{"items":[],"total":0,"page":1,"size":100,"pages":0}
WARNING  [ğŸ”§TEST CONFIG]:conftest.py:442 [HTTP 200] GET https://api.dev.apolo.us/apis/apps/v2/templates?page=1&size=50
Request Body (first 2000 chars):
<not available>
Response Body (first 2000 chars):
{"items":[{"name":"aws-s3","title":"AWS S3","pub_date":"2025-01-01T00:00:00Z","description":"AWS S3 Storage","short_description":"","schema_version":1,"version":"HEAD","input":{"$defs":{"ApoloSecret":{"properties":{"key":{"title":"Key","type":"string"}},"required":["key"],"title":"ApoloSecret","type":"object","x-description":"Apolo Secret Configuration.","x-is-advanced-field":false,"x-meta-type":"inline","x-title":"Secret","x-type":"ApoloSecret"},"S3Params":{"properties":{"port":{"title":"Port","type":"integer"},"host":{"anyOf":[{"type":"string"},{"type":"null"}],"default":null,"title":"Host"},"bucket":{"anyOf":[{"type":"string"},{"type":"null"}],"default":null,"title":"Bucket"},"access_key":{"anyOf":[{"type":"string"},{"type":"null"}],"default":null,"title":"Access Key"},"secret_key":{"anyOf":[{"$ref":"#/$defs/ApoloSecret"},{"type":"null"}],"default":null}},"required":["port"],"title":"S3Params","type":"object"}},"properties":{"s3":{"$ref":"#/$defs/S3Params"}},"required":["s3"],"title":"AwsS3Input","type":"object"},"output":{"$defs":{"ApoloSecret":{"properties":{"key":{"title":"Key","type":"string"}},"required":["key"],"title":"ApoloSecret","type":"object","x-description":"Apolo Secret Configuration.","x-is-advanced-field":false,"x-meta-type":"inline","x-title":"Secret","x-type":"ApoloSecret"},"S3Params":{"properties":{"port":{"title":"Port","type":"integer"},"host":{"anyOf":[{"type":"string"},{"type":"null"}],"default":null,"title":"Host"},"bucket":{"anyOf":[{"type":"string"},{"type":"null"}],"default":null,"title":"Bucket"},"access_key":{"anyOf":[{"type":"string"},{"type":"null"}],"default":null,"title":"Access Key"},"secret_key":{"anyOf":[{"$ref":"#/$defs/ApoloSecret"},{"type":"null"}],"default":null}},"required":["port"],"title":"S3Params","type":"object"}},"properties":{"s3":{"$ref":"#/$defs/S3Params"}},"required":["s3"],"title":"AwsS3Output","type":"object"},"tags":[],"git_url":"","helm_path":"helm","type":"appless","logo":"","changelog":"","assets":[],"docum
INFO     [ğŸ“˜TEST_INFO]:reporting.py:51 âœ… STEP completed: <<User2>> :: Reload page
INFO     [ğŸ“˜TEST_INFO]:reporting.py:225 ğŸ“¸ Screenshot captured and attached (success): /home/runner/work/apolo-test-automation/apolo-test-automation/reports/screenshots/ui_reload_page_success_ff67b9.png
INFO     [ğŸ“˜TEST_INFO]:reporting.py:51 âœ… STEP completed: <<User2>> :: Reload page
INFO     [ğŸ“˜TEST_INFO]:reporting.py:225 ğŸ“¸ Screenshot captured and attached (success): /home/runner/work/apolo-test-automation/apolo-test-automation/reports/screenshots/ui_reload_page_success_e7986e.png
INFO     [ğŸ“˜TEST_INFO]:reporting.py:37 â–¶ï¸ STEP started: <<User2>> :: Verify Apps page displayed
INFO     [ğŸ­ Playwright]:base_page.py:16 <AppsPage>: Check if page loaded
INFO     [ğŸ“˜TEST_INFO]:reporting.py:51 âœ… STEP completed: <<User2>> :: Verify Apps page displayed
INFO     [ğŸ“˜TEST_INFO]:reporting.py:225 ğŸ“¸ Screenshot captured and attached (success): /home/runner/work/apolo-test-automation/apolo-test-automation/reports/screenshots/verify_ui_page_displayed_success_9a7627.png
INFO     [ğŸ“˜TEST_INFO]:reporting.py:37 â–¶ï¸ STEP started: Click Delete member button
INFO     [ğŸ­ Playwright]:base_page.py:16 <ProjectPeoplePage>: Click regression-nl5ifkf0qd row delete button
INFO     [ğŸ“˜TEST_INFO]:reporting.py:51 âœ… STEP completed: Click Delete member button
INFO     [ğŸ“˜TEST_INFO]:reporting.py:225 ğŸ“¸ Screenshot captured and attached (success): /home/runner/work/apolo-test-automation/apolo-test-automation/reports/screenshots/ui_click_delete_member_btn_success_e7cc07.png
INFO     [ğŸ“˜TEST_INFO]:reporting.py:37 â–¶ï¸ STEP started: Verify that Remove project member popup displayed
INFO     [ğŸ­ Playwright]:base_page.py:16 <RemoveProjMemberPopup>: Check if page loaded
INFO     [ğŸ“˜TEST_INFO]:reporting.py:51 âœ… STEP completed: Verify that Remove project member popup displayed
INFO     [ğŸ“˜TEST_INFO]:reporting.py:225 ğŸ“¸ Screenshot captured and attached (success): /home/runner/work/apolo-test-automation/apolo-test-automation/reports/screenshots/verify_ui_popup_displayed_success_dd885f.png
INFO     [ğŸ“˜TEST_INFO]:reporting.py:37 â–¶ï¸ STEP started: Click Remove button
INFO     [ğŸ­ Playwright]:base_page.py:16 <RemoveProjMemberPopup>: Click Remove button
INFO     [ğŸ“˜TEST_INFO]:reporting.py:51 âœ… STEP completed: Click Remove button
INFO     [ğŸ“˜TEST_INFO]:reporting.py:225 ğŸ“¸ Screenshot captured and attached (success): /home/runner/work/apolo-test-automation/apolo-test-automation/reports/screenshots/ui_click_remove_button_success_42ea96.png
INFO     [ğŸ“˜TEST_INFO]:reporting.py:37 â–¶ï¸ STEP started: Wait for Remove organization user popup to disappear
INFO     [ğŸ­ Playwright]:base_page.py:16 <RemoveOrgUserPopup>: Wait for Remove organization user popup to disappear
WARNING  [ğŸ”§TEST CONFIG]:conftest.py:442 [HTTP 204] DELETE https://api.dev.apolo.us/apis/admin/v1/clusters/default/orgs/regression-org-2hgy8ihkcoz2/projects/regression-proj-9gybnkbfga/users/regression-nl5ifkf0qd
Request Body (first 2000 chars):
<not available>
Response Body (first 2000 chars):

WARNING  [ğŸ”§TEST CONFIG]:conftest.py:442 [HTTP 200] GET https://api.dev.apolo.us/apis/admin/v1/clusters/default/orgs/regression-org-2hgy8ihkcoz2/projects/regression-proj-9gybnkbfga/users?with_user_info=true
Request Body (first 2000 chars):
<not available>
Response Body (first 2000 chars):
[{"user_name": "regression-nmbri0jckf", "project_name": "regression-proj-9gybnkbfga", "cluster_name": "default", "org_name": "regression-org-2hgy8ihkcoz2", "role": "admin", "user_info": {"email": "regression-nmbri0jckf@apolo.us", "first_name": null, "last_name": null, "created_at": "2025-10-27T19:26:47.816981+00:00"}}]
INFO     [ğŸ“˜TEST_INFO]:reporting.py:51 âœ… STEP completed: Wait for Remove organization user popup to disappear
INFO     [ğŸ“˜TEST_INFO]:reporting.py:225 ğŸ“¸ Screenshot captured and attached (success): /home/runner/work/apolo-test-automation/apolo-test-automation/reports/screenshots/ui_wait_to_disappear_success_b01b23.png
INFO     [ğŸ“˜TEST_INFO]:reporting.py:37 â–¶ï¸ STEP started: Verify user is not displayed in users list
INFO     [ğŸ­ Playwright]:base_page.py:16 <ProjectPeoplePage>: Check if user regression-nl5ifkf0qd row displayed
WARNING  [ğŸ”§TEST CONFIG]:conftest.py:442 [HTTP 200] GET https://api.dev.apolo.us/apis/apps/v2/instances?org=regression-org-2hgy8ihkcoz2&project=regression-proj-9gybnkbfga&cluster=default&size=100
Request Body (first 2000 chars):
<not available>
Response Body (first 2000 chars):
{"items":[],"total":0,"page":1,"size":100,"pages":0}
INFO     [ğŸ“˜TEST_INFO]:reporting.py:51 âœ… STEP completed: Verify user is not displayed in users list
INFO     [ğŸ“˜TEST_INFO]:reporting.py:225 ğŸ“¸ Screenshot captured and attached (success): /home/runner/work/apolo-test-automation/apolo-test-automation/reports/screenshots/verify_ui_user_not_displayed_in_users_list_success_a08b49.png
INFO     [ğŸ“˜TEST_INFO]:reporting.py:37 â–¶ï¸ STEP started: <<User2>> :: Reload page
INFO     [ğŸ“˜TEST_INFO]:reporting.py:37 â–¶ï¸ STEP started: <<User2>> :: Reload page
INFO     [ğŸ­ Playwright]:base_page.py:16 <MainPage>: Waiting for spinner
WARNING  [ğŸ”§TEST CONFIG]:conftest.py:442 [HTTP 200] GET https://api.dev.apolo.us/api/v1/config
Request Body (first 2000 chars):
<not available>
Response Body (first 2000 chars):
{"authorized": true, "orgs": [{"name": "regression-org-2hgy8ihkcoz2", "role": "user"}], "clusters": [{"name": "default", "registry_url": "https://registry.api.dev.apolo.us", "storage_url": "https://api.dev.apolo.us/api/v1/storage", "monitoring_url": "https://monitoring.api.dev.apolo.us/api/v1/jobs", "secrets_url": "https://api.dev.apolo.us/api/v1/secrets", "metrics_url": "https://grafana.dev.apolo.us", "disks_url": "https://api.dev.apolo.us/api/v1/disk", "buckets_url": "https://api.dev.apolo.us/api/v1/buckets", "resource_pool_types": [{"name": "a2-highgpu-1g", "min_size": 0, "max_size": 10, "cpu": 12.0, "available_cpu": 11.101, "memory": 89629032448, "available_memory": 80898240256, "disk_size": 523982073856, "available_disk_size": 364209683290, "nvidia_gpu": {"count": 1, "model": "NVIDIA-A100-SXM4-40GB", "memory": 42949672960}}, {"name": "a2-highgpu-2g", "min_size": 0, "max_size": 3, "cpu": 24.0, "available_cpu": 23.73, "memory": 179367243776, "available_memory": 168094003200, "disk_size": 523982073856, "available_disk_size": 364209683290, "nvidia_gpu": {"count": 1, "model": "NVIDIA-A100-SXM4-40GB", "memory": 42949672960}}, {"name": "a3-highgpu-1g", "min_size": 0, "max_size": 1, "cpu": 26.0, "available_cpu": 25, "memory": 234000000000, "available_memory": 210600000000, "disk_size": 750000000000, "available_disk_size": 750000000000, "nvidia_gpu": {"count": 1, "model": "NVIDIA-A100-SXM4-80GB", "memory": 85899345920}}, {"name": "default", "min_size": 1, "max_size": 10, "cpu": 4.0, "available_cpu": 3.021, "memory": 16776040448, "available_memory": 12439842560, "disk_size": 101203873792, "available_disk_size": 47060071478}, {"name": "g2-standard-4", "min_size": 0, "max_size": 10, "cpu": 4.0, "available_cpu": 3.121, "memory": 16776052736, "available_memory": 12490174208, "disk_size": 312594247680, "available_disk_size": 173960640047, "nvidia_gpu": {"count": 1, "model": "NVIDIA-L4", "memory": 24152899584}}], "resource_presets": [{"name": "cpu-micro", "credits_per_hour": "
INFO     [ğŸ­ Playwright]:base_page.py:16 <MainPage>: Waiting for spinner to disappear
WARNING  [ğŸ”§TEST CONFIG]:conftest.py:442 [HTTP 200] GET https://api.dev.apolo.us/api/v1/users/regression-nl5ifkf0qd/permissions?uri=blob:
Request Body (first 2000 chars):
<not available>
Response Body (first 2000 chars):
[]
WARNING  [ğŸ”§TEST CONFIG]:conftest.py:442 [HTTP 200] GET https://api.dev.apolo.us/apis/admin/v1/orgs/regression-org-2hgy8ihkcoz2
Request Body (first 2000 chars):
<not available>
Response Body (first 2000 chars):
{"name": "regression-org-2hgy8ihkcoz2", "balance": {"credits": "500", "spent_credits": "0"}, "user_default_credits": null, "notification_intervals": {"balance_projection_seconds": [604800, 259200, 86400], "balance_amount": [0], "balance_depletion_seconds": [86400, 604800]}}
WARNING  [ğŸ”§TEST CONFIG]:conftest.py:442 [HTTP 200] GET https://api.dev.apolo.us/apis/admin/v1/invites/incoming
Request Body (first 2000 chars):
<not available>
Response Body (first 2000 chars):
[]
WARNING  [ğŸ”§TEST CONFIG]:conftest.py:442 [HTTP 200] GET https://api.dev.apolo.us/apis/admin/v1/users/regression-nl5ifkf0qd?include=orgs
Request Body (first 2000 chars):
<not available>
Response Body (first 2000 chars):
{"name": "regression-nl5ifkf0qd", "email": "regression-nl5ifkf0qd@apolo.us", "first_name": null, "last_name": null, "created_at": "2025-10-27T19:27:39.072929+00:00", "terms_accepted": true, "orgs": [{"org_name": "regression-org-2hgy8ihkcoz2", "role": "user", "balance": {"spent_credits": "0"}}]}
WARNING  [ğŸ”§TEST CONFIG]:conftest.py:442 [HTTP 200] GET https://api.dev.apolo.us/apis/admin/v1/users/regression-nl5ifkf0qd?include=clusters&include=system_role
Request Body (first 2000 chars):
<not available>
Response Body (first 2000 chars):
{"name": "regression-nl5ifkf0qd", "email": "regression-nl5ifkf0qd@apolo.us", "first_name": null, "last_name": null, "created_at": "2025-10-27T19:27:39.072929+00:00", "terms_accepted": true, "clusters": [{"cluster_name": "default", "role": "user", "org_name": "regression-org-2hgy8ihkcoz2", "balance": {"spent_credits": "0"}}]}
INFO     [ğŸ“˜TEST_INFO]:reporting.py:51 âœ… STEP completed: <<User2>> :: Reload page
WARNING  [ğŸ”§TEST CONFIG]:conftest.py:442 [HTTP 200] GET https://api.dev.apolo.us/apis/apps/v2/templates/tags
Request Body (first 2000 chars):
<not available>
Response Body (first 2000 chars):
["AI","Agent","Apache","Apolo","Apolo Files","BI","Big data","Bundle","Business Intelligence","CLI","Chat","Container","Container registry","Data","Data processing","DeepSeek","Development","Diffusion","Dify","DockerHub","Document Processing","EDA","ELT","ETL","Easy Deploy","Embeddings","GPT","GptOSS","Graph","Hugging Face","IDE","Image generation","Inference","Jupyter","Knowledge Graph","LLM","LLMops","LLaMA","LightRAG","MLOps","Meta","Mistral","NLP","Notebooks","OpenAI","PostgreSQL","Postgres","RAG","RDBMS","Shell","Spark","Stable Diffusion","Storage","Superset","Text","VSCode","Vector Search","Vector search","Vector store","Visualization","Weaviate","experiment tracking","mlflow","model registry","vLLM"]
INFO     [ğŸ“˜TEST_INFO]:reporting.py:225 ğŸ“¸ Screenshot captured and attached (success): /home/runner/work/apolo-test-automation/apolo-test-automation/reports/screenshots/ui_reload_page_success_4583aa.png
INFO     [ğŸ“˜TEST_INFO]:reporting.py:51 âœ… STEP completed: <<User2>> :: Reload page
INFO     [ğŸ“˜TEST_INFO]:reporting.py:225 ğŸ“¸ Screenshot captured and attached (success): /home/runner/work/apolo-test-automation/apolo-test-automation/reports/screenshots/ui_reload_page_success_4561e1.png
INFO     [ğŸ“˜TEST_INFO]:reporting.py:37 â–¶ï¸ STEP started: <<User2>> :: Verify project creation message is displayed
INFO     [ğŸ­ Playwright]:base_page.py:16 <MainPage>: Check if create project text field displayed
INFO     [ğŸ“˜TEST_INFO]:reporting.py:51 âœ… STEP completed: <<User2>> :: Verify project creation message is displayed
INFO     [ğŸ“˜TEST_INFO]:reporting.py:225 ğŸ“¸ Screenshot captured and attached (success): /home/runner/work/apolo-test-automation/apolo-test-automation/reports/screenshots/verify_ui_create_project_message_displayed_success_91d9eb.png
INFO     [ğŸ“˜TEST_INFO]:reporting.py:92 âœ… TEST completed: Verify Admin can remove another Admin from project
INFO     [ğŸ“˜TEST_INFO]:reporting.py:98 ------------------------------------------------------------
INFO     [ğŸŒAPI_helper]:api_helper.py:54 GET https://api.dev.apolo.us/apis/admin/v1/orgs
INFO     [ğŸŒAPI_helper]:api_helper.py:175 Status: 200. Response: [{'name': 'regression-org-2hgy8ihkcoz2', 'balance': {'credits': '500', 'spent_credits': '0'}, 'user_default_credits': None, 'notification_intervals': {'balance_projection_seconds': [604800, 259200, 86400], 'balance_amount': [0], 'balance_depletion_seconds': [86400, 604800]}}]
INFO     [ğŸ”§TEST CONFIG]:conftest.py:293 Cleaning up 1 organisations
INFO     [ğŸŒAPI_helper]:api_helper.py:54 GET https://api.dev.apolo.us/apis/admin/v1/clusters/default/orgs/regression-org-2hgy8ihkcoz2/projects
INFO     [ğŸŒAPI_helper]:api_helper.py:182 Status: 200. Response: [{'name': 'regression-proj-9gybnkbfga', 'cluster_name': 'default', 'org_name': 'regression-org-2hgy8ihkcoz2', 'is_default': False, 'default_role': 'reader', 'has_virtual_kube': False}]
INFO     [ğŸ”§TEST CONFIG]:conftest.py:310 Cleaning up 1 projects
INFO     [ğŸŒAPI_helper]:api_helper.py:196 Delete project response: <ClientResponse(https://api.dev.apolo.us/apis/admin/v1/clusters/default/orgs/regression-org-2hgy8ihkcoz2/projects/regression-proj-9gybnkbfga) [204 No Content]>
<CIMultiDictProxy('Access-Control-Allow-Credentials': 'true', 'Date': 'Mon, 27 Oct 2025 19:38:28 GMT', 'Server': 'Python/3.13 aiohttp/3.12.15', 'Vary': 'Origin', 'x-service-version': 'platform-admin/0.0.0.post1.dev0+4cdab15', 'Via': '1.1 google', 'Alt-Svc': 'h3=":443"; ma=2592000,h3-29=":443"; ma=2592000')>

INFO     [ğŸ”§TEST CONFIG]:conftest.py:316 Deleted project: regression-proj-9gybnkbfga
INFO     [ğŸŒAPI_helper]:api_helper.py:189 Delete organization response: <ClientResponse(https://api.dev.apolo.us/apis/admin/v1/orgs/regression-org-2hgy8ihkcoz2) [200 OK]>
<CIMultiDictProxy('Access-Control-Allow-Credentials': 'true', 'Content-Length': '274', 'Content-Type': 'application/json; charset=utf-8', 'Date': 'Mon, 27 Oct 2025 19:38:28 GMT', 'Server': 'Python/3.13 aiohttp/3.12.15', 'Vary': 'Origin', 'x-service-version': 'platform-admin/0.0.0.post1.dev0+4cdab15', 'Via': '1.1 google', 'Alt-Svc': 'h3=":443"; ma=2592000,h3-29=":443"; ma=2592000')>

INFO     [ğŸ”§TEST CONFIG]:conftest.py:329 Deleted organisation: regression-org-2hgy8ihkcoz2
INFO     [ğŸ”§TEST CONFIG]:conftest.py:334 Closing all browser sessions
INFO     [ğŸ”§TEST CONFIG]:conftest.py:349 Closed context
INFO     [ğŸ”§TEST CONFIG]:conftest.py:356 Closed browser
INFO     [ğŸ”§TEST CONFIG]:conftest.py:362 Stopped Playwright
INFO     [ğŸ”§TEST CONFIG]:conftest.py:349 Closed context
INFO     [ğŸ”§TEST CONFIG]:conftest.py:356 Closed browser
INFO     [ğŸ”§TEST CONFIG]:conftest.py:362 Stopped Playwright
INFO     [ğŸ”§TEST CONFIG]:conftest.py:367 Browser cleanup finished