INFO     [ğŸ”§TEST CONFIG]:conftest.py:89 Loading test configuration
INFO     [ğŸ”§TEST CONFIG]:conftest.py:398 Navigating to: https://console.dev.apolo.us/
INFO     [ğŸ”§TEST CONFIG]:conftest.py:95 Creating data manager
INFO     [ğŸ”§TEST CONFIG]:conftest.py:125 Creating users manager
INFO     [ğŸ”§TEST CONFIG]:conftest.py:111 Creating API helper
INFO     [ğŸ”§TEST CONFIG]:conftest.py:119 Creating Apolo CLI instance
INFO     [ğŸ”§TEST CONFIG]:conftest.py:207 Continue using UserData(email='regression-mxao6apko7@apolo.us', username='regression-mxao6apko7', password='3rYXm1s&Vjc$') as main test user...
INFO     [ğŸ‘¤UsersManager]:users_manager.py:73 Setting main user to UserData(email='regression-mxao6apko7@apolo.us', username='regression-mxao6apko7', password='3rYXm1s&Vjc$')
INFO     [ğŸ”§TEST CONFIG]:conftest.py:237 Continue using UserData(email='regression-30coojagqz@apolo.us', username='regression-30coojagqz', password='Z3&fQjVGm1Ik') as second test user...
INFO     [ğŸ‘¤UsersManager]:users_manager.py:82 Setting second user to UserData(email='regression-30coojagqz@apolo.us', username='regression-30coojagqz', password='Z3&fQjVGm1Ik')
INFO     [ğŸ“˜TEST_INFO]:reporting.py:37 â–¶ï¸ STEP started: Verify Apolo CLI client is installed
INFO     [ğŸ–¥apolo_CLI]:apolo_runner.py:25 check CLI version. Running command via cli:

apolo --version

WARNING  [ğŸ”§TEST CONFIG]:conftest.py:442 [HTTP 200] GET https://api.dev.apolo.us/api/v1/config
Request Body (first 2000 chars):
<not available>
Response Body (first 2000 chars):
{"authorized": false, "auth_url": "https://auth.dev.apolo.us/authorize", "token_url": "https://auth.dev.apolo.us/oauth/token", "logout_url": "https://auth.dev.apolo.us/v2/logout?returnTo=https://console.dev.apolo.us", "client_id": "q3I0OzzGnTDkhRmpeJ7WWgaTCucmVxTL", "audience": "https://api.dev.apolo.us", "callback_urls": ["http://127.0.0.1:54540", "http://127.0.0.1:54541", "http://127.0.0.1:54542"], "headless_callback_url": "https://api.dev.apolo.us/oauth/show-code", "success_redirect_url": "https://api.dev.apolo.us/oauth/login"}
INFO     [ğŸ–¥apolo_CLI]:apolo_runner.py:86 check CLI version succeeded:

Apolo Platform Client 26.1.0

INFO     [ğŸ“˜TEST_INFO]:reporting.py:51 âœ… STEP completed: Verify Apolo CLI client is installed
INFO     [ğŸ“˜TEST_INFO]:reporting.py:86 ------------------------------------------------------------
INFO     [ğŸ“˜TEST_INFO]:reporting.py:87 ğŸ“ TEST started: Manager removes User from org via **CLI**
INFO     [ğŸ“˜TEST_INFO]:reporting.py:88 ------------------------------------------------------------
INFO     [ğŸ“˜TEST_INFO]:reporting.py:37 â–¶ï¸ STEP started: Login via UI
INFO     [ğŸ“˜TEST_INFO]:reporting.py:37 â–¶ï¸ STEP started: Verify that Auth page displayed
INFO     [ğŸ­ Playwright]:base_page.py:16 <AuthPage>: Check if page loaded
INFO     [ğŸ“˜TEST_INFO]:reporting.py:51 âœ… STEP completed: Verify that Auth page displayed
INFO     [ğŸ“˜TEST_INFO]:reporting.py:225 ğŸ“¸ Screenshot captured and attached (success): /home/runner/work/apolo-test-automation/apolo-test-automation/reports/screenshots/verify_ui_page_displayed_success_4039cf.png
INFO     [ğŸ“˜TEST_INFO]:reporting.py:37 â–¶ï¸ STEP started: Click login button
INFO     [ğŸ­ Playwright]:base_page.py:16 <AuthPage>: Click log in button
INFO     [ğŸ“˜TEST_INFO]:reporting.py:51 âœ… STEP completed: Click login button
INFO     [ğŸ“˜TEST_INFO]:reporting.py:225 ğŸ“¸ Screenshot captured and attached (success): /home/runner/work/apolo-test-automation/apolo-test-automation/reports/screenshots/ui_click_login_button_success_5eb0f7.png
INFO     [ğŸ“˜TEST_INFO]:reporting.py:37 â–¶ï¸ STEP started: Verify that Login page displayed
INFO     [ğŸ­ Playwright]:base_page.py:16 <LoginPage>: Check if page is loaded
INFO     [ğŸ“˜TEST_INFO]:reporting.py:51 âœ… STEP completed: Verify that Login page displayed
INFO     [ğŸ“˜TEST_INFO]:reporting.py:225 ğŸ“¸ Screenshot captured and attached (success): /home/runner/work/apolo-test-automation/apolo-test-automation/reports/screenshots/verify_ui_page_displayed_success_70aa73.png
INFO     [ğŸ“˜TEST_INFO]:reporting.py:37 â–¶ï¸ STEP started: Enter email
INFO     [ğŸ­ Playwright]:base_page.py:16 <LoginPage>: Enter regression-mxao6apko7@apolo.us email
INFO     [ğŸ“˜TEST_INFO]:reporting.py:51 âœ… STEP completed: Enter email
INFO     [ğŸ“˜TEST_INFO]:reporting.py:225 ğŸ“¸ Screenshot captured and attached (success): /home/runner/work/apolo-test-automation/apolo-test-automation/reports/screenshots/ui_enter_email_success_d679ce.png
INFO     [ğŸ“˜TEST_INFO]:reporting.py:37 â–¶ï¸ STEP started: Enter password
INFO     [ğŸ­ Playwright]:base_page.py:16 <LoginPage>: Enter ********* password
INFO     [ğŸ“˜TEST_INFO]:reporting.py:51 âœ… STEP completed: Enter password
INFO     [ğŸ“˜TEST_INFO]:reporting.py:225 ğŸ“¸ Screenshot captured and attached (success): /home/runner/work/apolo-test-automation/apolo-test-automation/reports/screenshots/ui_enter_password_success_70d733.png
INFO     [ğŸ“˜TEST_INFO]:reporting.py:37 â–¶ï¸ STEP started: Click Continue button
INFO     [ğŸ­ Playwright]:base_page.py:16 <LoginPage>: Click continue button
WARNING  [ğŸ”§TEST CONFIG]:conftest.py:442 [HTTP 200] GET https://api.dev.apolo.us/api/v1/config
Request Body (first 2000 chars):
<not available>
Response Body (first 2000 chars):
{"authorized": true, "orgs": [], "clusters": [], "projects": [], "admin_url": "https://api.dev.apolo.us/apis/admin/v1", "vcluster_url": "https://api.dev.apolo.us/apis/vcluster/v1", "auth_url": "https://auth.dev.apolo.us/authorize", "token_url": "https://auth.dev.apolo.us/oauth/token", "logout_url": "https://auth.dev.apolo.us/v2/logout?returnTo=https://console.dev.apolo.us", "client_id": "q3I0OzzGnTDkhRmpeJ7WWgaTCucmVxTL", "audience": "https://api.dev.apolo.us", "callback_urls": ["http://127.0.0.1:54540", "http://127.0.0.1:54541", "http://127.0.0.1:54542"], "headless_callback_url": "https://api.dev.apolo.us/oauth/show-code", "success_redirect_url": "https://api.dev.apolo.us/oauth/login"}
WARNING  [ğŸ”§TEST CONFIG]:conftest.py:442 [HTTP 200] GET https://api.dev.apolo.us/apis/admin/v1/invites/incoming
Request Body (first 2000 chars):
<not available>
Response Body (first 2000 chars):
[]
WARNING  [ğŸ”§TEST CONFIG]:conftest.py:442 [HTTP 200] GET https://api.dev.apolo.us/apis/admin/v1/users/regression-mxao6apko7?include=clusters&include=system_role
Request Body (first 2000 chars):
<not available>
Response Body (first 2000 chars):
{"name": "regression-mxao6apko7", "email": "regression-mxao6apko7@apolo.us", "first_name": null, "last_name": null, "created_at": "2026-01-20T00:14:13.046087+00:00", "terms_accepted": true, "clusters": []}
WARNING  [ğŸ”§TEST CONFIG]:conftest.py:442 [HTTP 200] GET https://api.dev.apolo.us/api/v1/users/regression-mxao6apko7/permissions?uri=blob:
Request Body (first 2000 chars):
<not available>
Response Body (first 2000 chars):
[]
WARNING  [ğŸ”§TEST CONFIG]:conftest.py:442 [HTTP 200] GET https://api.dev.apolo.us/apis/admin/v1/users/regression-mxao6apko7?include=orgs
Request Body (first 2000 chars):
<not available>
Response Body (first 2000 chars):
{"name": "regression-mxao6apko7", "email": "regression-mxao6apko7@apolo.us", "first_name": null, "last_name": null, "created_at": "2026-01-20T00:14:13.046087+00:00", "terms_accepted": true, "orgs": []}
INFO     [ğŸ­ Playwright]:base_page.py:16 <LoginPage>: Waiting for spinner
INFO     [ğŸ­ Playwright]:base_page.py:16 <LoginPage>: Timeout error for spinner
INFO     [ğŸ“˜TEST_INFO]:reporting.py:51 âœ… STEP completed: Click Continue button
INFO     [ğŸ“˜TEST_INFO]:reporting.py:225 ğŸ“¸ Screenshot captured and attached (success): /home/runner/work/apolo-test-automation/apolo-test-automation/reports/screenshots/ui_click_continue_button_success_009890.png
INFO     [ğŸ“˜TEST_INFO]:reporting.py:37 â–¶ï¸ STEP started: Verify that Welcome new user page displayed
INFO     [ğŸ­ Playwright]:base_page.py:16 <WelcomeNewUserPage>: Check if page loaded
INFO     [ğŸ“˜TEST_INFO]:reporting.py:51 âœ… STEP completed: Verify that Welcome new user page displayed
INFO     [ğŸ“˜TEST_INFO]:reporting.py:225 ğŸ“¸ Screenshot captured and attached (success): /home/runner/work/apolo-test-automation/apolo-test-automation/reports/screenshots/verify_ui_page_displayed_success_145b06.png
INFO     [ğŸ“˜TEST_INFO]:reporting.py:51 âœ… STEP completed: Login via UI
INFO     [ğŸ“˜TEST_INFO]:reporting.py:225 ğŸ“¸ Screenshot captured and attached (success): /home/runner/work/apolo-test-automation/apolo-test-automation/reports/screenshots/ui_login_success_45fa36.png
INFO     [ğŸ“˜TEST_INFO]:reporting.py:37 â–¶ï¸ STEP started: Add organization via API and reload page
INFO     [ğŸ”§DATA MANAGER]:test_data.py:56 Added organization: org_name=regression-org-si7mn58qkc0y, gherkin_name=My-organization
INFO     [ğŸŒAPI_helper]:api_helper.py:86 POST https://api.dev.apolo.us/apis/admin/v1/orgs?skip_auto_add_to_clusters=false with data: {'name': 'regression-org-si7mn58qkc0y'}
INFO     [ğŸŒAPI_helper]:api_helper.py:214 Add org regression-org-si7mn58qkc0y response: {'name': 'regression-org-si7mn58qkc0y', 'balance': {'credits': '500', 'spent_credits': '0'}, 'user_default_credits': None, 'notification_intervals': {'balance_projection_seconds': [604800, 259200, 86400], 'balance_amount': [0], 'balance_depletion_seconds': [86400, 604800]}}
INFO     [ğŸ“˜TEST_INFO]:reporting.py:37 â–¶ï¸ STEP started: Reload page
INFO     [ğŸ“˜TEST_INFO]:reporting.py:37 â–¶ï¸ STEP started: Reload page
INFO     [ğŸ­ Playwright]:base_page.py:16 <MainPage>: Waiting for spinner
WARNING  [ğŸ”§TEST CONFIG]:conftest.py:442 [HTTP 200] GET https://api.dev.apolo.us/api/v1/config
Request Body (first 2000 chars):
<not available>
Response Body (first 2000 chars):
{"authorized": true, "orgs": [{"name": "regression-org-si7mn58qkc0y", "role": "admin"}], "clusters": [{"name": "default", "registry_url": "https://registry.api.dev.apolo.us", "storage_url": "https://api.dev.apolo.us/api/v1/storage", "monitoring_url": "https://monitoring.api.dev.apolo.us/api/v1/jobs", "secrets_url": "https://api.dev.apolo.us/api/v1/secrets", "metrics_url": "https://grafana.dev.apolo.us", "disks_url": "https://api.dev.apolo.us/api/v1/disk", "buckets_url": "https://api.dev.apolo.us/api/v1/buckets", "resource_pool_types": [{"name": "a2-highgpu-1g", "min_size": 0, "max_size": 10, "cpu": 12.0, "available_cpu": 11.096, "memory": 89629020160, "available_memory": 80845799168, "disk_size": 523982073856, "available_disk_size": 364209683290, "nvidia_gpu": {"count": 1, "model": "NVIDIA-A100-SXM4-40GB", "memory": 42949672960}}, {"name": "a2-highgpu-2g", "min_size": 0, "max_size": 3, "cpu": 24.0, "available_cpu": 23.071, "memory": 179367239680, "available_memory": 167067094784, "disk_size": 523982073856, "available_disk_size": 364209683290, "nvidia_gpu": {"count": 1, "model": "NVIDIA-A100-SXM4-40GB", "memory": 42949672960}, "nvidia_migs": {"1g.5gb": {"count": 2, "model": "NVIDIA-A100-SXM4-40GB-MIG-1g.5gb", "memory": 5100273664}, "2g.10gb": {"count": 1, "model": "NVIDIA-A100-SXM4-40GB-MIG-2g.10gb", "memory": 10334765056}, "3g.20gb": {"count": 1, "model": "NVIDIA-A100-SXM4-40GB-MIG-3g.20gb", "memory": 20937965568}}}, {"name": "a3-highgpu-1g", "min_size": 0, "max_size": 1, "cpu": 26.0, "available_cpu": 25, "memory": 234000000000, "available_memory": 210600000000, "disk_size": 750000000000, "available_disk_size": 750000000000, "nvidia_gpu": {"count": 1, "model": "NVIDIA-A100-SXM4-80GB", "memory": 85899345920}}, {"name": "default", "min_size": 1, "max_size": 10, "cpu": 4.0, "available_cpu": 3.266, "memory": 16776040448, "available_memory": 12521619200, "disk_size": 101203873792, "available_disk_size": 47060071478}, {"name": "g2-standard-4", "min_size": 0, "max_size": 1
INFO     [ğŸ­ Playwright]:base_page.py:16 <MainPage>: Waiting for spinner to disappear
WARNING  [ğŸ”§TEST CONFIG]:conftest.py:442 [HTTP 200] GET https://api.dev.apolo.us/api/v1/users/regression-mxao6apko7/permissions?uri=blob:
Request Body (first 2000 chars):
<not available>
Response Body (first 2000 chars):
[{"uri": "blob://default/regression-org-si7mn58qkc0y", "action": "manage"}]
WARNING  [ğŸ”§TEST CONFIG]:conftest.py:442 [HTTP 200] GET https://api.dev.apolo.us/apis/admin/v1/invites/incoming
Request Body (first 2000 chars):
<not available>
Response Body (first 2000 chars):
[]
WARNING  [ğŸ”§TEST CONFIG]:conftest.py:442 [HTTP 200] GET https://api.dev.apolo.us/apis/admin/v1/users/regression-mxao6apko7?include=orgs
Request Body (first 2000 chars):
<not available>
Response Body (first 2000 chars):
{"name": "regression-mxao6apko7", "email": "regression-mxao6apko7@apolo.us", "first_name": null, "last_name": null, "created_at": "2026-01-20T00:14:13.046087+00:00", "terms_accepted": true, "orgs": [{"org_name": "regression-org-si7mn58qkc0y", "role": "admin", "balance": {"spent_credits": "0"}}]}
WARNING  [ğŸ”§TEST CONFIG]:conftest.py:442 [HTTP 200] GET https://api.dev.apolo.us/apis/admin/v1/orgs/regression-org-si7mn58qkc0y
Request Body (first 2000 chars):
<not available>
Response Body (first 2000 chars):
{"name": "regression-org-si7mn58qkc0y", "balance": {"credits": "500", "spent_credits": "0"}, "user_default_credits": null, "notification_intervals": {"balance_projection_seconds": [604800, 259200, 86400], "balance_amount": [0], "balance_depletion_seconds": [86400, 604800]}}
WARNING  [ğŸ”§TEST CONFIG]:conftest.py:442 [HTTP 200] GET https://api.dev.apolo.us/apis/admin/v1/users/regression-mxao6apko7?include=clusters&include=system_role
Request Body (first 2000 chars):
<not available>
Response Body (first 2000 chars):
{"name": "regression-mxao6apko7", "email": "regression-mxao6apko7@apolo.us", "first_name": null, "last_name": null, "created_at": "2026-01-20T00:14:13.046087+00:00", "terms_accepted": true, "clusters": [{"cluster_name": "default", "role": "admin", "org_name": "regression-org-si7mn58qkc0y", "balance": {"spent_credits": "0"}}]}
INFO     [ğŸ“˜TEST_INFO]:reporting.py:51 âœ… STEP completed: Reload page
WARNING  [ğŸ”§TEST CONFIG]:conftest.py:442 [HTTP 200] GET https://api.dev.apolo.us/apis/apps/v2/templates/tags
Request Body (first 2000 chars):
<not available>
Response Body (first 2000 chars):
["AI","API Proxy","Agent","Apache","Apolo","Apolo Files","BI","Big data","Bundle","Business Intelligence","CLI","Caching","Chat","Container","Container registry","Data","Data processing","DeepSeek","Development","Diffusion","Dify","DockerHub","Document Processing","EDA","ELT","ETL","Embeddings","FastAPI","GPT","GptOSS","Graph","Hugging Face","HuggingFace","IDE","Image generation","Inference","Jupyter","Knowledge Graph","LLM","LLMops","LLaMA","LightRAG","MLOps","Machine Learning","Meta","Mistral","Model Management","NLP","Notebooks","OpenAI","PostgreSQL","Postgres","RAG","RDBMS","Shell","Spark","Stable Diffusion","Storage","Superset","Text","VSCode","Vector Search","Vector search","Vector store","Visualization","Weaviate","Workflow","experiment tracking","mlflow","model registry","vLLM"]
INFO     [ğŸ“˜TEST_INFO]:reporting.py:225 ğŸ“¸ Screenshot captured and attached (success): /home/runner/work/apolo-test-automation/apolo-test-automation/reports/screenshots/ui_reload_page_success_6aae46.png
INFO     [ğŸ“˜TEST_INFO]:reporting.py:51 âœ… STEP completed: Reload page
INFO     [ğŸ“˜TEST_INFO]:reporting.py:225 ğŸ“¸ Screenshot captured and attached (success): /home/runner/work/apolo-test-automation/apolo-test-automation/reports/screenshots/ui_reload_page_success_51389f.png
INFO     [ğŸ“˜TEST_INFO]:reporting.py:51 âœ… STEP completed: Add organization via API and reload page
INFO     [ğŸ“˜TEST_INFO]:reporting.py:225 ğŸ“¸ Screenshot captured and attached (success): /home/runner/work/apolo-test-automation/apolo-test-automation/reports/screenshots/ui_add_org_api_success_6ae8f4.png
INFO     [ğŸ”§TEST CONFIG]:conftest.py:398 Navigating to: https://console.dev.apolo.us/
INFO     [ğŸ“˜TEST_INFO]:reporting.py:37 â–¶ï¸ STEP started: <<User2>> :: Get second user
INFO     [ğŸ“˜TEST_INFO]:reporting.py:51 âœ… STEP completed: <<User2>> :: Get second user
INFO     [ğŸ“˜TEST_INFO]:reporting.py:225 ğŸ“¸ Screenshot captured and attached (success): /home/runner/work/apolo-test-automation/apolo-test-automation/reports/screenshots/ui_get_second_user_success_27d160.png
INFO     [ğŸ“˜TEST_INFO]:reporting.py:37 â–¶ï¸ STEP started: <<User2>> :: Login via UI
INFO     [ğŸ“˜TEST_INFO]:reporting.py:37 â–¶ï¸ STEP started: <<User2>> :: Verify that Auth page displayed
INFO     [ğŸ­ Playwright]:base_page.py:16 <AuthPage>: Check if page loaded
WARNING  [ğŸ”§TEST CONFIG]:conftest.py:442 [HTTP 200] GET https://api.dev.apolo.us/api/v1/config
Request Body (first 2000 chars):
<not available>
Response Body (first 2000 chars):
{"authorized": false, "auth_url": "https://auth.dev.apolo.us/authorize", "token_url": "https://auth.dev.apolo.us/oauth/token", "logout_url": "https://auth.dev.apolo.us/v2/logout?returnTo=https://console.dev.apolo.us", "client_id": "q3I0OzzGnTDkhRmpeJ7WWgaTCucmVxTL", "audience": "https://api.dev.apolo.us", "callback_urls": ["http://127.0.0.1:54540", "http://127.0.0.1:54541", "http://127.0.0.1:54542"], "headless_callback_url": "https://api.dev.apolo.us/oauth/show-code", "success_redirect_url": "https://api.dev.apolo.us/oauth/login"}
INFO     [ğŸ“˜TEST_INFO]:reporting.py:51 âœ… STEP completed: <<User2>> :: Verify that Auth page displayed
INFO     [ğŸ“˜TEST_INFO]:reporting.py:225 ğŸ“¸ Screenshot captured and attached (success): /home/runner/work/apolo-test-automation/apolo-test-automation/reports/screenshots/verify_ui_page_displayed_success_767b1e.png
INFO     [ğŸ“˜TEST_INFO]:reporting.py:37 â–¶ï¸ STEP started: <<User2>> :: Click login button
INFO     [ğŸ­ Playwright]:base_page.py:16 <AuthPage>: Click log in button
INFO     [ğŸ“˜TEST_INFO]:reporting.py:51 âœ… STEP completed: <<User2>> :: Click login button
INFO     [ğŸ“˜TEST_INFO]:reporting.py:225 ğŸ“¸ Screenshot captured and attached (success): /home/runner/work/apolo-test-automation/apolo-test-automation/reports/screenshots/ui_click_login_button_success_227459.png
INFO     [ğŸ“˜TEST_INFO]:reporting.py:37 â–¶ï¸ STEP started: <<User2>> :: Verify that Login page displayed
INFO     [ğŸ­ Playwright]:base_page.py:16 <LoginPage>: Check if page is loaded
INFO     [ğŸ“˜TEST_INFO]:reporting.py:51 âœ… STEP completed: <<User2>> :: Verify that Login page displayed
INFO     [ğŸ“˜TEST_INFO]:reporting.py:225 ğŸ“¸ Screenshot captured and attached (success): /home/runner/work/apolo-test-automation/apolo-test-automation/reports/screenshots/verify_ui_page_displayed_success_0a7118.png
INFO     [ğŸ“˜TEST_INFO]:reporting.py:37 â–¶ï¸ STEP started: <<User2>> :: Enter email
INFO     [ğŸ­ Playwright]:base_page.py:16 <LoginPage>: Enter regression-30coojagqz@apolo.us email
INFO     [ğŸ“˜TEST_INFO]:reporting.py:51 âœ… STEP completed: <<User2>> :: Enter email
INFO     [ğŸ“˜TEST_INFO]:reporting.py:225 ğŸ“¸ Screenshot captured and attached (success): /home/runner/work/apolo-test-automation/apolo-test-automation/reports/screenshots/ui_enter_email_success_78b678.png
INFO     [ğŸ“˜TEST_INFO]:reporting.py:37 â–¶ï¸ STEP started: <<User2>> :: Enter password
INFO     [ğŸ­ Playwright]:base_page.py:16 <LoginPage>: Enter ********* password
INFO     [ğŸ“˜TEST_INFO]:reporting.py:51 âœ… STEP completed: <<User2>> :: Enter password
INFO     [ğŸ“˜TEST_INFO]:reporting.py:225 ğŸ“¸ Screenshot captured and attached (success): /home/runner/work/apolo-test-automation/apolo-test-automation/reports/screenshots/ui_enter_password_success_30bf9f.png
INFO     [ğŸ“˜TEST_INFO]:reporting.py:37 â–¶ï¸ STEP started: <<User2>> :: Click Continue button
INFO     [ğŸ­ Playwright]:base_page.py:16 <LoginPage>: Click continue button
INFO     [ğŸ­ Playwright]:base_page.py:16 <LoginPage>: Waiting for spinner
WARNING  [ğŸ”§TEST CONFIG]:conftest.py:442 [HTTP 200] GET https://api.dev.apolo.us/api/v1/config
Request Body (first 2000 chars):
<not available>
Response Body (first 2000 chars):
{"authorized": true, "orgs": [], "clusters": [], "projects": [], "admin_url": "https://api.dev.apolo.us/apis/admin/v1", "vcluster_url": "https://api.dev.apolo.us/apis/vcluster/v1", "auth_url": "https://auth.dev.apolo.us/authorize", "token_url": "https://auth.dev.apolo.us/oauth/token", "logout_url": "https://auth.dev.apolo.us/v2/logout?returnTo=https://console.dev.apolo.us", "client_id": "q3I0OzzGnTDkhRmpeJ7WWgaTCucmVxTL", "audience": "https://api.dev.apolo.us", "callback_urls": ["http://127.0.0.1:54540", "http://127.0.0.1:54541", "http://127.0.0.1:54542"], "headless_callback_url": "https://api.dev.apolo.us/oauth/show-code", "success_redirect_url": "https://api.dev.apolo.us/oauth/login"}
WARNING  [ğŸ”§TEST CONFIG]:conftest.py:442 [HTTP 200] GET https://api.dev.apolo.us/api/v1/users/regression-30coojagqz/permissions?uri=blob:
Request Body (first 2000 chars):
<not available>
Response Body (first 2000 chars):
[]
WARNING  [ğŸ”§TEST CONFIG]:conftest.py:442 [HTTP 200] GET https://api.dev.apolo.us/apis/admin/v1/users/regression-30coojagqz?include=orgs
Request Body (first 2000 chars):
<not available>
Response Body (first 2000 chars):
{"name": "regression-30coojagqz", "email": "regression-30coojagqz@apolo.us", "first_name": null, "last_name": null, "created_at": "2026-01-20T00:35:49.341525+00:00", "terms_accepted": true, "orgs": []}
WARNING  [ğŸ”§TEST CONFIG]:conftest.py:442 [HTTP 200] GET https://api.dev.apolo.us/apis/admin/v1/users/regression-30coojagqz?include=clusters&include=system_role
Request Body (first 2000 chars):
<not available>
Response Body (first 2000 chars):
{"name": "regression-30coojagqz", "email": "regression-30coojagqz@apolo.us", "first_name": null, "last_name": null, "created_at": "2026-01-20T00:35:49.341525+00:00", "terms_accepted": true, "clusters": []}
WARNING  [ğŸ”§TEST CONFIG]:conftest.py:442 [HTTP 200] GET https://api.dev.apolo.us/apis/admin/v1/invites/incoming
Request Body (first 2000 chars):
<not available>
Response Body (first 2000 chars):
[]
INFO     [ğŸ­ Playwright]:base_page.py:16 <LoginPage>: Timeout error for spinner
INFO     [ğŸ“˜TEST_INFO]:reporting.py:51 âœ… STEP completed: <<User2>> :: Click Continue button
INFO     [ğŸ“˜TEST_INFO]:reporting.py:225 ğŸ“¸ Screenshot captured and attached (success): /home/runner/work/apolo-test-automation/apolo-test-automation/reports/screenshots/ui_click_continue_button_success_25069d.png
INFO     [ğŸ“˜TEST_INFO]:reporting.py:37 â–¶ï¸ STEP started: <<User2>> :: Verify that Welcome new user page displayed
INFO     [ğŸ­ Playwright]:base_page.py:16 <WelcomeNewUserPage>: Check if page loaded
INFO     [ğŸ“˜TEST_INFO]:reporting.py:51 âœ… STEP completed: <<User2>> :: Verify that Welcome new user page displayed
INFO     [ğŸ“˜TEST_INFO]:reporting.py:225 ğŸ“¸ Screenshot captured and attached (success): /home/runner/work/apolo-test-automation/apolo-test-automation/reports/screenshots/verify_ui_page_displayed_success_6489a8.png
INFO     [ğŸ“˜TEST_INFO]:reporting.py:51 âœ… STEP completed: <<User2>> :: Login via UI
INFO     [ğŸ“˜TEST_INFO]:reporting.py:225 ğŸ“¸ Screenshot captured and attached (success): /home/runner/work/apolo-test-automation/apolo-test-automation/reports/screenshots/ui_login_success_b7d4ef.png
INFO     [ğŸ”§TEST CONFIG]:conftest.py:398 Navigating to: https://console.dev.apolo.us/
INFO     [ğŸ“˜TEST_INFO]:reporting.py:37 â–¶ï¸ STEP started: <<User3>> :: Get third user
INFO     [ğŸ“˜TEST_INFO]:reporting.py:37 â–¶ï¸ STEP started: <<User3>> :: Signup new user via UI and activate email verification link
INFO     [ğŸ‘¤UsersManager]:users_manager.py:59 Generated new user: UserData(email='regression-qvspt1i8bi@apolo.us', username='regression-qvspt1i8bi', password='9rLbPpEV1r$9')
INFO     [ğŸ‘¤UsersManager]:users_manager.py:73 Setting main user to UserData(email='regression-qvspt1i8bi@apolo.us', username='regression-qvspt1i8bi', password='9rLbPpEV1r$9')
INFO     [ğŸ“˜TEST_INFO]:reporting.py:37 â–¶ï¸ STEP started: <<User3>> :: Click signup button
INFO     [ğŸ­ Playwright]:base_page.py:16 <AuthPage>: Click sign up button
WARNING  [ğŸ”§TEST CONFIG]:conftest.py:442 [HTTP 200] GET https://api.dev.apolo.us/api/v1/config
Request Body (first 2000 chars):
<not available>
Response Body (first 2000 chars):
{"authorized": false, "auth_url": "https://auth.dev.apolo.us/authorize", "token_url": "https://auth.dev.apolo.us/oauth/token", "logout_url": "https://auth.dev.apolo.us/v2/logout?returnTo=https://console.dev.apolo.us", "client_id": "q3I0OzzGnTDkhRmpeJ7WWgaTCucmVxTL", "audience": "https://api.dev.apolo.us", "callback_urls": ["http://127.0.0.1:54540", "http://127.0.0.1:54541", "http://127.0.0.1:54542"], "headless_callback_url": "https://api.dev.apolo.us/oauth/show-code", "success_redirect_url": "https://api.dev.apolo.us/oauth/login"}
INFO     [ğŸ“˜TEST_INFO]:reporting.py:51 âœ… STEP completed: <<User3>> :: Click signup button
INFO     [ğŸ“˜TEST_INFO]:reporting.py:225 ğŸ“¸ Screenshot captured and attached (success): /home/runner/work/apolo-test-automation/apolo-test-automation/reports/screenshots/ui_click_signup_button_success_cdfa97.png
INFO     [ğŸ“˜TEST_INFO]:reporting.py:37 â–¶ï¸ STEP started: <<User3>> :: Enter email
INFO     [ğŸ­ Playwright]:base_page.py:16 <SignupPage>: Enter regression-qvspt1i8bi@apolo.us email
INFO     [ğŸ“˜TEST_INFO]:reporting.py:51 âœ… STEP completed: <<User3>> :: Enter email
INFO     [ğŸ“˜TEST_INFO]:reporting.py:225 ğŸ“¸ Screenshot captured and attached (success): /home/runner/work/apolo-test-automation/apolo-test-automation/reports/screenshots/ui_enter_email_success_7cd89e.png
INFO     [ğŸ“˜TEST_INFO]:reporting.py:37 â–¶ï¸ STEP started: <<User3>> :: Enter password
INFO     [ğŸ­ Playwright]:base_page.py:16 <SignupPage>: Enter ********* password
INFO     [ğŸ“˜TEST_INFO]:reporting.py:51 âœ… STEP completed: <<User3>> :: Enter password
INFO     [ğŸ“˜TEST_INFO]:reporting.py:225 ğŸ“¸ Screenshot captured and attached (success): /home/runner/work/apolo-test-automation/apolo-test-automation/reports/screenshots/ui_enter_password_success_2dd2d0.png
INFO     [ğŸ“˜TEST_INFO]:reporting.py:37 â–¶ï¸ STEP started: <<User3>> :: Click continue button
INFO     [ğŸ­ Playwright]:base_page.py:16 <SignupPage>: Click continue button
INFO     [ğŸ“˜TEST_INFO]:reporting.py:51 âœ… STEP completed: <<User3>> :: Click continue button
INFO     [ğŸ“˜TEST_INFO]:reporting.py:225 ğŸ“¸ Screenshot captured and attached (success): /home/runner/work/apolo-test-automation/apolo-test-automation/reports/screenshots/ui_click_continue_button_success_3835d4.png
INFO     [ğŸ“˜TEST_INFO]:reporting.py:37 â–¶ï¸ STEP started: <<User3>> :: Verify that Verify email message displayed
INFO     [ğŸ­ Playwright]:base_page.py:16 <MainPage>: Check if verify email message displayed
WARNING  [ğŸ”§TEST CONFIG]:conftest.py:442 [HTTP 200] GET https://api.dev.apolo.us/api/v1/config
Request Body (first 2000 chars):
<not available>
Response Body (first 2000 chars):
{"authorized": false, "auth_url": "https://auth.dev.apolo.us/authorize", "token_url": "https://auth.dev.apolo.us/oauth/token", "logout_url": "https://auth.dev.apolo.us/v2/logout?returnTo=https://console.dev.apolo.us", "client_id": "q3I0OzzGnTDkhRmpeJ7WWgaTCucmVxTL", "audience": "https://api.dev.apolo.us", "callback_urls": ["http://127.0.0.1:54540", "http://127.0.0.1:54541", "http://127.0.0.1:54542"], "headless_callback_url": "https://api.dev.apolo.us/oauth/show-code", "success_redirect_url": "https://api.dev.apolo.us/oauth/login"}
INFO     [ğŸ“˜TEST_INFO]:reporting.py:51 âœ… STEP completed: <<User3>> :: Verify that Verify email message displayed
INFO     [ğŸ“˜TEST_INFO]:reporting.py:225 ğŸ“¸ Screenshot captured and attached (success): /home/runner/work/apolo-test-automation/apolo-test-automation/reports/screenshots/verify_ui_email_message_displayed_success_a5cda2.png
INFO     [ğŸ“˜TEST_INFO]:reporting.py:37 â–¶ï¸ STEP started: Verify user email with the activation link
INFO     [ğŸŒAPI_helper]:api_helper.py:144 Checking if user regression-qvspt1i8bi@apolo.us needs verification...
INFO     [ğŸŒAPI_helper]:api_helper.py:54 GET https://api.dev.apolo.us/apis/admin/v1/users/auth0-email-verify-ticket?email=regression-qvspt1i8bi@apolo.us
INFO     [ğŸŒAPI_helper]:api_helper.py:146 Status: 200. Response: {'ticket': 'https://auth.dev.apolo.us/u/email-verification?ticket=ZAa14fq4Q86ro5MOa02zLYEjfIkOF545#'}
INFO     [ğŸ“˜TEST_INFO]:reporting.py:37 â–¶ï¸ STEP started: <<User3>> :: Navigate to URL
INFO     [ğŸ­ Playwright]:base_page.py:16 <MainPage>: Navigated to: https://auth.dev.apolo.us/u/email-verification?ticket=ZAa14fq4Q86ro5MOa02zLYEjfIkOF545#
INFO     [ğŸ­ Playwright]:base_page.py:16 <MainPage>: Waiting for network idle...
INFO     [ğŸ­ Playwright]:base_page.py:16 <MainPage>: Page is idle (networkidle state reached)
INFO     [ğŸ“˜TEST_INFO]:reporting.py:51 âœ… STEP completed: <<User3>> :: Navigate to URL
INFO     [ğŸ“˜TEST_INFO]:reporting.py:225 ğŸ“¸ Screenshot captured and attached (success): /home/runner/work/apolo-test-automation/apolo-test-automation/reports/screenshots/ui_open_url_in_browser_success_5815b8.png
INFO     [ğŸŒAPI_helper]:api_helper.py:144 Checking if user regression-qvspt1i8bi@apolo.us needs verification...
INFO     [ğŸŒAPI_helper]:api_helper.py:54 GET https://api.dev.apolo.us/apis/admin/v1/users/auth0-email-verify-ticket?email=regression-qvspt1i8bi@apolo.us
INFO     [ğŸŒAPI_helper]:api_helper.py:146 Status: 200. Response: {'detail': 'Email already verified'}
INFO     [ğŸ“˜TEST_INFO]:reporting.py:51 âœ… STEP completed: Verify user email with the activation link
INFO     [ğŸ“˜TEST_INFO]:reporting.py:37 â–¶ï¸ STEP started: <<User3>> :: Navigate to URL
INFO     [ğŸ­ Playwright]:base_page.py:16 <MainPage>: Navigated to: https://console.dev.apolo.us/
INFO     [ğŸ­ Playwright]:base_page.py:16 <MainPage>: Waiting for network idle...
WARNING  [ğŸ”§TEST CONFIG]:conftest.py:442 [HTTP 200] GET https://api.dev.apolo.us/api/v1/config
Request Body (first 2000 chars):
<not available>
Response Body (first 2000 chars):
{"authorized": false, "auth_url": "https://auth.dev.apolo.us/authorize", "token_url": "https://auth.dev.apolo.us/oauth/token", "logout_url": "https://auth.dev.apolo.us/v2/logout?returnTo=https://console.dev.apolo.us", "client_id": "q3I0OzzGnTDkhRmpeJ7WWgaTCucmVxTL", "audience": "https://api.dev.apolo.us", "callback_urls": ["http://127.0.0.1:54540", "http://127.0.0.1:54541", "http://127.0.0.1:54542"], "headless_callback_url": "https://api.dev.apolo.us/oauth/show-code", "success_redirect_url": "https://api.dev.apolo.us/oauth/login"}
INFO     [ğŸ­ Playwright]:base_page.py:16 <MainPage>: Page is idle (networkidle state reached)
INFO     [ğŸ“˜TEST_INFO]:reporting.py:51 âœ… STEP completed: <<User3>> :: Navigate to URL
INFO     [ğŸ“˜TEST_INFO]:reporting.py:225 ğŸ“¸ Screenshot captured and attached (success): /home/runner/work/apolo-test-automation/apolo-test-automation/reports/screenshots/ui_open_url_in_browser_success_896860.png
INFO     [ğŸ“˜TEST_INFO]:reporting.py:37 â–¶ï¸ STEP started: <<User3>> :: Verify that Auth page displayed
INFO     [ğŸ­ Playwright]:base_page.py:16 <AuthPage>: Check if page loaded
INFO     [ğŸ“˜TEST_INFO]:reporting.py:51 âœ… STEP completed: <<User3>> :: Verify that Auth page displayed
INFO     [ğŸ“˜TEST_INFO]:reporting.py:225 ğŸ“¸ Screenshot captured and attached (success): /home/runner/work/apolo-test-automation/apolo-test-automation/reports/screenshots/verify_ui_page_displayed_success_cd59b4.png
INFO     [ğŸ“˜TEST_INFO]:reporting.py:37 â–¶ï¸ STEP started: <<User3>> :: Click login button
INFO     [ğŸ­ Playwright]:base_page.py:16 <AuthPage>: Click log in button
INFO     [ğŸ“˜TEST_INFO]:reporting.py:51 âœ… STEP completed: <<User3>> :: Click login button
WARNING  [ğŸ”§TEST CONFIG]:conftest.py:442 [HTTP 404] HEAD https://api.dev.apolo.us/apis/admin/v1/users/regression-qvspt1i8bi
Request Body (first 2000 chars):
<not available>
Response Body (first 2000 chars):
<unavailable>
INFO     [ğŸ“˜TEST_INFO]:reporting.py:225 ğŸ“¸ Screenshot captured and attached (success): /home/runner/work/apolo-test-automation/apolo-test-automation/reports/screenshots/ui_click_login_button_success_a28b64.png
INFO     [ğŸ“˜TEST_INFO]:reporting.py:37 â–¶ï¸ STEP started: <<User3>> :: Verify that Signup username page displayed
INFO     [ğŸ­ Playwright]:base_page.py:16 <SignupUsernamePage>: Check if page is loaded
INFO     [ğŸ“˜TEST_INFO]:reporting.py:51 âœ… STEP completed: <<User3>> :: Verify that Signup username page displayed
INFO     [ğŸ“˜TEST_INFO]:reporting.py:225 ğŸ“¸ Screenshot captured and attached (success): /home/runner/work/apolo-test-automation/apolo-test-automation/reports/screenshots/verify_ui_page_displayed_success_8c150e.png
INFO     [ğŸ“˜TEST_INFO]:reporting.py:37 â–¶ï¸ STEP started: <<User3>> :: Enter username
INFO     [ğŸ­ Playwright]:base_page.py:16 <SignupUsernamePage>: Enter regression-qvspt1i8bi username
WARNING  [ğŸ”§TEST CONFIG]:conftest.py:442 [HTTP 404] HEAD https://api.dev.apolo.us/apis/admin/v1/users/
Request Body (first 2000 chars):
<not available>
Response Body (first 2000 chars):
<unavailable>
WARNING  [ğŸ”§TEST CONFIG]:conftest.py:442 [HTTP 404] HEAD https://api.dev.apolo.us/apis/admin/v1/users/regression-qvspt1i8bi
Request Body (first 2000 chars):
<not available>
Response Body (first 2000 chars):
<unavailable>
INFO     [ğŸ­ Playwright]:base_page.py:16 <SignupUsernamePage>: Wait for network idle
INFO     [ğŸ­ Playwright]:base_page.py:16 <SignupUsernamePage>: Network idle done
INFO     [ğŸ“˜TEST_INFO]:reporting.py:51 âœ… STEP completed: <<User3>> :: Enter username
INFO     [ğŸ“˜TEST_INFO]:reporting.py:225 ğŸ“¸ Screenshot captured and attached (success): /home/runner/work/apolo-test-automation/apolo-test-automation/reports/screenshots/ui_enter_username_success_9d9185.png
INFO     [ğŸ“˜TEST_INFO]:reporting.py:37 â–¶ï¸ STEP started: <<User3>> :: Click signup button on Signup username page
INFO     [ğŸ­ Playwright]:base_page.py:16 <SignupUsernamePage>: Click signup button
WARNING  [ğŸ”§TEST CONFIG]:conftest.py:442 [HTTP 200] GET https://api.dev.apolo.us/api/v1/config
Request Body (first 2000 chars):
<not available>
Response Body (first 2000 chars):
{"authorized": true, "orgs": [], "clusters": [], "projects": [], "admin_url": "https://api.dev.apolo.us/apis/admin/v1", "vcluster_url": "https://api.dev.apolo.us/apis/vcluster/v1", "auth_url": "https://auth.dev.apolo.us/authorize", "token_url": "https://auth.dev.apolo.us/oauth/token", "logout_url": "https://auth.dev.apolo.us/v2/logout?returnTo=https://console.dev.apolo.us", "client_id": "q3I0OzzGnTDkhRmpeJ7WWgaTCucmVxTL", "audience": "https://api.dev.apolo.us", "callback_urls": ["http://127.0.0.1:54540", "http://127.0.0.1:54541", "http://127.0.0.1:54542"], "headless_callback_url": "https://api.dev.apolo.us/oauth/show-code", "success_redirect_url": "https://api.dev.apolo.us/oauth/login"}
WARNING  [ğŸ”§TEST CONFIG]:conftest.py:442 [HTTP 200] GET https://api.dev.apolo.us/api/v1/users/regression-qvspt1i8bi/permissions?uri=blob:
Request Body (first 2000 chars):
<not available>
Response Body (first 2000 chars):
[]
WARNING  [ğŸ”§TEST CONFIG]:conftest.py:442 [HTTP 200] GET https://api.dev.apolo.us/apis/admin/v1/invites/incoming
Request Body (first 2000 chars):
<not available>
Response Body (first 2000 chars):
[]
WARNING  [ğŸ”§TEST CONFIG]:conftest.py:442 [HTTP 200] GET https://api.dev.apolo.us/apis/admin/v1/users/regression-qvspt1i8bi?include=orgs
Request Body (first 2000 chars):
<not available>
Response Body (first 2000 chars):
{"name": "regression-qvspt1i8bi", "email": "regression-qvspt1i8bi@apolo.us", "first_name": null, "last_name": null, "created_at": "2026-01-20T00:37:31.590182+00:00", "terms_accepted": false, "orgs": []}
WARNING  [ğŸ”§TEST CONFIG]:conftest.py:442 [HTTP 200] GET https://api.dev.apolo.us/apis/admin/v1/users/regression-qvspt1i8bi?include=clusters&include=system_role
Request Body (first 2000 chars):
<not available>
Response Body (first 2000 chars):
{"name": "regression-qvspt1i8bi", "email": "regression-qvspt1i8bi@apolo.us", "first_name": null, "last_name": null, "created_at": "2026-01-20T00:37:31.590182+00:00", "terms_accepted": false, "clusters": []}
INFO     [ğŸ­ Playwright]:base_page.py:16 <SignupUsernamePage>: Waiting for spinner
WARNING  [ğŸ”§TEST CONFIG]:conftest.py:442 [HTTP 200] GET https://api.dev.apolo.us/api/v1/config
Request Body (first 2000 chars):
<not available>
Response Body (first 2000 chars):
{"authorized": true, "orgs": [], "clusters": [], "projects": [], "admin_url": "https://api.dev.apolo.us/apis/admin/v1", "vcluster_url": "https://api.dev.apolo.us/apis/vcluster/v1", "auth_url": "https://auth.dev.apolo.us/authorize", "token_url": "https://auth.dev.apolo.us/oauth/token", "logout_url": "https://auth.dev.apolo.us/v2/logout?returnTo=https://console.dev.apolo.us", "client_id": "q3I0OzzGnTDkhRmpeJ7WWgaTCucmVxTL", "audience": "https://api.dev.apolo.us", "callback_urls": ["http://127.0.0.1:54540", "http://127.0.0.1:54541", "http://127.0.0.1:54542"], "headless_callback_url": "https://api.dev.apolo.us/oauth/show-code", "success_redirect_url": "https://api.dev.apolo.us/oauth/login"}
INFO     [ğŸ­ Playwright]:base_page.py:16 <SignupUsernamePage>: Waiting for spinner to disappear
WARNING  [ğŸ”§TEST CONFIG]:conftest.py:442 [HTTP 200] GET https://api.dev.apolo.us/api/v1/users/regression-qvspt1i8bi/permissions?uri=blob:
Request Body (first 2000 chars):
<not available>
Response Body (first 2000 chars):
[]
WARNING  [ğŸ”§TEST CONFIG]:conftest.py:442 [HTTP 200] GET https://api.dev.apolo.us/apis/admin/v1/invites/incoming
Request Body (first 2000 chars):
<not available>
Response Body (first 2000 chars):
[]
WARNING  [ğŸ”§TEST CONFIG]:conftest.py:442 [HTTP 200] GET https://api.dev.apolo.us/apis/admin/v1/users/regression-qvspt1i8bi?include=orgs
Request Body (first 2000 chars):
<not available>
Response Body (first 2000 chars):
{"name": "regression-qvspt1i8bi", "email": "regression-qvspt1i8bi@apolo.us", "first_name": null, "last_name": null, "created_at": "2026-01-20T00:37:31.590182+00:00", "terms_accepted": false, "orgs": []}
WARNING  [ğŸ”§TEST CONFIG]:conftest.py:442 [HTTP 200] GET https://api.dev.apolo.us/apis/admin/v1/users/regression-qvspt1i8bi?include=clusters&include=system_role
Request Body (first 2000 chars):
<not available>
Response Body (first 2000 chars):
{"name": "regression-qvspt1i8bi", "email": "regression-qvspt1i8bi@apolo.us", "first_name": null, "last_name": null, "created_at": "2026-01-20T00:37:31.590182+00:00", "terms_accepted": false, "clusters": []}
INFO     [ğŸ“˜TEST_INFO]:reporting.py:51 âœ… STEP completed: <<User3>> :: Click signup button on Signup username page
INFO     [ğŸ“˜TEST_INFO]:reporting.py:225 ğŸ“¸ Screenshot captured and attached (success): /home/runner/work/apolo-test-automation/apolo-test-automation/reports/screenshots/ui_click_signup_button_success_883b70.png
INFO     [ğŸ“˜TEST_INFO]:reporting.py:37 â–¶ï¸ STEP started: <<User3>> :: Verify that User agreement pop up displayed
INFO     [ğŸ­ Playwright]:base_page.py:16 <MainPage>: Check if user_agreement pop up displayed
INFO     [ğŸ“˜TEST_INFO]:reporting.py:51 âœ… STEP completed: <<User3>> :: Verify that User agreement pop up displayed
INFO     [ğŸ“˜TEST_INFO]:reporting.py:225 ğŸ“¸ Screenshot captured and attached (success): /home/runner/work/apolo-test-automation/apolo-test-automation/reports/screenshots/verify_ui_terms_of_agreement_displayed_success_0d08d1.png
INFO     [ğŸ“˜TEST_INFO]:reporting.py:37 â–¶ï¸ STEP started: <<User3>> :: Check agreement checkbox
INFO     [ğŸ­ Playwright]:base_page.py:16 <MainPage>: Check user agreement checkbox
INFO     [ğŸ“˜TEST_INFO]:reporting.py:51 âœ… STEP completed: <<User3>> :: Check agreement checkbox
INFO     [ğŸ“˜TEST_INFO]:reporting.py:225 ğŸ“¸ Screenshot captured and attached (success): /home/runner/work/apolo-test-automation/apolo-test-automation/reports/screenshots/ui_check_agreement_checkbox_success_5c4b32.png
INFO     [ğŸ“˜TEST_INFO]:reporting.py:37 â–¶ï¸ STEP started: <<User3>> :: Click I Agree button
INFO     [ğŸ­ Playwright]:base_page.py:16 <MainPage>: Click user agreement I Agree button
INFO     [ğŸ“˜TEST_INFO]:reporting.py:51 âœ… STEP completed: <<User3>> :: Click I Agree button
WARNING  [ğŸ”§TEST CONFIG]:conftest.py:442 [HTTP 204] PUT https://api.dev.apolo.us/apis/admin/v1/users/regression-qvspt1i8bi/profile
Request Body (first 2000 chars):
{"terms_accepted":true,"name":"regression-qvspt1i8bi","email":"regression-qvspt1i8bi@apolo.us"}
Response Body (first 2000 chars):

INFO     [ğŸ“˜TEST_INFO]:reporting.py:225 ğŸ“¸ Screenshot captured and attached (success): /home/runner/work/apolo-test-automation/apolo-test-automation/reports/screenshots/ui_click_i_agree_button_success_dc95b9.png
INFO     [ğŸ“˜TEST_INFO]:reporting.py:37 â–¶ï¸ STEP started: <<User3>> :: Wait for User Agreement popup to disappear
INFO     [ğŸ“˜TEST_INFO]:reporting.py:51 âœ… STEP completed: <<User3>> :: Wait for User Agreement popup to disappear
INFO     [ğŸ“˜TEST_INFO]:reporting.py:225 ğŸ“¸ Screenshot captured and attached (success): /home/runner/work/apolo-test-automation/apolo-test-automation/reports/screenshots/ui_wait_user_agreement_disappear_success_5b99af.png
INFO     [ğŸ“˜TEST_INFO]:reporting.py:37 â–¶ï¸ STEP started: <<User3>> :: Wait for timeout
INFO     [ğŸ“˜TEST_INFO]:reporting.py:51 âœ… STEP completed: <<User3>> :: Wait for timeout
INFO     [ğŸ“˜TEST_INFO]:reporting.py:225 ğŸ“¸ Screenshot captured and attached (success): /home/runner/work/apolo-test-automation/apolo-test-automation/reports/screenshots/ui_wait_for_timeout_success_f62d68.png
INFO     [ğŸ“˜TEST_INFO]:reporting.py:37 â–¶ï¸ STEP started: <<User3>> :: Verify that Welcome new user page displayed
INFO     [ğŸ­ Playwright]:base_page.py:16 <WelcomeNewUserPage>: Check if page loaded
INFO     [ğŸ“˜TEST_INFO]:reporting.py:51 âœ… STEP completed: <<User3>> :: Verify that Welcome new user page displayed
INFO     [ğŸ“˜TEST_INFO]:reporting.py:225 ğŸ“¸ Screenshot captured and attached (success): /home/runner/work/apolo-test-automation/apolo-test-automation/reports/screenshots/verify_ui_page_displayed_success_df898c.png
INFO     [ğŸ“˜TEST_INFO]:reporting.py:51 âœ… STEP completed: <<User3>> :: Signup new user via UI and activate email verification link
INFO     [ğŸ“˜TEST_INFO]:reporting.py:225 ğŸ“¸ Screenshot captured and attached (success): /home/runner/work/apolo-test-automation/apolo-test-automation/reports/screenshots/ui_signup_new_user_ver_link_success_66aa79.png
INFO     [ğŸ‘¤UsersManager]:users_manager.py:91 Setting third user to UserData(email='regression-qvspt1i8bi@apolo.us', username='regression-qvspt1i8bi', password='9rLbPpEV1r$9')
INFO     [ğŸ“˜TEST_INFO]:reporting.py:51 âœ… STEP completed: <<User3>> :: Get third user
INFO     [ğŸ“˜TEST_INFO]:reporting.py:225 ğŸ“¸ Screenshot captured and attached (success): /home/runner/work/apolo-test-automation/apolo-test-automation/reports/screenshots/ui_get_third_user_success_c6bbba.png
INFO     [ğŸ“˜TEST_INFO]:reporting.py:37 â–¶ï¸ STEP started: <<User3>> :: Login via UI
INFO     [ğŸ“˜TEST_INFO]:reporting.py:51 âœ… STEP completed: <<User3>> :: Login via UI
INFO     [ğŸ“˜TEST_INFO]:reporting.py:225 ğŸ“¸ Screenshot captured and attached (success): /home/runner/work/apolo-test-automation/apolo-test-automation/reports/screenshots/ui_login_success_6732a3.png
INFO     [ğŸ“˜TEST_INFO]:reporting.py:37 â–¶ï¸ STEP started: Login to apolo CLI with access token
INFO     [ğŸ–¥apolo_CLI]:apolo_runner.py:25 login-with-token. Running command via cli:

apolo config login-with-token eyJhbGciOiJSUzI1NiIsInR5cCI6IkpXVCIsImtpZCI6IjhyNXZCR0E4ZXNuc1IzbXJ0NUFSViJ9.eyJodHRwczovL3BsYXRmb3JtLm5ldXJvbWF0aW9uLmlvL3VzZXIiOiJyZWdyZXNzaW9uLW14YW82YXBrbzciLCJodHRwczovL3BsYXRmb3JtLm5ldXJvbWF0aW9uLmlvL2xvZ2luX3JlZGlyZWN0X3VybCI6Imh0dHBzOi8vY29uc29sZS5kZXYuYXBvbG8udXMiLCJodHRwczovL3BsYXRmb3JtLmFwb2xvLnVzL29yaWdpbiI6Imh0dHBzOi8vY29uc29sZS5kZXYuYXBvbG8udXMiLCJpc3MiOiJodHRwczovL2F1dGguZGV2LmFwb2xvLnVzLyIsInN1YiI6ImF1dGgwfDY5NmVjOGM4NTFjOWJhY2RkMDFkZDRkOCIsImF1ZCI6WyJodHRwczovL2FwaS5kZXYuYXBvbG8udXMiLCJodHRwczovL2Rldi1hcG9sby11cy51cy5hdXRoMC5jb20vdXNlcmluZm8iXSwiaWF0IjoxNzY4ODY5Mzg0LCJleHAiOjE3Njg5NTU3ODQsInNjb3BlIjoib3BlbmlkIHByb2ZpbGUgZW1haWwiLCJhenAiOiJxM0kwT3p6R25URGtoUm1wZUo3V1dnYVRDdWNtVnhUTCJ9.NDgeTRe-dXj3Qbrdvclvt6A99G1octa3fMFNc6rWiZjusoxMdSoEwzTVFJjJdL1i73iOgkQOoihUbI65nfrmmMJIKS5zrcylpakot7cSXsf-Oh8EBOXbkc9Pv4B7OCQs4x12MTJCqeE9BQAeBaBUW8mcjx-6ZodEMhZOhK-sHQ-Gdxbr83SVyGmJxjOufzTB-9yLTwE2bkP4g4ab3LvSp20zPFODOIEYccRIfzkrVn22OTJBcmZkfIySijD2LdxqG1kGyH3AH0fwTmwP38gv7WM1NsW_mBSCt3LyJV_Wgrjx2vhMAk5MUfQSR-srv6p2c8TkxdVa6yaC3J650ZbEwg https://api.dev.apolo.us/api/v1

INFO     [ğŸ–¥apolo_CLI]:apolo_runner.py:86 login-with-token succeeded:

You were successfully logged out.
Logged into https://api.dev.apolo.us/api/v1 as regression-mxao6apko7, current cluster is default, org is regression-org-si7mn58qkc0y project is None
Read the docs at https://docs.apolo.us or run `apolo --help` to see the reference

INFO     [ğŸ“˜TEST_INFO]:reporting.py:51 âœ… STEP completed: Login to apolo CLI with access token
INFO     [ğŸ“˜TEST_INFO]:reporting.py:37 â–¶ï¸ STEP started: Add user to organization via CLI
INFO     [ğŸ–¥apolo_CLI]:apolo_runner.py:25 add user regression-30coojagqz to organization regression-org-si7mn58qkc0y as manager. Running command via cli:

apolo admin add-org-user regression-org-si7mn58qkc0y regression-30coojagqz manager

INFO     [ğŸ–¥apolo_CLI]:apolo_runner.py:86 add user regression-30coojagqz to organization regression-org-si7mn58qkc0y as manager succeeded:

Added regression-30coojagqz to org regression-org-si7mn58qkc0y as manager
Credits: unlimited
Credits spent: 0.00

INFO     [ğŸ“˜TEST_INFO]:reporting.py:51 âœ… STEP completed: Add user to organization via CLI
INFO     [ğŸ“˜TEST_INFO]:reporting.py:37 â–¶ï¸ STEP started: Add user to organization via CLI
INFO     [ğŸ–¥apolo_CLI]:apolo_runner.py:25 add user regression-qvspt1i8bi to organization regression-org-si7mn58qkc0y as user. Running command via cli:

apolo admin add-org-user regression-org-si7mn58qkc0y regression-qvspt1i8bi user

INFO     [ğŸ–¥apolo_CLI]:apolo_runner.py:86 add user regression-qvspt1i8bi to organization regression-org-si7mn58qkc0y as user succeeded:

Added regression-qvspt1i8bi to org regression-org-si7mn58qkc0y as user
Credits: unlimited
Credits spent: 0.00

INFO     [ğŸ“˜TEST_INFO]:reporting.py:51 âœ… STEP completed: Add user to organization via CLI
INFO     [ğŸ“˜TEST_INFO]:reporting.py:37 â–¶ï¸ STEP started: Get organization users via CLI
INFO     [ğŸ–¥apolo_CLI]:apolo_runner.py:25 get org users. Running command via cli:

apolo admin get-org-users regression-org-si7mn58qkc0y

INFO     [ğŸ–¥apolo_CLI]:apolo_runner.py:86 get org users succeeded:

â•·         â•·                                â•·           â•·                                  â•·           â•·                
  Name                  â”‚ Role    â”‚ Email                          â”‚ Full name â”‚ Registered                       â”‚ Credits   â”‚ Spent credits  
â•ºâ”â”â”â”â”â”â”â”â”â”â”â”â”â”â”â”â”â”â”â”â”â”â”â”¿â”â”â”â”â”â”â”â”â”â”¿â”â”â”â”â”â”â”â”â”â”â”â”â”â”â”â”â”â”â”â”â”â”â”â”â”â”â”â”â”â”â”â”â”¿â”â”â”â”â”â”â”â”â”â”â”â”¿â”â”â”â”â”â”â”â”â”â”â”â”â”â”â”â”â”â”â”â”â”â”â”â”â”â”â”â”â”â”â”â”â”â”â”¿â”â”â”â”â”â”â”â”â”â”â”â”¿â”â”â”â”â”â”â”â”â”â”â”â”â”â”â”â•¸
  regression-30coojagqz â”‚ manager â”‚ regression-30coojagqz@apolo.us â”‚           â”‚ 2026-01-20T00:35:49.341525+00:00 â”‚ unlimited â”‚ 0.00           
  regression-mxao6apko7 â”‚ admin   â”‚ regression-mxao6apko7@apolo.us â”‚           â”‚ 2026-01-20T00:14:13.046087+00:00 â”‚ unlimited â”‚ 0.00           
  regression-qvspt1i8bi â”‚ user    â”‚ regression-qvspt1i8bi@apolo.us â”‚           â”‚ 2026-01-20T00:37:31.590182+00:00 â”‚ unlimited â”‚ 0.00           
                        â•µ         â•µ                                â•µ           â•µ                                  â•µ           â•µ

INFO     [ğŸ“˜TEST_INFO]:reporting.py:51 âœ… STEP completed: Get organization users via CLI
INFO     [ğŸ“˜TEST_INFO]:reporting.py:37 â–¶ï¸ STEP started: Verify user is present in get-org-users command output
INFO     [ğŸ–¥apolo_CLI]:apolo_admin.py:385 âœ… User 'regression-30coojagqz' fields match: role='Manager', email='regression-30coojagqz@apolo.us', credits='unlimited'
INFO     [ğŸ“˜TEST_INFO]:reporting.py:51 âœ… STEP completed: Verify user is present in get-org-users command output
INFO     [ğŸ“˜TEST_INFO]:reporting.py:37 â–¶ï¸ STEP started: Verify user is present in get-org-users command output
INFO     [ğŸ–¥apolo_CLI]:apolo_admin.py:385 âœ… User 'regression-qvspt1i8bi' fields match: role='User', email='regression-qvspt1i8bi@apolo.us', credits='unlimited'
INFO     [ğŸ“˜TEST_INFO]:reporting.py:51 âœ… STEP completed: Verify user is present in get-org-users command output
INFO     [ğŸ“˜TEST_INFO]:reporting.py:37 â–¶ï¸ STEP started: Login to apolo CLI with access token
INFO     [ğŸ–¥apolo_CLI]:apolo_runner.py:25 login-with-token. Running command via cli:

apolo config login-with-token eyJhbGciOiJSUzI1NiIsInR5cCI6IkpXVCIsImtpZCI6IjhyNXZCR0E4ZXNuc1IzbXJ0NUFSViJ9.eyJodHRwczovL3BsYXRmb3JtLm5ldXJvbWF0aW9uLmlvL3VzZXIiOiJyZWdyZXNzaW9uLTMwY29vamFncXoiLCJodHRwczovL3BsYXRmb3JtLm5ldXJvbWF0aW9uLmlvL2xvZ2luX3JlZGlyZWN0X3VybCI6Imh0dHBzOi8vY29uc29sZS5kZXYuYXBvbG8udXMiLCJodHRwczovL3BsYXRmb3JtLmFwb2xvLnVzL29yaWdpbiI6Imh0dHBzOi8vY29uc29sZS5kZXYuYXBvbG8udXMiLCJpc3MiOiJodHRwczovL2F1dGguZGV2LmFwb2xvLnVzLyIsInN1YiI6ImF1dGgwfDY5NmVjZGRhZTYyMWY3ZmMyYTYzZDQxZCIsImF1ZCI6WyJodHRwczovL2FwaS5kZXYuYXBvbG8udXMiLCJodHRwczovL2Rldi1hcG9sby11cy51cy5hdXRoMC5jb20vdXNlcmluZm8iXSwiaWF0IjoxNzY4ODY5NDI1LCJleHAiOjE3Njg5NTU4MjUsInNjb3BlIjoib3BlbmlkIHByb2ZpbGUgZW1haWwiLCJhenAiOiJxM0kwT3p6R25URGtoUm1wZUo3V1dnYVRDdWNtVnhUTCJ9.eb8p0tNuoTNV8YGyGFFo1jpNl-j4PWGg6hIwCdn3eb506aUWZIc-uWGdso8FIKxfMQJdLSE8pW5PbuKWvjIKrSYTFUmQ_UryPrV_C-UG0OSUP0X1ftjZHixX8hd7Z9aWhoEns02Idox6DsbzJO2Qxwd2pemxCjDZgAqpSNZg70CpjhaIpyHHsZabV8p8ysrfe2ilOwvtVct_teh2JuP5skmBN2AYmhhiqjewczWwZJAfVpeOEbFgXujWQaiBJzPhL7-19bazNb5MOVnQgoJVfWsXiKpNJdLJJywdbHCnkdb4yRZrfQu2BPmtsQ_440tT7HH4cHHGroowVDc51RcjrA https://api.dev.apolo.us/api/v1

INFO     [ğŸ–¥apolo_CLI]:apolo_runner.py:86 login-with-token succeeded:

You were successfully logged out.
Logged into https://api.dev.apolo.us/api/v1 as regression-30coojagqz, current cluster is default, org is regression-org-si7mn58qkc0y project is None
Read the docs at https://docs.apolo.us or run `apolo --help` to see the reference

INFO     [ğŸ“˜TEST_INFO]:reporting.py:51 âœ… STEP completed: Login to apolo CLI with access token
INFO     [ğŸ“˜TEST_INFO]:reporting.py:37 â–¶ï¸ STEP started: Remove user from organization via CLI
INFO     [ğŸ–¥apolo_CLI]:apolo_runner.py:25 remove user regression-qvspt1i8bi from regression-org-si7mn58qkc0y. Running command via cli:

apolo admin remove-org-user regression-org-si7mn58qkc0y regression-qvspt1i8bi

INFO     [ğŸ–¥apolo_CLI]:apolo_runner.py:86 remove user regression-qvspt1i8bi from regression-org-si7mn58qkc0y succeeded:

Removed regression-qvspt1i8bi from org regression-org-si7mn58qkc0y

INFO     [ğŸ“˜TEST_INFO]:reporting.py:51 âœ… STEP completed: Remove user from organization via CLI
INFO     [ğŸ“˜TEST_INFO]:reporting.py:37 â–¶ï¸ STEP started: Get organization users via CLI
INFO     [ğŸ–¥apolo_CLI]:apolo_runner.py:25 get org users. Running command via cli:

apolo admin get-org-users regression-org-si7mn58qkc0y

INFO     [ğŸ–¥apolo_CLI]:apolo_runner.py:86 get org users succeeded:

â•·         â•·                                â•·           â•·                                  â•·           â•·                
  Name                  â”‚ Role    â”‚ Email                          â”‚ Full name â”‚ Registered                       â”‚ Credits   â”‚ Spent credits  
â•ºâ”â”â”â”â”â”â”â”â”â”â”â”â”â”â”â”â”â”â”â”â”â”â”â”¿â”â”â”â”â”â”â”â”â”â”¿â”â”â”â”â”â”â”â”â”â”â”â”â”â”â”â”â”â”â”â”â”â”â”â”â”â”â”â”â”â”â”â”â”¿â”â”â”â”â”â”â”â”â”â”â”â”¿â”â”â”â”â”â”â”â”â”â”â”â”â”â”â”â”â”â”â”â”â”â”â”â”â”â”â”â”â”â”â”â”â”â”â”¿â”â”â”â”â”â”â”â”â”â”â”â”¿â”â”â”â”â”â”â”â”â”â”â”â”â”â”â”â•¸
  regression-30coojagqz â”‚ manager â”‚ regression-30coojagqz@apolo.us â”‚           â”‚ 2026-01-20T00:35:49.341525+00:00 â”‚ unlimited â”‚ 0.00           
  regression-mxao6apko7 â”‚ admin   â”‚ regression-mxao6apko7@apolo.us â”‚           â”‚ 2026-01-20T00:14:13.046087+00:00 â”‚ unlimited â”‚ 0.00           
                        â•µ         â•µ                                â•µ           â•µ                                  â•µ           â•µ

INFO     [ğŸ“˜TEST_INFO]:reporting.py:51 âœ… STEP completed: Get organization users via CLI
INFO     [ğŸ“˜TEST_INFO]:reporting.py:37 â–¶ï¸ STEP started: Verify user is not present in get-org-users command output
INFO     [ğŸ“˜TEST_INFO]:reporting.py:51 âœ… STEP completed: Verify user is not present in get-org-users command output
INFO     [ğŸ“˜TEST_INFO]:reporting.py:37 â–¶ï¸ STEP started: Login to apolo CLI with access token
INFO     [ğŸ–¥apolo_CLI]:apolo_runner.py:25 login-with-token. Running command via cli:

apolo config login-with-token eyJhbGciOiJSUzI1NiIsInR5cCI6IkpXVCIsImtpZCI6IjhyNXZCR0E4ZXNuc1IzbXJ0NUFSViJ9.eyJodHRwczovL3BsYXRmb3JtLm5ldXJvbWF0aW9uLmlvL3VzZXIiOiJyZWdyZXNzaW9uLXF2c3B0MWk4YmkiLCJodHRwczovL3BsYXRmb3JtLm5ldXJvbWF0aW9uLmlvL2xvZ2luX3JlZGlyZWN0X3VybCI6Imh0dHBzOi8vY29uc29sZS5kZXYuYXBvbG8udXMiLCJodHRwczovL3BsYXRmb3JtLmFwb2xvLnVzL29yaWdpbiI6Imh0dHBzOi8vY29uc29sZS5kZXYuYXBvbG8udXMiLCJpc3MiOiJodHRwczovL2F1dGguZGV2LmFwb2xvLnVzLyIsInN1YiI6ImF1dGgwfDY5NmVjZTQxM2RmMTE0MzQxMDk0NjUxNSIsImF1ZCI6WyJodHRwczovL2FwaS5kZXYuYXBvbG8udXMiLCJodHRwczovL2Rldi1hcG9sby11cy51cy5hdXRoMC5jb20vdXNlcmluZm8iXSwiaWF0IjoxNzY4ODY5NDUyLCJleHAiOjE3Njg5NTU4NTIsInNjb3BlIjoib3BlbmlkIHByb2ZpbGUgZW1haWwiLCJhenAiOiJxM0kwT3p6R25URGtoUm1wZUo3V1dnYVRDdWNtVnhUTCJ9.q8hey-iOa94ML6cDJgfY-ppHYhNLpBbVPajPQv9k5Yiuo4l2Ujz-x_C-xdSkv-DKL707ht6kadnWUezffb9BOiHC7c-Ihx7gkRcZ47mU-xR7xYzuVFe4If7R7G9Y1fV4sFIIPTkNd-NNOWIS_pJPQXJskqGiS8tsVHfYD8veFdhUPWZnFCR7qn1s5lqcrwduPjG9gjBk8pZk_F9_Npt_KalzfeTfKh-Fcl_MQErtrvU4iLbFY1fm8GPChfUX1Pz2HzO6mrzkXcVO2jG52gZU_00LwnJhDT0HFGniCTuvwI2PNtD7Bh5HrexKVWrOAw1dUdwAxmfDvDAIEOyIfezK2w https://api.dev.apolo.us/api/v1

ERROR    [ğŸ–¥apolo_CLI]:apolo_runner.py:82 login-with-token failed:

ERROR: No clusters configured
You were successfully logged out.

ERROR    [ğŸ“˜TEST_INFO]:reporting.py:56 âŒ STEP failed: Login to apolo CLI with access token
ERROR    [ğŸ“˜TEST_INFO]:reporting.py:95 âŒ TEST failed: Manager removes User from org via **CLI**
Exception: [AssertionError] during step: Login to apolo CLI with access token
Message: ERROR: No clusters configured
INFO     [ğŸ“˜TEST_INFO]:reporting.py:98 ------------------------------------------------------------
INFO     [ğŸ“˜TEST_INFO]:reporting.py:155 ============================================================
INFO     [ğŸ“˜TEST_INFO]:reporting.py:156 ğŸ“Š SUITE SUMMARY: 1 passed, 8 failed
INFO     [ğŸ“˜TEST_INFO]:reporting.py:159 ============================================================
INFO     [ğŸŒAPI_helper]:api_helper.py:54 GET https://api.dev.apolo.us/apis/admin/v1/orgs
INFO     [ğŸŒAPI_helper]:api_helper.py:175 Status: 200. Response: [{'name': 'regression-org-si7mn58qkc0y', 'balance': {'credits': '500', 'spent_credits': '0'}, 'user_default_credits': None, 'notification_intervals': {'balance_projection_seconds': [604800, 259200, 86400], 'balance_amount': [0], 'balance_depletion_seconds': [86400, 604800]}}]
INFO     [ğŸ”§TEST CONFIG]:conftest.py:293 Cleaning up 1 organisations
INFO     [ğŸŒAPI_helper]:api_helper.py:54 GET https://api.dev.apolo.us/apis/admin/v1/clusters/default/orgs/regression-org-si7mn58qkc0y/projects
INFO     [ğŸŒAPI_helper]:api_helper.py:182 Status: 200. Response: []
INFO     [ğŸ”§TEST CONFIG]:conftest.py:310 Cleaning up 0 projects
INFO     [ğŸŒAPI_helper]:api_helper.py:189 Delete organization response: <ClientResponse(https://api.dev.apolo.us/apis/admin/v1/orgs/regression-org-si7mn58qkc0y) [200 OK]>
<CIMultiDictProxy('Access-Control-Allow-Credentials': 'true', 'Content-Length': '274', 'Content-Type': 'application/json; charset=utf-8', 'Date': 'Tue, 20 Jan 2026 00:37:49 GMT', 'Server': 'Python/3.13 aiohttp/3.13.2', 'Vary': 'Origin', 'X-Service-Version': 'platform-admin/0.0.0.post1.dev0+53c1ea3')>

INFO     [ğŸ”§TEST CONFIG]:conftest.py:329 Deleted organisation: regression-org-si7mn58qkc0y
INFO     [ğŸ”§TEST CONFIG]:conftest.py:334 Closing all browser sessions
INFO     [ğŸ”§TEST CONFIG]:conftest.py:349 Closed context
INFO     [ğŸ”§TEST CONFIG]:conftest.py:356 Closed browser
INFO     [ğŸ”§TEST CONFIG]:conftest.py:362 Stopped Playwright
INFO     [ğŸ”§TEST CONFIG]:conftest.py:349 Closed context
INFO     [ğŸ”§TEST CONFIG]:conftest.py:356 Closed browser
INFO     [ğŸ”§TEST CONFIG]:conftest.py:362 Stopped Playwright
INFO     [ğŸ”§TEST CONFIG]:conftest.py:349 Closed context
INFO     [ğŸ”§TEST CONFIG]:conftest.py:356 Closed browser
INFO     [ğŸ”§TEST CONFIG]:conftest.py:362 Stopped Playwright
INFO     [ğŸ”§TEST CONFIG]:conftest.py:367 Browser cleanup finished