INFO     [ğŸ”§TEST CONFIG]:conftest.py:89 Loading test configuration
INFO     [ğŸ”§TEST CONFIG]:conftest.py:398 Navigating to: https://console.dev.apolo.us/
INFO     [ğŸ”§TEST CONFIG]:conftest.py:95 Creating data manager
INFO     [ğŸ”§TEST CONFIG]:conftest.py:125 Creating users manager
INFO     [ğŸ”§TEST CONFIG]:conftest.py:111 Creating API helper
INFO     [ğŸ”§TEST CONFIG]:conftest.py:119 Creating Apolo CLI instance
INFO     [ğŸ”§TEST CONFIG]:conftest.py:207 Continue using UserData(email='regression-4ngsj2bm8f@apolo.us', username='regression-4ngsj2bm8f', password='xnUg*5Ctta@5') as main test user...
INFO     [ğŸ‘¤UsersManager]:users_manager.py:73 Setting main user to UserData(email='regression-4ngsj2bm8f@apolo.us', username='regression-4ngsj2bm8f', password='xnUg*5Ctta@5')
INFO     [ğŸ”§TEST CONFIG]:conftest.py:237 Continue using UserData(email='regression-l2ab3h9g21@apolo.us', username='regression-l2ab3h9g21', password='uk$f@TT#2P%S') as second test user...
INFO     [ğŸ‘¤UsersManager]:users_manager.py:82 Setting second user to UserData(email='regression-l2ab3h9g21@apolo.us', username='regression-l2ab3h9g21', password='uk$f@TT#2P%S')
INFO     [ğŸ”§TEST CONFIG]:conftest.py:242 Continue using UserData(email='regression-7d6j19p8ac@apolo.us', username='regression-7d6j19p8ac', password='2CYj6lD59Rzb') as third test user...
INFO     [ğŸ‘¤UsersManager]:users_manager.py:91 Setting third user to UserData(email='regression-7d6j19p8ac@apolo.us', username='regression-7d6j19p8ac', password='2CYj6lD59Rzb')
INFO     [ğŸ“˜TEST_INFO]:reporting.py:37 â–¶ï¸ STEP started: Verify Apolo CLI client is installed
INFO     [ğŸ–¥apolo_CLI]:apolo_runner.py:25 check CLI version. Running command via cli:

apolo --version

WARNING  [ğŸ”§TEST CONFIG]:conftest.py:442 [HTTP 200] GET https://api.dev.apolo.us/api/v1/config
Request Body (first 2000 chars):
<not available>
Response Body (first 2000 chars):
{"authorized": false, "auth_url": "https://auth.dev.apolo.us/authorize", "token_url": "https://auth.dev.apolo.us/oauth/token", "logout_url": "https://auth.dev.apolo.us/v2/logout?returnTo=https://console.dev.apolo.us", "client_id": "q3I0OzzGnTDkhRmpeJ7WWgaTCucmVxTL", "audience": "https://api.dev.apolo.us", "callback_urls": ["http://127.0.0.1:54540", "http://127.0.0.1:54541", "http://127.0.0.1:54542"], "headless_callback_url": "https://api.dev.apolo.us/oauth/show-code", "success_redirect_url": "https://api.dev.apolo.us/oauth/login"}
INFO     [ğŸ–¥apolo_CLI]:apolo_runner.py:86 check CLI version succeeded:

Apolo Platform Client 25.12.1

INFO     [ğŸ“˜TEST_INFO]:reporting.py:51 âœ… STEP completed: Verify Apolo CLI client is installed
INFO     [ğŸ“˜TEST_INFO]:reporting.py:86 ------------------------------------------------------------
INFO     [ğŸ“˜TEST_INFO]:reporting.py:87 ğŸ“ TEST started: User verifies admin get-org-users output via CLI
INFO     [ğŸ“˜TEST_INFO]:reporting.py:88 ------------------------------------------------------------
INFO     [ğŸ“˜TEST_INFO]:reporting.py:37 â–¶ï¸ STEP started: Login via UI
INFO     [ğŸ“˜TEST_INFO]:reporting.py:37 â–¶ï¸ STEP started: Verify that Auth page displayed
INFO     [ğŸ­ Playwright]:base_page.py:16 <AuthPage>: Check if page loaded
INFO     [ğŸ“˜TEST_INFO]:reporting.py:51 âœ… STEP completed: Verify that Auth page displayed
INFO     [ğŸ“˜TEST_INFO]:reporting.py:225 ğŸ“¸ Screenshot captured and attached (success): /home/runner/work/apolo-test-automation/apolo-test-automation/reports/screenshots/verify_ui_page_displayed_success_fbfcbb.png
INFO     [ğŸ“˜TEST_INFO]:reporting.py:37 â–¶ï¸ STEP started: Click login button
INFO     [ğŸ­ Playwright]:base_page.py:16 <AuthPage>: Click log in button
INFO     [ğŸ“˜TEST_INFO]:reporting.py:51 âœ… STEP completed: Click login button
INFO     [ğŸ“˜TEST_INFO]:reporting.py:225 ğŸ“¸ Screenshot captured and attached (success): /home/runner/work/apolo-test-automation/apolo-test-automation/reports/screenshots/ui_click_login_button_success_26104a.png
INFO     [ğŸ“˜TEST_INFO]:reporting.py:37 â–¶ï¸ STEP started: Verify that Login page displayed
INFO     [ğŸ­ Playwright]:base_page.py:16 <LoginPage>: Check if page is loaded
INFO     [ğŸ“˜TEST_INFO]:reporting.py:51 âœ… STEP completed: Verify that Login page displayed
INFO     [ğŸ“˜TEST_INFO]:reporting.py:225 ğŸ“¸ Screenshot captured and attached (success): /home/runner/work/apolo-test-automation/apolo-test-automation/reports/screenshots/verify_ui_page_displayed_success_073122.png
INFO     [ğŸ“˜TEST_INFO]:reporting.py:37 â–¶ï¸ STEP started: Enter email
INFO     [ğŸ­ Playwright]:base_page.py:16 <LoginPage>: Enter regression-4ngsj2bm8f@apolo.us email
INFO     [ğŸ“˜TEST_INFO]:reporting.py:51 âœ… STEP completed: Enter email
INFO     [ğŸ“˜TEST_INFO]:reporting.py:225 ğŸ“¸ Screenshot captured and attached (success): /home/runner/work/apolo-test-automation/apolo-test-automation/reports/screenshots/ui_enter_email_success_76d45c.png
INFO     [ğŸ“˜TEST_INFO]:reporting.py:37 â–¶ï¸ STEP started: Enter password
INFO     [ğŸ­ Playwright]:base_page.py:16 <LoginPage>: Enter ********* password
INFO     [ğŸ“˜TEST_INFO]:reporting.py:51 âœ… STEP completed: Enter password
INFO     [ğŸ“˜TEST_INFO]:reporting.py:225 ğŸ“¸ Screenshot captured and attached (success): /home/runner/work/apolo-test-automation/apolo-test-automation/reports/screenshots/ui_enter_password_success_f4f56a.png
INFO     [ğŸ“˜TEST_INFO]:reporting.py:37 â–¶ï¸ STEP started: Click Continue button
INFO     [ğŸ­ Playwright]:base_page.py:16 <LoginPage>: Click continue button
WARNING  [ğŸ”§TEST CONFIG]:conftest.py:442 [HTTP 200] GET https://api.dev.apolo.us/api/v1/config
Request Body (first 2000 chars):
<not available>
Response Body (first 2000 chars):
{"authorized": true, "orgs": [], "clusters": [], "projects": [], "admin_url": "https://api.dev.apolo.us/apis/admin/v1", "vcluster_url": "https://staging.neu.ro/apis/vcluster/v1", "auth_url": "https://auth.dev.apolo.us/authorize", "token_url": "https://auth.dev.apolo.us/oauth/token", "logout_url": "https://auth.dev.apolo.us/v2/logout?returnTo=https://console.dev.apolo.us", "client_id": "q3I0OzzGnTDkhRmpeJ7WWgaTCucmVxTL", "audience": "https://api.dev.apolo.us", "callback_urls": ["http://127.0.0.1:54540", "http://127.0.0.1:54541", "http://127.0.0.1:54542"], "headless_callback_url": "https://api.dev.apolo.us/oauth/show-code", "success_redirect_url": "https://api.dev.apolo.us/oauth/login"}
WARNING  [ğŸ”§TEST CONFIG]:conftest.py:442 [HTTP 200] GET https://api.dev.apolo.us/api/v1/users/regression-4ngsj2bm8f/permissions?uri=blob:
Request Body (first 2000 chars):
<not available>
Response Body (first 2000 chars):
[]
WARNING  [ğŸ”§TEST CONFIG]:conftest.py:442 [HTTP 200] GET https://api.dev.apolo.us/apis/admin/v1/invites/incoming
Request Body (first 2000 chars):
<not available>
Response Body (first 2000 chars):
[]
WARNING  [ğŸ”§TEST CONFIG]:conftest.py:442 [HTTP 200] GET https://api.dev.apolo.us/apis/admin/v1/users/regression-4ngsj2bm8f?include=clusters&include=system_role
Request Body (first 2000 chars):
<not available>
Response Body (first 2000 chars):
{"name": "regression-4ngsj2bm8f", "email": "regression-4ngsj2bm8f@apolo.us", "first_name": null, "last_name": null, "created_at": "2025-12-24T01:32:09.342204+00:00", "terms_accepted": true, "clusters": []}
WARNING  [ğŸ”§TEST CONFIG]:conftest.py:442 [HTTP 200] GET https://api.dev.apolo.us/apis/admin/v1/users/regression-4ngsj2bm8f?include=orgs
Request Body (first 2000 chars):
<not available>
Response Body (first 2000 chars):
{"name": "regression-4ngsj2bm8f", "email": "regression-4ngsj2bm8f@apolo.us", "first_name": null, "last_name": null, "created_at": "2025-12-24T01:32:09.342204+00:00", "terms_accepted": true, "orgs": []}
INFO     [ğŸ­ Playwright]:base_page.py:16 <LoginPage>: Waiting for spinner
INFO     [ğŸ­ Playwright]:base_page.py:16 <LoginPage>: Timeout error for spinner
INFO     [ğŸ“˜TEST_INFO]:reporting.py:51 âœ… STEP completed: Click Continue button
INFO     [ğŸ“˜TEST_INFO]:reporting.py:225 ğŸ“¸ Screenshot captured and attached (success): /home/runner/work/apolo-test-automation/apolo-test-automation/reports/screenshots/ui_click_continue_button_success_eb8e94.png
INFO     [ğŸ“˜TEST_INFO]:reporting.py:37 â–¶ï¸ STEP started: Verify that Welcome new user page displayed
INFO     [ğŸ­ Playwright]:base_page.py:16 <WelcomeNewUserPage>: Check if page loaded
INFO     [ğŸ“˜TEST_INFO]:reporting.py:51 âœ… STEP completed: Verify that Welcome new user page displayed
INFO     [ğŸ“˜TEST_INFO]:reporting.py:225 ğŸ“¸ Screenshot captured and attached (success): /home/runner/work/apolo-test-automation/apolo-test-automation/reports/screenshots/verify_ui_page_displayed_success_993d3d.png
INFO     [ğŸ“˜TEST_INFO]:reporting.py:51 âœ… STEP completed: Login via UI
INFO     [ğŸ“˜TEST_INFO]:reporting.py:225 ğŸ“¸ Screenshot captured and attached (success): /home/runner/work/apolo-test-automation/apolo-test-automation/reports/screenshots/ui_login_success_eeac2a.png
INFO     [ğŸ”§TEST CONFIG]:conftest.py:398 Navigating to: https://console.dev.apolo.us/
INFO     [ğŸ“˜TEST_INFO]:reporting.py:37 â–¶ï¸ STEP started: <<User2>> :: Get second user
INFO     [ğŸ“˜TEST_INFO]:reporting.py:51 âœ… STEP completed: <<User2>> :: Get second user
INFO     [ğŸ“˜TEST_INFO]:reporting.py:225 ğŸ“¸ Screenshot captured and attached (success): /home/runner/work/apolo-test-automation/apolo-test-automation/reports/screenshots/ui_get_second_user_success_5bd0b2.png
INFO     [ğŸ“˜TEST_INFO]:reporting.py:37 â–¶ï¸ STEP started: <<User2>> :: Login via UI
INFO     [ğŸ“˜TEST_INFO]:reporting.py:37 â–¶ï¸ STEP started: <<User2>> :: Verify that Auth page displayed
INFO     [ğŸ­ Playwright]:base_page.py:16 <AuthPage>: Check if page loaded
WARNING  [ğŸ”§TEST CONFIG]:conftest.py:442 [HTTP 200] GET https://api.dev.apolo.us/api/v1/config
Request Body (first 2000 chars):
<not available>
Response Body (first 2000 chars):
{"authorized": false, "auth_url": "https://auth.dev.apolo.us/authorize", "token_url": "https://auth.dev.apolo.us/oauth/token", "logout_url": "https://auth.dev.apolo.us/v2/logout?returnTo=https://console.dev.apolo.us", "client_id": "q3I0OzzGnTDkhRmpeJ7WWgaTCucmVxTL", "audience": "https://api.dev.apolo.us", "callback_urls": ["http://127.0.0.1:54540", "http://127.0.0.1:54541", "http://127.0.0.1:54542"], "headless_callback_url": "https://api.dev.apolo.us/oauth/show-code", "success_redirect_url": "https://api.dev.apolo.us/oauth/login"}
INFO     [ğŸ“˜TEST_INFO]:reporting.py:51 âœ… STEP completed: <<User2>> :: Verify that Auth page displayed
INFO     [ğŸ“˜TEST_INFO]:reporting.py:225 ğŸ“¸ Screenshot captured and attached (success): /home/runner/work/apolo-test-automation/apolo-test-automation/reports/screenshots/verify_ui_page_displayed_success_71776e.png
INFO     [ğŸ“˜TEST_INFO]:reporting.py:37 â–¶ï¸ STEP started: <<User2>> :: Click login button
INFO     [ğŸ­ Playwright]:base_page.py:16 <AuthPage>: Click log in button
INFO     [ğŸ“˜TEST_INFO]:reporting.py:51 âœ… STEP completed: <<User2>> :: Click login button
INFO     [ğŸ“˜TEST_INFO]:reporting.py:225 ğŸ“¸ Screenshot captured and attached (success): /home/runner/work/apolo-test-automation/apolo-test-automation/reports/screenshots/ui_click_login_button_success_170c44.png
INFO     [ğŸ“˜TEST_INFO]:reporting.py:37 â–¶ï¸ STEP started: <<User2>> :: Verify that Login page displayed
INFO     [ğŸ­ Playwright]:base_page.py:16 <LoginPage>: Check if page is loaded
INFO     [ğŸ“˜TEST_INFO]:reporting.py:51 âœ… STEP completed: <<User2>> :: Verify that Login page displayed
INFO     [ğŸ“˜TEST_INFO]:reporting.py:225 ğŸ“¸ Screenshot captured and attached (success): /home/runner/work/apolo-test-automation/apolo-test-automation/reports/screenshots/verify_ui_page_displayed_success_4d89a4.png
INFO     [ğŸ“˜TEST_INFO]:reporting.py:37 â–¶ï¸ STEP started: <<User2>> :: Enter email
INFO     [ğŸ­ Playwright]:base_page.py:16 <LoginPage>: Enter regression-l2ab3h9g21@apolo.us email
INFO     [ğŸ“˜TEST_INFO]:reporting.py:51 âœ… STEP completed: <<User2>> :: Enter email
INFO     [ğŸ“˜TEST_INFO]:reporting.py:225 ğŸ“¸ Screenshot captured and attached (success): /home/runner/work/apolo-test-automation/apolo-test-automation/reports/screenshots/ui_enter_email_success_bc704c.png
INFO     [ğŸ“˜TEST_INFO]:reporting.py:37 â–¶ï¸ STEP started: <<User2>> :: Enter password
INFO     [ğŸ­ Playwright]:base_page.py:16 <LoginPage>: Enter ********* password
INFO     [ğŸ“˜TEST_INFO]:reporting.py:51 âœ… STEP completed: <<User2>> :: Enter password
INFO     [ğŸ“˜TEST_INFO]:reporting.py:225 ğŸ“¸ Screenshot captured and attached (success): /home/runner/work/apolo-test-automation/apolo-test-automation/reports/screenshots/ui_enter_password_success_c45cbb.png
INFO     [ğŸ“˜TEST_INFO]:reporting.py:37 â–¶ï¸ STEP started: <<User2>> :: Click Continue button
INFO     [ğŸ­ Playwright]:base_page.py:16 <LoginPage>: Click continue button
WARNING  [ğŸ”§TEST CONFIG]:conftest.py:442 [HTTP 200] GET https://api.dev.apolo.us/api/v1/config
Request Body (first 2000 chars):
<not available>
Response Body (first 2000 chars):
{"authorized": true, "orgs": [], "clusters": [], "projects": [], "admin_url": "https://api.dev.apolo.us/apis/admin/v1", "vcluster_url": "https://staging.neu.ro/apis/vcluster/v1", "auth_url": "https://auth.dev.apolo.us/authorize", "token_url": "https://auth.dev.apolo.us/oauth/token", "logout_url": "https://auth.dev.apolo.us/v2/logout?returnTo=https://console.dev.apolo.us", "client_id": "q3I0OzzGnTDkhRmpeJ7WWgaTCucmVxTL", "audience": "https://api.dev.apolo.us", "callback_urls": ["http://127.0.0.1:54540", "http://127.0.0.1:54541", "http://127.0.0.1:54542"], "headless_callback_url": "https://api.dev.apolo.us/oauth/show-code", "success_redirect_url": "https://api.dev.apolo.us/oauth/login"}
WARNING  [ğŸ”§TEST CONFIG]:conftest.py:442 [HTTP 200] GET https://api.dev.apolo.us/api/v1/users/regression-l2ab3h9g21/permissions?uri=blob:
Request Body (first 2000 chars):
<not available>
Response Body (first 2000 chars):
[]
WARNING  [ğŸ”§TEST CONFIG]:conftest.py:442 [HTTP 200] GET https://api.dev.apolo.us/apis/admin/v1/users/regression-l2ab3h9g21?include=clusters&include=system_role
Request Body (first 2000 chars):
<not available>
Response Body (first 2000 chars):
{"name": "regression-l2ab3h9g21", "email": "regression-l2ab3h9g21@apolo.us", "first_name": null, "last_name": null, "created_at": "2025-12-24T01:40:33.501997+00:00", "terms_accepted": true, "clusters": []}
WARNING  [ğŸ”§TEST CONFIG]:conftest.py:442 [HTTP 200] GET https://api.dev.apolo.us/apis/admin/v1/invites/incoming
Request Body (first 2000 chars):
<not available>
Response Body (first 2000 chars):
[]
WARNING  [ğŸ”§TEST CONFIG]:conftest.py:442 [HTTP 200] GET https://api.dev.apolo.us/apis/admin/v1/users/regression-l2ab3h9g21?include=orgs
Request Body (first 2000 chars):
<not available>
Response Body (first 2000 chars):
{"name": "regression-l2ab3h9g21", "email": "regression-l2ab3h9g21@apolo.us", "first_name": null, "last_name": null, "created_at": "2025-12-24T01:40:33.501997+00:00", "terms_accepted": true, "orgs": []}
INFO     [ğŸ­ Playwright]:base_page.py:16 <LoginPage>: Waiting for spinner
INFO     [ğŸ­ Playwright]:base_page.py:16 <LoginPage>: Timeout error for spinner
INFO     [ğŸ“˜TEST_INFO]:reporting.py:51 âœ… STEP completed: <<User2>> :: Click Continue button
INFO     [ğŸ“˜TEST_INFO]:reporting.py:225 ğŸ“¸ Screenshot captured and attached (success): /home/runner/work/apolo-test-automation/apolo-test-automation/reports/screenshots/ui_click_continue_button_success_ba30ad.png
INFO     [ğŸ“˜TEST_INFO]:reporting.py:37 â–¶ï¸ STEP started: <<User2>> :: Verify that Welcome new user page displayed
INFO     [ğŸ­ Playwright]:base_page.py:16 <WelcomeNewUserPage>: Check if page loaded
INFO     [ğŸ“˜TEST_INFO]:reporting.py:51 âœ… STEP completed: <<User2>> :: Verify that Welcome new user page displayed
INFO     [ğŸ“˜TEST_INFO]:reporting.py:225 ğŸ“¸ Screenshot captured and attached (success): /home/runner/work/apolo-test-automation/apolo-test-automation/reports/screenshots/verify_ui_page_displayed_success_931b69.png
INFO     [ğŸ“˜TEST_INFO]:reporting.py:51 âœ… STEP completed: <<User2>> :: Login via UI
INFO     [ğŸ“˜TEST_INFO]:reporting.py:225 ğŸ“¸ Screenshot captured and attached (success): /home/runner/work/apolo-test-automation/apolo-test-automation/reports/screenshots/ui_login_success_3d7161.png
INFO     [ğŸ“˜TEST_INFO]:reporting.py:37 â–¶ï¸ STEP started: Login to apolo CLI with access token
INFO     [ğŸ–¥apolo_CLI]:apolo_runner.py:25 login-with-token. Running command via cli:

apolo config login-with-token eyJhbGciOiJSUzI1NiIsInR5cCI6IkpXVCIsImtpZCI6IjhyNXZCR0E4ZXNuc1IzbXJ0NUFSViJ9.eyJodHRwczovL3BsYXRmb3JtLm5ldXJvbWF0aW9uLmlvL3VzZXIiOiJyZWdyZXNzaW9uLTRuZ3NqMmJtOGYiLCJodHRwczovL3BsYXRmb3JtLm5ldXJvbWF0aW9uLmlvL2xvZ2luX3JlZGlyZWN0X3VybCI6Imh0dHBzOi8vY29uc29sZS5kZXYuYXBvbG8udXMiLCJodHRwczovL3BsYXRmb3JtLmFwb2xvLnVzL29yaWdpbiI6Imh0dHBzOi8vY29uc29sZS5kZXYuYXBvbG8udXMiLCJpc3MiOiJodHRwczovL2F1dGguZGV2LmFwb2xvLnVzLyIsInN1YiI6ImF1dGgwfDY5NGI0MjhlYmYwN2JmMTQzMTk2MWM1NyIsImF1ZCI6WyJodHRwczovL2FwaS5kZXYuYXBvbG8udXMiLCJodHRwczovL2Rldi1hcG9sby11cy51cy5hdXRoMC5jb20vdXNlcmluZm8iXSwiaWF0IjoxNzY2NTQxOTA5LCJleHAiOjE3NjY2MjgzMDksInNjb3BlIjoib3BlbmlkIHByb2ZpbGUgZW1haWwiLCJhenAiOiJxM0kwT3p6R25URGtoUm1wZUo3V1dnYVRDdWNtVnhUTCJ9.rYm2EyXZnIdM046IUMEaDqMeIF5dPWXh2XSgjz7CziJHsC1_kL43YzYdmCkkCHSLmMTFO8-vJK0k9cMGWLAdEMVFDz-nm8GqbYfHmqehESPsW9khyZTThGSHfG9PMftO0EJoXk0vl6K7ooJnFBWsFezFK-73dvZIpaT-zmSMff0gnpao3kxQO_MS_ZeOrj6ENOne24ZvvMZwD3lNGpKf8d9PPYKwkNF8AHnO2AaWkYJpNyxSnSN1ZzkuBnNWS9U3vUjhx6J5DmPLNluUdk1lsCWqKdbbhoXsnuo8G21b6_nDOL_2cAREV5iSgBAGB6tSNGET3Gm1FVWX_Vsaywfh2w https://api.dev.apolo.us/api/v1

ERROR    [ğŸ–¥apolo_CLI]:apolo_runner.py:82 login-with-token failed:

ERROR: No clusters configured
You were successfully logged out.

ERROR    [ğŸ“˜TEST_INFO]:reporting.py:56 âŒ STEP failed: Login to apolo CLI with access token
ERROR    [ğŸ“˜TEST_INFO]:reporting.py:95 âŒ TEST failed: User verifies admin get-org-users output via CLI
Exception: [AssertionError] during step: Login to apolo CLI with access token
Message: ERROR: No clusters configured
INFO     [ğŸ“˜TEST_INFO]:reporting.py:98 ------------------------------------------------------------
INFO     [ğŸŒAPI_helper]:api_helper.py:54 GET https://api.dev.apolo.us/apis/admin/v1/orgs
INFO     [ğŸŒAPI_helper]:api_helper.py:175 Status: 200. Response: []
INFO     [ğŸ”§TEST CONFIG]:conftest.py:293 Cleaning up 0 organisations
INFO     [ğŸ”§TEST CONFIG]:conftest.py:334 Closing all browser sessions
INFO     [ğŸ”§TEST CONFIG]:conftest.py:349 Closed context
INFO     [ğŸ”§TEST CONFIG]:conftest.py:356 Closed browser
INFO     [ğŸ”§TEST CONFIG]:conftest.py:362 Stopped Playwright
INFO     [ğŸ”§TEST CONFIG]:conftest.py:349 Closed context
INFO     [ğŸ”§TEST CONFIG]:conftest.py:356 Closed browser
INFO     [ğŸ”§TEST CONFIG]:conftest.py:362 Stopped Playwright
INFO     [ğŸ”§TEST CONFIG]:conftest.py:367 Browser cleanup finished
INFO     [ğŸ”§TEST CONFIG]:conftest.py:89 Loading test configuration
INFO     [ğŸ”§TEST CONFIG]:conftest.py:398 Navigating to: https://console.dev.apolo.us/
INFO     [ğŸ”§TEST CONFIG]:conftest.py:95 Creating data manager
INFO     [ğŸ”§TEST CONFIG]:conftest.py:125 Creating users manager
INFO     [ğŸ”§TEST CONFIG]:conftest.py:111 Creating API helper
INFO     [ğŸ”§TEST CONFIG]:conftest.py:119 Creating Apolo CLI instance
INFO     [ğŸ”§TEST CONFIG]:conftest.py:207 Continue using UserData(email='regression-4ngsj2bm8f@apolo.us', username='regression-4ngsj2bm8f', password='xnUg*5Ctta@5') as main test user...
INFO     [ğŸ‘¤UsersManager]:users_manager.py:73 Setting main user to UserData(email='regression-4ngsj2bm8f@apolo.us', username='regression-4ngsj2bm8f', password='xnUg*5Ctta@5')
INFO     [ğŸ”§TEST CONFIG]:conftest.py:237 Continue using UserData(email='regression-l2ab3h9g21@apolo.us', username='regression-l2ab3h9g21', password='uk$f@TT#2P%S') as second test user...
INFO     [ğŸ‘¤UsersManager]:users_manager.py:82 Setting second user to UserData(email='regression-l2ab3h9g21@apolo.us', username='regression-l2ab3h9g21', password='uk$f@TT#2P%S')
INFO     [ğŸ”§TEST CONFIG]:conftest.py:242 Continue using UserData(email='regression-7d6j19p8ac@apolo.us', username='regression-7d6j19p8ac', password='2CYj6lD59Rzb') as third test user...
INFO     [ğŸ‘¤UsersManager]:users_manager.py:91 Setting third user to UserData(email='regression-7d6j19p8ac@apolo.us', username='regression-7d6j19p8ac', password='2CYj6lD59Rzb')
INFO     [ğŸ“˜TEST_INFO]:reporting.py:37 â–¶ï¸ STEP started: Verify Apolo CLI client is installed
INFO     [ğŸ–¥apolo_CLI]:apolo_runner.py:25 check CLI version. Running command via cli:

apolo --version

WARNING  [ğŸ”§TEST CONFIG]:conftest.py:442 [HTTP 200] GET https://api.dev.apolo.us/api/v1/config
Request Body (first 2000 chars):
<not available>
Response Body (first 2000 chars):
{"authorized": false, "auth_url": "https://auth.dev.apolo.us/authorize", "token_url": "https://auth.dev.apolo.us/oauth/token", "logout_url": "https://auth.dev.apolo.us/v2/logout?returnTo=https://console.dev.apolo.us", "client_id": "q3I0OzzGnTDkhRmpeJ7WWgaTCucmVxTL", "audience": "https://api.dev.apolo.us", "callback_urls": ["http://127.0.0.1:54540", "http://127.0.0.1:54541", "http://127.0.0.1:54542"], "headless_callback_url": "https://api.dev.apolo.us/oauth/show-code", "success_redirect_url": "https://api.dev.apolo.us/oauth/login"}
INFO     [ğŸ–¥apolo_CLI]:apolo_runner.py:86 check CLI version succeeded:

Apolo Platform Client 25.12.1

INFO     [ğŸ“˜TEST_INFO]:reporting.py:51 âœ… STEP completed: Verify Apolo CLI client is installed
INFO     [ğŸ“˜TEST_INFO]:reporting.py:86 ------------------------------------------------------------
INFO     [ğŸ“˜TEST_INFO]:reporting.py:87 ğŸ“ TEST started: User verifies admin get-org-users output via CLI
INFO     [ğŸ“˜TEST_INFO]:reporting.py:88 ------------------------------------------------------------
INFO     [ğŸ“˜TEST_INFO]:reporting.py:37 â–¶ï¸ STEP started: Login via UI
INFO     [ğŸ“˜TEST_INFO]:reporting.py:37 â–¶ï¸ STEP started: Verify that Auth page displayed
INFO     [ğŸ­ Playwright]:base_page.py:16 <AuthPage>: Check if page loaded
INFO     [ğŸ“˜TEST_INFO]:reporting.py:51 âœ… STEP completed: Verify that Auth page displayed
INFO     [ğŸ“˜TEST_INFO]:reporting.py:225 ğŸ“¸ Screenshot captured and attached (success): /home/runner/work/apolo-test-automation/apolo-test-automation/reports/screenshots/verify_ui_page_displayed_success_f1b5e3.png
INFO     [ğŸ“˜TEST_INFO]:reporting.py:37 â–¶ï¸ STEP started: Click login button
INFO     [ğŸ­ Playwright]:base_page.py:16 <AuthPage>: Click log in button
INFO     [ğŸ“˜TEST_INFO]:reporting.py:51 âœ… STEP completed: Click login button
INFO     [ğŸ“˜TEST_INFO]:reporting.py:225 ğŸ“¸ Screenshot captured and attached (success): /home/runner/work/apolo-test-automation/apolo-test-automation/reports/screenshots/ui_click_login_button_success_a46990.png
INFO     [ğŸ“˜TEST_INFO]:reporting.py:37 â–¶ï¸ STEP started: Verify that Login page displayed
INFO     [ğŸ­ Playwright]:base_page.py:16 <LoginPage>: Check if page is loaded
INFO     [ğŸ“˜TEST_INFO]:reporting.py:51 âœ… STEP completed: Verify that Login page displayed
INFO     [ğŸ“˜TEST_INFO]:reporting.py:225 ğŸ“¸ Screenshot captured and attached (success): /home/runner/work/apolo-test-automation/apolo-test-automation/reports/screenshots/verify_ui_page_displayed_success_e62b24.png
INFO     [ğŸ“˜TEST_INFO]:reporting.py:37 â–¶ï¸ STEP started: Enter email
INFO     [ğŸ­ Playwright]:base_page.py:16 <LoginPage>: Enter regression-4ngsj2bm8f@apolo.us email
INFO     [ğŸ“˜TEST_INFO]:reporting.py:51 âœ… STEP completed: Enter email
INFO     [ğŸ“˜TEST_INFO]:reporting.py:225 ğŸ“¸ Screenshot captured and attached (success): /home/runner/work/apolo-test-automation/apolo-test-automation/reports/screenshots/ui_enter_email_success_81b7fb.png
INFO     [ğŸ“˜TEST_INFO]:reporting.py:37 â–¶ï¸ STEP started: Enter password
INFO     [ğŸ­ Playwright]:base_page.py:16 <LoginPage>: Enter ********* password
INFO     [ğŸ“˜TEST_INFO]:reporting.py:51 âœ… STEP completed: Enter password
INFO     [ğŸ“˜TEST_INFO]:reporting.py:225 ğŸ“¸ Screenshot captured and attached (success): /home/runner/work/apolo-test-automation/apolo-test-automation/reports/screenshots/ui_enter_password_success_110d0b.png
INFO     [ğŸ“˜TEST_INFO]:reporting.py:37 â–¶ï¸ STEP started: Click Continue button
INFO     [ğŸ­ Playwright]:base_page.py:16 <LoginPage>: Click continue button
WARNING  [ğŸ”§TEST CONFIG]:conftest.py:442 [HTTP 200] GET https://api.dev.apolo.us/api/v1/config
Request Body (first 2000 chars):
<not available>
Response Body (first 2000 chars):
{"authorized": true, "orgs": [], "clusters": [], "projects": [], "admin_url": "https://api.dev.apolo.us/apis/admin/v1", "vcluster_url": "https://staging.neu.ro/apis/vcluster/v1", "auth_url": "https://auth.dev.apolo.us/authorize", "token_url": "https://auth.dev.apolo.us/oauth/token", "logout_url": "https://auth.dev.apolo.us/v2/logout?returnTo=https://console.dev.apolo.us", "client_id": "q3I0OzzGnTDkhRmpeJ7WWgaTCucmVxTL", "audience": "https://api.dev.apolo.us", "callback_urls": ["http://127.0.0.1:54540", "http://127.0.0.1:54541", "http://127.0.0.1:54542"], "headless_callback_url": "https://api.dev.apolo.us/oauth/show-code", "success_redirect_url": "https://api.dev.apolo.us/oauth/login"}
WARNING  [ğŸ”§TEST CONFIG]:conftest.py:442 [HTTP 200] GET https://api.dev.apolo.us/api/v1/users/regression-4ngsj2bm8f/permissions?uri=blob:
Request Body (first 2000 chars):
<not available>
Response Body (first 2000 chars):
[]
WARNING  [ğŸ”§TEST CONFIG]:conftest.py:442 [HTTP 200] GET https://api.dev.apolo.us/apis/admin/v1/users/regression-4ngsj2bm8f?include=clusters&include=system_role
Request Body (first 2000 chars):
<not available>
Response Body (first 2000 chars):
{"name": "regression-4ngsj2bm8f", "email": "regression-4ngsj2bm8f@apolo.us", "first_name": null, "last_name": null, "created_at": "2025-12-24T01:32:09.342204+00:00", "terms_accepted": true, "clusters": []}
WARNING  [ğŸ”§TEST CONFIG]:conftest.py:442 [HTTP 200] GET https://api.dev.apolo.us/apis/admin/v1/invites/incoming
Request Body (first 2000 chars):
<not available>
Response Body (first 2000 chars):
[]
WARNING  [ğŸ”§TEST CONFIG]:conftest.py:442 [HTTP 200] GET https://api.dev.apolo.us/apis/admin/v1/users/regression-4ngsj2bm8f?include=orgs
Request Body (first 2000 chars):
<not available>
Response Body (first 2000 chars):
{"name": "regression-4ngsj2bm8f", "email": "regression-4ngsj2bm8f@apolo.us", "first_name": null, "last_name": null, "created_at": "2025-12-24T01:32:09.342204+00:00", "terms_accepted": true, "orgs": []}
INFO     [ğŸ­ Playwright]:base_page.py:16 <LoginPage>: Waiting for spinner
INFO     [ğŸ­ Playwright]:base_page.py:16 <LoginPage>: Timeout error for spinner
INFO     [ğŸ“˜TEST_INFO]:reporting.py:51 âœ… STEP completed: Click Continue button
INFO     [ğŸ“˜TEST_INFO]:reporting.py:225 ğŸ“¸ Screenshot captured and attached (success): /home/runner/work/apolo-test-automation/apolo-test-automation/reports/screenshots/ui_click_continue_button_success_44777f.png
INFO     [ğŸ“˜TEST_INFO]:reporting.py:37 â–¶ï¸ STEP started: Verify that Welcome new user page displayed
INFO     [ğŸ­ Playwright]:base_page.py:16 <WelcomeNewUserPage>: Check if page loaded
INFO     [ğŸ“˜TEST_INFO]:reporting.py:51 âœ… STEP completed: Verify that Welcome new user page displayed
INFO     [ğŸ“˜TEST_INFO]:reporting.py:225 ğŸ“¸ Screenshot captured and attached (success): /home/runner/work/apolo-test-automation/apolo-test-automation/reports/screenshots/verify_ui_page_displayed_success_151986.png
INFO     [ğŸ“˜TEST_INFO]:reporting.py:51 âœ… STEP completed: Login via UI
INFO     [ğŸ“˜TEST_INFO]:reporting.py:225 ğŸ“¸ Screenshot captured and attached (success): /home/runner/work/apolo-test-automation/apolo-test-automation/reports/screenshots/ui_login_success_e061da.png
INFO     [ğŸ”§TEST CONFIG]:conftest.py:398 Navigating to: https://console.dev.apolo.us/
INFO     [ğŸ“˜TEST_INFO]:reporting.py:37 â–¶ï¸ STEP started: <<User2>> :: Get second user
INFO     [ğŸ“˜TEST_INFO]:reporting.py:51 âœ… STEP completed: <<User2>> :: Get second user
INFO     [ğŸ“˜TEST_INFO]:reporting.py:225 ğŸ“¸ Screenshot captured and attached (success): /home/runner/work/apolo-test-automation/apolo-test-automation/reports/screenshots/ui_get_second_user_success_2ec19a.png
INFO     [ğŸ“˜TEST_INFO]:reporting.py:37 â–¶ï¸ STEP started: <<User2>> :: Login via UI
INFO     [ğŸ“˜TEST_INFO]:reporting.py:37 â–¶ï¸ STEP started: <<User2>> :: Verify that Auth page displayed
INFO     [ğŸ­ Playwright]:base_page.py:16 <AuthPage>: Check if page loaded
WARNING  [ğŸ”§TEST CONFIG]:conftest.py:442 [HTTP 200] GET https://api.dev.apolo.us/api/v1/config
Request Body (first 2000 chars):
<not available>
Response Body (first 2000 chars):
{"authorized": false, "auth_url": "https://auth.dev.apolo.us/authorize", "token_url": "https://auth.dev.apolo.us/oauth/token", "logout_url": "https://auth.dev.apolo.us/v2/logout?returnTo=https://console.dev.apolo.us", "client_id": "q3I0OzzGnTDkhRmpeJ7WWgaTCucmVxTL", "audience": "https://api.dev.apolo.us", "callback_urls": ["http://127.0.0.1:54540", "http://127.0.0.1:54541", "http://127.0.0.1:54542"], "headless_callback_url": "https://api.dev.apolo.us/oauth/show-code", "success_redirect_url": "https://api.dev.apolo.us/oauth/login"}
INFO     [ğŸ“˜TEST_INFO]:reporting.py:51 âœ… STEP completed: <<User2>> :: Verify that Auth page displayed
INFO     [ğŸ“˜TEST_INFO]:reporting.py:225 ğŸ“¸ Screenshot captured and attached (success): /home/runner/work/apolo-test-automation/apolo-test-automation/reports/screenshots/verify_ui_page_displayed_success_d495e2.png
INFO     [ğŸ“˜TEST_INFO]:reporting.py:37 â–¶ï¸ STEP started: <<User2>> :: Click login button
INFO     [ğŸ­ Playwright]:base_page.py:16 <AuthPage>: Click log in button
INFO     [ğŸ“˜TEST_INFO]:reporting.py:51 âœ… STEP completed: <<User2>> :: Click login button
INFO     [ğŸ“˜TEST_INFO]:reporting.py:225 ğŸ“¸ Screenshot captured and attached (success): /home/runner/work/apolo-test-automation/apolo-test-automation/reports/screenshots/ui_click_login_button_success_629417.png
INFO     [ğŸ“˜TEST_INFO]:reporting.py:37 â–¶ï¸ STEP started: <<User2>> :: Verify that Login page displayed
INFO     [ğŸ­ Playwright]:base_page.py:16 <LoginPage>: Check if page is loaded
INFO     [ğŸ“˜TEST_INFO]:reporting.py:51 âœ… STEP completed: <<User2>> :: Verify that Login page displayed
INFO     [ğŸ“˜TEST_INFO]:reporting.py:225 ğŸ“¸ Screenshot captured and attached (success): /home/runner/work/apolo-test-automation/apolo-test-automation/reports/screenshots/verify_ui_page_displayed_success_caaf0a.png
INFO     [ğŸ“˜TEST_INFO]:reporting.py:37 â–¶ï¸ STEP started: <<User2>> :: Enter email
INFO     [ğŸ­ Playwright]:base_page.py:16 <LoginPage>: Enter regression-l2ab3h9g21@apolo.us email
INFO     [ğŸ“˜TEST_INFO]:reporting.py:51 âœ… STEP completed: <<User2>> :: Enter email
INFO     [ğŸ“˜TEST_INFO]:reporting.py:225 ğŸ“¸ Screenshot captured and attached (success): /home/runner/work/apolo-test-automation/apolo-test-automation/reports/screenshots/ui_enter_email_success_87ce8d.png
INFO     [ğŸ“˜TEST_INFO]:reporting.py:37 â–¶ï¸ STEP started: <<User2>> :: Enter password
INFO     [ğŸ­ Playwright]:base_page.py:16 <LoginPage>: Enter ********* password
INFO     [ğŸ“˜TEST_INFO]:reporting.py:51 âœ… STEP completed: <<User2>> :: Enter password
INFO     [ğŸ“˜TEST_INFO]:reporting.py:225 ğŸ“¸ Screenshot captured and attached (success): /home/runner/work/apolo-test-automation/apolo-test-automation/reports/screenshots/ui_enter_password_success_152757.png
INFO     [ğŸ“˜TEST_INFO]:reporting.py:37 â–¶ï¸ STEP started: <<User2>> :: Click Continue button
INFO     [ğŸ­ Playwright]:base_page.py:16 <LoginPage>: Click continue button
WARNING  [ğŸ”§TEST CONFIG]:conftest.py:442 [HTTP 200] GET https://api.dev.apolo.us/api/v1/config
Request Body (first 2000 chars):
<not available>
Response Body (first 2000 chars):
{"authorized": true, "orgs": [], "clusters": [], "projects": [], "admin_url": "https://api.dev.apolo.us/apis/admin/v1", "vcluster_url": "https://staging.neu.ro/apis/vcluster/v1", "auth_url": "https://auth.dev.apolo.us/authorize", "token_url": "https://auth.dev.apolo.us/oauth/token", "logout_url": "https://auth.dev.apolo.us/v2/logout?returnTo=https://console.dev.apolo.us", "client_id": "q3I0OzzGnTDkhRmpeJ7WWgaTCucmVxTL", "audience": "https://api.dev.apolo.us", "callback_urls": ["http://127.0.0.1:54540", "http://127.0.0.1:54541", "http://127.0.0.1:54542"], "headless_callback_url": "https://api.dev.apolo.us/oauth/show-code", "success_redirect_url": "https://api.dev.apolo.us/oauth/login"}
WARNING  [ğŸ”§TEST CONFIG]:conftest.py:442 [HTTP 200] GET https://api.dev.apolo.us/api/v1/users/regression-l2ab3h9g21/permissions?uri=blob:
Request Body (first 2000 chars):
<not available>
Response Body (first 2000 chars):
[]
WARNING  [ğŸ”§TEST CONFIG]:conftest.py:442 [HTTP 200] GET https://api.dev.apolo.us/apis/admin/v1/users/regression-l2ab3h9g21?include=clusters&include=system_role
Request Body (first 2000 chars):
<not available>
Response Body (first 2000 chars):
{"name": "regression-l2ab3h9g21", "email": "regression-l2ab3h9g21@apolo.us", "first_name": null, "last_name": null, "created_at": "2025-12-24T01:40:33.501997+00:00", "terms_accepted": true, "clusters": []}
WARNING  [ğŸ”§TEST CONFIG]:conftest.py:442 [HTTP 200] GET https://api.dev.apolo.us/apis/admin/v1/users/regression-l2ab3h9g21?include=orgs
Request Body (first 2000 chars):
<not available>
Response Body (first 2000 chars):
{"name": "regression-l2ab3h9g21", "email": "regression-l2ab3h9g21@apolo.us", "first_name": null, "last_name": null, "created_at": "2025-12-24T01:40:33.501997+00:00", "terms_accepted": true, "orgs": []}
WARNING  [ğŸ”§TEST CONFIG]:conftest.py:442 [HTTP 200] GET https://api.dev.apolo.us/apis/admin/v1/invites/incoming
Request Body (first 2000 chars):
<not available>
Response Body (first 2000 chars):
[]
INFO     [ğŸ­ Playwright]:base_page.py:16 <LoginPage>: Waiting for spinner
INFO     [ğŸ­ Playwright]:base_page.py:16 <LoginPage>: Timeout error for spinner
INFO     [ğŸ“˜TEST_INFO]:reporting.py:51 âœ… STEP completed: <<User2>> :: Click Continue button
INFO     [ğŸ“˜TEST_INFO]:reporting.py:225 ğŸ“¸ Screenshot captured and attached (success): /home/runner/work/apolo-test-automation/apolo-test-automation/reports/screenshots/ui_click_continue_button_success_2098d9.png
INFO     [ğŸ“˜TEST_INFO]:reporting.py:37 â–¶ï¸ STEP started: <<User2>> :: Verify that Welcome new user page displayed
INFO     [ğŸ­ Playwright]:base_page.py:16 <WelcomeNewUserPage>: Check if page loaded
INFO     [ğŸ“˜TEST_INFO]:reporting.py:51 âœ… STEP completed: <<User2>> :: Verify that Welcome new user page displayed
INFO     [ğŸ“˜TEST_INFO]:reporting.py:225 ğŸ“¸ Screenshot captured and attached (success): /home/runner/work/apolo-test-automation/apolo-test-automation/reports/screenshots/verify_ui_page_displayed_success_440bb9.png
INFO     [ğŸ“˜TEST_INFO]:reporting.py:51 âœ… STEP completed: <<User2>> :: Login via UI
INFO     [ğŸ“˜TEST_INFO]:reporting.py:225 ğŸ“¸ Screenshot captured and attached (success): /home/runner/work/apolo-test-automation/apolo-test-automation/reports/screenshots/ui_login_success_efa6c6.png
INFO     [ğŸ“˜TEST_INFO]:reporting.py:37 â–¶ï¸ STEP started: Login to apolo CLI with access token
INFO     [ğŸ–¥apolo_CLI]:apolo_runner.py:25 login-with-token. Running command via cli:

apolo config login-with-token eyJhbGciOiJSUzI1NiIsInR5cCI6IkpXVCIsImtpZCI6IjhyNXZCR0E4ZXNuc1IzbXJ0NUFSViJ9.eyJodHRwczovL3BsYXRmb3JtLm5ldXJvbWF0aW9uLmlvL3VzZXIiOiJyZWdyZXNzaW9uLTRuZ3NqMmJtOGYiLCJodHRwczovL3BsYXRmb3JtLm5ldXJvbWF0aW9uLmlvL2xvZ2luX3JlZGlyZWN0X3VybCI6Imh0dHBzOi8vY29uc29sZS5kZXYuYXBvbG8udXMiLCJodHRwczovL3BsYXRmb3JtLmFwb2xvLnVzL29yaWdpbiI6Imh0dHBzOi8vY29uc29sZS5kZXYuYXBvbG8udXMiLCJpc3MiOiJodHRwczovL2F1dGguZGV2LmFwb2xvLnVzLyIsInN1YiI6ImF1dGgwfDY5NGI0MjhlYmYwN2JmMTQzMTk2MWM1NyIsImF1ZCI6WyJodHRwczovL2FwaS5kZXYuYXBvbG8udXMiLCJodHRwczovL2Rldi1hcG9sby11cy51cy5hdXRoMC5jb20vdXNlcmluZm8iXSwiaWF0IjoxNzY2NTQxOTU3LCJleHAiOjE3NjY2MjgzNTcsInNjb3BlIjoib3BlbmlkIHByb2ZpbGUgZW1haWwiLCJhenAiOiJxM0kwT3p6R25URGtoUm1wZUo3V1dnYVRDdWNtVnhUTCJ9.HAgXpOL-l7UiEagvzVT2V2NoNSC0oX1h_X2Da54U0fRs7cLNbpvPu59AbK2NnY0qrAlaw9Nbd5MXyUyZm5X4gjD8nEeWnhl94xTNfVKh20SBC4MIjH0S5pXOGWYtQOcxMdASRDvSoEw6fLPwXBx5JDp6-ZLlhALg-FX6brMPI_fChVRzXSwhxZOxfV05WCa3UdtD-Llu9n9YwgD5r5Z_xrk4h-hiiNOk6X07hAovlFty5bwmmUurkwvquzFRpByIrZAZN8MoP09Z-25iYPdHqs8S4Zg4XTEDi9XYZySzb9iYpR0ZLMJZnijuYvfeGmOzzFLaqNYu_S_-bkBphR0b6w https://api.dev.apolo.us/api/v1

ERROR    [ğŸ–¥apolo_CLI]:apolo_runner.py:82 login-with-token failed:

ERROR: No clusters configured
You were successfully logged out.

ERROR    [ğŸ“˜TEST_INFO]:reporting.py:56 âŒ STEP failed: Login to apolo CLI with access token
ERROR    [ğŸ“˜TEST_INFO]:reporting.py:95 âŒ TEST failed: User verifies admin get-org-users output via CLI
Exception: [AssertionError] during step: Login to apolo CLI with access token
Message: ERROR: No clusters configured
INFO     [ğŸ“˜TEST_INFO]:reporting.py:98 ------------------------------------------------------------
INFO     [ğŸŒAPI_helper]:api_helper.py:54 GET https://api.dev.apolo.us/apis/admin/v1/orgs
INFO     [ğŸŒAPI_helper]:api_helper.py:175 Status: 200. Response: []
INFO     [ğŸ”§TEST CONFIG]:conftest.py:293 Cleaning up 0 organisations
INFO     [ğŸ”§TEST CONFIG]:conftest.py:334 Closing all browser sessions
INFO     [ğŸ”§TEST CONFIG]:conftest.py:349 Closed context
INFO     [ğŸ”§TEST CONFIG]:conftest.py:356 Closed browser
INFO     [ğŸ”§TEST CONFIG]:conftest.py:362 Stopped Playwright
INFO     [ğŸ”§TEST CONFIG]:conftest.py:349 Closed context
INFO     [ğŸ”§TEST CONFIG]:conftest.py:356 Closed browser
INFO     [ğŸ”§TEST CONFIG]:conftest.py:362 Stopped Playwright
INFO     [ğŸ”§TEST CONFIG]:conftest.py:367 Browser cleanup finished