INFO     [ğŸ”§TEST CONFIG]:conftest.py:89 Loading test configuration
INFO     [ğŸ”§TEST CONFIG]:conftest.py:398 Navigating to: https://console.dev.apolo.us/
WARNING  [ğŸ”§TEST CONFIG]:conftest.py:402 Page load took too long â€” continuing anyway.
INFO     [ğŸ”§TEST CONFIG]:conftest.py:95 Creating data manager
INFO     [ğŸ”§TEST CONFIG]:conftest.py:125 Creating users manager
INFO     [ğŸ”§TEST CONFIG]:conftest.py:111 Creating API helper
INFO     [ğŸ”§TEST CONFIG]:conftest.py:119 Creating Apolo CLI instance
INFO     [ğŸ”§TEST CONFIG]:conftest.py:207 Continue using UserData(email='regression-0bywn29g93@apolo.us', username='regression-0bywn29g93', password='pxgIBlc2W3$u') as main test user...
INFO     [ğŸ‘¤UsersManager]:users_manager.py:73 Setting main user to UserData(email='regression-0bywn29g93@apolo.us', username='regression-0bywn29g93', password='pxgIBlc2W3$u')
INFO     [ğŸ”§TEST CONFIG]:conftest.py:237 Continue using UserData(email='regression-7vlhb9dd2r@apolo.us', username='regression-7vlhb9dd2r', password='D^^si^UOE6YR') as second test user...
INFO     [ğŸ‘¤UsersManager]:users_manager.py:82 Setting second user to UserData(email='regression-7vlhb9dd2r@apolo.us', username='regression-7vlhb9dd2r', password='D^^si^UOE6YR')
INFO     [ğŸ”§TEST CONFIG]:conftest.py:242 Continue using UserData(email='regression-ll9onxjwqd@apolo.us', username='regression-ll9onxjwqd', password='bPOQy2bGiFDl') as third test user...
INFO     [ğŸ‘¤UsersManager]:users_manager.py:91 Setting third user to UserData(email='regression-ll9onxjwqd@apolo.us', username='regression-ll9onxjwqd', password='bPOQy2bGiFDl')
INFO     [ğŸ“˜TEST_INFO]:reporting.py:141 ============================================================
INFO     [ğŸ“˜TEST_INFO]:reporting.py:142 ğŸ“ SUITE STARTED: UI Organization Structure Setup
INFO     [ğŸ“˜TEST_INFO]:reporting.py:143 ============================================================
INFO     [ğŸ“˜TEST_INFO]:reporting.py:86 ------------------------------------------------------------
INFO     [ğŸ“˜TEST_INFO]:reporting.py:87 ğŸ“ TEST started: Create First Organization via UI
INFO     [ğŸ“˜TEST_INFO]:reporting.py:88 ------------------------------------------------------------
INFO     [ğŸ“˜TEST_INFO]:reporting.py:37 â–¶ï¸ STEP started: Login via UI
INFO     [ğŸ“˜TEST_INFO]:reporting.py:37 â–¶ï¸ STEP started: Verify that Auth page displayed
INFO     [ğŸ­ Playwright]:base_page.py:16 <AuthPage>: Check if page loaded
WARNING  [ğŸ”§TEST CONFIG]:conftest.py:442 [HTTP 200] GET https://api.dev.apolo.us/api/v1/config
Request Body (first 2000 chars):
<not available>
Response Body (first 2000 chars):
{"authorized": false, "auth_url": "https://auth.dev.apolo.us/authorize", "token_url": "https://auth.dev.apolo.us/oauth/token", "logout_url": "https://auth.dev.apolo.us/v2/logout?returnTo=https://console.dev.apolo.us", "client_id": "q3I0OzzGnTDkhRmpeJ7WWgaTCucmVxTL", "audience": "https://api.dev.apolo.us", "callback_urls": ["http://127.0.0.1:54540", "http://127.0.0.1:54541", "http://127.0.0.1:54542"], "headless_callback_url": "https://api.dev.apolo.us/oauth/show-code", "success_redirect_url": "https://api.dev.apolo.us/oauth/login"}
INFO     [ğŸ“˜TEST_INFO]:reporting.py:51 âœ… STEP completed: Verify that Auth page displayed
INFO     [ğŸ“˜TEST_INFO]:reporting.py:225 ğŸ“¸ Screenshot captured and attached (success): /home/runner/work/apolo-test-automation/apolo-test-automation/reports/screenshots/verify_ui_page_displayed_success_f8e879.png
INFO     [ğŸ“˜TEST_INFO]:reporting.py:37 â–¶ï¸ STEP started: Click login button
INFO     [ğŸ­ Playwright]:base_page.py:16 <AuthPage>: Click log in button
INFO     [ğŸ“˜TEST_INFO]:reporting.py:51 âœ… STEP completed: Click login button
INFO     [ğŸ“˜TEST_INFO]:reporting.py:225 ğŸ“¸ Screenshot captured and attached (success): /home/runner/work/apolo-test-automation/apolo-test-automation/reports/screenshots/ui_click_login_button_success_ebd537.png
INFO     [ğŸ“˜TEST_INFO]:reporting.py:37 â–¶ï¸ STEP started: Verify that Login page displayed
INFO     [ğŸ­ Playwright]:base_page.py:16 <LoginPage>: Check if page is loaded
INFO     [ğŸ“˜TEST_INFO]:reporting.py:51 âœ… STEP completed: Verify that Login page displayed
INFO     [ğŸ“˜TEST_INFO]:reporting.py:225 ğŸ“¸ Screenshot captured and attached (success): /home/runner/work/apolo-test-automation/apolo-test-automation/reports/screenshots/verify_ui_page_displayed_success_d15287.png
INFO     [ğŸ“˜TEST_INFO]:reporting.py:37 â–¶ï¸ STEP started: Enter email
INFO     [ğŸ­ Playwright]:base_page.py:16 <LoginPage>: Enter regression-0bywn29g93@apolo.us email
INFO     [ğŸ“˜TEST_INFO]:reporting.py:51 âœ… STEP completed: Enter email
INFO     [ğŸ“˜TEST_INFO]:reporting.py:225 ğŸ“¸ Screenshot captured and attached (success): /home/runner/work/apolo-test-automation/apolo-test-automation/reports/screenshots/ui_enter_email_success_5593b5.png
INFO     [ğŸ“˜TEST_INFO]:reporting.py:37 â–¶ï¸ STEP started: Enter password
INFO     [ğŸ­ Playwright]:base_page.py:16 <LoginPage>: Enter ********* password
INFO     [ğŸ“˜TEST_INFO]:reporting.py:51 âœ… STEP completed: Enter password
INFO     [ğŸ“˜TEST_INFO]:reporting.py:225 ğŸ“¸ Screenshot captured and attached (success): /home/runner/work/apolo-test-automation/apolo-test-automation/reports/screenshots/ui_enter_password_success_7ed251.png
INFO     [ğŸ“˜TEST_INFO]:reporting.py:37 â–¶ï¸ STEP started: Click Continue button
INFO     [ğŸ­ Playwright]:base_page.py:16 <LoginPage>: Click continue button
WARNING  [ğŸ”§TEST CONFIG]:conftest.py:442 [HTTP 200] GET https://api.dev.apolo.us/api/v1/config
Request Body (first 2000 chars):
<not available>
Response Body (first 2000 chars):
{"authorized": true, "orgs": [], "clusters": [], "projects": [], "admin_url": "https://api.dev.apolo.us/apis/admin/v1", "auth_url": "https://auth.dev.apolo.us/authorize", "token_url": "https://auth.dev.apolo.us/oauth/token", "logout_url": "https://auth.dev.apolo.us/v2/logout?returnTo=https://console.dev.apolo.us", "client_id": "q3I0OzzGnTDkhRmpeJ7WWgaTCucmVxTL", "audience": "https://api.dev.apolo.us", "callback_urls": ["http://127.0.0.1:54540", "http://127.0.0.1:54541", "http://127.0.0.1:54542"], "headless_callback_url": "https://api.dev.apolo.us/oauth/show-code", "success_redirect_url": "https://api.dev.apolo.us/oauth/login"}
WARNING  [ğŸ”§TEST CONFIG]:conftest.py:442 [HTTP 200] GET https://api.dev.apolo.us/api/v1/users/regression-0bywn29g93/permissions?uri=blob:
Request Body (first 2000 chars):
<not available>
Response Body (first 2000 chars):
[]
WARNING  [ğŸ”§TEST CONFIG]:conftest.py:442 [HTTP 200] GET https://api.dev.apolo.us/apis/admin/v1/users/regression-0bywn29g93?include=clusters&include=system_role
Request Body (first 2000 chars):
<not available>
Response Body (first 2000 chars):
{"name": "regression-0bywn29g93", "email": "regression-0bywn29g93@apolo.us", "first_name": null, "last_name": null, "created_at": "2025-11-01T01:31:46.426921+00:00", "terms_accepted": true, "clusters": []}
WARNING  [ğŸ”§TEST CONFIG]:conftest.py:442 [HTTP 200] GET https://api.dev.apolo.us/apis/admin/v1/invites/incoming
Request Body (first 2000 chars):
<not available>
Response Body (first 2000 chars):
[]
WARNING  [ğŸ”§TEST CONFIG]:conftest.py:442 [HTTP 200] GET https://api.dev.apolo.us/apis/admin/v1/users/regression-0bywn29g93?include=orgs
Request Body (first 2000 chars):
<not available>
Response Body (first 2000 chars):
{"name": "regression-0bywn29g93", "email": "regression-0bywn29g93@apolo.us", "first_name": null, "last_name": null, "created_at": "2025-11-01T01:31:46.426921+00:00", "terms_accepted": true, "orgs": []}
INFO     [ğŸ­ Playwright]:base_page.py:16 <LoginPage>: Waiting for spinner
INFO     [ğŸ­ Playwright]:base_page.py:16 <LoginPage>: Timeout error for spinner
INFO     [ğŸ“˜TEST_INFO]:reporting.py:51 âœ… STEP completed: Click Continue button
INFO     [ğŸ“˜TEST_INFO]:reporting.py:225 ğŸ“¸ Screenshot captured and attached (success): /home/runner/work/apolo-test-automation/apolo-test-automation/reports/screenshots/ui_click_continue_button_success_cfab88.png
INFO     [ğŸ“˜TEST_INFO]:reporting.py:37 â–¶ï¸ STEP started: Verify that Welcome new user page displayed
INFO     [ğŸ­ Playwright]:base_page.py:16 <WelcomeNewUserPage>: Check if page loaded
INFO     [ğŸ“˜TEST_INFO]:reporting.py:51 âœ… STEP completed: Verify that Welcome new user page displayed
INFO     [ğŸ“˜TEST_INFO]:reporting.py:225 ğŸ“¸ Screenshot captured and attached (success): /home/runner/work/apolo-test-automation/apolo-test-automation/reports/screenshots/verify_ui_page_displayed_success_8df60c.png
INFO     [ğŸ“˜TEST_INFO]:reporting.py:51 âœ… STEP completed: Login via UI
INFO     [ğŸ“˜TEST_INFO]:reporting.py:225 ğŸ“¸ Screenshot captured and attached (success): /home/runner/work/apolo-test-automation/apolo-test-automation/reports/screenshots/ui_login_success_d687ad.png
INFO     [ğŸ“˜TEST_INFO]:reporting.py:37 â–¶ï¸ STEP started: Click the let's do it button on Welcome page
INFO     [ğŸ­ Playwright]:base_page.py:16 <WelcomeNewUserPage>: Click lets do it button
INFO     [ğŸ“˜TEST_INFO]:reporting.py:51 âœ… STEP completed: Click the let's do it button on Welcome page
INFO     [ğŸ“˜TEST_INFO]:reporting.py:225 ğŸ“¸ Screenshot captured and attached (success): /home/runner/work/apolo-test-automation/apolo-test-automation/reports/screenshots/ui_click_lets_do_it_button_success_5a7f95.png
INFO     [ğŸ“˜TEST_INFO]:reporting.py:37 â–¶ï¸ STEP started: Verify Join organization page displayed
INFO     [ğŸ­ Playwright]:base_page.py:16 <JoinOrganizationPage>: Check if page loaded
INFO     [ğŸ“˜TEST_INFO]:reporting.py:51 âœ… STEP completed: Verify Join organization page displayed
INFO     [ğŸ“˜TEST_INFO]:reporting.py:225 ğŸ“¸ Screenshot captured and attached (success): /home/runner/work/apolo-test-automation/apolo-test-automation/reports/screenshots/verify_ui_page_displayed_success_198f29.png
INFO     [ğŸ“˜TEST_INFO]:reporting.py:37 â–¶ï¸ STEP started: Click create organization button
INFO     [ğŸ­ Playwright]:base_page.py:16 <JoinOrganizationPage>: Click create organization button
INFO     [ğŸ“˜TEST_INFO]:reporting.py:51 âœ… STEP completed: Click create organization button
INFO     [ğŸ“˜TEST_INFO]:reporting.py:225 ğŸ“¸ Screenshot captured and attached (success): /home/runner/work/apolo-test-automation/apolo-test-automation/reports/screenshots/ui_click_create_organization_button_success_a8c703.png
INFO     [ğŸ“˜TEST_INFO]:reporting.py:37 â–¶ï¸ STEP started: Verify Name organization page displayed
INFO     [ğŸ­ Playwright]:base_page.py:16 <NameNewOrganizationPage>: Check if page loaded
INFO     [ğŸ“˜TEST_INFO]:reporting.py:51 âœ… STEP completed: Verify Name organization page displayed
INFO     [ğŸ“˜TEST_INFO]:reporting.py:225 ğŸ“¸ Screenshot captured and attached (success): /home/runner/work/apolo-test-automation/apolo-test-automation/reports/screenshots/verify_ui_page_displayed_success_573a5a.png
INFO     [ğŸ”§DATA MANAGER]:test_data.py:56 Added organization: org_name=regression-org-m6frbm8y7wp3, gherkin_name=My-organization
INFO     [ğŸ“˜TEST_INFO]:reporting.py:37 â–¶ï¸ STEP started: Enter organization name
INFO     [ğŸ­ Playwright]:base_page.py:16 <NameNewOrganizationPage>: Enter regression-org-m6frbm8y7wp3 organization name
WARNING  [ğŸ”§TEST CONFIG]:conftest.py:442 [HTTP 404] GET https://api.dev.apolo.us/apis/admin/v1/orgs/regression-org-m6frbm8y7wp3
Request Body (first 2000 chars):
<not available>
Response Body (first 2000 chars):
{"error": "Org 'regression-org-m6frbm8y7wp3' not found"}
INFO     [ğŸ­ Playwright]:base_page.py:16 <NameNewOrganizationPage>: Wait for network idle
INFO     [ğŸ­ Playwright]:base_page.py:16 <NameNewOrganizationPage>: Network idle done
INFO     [ğŸ“˜TEST_INFO]:reporting.py:51 âœ… STEP completed: Enter organization name
INFO     [ğŸ“˜TEST_INFO]:reporting.py:225 ğŸ“¸ Screenshot captured and attached (success): /home/runner/work/apolo-test-automation/apolo-test-automation/reports/screenshots/ui_enter_organization_name_success_898844.png
INFO     [ğŸ“˜TEST_INFO]:reporting.py:37 â–¶ï¸ STEP started: Click next button
INFO     [ğŸ­ Playwright]:base_page.py:16 <NameNewOrganizationPage>: Click next button
INFO     [ğŸ­ Playwright]:base_page.py:16 <NameNewOrganizationPage>: Wait for network idle
INFO     [ğŸ­ Playwright]:base_page.py:16 <NameNewOrganizationPage>: Network idle done
INFO     [ğŸ“˜TEST_INFO]:reporting.py:51 âœ… STEP completed: Click next button
INFO     [ğŸ“˜TEST_INFO]:reporting.py:225 ğŸ“¸ Screenshot captured and attached (success): /home/runner/work/apolo-test-automation/apolo-test-automation/reports/screenshots/ui_click_next_button_success_74ede8.png
INFO     [ğŸ“˜TEST_INFO]:reporting.py:37 â–¶ï¸ STEP started: Verify That's it page displayed
INFO     [ğŸ­ Playwright]:base_page.py:16 <ThatsItPage>: Check if page loaded
INFO     [ğŸ“˜TEST_INFO]:reporting.py:51 âœ… STEP completed: Verify That's it page displayed
INFO     [ğŸ“˜TEST_INFO]:reporting.py:225 ğŸ“¸ Screenshot captured and attached (success): /home/runner/work/apolo-test-automation/apolo-test-automation/reports/screenshots/verify_ui_page_displayed_success_994a12.png
INFO     [ğŸ“˜TEST_INFO]:reporting.py:37 â–¶ï¸ STEP started: Click lets do it button on That's it page
INFO     [ğŸ­ Playwright]:base_page.py:16 <ThatsItPage>: Click let's do it button
WARNING  [ğŸ”§TEST CONFIG]:conftest.py:442 [HTTP 201] POST https://api.dev.apolo.us/apis/admin/v1/orgs
Request Body (first 2000 chars):
{"name":"regression-org-m6frbm8y7wp3"}
Response Body (first 2000 chars):
{"name": "regression-org-m6frbm8y7wp3", "balance": {"credits": "500", "spent_credits": "0"}, "user_default_credits": null, "notification_intervals": {"balance_projection_seconds": [604800, 259200, 86400], "balance_amount": [0], "balance_depletion_seconds": [86400, 604800]}}
WARNING  [ğŸ”§TEST CONFIG]:conftest.py:442 [HTTP 200] GET https://api.dev.apolo.us/api/v1/config
Request Body (first 2000 chars):
<not available>
Response Body (first 2000 chars):
{"authorized": true, "orgs": [{"name": "regression-org-m6frbm8y7wp3", "role": "admin"}], "clusters": [{"name": "default", "registry_url": "https://registry.api.dev.apolo.us", "storage_url": "https://api.dev.apolo.us/api/v1/storage", "monitoring_url": "https://monitoring.api.dev.apolo.us/api/v1/jobs", "secrets_url": "https://api.dev.apolo.us/api/v1/secrets", "metrics_url": "https://grafana.dev.apolo.us", "disks_url": "https://api.dev.apolo.us/api/v1/disk", "buckets_url": "https://api.dev.apolo.us/api/v1/buckets", "resource_pool_types": [{"name": "a2-highgpu-1g", "min_size": 0, "max_size": 10, "cpu": 12.0, "available_cpu": 11.101, "memory": 89629032448, "available_memory": 80898240256, "disk_size": 523982073856, "available_disk_size": 364209683290, "nvidia_gpu": {"count": 1, "model": "NVIDIA-A100-SXM4-40GB", "memory": 42949672960}}, {"name": "a2-highgpu-2g", "min_size": 0, "max_size": 3, "cpu": 24.0, "available_cpu": 23.73, "memory": 179367243776, "available_memory": 168094003200, "disk_size": 523982073856, "available_disk_size": 364209683290, "nvidia_gpu": {"count": 1, "model": "NVIDIA-A100-SXM4-40GB", "memory": 42949672960}}, {"name": "a3-highgpu-1g", "min_size": 0, "max_size": 1, "cpu": 26.0, "available_cpu": 25, "memory": 234000000000, "available_memory": 210600000000, "disk_size": 750000000000, "available_disk_size": 750000000000, "nvidia_gpu": {"count": 1, "model": "NVIDIA-A100-SXM4-80GB", "memory": 85899345920}}, {"name": "default", "min_size": 1, "max_size": 10, "cpu": 4.0, "available_cpu": 3.021, "memory": 16776040448, "available_memory": 12439842560, "disk_size": 101203873792, "available_disk_size": 47060071478}, {"name": "g2-standard-4", "min_size": 0, "max_size": 10, "cpu": 4.0, "available_cpu": 3.121, "memory": 16776052736, "available_memory": 12490174208, "disk_size": 312594247680, "available_disk_size": 173960640047, "nvidia_gpu": {"count": 1, "model": "NVIDIA-L4", "memory": 24152899584}}], "resource_presets": [{"name": "cpu-micro", "credits_per_hour": 
WARNING  [ğŸ”§TEST CONFIG]:conftest.py:442 [HTTP 200] GET https://api.dev.apolo.us/apis/admin/v1/users/regression-0bywn29g93?include=orgs
Request Body (first 2000 chars):
<not available>
Response Body (first 2000 chars):
{"name": "regression-0bywn29g93", "email": "regression-0bywn29g93@apolo.us", "first_name": null, "last_name": null, "created_at": "2025-11-01T01:31:46.426921+00:00", "terms_accepted": true, "orgs": [{"org_name": "regression-org-m6frbm8y7wp3", "role": "admin", "balance": {"spent_credits": "0"}}]}
WARNING  [ğŸ”§TEST CONFIG]:conftest.py:442 [HTTP 200] GET https://api.dev.apolo.us/apis/admin/v1/users/regression-0bywn29g93?include=clusters&include=system_role
Request Body (first 2000 chars):
<not available>
Response Body (first 2000 chars):
{"name": "regression-0bywn29g93", "email": "regression-0bywn29g93@apolo.us", "first_name": null, "last_name": null, "created_at": "2025-11-01T01:31:46.426921+00:00", "terms_accepted": true, "clusters": [{"cluster_name": "default", "role": "admin", "org_name": "regression-org-m6frbm8y7wp3", "balance": {"spent_credits": "0"}}]}
WARNING  [ğŸ”§TEST CONFIG]:conftest.py:442 [HTTP 200] GET https://api.dev.apolo.us/apis/admin/v1/orgs/regression-org-m6frbm8y7wp3
Request Body (first 2000 chars):
<not available>
Response Body (first 2000 chars):
{"name": "regression-org-m6frbm8y7wp3", "balance": {"credits": "500", "spent_credits": "0"}, "user_default_credits": null, "notification_intervals": {"balance_projection_seconds": [604800, 259200, 86400], "balance_amount": [0], "balance_depletion_seconds": [86400, 604800]}}
WARNING  [ğŸ”§TEST CONFIG]:conftest.py:442 [HTTP 200] GET https://api.dev.apolo.us/apis/apps/v2/templates/tags
Request Body (first 2000 chars):
<not available>
Response Body (first 2000 chars):
["AI","Agent","Apache","Apolo","Apolo Files","BI","Big data","Bundle","Business Intelligence","CLI","Chat","Container","Container registry","Data","Data processing","DeepSeek","Development","Diffusion","Dify","DockerHub","Document Processing","EDA","ELT","ETL","Easy Deploy","Embeddings","GPT","GptOSS","Graph","Hugging Face","IDE","Image generation","Inference","Jupyter","Knowledge Graph","LLM","LLMops","LLaMA","LightRAG","MLOps","Meta","Mistral","NLP","Notebooks","OpenAI","PostgreSQL","Postgres","RAG","RDBMS","Shell","Spark","Stable Diffusion","Storage","Superset","Text","VSCode","Vector Search","Vector search","Vector store","Visualization","Weaviate","experiment tracking","mlflow","model registry","vLLM"]
WARNING  [ğŸ­ Playwright]:base_page.py:16 <ThatsItPage>: Page reload took too long â€” continuing anyway.
INFO     [ğŸ“˜TEST_INFO]:reporting.py:51 âœ… STEP completed: Click lets do it button on That's it page
WARNING  [ğŸ“˜TEST_INFO]:reporting.py:229 âš ï¸ Could not capture screenshot (success): Page.screenshot: Timeout 30000ms exceeded.
Call log:
  - taking page screenshot

INFO     [ğŸ“˜TEST_INFO]:reporting.py:37 â–¶ï¸ STEP started: Verify Main page is displayed
INFO     [ğŸ­ Playwright]:base_page.py:16 <MainPage>: Check if page loaded
INFO     [ğŸ­ Playwright]:base_page.py:16 <MainPage>: Waiting for spinner
INFO     [ğŸ­ Playwright]:base_page.py:16 <MainPage>: Timeout error for spinner
ERROR    [ğŸ“˜TEST_INFO]:reporting.py:56 âŒ STEP failed: Verify Main page is displayed
WARNING  [ğŸ“˜TEST_INFO]:reporting.py:229 âš ï¸ Could not capture screenshot (fail): Page.screenshot: Timeout 30000ms exceeded.
Call log:
  - taking page screenshot

ERROR    [ğŸ“˜TEST_INFO]:reporting.py:95 âŒ TEST failed: Create First Organization via UI
Exception: [AssertionError] during step: Verify Main page is displayed
Message: Locator expected to be visible
Actual value: None 
Call log:
  - Expect "to_be_visible" with timeout 5000ms
  - waiting for locator("a[href^=\"/apps?\"]").filter(has_text="Apps")
    - waiting for" https://console.dev.apolo.us/apps?cluster=default&org=regression-org-m6frbm8y7wp3" navigation to finish...

INFO     [ğŸ“˜TEST_INFO]:reporting.py:98 ------------------------------------------------------------
INFO     [ğŸŒAPI_helper]:api_helper.py:54 GET https://api.dev.apolo.us/apis/admin/v1/orgs
INFO     [ğŸŒAPI_helper]:api_helper.py:175 Status: 200. Response: [{'name': 'regression-org-m6frbm8y7wp3', 'balance': {'credits': '500', 'spent_credits': '0'}, 'user_default_credits': None, 'notification_intervals': {'balance_projection_seconds': [604800, 259200, 86400], 'balance_amount': [0], 'balance_depletion_seconds': [86400, 604800]}}]
INFO     [ğŸ”§TEST CONFIG]:conftest.py:293 Cleaning up 1 organisations
INFO     [ğŸŒAPI_helper]:api_helper.py:54 GET https://api.dev.apolo.us/apis/admin/v1/clusters/default/orgs/regression-org-m6frbm8y7wp3/projects
INFO     [ğŸŒAPI_helper]:api_helper.py:182 Status: 200. Response: []
INFO     [ğŸ”§TEST CONFIG]:conftest.py:310 Cleaning up 0 projects
INFO     [ğŸŒAPI_helper]:api_helper.py:189 Delete organization response: <ClientResponse(https://api.dev.apolo.us/apis/admin/v1/orgs/regression-org-m6frbm8y7wp3) [200 OK]>
<CIMultiDictProxy('Access-Control-Allow-Credentials': 'true', 'Content-Length': '274', 'Content-Type': 'application/json; charset=utf-8', 'Date': 'Sat, 01 Nov 2025 03:22:48 GMT', 'Server': 'Python/3.13 aiohttp/3.13.2', 'Vary': 'Origin', 'X-Service-Version': 'platform-admin/0.0.0.post1.dev0+a87fe09')>

INFO     [ğŸ”§TEST CONFIG]:conftest.py:329 Deleted organisation: regression-org-m6frbm8y7wp3
INFO     [ğŸ”§TEST CONFIG]:conftest.py:334 Closing all browser sessions
INFO     [ğŸ”§TEST CONFIG]:conftest.py:349 Closed context
INFO     [ğŸ”§TEST CONFIG]:conftest.py:356 Closed browser
INFO     [ğŸ”§TEST CONFIG]:conftest.py:362 Stopped Playwright
INFO     [ğŸ”§TEST CONFIG]:conftest.py:367 Browser cleanup finished
INFO     [ğŸ”§TEST CONFIG]:conftest.py:89 Loading test configuration
INFO     [ğŸ”§TEST CONFIG]:conftest.py:398 Navigating to: https://console.dev.apolo.us/
INFO     [ğŸ”§TEST CONFIG]:conftest.py:95 Creating data manager
INFO     [ğŸ”§TEST CONFIG]:conftest.py:125 Creating users manager
INFO     [ğŸ”§TEST CONFIG]:conftest.py:111 Creating API helper
INFO     [ğŸ”§TEST CONFIG]:conftest.py:119 Creating Apolo CLI instance
INFO     [ğŸ”§TEST CONFIG]:conftest.py:207 Continue using UserData(email='regression-0bywn29g93@apolo.us', username='regression-0bywn29g93', password='pxgIBlc2W3$u') as main test user...
INFO     [ğŸ‘¤UsersManager]:users_manager.py:73 Setting main user to UserData(email='regression-0bywn29g93@apolo.us', username='regression-0bywn29g93', password='pxgIBlc2W3$u')
INFO     [ğŸ”§TEST CONFIG]:conftest.py:237 Continue using UserData(email='regression-7vlhb9dd2r@apolo.us', username='regression-7vlhb9dd2r', password='D^^si^UOE6YR') as second test user...
INFO     [ğŸ‘¤UsersManager]:users_manager.py:82 Setting second user to UserData(email='regression-7vlhb9dd2r@apolo.us', username='regression-7vlhb9dd2r', password='D^^si^UOE6YR')
INFO     [ğŸ”§TEST CONFIG]:conftest.py:242 Continue using UserData(email='regression-ll9onxjwqd@apolo.us', username='regression-ll9onxjwqd', password='bPOQy2bGiFDl') as third test user...
INFO     [ğŸ‘¤UsersManager]:users_manager.py:91 Setting third user to UserData(email='regression-ll9onxjwqd@apolo.us', username='regression-ll9onxjwqd', password='bPOQy2bGiFDl')
INFO     [ğŸ“˜TEST_INFO]:reporting.py:86 ------------------------------------------------------------
INFO     [ğŸ“˜TEST_INFO]:reporting.py:87 ğŸ“ TEST started: Create First Organization via UI
INFO     [ğŸ“˜TEST_INFO]:reporting.py:88 ------------------------------------------------------------
INFO     [ğŸ“˜TEST_INFO]:reporting.py:37 â–¶ï¸ STEP started: Login via UI
INFO     [ğŸ“˜TEST_INFO]:reporting.py:37 â–¶ï¸ STEP started: Verify that Auth page displayed
INFO     [ğŸ­ Playwright]:base_page.py:16 <AuthPage>: Check if page loaded
WARNING  [ğŸ”§TEST CONFIG]:conftest.py:442 [HTTP 200] GET https://api.dev.apolo.us/api/v1/config
Request Body (first 2000 chars):
<not available>
Response Body (first 2000 chars):
{"authorized": false, "auth_url": "https://auth.dev.apolo.us/authorize", "token_url": "https://auth.dev.apolo.us/oauth/token", "logout_url": "https://auth.dev.apolo.us/v2/logout?returnTo=https://console.dev.apolo.us", "client_id": "q3I0OzzGnTDkhRmpeJ7WWgaTCucmVxTL", "audience": "https://api.dev.apolo.us", "callback_urls": ["http://127.0.0.1:54540", "http://127.0.0.1:54541", "http://127.0.0.1:54542"], "headless_callback_url": "https://api.dev.apolo.us/oauth/show-code", "success_redirect_url": "https://api.dev.apolo.us/oauth/login"}
INFO     [ğŸ“˜TEST_INFO]:reporting.py:51 âœ… STEP completed: Verify that Auth page displayed
INFO     [ğŸ“˜TEST_INFO]:reporting.py:225 ğŸ“¸ Screenshot captured and attached (success): /home/runner/work/apolo-test-automation/apolo-test-automation/reports/screenshots/verify_ui_page_displayed_success_b5ff24.png
INFO     [ğŸ“˜TEST_INFO]:reporting.py:37 â–¶ï¸ STEP started: Click login button
INFO     [ğŸ­ Playwright]:base_page.py:16 <AuthPage>: Click log in button
INFO     [ğŸ“˜TEST_INFO]:reporting.py:51 âœ… STEP completed: Click login button
INFO     [ğŸ“˜TEST_INFO]:reporting.py:225 ğŸ“¸ Screenshot captured and attached (success): /home/runner/work/apolo-test-automation/apolo-test-automation/reports/screenshots/ui_click_login_button_success_0a5b99.png
INFO     [ğŸ“˜TEST_INFO]:reporting.py:37 â–¶ï¸ STEP started: Verify that Login page displayed
INFO     [ğŸ­ Playwright]:base_page.py:16 <LoginPage>: Check if page is loaded
INFO     [ğŸ“˜TEST_INFO]:reporting.py:51 âœ… STEP completed: Verify that Login page displayed
INFO     [ğŸ“˜TEST_INFO]:reporting.py:225 ğŸ“¸ Screenshot captured and attached (success): /home/runner/work/apolo-test-automation/apolo-test-automation/reports/screenshots/verify_ui_page_displayed_success_657bda.png
INFO     [ğŸ“˜TEST_INFO]:reporting.py:37 â–¶ï¸ STEP started: Enter email
INFO     [ğŸ­ Playwright]:base_page.py:16 <LoginPage>: Enter regression-0bywn29g93@apolo.us email
INFO     [ğŸ“˜TEST_INFO]:reporting.py:51 âœ… STEP completed: Enter email
INFO     [ğŸ“˜TEST_INFO]:reporting.py:225 ğŸ“¸ Screenshot captured and attached (success): /home/runner/work/apolo-test-automation/apolo-test-automation/reports/screenshots/ui_enter_email_success_ec9977.png
INFO     [ğŸ“˜TEST_INFO]:reporting.py:37 â–¶ï¸ STEP started: Enter password
INFO     [ğŸ­ Playwright]:base_page.py:16 <LoginPage>: Enter ********* password
INFO     [ğŸ“˜TEST_INFO]:reporting.py:51 âœ… STEP completed: Enter password
INFO     [ğŸ“˜TEST_INFO]:reporting.py:225 ğŸ“¸ Screenshot captured and attached (success): /home/runner/work/apolo-test-automation/apolo-test-automation/reports/screenshots/ui_enter_password_success_785856.png
INFO     [ğŸ“˜TEST_INFO]:reporting.py:37 â–¶ï¸ STEP started: Click Continue button
INFO     [ğŸ­ Playwright]:base_page.py:16 <LoginPage>: Click continue button
WARNING  [ğŸ”§TEST CONFIG]:conftest.py:442 [HTTP 200] GET https://api.dev.apolo.us/api/v1/config
Request Body (first 2000 chars):
<not available>
Response Body (first 2000 chars):
{"authorized": true, "orgs": [], "clusters": [], "projects": [], "admin_url": "https://api.dev.apolo.us/apis/admin/v1", "auth_url": "https://auth.dev.apolo.us/authorize", "token_url": "https://auth.dev.apolo.us/oauth/token", "logout_url": "https://auth.dev.apolo.us/v2/logout?returnTo=https://console.dev.apolo.us", "client_id": "q3I0OzzGnTDkhRmpeJ7WWgaTCucmVxTL", "audience": "https://api.dev.apolo.us", "callback_urls": ["http://127.0.0.1:54540", "http://127.0.0.1:54541", "http://127.0.0.1:54542"], "headless_callback_url": "https://api.dev.apolo.us/oauth/show-code", "success_redirect_url": "https://api.dev.apolo.us/oauth/login"}
WARNING  [ğŸ”§TEST CONFIG]:conftest.py:442 [HTTP 200] GET https://api.dev.apolo.us/api/v1/users/regression-0bywn29g93/permissions?uri=blob:
Request Body (first 2000 chars):
<not available>
Response Body (first 2000 chars):
[]
WARNING  [ğŸ”§TEST CONFIG]:conftest.py:442 [HTTP 200] GET https://api.dev.apolo.us/apis/admin/v1/invites/incoming
Request Body (first 2000 chars):
<not available>
Response Body (first 2000 chars):
[]
WARNING  [ğŸ”§TEST CONFIG]:conftest.py:442 [HTTP 200] GET https://api.dev.apolo.us/apis/admin/v1/users/regression-0bywn29g93?include=orgs
Request Body (first 2000 chars):
<not available>
Response Body (first 2000 chars):
{"name": "regression-0bywn29g93", "email": "regression-0bywn29g93@apolo.us", "first_name": null, "last_name": null, "created_at": "2025-11-01T01:31:46.426921+00:00", "terms_accepted": true, "orgs": []}
WARNING  [ğŸ”§TEST CONFIG]:conftest.py:442 [HTTP 200] GET https://api.dev.apolo.us/apis/admin/v1/users/regression-0bywn29g93?include=clusters&include=system_role
Request Body (first 2000 chars):
<not available>
Response Body (first 2000 chars):
{"name": "regression-0bywn29g93", "email": "regression-0bywn29g93@apolo.us", "first_name": null, "last_name": null, "created_at": "2025-11-01T01:31:46.426921+00:00", "terms_accepted": true, "clusters": []}
INFO     [ğŸ­ Playwright]:base_page.py:16 <LoginPage>: Waiting for spinner
INFO     [ğŸ­ Playwright]:base_page.py:16 <LoginPage>: Timeout error for spinner
INFO     [ğŸ“˜TEST_INFO]:reporting.py:51 âœ… STEP completed: Click Continue button
INFO     [ğŸ“˜TEST_INFO]:reporting.py:225 ğŸ“¸ Screenshot captured and attached (success): /home/runner/work/apolo-test-automation/apolo-test-automation/reports/screenshots/ui_click_continue_button_success_b99a8b.png
INFO     [ğŸ“˜TEST_INFO]:reporting.py:37 â–¶ï¸ STEP started: Verify that Welcome new user page displayed
INFO     [ğŸ­ Playwright]:base_page.py:16 <WelcomeNewUserPage>: Check if page loaded
INFO     [ğŸ“˜TEST_INFO]:reporting.py:51 âœ… STEP completed: Verify that Welcome new user page displayed
INFO     [ğŸ“˜TEST_INFO]:reporting.py:225 ğŸ“¸ Screenshot captured and attached (success): /home/runner/work/apolo-test-automation/apolo-test-automation/reports/screenshots/verify_ui_page_displayed_success_405fb7.png
INFO     [ğŸ“˜TEST_INFO]:reporting.py:51 âœ… STEP completed: Login via UI
INFO     [ğŸ“˜TEST_INFO]:reporting.py:225 ğŸ“¸ Screenshot captured and attached (success): /home/runner/work/apolo-test-automation/apolo-test-automation/reports/screenshots/ui_login_success_7de34e.png
INFO     [ğŸ“˜TEST_INFO]:reporting.py:37 â–¶ï¸ STEP started: Click the let's do it button on Welcome page
INFO     [ğŸ­ Playwright]:base_page.py:16 <WelcomeNewUserPage>: Click lets do it button
INFO     [ğŸ“˜TEST_INFO]:reporting.py:51 âœ… STEP completed: Click the let's do it button on Welcome page
INFO     [ğŸ“˜TEST_INFO]:reporting.py:225 ğŸ“¸ Screenshot captured and attached (success): /home/runner/work/apolo-test-automation/apolo-test-automation/reports/screenshots/ui_click_lets_do_it_button_success_02ef17.png
INFO     [ğŸ“˜TEST_INFO]:reporting.py:37 â–¶ï¸ STEP started: Verify Join organization page displayed
INFO     [ğŸ­ Playwright]:base_page.py:16 <JoinOrganizationPage>: Check if page loaded
INFO     [ğŸ“˜TEST_INFO]:reporting.py:51 âœ… STEP completed: Verify Join organization page displayed
INFO     [ğŸ“˜TEST_INFO]:reporting.py:225 ğŸ“¸ Screenshot captured and attached (success): /home/runner/work/apolo-test-automation/apolo-test-automation/reports/screenshots/verify_ui_page_displayed_success_0b93c6.png
INFO     [ğŸ“˜TEST_INFO]:reporting.py:37 â–¶ï¸ STEP started: Click create organization button
INFO     [ğŸ­ Playwright]:base_page.py:16 <JoinOrganizationPage>: Click create organization button
INFO     [ğŸ“˜TEST_INFO]:reporting.py:51 âœ… STEP completed: Click create organization button
INFO     [ğŸ“˜TEST_INFO]:reporting.py:225 ğŸ“¸ Screenshot captured and attached (success): /home/runner/work/apolo-test-automation/apolo-test-automation/reports/screenshots/ui_click_create_organization_button_success_6e35e9.png
INFO     [ğŸ“˜TEST_INFO]:reporting.py:37 â–¶ï¸ STEP started: Verify Name organization page displayed
INFO     [ğŸ­ Playwright]:base_page.py:16 <NameNewOrganizationPage>: Check if page loaded
INFO     [ğŸ“˜TEST_INFO]:reporting.py:51 âœ… STEP completed: Verify Name organization page displayed
INFO     [ğŸ“˜TEST_INFO]:reporting.py:225 ğŸ“¸ Screenshot captured and attached (success): /home/runner/work/apolo-test-automation/apolo-test-automation/reports/screenshots/verify_ui_page_displayed_success_17a897.png
INFO     [ğŸ”§DATA MANAGER]:test_data.py:56 Added organization: org_name=regression-org-v8rtr5mosgma, gherkin_name=My-organization
INFO     [ğŸ“˜TEST_INFO]:reporting.py:37 â–¶ï¸ STEP started: Enter organization name
INFO     [ğŸ­ Playwright]:base_page.py:16 <NameNewOrganizationPage>: Enter regression-org-v8rtr5mosgma organization name
WARNING  [ğŸ”§TEST CONFIG]:conftest.py:442 [HTTP 404] GET https://api.dev.apolo.us/apis/admin/v1/orgs/regression-org-v8rtr5mosgma
Request Body (first 2000 chars):
<not available>
Response Body (first 2000 chars):
{"error": "Org 'regression-org-v8rtr5mosgma' not found"}
INFO     [ğŸ­ Playwright]:base_page.py:16 <NameNewOrganizationPage>: Wait for network idle
INFO     [ğŸ­ Playwright]:base_page.py:16 <NameNewOrganizationPage>: Network idle done
INFO     [ğŸ“˜TEST_INFO]:reporting.py:51 âœ… STEP completed: Enter organization name
INFO     [ğŸ“˜TEST_INFO]:reporting.py:225 ğŸ“¸ Screenshot captured and attached (success): /home/runner/work/apolo-test-automation/apolo-test-automation/reports/screenshots/ui_enter_organization_name_success_ca9fc1.png
INFO     [ğŸ“˜TEST_INFO]:reporting.py:37 â–¶ï¸ STEP started: Click next button
INFO     [ğŸ­ Playwright]:base_page.py:16 <NameNewOrganizationPage>: Click next button
INFO     [ğŸ­ Playwright]:base_page.py:16 <NameNewOrganizationPage>: Wait for network idle
INFO     [ğŸ­ Playwright]:base_page.py:16 <NameNewOrganizationPage>: Network idle done
INFO     [ğŸ“˜TEST_INFO]:reporting.py:51 âœ… STEP completed: Click next button
INFO     [ğŸ“˜TEST_INFO]:reporting.py:225 ğŸ“¸ Screenshot captured and attached (success): /home/runner/work/apolo-test-automation/apolo-test-automation/reports/screenshots/ui_click_next_button_success_39f33c.png
INFO     [ğŸ“˜TEST_INFO]:reporting.py:37 â–¶ï¸ STEP started: Verify That's it page displayed
INFO     [ğŸ­ Playwright]:base_page.py:16 <ThatsItPage>: Check if page loaded
INFO     [ğŸ“˜TEST_INFO]:reporting.py:51 âœ… STEP completed: Verify That's it page displayed
INFO     [ğŸ“˜TEST_INFO]:reporting.py:225 ğŸ“¸ Screenshot captured and attached (success): /home/runner/work/apolo-test-automation/apolo-test-automation/reports/screenshots/verify_ui_page_displayed_success_468af6.png
INFO     [ğŸ“˜TEST_INFO]:reporting.py:37 â–¶ï¸ STEP started: Click lets do it button on That's it page
INFO     [ğŸ­ Playwright]:base_page.py:16 <ThatsItPage>: Click let's do it button
WARNING  [ğŸ”§TEST CONFIG]:conftest.py:442 [HTTP 201] POST https://api.dev.apolo.us/apis/admin/v1/orgs
Request Body (first 2000 chars):
{"name":"regression-org-v8rtr5mosgma"}
Response Body (first 2000 chars):
{"name": "regression-org-v8rtr5mosgma", "balance": {"credits": "500", "spent_credits": "0"}, "user_default_credits": null, "notification_intervals": {"balance_projection_seconds": [604800, 259200, 86400], "balance_amount": [0], "balance_depletion_seconds": [86400, 604800]}}
WARNING  [ğŸ”§TEST CONFIG]:conftest.py:442 [HTTP 200] GET https://api.dev.apolo.us/api/v1/config
Request Body (first 2000 chars):
<not available>
Response Body (first 2000 chars):
{"authorized": true, "orgs": [{"name": "regression-org-v8rtr5mosgma", "role": "admin"}], "clusters": [{"name": "default", "registry_url": "https://registry.api.dev.apolo.us", "storage_url": "https://api.dev.apolo.us/api/v1/storage", "monitoring_url": "https://monitoring.api.dev.apolo.us/api/v1/jobs", "secrets_url": "https://api.dev.apolo.us/api/v1/secrets", "metrics_url": "https://grafana.dev.apolo.us", "disks_url": "https://api.dev.apolo.us/api/v1/disk", "buckets_url": "https://api.dev.apolo.us/api/v1/buckets", "resource_pool_types": [{"name": "a2-highgpu-1g", "min_size": 0, "max_size": 10, "cpu": 12.0, "available_cpu": 11.101, "memory": 89629032448, "available_memory": 80898240256, "disk_size": 523982073856, "available_disk_size": 364209683290, "nvidia_gpu": {"count": 1, "model": "NVIDIA-A100-SXM4-40GB", "memory": 42949672960}}, {"name": "a2-highgpu-2g", "min_size": 0, "max_size": 3, "cpu": 24.0, "available_cpu": 23.73, "memory": 179367243776, "available_memory": 168094003200, "disk_size": 523982073856, "available_disk_size": 364209683290, "nvidia_gpu": {"count": 1, "model": "NVIDIA-A100-SXM4-40GB", "memory": 42949672960}}, {"name": "a3-highgpu-1g", "min_size": 0, "max_size": 1, "cpu": 26.0, "available_cpu": 25, "memory": 234000000000, "available_memory": 210600000000, "disk_size": 750000000000, "available_disk_size": 750000000000, "nvidia_gpu": {"count": 1, "model": "NVIDIA-A100-SXM4-80GB", "memory": 85899345920}}, {"name": "default", "min_size": 1, "max_size": 10, "cpu": 4.0, "available_cpu": 3.021, "memory": 16776040448, "available_memory": 12439842560, "disk_size": 101203873792, "available_disk_size": 47060071478}, {"name": "g2-standard-4", "min_size": 0, "max_size": 10, "cpu": 4.0, "available_cpu": 3.121, "memory": 16776052736, "available_memory": 12490174208, "disk_size": 312594247680, "available_disk_size": 173960640047, "nvidia_gpu": {"count": 1, "model": "NVIDIA-L4", "memory": 24152899584}}], "resource_presets": [{"name": "cpu-micro", "credits_per_hour": 
WARNING  [ğŸ”§TEST CONFIG]:conftest.py:442 [HTTP 200] GET https://api.dev.apolo.us/apis/admin/v1/users/regression-0bywn29g93?include=orgs
Request Body (first 2000 chars):
<not available>
Response Body (first 2000 chars):
{"name": "regression-0bywn29g93", "email": "regression-0bywn29g93@apolo.us", "first_name": null, "last_name": null, "created_at": "2025-11-01T01:31:46.426921+00:00", "terms_accepted": true, "orgs": [{"org_name": "regression-org-v8rtr5mosgma", "role": "admin", "balance": {"spent_credits": "0"}}]}
WARNING  [ğŸ”§TEST CONFIG]:conftest.py:442 [HTTP 200] GET https://api.dev.apolo.us/apis/admin/v1/users/regression-0bywn29g93?include=clusters&include=system_role
Request Body (first 2000 chars):
<not available>
Response Body (first 2000 chars):
{"name": "regression-0bywn29g93", "email": "regression-0bywn29g93@apolo.us", "first_name": null, "last_name": null, "created_at": "2025-11-01T01:31:46.426921+00:00", "terms_accepted": true, "clusters": [{"cluster_name": "default", "role": "admin", "org_name": "regression-org-v8rtr5mosgma", "balance": {"spent_credits": "0"}}]}
WARNING  [ğŸ”§TEST CONFIG]:conftest.py:442 [HTTP 200] GET https://api.dev.apolo.us/apis/admin/v1/orgs/regression-org-v8rtr5mosgma
Request Body (first 2000 chars):
<not available>
Response Body (first 2000 chars):
{"name": "regression-org-v8rtr5mosgma", "balance": {"credits": "500", "spent_credits": "0"}, "user_default_credits": null, "notification_intervals": {"balance_projection_seconds": [604800, 259200, 86400], "balance_amount": [0], "balance_depletion_seconds": [86400, 604800]}}
WARNING  [ğŸ”§TEST CONFIG]:conftest.py:442 [HTTP 200] GET https://api.dev.apolo.us/apis/apps/v2/templates/tags
Request Body (first 2000 chars):
<not available>
Response Body (first 2000 chars):
["AI","Agent","Apache","Apolo","Apolo Files","BI","Big data","Bundle","Business Intelligence","CLI","Chat","Container","Container registry","Data","Data processing","DeepSeek","Development","Diffusion","Dify","DockerHub","Document Processing","EDA","ELT","ETL","Easy Deploy","Embeddings","GPT","GptOSS","Graph","Hugging Face","IDE","Image generation","Inference","Jupyter","Knowledge Graph","LLM","LLMops","LLaMA","LightRAG","MLOps","Meta","Mistral","NLP","Notebooks","OpenAI","PostgreSQL","Postgres","RAG","RDBMS","Shell","Spark","Stable Diffusion","Storage","Superset","Text","VSCode","Vector Search","Vector search","Vector store","Visualization","Weaviate","experiment tracking","mlflow","model registry","vLLM"]
INFO     [ğŸ­ Playwright]:base_page.py:16 <ThatsItPage>: Waiting for spinner
WARNING  [ğŸ”§TEST CONFIG]:conftest.py:442 [HTTP 200] GET https://api.dev.apolo.us/api/v1/config
Request Body (first 2000 chars):
<not available>
Response Body (first 2000 chars):
{"authorized": true, "orgs": [{"name": "regression-org-v8rtr5mosgma", "role": "admin"}], "clusters": [{"name": "default", "registry_url": "https://registry.api.dev.apolo.us", "storage_url": "https://api.dev.apolo.us/api/v1/storage", "monitoring_url": "https://monitoring.api.dev.apolo.us/api/v1/jobs", "secrets_url": "https://api.dev.apolo.us/api/v1/secrets", "metrics_url": "https://grafana.dev.apolo.us", "disks_url": "https://api.dev.apolo.us/api/v1/disk", "buckets_url": "https://api.dev.apolo.us/api/v1/buckets", "resource_pool_types": [{"name": "a2-highgpu-1g", "min_size": 0, "max_size": 10, "cpu": 12.0, "available_cpu": 11.101, "memory": 89629032448, "available_memory": 80898240256, "disk_size": 523982073856, "available_disk_size": 364209683290, "nvidia_gpu": {"count": 1, "model": "NVIDIA-A100-SXM4-40GB", "memory": 42949672960}}, {"name": "a2-highgpu-2g", "min_size": 0, "max_size": 3, "cpu": 24.0, "available_cpu": 23.73, "memory": 179367243776, "available_memory": 168094003200, "disk_size": 523982073856, "available_disk_size": 364209683290, "nvidia_gpu": {"count": 1, "model": "NVIDIA-A100-SXM4-40GB", "memory": 42949672960}}, {"name": "a3-highgpu-1g", "min_size": 0, "max_size": 1, "cpu": 26.0, "available_cpu": 25, "memory": 234000000000, "available_memory": 210600000000, "disk_size": 750000000000, "available_disk_size": 750000000000, "nvidia_gpu": {"count": 1, "model": "NVIDIA-A100-SXM4-80GB", "memory": 85899345920}}, {"name": "default", "min_size": 1, "max_size": 10, "cpu": 4.0, "available_cpu": 3.021, "memory": 16776040448, "available_memory": 12439842560, "disk_size": 101203873792, "available_disk_size": 47060071478}, {"name": "g2-standard-4", "min_size": 0, "max_size": 10, "cpu": 4.0, "available_cpu": 3.121, "memory": 16776052736, "available_memory": 12490174208, "disk_size": 312594247680, "available_disk_size": 173960640047, "nvidia_gpu": {"count": 1, "model": "NVIDIA-L4", "memory": 24152899584}}], "resource_presets": [{"name": "cpu-micro", "credits_per_hour": 
WARNING  [ğŸ”§TEST CONFIG]:conftest.py:442 [HTTP 200] GET https://api.dev.apolo.us/api/v1/users/regression-0bywn29g93/permissions?uri=blob:
Request Body (first 2000 chars):
<not available>
Response Body (first 2000 chars):
[{"uri": "blob://default/regression-org-v8rtr5mosgma", "action": "manage"}]
INFO     [ğŸ­ Playwright]:base_page.py:16 <ThatsItPage>: Waiting for spinner to disappear
WARNING  [ğŸ”§TEST CONFIG]:conftest.py:442 [HTTP 200] GET https://api.dev.apolo.us/apis/admin/v1/invites/incoming
Request Body (first 2000 chars):
<not available>
Response Body (first 2000 chars):
[]
WARNING  [ğŸ”§TEST CONFIG]:conftest.py:442 [HTTP 200] GET https://api.dev.apolo.us/apis/admin/v1/orgs/regression-org-v8rtr5mosgma
Request Body (first 2000 chars):
<not available>
Response Body (first 2000 chars):
{"name": "regression-org-v8rtr5mosgma", "balance": {"credits": "500", "spent_credits": "0"}, "user_default_credits": null, "notification_intervals": {"balance_projection_seconds": [604800, 259200, 86400], "balance_amount": [0], "balance_depletion_seconds": [86400, 604800]}}
WARNING  [ğŸ”§TEST CONFIG]:conftest.py:442 [HTTP 200] GET https://api.dev.apolo.us/apis/admin/v1/users/regression-0bywn29g93?include=orgs
Request Body (first 2000 chars):
<not available>
Response Body (first 2000 chars):
{"name": "regression-0bywn29g93", "email": "regression-0bywn29g93@apolo.us", "first_name": null, "last_name": null, "created_at": "2025-11-01T01:31:46.426921+00:00", "terms_accepted": true, "orgs": [{"org_name": "regression-org-v8rtr5mosgma", "role": "admin", "balance": {"spent_credits": "0"}}]}
WARNING  [ğŸ”§TEST CONFIG]:conftest.py:442 [HTTP 200] GET https://api.dev.apolo.us/apis/admin/v1/users/regression-0bywn29g93?include=clusters&include=system_role
Request Body (first 2000 chars):
<not available>
Response Body (first 2000 chars):
{"name": "regression-0bywn29g93", "email": "regression-0bywn29g93@apolo.us", "first_name": null, "last_name": null, "created_at": "2025-11-01T01:31:46.426921+00:00", "terms_accepted": true, "clusters": [{"cluster_name": "default", "role": "admin", "org_name": "regression-org-v8rtr5mosgma", "balance": {"spent_credits": "0"}}]}
WARNING  [ğŸ”§TEST CONFIG]:conftest.py:442 [HTTP 200] GET https://api.dev.apolo.us/apis/apps/v2/templates/tags
Request Body (first 2000 chars):
<not available>
Response Body (first 2000 chars):
["AI","Agent","Apache","Apolo","Apolo Files","BI","Big data","Bundle","Business Intelligence","CLI","Chat","Container","Container registry","Data","Data processing","DeepSeek","Development","Diffusion","Dify","DockerHub","Document Processing","EDA","ELT","ETL","Easy Deploy","Embeddings","GPT","GptOSS","Graph","Hugging Face","IDE","Image generation","Inference","Jupyter","Knowledge Graph","LLM","LLMops","LLaMA","LightRAG","MLOps","Meta","Mistral","NLP","Notebooks","OpenAI","PostgreSQL","Postgres","RAG","RDBMS","Shell","Spark","Stable Diffusion","Storage","Superset","Text","VSCode","Vector Search","Vector search","Vector store","Visualization","Weaviate","experiment tracking","mlflow","model registry","vLLM"]
INFO     [ğŸ“˜TEST_INFO]:reporting.py:51 âœ… STEP completed: Click lets do it button on That's it page
INFO     [ğŸ“˜TEST_INFO]:reporting.py:225 ğŸ“¸ Screenshot captured and attached (success): /home/runner/work/apolo-test-automation/apolo-test-automation/reports/screenshots/ui_click_lets_do_it_button_success_23b854.png
INFO     [ğŸ“˜TEST_INFO]:reporting.py:37 â–¶ï¸ STEP started: Verify Main page is displayed
INFO     [ğŸ­ Playwright]:base_page.py:16 <MainPage>: Check if page loaded
INFO     [ğŸ­ Playwright]:base_page.py:16 <MainPage>: Waiting for spinner
INFO     [ğŸ­ Playwright]:base_page.py:16 <MainPage>: Timeout error for spinner
INFO     [ğŸ“˜TEST_INFO]:reporting.py:51 âœ… STEP completed: Verify Main page is displayed
INFO     [ğŸ“˜TEST_INFO]:reporting.py:225 ğŸ“¸ Screenshot captured and attached (success): /home/runner/work/apolo-test-automation/apolo-test-automation/reports/screenshots/verify_ui_page_displayed_success_c161c6.png
INFO     [ğŸ“˜TEST_INFO]:reporting.py:37 â–¶ï¸ STEP started: Verify project creation message is displayed
INFO     [ğŸ­ Playwright]:base_page.py:16 <MainPage>: Check if create project text field displayed
INFO     [ğŸ“˜TEST_INFO]:reporting.py:51 âœ… STEP completed: Verify project creation message is displayed
INFO     [ğŸ“˜TEST_INFO]:reporting.py:225 ğŸ“¸ Screenshot captured and attached (success): /home/runner/work/apolo-test-automation/apolo-test-automation/reports/screenshots/verify_ui_create_project_message_displayed_success_4e8834.png
INFO     [ğŸ“˜TEST_INFO]:reporting.py:37 â–¶ï¸ STEP started: Verify create project button displayed
INFO     [ğŸ­ Playwright]:base_page.py:16 <MainPage>: Check if create project button displayed
INFO     [ğŸ“˜TEST_INFO]:reporting.py:51 âœ… STEP completed: Verify create project button displayed
INFO     [ğŸ“˜TEST_INFO]:reporting.py:225 ğŸ“¸ Screenshot captured and attached (success): /home/runner/work/apolo-test-automation/apolo-test-automation/reports/screenshots/verify_ui_create_project_button_displayed_success_7753e4.png
INFO     [ğŸ“˜TEST_INFO]:reporting.py:92 âœ… TEST completed: Create First Organization via UI
INFO     [ğŸ“˜TEST_INFO]:reporting.py:98 ------------------------------------------------------------
INFO     [ğŸŒAPI_helper]:api_helper.py:54 GET https://api.dev.apolo.us/apis/admin/v1/orgs
INFO     [ğŸŒAPI_helper]:api_helper.py:175 Status: 200. Response: [{'name': 'regression-org-v8rtr5mosgma', 'balance': {'credits': '500', 'spent_credits': '0'}, 'user_default_credits': None, 'notification_intervals': {'balance_projection_seconds': [604800, 259200, 86400], 'balance_amount': [0], 'balance_depletion_seconds': [86400, 604800]}}]
INFO     [ğŸ”§TEST CONFIG]:conftest.py:293 Cleaning up 1 organisations
INFO     [ğŸŒAPI_helper]:api_helper.py:54 GET https://api.dev.apolo.us/apis/admin/v1/clusters/default/orgs/regression-org-v8rtr5mosgma/projects
INFO     [ğŸŒAPI_helper]:api_helper.py:182 Status: 200. Response: []
INFO     [ğŸ”§TEST CONFIG]:conftest.py:310 Cleaning up 0 projects
INFO     [ğŸŒAPI_helper]:api_helper.py:189 Delete organization response: <ClientResponse(https://api.dev.apolo.us/apis/admin/v1/orgs/regression-org-v8rtr5mosgma) [200 OK]>
<CIMultiDictProxy('Access-Control-Allow-Credentials': 'true', 'Content-Length': '274', 'Content-Type': 'application/json; charset=utf-8', 'Date': 'Sat, 01 Nov 2025 03:24:22 GMT', 'Server': 'Python/3.13 aiohttp/3.13.2', 'Vary': 'Origin', 'X-Service-Version': 'platform-admin/0.0.0.post1.dev0+a87fe09')>

INFO     [ğŸ”§TEST CONFIG]:conftest.py:329 Deleted organisation: regression-org-v8rtr5mosgma
INFO     [ğŸ”§TEST CONFIG]:conftest.py:334 Closing all browser sessions
INFO     [ğŸ”§TEST CONFIG]:conftest.py:349 Closed context
INFO     [ğŸ”§TEST CONFIG]:conftest.py:356 Closed browser
INFO     [ğŸ”§TEST CONFIG]:conftest.py:362 Stopped Playwright
INFO     [ğŸ”§TEST CONFIG]:conftest.py:367 Browser cleanup finished