INFO     [ğŸ”§TEST CONFIG]:conftest.py:89 Loading test configuration
INFO     [ğŸ”§TEST CONFIG]:conftest.py:398 Navigating to: https://console.dev.apolo.us/
INFO     [ğŸ”§TEST CONFIG]:conftest.py:95 Creating data manager
INFO     [ğŸ”§TEST CONFIG]:conftest.py:125 Creating users manager
INFO     [ğŸ”§TEST CONFIG]:conftest.py:111 Creating API helper
INFO     [ğŸ”§TEST CONFIG]:conftest.py:119 Creating Apolo CLI instance
INFO     [ğŸ”§TEST CONFIG]:conftest.py:207 Continue using UserData(email='regression-masnsnj82d@apolo.us', username='regression-masnsnj82d', password='kaO343cpZ%6%') as main test user...
INFO     [ğŸ‘¤UsersManager]:users_manager.py:73 Setting main user to UserData(email='regression-masnsnj82d@apolo.us', username='regression-masnsnj82d', password='kaO343cpZ%6%')
INFO     [ğŸ”§TEST CONFIG]:conftest.py:237 Continue using UserData(email='regression-qs01pid69v@apolo.us', username='regression-qs01pid69v', password='f7v%K@7knRA9') as second test user...
INFO     [ğŸ‘¤UsersManager]:users_manager.py:82 Setting second user to UserData(email='regression-qs01pid69v@apolo.us', username='regression-qs01pid69v', password='f7v%K@7knRA9')
INFO     [ğŸ”§TEST CONFIG]:conftest.py:242 Continue using UserData(email='regression-2cj8x2zfov@apolo.us', username='regression-2cj8x2zfov', password='m!Ly@W4D0HjG') as third test user...
INFO     [ğŸ‘¤UsersManager]:users_manager.py:91 Setting third user to UserData(email='regression-2cj8x2zfov@apolo.us', username='regression-2cj8x2zfov', password='m!Ly@W4D0HjG')
INFO     [ğŸ“˜TEST_INFO]:reporting.py:37 â–¶ï¸ STEP started: Verify Apolo CLI client is installed
INFO     [ğŸ–¥apolo_CLI]:apolo_runner.py:25 check CLI version. Running command via cli:

apolo --version

WARNING  [ğŸ”§TEST CONFIG]:conftest.py:446 [HTTP 200] GET https://api.dev.apolo.us/api/v1/config
Request Body (first 2000 chars):
<not available>
Response Body (first 2000 chars):
{"authorized": false, "auth_url": "https://auth.dev.apolo.us/authorize", "token_url": "https://auth.dev.apolo.us/oauth/token", "logout_url": "https://auth.dev.apolo.us/v2/logout?returnTo=https://console.dev.apolo.us", "client_id": "q3I0OzzGnTDkhRmpeJ7WWgaTCucmVxTL", "audience": "https://api.dev.apolo.us", "callback_urls": ["http://127.0.0.1:54540", "http://127.0.0.1:54541", "http://127.0.0.1:54542"], "headless_callback_url": "https://api.dev.apolo.us/oauth/show-code", "success_redirect_url": "https://api.dev.apolo.us/oauth/login"}
INFO     [ğŸ–¥apolo_CLI]:apolo_runner.py:86 check CLI version succeeded:

Apolo Platform Client 25.8.1

INFO     [ğŸ“˜TEST_INFO]:reporting.py:51 âœ… STEP completed: Verify Apolo CLI client is installed
INFO     [ğŸ“˜TEST_INFO]:reporting.py:86 ------------------------------------------------------------
INFO     [ğŸ“˜TEST_INFO]:reporting.py:87 ğŸ“ TEST started: Manager removes himself from org via **CLI**
INFO     [ğŸ“˜TEST_INFO]:reporting.py:88 ------------------------------------------------------------
INFO     [ğŸ“˜TEST_INFO]:reporting.py:37 â–¶ï¸ STEP started: Login via UI
INFO     [ğŸ“˜TEST_INFO]:reporting.py:37 â–¶ï¸ STEP started: Click login button
INFO     [ğŸ­ Playwright]:base_page.py:16 <AuthPage>: Click log in button
INFO     [ğŸ“˜TEST_INFO]:reporting.py:51 âœ… STEP completed: Click login button
INFO     [ğŸ“˜TEST_INFO]:reporting.py:225 ğŸ“¸ Screenshot captured and attached (success): /home/runner/work/apolo-test-automation/apolo-test-automation/reports/screenshots/ui_click_login_button_success_e5c228.png
INFO     [ğŸ“˜TEST_INFO]:reporting.py:37 â–¶ï¸ STEP started: Enter email
INFO     [ğŸ­ Playwright]:base_page.py:16 <LoginPage>: Enter regression-masnsnj82d@apolo.us email
INFO     [ğŸ“˜TEST_INFO]:reporting.py:51 âœ… STEP completed: Enter email
INFO     [ğŸ“˜TEST_INFO]:reporting.py:225 ğŸ“¸ Screenshot captured and attached (success): /home/runner/work/apolo-test-automation/apolo-test-automation/reports/screenshots/ui_enter_email_success_3dcd53.png
INFO     [ğŸ“˜TEST_INFO]:reporting.py:37 â–¶ï¸ STEP started: Enter password
INFO     [ğŸ­ Playwright]:base_page.py:16 <LoginPage>: Enter ********* password
INFO     [ğŸ“˜TEST_INFO]:reporting.py:51 âœ… STEP completed: Enter password
INFO     [ğŸ“˜TEST_INFO]:reporting.py:225 ğŸ“¸ Screenshot captured and attached (success): /home/runner/work/apolo-test-automation/apolo-test-automation/reports/screenshots/ui_enter_password_success_a63fd7.png
INFO     [ğŸ“˜TEST_INFO]:reporting.py:37 â–¶ï¸ STEP started: Click Continue button
INFO     [ğŸ­ Playwright]:base_page.py:16 <LoginPage>: Click continue button
WARNING  [ğŸ”§TEST CONFIG]:conftest.py:446 [HTTP 200] GET https://api.dev.apolo.us/api/v1/config
Request Body (first 2000 chars):
<not available>
Response Body (first 2000 chars):
{"authorized": true, "orgs": [], "clusters": [], "projects": [], "admin_url": "https://api.dev.apolo.us/apis/admin/v1", "auth_url": "https://auth.dev.apolo.us/authorize", "token_url": "https://auth.dev.apolo.us/oauth/token", "logout_url": "https://auth.dev.apolo.us/v2/logout?returnTo=https://console.dev.apolo.us", "client_id": "q3I0OzzGnTDkhRmpeJ7WWgaTCucmVxTL", "audience": "https://api.dev.apolo.us", "callback_urls": ["http://127.0.0.1:54540", "http://127.0.0.1:54541", "http://127.0.0.1:54542"], "headless_callback_url": "https://api.dev.apolo.us/oauth/show-code", "success_redirect_url": "https://api.dev.apolo.us/oauth/login"}
WARNING  [ğŸ”§TEST CONFIG]:conftest.py:446 [HTTP 200] GET https://api.dev.apolo.us/api/v1/users/regression-masnsnj82d/permissions?uri=blob:
Request Body (first 2000 chars):
<not available>
Response Body (first 2000 chars):
[]
WARNING  [ğŸ”§TEST CONFIG]:conftest.py:446 [HTTP 200] GET https://api.dev.apolo.us/apis/admin/v1/invites/incoming
Request Body (first 2000 chars):
<not available>
Response Body (first 2000 chars):
[]
WARNING  [ğŸ”§TEST CONFIG]:conftest.py:446 [HTTP 200] GET https://api.dev.apolo.us/apis/admin/v1/users/regression-masnsnj82d?include=orgs
Request Body (first 2000 chars):
<not available>
Response Body (first 2000 chars):
{"name": "regression-masnsnj82d", "email": "regression-masnsnj82d@apolo.us", "first_name": null, "last_name": null, "created_at": "2025-10-22T17:41:39.017214+00:00", "terms_accepted": true, "orgs": []}
WARNING  [ğŸ”§TEST CONFIG]:conftest.py:446 [HTTP 200] GET https://api.dev.apolo.us/apis/admin/v1/users/regression-masnsnj82d?include=clusters&include=system_role
Request Body (first 2000 chars):
<not available>
Response Body (first 2000 chars):
{"name": "regression-masnsnj82d", "email": "regression-masnsnj82d@apolo.us", "first_name": null, "last_name": null, "created_at": "2025-10-22T17:41:39.017214+00:00", "terms_accepted": true, "clusters": []}
INFO     [ğŸ­ Playwright]:base_page.py:16 <LoginPage>: Waiting for spinner
INFO     [ğŸ­ Playwright]:base_page.py:16 <LoginPage>: Timeout error for spinner
INFO     [ğŸ“˜TEST_INFO]:reporting.py:51 âœ… STEP completed: Click Continue button
INFO     [ğŸ“˜TEST_INFO]:reporting.py:225 ğŸ“¸ Screenshot captured and attached (success): /home/runner/work/apolo-test-automation/apolo-test-automation/reports/screenshots/ui_click_continue_button_success_c8c043.png
INFO     [ğŸ“˜TEST_INFO]:reporting.py:37 â–¶ï¸ STEP started: Verify that Welcome new user page displayed
INFO     [ğŸ­ Playwright]:base_page.py:16 <WelcomeNewUserPage>: Check if page loaded
INFO     [ğŸ“˜TEST_INFO]:reporting.py:51 âœ… STEP completed: Verify that Welcome new user page displayed
INFO     [ğŸ“˜TEST_INFO]:reporting.py:225 ğŸ“¸ Screenshot captured and attached (success): /home/runner/work/apolo-test-automation/apolo-test-automation/reports/screenshots/verify_ui_page_displayed_success_9a3f20.png
INFO     [ğŸ“˜TEST_INFO]:reporting.py:51 âœ… STEP completed: Login via UI
INFO     [ğŸ“˜TEST_INFO]:reporting.py:225 ğŸ“¸ Screenshot captured and attached (success): /home/runner/work/apolo-test-automation/apolo-test-automation/reports/screenshots/ui_login_success_adc977.png
INFO     [ğŸ“˜TEST_INFO]:reporting.py:37 â–¶ï¸ STEP started: Add organization via API and reload page
INFO     [ğŸ”§DATA MANAGER]:test_data.py:56 Added organization: org_name=regression-org-1sixi0sx0zpy, gherkin_name=My-organization
INFO     [ğŸŒAPI_helper]:api_helper.py:86 POST https://api.dev.apolo.us/apis/admin/v1/orgs?skip_auto_add_to_clusters=false with data: {'name': 'regression-org-1sixi0sx0zpy'}
INFO     [ğŸŒAPI_helper]:api_helper.py:214 Add org regression-org-1sixi0sx0zpy response: {'name': 'regression-org-1sixi0sx0zpy', 'balance': {'credits': '500', 'spent_credits': '0'}, 'user_default_credits': None, 'notification_intervals': {'balance_projection_seconds': [604800, 259200, 86400], 'balance_amount': [0], 'balance_depletion_seconds': [86400, 604800]}}
INFO     [ğŸ“˜TEST_INFO]:reporting.py:37 â–¶ï¸ STEP started: Reload page
INFO     [ğŸ“˜TEST_INFO]:reporting.py:37 â–¶ï¸ STEP started: Reload page
INFO     [ğŸ­ Playwright]:base_page.py:16 <MainPage>: Waiting for spinner
WARNING  [ğŸ”§TEST CONFIG]:conftest.py:446 [HTTP 200] GET https://api.dev.apolo.us/api/v1/config
Request Body (first 2000 chars):
<not available>
Response Body (first 2000 chars):
{"authorized": true, "orgs": [{"name": "regression-org-1sixi0sx0zpy", "role": "admin"}], "clusters": [{"name": "default", "registry_url": "https://registry.api.dev.apolo.us", "storage_url": "https://api.dev.apolo.us/api/v1/storage", "monitoring_url": "https://monitoring.api.dev.apolo.us/api/v1/jobs", "secrets_url": "https://api.dev.apolo.us/api/v1/secrets", "metrics_url": "https://grafana.dev.apolo.us", "disks_url": "https://api.dev.apolo.us/api/v1/disk", "buckets_url": "https://api.dev.apolo.us/api/v1/buckets", "resource_pool_types": [{"name": "a2-highgpu-1g", "min_size": 0, "max_size": 10, "cpu": 12.0, "available_cpu": 11.101, "memory": 89629032448, "available_memory": 80898240256, "disk_size": 523982073856, "available_disk_size": 364209683290, "nvidia_gpu": {"count": 1, "model": "NVIDIA-A100-SXM4-40GB", "memory": 42949672960}}, {"name": "a2-highgpu-2g", "min_size": 0, "max_size": 3, "cpu": 24.0, "available_cpu": 23.73, "memory": 179367243776, "available_memory": 168094003200, "disk_size": 523982073856, "available_disk_size": 364209683290, "nvidia_gpu": {"count": 1, "model": "NVIDIA-A100-SXM4-40GB", "memory": 42949672960}}, {"name": "a3-highgpu-1g", "min_size": 0, "max_size": 1, "cpu": 26.0, "available_cpu": 25, "memory": 234000000000, "available_memory": 210600000000, "disk_size": 750000000000, "available_disk_size": 750000000000, "nvidia_gpu": {"count": 1, "model": "NVIDIA-A100-SXM4-80GB", "memory": 85899345920}}, {"name": "default", "min_size": 1, "max_size": 10, "cpu": 4.0, "available_cpu": 3.021, "memory": 16776040448, "available_memory": 12439842560, "disk_size": 101203873792, "available_disk_size": 47060071478}, {"name": "g2-standard-4", "min_size": 0, "max_size": 10, "cpu": 4.0, "available_cpu": 3.121, "memory": 16776052736, "available_memory": 12490174208, "disk_size": 312594247680, "available_disk_size": 173960640047, "nvidia_gpu": {"count": 1, "model": "NVIDIA-L4", "memory": 24152899584}}], "resource_presets": [{"name": "cpu-micro", "credits_per_hour": 
INFO     [ğŸ­ Playwright]:base_page.py:16 <MainPage>: Waiting for spinner to disappear
WARNING  [ğŸ”§TEST CONFIG]:conftest.py:446 [HTTP 200] GET https://api.dev.apolo.us/apis/admin/v1/users/regression-masnsnj82d?include=orgs
Request Body (first 2000 chars):
<not available>
Response Body (first 2000 chars):
{"name": "regression-masnsnj82d", "email": "regression-masnsnj82d@apolo.us", "first_name": null, "last_name": null, "created_at": "2025-10-22T17:41:39.017214+00:00", "terms_accepted": true, "orgs": [{"org_name": "regression-org-1sixi0sx0zpy", "role": "admin", "balance": {"spent_credits": "0"}}]}
WARNING  [ğŸ”§TEST CONFIG]:conftest.py:446 [HTTP 200] GET https://api.dev.apolo.us/apis/admin/v1/orgs/regression-org-1sixi0sx0zpy
Request Body (first 2000 chars):
<not available>
Response Body (first 2000 chars):
{"name": "regression-org-1sixi0sx0zpy", "balance": {"credits": "500", "spent_credits": "0"}, "user_default_credits": null, "notification_intervals": {"balance_projection_seconds": [604800, 259200, 86400], "balance_amount": [0], "balance_depletion_seconds": [86400, 604800]}}
WARNING  [ğŸ”§TEST CONFIG]:conftest.py:446 [HTTP 200] GET https://api.dev.apolo.us/api/v1/users/regression-masnsnj82d/permissions?uri=blob:
Request Body (first 2000 chars):
<not available>
Response Body (first 2000 chars):
[{"uri": "blob://default/regression-org-1sixi0sx0zpy", "action": "manage"}]
WARNING  [ğŸ”§TEST CONFIG]:conftest.py:446 [HTTP 200] GET https://api.dev.apolo.us/apis/admin/v1/invites/incoming
Request Body (first 2000 chars):
<not available>
Response Body (first 2000 chars):
[]
WARNING  [ğŸ”§TEST CONFIG]:conftest.py:446 [HTTP 200] GET https://api.dev.apolo.us/apis/admin/v1/users/regression-masnsnj82d?include=clusters&include=system_role
Request Body (first 2000 chars):
<not available>
Response Body (first 2000 chars):
{"name": "regression-masnsnj82d", "email": "regression-masnsnj82d@apolo.us", "first_name": null, "last_name": null, "created_at": "2025-10-22T17:41:39.017214+00:00", "terms_accepted": true, "clusters": [{"cluster_name": "default", "role": "admin", "org_name": "regression-org-1sixi0sx0zpy", "balance": {"spent_credits": "0"}}]}
WARNING  [ğŸ”§TEST CONFIG]:conftest.py:446 [HTTP 200] GET https://api.dev.apolo.us/apis/apps/v2/templates/tags
Request Body (first 2000 chars):
<not available>
Response Body (first 2000 chars):
["AI","Agent","Apache","Apolo","Apolo Files","BI","Big data","Bundle","Business Intelligence","CLI","Chat","Container","Container registry","Data","Data processing","DeepSeek","Development","Diffusion","Dify","DockerHub","Document Processing","EDA","ELT","ETL","Easy Deploy","Embeddings","GPT","GptOSS","Graph","Hugging Face","IDE","Image generation","Inference","Jupyter","Knowledge Graph","LLM","LLMops","LLaMA","LightRAG","MLOps","Meta","Mistral","NLP","Notebooks","OpenAI","PostgreSQL","Postgres","RAG","RDBMS","Shell","Spark","Stable Diffusion","Storage","Superset","Text","VSCode","Vector Search","Vector search","Vector store","Visualization","Weaviate","experiment tracking","mlflow","model registry","vLLM"]
INFO     [ğŸ“˜TEST_INFO]:reporting.py:51 âœ… STEP completed: Reload page
INFO     [ğŸ“˜TEST_INFO]:reporting.py:225 ğŸ“¸ Screenshot captured and attached (success): /home/runner/work/apolo-test-automation/apolo-test-automation/reports/screenshots/ui_reload_page_success_c06315.png
INFO     [ğŸ“˜TEST_INFO]:reporting.py:51 âœ… STEP completed: Reload page
INFO     [ğŸ“˜TEST_INFO]:reporting.py:225 ğŸ“¸ Screenshot captured and attached (success): /home/runner/work/apolo-test-automation/apolo-test-automation/reports/screenshots/ui_reload_page_success_6c0279.png
INFO     [ğŸ“˜TEST_INFO]:reporting.py:51 âœ… STEP completed: Add organization via API and reload page
INFO     [ğŸ“˜TEST_INFO]:reporting.py:225 ğŸ“¸ Screenshot captured and attached (success): /home/runner/work/apolo-test-automation/apolo-test-automation/reports/screenshots/ui_add_org_api_success_27bc4b.png
INFO     [ğŸ”§TEST CONFIG]:conftest.py:398 Navigating to: https://console.dev.apolo.us/
WARNING  [ğŸ”§TEST CONFIG]:conftest.py:406 Page load took too long â€” continuing anyway.
INFO     [ğŸ“˜TEST_INFO]:reporting.py:37 â–¶ï¸ STEP started: <<User2>> :: Get second user
INFO     [ğŸ“˜TEST_INFO]:reporting.py:51 âœ… STEP completed: <<User2>> :: Get second user
WARNING  [ğŸ“˜TEST_INFO]:reporting.py:229 âš ï¸ Could not capture screenshot (success): Page.screenshot: Timeout 30000ms exceeded.
Call log:
  - taking page screenshot

INFO     [ğŸ“˜TEST_INFO]:reporting.py:37 â–¶ï¸ STEP started: <<User2>> :: Login via UI
INFO     [ğŸ“˜TEST_INFO]:reporting.py:37 â–¶ï¸ STEP started: <<User2>> :: Click login button
INFO     [ğŸ­ Playwright]:base_page.py:16 <AuthPage>: Click log in button
ERROR    [ğŸ“˜TEST_INFO]:reporting.py:56 âŒ STEP failed: <<User2>> :: Click login button
WARNING  [ğŸ“˜TEST_INFO]:reporting.py:229 âš ï¸ Could not capture screenshot (fail): Page.screenshot: Timeout 30000ms exceeded.
Call log:
  - taking page screenshot

ERROR    [ğŸ“˜TEST_INFO]:reporting.py:56 âŒ STEP failed: <<User2>> :: Login via UI
WARNING  [ğŸ“˜TEST_INFO]:reporting.py:229 âš ï¸ Could not capture screenshot (fail): Page.screenshot: Timeout 30000ms exceeded.
Call log:
  - taking page screenshot

ERROR    [ğŸ“˜TEST_INFO]:reporting.py:95 âŒ TEST failed: Manager removes himself from org via **CLI**
Exception: [AssertionError] during step: <<User2>> :: Login via UI
Message: [TimeoutError] during step: <<User2>> :: Click login button
Message: Element not ready for click after 10000ms: <Locator frame=<Frame name= url='about:blank'> selector="button:text('Log in')">
Last error: Locator.wait_for: Timeout 500ms exceeded.
Call log:
  - waiting for locator("button:text('Log in')")
    - waiting for" https://console.dev.apolo.us/" navigation to finish...

INFO     [ğŸ“˜TEST_INFO]:reporting.py:98 ------------------------------------------------------------
INFO     [ğŸŒAPI_helper]:api_helper.py:54 GET https://api.dev.apolo.us/apis/admin/v1/orgs
INFO     [ğŸŒAPI_helper]:api_helper.py:175 Status: 200. Response: [{'name': 'regression-org-1sixi0sx0zpy', 'balance': {'credits': '500', 'spent_credits': '0'}, 'user_default_credits': None, 'notification_intervals': {'balance_projection_seconds': [604800, 259200, 86400], 'balance_amount': [0], 'balance_depletion_seconds': [86400, 604800]}}]
INFO     [ğŸ”§TEST CONFIG]:conftest.py:293 Cleaning up 1 organisations
INFO     [ğŸŒAPI_helper]:api_helper.py:54 GET https://api.dev.apolo.us/apis/admin/v1/clusters/default/orgs/regression-org-1sixi0sx0zpy/projects
INFO     [ğŸŒAPI_helper]:api_helper.py:182 Status: 200. Response: []
INFO     [ğŸ”§TEST CONFIG]:conftest.py:310 Cleaning up 0 projects
INFO     [ğŸŒAPI_helper]:api_helper.py:189 Delete organization response: <ClientResponse(https://api.dev.apolo.us/apis/admin/v1/orgs/regression-org-1sixi0sx0zpy) [200 OK]>
<CIMultiDictProxy('Access-Control-Allow-Credentials': 'true', 'Content-Length': '274', 'Content-Type': 'application/json; charset=utf-8', 'Date': 'Wed, 22 Oct 2025 20:37:20 GMT', 'Server': 'Python/3.13 aiohttp/3.12.15', 'Vary': 'Origin', 'x-service-version': 'platform-admin/0.0.0.post1.dev0+4cdab15', 'Via': '1.1 google', 'Alt-Svc': 'h3=":443"; ma=2592000,h3-29=":443"; ma=2592000')>

INFO     [ğŸ”§TEST CONFIG]:conftest.py:329 Deleted organisation: regression-org-1sixi0sx0zpy
INFO     [ğŸ”§TEST CONFIG]:conftest.py:334 Closing all browser sessions
INFO     [ğŸ”§TEST CONFIG]:conftest.py:349 Closed context
INFO     [ğŸ”§TEST CONFIG]:conftest.py:356 Closed browser
INFO     [ğŸ”§TEST CONFIG]:conftest.py:362 Stopped Playwright
INFO     [ğŸ”§TEST CONFIG]:conftest.py:349 Closed context
INFO     [ğŸ”§TEST CONFIG]:conftest.py:356 Closed browser
INFO     [ğŸ”§TEST CONFIG]:conftest.py:362 Stopped Playwright
INFO     [ğŸ”§TEST CONFIG]:conftest.py:367 Browser cleanup finished
INFO     [ğŸ”§TEST CONFIG]:conftest.py:89 Loading test configuration
INFO     [ğŸ”§TEST CONFIG]:conftest.py:398 Navigating to: https://console.dev.apolo.us/
WARNING  [ğŸ”§TEST CONFIG]:conftest.py:406 Page load took too long â€” continuing anyway.
INFO     [ğŸ”§TEST CONFIG]:conftest.py:95 Creating data manager
INFO     [ğŸ”§TEST CONFIG]:conftest.py:125 Creating users manager
INFO     [ğŸ”§TEST CONFIG]:conftest.py:111 Creating API helper
INFO     [ğŸ”§TEST CONFIG]:conftest.py:119 Creating Apolo CLI instance
INFO     [ğŸ”§TEST CONFIG]:conftest.py:207 Continue using UserData(email='regression-masnsnj82d@apolo.us', username='regression-masnsnj82d', password='kaO343cpZ%6%') as main test user...
INFO     [ğŸ‘¤UsersManager]:users_manager.py:73 Setting main user to UserData(email='regression-masnsnj82d@apolo.us', username='regression-masnsnj82d', password='kaO343cpZ%6%')
INFO     [ğŸ”§TEST CONFIG]:conftest.py:237 Continue using UserData(email='regression-qs01pid69v@apolo.us', username='regression-qs01pid69v', password='f7v%K@7knRA9') as second test user...
INFO     [ğŸ‘¤UsersManager]:users_manager.py:82 Setting second user to UserData(email='regression-qs01pid69v@apolo.us', username='regression-qs01pid69v', password='f7v%K@7knRA9')
INFO     [ğŸ”§TEST CONFIG]:conftest.py:242 Continue using UserData(email='regression-2cj8x2zfov@apolo.us', username='regression-2cj8x2zfov', password='m!Ly@W4D0HjG') as third test user...
INFO     [ğŸ‘¤UsersManager]:users_manager.py:91 Setting third user to UserData(email='regression-2cj8x2zfov@apolo.us', username='regression-2cj8x2zfov', password='m!Ly@W4D0HjG')
INFO     [ğŸ“˜TEST_INFO]:reporting.py:37 â–¶ï¸ STEP started: Verify Apolo CLI client is installed
INFO     [ğŸ–¥apolo_CLI]:apolo_runner.py:25 check CLI version. Running command via cli:

apolo --version

INFO     [ğŸ–¥apolo_CLI]:apolo_runner.py:86 check CLI version succeeded:

Apolo Platform Client 25.8.1

INFO     [ğŸ“˜TEST_INFO]:reporting.py:51 âœ… STEP completed: Verify Apolo CLI client is installed
INFO     [ğŸ“˜TEST_INFO]:reporting.py:86 ------------------------------------------------------------
INFO     [ğŸ“˜TEST_INFO]:reporting.py:87 ğŸ“ TEST started: Manager removes himself from org via **CLI**
INFO     [ğŸ“˜TEST_INFO]:reporting.py:88 ------------------------------------------------------------
INFO     [ğŸ“˜TEST_INFO]:reporting.py:37 â–¶ï¸ STEP started: Login via UI
INFO     [ğŸ“˜TEST_INFO]:reporting.py:37 â–¶ï¸ STEP started: Click login button
INFO     [ğŸ­ Playwright]:base_page.py:16 <AuthPage>: Click log in button
ERROR    [ğŸ“˜TEST_INFO]:reporting.py:56 âŒ STEP failed: Click login button
WARNING  [ğŸ“˜TEST_INFO]:reporting.py:229 âš ï¸ Could not capture screenshot (fail): Page.screenshot: Timeout 30000ms exceeded.
Call log:
  - taking page screenshot

ERROR    [ğŸ“˜TEST_INFO]:reporting.py:56 âŒ STEP failed: Login via UI
WARNING  [ğŸ“˜TEST_INFO]:reporting.py:229 âš ï¸ Could not capture screenshot (fail): Page.screenshot: Timeout 30000ms exceeded.
Call log:
  - taking page screenshot

ERROR    [ğŸ“˜TEST_INFO]:reporting.py:95 âŒ TEST failed: Manager removes himself from org via **CLI**
Exception: [AssertionError] during step: Login via UI
Message: [TimeoutError] during step: Click login button
Message: Element not ready for click after 10000ms: <Locator frame=<Frame name= url='about:blank'> selector="button:text('Log in')">
Last error: Locator.wait_for: Timeout 500ms exceeded.
Call log:
  - waiting for locator("button:text('Log in')")
    - waiting for" https://console.dev.apolo.us/" navigation to finish...

INFO     [ğŸ“˜TEST_INFO]:reporting.py:98 ------------------------------------------------------------
INFO     [ğŸŒAPI_helper]:api_helper.py:54 GET https://api.dev.apolo.us/apis/admin/v1/orgs
INFO     [ğŸŒAPI_helper]:api_helper.py:175 Status: 200. Response: []
INFO     [ğŸ”§TEST CONFIG]:conftest.py:293 Cleaning up 0 organisations
INFO     [ğŸ”§TEST CONFIG]:conftest.py:334 Closing all browser sessions
INFO     [ğŸ”§TEST CONFIG]:conftest.py:349 Closed context
INFO     [ğŸ”§TEST CONFIG]:conftest.py:356 Closed browser
INFO     [ğŸ”§TEST CONFIG]:conftest.py:362 Stopped Playwright
INFO     [ğŸ”§TEST CONFIG]:conftest.py:367 Browser cleanup finished
INFO     [ğŸ”§TEST CONFIG]:conftest.py:89 Loading test configuration
INFO     [ğŸ”§TEST CONFIG]:conftest.py:398 Navigating to: https://console.dev.apolo.us/
INFO     [ğŸ”§TEST CONFIG]:conftest.py:95 Creating data manager
INFO     [ğŸ”§TEST CONFIG]:conftest.py:125 Creating users manager
INFO     [ğŸ”§TEST CONFIG]:conftest.py:111 Creating API helper
INFO     [ğŸ”§TEST CONFIG]:conftest.py:119 Creating Apolo CLI instance
INFO     [ğŸ”§TEST CONFIG]:conftest.py:207 Continue using UserData(email='regression-masnsnj82d@apolo.us', username='regression-masnsnj82d', password='kaO343cpZ%6%') as main test user...
INFO     [ğŸ‘¤UsersManager]:users_manager.py:73 Setting main user to UserData(email='regression-masnsnj82d@apolo.us', username='regression-masnsnj82d', password='kaO343cpZ%6%')
INFO     [ğŸ”§TEST CONFIG]:conftest.py:237 Continue using UserData(email='regression-qs01pid69v@apolo.us', username='regression-qs01pid69v', password='f7v%K@7knRA9') as second test user...
INFO     [ğŸ‘¤UsersManager]:users_manager.py:82 Setting second user to UserData(email='regression-qs01pid69v@apolo.us', username='regression-qs01pid69v', password='f7v%K@7knRA9')
INFO     [ğŸ”§TEST CONFIG]:conftest.py:242 Continue using UserData(email='regression-2cj8x2zfov@apolo.us', username='regression-2cj8x2zfov', password='m!Ly@W4D0HjG') as third test user...
INFO     [ğŸ‘¤UsersManager]:users_manager.py:91 Setting third user to UserData(email='regression-2cj8x2zfov@apolo.us', username='regression-2cj8x2zfov', password='m!Ly@W4D0HjG')
INFO     [ğŸ“˜TEST_INFO]:reporting.py:37 â–¶ï¸ STEP started: Verify Apolo CLI client is installed
INFO     [ğŸ–¥apolo_CLI]:apolo_runner.py:25 check CLI version. Running command via cli:

apolo --version

WARNING  [ğŸ”§TEST CONFIG]:conftest.py:446 [HTTP 200] GET https://api.dev.apolo.us/api/v1/config
Request Body (first 2000 chars):
<not available>
Response Body (first 2000 chars):
{"authorized": false, "auth_url": "https://auth.dev.apolo.us/authorize", "token_url": "https://auth.dev.apolo.us/oauth/token", "logout_url": "https://auth.dev.apolo.us/v2/logout?returnTo=https://console.dev.apolo.us", "client_id": "q3I0OzzGnTDkhRmpeJ7WWgaTCucmVxTL", "audience": "https://api.dev.apolo.us", "callback_urls": ["http://127.0.0.1:54540", "http://127.0.0.1:54541", "http://127.0.0.1:54542"], "headless_callback_url": "https://api.dev.apolo.us/oauth/show-code", "success_redirect_url": "https://api.dev.apolo.us/oauth/login"}
INFO     [ğŸ–¥apolo_CLI]:apolo_runner.py:86 check CLI version succeeded:

Apolo Platform Client 25.8.1

INFO     [ğŸ“˜TEST_INFO]:reporting.py:51 âœ… STEP completed: Verify Apolo CLI client is installed
INFO     [ğŸ“˜TEST_INFO]:reporting.py:86 ------------------------------------------------------------
INFO     [ğŸ“˜TEST_INFO]:reporting.py:87 ğŸ“ TEST started: Manager removes himself from org via **CLI**
INFO     [ğŸ“˜TEST_INFO]:reporting.py:88 ------------------------------------------------------------
INFO     [ğŸ“˜TEST_INFO]:reporting.py:37 â–¶ï¸ STEP started: Login via UI
INFO     [ğŸ“˜TEST_INFO]:reporting.py:37 â–¶ï¸ STEP started: Click login button
INFO     [ğŸ­ Playwright]:base_page.py:16 <AuthPage>: Click log in button
INFO     [ğŸ“˜TEST_INFO]:reporting.py:51 âœ… STEP completed: Click login button
INFO     [ğŸ“˜TEST_INFO]:reporting.py:225 ğŸ“¸ Screenshot captured and attached (success): /home/runner/work/apolo-test-automation/apolo-test-automation/reports/screenshots/ui_click_login_button_success_4e1a12.png
INFO     [ğŸ“˜TEST_INFO]:reporting.py:37 â–¶ï¸ STEP started: Enter email
INFO     [ğŸ­ Playwright]:base_page.py:16 <LoginPage>: Enter regression-masnsnj82d@apolo.us email
INFO     [ğŸ“˜TEST_INFO]:reporting.py:51 âœ… STEP completed: Enter email
INFO     [ğŸ“˜TEST_INFO]:reporting.py:225 ğŸ“¸ Screenshot captured and attached (success): /home/runner/work/apolo-test-automation/apolo-test-automation/reports/screenshots/ui_enter_email_success_f9f979.png
INFO     [ğŸ“˜TEST_INFO]:reporting.py:37 â–¶ï¸ STEP started: Enter password
INFO     [ğŸ­ Playwright]:base_page.py:16 <LoginPage>: Enter ********* password
INFO     [ğŸ“˜TEST_INFO]:reporting.py:51 âœ… STEP completed: Enter password
INFO     [ğŸ“˜TEST_INFO]:reporting.py:225 ğŸ“¸ Screenshot captured and attached (success): /home/runner/work/apolo-test-automation/apolo-test-automation/reports/screenshots/ui_enter_password_success_893bc6.png
INFO     [ğŸ“˜TEST_INFO]:reporting.py:37 â–¶ï¸ STEP started: Click Continue button
INFO     [ğŸ­ Playwright]:base_page.py:16 <LoginPage>: Click continue button
WARNING  [ğŸ”§TEST CONFIG]:conftest.py:446 [HTTP 200] GET https://api.dev.apolo.us/api/v1/config
Request Body (first 2000 chars):
<not available>
Response Body (first 2000 chars):
{"authorized": true, "orgs": [], "clusters": [], "projects": [], "admin_url": "https://api.dev.apolo.us/apis/admin/v1", "auth_url": "https://auth.dev.apolo.us/authorize", "token_url": "https://auth.dev.apolo.us/oauth/token", "logout_url": "https://auth.dev.apolo.us/v2/logout?returnTo=https://console.dev.apolo.us", "client_id": "q3I0OzzGnTDkhRmpeJ7WWgaTCucmVxTL", "audience": "https://api.dev.apolo.us", "callback_urls": ["http://127.0.0.1:54540", "http://127.0.0.1:54541", "http://127.0.0.1:54542"], "headless_callback_url": "https://api.dev.apolo.us/oauth/show-code", "success_redirect_url": "https://api.dev.apolo.us/oauth/login"}
WARNING  [ğŸ”§TEST CONFIG]:conftest.py:446 [HTTP 200] GET https://api.dev.apolo.us/api/v1/users/regression-masnsnj82d/permissions?uri=blob:
Request Body (first 2000 chars):
<not available>
Response Body (first 2000 chars):
[]
WARNING  [ğŸ”§TEST CONFIG]:conftest.py:446 [HTTP 200] GET https://api.dev.apolo.us/apis/admin/v1/users/regression-masnsnj82d?include=orgs
Request Body (first 2000 chars):
<not available>
Response Body (first 2000 chars):
{"name": "regression-masnsnj82d", "email": "regression-masnsnj82d@apolo.us", "first_name": null, "last_name": null, "created_at": "2025-10-22T17:41:39.017214+00:00", "terms_accepted": true, "orgs": []}
WARNING  [ğŸ”§TEST CONFIG]:conftest.py:446 [HTTP 200] GET https://api.dev.apolo.us/apis/admin/v1/invites/incoming
Request Body (first 2000 chars):
<not available>
Response Body (first 2000 chars):
[]
WARNING  [ğŸ”§TEST CONFIG]:conftest.py:446 [HTTP 200] GET https://api.dev.apolo.us/apis/admin/v1/users/regression-masnsnj82d?include=clusters&include=system_role
Request Body (first 2000 chars):
<not available>
Response Body (first 2000 chars):
{"name": "regression-masnsnj82d", "email": "regression-masnsnj82d@apolo.us", "first_name": null, "last_name": null, "created_at": "2025-10-22T17:41:39.017214+00:00", "terms_accepted": true, "clusters": []}
INFO     [ğŸ­ Playwright]:base_page.py:16 <LoginPage>: Waiting for spinner
INFO     [ğŸ­ Playwright]:base_page.py:16 <LoginPage>: Timeout error for spinner
INFO     [ğŸ“˜TEST_INFO]:reporting.py:51 âœ… STEP completed: Click Continue button
INFO     [ğŸ“˜TEST_INFO]:reporting.py:225 ğŸ“¸ Screenshot captured and attached (success): /home/runner/work/apolo-test-automation/apolo-test-automation/reports/screenshots/ui_click_continue_button_success_bbd1af.png
INFO     [ğŸ“˜TEST_INFO]:reporting.py:37 â–¶ï¸ STEP started: Verify that Welcome new user page displayed
INFO     [ğŸ­ Playwright]:base_page.py:16 <WelcomeNewUserPage>: Check if page loaded
INFO     [ğŸ“˜TEST_INFO]:reporting.py:51 âœ… STEP completed: Verify that Welcome new user page displayed
INFO     [ğŸ“˜TEST_INFO]:reporting.py:225 ğŸ“¸ Screenshot captured and attached (success): /home/runner/work/apolo-test-automation/apolo-test-automation/reports/screenshots/verify_ui_page_displayed_success_5714bf.png
INFO     [ğŸ“˜TEST_INFO]:reporting.py:51 âœ… STEP completed: Login via UI
INFO     [ğŸ“˜TEST_INFO]:reporting.py:225 ğŸ“¸ Screenshot captured and attached (success): /home/runner/work/apolo-test-automation/apolo-test-automation/reports/screenshots/ui_login_success_a9f15f.png
INFO     [ğŸ“˜TEST_INFO]:reporting.py:37 â–¶ï¸ STEP started: Add organization via API and reload page
INFO     [ğŸ”§DATA MANAGER]:test_data.py:56 Added organization: org_name=regression-org-ktpigjmjzm1e, gherkin_name=My-organization
INFO     [ğŸŒAPI_helper]:api_helper.py:86 POST https://api.dev.apolo.us/apis/admin/v1/orgs?skip_auto_add_to_clusters=false with data: {'name': 'regression-org-ktpigjmjzm1e'}
INFO     [ğŸŒAPI_helper]:api_helper.py:214 Add org regression-org-ktpigjmjzm1e response: {'name': 'regression-org-ktpigjmjzm1e', 'balance': {'credits': '500', 'spent_credits': '0'}, 'user_default_credits': None, 'notification_intervals': {'balance_projection_seconds': [604800, 259200, 86400], 'balance_amount': [0], 'balance_depletion_seconds': [86400, 604800]}}
INFO     [ğŸ“˜TEST_INFO]:reporting.py:37 â–¶ï¸ STEP started: Reload page
INFO     [ğŸ“˜TEST_INFO]:reporting.py:37 â–¶ï¸ STEP started: Reload page
INFO     [ğŸ­ Playwright]:base_page.py:16 <MainPage>: Waiting for spinner
WARNING  [ğŸ”§TEST CONFIG]:conftest.py:446 [HTTP 200] GET https://api.dev.apolo.us/api/v1/config
Request Body (first 2000 chars):
<not available>
Response Body (first 2000 chars):
{"authorized": true, "orgs": [{"name": "regression-org-ktpigjmjzm1e", "role": "admin"}], "clusters": [{"name": "default", "registry_url": "https://registry.api.dev.apolo.us", "storage_url": "https://api.dev.apolo.us/api/v1/storage", "monitoring_url": "https://monitoring.api.dev.apolo.us/api/v1/jobs", "secrets_url": "https://api.dev.apolo.us/api/v1/secrets", "metrics_url": "https://grafana.dev.apolo.us", "disks_url": "https://api.dev.apolo.us/api/v1/disk", "buckets_url": "https://api.dev.apolo.us/api/v1/buckets", "resource_pool_types": [{"name": "a2-highgpu-1g", "min_size": 0, "max_size": 10, "cpu": 12.0, "available_cpu": 11.101, "memory": 89629032448, "available_memory": 80898240256, "disk_size": 523982073856, "available_disk_size": 364209683290, "nvidia_gpu": {"count": 1, "model": "NVIDIA-A100-SXM4-40GB", "memory": 42949672960}}, {"name": "a2-highgpu-2g", "min_size": 0, "max_size": 3, "cpu": 24.0, "available_cpu": 23.73, "memory": 179367243776, "available_memory": 168094003200, "disk_size": 523982073856, "available_disk_size": 364209683290, "nvidia_gpu": {"count": 1, "model": "NVIDIA-A100-SXM4-40GB", "memory": 42949672960}}, {"name": "a3-highgpu-1g", "min_size": 0, "max_size": 1, "cpu": 26.0, "available_cpu": 25, "memory": 234000000000, "available_memory": 210600000000, "disk_size": 750000000000, "available_disk_size": 750000000000, "nvidia_gpu": {"count": 1, "model": "NVIDIA-A100-SXM4-80GB", "memory": 85899345920}}, {"name": "default", "min_size": 1, "max_size": 10, "cpu": 4.0, "available_cpu": 3.021, "memory": 16776040448, "available_memory": 12439842560, "disk_size": 101203873792, "available_disk_size": 47060071478}, {"name": "g2-standard-4", "min_size": 0, "max_size": 10, "cpu": 4.0, "available_cpu": 3.121, "memory": 16776052736, "available_memory": 12490174208, "disk_size": 312594247680, "available_disk_size": 173960640047, "nvidia_gpu": {"count": 1, "model": "NVIDIA-L4", "memory": 24152899584}}], "resource_presets": [{"name": "cpu-micro", "credits_per_hour": 
WARNING  [ğŸ”§TEST CONFIG]:conftest.py:446 [HTTP 200] GET https://api.dev.apolo.us/api/v1/users/regression-masnsnj82d/permissions?uri=blob:
Request Body (first 2000 chars):
<not available>
Response Body (first 2000 chars):
[{"uri": "blob://default/regression-org-ktpigjmjzm1e", "action": "manage"}]
INFO     [ğŸ­ Playwright]:base_page.py:16 <MainPage>: Waiting for spinner to disappear
WARNING  [ğŸ”§TEST CONFIG]:conftest.py:446 [HTTP 200] GET https://api.dev.apolo.us/apis/admin/v1/users/regression-masnsnj82d?include=clusters&include=system_role
Request Body (first 2000 chars):
<not available>
Response Body (first 2000 chars):
{"name": "regression-masnsnj82d", "email": "regression-masnsnj82d@apolo.us", "first_name": null, "last_name": null, "created_at": "2025-10-22T17:41:39.017214+00:00", "terms_accepted": true, "clusters": [{"cluster_name": "default", "role": "admin", "org_name": "regression-org-ktpigjmjzm1e", "balance": {"spent_credits": "0"}}]}
WARNING  [ğŸ”§TEST CONFIG]:conftest.py:446 [HTTP 200] GET https://api.dev.apolo.us/apis/admin/v1/invites/incoming
Request Body (first 2000 chars):
<not available>
Response Body (first 2000 chars):
[]
WARNING  [ğŸ”§TEST CONFIG]:conftest.py:446 [HTTP 200] GET https://api.dev.apolo.us/apis/admin/v1/users/regression-masnsnj82d?include=orgs
Request Body (first 2000 chars):
<not available>
Response Body (first 2000 chars):
{"name": "regression-masnsnj82d", "email": "regression-masnsnj82d@apolo.us", "first_name": null, "last_name": null, "created_at": "2025-10-22T17:41:39.017214+00:00", "terms_accepted": true, "orgs": [{"org_name": "regression-org-ktpigjmjzm1e", "role": "admin", "balance": {"spent_credits": "0"}}]}
WARNING  [ğŸ”§TEST CONFIG]:conftest.py:446 [HTTP 200] GET https://api.dev.apolo.us/apis/admin/v1/orgs/regression-org-ktpigjmjzm1e
Request Body (first 2000 chars):
<not available>
Response Body (first 2000 chars):
{"name": "regression-org-ktpigjmjzm1e", "balance": {"credits": "500", "spent_credits": "0"}, "user_default_credits": null, "notification_intervals": {"balance_projection_seconds": [604800, 259200, 86400], "balance_amount": [0], "balance_depletion_seconds": [86400, 604800]}}
WARNING  [ğŸ”§TEST CONFIG]:conftest.py:446 [HTTP 200] GET https://api.dev.apolo.us/apis/apps/v2/templates/tags
Request Body (first 2000 chars):
<not available>
Response Body (first 2000 chars):
["AI","Agent","Apache","Apolo","Apolo Files","BI","Big data","Bundle","Business Intelligence","CLI","Chat","Container","Container registry","Data","Data processing","DeepSeek","Development","Diffusion","Dify","DockerHub","Document Processing","EDA","ELT","ETL","Easy Deploy","Embeddings","GPT","GptOSS","Graph","Hugging Face","IDE","Image generation","Inference","Jupyter","Knowledge Graph","LLM","LLMops","LLaMA","LightRAG","MLOps","Meta","Mistral","NLP","Notebooks","OpenAI","PostgreSQL","Postgres","RAG","RDBMS","Shell","Spark","Stable Diffusion","Storage","Superset","Text","VSCode","Vector Search","Vector search","Vector store","Visualization","Weaviate","experiment tracking","mlflow","model registry","vLLM"]
INFO     [ğŸ“˜TEST_INFO]:reporting.py:51 âœ… STEP completed: Reload page
INFO     [ğŸ“˜TEST_INFO]:reporting.py:225 ğŸ“¸ Screenshot captured and attached (success): /home/runner/work/apolo-test-automation/apolo-test-automation/reports/screenshots/ui_reload_page_success_e9d770.png
INFO     [ğŸ“˜TEST_INFO]:reporting.py:51 âœ… STEP completed: Reload page
INFO     [ğŸ“˜TEST_INFO]:reporting.py:225 ğŸ“¸ Screenshot captured and attached (success): /home/runner/work/apolo-test-automation/apolo-test-automation/reports/screenshots/ui_reload_page_success_42735e.png
INFO     [ğŸ“˜TEST_INFO]:reporting.py:51 âœ… STEP completed: Add organization via API and reload page
INFO     [ğŸ“˜TEST_INFO]:reporting.py:225 ğŸ“¸ Screenshot captured and attached (success): /home/runner/work/apolo-test-automation/apolo-test-automation/reports/screenshots/ui_add_org_api_success_5c743b.png
INFO     [ğŸ”§TEST CONFIG]:conftest.py:398 Navigating to: https://console.dev.apolo.us/
INFO     [ğŸ“˜TEST_INFO]:reporting.py:37 â–¶ï¸ STEP started: <<User2>> :: Get second user
INFO     [ğŸ“˜TEST_INFO]:reporting.py:51 âœ… STEP completed: <<User2>> :: Get second user
INFO     [ğŸ“˜TEST_INFO]:reporting.py:225 ğŸ“¸ Screenshot captured and attached (success): /home/runner/work/apolo-test-automation/apolo-test-automation/reports/screenshots/ui_get_second_user_success_fe4942.png
INFO     [ğŸ“˜TEST_INFO]:reporting.py:37 â–¶ï¸ STEP started: <<User2>> :: Login via UI
INFO     [ğŸ“˜TEST_INFO]:reporting.py:37 â–¶ï¸ STEP started: <<User2>> :: Click login button
INFO     [ğŸ­ Playwright]:base_page.py:16 <AuthPage>: Click log in button
WARNING  [ğŸ”§TEST CONFIG]:conftest.py:446 [HTTP 200] GET https://api.dev.apolo.us/api/v1/config
Request Body (first 2000 chars):
<not available>
Response Body (first 2000 chars):
{"authorized": false, "auth_url": "https://auth.dev.apolo.us/authorize", "token_url": "https://auth.dev.apolo.us/oauth/token", "logout_url": "https://auth.dev.apolo.us/v2/logout?returnTo=https://console.dev.apolo.us", "client_id": "q3I0OzzGnTDkhRmpeJ7WWgaTCucmVxTL", "audience": "https://api.dev.apolo.us", "callback_urls": ["http://127.0.0.1:54540", "http://127.0.0.1:54541", "http://127.0.0.1:54542"], "headless_callback_url": "https://api.dev.apolo.us/oauth/show-code", "success_redirect_url": "https://api.dev.apolo.us/oauth/login"}
INFO     [ğŸ“˜TEST_INFO]:reporting.py:51 âœ… STEP completed: <<User2>> :: Click login button
INFO     [ğŸ“˜TEST_INFO]:reporting.py:225 ğŸ“¸ Screenshot captured and attached (success): /home/runner/work/apolo-test-automation/apolo-test-automation/reports/screenshots/ui_click_login_button_success_fdb548.png
INFO     [ğŸ“˜TEST_INFO]:reporting.py:37 â–¶ï¸ STEP started: <<User2>> :: Enter email
INFO     [ğŸ­ Playwright]:base_page.py:16 <LoginPage>: Enter regression-qs01pid69v@apolo.us email
INFO     [ğŸ“˜TEST_INFO]:reporting.py:51 âœ… STEP completed: <<User2>> :: Enter email
INFO     [ğŸ“˜TEST_INFO]:reporting.py:225 ğŸ“¸ Screenshot captured and attached (success): /home/runner/work/apolo-test-automation/apolo-test-automation/reports/screenshots/ui_enter_email_success_7e1fb4.png
INFO     [ğŸ“˜TEST_INFO]:reporting.py:37 â–¶ï¸ STEP started: <<User2>> :: Enter password
INFO     [ğŸ­ Playwright]:base_page.py:16 <LoginPage>: Enter ********* password
INFO     [ğŸ“˜TEST_INFO]:reporting.py:51 âœ… STEP completed: <<User2>> :: Enter password
INFO     [ğŸ“˜TEST_INFO]:reporting.py:225 ğŸ“¸ Screenshot captured and attached (success): /home/runner/work/apolo-test-automation/apolo-test-automation/reports/screenshots/ui_enter_password_success_23cf59.png
INFO     [ğŸ“˜TEST_INFO]:reporting.py:37 â–¶ï¸ STEP started: <<User2>> :: Click Continue button
INFO     [ğŸ­ Playwright]:base_page.py:16 <LoginPage>: Click continue button
WARNING  [ğŸ”§TEST CONFIG]:conftest.py:446 [HTTP 200] GET https://api.dev.apolo.us/api/v1/config
Request Body (first 2000 chars):
<not available>
Response Body (first 2000 chars):
{"authorized": true, "orgs": [], "clusters": [], "projects": [], "admin_url": "https://api.dev.apolo.us/apis/admin/v1", "auth_url": "https://auth.dev.apolo.us/authorize", "token_url": "https://auth.dev.apolo.us/oauth/token", "logout_url": "https://auth.dev.apolo.us/v2/logout?returnTo=https://console.dev.apolo.us", "client_id": "q3I0OzzGnTDkhRmpeJ7WWgaTCucmVxTL", "audience": "https://api.dev.apolo.us", "callback_urls": ["http://127.0.0.1:54540", "http://127.0.0.1:54541", "http://127.0.0.1:54542"], "headless_callback_url": "https://api.dev.apolo.us/oauth/show-code", "success_redirect_url": "https://api.dev.apolo.us/oauth/login"}
WARNING  [ğŸ”§TEST CONFIG]:conftest.py:446 [HTTP 200] GET https://api.dev.apolo.us/api/v1/users/regression-qs01pid69v/permissions?uri=blob:
Request Body (first 2000 chars):
<not available>
Response Body (first 2000 chars):
[]
WARNING  [ğŸ”§TEST CONFIG]:conftest.py:446 [HTTP 200] GET https://api.dev.apolo.us/apis/admin/v1/invites/incoming
Request Body (first 2000 chars):
<not available>
Response Body (first 2000 chars):
[]
WARNING  [ğŸ”§TEST CONFIG]:conftest.py:446 [HTTP 200] GET https://api.dev.apolo.us/apis/admin/v1/users/regression-qs01pid69v?include=orgs
Request Body (first 2000 chars):
<not available>
Response Body (first 2000 chars):
{"name": "regression-qs01pid69v", "email": "regression-qs01pid69v@apolo.us", "first_name": null, "last_name": null, "created_at": "2025-10-22T17:42:11.072228+00:00", "terms_accepted": true, "orgs": []}
WARNING  [ğŸ”§TEST CONFIG]:conftest.py:446 [HTTP 200] GET https://api.dev.apolo.us/apis/admin/v1/users/regression-qs01pid69v?include=clusters&include=system_role
Request Body (first 2000 chars):
<not available>
Response Body (first 2000 chars):
{"name": "regression-qs01pid69v", "email": "regression-qs01pid69v@apolo.us", "first_name": null, "last_name": null, "created_at": "2025-10-22T17:42:11.072228+00:00", "terms_accepted": true, "clusters": []}
INFO     [ğŸ­ Playwright]:base_page.py:16 <LoginPage>: Waiting for spinner
INFO     [ğŸ­ Playwright]:base_page.py:16 <LoginPage>: Timeout error for spinner
INFO     [ğŸ“˜TEST_INFO]:reporting.py:51 âœ… STEP completed: <<User2>> :: Click Continue button
INFO     [ğŸ“˜TEST_INFO]:reporting.py:225 ğŸ“¸ Screenshot captured and attached (success): /home/runner/work/apolo-test-automation/apolo-test-automation/reports/screenshots/ui_click_continue_button_success_6b5071.png
INFO     [ğŸ“˜TEST_INFO]:reporting.py:37 â–¶ï¸ STEP started: <<User2>> :: Verify that Welcome new user page displayed
INFO     [ğŸ­ Playwright]:base_page.py:16 <WelcomeNewUserPage>: Check if page loaded
INFO     [ğŸ“˜TEST_INFO]:reporting.py:51 âœ… STEP completed: <<User2>> :: Verify that Welcome new user page displayed
INFO     [ğŸ“˜TEST_INFO]:reporting.py:225 ğŸ“¸ Screenshot captured and attached (success): /home/runner/work/apolo-test-automation/apolo-test-automation/reports/screenshots/verify_ui_page_displayed_success_a9b1b5.png
INFO     [ğŸ“˜TEST_INFO]:reporting.py:51 âœ… STEP completed: <<User2>> :: Login via UI
INFO     [ğŸ“˜TEST_INFO]:reporting.py:225 ğŸ“¸ Screenshot captured and attached (success): /home/runner/work/apolo-test-automation/apolo-test-automation/reports/screenshots/ui_login_success_f3b7a9.png
INFO     [ğŸ“˜TEST_INFO]:reporting.py:37 â–¶ï¸ STEP started: Login to apolo CLI with access token
INFO     [ğŸ–¥apolo_CLI]:apolo_runner.py:25 login-with-token. Running command via cli:

apolo config login-with-token eyJhbGciOiJSUzI1NiIsInR5cCI6IkpXVCIsImtpZCI6IjhyNXZCR0E4ZXNuc1IzbXJ0NUFSViJ9.eyJodHRwczovL3BsYXRmb3JtLm5ldXJvbWF0aW9uLmlvL3VzZXIiOiJyZWdyZXNzaW9uLW1hc25zbmo4MmQiLCJodHRwczovL3BsYXRmb3JtLm5ldXJvbWF0aW9uLmlvL2xvZ2luX3JlZGlyZWN0X3VybCI6Imh0dHBzOi8vY29uc29sZS5kZXYuYXBvbG8udXMiLCJodHRwczovL3BsYXRmb3JtLmFwb2xvLnVzL29yaWdpbiI6Imh0dHBzOi8vY29uc29sZS5kZXYuYXBvbG8udXMiLCJpc3MiOiJodHRwczovL2F1dGguZGV2LmFwb2xvLnVzLyIsInN1YiI6ImF1dGgwfDY4ZjkxNzQ5ZDI1YTMyN2MyMmI0ZDU5MyIsImF1ZCI6WyJodHRwczovL2FwaS5kZXYuYXBvbG8udXMiLCJodHRwczovL2Rldi1hcG9sby11cy51cy5hdXRoMC5jb20vdXNlcmluZm8iXSwiaWF0IjoxNzYxMTY1NjIxLCJleHAiOjE3NjEyNTIwMjEsInNjb3BlIjoib3BlbmlkIHByb2ZpbGUgZW1haWwiLCJhenAiOiJxM0kwT3p6R25URGtoUm1wZUo3V1dnYVRDdWNtVnhUTCJ9.fvtlwU5x822E7qQOPbO6ptIL7pVU-OMtrTe95U9EkDZUVH2gPFFREvt_UqnGRw6U45mmsbvfyuVkXkU71HG9t3lA2aB5ICwUnnoTkxFf4A4czCKvodgchinQBhmMztDlkVu9HtkKntTUP517TucZ2nuPjPs5LtNWAW5kuO1RGq5pA_f192fFeUAIYisG314GygoHTrLUYsqJpG4sKXyBfCoJ7rLFUbJzLD4GYGIyUUw0A3D1FfIFC6qES702eyADTACK0InXUGTb-dmWOGtgkVy_yhXI-5JrcZfKUMOMLJ5dDbjhrCeQnv58k1hXSgdrjlDnzflymFxKKqLQ3VU5jA https://api.dev.apolo.us/api/v1

INFO     [ğŸ–¥apolo_CLI]:apolo_runner.py:86 login-with-token succeeded:

You were successfully logged out.
Logged into https://api.dev.apolo.us/api/v1 as regression-masnsnj82d, current cluster is default, org is regression-org-ktpigjmjzm1e project is None
Read the docs at https://docs.apolo.us or run `apolo --help` to see the reference

INFO     [ğŸ“˜TEST_INFO]:reporting.py:51 âœ… STEP completed: Login to apolo CLI with access token
INFO     [ğŸ“˜TEST_INFO]:reporting.py:37 â–¶ï¸ STEP started: Add user to organization via CLI
INFO     [ğŸ–¥apolo_CLI]:apolo_runner.py:25 add user regression-qs01pid69v to organization regression-org-ktpigjmjzm1e as manager. Running command via cli:

apolo admin add-org-user regression-org-ktpigjmjzm1e regression-qs01pid69v manager

INFO     [ğŸ–¥apolo_CLI]:apolo_runner.py:86 add user regression-qs01pid69v to organization regression-org-ktpigjmjzm1e as manager succeeded:

Added regression-qs01pid69v to org regression-org-ktpigjmjzm1e as manager
Credits: unlimited
Credits spent: 0.00

INFO     [ğŸ“˜TEST_INFO]:reporting.py:51 âœ… STEP completed: Add user to organization via CLI
INFO     [ğŸ“˜TEST_INFO]:reporting.py:37 â–¶ï¸ STEP started: Get organization users via CLI
INFO     [ğŸ–¥apolo_CLI]:apolo_runner.py:25 get org users. Running command via cli:

apolo admin get-org-users regression-org-ktpigjmjzm1e

INFO     [ğŸ–¥apolo_CLI]:apolo_runner.py:86 get org users succeeded:

â•·         â•·                                â•·           â•·                                  â•·           â•·                
  Name                  â”‚ Role    â”‚ Email                          â”‚ Full name â”‚ Registered                       â”‚ Credits   â”‚ Spent credits  
â•ºâ”â”â”â”â”â”â”â”â”â”â”â”â”â”â”â”â”â”â”â”â”â”â”â”¿â”â”â”â”â”â”â”â”â”â”¿â”â”â”â”â”â”â”â”â”â”â”â”â”â”â”â”â”â”â”â”â”â”â”â”â”â”â”â”â”â”â”â”â”¿â”â”â”â”â”â”â”â”â”â”â”â”¿â”â”â”â”â”â”â”â”â”â”â”â”â”â”â”â”â”â”â”â”â”â”â”â”â”â”â”â”â”â”â”â”â”â”â”¿â”â”â”â”â”â”â”â”â”â”â”â”¿â”â”â”â”â”â”â”â”â”â”â”â”â”â”â”â•¸
  regression-masnsnj82d â”‚ admin   â”‚ regression-masnsnj82d@apolo.us â”‚           â”‚ 2025-10-22T17:41:39.017214+00:00 â”‚ unlimited â”‚ 0.00           
  regression-qs01pid69v â”‚ manager â”‚ regression-qs01pid69v@apolo.us â”‚           â”‚ 2025-10-22T17:42:11.072228+00:00 â”‚ unlimited â”‚ 0.00           
                        â•µ         â•µ                                â•µ           â•µ                                  â•µ           â•µ

INFO     [ğŸ“˜TEST_INFO]:reporting.py:51 âœ… STEP completed: Get organization users via CLI
INFO     [ğŸ“˜TEST_INFO]:reporting.py:37 â–¶ï¸ STEP started: Verify user is present in get-org-users command output
INFO     [ğŸ–¥apolo_CLI]:apolo_admin.py:385 âœ… User 'regression-qs01pid69v' fields match: role='Manager', email='regression-qs01pid69v@apolo.us', credits='unlimited'
INFO     [ğŸ“˜TEST_INFO]:reporting.py:51 âœ… STEP completed: Verify user is present in get-org-users command output
INFO     [ğŸ“˜TEST_INFO]:reporting.py:37 â–¶ï¸ STEP started: Login to apolo CLI with access token
INFO     [ğŸ–¥apolo_CLI]:apolo_runner.py:25 login-with-token. Running command via cli:

apolo config login-with-token eyJhbGciOiJSUzI1NiIsInR5cCI6IkpXVCIsImtpZCI6IjhyNXZCR0E4ZXNuc1IzbXJ0NUFSViJ9.eyJodHRwczovL3BsYXRmb3JtLm5ldXJvbWF0aW9uLmlvL3VzZXIiOiJyZWdyZXNzaW9uLXFzMDFwaWQ2OXYiLCJodHRwczovL3BsYXRmb3JtLm5ldXJvbWF0aW9uLmlvL2xvZ2luX3JlZGlyZWN0X3VybCI6Imh0dHBzOi8vY29uc29sZS5kZXYuYXBvbG8udXMiLCJodHRwczovL3BsYXRmb3JtLmFwb2xvLnVzL29yaWdpbiI6Imh0dHBzOi8vY29uc29sZS5kZXYuYXBvbG8udXMiLCJpc3MiOiJodHRwczovL2F1dGguZGV2LmFwb2xvLnVzLyIsInN1YiI6ImF1dGgwfDY4ZjkxNzY5OTcwM2EyM2NjNGY4MTc4OCIsImF1ZCI6WyJodHRwczovL2FwaS5kZXYuYXBvbG8udXMiLCJodHRwczovL2Rldi1hcG9sby11cy51cy5hdXRoMC5jb20vdXNlcmluZm8iXSwiaWF0IjoxNzYxMTY1NjQ2LCJleHAiOjE3NjEyNTIwNDYsInNjb3BlIjoib3BlbmlkIHByb2ZpbGUgZW1haWwiLCJhenAiOiJxM0kwT3p6R25URGtoUm1wZUo3V1dnYVRDdWNtVnhUTCJ9.lXHXL48tAOs7VsmjL6EcPOgz2AJTc-LzNVcwF1M5xA9GGMwyjUD3Wd1CaFgNvXHqdefZpC63TV7y1XYmPumXz5fdii9VZ7GZGYGH8vqwHjzTAiqo3sAumUp5hHHq39_lvkMFAl9thfDXpDVV6ac7OzYDTY7PeuSvtl1RHFGfMZClii-4aQnGaMZHSSFfIyp8WmKLW7G8Xq6V8aUSmuAwJQldrq7whUhdNYeskUKK2oSWt9oCeXbve0HEOmjveyY27H1eVO2rMQqROkx_0bzhPAWv2zl4KN1VKqD0XtLuz79qHUvZ1oTtF8U8RO5g_R8iMM7qSStvlLTNkL_qpQIlaQ https://api.dev.apolo.us/api/v1

INFO     [ğŸ–¥apolo_CLI]:apolo_runner.py:86 login-with-token succeeded:

You were successfully logged out.
Logged into https://api.dev.apolo.us/api/v1 as regression-qs01pid69v, current cluster is default, org is regression-org-ktpigjmjzm1e project is None
Read the docs at https://docs.apolo.us or run `apolo --help` to see the reference

INFO     [ğŸ“˜TEST_INFO]:reporting.py:51 âœ… STEP completed: Login to apolo CLI with access token
INFO     [ğŸ“˜TEST_INFO]:reporting.py:37 â–¶ï¸ STEP started: Remove user from organization via CLI
INFO     [ğŸ–¥apolo_CLI]:apolo_runner.py:25 remove user regression-qs01pid69v from regression-org-ktpigjmjzm1e. Running command via cli:

apolo admin remove-org-user regression-org-ktpigjmjzm1e regression-qs01pid69v

ERROR    [ğŸ–¥apolo_CLI]:apolo_runner.py:82 remove user regression-qs01pid69v from regression-org-ktpigjmjzm1e failed:

ERROR: Illegal argument(s) (Org users cannot remove themselves)


INFO     [ğŸ“˜TEST_INFO]:reporting.py:51 âœ… STEP completed: Remove user from organization via CLI
INFO     [ğŸ“˜TEST_INFO]:reporting.py:37 â–¶ï¸ STEP started: Get organization users via CLI
INFO     [ğŸ–¥apolo_CLI]:apolo_runner.py:25 get org users. Running command via cli:

apolo admin get-org-users regression-org-ktpigjmjzm1e

INFO     [ğŸ–¥apolo_CLI]:apolo_runner.py:86 get org users succeeded:

â•·         â•·                                â•·           â•·                                  â•·           â•·                
  Name                  â”‚ Role    â”‚ Email                          â”‚ Full name â”‚ Registered                       â”‚ Credits   â”‚ Spent credits  
â•ºâ”â”â”â”â”â”â”â”â”â”â”â”â”â”â”â”â”â”â”â”â”â”â”â”¿â”â”â”â”â”â”â”â”â”â”¿â”â”â”â”â”â”â”â”â”â”â”â”â”â”â”â”â”â”â”â”â”â”â”â”â”â”â”â”â”â”â”â”â”¿â”â”â”â”â”â”â”â”â”â”â”â”¿â”â”â”â”â”â”â”â”â”â”â”â”â”â”â”â”â”â”â”â”â”â”â”â”â”â”â”â”â”â”â”â”â”â”â”¿â”â”â”â”â”â”â”â”â”â”â”â”¿â”â”â”â”â”â”â”â”â”â”â”â”â”â”â”â•¸
  regression-masnsnj82d â”‚ admin   â”‚ regression-masnsnj82d@apolo.us â”‚           â”‚ 2025-10-22T17:41:39.017214+00:00 â”‚ unlimited â”‚ 0.00           
  regression-qs01pid69v â”‚ manager â”‚ regression-qs01pid69v@apolo.us â”‚           â”‚ 2025-10-22T17:42:11.072228+00:00 â”‚ unlimited â”‚ 0.00           
                        â•µ         â•µ                                â•µ           â•µ                                  â•µ           â•µ

INFO     [ğŸ“˜TEST_INFO]:reporting.py:51 âœ… STEP completed: Get organization users via CLI
INFO     [ğŸ“˜TEST_INFO]:reporting.py:37 â–¶ï¸ STEP started: Verify user is present in get-org-users command output
INFO     [ğŸ–¥apolo_CLI]:apolo_admin.py:385 âœ… User 'regression-qs01pid69v' fields match: role='Manager', email='regression-qs01pid69v@apolo.us', credits='unlimited'
INFO     [ğŸ“˜TEST_INFO]:reporting.py:51 âœ… STEP completed: Verify user is present in get-org-users command output
INFO     [ğŸ“˜TEST_INFO]:reporting.py:37 â–¶ï¸ STEP started: Login to apolo CLI with access token
INFO     [ğŸ–¥apolo_CLI]:apolo_runner.py:25 login-with-token. Running command via cli:

apolo config login-with-token eyJhbGciOiJSUzI1NiIsInR5cCI6IkpXVCIsImtpZCI6IjhyNXZCR0E4ZXNuc1IzbXJ0NUFSViJ9.eyJodHRwczovL3BsYXRmb3JtLm5ldXJvbWF0aW9uLmlvL3VzZXIiOiJyZWdyZXNzaW9uLXFzMDFwaWQ2OXYiLCJodHRwczovL3BsYXRmb3JtLm5ldXJvbWF0aW9uLmlvL2xvZ2luX3JlZGlyZWN0X3VybCI6Imh0dHBzOi8vY29uc29sZS5kZXYuYXBvbG8udXMiLCJodHRwczovL3BsYXRmb3JtLmFwb2xvLnVzL29yaWdpbiI6Imh0dHBzOi8vY29uc29sZS5kZXYuYXBvbG8udXMiLCJpc3MiOiJodHRwczovL2F1dGguZGV2LmFwb2xvLnVzLyIsInN1YiI6ImF1dGgwfDY4ZjkxNzY5OTcwM2EyM2NjNGY4MTc4OCIsImF1ZCI6WyJodHRwczovL2FwaS5kZXYuYXBvbG8udXMiLCJodHRwczovL2Rldi1hcG9sby11cy51cy5hdXRoMC5jb20vdXNlcmluZm8iXSwiaWF0IjoxNzYxMTY1NjQ2LCJleHAiOjE3NjEyNTIwNDYsInNjb3BlIjoib3BlbmlkIHByb2ZpbGUgZW1haWwiLCJhenAiOiJxM0kwT3p6R25URGtoUm1wZUo3V1dnYVRDdWNtVnhUTCJ9.lXHXL48tAOs7VsmjL6EcPOgz2AJTc-LzNVcwF1M5xA9GGMwyjUD3Wd1CaFgNvXHqdefZpC63TV7y1XYmPumXz5fdii9VZ7GZGYGH8vqwHjzTAiqo3sAumUp5hHHq39_lvkMFAl9thfDXpDVV6ac7OzYDTY7PeuSvtl1RHFGfMZClii-4aQnGaMZHSSFfIyp8WmKLW7G8Xq6V8aUSmuAwJQldrq7whUhdNYeskUKK2oSWt9oCeXbve0HEOmjveyY27H1eVO2rMQqROkx_0bzhPAWv2zl4KN1VKqD0XtLuz79qHUvZ1oTtF8U8RO5g_R8iMM7qSStvlLTNkL_qpQIlaQ https://api.dev.apolo.us/api/v1

INFO     [ğŸ–¥apolo_CLI]:apolo_runner.py:86 login-with-token succeeded:

You were successfully logged out.
Logged into https://api.dev.apolo.us/api/v1 as regression-qs01pid69v, current cluster is default, org is regression-org-ktpigjmjzm1e project is None
Read the docs at https://docs.apolo.us or run `apolo --help` to see the reference

INFO     [ğŸ“˜TEST_INFO]:reporting.py:51 âœ… STEP completed: Login to apolo CLI with access token
INFO     [ğŸ“˜TEST_INFO]:reporting.py:37 â–¶ï¸ STEP started: Verify CLI login output
INFO     [ğŸ–¥apolo_CLI]:apolo_config.py:195 âœ… Login verification passed for user 'regression-qs01pid69v' with org 'regression-org-ktpigjmjzm1e' and project 'None'
INFO     [ğŸ“˜TEST_INFO]:reporting.py:51 âœ… STEP completed: Verify CLI login output
INFO     [ğŸ“˜TEST_INFO]:reporting.py:92 âœ… TEST completed: Manager removes himself from org via **CLI**
INFO     [ğŸ“˜TEST_INFO]:reporting.py:98 ------------------------------------------------------------
INFO     [ğŸŒAPI_helper]:api_helper.py:54 GET https://api.dev.apolo.us/apis/admin/v1/orgs
INFO     [ğŸŒAPI_helper]:api_helper.py:175 Status: 200. Response: [{'name': 'regression-org-ktpigjmjzm1e', 'balance': {'credits': '500', 'spent_credits': '0'}, 'user_default_credits': None, 'notification_intervals': {'balance_projection_seconds': [604800, 259200, 86400], 'balance_amount': [0], 'balance_depletion_seconds': [86400, 604800]}}]
INFO     [ğŸ”§TEST CONFIG]:conftest.py:293 Cleaning up 1 organisations
INFO     [ğŸŒAPI_helper]:api_helper.py:54 GET https://api.dev.apolo.us/apis/admin/v1/clusters/default/orgs/regression-org-ktpigjmjzm1e/projects
INFO     [ğŸŒAPI_helper]:api_helper.py:182 Status: 200. Response: []
INFO     [ğŸ”§TEST CONFIG]:conftest.py:310 Cleaning up 0 projects
INFO     [ğŸŒAPI_helper]:api_helper.py:189 Delete organization response: <ClientResponse(https://api.dev.apolo.us/apis/admin/v1/orgs/regression-org-ktpigjmjzm1e) [200 OK]>
<CIMultiDictProxy('Access-Control-Allow-Credentials': 'true', 'Content-Length': '274', 'Content-Type': 'application/json; charset=utf-8', 'Date': 'Wed, 22 Oct 2025 20:41:05 GMT', 'Server': 'Python/3.13 aiohttp/3.12.15', 'Vary': 'Origin', 'x-service-version': 'platform-admin/0.0.0.post1.dev0+4cdab15', 'Via': '1.1 google', 'Alt-Svc': 'h3=":443"; ma=2592000,h3-29=":443"; ma=2592000')>

INFO     [ğŸ”§TEST CONFIG]:conftest.py:329 Deleted organisation: regression-org-ktpigjmjzm1e
INFO     [ğŸ”§TEST CONFIG]:conftest.py:334 Closing all browser sessions
INFO     [ğŸ”§TEST CONFIG]:conftest.py:349 Closed context
INFO     [ğŸ”§TEST CONFIG]:conftest.py:356 Closed browser
INFO     [ğŸ”§TEST CONFIG]:conftest.py:362 Stopped Playwright
INFO     [ğŸ”§TEST CONFIG]:conftest.py:349 Closed context
INFO     [ğŸ”§TEST CONFIG]:conftest.py:356 Closed browser
INFO     [ğŸ”§TEST CONFIG]:conftest.py:362 Stopped Playwright
INFO     [ğŸ”§TEST CONFIG]:conftest.py:367 Browser cleanup finished