INFO     [ğŸ”§TEST CONFIG]:conftest.py:82 Loading test configuration
INFO     [ğŸ”§TEST CONFIG]:conftest.py:273 Starting browser in a headless mode...
INFO     [ğŸ”§TEST CONFIG]:conftest.py:286 Initializing new browser context
INFO     [ğŸ”§TEST CONFIG]:conftest.py:294 Navigating to: https://console.dev.apolo.us/
WARNING  [ğŸ”§TEST CONFIG]:conftest.py:342 [HTTP 200] GET https://api.dev.apolo.us/api/v1/config
Request Body:
<not available>
Response Body (first 1000 chars):
{"authorized": false, "auth_url": "https://auth.dev.apolo.us/authorize", "token_url": "https://auth.dev.apolo.us/oauth/token", "logout_url": "https://auth.dev.apolo.us/v2/logout?returnTo=https://console.dev.apolo.us", "client_id": "q3I0OzzGnTDkhRmpeJ7WWgaTCucmVxTL", "audience": "https://api.dev.apolo.us", "callback_urls": ["http://127.0.0.1:54540", "http://127.0.0.1:54541", "http://127.0.0.1:54542"], "headless_callback_url": "https://api.dev.apolo.us/oauth/show-code", "success_redirect_url": "https://api.dev.apolo.us/oauth/login"}
INFO     [ğŸ”§TEST CONFIG]:conftest.py:88 Creating data manager
INFO     [ğŸ”§TEST CONFIG]:conftest.py:114 Creating users manager
INFO     [ğŸ”§TEST CONFIG]:conftest.py:100 Creating API helper
INFO     [ğŸ”§TEST CONFIG]:conftest.py:108 Creating Apolo CLI instance
INFO     [ğŸ”§TEST CONFIG]:conftest.py:136 Continue using UserData(email='regression-s904d81tdk@apolo.us', username='regression-s904d81tdk', password='04288jfQp$Cr') as main test user...
INFO     [ğŸ‘¤UsersManager]:users_manager.py:73 Setting main user to UserData(email='regression-s904d81tdk@apolo.us', username='regression-s904d81tdk', password='04288jfQp$Cr')
INFO     [ğŸ”§TEST CONFIG]:conftest.py:169 Continue using UserData(email='regression-piqq0d3o6t@apolo.us', username='regression-piqq0d3o6t', password='CmxN%4MWpuz9') as second test user...
INFO     [ğŸ‘¤UsersManager]:users_manager.py:82 Setting second user to UserData(email='regression-piqq0d3o6t@apolo.us', username='regression-piqq0d3o6t', password='CmxN%4MWpuz9')
INFO     [ğŸ”§TEST CONFIG]:conftest.py:173 Continue using UserData(email='regression-iamubu41vj@apolo.us', username='regression-iamubu41vj', password='zvneC8JVo&r@') as third test user...
INFO     [ğŸ‘¤UsersManager]:users_manager.py:91 Setting third user to UserData(email='regression-iamubu41vj@apolo.us', username='regression-iamubu41vj', password='zvneC8JVo&r@')
INFO     [ğŸ“˜TEST_INFO]:reporting.py:34 â–¶ï¸ STEP started: Verify Apolo CLI client is installed
INFO     [ğŸ–¥apolo_CLI]:apolo_runner.py:25 check CLI version. Running command via cli:

apolo --version

INFO     [ğŸ–¥apolo_CLI]:apolo_runner.py:86 check CLI version succeeded:

Apolo Platform Client 25.7.2

INFO     [ğŸ“˜TEST_INFO]:reporting.py:48 âœ… STEP completed: Verify Apolo CLI client is installed
INFO     [ğŸ“˜TEST_INFO]:reporting.py:83 ------------------------------------------------------------
INFO     [ğŸ“˜TEST_INFO]:reporting.py:84 ğŸ“ TEST started: Invite user to organization with default project via CLI
INFO     [ğŸ“˜TEST_INFO]:reporting.py:85 ------------------------------------------------------------
INFO     [ğŸ“˜TEST_INFO]:reporting.py:34 â–¶ï¸ STEP started: Login via UI
INFO     [ğŸ“˜TEST_INFO]:reporting.py:34 â–¶ï¸ STEP started: Click login button
INFO     [ğŸ­ Playwright]:base_page.py:16 <AuthPage>: Click log in button
INFO     [ğŸ“˜TEST_INFO]:reporting.py:48 âœ… STEP completed: Click login button
INFO     [ğŸ“˜TEST_INFO]:reporting.py:208 ğŸ“¸ Screenshot captured and attached (success): /home/runner/work/apolo-test-automation/apolo-test-automation/reports/screenshots/ui_click_login_button_success_3e16ec.png
INFO     [ğŸ“˜TEST_INFO]:reporting.py:34 â–¶ï¸ STEP started: Enter email
INFO     [ğŸ­ Playwright]:base_page.py:16 <LoginPage>: Enter regression-s904d81tdk@apolo.us email
INFO     [ğŸ“˜TEST_INFO]:reporting.py:48 âœ… STEP completed: Enter email
INFO     [ğŸ“˜TEST_INFO]:reporting.py:208 ğŸ“¸ Screenshot captured and attached (success): /home/runner/work/apolo-test-automation/apolo-test-automation/reports/screenshots/ui_enter_email_success_bd3994.png
INFO     [ğŸ“˜TEST_INFO]:reporting.py:34 â–¶ï¸ STEP started: Enter password
INFO     [ğŸ­ Playwright]:base_page.py:16 <LoginPage>: Enter ********* password
INFO     [ğŸ“˜TEST_INFO]:reporting.py:48 âœ… STEP completed: Enter password
INFO     [ğŸ“˜TEST_INFO]:reporting.py:208 ğŸ“¸ Screenshot captured and attached (success): /home/runner/work/apolo-test-automation/apolo-test-automation/reports/screenshots/ui_enter_password_success_eb1746.png
INFO     [ğŸ“˜TEST_INFO]:reporting.py:34 â–¶ï¸ STEP started: Click Continue button
INFO     [ğŸ­ Playwright]:base_page.py:16 <LoginPage>: Click continue button
WARNING  [ğŸ”§TEST CONFIG]:conftest.py:342 [HTTP 200] GET https://api.dev.apolo.us/api/v1/config
Request Body:
<not available>
Response Body (first 1000 chars):
{"authorized": true, "orgs": [], "clusters": [], "projects": [], "admin_url": "https://api.dev.apolo.us/apis/admin/v1", "auth_url": "https://auth.dev.apolo.us/authorize", "token_url": "https://auth.dev.apolo.us/oauth/token", "logout_url": "https://auth.dev.apolo.us/v2/logout?returnTo=https://console.dev.apolo.us", "client_id": "q3I0OzzGnTDkhRmpeJ7WWgaTCucmVxTL", "audience": "https://api.dev.apolo.us", "callback_urls": ["http://127.0.0.1:54540", "http://127.0.0.1:54541", "http://127.0.0.1:54542"], "headless_callback_url": "https://api.dev.apolo.us/oauth/show-code", "success_redirect_url": "https://api.dev.apolo.us/oauth/login"}
WARNING  [ğŸ”§TEST CONFIG]:conftest.py:342 [HTTP 200] GET https://api.dev.apolo.us/apis/admin/v1/users/regression-s904d81tdk?include=clusters&include=system_role
Request Body:
<not available>
Response Body (first 1000 chars):
{"name": "regression-s904d81tdk", "email": "regression-s904d81tdk@apolo.us", "first_name": null, "last_name": null, "created_at": "2025-08-16T01:32:33.948589+00:00", "terms_accepted": true, "clusters": []}
INFO     [ğŸ­ Playwright]:base_page.py:16 <LoginPage>: Waiting for spinner
INFO     [ğŸ­ Playwright]:base_page.py:16 <LoginPage>: Waiting for spinner to disappear
WARNING  [ğŸ”§TEST CONFIG]:conftest.py:342 [HTTP 200] GET https://api.dev.apolo.us/api/v1/users/regression-s904d81tdk/permissions?uri=blob:
Request Body:
<not available>
Response Body (first 1000 chars):
[]
WARNING  [ğŸ”§TEST CONFIG]:conftest.py:342 [HTTP 200] GET https://api.dev.apolo.us/apis/admin/v1/invites/incoming
Request Body:
<not available>
Response Body (first 1000 chars):
[]
WARNING  [ğŸ”§TEST CONFIG]:conftest.py:342 [HTTP 200] GET https://api.dev.apolo.us/apis/admin/v1/users/regression-s904d81tdk?include=orgs
Request Body:
<not available>
Response Body (first 1000 chars):
{"name": "regression-s904d81tdk", "email": "regression-s904d81tdk@apolo.us", "first_name": null, "last_name": null, "created_at": "2025-08-16T01:32:33.948589+00:00", "terms_accepted": true, "orgs": []}
INFO     [ğŸ“˜TEST_INFO]:reporting.py:48 âœ… STEP completed: Click Continue button
INFO     [ğŸ“˜TEST_INFO]:reporting.py:208 ğŸ“¸ Screenshot captured and attached (success): /home/runner/work/apolo-test-automation/apolo-test-automation/reports/screenshots/ui_click_continue_button_success_0f45ed.png
INFO     [ğŸ“˜TEST_INFO]:reporting.py:34 â–¶ï¸ STEP started: Verify that Welcome new user page displayed
INFO     [ğŸ­ Playwright]:base_page.py:16 <WelcomeNewUserPage>: Check if page loaded
INFO     [ğŸ“˜TEST_INFO]:reporting.py:48 âœ… STEP completed: Verify that Welcome new user page displayed
INFO     [ğŸ“˜TEST_INFO]:reporting.py:208 ğŸ“¸ Screenshot captured and attached (success): /home/runner/work/apolo-test-automation/apolo-test-automation/reports/screenshots/verify_ui_page_displayed_success_1540c3.png
INFO     [ğŸ“˜TEST_INFO]:reporting.py:48 âœ… STEP completed: Login via UI
INFO     [ğŸ“˜TEST_INFO]:reporting.py:208 ğŸ“¸ Screenshot captured and attached (success): /home/runner/work/apolo-test-automation/apolo-test-automation/reports/screenshots/ui_login_success_39c700.png
INFO     [ğŸ”§TEST CONFIG]:conftest.py:273 Starting browser in a headless mode...
INFO     [ğŸ”§TEST CONFIG]:conftest.py:286 Initializing new browser context
INFO     [ğŸ”§TEST CONFIG]:conftest.py:294 Navigating to: https://console.dev.apolo.us/
WARNING  [ğŸ”§TEST CONFIG]:conftest.py:342 [HTTP 200] GET https://api.dev.apolo.us/api/v1/config
Request Body:
<not available>
Response Body (first 1000 chars):
{"authorized": false, "auth_url": "https://auth.dev.apolo.us/authorize", "token_url": "https://auth.dev.apolo.us/oauth/token", "logout_url": "https://auth.dev.apolo.us/v2/logout?returnTo=https://console.dev.apolo.us", "client_id": "q3I0OzzGnTDkhRmpeJ7WWgaTCucmVxTL", "audience": "https://api.dev.apolo.us", "callback_urls": ["http://127.0.0.1:54540", "http://127.0.0.1:54541", "http://127.0.0.1:54542"], "headless_callback_url": "https://api.dev.apolo.us/oauth/show-code", "success_redirect_url": "https://api.dev.apolo.us/oauth/login"}
INFO     [ğŸ“˜TEST_INFO]:reporting.py:34 â–¶ï¸ STEP started: <<User2>> :: Get second user
INFO     [ğŸ“˜TEST_INFO]:reporting.py:48 âœ… STEP completed: <<User2>> :: Get second user
INFO     [ğŸ“˜TEST_INFO]:reporting.py:208 ğŸ“¸ Screenshot captured and attached (success): /home/runner/work/apolo-test-automation/apolo-test-automation/reports/screenshots/ui_get_second_user_success_f8f76a.png
INFO     [ğŸ“˜TEST_INFO]:reporting.py:34 â–¶ï¸ STEP started: <<User2>> :: Login via UI
INFO     [ğŸ“˜TEST_INFO]:reporting.py:34 â–¶ï¸ STEP started: <<User2>> :: Click login button
INFO     [ğŸ­ Playwright]:base_page.py:16 <AuthPage>: Click log in button
INFO     [ğŸ“˜TEST_INFO]:reporting.py:48 âœ… STEP completed: <<User2>> :: Click login button
INFO     [ğŸ“˜TEST_INFO]:reporting.py:208 ğŸ“¸ Screenshot captured and attached (success): /home/runner/work/apolo-test-automation/apolo-test-automation/reports/screenshots/ui_click_login_button_success_458d74.png
INFO     [ğŸ“˜TEST_INFO]:reporting.py:34 â–¶ï¸ STEP started: <<User2>> :: Enter email
INFO     [ğŸ­ Playwright]:base_page.py:16 <LoginPage>: Enter regression-piqq0d3o6t@apolo.us email
INFO     [ğŸ“˜TEST_INFO]:reporting.py:48 âœ… STEP completed: <<User2>> :: Enter email
INFO     [ğŸ“˜TEST_INFO]:reporting.py:208 ğŸ“¸ Screenshot captured and attached (success): /home/runner/work/apolo-test-automation/apolo-test-automation/reports/screenshots/ui_enter_email_success_35ded8.png
INFO     [ğŸ“˜TEST_INFO]:reporting.py:34 â–¶ï¸ STEP started: <<User2>> :: Enter password
INFO     [ğŸ­ Playwright]:base_page.py:16 <LoginPage>: Enter ********* password
INFO     [ğŸ“˜TEST_INFO]:reporting.py:48 âœ… STEP completed: <<User2>> :: Enter password
INFO     [ğŸ“˜TEST_INFO]:reporting.py:208 ğŸ“¸ Screenshot captured and attached (success): /home/runner/work/apolo-test-automation/apolo-test-automation/reports/screenshots/ui_enter_password_success_c1f215.png
INFO     [ğŸ“˜TEST_INFO]:reporting.py:34 â–¶ï¸ STEP started: <<User2>> :: Click Continue button
INFO     [ğŸ­ Playwright]:base_page.py:16 <LoginPage>: Click continue button
WARNING  [ğŸ”§TEST CONFIG]:conftest.py:342 [HTTP 200] GET https://api.dev.apolo.us/api/v1/config
Request Body:
<not available>
Response Body (first 1000 chars):
{"authorized": true, "orgs": [], "clusters": [], "projects": [], "admin_url": "https://api.dev.apolo.us/apis/admin/v1", "auth_url": "https://auth.dev.apolo.us/authorize", "token_url": "https://auth.dev.apolo.us/oauth/token", "logout_url": "https://auth.dev.apolo.us/v2/logout?returnTo=https://console.dev.apolo.us", "client_id": "q3I0OzzGnTDkhRmpeJ7WWgaTCucmVxTL", "audience": "https://api.dev.apolo.us", "callback_urls": ["http://127.0.0.1:54540", "http://127.0.0.1:54541", "http://127.0.0.1:54542"], "headless_callback_url": "https://api.dev.apolo.us/oauth/show-code", "success_redirect_url": "https://api.dev.apolo.us/oauth/login"}
WARNING  [ğŸ”§TEST CONFIG]:conftest.py:342 [HTTP 200] GET https://api.dev.apolo.us/apis/admin/v1/users/regression-piqq0d3o6t?include=clusters&include=system_role
Request Body:
<not available>
Response Body (first 1000 chars):
{"name": "regression-piqq0d3o6t", "email": "regression-piqq0d3o6t@apolo.us", "first_name": null, "last_name": null, "created_at": "2025-08-16T01:33:06.799205+00:00", "terms_accepted": true, "clusters": []}
WARNING  [ğŸ”§TEST CONFIG]:conftest.py:342 [HTTP 200] GET https://api.dev.apolo.us/api/v1/users/regression-piqq0d3o6t/permissions?uri=blob:
Request Body:
<not available>
Response Body (first 1000 chars):
[]
WARNING  [ğŸ”§TEST CONFIG]:conftest.py:342 [HTTP 200] GET https://api.dev.apolo.us/apis/admin/v1/invites/incoming
Request Body:
<not available>
Response Body (first 1000 chars):
[]
WARNING  [ğŸ”§TEST CONFIG]:conftest.py:342 [HTTP 200] GET https://api.dev.apolo.us/apis/admin/v1/users/regression-piqq0d3o6t?include=orgs
Request Body:
<not available>
Response Body (first 1000 chars):
{"name": "regression-piqq0d3o6t", "email": "regression-piqq0d3o6t@apolo.us", "first_name": null, "last_name": null, "created_at": "2025-08-16T01:33:06.799205+00:00", "terms_accepted": true, "orgs": []}
INFO     [ğŸ­ Playwright]:base_page.py:16 <LoginPage>: Waiting for spinner
INFO     [ğŸ­ Playwright]:base_page.py:16 <LoginPage>: Timeout error for spinner
INFO     [ğŸ“˜TEST_INFO]:reporting.py:48 âœ… STEP completed: <<User2>> :: Click Continue button
INFO     [ğŸ“˜TEST_INFO]:reporting.py:208 ğŸ“¸ Screenshot captured and attached (success): /home/runner/work/apolo-test-automation/apolo-test-automation/reports/screenshots/ui_click_continue_button_success_5e4b96.png
INFO     [ğŸ“˜TEST_INFO]:reporting.py:34 â–¶ï¸ STEP started: <<User2>> :: Verify that Welcome new user page displayed
INFO     [ğŸ­ Playwright]:base_page.py:16 <WelcomeNewUserPage>: Check if page loaded
INFO     [ğŸ“˜TEST_INFO]:reporting.py:48 âœ… STEP completed: <<User2>> :: Verify that Welcome new user page displayed
INFO     [ğŸ“˜TEST_INFO]:reporting.py:208 ğŸ“¸ Screenshot captured and attached (success): /home/runner/work/apolo-test-automation/apolo-test-automation/reports/screenshots/verify_ui_page_displayed_success_53ee83.png
INFO     [ğŸ“˜TEST_INFO]:reporting.py:48 âœ… STEP completed: <<User2>> :: Login via UI
INFO     [ğŸ“˜TEST_INFO]:reporting.py:208 ğŸ“¸ Screenshot captured and attached (success): /home/runner/work/apolo-test-automation/apolo-test-automation/reports/screenshots/ui_login_success_42f342.png
INFO     [ğŸ“˜TEST_INFO]:reporting.py:34 â–¶ï¸ STEP started: Login to apolo CLI with access token
INFO     [ğŸ–¥apolo_CLI]:apolo_runner.py:25 login-with-token. Running command via cli:

apolo config login-with-token eyJhbGciOiJSUzI1NiIsInR5cCI6IkpXVCIsImtpZCI6IjhyNXZCR0E4ZXNuc1IzbXJ0NUFSViJ9.eyJodHRwczovL3BsYXRmb3JtLm5ldXJvbWF0aW9uLmlvL3VzZXIiOiJyZWdyZXNzaW9uLXM5MDRkODF0ZGsiLCJodHRwczovL3BsYXRmb3JtLm5ldXJvbWF0aW9uLmlvL2xvZ2luX3JlZGlyZWN0X3VybCI6Imh0dHBzOi8vY29uc29sZS5kZXYuYXBvbG8udXMiLCJodHRwczovL3BsYXRmb3JtLmFwb2xvLnVzL29yaWdpbiI6Imh0dHBzOi8vY29uc29sZS5kZXYuYXBvbG8udXMiLCJpc3MiOiJodHRwczovL2F1dGguZGV2LmFwb2xvLnVzLyIsInN1YiI6ImF1dGgwfDY4OWZkZmE3OGE1M2I2NDcxZmE3YzE2MyIsImF1ZCI6WyJodHRwczovL2FwaS5kZXYuYXBvbG8udXMiLCJodHRwczovL2Rldi1hcG9sby11cy51cy5hdXRoMC5jb20vdXNlcmluZm8iXSwiaWF0IjoxNzU1MzExMDE5LCJleHAiOjE3NTUzOTc0MTksInNjb3BlIjoib3BlbmlkIHByb2ZpbGUgZW1haWwiLCJhenAiOiJxM0kwT3p6R25URGtoUm1wZUo3V1dnYVRDdWNtVnhUTCJ9.J2z2MNfpXFYHmGl3589F9obpP1VE0tCTzAiUFGhI8zvHATcAV4_-Zdu_ha2Sg7M5TG5nq17Z-WHxujvwhmD48RW7ImEDTDTleLx7eaoSiQEH26Gh0XoVErtu06ylHi7ghdO0GXp9jwPDPQME_MQrrHg5n7i148MusBxSMKcyO3_BGD4rQ7qa_rx7cShpw4XRdPYvKr8GEqyFJqrnG5uLxT0FiA3UOwzNbUs2otp43nVQogeFgKhMqbhtt5wIOjjx2q6HXgTBudRtS50rOUMs_0ZporxPvJis_2dQl-NCNtSHS__WKe2yeqgXhy7VhRBx-rCYGsL7Yv_g1XsZLSL9dg https://api.dev.apolo.us/api/v1

INFO     [ğŸ–¥apolo_CLI]:apolo_runner.py:86 login-with-token succeeded:

You were successfully logged out.
Logged into https://api.dev.apolo.us/api/v1 as regression-s904d81tdk
Read the docs at https://docs.apolo.us or run `apolo --help` to see the reference

INFO     [ğŸ“˜TEST_INFO]:reporting.py:48 âœ… STEP completed: Login to apolo CLI with access token
INFO     [ğŸ“˜TEST_INFO]:reporting.py:34 â–¶ï¸ STEP started: Add new organization via apolo CLI
INFO     [ğŸ”§DATA MANAGER]:test_data.py:48 Added organization: org_name=regression-org-bdhuurkjug6t, gherkin_name=My-organization
INFO     [ğŸ–¥apolo_CLI]:apolo_runner.py:25 create organization 'regression-org-bdhuurkjug6t'. Running command via cli:

apolo admin add-org regression-org-bdhuurkjug6t

ERROR    [ğŸ–¥apolo_CLI]:apolo_runner.py:82 create organization 'regression-org-bdhuurkjug6t' failed:

ERROR: There are no clusters available. Please logout and login again.
Full logs are available under /home/runner/.apolo/logs/apolo-run-2025-08-16_02-23-55.txt

INFO     [ğŸ–¥apolo_CLI]:apolo_runner.py:25 login-with-token. Running command via cli:

apolo config login-with-token eyJhbGciOiJSUzI1NiIsInR5cCI6IkpXVCIsImtpZCI6IjhyNXZCR0E4ZXNuc1IzbXJ0NUFSViJ9.eyJodHRwczovL3BsYXRmb3JtLm5ldXJvbWF0aW9uLmlvL3VzZXIiOiJyZWdyZXNzaW9uLXM5MDRkODF0ZGsiLCJodHRwczovL3BsYXRmb3JtLm5ldXJvbWF0aW9uLmlvL2xvZ2luX3JlZGlyZWN0X3VybCI6Imh0dHBzOi8vY29uc29sZS5kZXYuYXBvbG8udXMiLCJodHRwczovL3BsYXRmb3JtLmFwb2xvLnVzL29yaWdpbiI6Imh0dHBzOi8vY29uc29sZS5kZXYuYXBvbG8udXMiLCJpc3MiOiJodHRwczovL2F1dGguZGV2LmFwb2xvLnVzLyIsInN1YiI6ImF1dGgwfDY4OWZkZmE3OGE1M2I2NDcxZmE3YzE2MyIsImF1ZCI6WyJodHRwczovL2FwaS5kZXYuYXBvbG8udXMiLCJodHRwczovL2Rldi1hcG9sby11cy51cy5hdXRoMC5jb20vdXNlcmluZm8iXSwiaWF0IjoxNzU1MzExMDE5LCJleHAiOjE3NTUzOTc0MTksInNjb3BlIjoib3BlbmlkIHByb2ZpbGUgZW1haWwiLCJhenAiOiJxM0kwT3p6R25URGtoUm1wZUo3V1dnYVRDdWNtVnhUTCJ9.J2z2MNfpXFYHmGl3589F9obpP1VE0tCTzAiUFGhI8zvHATcAV4_-Zdu_ha2Sg7M5TG5nq17Z-WHxujvwhmD48RW7ImEDTDTleLx7eaoSiQEH26Gh0XoVErtu06ylHi7ghdO0GXp9jwPDPQME_MQrrHg5n7i148MusBxSMKcyO3_BGD4rQ7qa_rx7cShpw4XRdPYvKr8GEqyFJqrnG5uLxT0FiA3UOwzNbUs2otp43nVQogeFgKhMqbhtt5wIOjjx2q6HXgTBudRtS50rOUMs_0ZporxPvJis_2dQl-NCNtSHS__WKe2yeqgXhy7VhRBx-rCYGsL7Yv_g1XsZLSL9dg https://api.dev.apolo.us/api/v1

INFO     [ğŸ–¥apolo_CLI]:apolo_runner.py:86 login-with-token succeeded:

You were successfully logged out.
Logged into https://api.dev.apolo.us/api/v1 as regression-s904d81tdk, current cluster is default, org is regression-org-bdhuurkjug6t project is None
Read the docs at https://docs.apolo.us or run `apolo --help` to see the reference

INFO     [ğŸ“˜TEST_INFO]:reporting.py:48 âœ… STEP completed: Add new organization via apolo CLI
INFO     [ğŸ“˜TEST_INFO]:reporting.py:34 â–¶ï¸ STEP started: Add new project via apolo CLI
INFO     [ğŸ–¥apolo_CLI]:apolo_runner.py:25 create project regression-proj-t14ruzawx2 under regression-org-bdhuurkjug6t. Running command via cli:

apolo admin add-project --default --default-role reader --org regression-org-bdhuurkjug6t default regression-proj-t14ruzawx2

INFO     [ğŸ–¥apolo_CLI]:apolo_runner.py:86 create project regression-proj-t14ruzawx2 under regression-org-bdhuurkjug6t succeeded:

Added project regression-proj-t14ruzawx2 to cluster default to org regression-org-bdhuurkjug6t. Info:
 Name                regression-proj-t14ruzawx2 
 Default role        reader                     
 Is default project  True                       
Selected regression-proj-t14ruzawx2 as current project.

INFO     [ğŸ“˜TEST_INFO]:reporting.py:48 âœ… STEP completed: Add new project via apolo CLI
INFO     [ğŸ“˜TEST_INFO]:reporting.py:34 â–¶ï¸ STEP started: Add user to organization via CLI
INFO     [ğŸ–¥apolo_CLI]:apolo_runner.py:25 add user regression-piqq0d3o6t to organization regression-org-bdhuurkjug6t as user. Running command via cli:

apolo admin add-org-user regression-org-bdhuurkjug6t regression-piqq0d3o6t user

ERROR    [ğŸ–¥apolo_CLI]:apolo_runner.py:82 add user regression-piqq0d3o6t to organization regression-org-bdhuurkjug6t as user failed:

ERROR: Config /home/runner/.apolo/db is not a regular file. Please logout and login again.


ERROR    [ğŸ“˜TEST_INFO]:reporting.py:53 âŒ STEP failed: Add user to organization via CLI
ERROR    [ğŸ“˜TEST_INFO]:reporting.py:92 âŒ TEST failed: Invite user to organization with default project via CLI
Exception: [AssertionError] during step: Add user to organization via CLI
Message: ERROR: Config /home/runner/.apolo/db is not a regular file. Please logout and login again.
INFO     [ğŸ“˜TEST_INFO]:reporting.py:95 ------------------------------------------------------------
INFO     [ğŸŒAPI_helper]:api_helper.py:44 GET https://api.dev.apolo.us/apis/admin/v1/orgs
INFO     [ğŸŒAPI_helper]:api_helper.py:135 Status: 200. Response: [{'name': 'regression-org-bdhuurkjug6t', 'balance': {'credits': '500', 'spent_credits': '0'}, 'user_default_credits': None, 'notification_intervals': {'balance_projection_seconds': [604800, 259200, 86400], 'balance_amount': [0], 'balance_depletion_seconds': [86400, 604800]}}]
INFO     [ğŸ”§TEST CONFIG]:conftest.py:218 Cleaning up 1 organisations
INFO     [ğŸŒAPI_helper]:api_helper.py:142 Delete organization response: <ClientResponse(https://api.dev.apolo.us/apis/admin/v1/orgs/regression-org-bdhuurkjug6t) [200 OK]>
<CIMultiDictProxy('Access-Control-Allow-Credentials': 'true', 'Content-Length': '274', 'Content-Type': 'application/json; charset=utf-8', 'Date': 'Sat, 16 Aug 2025 02:24:13 GMT', 'Server': 'Python/3.13 aiohttp/3.12.15', 'Vary': 'Origin', 'x-service-version': 'platform-admin/0.0.0.post1.dev0+422381d', 'Via': '1.1 google', 'Alt-Svc': 'h3=":443"; ma=2592000,h3-29=":443"; ma=2592000')>

INFO     [ğŸ”§TEST CONFIG]:conftest.py:244 Removed organisation: regression-org-bdhuurkjug6t
INFO     [ğŸ”§TEST CONFIG]:conftest.py:248 Closing all browser sessions
INFO     [ğŸ”§TEST CONFIG]:conftest.py:252 Closed context
INFO     [ğŸ”§TEST CONFIG]:conftest.py:259 Closed browser
INFO     [ğŸ”§TEST CONFIG]:conftest.py:252 Closed context
INFO     [ğŸ”§TEST CONFIG]:conftest.py:259 Closed browser
INFO     [ğŸ”§TEST CONFIG]:conftest.py:264 Closed all browser sessions