INFO     [ğŸ”§TEST CONFIG]:conftest.py:83 Loading test configuration
INFO     [ğŸ”§TEST CONFIG]:conftest.py:363 Navigating to: https://console.dev.apolo.us/
WARNING  [ğŸ”§TEST CONFIG]:conftest.py:405 [HTTP 200] GET https://api.dev.apolo.us/api/v1/config
Request Body:
<not available>
Response Body (first 1000 chars):
{"authorized": false, "auth_url": "https://auth.dev.apolo.us/authorize", "token_url": "https://auth.dev.apolo.us/oauth/token", "logout_url": "https://auth.dev.apolo.us/v2/logout?returnTo=https://console.dev.apolo.us", "client_id": "q3I0OzzGnTDkhRmpeJ7WWgaTCucmVxTL", "audience": "https://api.dev.apolo.us", "callback_urls": ["http://127.0.0.1:54540", "http://127.0.0.1:54541", "http://127.0.0.1:54542"], "headless_callback_url": "https://api.dev.apolo.us/oauth/show-code", "success_redirect_url": "https://api.dev.apolo.us/oauth/login"}
INFO     [ğŸ”§TEST CONFIG]:conftest.py:89 Creating data manager
INFO     [ğŸ”§TEST CONFIG]:conftest.py:115 Creating users manager
INFO     [ğŸ”§TEST CONFIG]:conftest.py:101 Creating API helper
INFO     [ğŸ”§TEST CONFIG]:conftest.py:109 Creating Apolo CLI instance
INFO     [ğŸ”§TEST CONFIG]:conftest.py:190 Continue using UserData(email='regression-gp20bbfikv@apolo.us', username='regression-gp20bbfikv', password='jP1jOS^A3P27') as main test user...
INFO     [ğŸ‘¤UsersManager]:users_manager.py:73 Setting main user to UserData(email='regression-gp20bbfikv@apolo.us', username='regression-gp20bbfikv', password='jP1jOS^A3P27')
INFO     [ğŸ”§TEST CONFIG]:conftest.py:220 Continue using UserData(email='regression-p9ra7g3n3o@apolo.us', username='regression-p9ra7g3n3o', password='5PyJ!uyMUZmQ') as second test user...
INFO     [ğŸ‘¤UsersManager]:users_manager.py:82 Setting second user to UserData(email='regression-p9ra7g3n3o@apolo.us', username='regression-p9ra7g3n3o', password='5PyJ!uyMUZmQ')
INFO     [ğŸ”§TEST CONFIG]:conftest.py:225 Continue using UserData(email='regression-td1v3hjrce@apolo.us', username='regression-td1v3hjrce', password='y1IUu6kEwa2^') as third test user...
INFO     [ğŸ‘¤UsersManager]:users_manager.py:91 Setting third user to UserData(email='regression-td1v3hjrce@apolo.us', username='regression-td1v3hjrce', password='y1IUu6kEwa2^')
INFO     [ğŸ“˜TEST_INFO]:reporting.py:86 ------------------------------------------------------------
INFO     [ğŸ“˜TEST_INFO]:reporting.py:87 ğŸ“ TEST started: Invite member of organization to project via UI
INFO     [ğŸ“˜TEST_INFO]:reporting.py:88 ------------------------------------------------------------
INFO     [ğŸ“˜TEST_INFO]:reporting.py:37 â–¶ï¸ STEP started: Login via UI
INFO     [ğŸ“˜TEST_INFO]:reporting.py:37 â–¶ï¸ STEP started: Click login button
INFO     [ğŸ­ Playwright]:base_page.py:16 <AuthPage>: Click log in button
INFO     [ğŸ“˜TEST_INFO]:reporting.py:51 âœ… STEP completed: Click login button
INFO     [ğŸ“˜TEST_INFO]:reporting.py:225 ğŸ“¸ Screenshot captured and attached (success): /home/runner/work/apolo-test-automation/apolo-test-automation/reports/screenshots/ui_click_login_button_success_19d8cd.png
INFO     [ğŸ“˜TEST_INFO]:reporting.py:37 â–¶ï¸ STEP started: Enter email
INFO     [ğŸ­ Playwright]:base_page.py:16 <LoginPage>: Enter regression-gp20bbfikv@apolo.us email
INFO     [ğŸ“˜TEST_INFO]:reporting.py:51 âœ… STEP completed: Enter email
INFO     [ğŸ“˜TEST_INFO]:reporting.py:225 ğŸ“¸ Screenshot captured and attached (success): /home/runner/work/apolo-test-automation/apolo-test-automation/reports/screenshots/ui_enter_email_success_c5aa85.png
INFO     [ğŸ“˜TEST_INFO]:reporting.py:37 â–¶ï¸ STEP started: Enter password
INFO     [ğŸ­ Playwright]:base_page.py:16 <LoginPage>: Enter ********* password
INFO     [ğŸ“˜TEST_INFO]:reporting.py:51 âœ… STEP completed: Enter password
INFO     [ğŸ“˜TEST_INFO]:reporting.py:225 ğŸ“¸ Screenshot captured and attached (success): /home/runner/work/apolo-test-automation/apolo-test-automation/reports/screenshots/ui_enter_password_success_7834e6.png
INFO     [ğŸ“˜TEST_INFO]:reporting.py:37 â–¶ï¸ STEP started: Click Continue button
INFO     [ğŸ­ Playwright]:base_page.py:16 <LoginPage>: Click continue button
WARNING  [ğŸ”§TEST CONFIG]:conftest.py:405 [HTTP 200] GET https://api.dev.apolo.us/api/v1/config
Request Body:
<not available>
Response Body (first 1000 chars):
{"authorized": true, "orgs": [], "clusters": [], "projects": [], "admin_url": "https://api.dev.apolo.us/apis/admin/v1", "auth_url": "https://auth.dev.apolo.us/authorize", "token_url": "https://auth.dev.apolo.us/oauth/token", "logout_url": "https://auth.dev.apolo.us/v2/logout?returnTo=https://console.dev.apolo.us", "client_id": "q3I0OzzGnTDkhRmpeJ7WWgaTCucmVxTL", "audience": "https://api.dev.apolo.us", "callback_urls": ["http://127.0.0.1:54540", "http://127.0.0.1:54541", "http://127.0.0.1:54542"], "headless_callback_url": "https://api.dev.apolo.us/oauth/show-code", "success_redirect_url": "https://api.dev.apolo.us/oauth/login"}
WARNING  [ğŸ”§TEST CONFIG]:conftest.py:405 [HTTP 200] GET https://api.dev.apolo.us/api/v1/users/regression-gp20bbfikv/permissions?uri=blob:
Request Body:
<not available>
Response Body (first 1000 chars):
[]
WARNING  [ğŸ”§TEST CONFIG]:conftest.py:405 [HTTP 200] GET https://api.dev.apolo.us/apis/admin/v1/users/regression-gp20bbfikv?include=clusters&include=system_role
Request Body:
<not available>
Response Body (first 1000 chars):
{"name": "regression-gp20bbfikv", "email": "regression-gp20bbfikv@apolo.us", "first_name": null, "last_name": null, "created_at": "2025-09-06T05:58:27.383522+00:00", "terms_accepted": true, "clusters": []}
WARNING  [ğŸ”§TEST CONFIG]:conftest.py:405 [HTTP 200] GET https://api.dev.apolo.us/apis/admin/v1/invites/incoming
Request Body:
<not available>
Response Body (first 1000 chars):
[]
WARNING  [ğŸ”§TEST CONFIG]:conftest.py:405 [HTTP 200] GET https://api.dev.apolo.us/apis/admin/v1/users/regression-gp20bbfikv?include=orgs
Request Body:
<not available>
Response Body (first 1000 chars):
{"name": "regression-gp20bbfikv", "email": "regression-gp20bbfikv@apolo.us", "first_name": null, "last_name": null, "created_at": "2025-09-06T05:58:27.383522+00:00", "terms_accepted": true, "orgs": []}
INFO     [ğŸ­ Playwright]:base_page.py:16 <LoginPage>: Waiting for spinner
INFO     [ğŸ­ Playwright]:base_page.py:16 <LoginPage>: Timeout error for spinner
INFO     [ğŸ“˜TEST_INFO]:reporting.py:51 âœ… STEP completed: Click Continue button
INFO     [ğŸ“˜TEST_INFO]:reporting.py:225 ğŸ“¸ Screenshot captured and attached (success): /home/runner/work/apolo-test-automation/apolo-test-automation/reports/screenshots/ui_click_continue_button_success_747175.png
INFO     [ğŸ“˜TEST_INFO]:reporting.py:37 â–¶ï¸ STEP started: Verify that Welcome new user page displayed
INFO     [ğŸ­ Playwright]:base_page.py:16 <WelcomeNewUserPage>: Check if page loaded
INFO     [ğŸ“˜TEST_INFO]:reporting.py:51 âœ… STEP completed: Verify that Welcome new user page displayed
INFO     [ğŸ“˜TEST_INFO]:reporting.py:225 ğŸ“¸ Screenshot captured and attached (success): /home/runner/work/apolo-test-automation/apolo-test-automation/reports/screenshots/verify_ui_page_displayed_success_318cb8.png
INFO     [ğŸ“˜TEST_INFO]:reporting.py:51 âœ… STEP completed: Login via UI
INFO     [ğŸ“˜TEST_INFO]:reporting.py:225 ğŸ“¸ Screenshot captured and attached (success): /home/runner/work/apolo-test-automation/apolo-test-automation/reports/screenshots/ui_login_success_9ec5ee.png
INFO     [ğŸ“˜TEST_INFO]:reporting.py:37 â–¶ï¸ STEP started: Add organization via API and reload page
INFO     [ğŸ”§DATA MANAGER]:test_data.py:48 Added organization: org_name=regression-org-citfdh8c1j1q, gherkin_name=Default-organization
INFO     [ğŸŒAPI_helper]:api_helper.py:160 Add org regression-org-citfdh8c1j1q response: <ClientResponse(https://api.dev.apolo.us/apis/admin/v1/orgs?skip_auto_add_to_clusters=false) [201 Created]>
<CIMultiDictProxy('Access-Control-Allow-Credentials': 'true', 'Content-Length': '274', 'Content-Type': 'application/json; charset=utf-8', 'Date': 'Sat, 06 Sep 2025 07:25:45 GMT', 'Server': 'Python/3.13 aiohttp/3.12.15', 'Vary': 'Origin', 'x-service-version': 'platform-admin/0.0.0.post1.dev0+6d79a26', 'Via': '1.1 google', 'Alt-Svc': 'h3=":443"; ma=2592000,h3-29=":443"; ma=2592000')>

INFO     [ğŸ“˜TEST_INFO]:reporting.py:37 â–¶ï¸ STEP started: Reload page
WARNING  [ğŸ”§TEST CONFIG]:conftest.py:405 [HTTP 200] GET https://api.dev.apolo.us/api/v1/config
Request Body:
<not available>
Response Body (first 1000 chars):
{"authorized": true, "orgs": [{"name": "regression-org-citfdh8c1j1q", "role": "admin"}], "clusters": [{"name": "default", "registry_url": "https://registry.api.dev.apolo.us", "storage_url": "https://api.dev.apolo.us/api/v1/storage", "monitoring_url": "https://monitoring.api.dev.apolo.us/api/v1/jobs", "secrets_url": "https://api.dev.apolo.us/api/v1/secrets", "metrics_url": "https://grafana.dev.apolo.us", "disks_url": "https://api.dev.apolo.us/api/v1/disk", "buckets_url": "https://api.dev.apolo.us/api/v1/buckets", "resource_pool_types": [{"name": "default", "min_size": 1, "max_size": 20, "cpu": 4, "available_cpu": 3.3, "memory": 16106127360, "available_memory": 11813676647, "disk_size": 161061273600, "available_disk_size": 150000000000}, {"name": "g2-standard-4", "min_size": 0, "max_size": 10, "cpu": 4, "available_cpu": 3, "memory": 17179869184, "available_memory": 16106127360, "disk_size": 322122547200, "available_disk_size": 150000000000, "nvidia_gpu": 1, "nvidia_gpu_model": "nvidia-l4
WARNING  [ğŸ”§TEST CONFIG]:conftest.py:405 [HTTP 200] GET https://api.dev.apolo.us/api/v1/users/regression-gp20bbfikv/permissions?uri=blob:
Request Body:
<not available>
Response Body (first 1000 chars):
[{"uri": "blob://default/regression-org-citfdh8c1j1q", "action": "manage"}]
WARNING  [ğŸ”§TEST CONFIG]:conftest.py:405 [HTTP 200] GET https://api.dev.apolo.us/apis/admin/v1/invites/incoming
Request Body:
<not available>
Response Body (first 1000 chars):
[]
INFO     [ğŸ­ Playwright]:base_page.py:16 <MainPage>: Waiting for spinner
INFO     [ğŸ­ Playwright]:base_page.py:16 <MainPage>: Waiting for spinner to disappear
WARNING  [ğŸ”§TEST CONFIG]:conftest.py:405 [HTTP 200] GET https://api.dev.apolo.us/apis/admin/v1/orgs/regression-org-citfdh8c1j1q
Request Body:
<not available>
Response Body (first 1000 chars):
{"name": "regression-org-citfdh8c1j1q", "balance": {"credits": "500", "spent_credits": "0"}, "user_default_credits": null, "notification_intervals": {"balance_projection_seconds": [604800, 259200, 86400], "balance_amount": [0], "balance_depletion_seconds": [86400, 604800]}}
WARNING  [ğŸ”§TEST CONFIG]:conftest.py:405 [HTTP 200] GET https://api.dev.apolo.us/apis/admin/v1/users/regression-gp20bbfikv?include=clusters&include=system_role
Request Body:
<not available>
Response Body (first 1000 chars):
{"name": "regression-gp20bbfikv", "email": "regression-gp20bbfikv@apolo.us", "first_name": null, "last_name": null, "created_at": "2025-09-06T05:58:27.383522+00:00", "terms_accepted": true, "clusters": [{"cluster_name": "default", "role": "admin", "org_name": "regression-org-citfdh8c1j1q", "balance": {"spent_credits": "0"}}]}
WARNING  [ğŸ”§TEST CONFIG]:conftest.py:405 [HTTP 200] GET https://api.dev.apolo.us/apis/admin/v1/users/regression-gp20bbfikv?include=orgs
Request Body:
<not available>
Response Body (first 1000 chars):
{"name": "regression-gp20bbfikv", "email": "regression-gp20bbfikv@apolo.us", "first_name": null, "last_name": null, "created_at": "2025-09-06T05:58:27.383522+00:00", "terms_accepted": true, "orgs": [{"org_name": "regression-org-citfdh8c1j1q", "role": "admin", "balance": {"spent_credits": "0"}}]}
INFO     [ğŸ“˜TEST_INFO]:reporting.py:51 âœ… STEP completed: Reload page
INFO     [ğŸ“˜TEST_INFO]:reporting.py:225 ğŸ“¸ Screenshot captured and attached (success): /home/runner/work/apolo-test-automation/apolo-test-automation/reports/screenshots/ui_reload_page_success_6469eb.png
INFO     [ğŸ“˜TEST_INFO]:reporting.py:51 âœ… STEP completed: Add organization via API and reload page
INFO     [ğŸ“˜TEST_INFO]:reporting.py:225 ğŸ“¸ Screenshot captured and attached (success): /home/runner/work/apolo-test-automation/apolo-test-automation/reports/screenshots/ui_add_org_api_success_1c70eb.png
INFO     [ğŸ“˜TEST_INFO]:reporting.py:37 â–¶ï¸ STEP started: Create first project from main page
INFO     [ğŸ“˜TEST_INFO]:reporting.py:37 â–¶ï¸ STEP started: Click Create project button on the main page
INFO     [ğŸ­ Playwright]:base_page.py:16 <MainPage>: Click create first project button on the main page
INFO     [ğŸ“˜TEST_INFO]:reporting.py:51 âœ… STEP completed: Click Create project button on the main page
INFO     [ğŸ“˜TEST_INFO]:reporting.py:225 ğŸ“¸ Screenshot captured and attached (success): /home/runner/work/apolo-test-automation/apolo-test-automation/reports/screenshots/ui_click_create_proj_button_main_page_success_0f7314.png
INFO     [ğŸ“˜TEST_INFO]:reporting.py:37 â–¶ï¸ STEP started: Verify Create project popup displayed
INFO     [ğŸ­ Playwright]:base_page.py:16 <CreateProjectPopup>: Check if page loaded
INFO     [ğŸ“˜TEST_INFO]:reporting.py:51 âœ… STEP completed: Verify Create project popup displayed
INFO     [ğŸ“˜TEST_INFO]:reporting.py:225 ğŸ“¸ Screenshot captured and attached (success): /home/runner/work/apolo-test-automation/apolo-test-automation/reports/screenshots/verify_ui_popup_displayed_success_0ccaef.png
INFO     [ğŸ“˜TEST_INFO]:reporting.py:37 â–¶ï¸ STEP started: Enter project name
INFO     [ğŸ­ Playwright]:base_page.py:16 <CreateProjectPopup>: Enter new project name regression-proj-n8vxao3ntr
INFO     [ğŸ“˜TEST_INFO]:reporting.py:51 âœ… STEP completed: Enter project name
INFO     [ğŸ“˜TEST_INFO]:reporting.py:225 ğŸ“¸ Screenshot captured and attached (success): /home/runner/work/apolo-test-automation/apolo-test-automation/reports/screenshots/ui_enter_proj_name_success_51f1ae.png
INFO     [ğŸ“˜TEST_INFO]:reporting.py:37 â–¶ï¸ STEP started: Select user role
INFO     [ğŸ­ Playwright]:base_page.py:16 <CreateProjectPopup>: Select default role Reader
INFO     [ğŸ“˜TEST_INFO]:reporting.py:51 âœ… STEP completed: Select user role
INFO     [ğŸ“˜TEST_INFO]:reporting.py:225 ğŸ“¸ Screenshot captured and attached (success): /home/runner/work/apolo-test-automation/apolo-test-automation/reports/screenshots/ui_select_role_success_fc860c.png
INFO     [ğŸ“˜TEST_INFO]:reporting.py:37 â–¶ï¸ STEP started: Click Create button
INFO     [ğŸ­ Playwright]:base_page.py:16 <CreateProjectPopup>: Click create button
WARNING  [ğŸ”§TEST CONFIG]:conftest.py:405 [HTTP 404] GET https://api.dev.apolo.us/apis/admin/v1/clusters/default/orgs/regression-org-citfdh8c1j1q/projects/regression-proj-n8vxao3ntr
Request Body:
<not available>
Response Body (first 1000 chars):
{"error": "Project 'regression-proj-n8vxao3ntr' not found in cluster 'default' in org 'regression-org-citfdh8c1j1q'"}
INFO     [ğŸ“˜TEST_INFO]:reporting.py:51 âœ… STEP completed: Click Create button
INFO     [ğŸ“˜TEST_INFO]:reporting.py:225 ğŸ“¸ Screenshot captured and attached (success): /home/runner/work/apolo-test-automation/apolo-test-automation/reports/screenshots/ui_click_create_button_success_3d0e3b.png
INFO     [ğŸ“˜TEST_INFO]:reporting.py:37 â–¶ï¸ STEP started: Wait for Create project popup disappear
INFO     [ğŸ­ Playwright]:base_page.py:16 <CreateProjectPopup>: Wait for Create project popup to disappear
WARNING  [ğŸ”§TEST CONFIG]:conftest.py:405 [HTTP 201] POST https://api.dev.apolo.us/apis/admin/v1/clusters/default/orgs/regression-org-citfdh8c1j1q/projects
Request Body:
<not available>
Response Body (first 1000 chars):
{"name": "regression-proj-n8vxao3ntr", "cluster_name": "default", "org_name": "regression-org-citfdh8c1j1q", "is_default": false, "default_role": "reader"}
WARNING  [ğŸ”§TEST CONFIG]:conftest.py:405 [HTTP 200] GET https://api.dev.apolo.us/apis/apps/v1/cluster/default/org/regression-org-citfdh8c1j1q/project/regression-proj-n8vxao3ntr/templates
Request Body:
<not available>
Response Body (first 1000 chars):
[{"name":"aws-s3","title":"AWS S3","pub_date":"2025-01-01T00:00:00Z","description":"AWS S3 Storage","short_description":"","schema_version":1,"version":"HEAD","input":{"$defs":{"ApoloSecret":{"properties":{"key":{"title":"Key","type":"string"}},"required":["key"],"title":"ApoloSecret","type":"object","x-description":"Apolo Secret Configuration.","x-is-advanced-field":false,"x-meta-type":"integration","x-title":"Secret"},"S3Params":{"properties":{"port":{"title":"Port","type":"integer"},"host":{"anyOf":[{"type":"string"},{"type":"null"}],"default":null,"title":"Host"},"bucket":{"anyOf":[{"type":"string"},{"type":"null"}],"default":null,"title":"Bucket"},"access_key":{"anyOf":[{"type":"string"},{"type":"null"}],"default":null,"title":"Access Key"},"secret_key":{"anyOf":[{"$ref":"#/$defs/ApoloSecret"},{"type":"null"}],"default":null}},"required":["port"],"title":"S3Params","type":"object"}},"properties":{"s3":{"$ref":"#/$defs/S3Params"}},"required":["s3"],"title":"AwsS3Input","type":"obje
WARNING  [ğŸ”§TEST CONFIG]:conftest.py:405 [HTTP 200] GET https://api.dev.apolo.us/api/v1/config
Request Body:
<not available>
Response Body (first 1000 chars):
{"authorized": true, "orgs": [{"name": "regression-org-citfdh8c1j1q", "role": "admin"}], "clusters": [{"name": "default", "registry_url": "https://registry.api.dev.apolo.us", "storage_url": "https://api.dev.apolo.us/api/v1/storage", "monitoring_url": "https://monitoring.api.dev.apolo.us/api/v1/jobs", "secrets_url": "https://api.dev.apolo.us/api/v1/secrets", "metrics_url": "https://grafana.dev.apolo.us", "disks_url": "https://api.dev.apolo.us/api/v1/disk", "buckets_url": "https://api.dev.apolo.us/api/v1/buckets", "resource_pool_types": [{"name": "default", "min_size": 1, "max_size": 20, "cpu": 4, "available_cpu": 3.3, "memory": 16106127360, "available_memory": 11813676647, "disk_size": 161061273600, "available_disk_size": 150000000000}, {"name": "g2-standard-4", "min_size": 0, "max_size": 10, "cpu": 4, "available_cpu": 3, "memory": 17179869184, "available_memory": 16106127360, "disk_size": 322122547200, "available_disk_size": 150000000000, "nvidia_gpu": 1, "nvidia_gpu_model": "nvidia-l4
WARNING  [ğŸ”§TEST CONFIG]:conftest.py:405 [HTTP 200] GET https://api.dev.apolo.us/apis/apps/v1/cluster/default/org/regression-org-citfdh8c1j1q/project/regression-proj-n8vxao3ntr/instances?size=100
Request Body:
<not available>
Response Body (first 1000 chars):
{"items":[],"total":0,"page":1,"size":100,"pages":0}
WARNING  [ğŸ”§TEST CONFIG]:conftest.py:405 [HTTP 200] GET https://api.dev.apolo.us/apis/apps/v1/cluster/default/org/regression-org-citfdh8c1j1q/project/regression-proj-n8vxao3ntr/templates?limit=50&offset=0
Request Body:
<not available>
Response Body (first 1000 chars):
[{"name":"aws-s3","title":"AWS S3","pub_date":"2025-01-01T00:00:00Z","description":"AWS S3 Storage","short_description":"","schema_version":1,"version":"HEAD","input":{"$defs":{"ApoloSecret":{"properties":{"key":{"title":"Key","type":"string"}},"required":["key"],"title":"ApoloSecret","type":"object","x-description":"Apolo Secret Configuration.","x-is-advanced-field":false,"x-meta-type":"integration","x-title":"Secret"},"S3Params":{"properties":{"port":{"title":"Port","type":"integer"},"host":{"anyOf":[{"type":"string"},{"type":"null"}],"default":null,"title":"Host"},"bucket":{"anyOf":[{"type":"string"},{"type":"null"}],"default":null,"title":"Bucket"},"access_key":{"anyOf":[{"type":"string"},{"type":"null"}],"default":null,"title":"Access Key"},"secret_key":{"anyOf":[{"$ref":"#/$defs/ApoloSecret"},{"type":"null"}],"default":null}},"required":["port"],"title":"S3Params","type":"object"}},"properties":{"s3":{"$ref":"#/$defs/S3Params"}},"required":["s3"],"title":"AwsS3Input","type":"obje
INFO     [ğŸ“˜TEST_INFO]:reporting.py:51 âœ… STEP completed: Wait for Create project popup disappear
INFO     [ğŸ“˜TEST_INFO]:reporting.py:225 ğŸ“¸ Screenshot captured and attached (success): /home/runner/work/apolo-test-automation/apolo-test-automation/reports/screenshots/ui_wait_to_disappear_success_051af2.png
INFO     [ğŸ“˜TEST_INFO]:reporting.py:37 â–¶ï¸ STEP started: Verify Apps page displayed
INFO     [ğŸ­ Playwright]:base_page.py:16 <AppsPage>: Check if page loaded
INFO     [ğŸ“˜TEST_INFO]:reporting.py:51 âœ… STEP completed: Verify Apps page displayed
INFO     [ğŸ“˜TEST_INFO]:reporting.py:225 ğŸ“¸ Screenshot captured and attached (success): /home/runner/work/apolo-test-automation/apolo-test-automation/reports/screenshots/verify_ui_page_displayed_success_5d5f46.png
INFO     [ğŸ“˜TEST_INFO]:reporting.py:51 âœ… STEP completed: Create first project from main page
INFO     [ğŸ“˜TEST_INFO]:reporting.py:225 ğŸ“¸ Screenshot captured and attached (success): /home/runner/work/apolo-test-automation/apolo-test-automation/reports/screenshots/ui_create_first_proj_from_main_page_success_6c34f7.png
INFO     [ğŸ”§TEST CONFIG]:conftest.py:363 Navigating to: https://console.dev.apolo.us/
WARNING  [ğŸ”§TEST CONFIG]:conftest.py:405 [HTTP 200] GET https://api.dev.apolo.us/api/v1/config
Request Body:
<not available>
Response Body (first 1000 chars):
{"authorized": false, "auth_url": "https://auth.dev.apolo.us/authorize", "token_url": "https://auth.dev.apolo.us/oauth/token", "logout_url": "https://auth.dev.apolo.us/v2/logout?returnTo=https://console.dev.apolo.us", "client_id": "q3I0OzzGnTDkhRmpeJ7WWgaTCucmVxTL", "audience": "https://api.dev.apolo.us", "callback_urls": ["http://127.0.0.1:54540", "http://127.0.0.1:54541", "http://127.0.0.1:54542"], "headless_callback_url": "https://api.dev.apolo.us/oauth/show-code", "success_redirect_url": "https://api.dev.apolo.us/oauth/login"}
INFO     [ğŸ“„ TestCaseInfo]:base_test_class.py:83 ::::::::::::::: User2 login
INFO     [ğŸ“˜TEST_INFO]:reporting.py:37 â–¶ï¸ STEP started: <<User2>> :: Get second user
INFO     [ğŸ“˜TEST_INFO]:reporting.py:51 âœ… STEP completed: <<User2>> :: Get second user
INFO     [ğŸ“˜TEST_INFO]:reporting.py:225 ğŸ“¸ Screenshot captured and attached (success): /home/runner/work/apolo-test-automation/apolo-test-automation/reports/screenshots/ui_get_second_user_success_f08ba8.png
INFO     [ğŸ“˜TEST_INFO]:reporting.py:37 â–¶ï¸ STEP started: <<User2>> :: Login via UI
INFO     [ğŸ“˜TEST_INFO]:reporting.py:37 â–¶ï¸ STEP started: <<User2>> :: Click login button
INFO     [ğŸ­ Playwright]:base_page.py:16 <AuthPage>: Click log in button
INFO     [ğŸ“˜TEST_INFO]:reporting.py:51 âœ… STEP completed: <<User2>> :: Click login button
INFO     [ğŸ“˜TEST_INFO]:reporting.py:225 ğŸ“¸ Screenshot captured and attached (success): /home/runner/work/apolo-test-automation/apolo-test-automation/reports/screenshots/ui_click_login_button_success_160894.png
INFO     [ğŸ“˜TEST_INFO]:reporting.py:37 â–¶ï¸ STEP started: <<User2>> :: Enter email
INFO     [ğŸ­ Playwright]:base_page.py:16 <LoginPage>: Enter regression-p9ra7g3n3o@apolo.us email
INFO     [ğŸ“˜TEST_INFO]:reporting.py:51 âœ… STEP completed: <<User2>> :: Enter email
INFO     [ğŸ“˜TEST_INFO]:reporting.py:225 ğŸ“¸ Screenshot captured and attached (success): /home/runner/work/apolo-test-automation/apolo-test-automation/reports/screenshots/ui_enter_email_success_334034.png
INFO     [ğŸ“˜TEST_INFO]:reporting.py:37 â–¶ï¸ STEP started: <<User2>> :: Enter password
INFO     [ğŸ­ Playwright]:base_page.py:16 <LoginPage>: Enter ********* password
INFO     [ğŸ“˜TEST_INFO]:reporting.py:51 âœ… STEP completed: <<User2>> :: Enter password
INFO     [ğŸ“˜TEST_INFO]:reporting.py:225 ğŸ“¸ Screenshot captured and attached (success): /home/runner/work/apolo-test-automation/apolo-test-automation/reports/screenshots/ui_enter_password_success_fcf7b9.png
INFO     [ğŸ“˜TEST_INFO]:reporting.py:37 â–¶ï¸ STEP started: <<User2>> :: Click Continue button
INFO     [ğŸ­ Playwright]:base_page.py:16 <LoginPage>: Click continue button
WARNING  [ğŸ”§TEST CONFIG]:conftest.py:405 [HTTP 200] GET https://api.dev.apolo.us/api/v1/config
Request Body:
<not available>
Response Body (first 1000 chars):
{"authorized": true, "orgs": [], "clusters": [], "projects": [], "admin_url": "https://api.dev.apolo.us/apis/admin/v1", "auth_url": "https://auth.dev.apolo.us/authorize", "token_url": "https://auth.dev.apolo.us/oauth/token", "logout_url": "https://auth.dev.apolo.us/v2/logout?returnTo=https://console.dev.apolo.us", "client_id": "q3I0OzzGnTDkhRmpeJ7WWgaTCucmVxTL", "audience": "https://api.dev.apolo.us", "callback_urls": ["http://127.0.0.1:54540", "http://127.0.0.1:54541", "http://127.0.0.1:54542"], "headless_callback_url": "https://api.dev.apolo.us/oauth/show-code", "success_redirect_url": "https://api.dev.apolo.us/oauth/login"}
WARNING  [ğŸ”§TEST CONFIG]:conftest.py:405 [HTTP 200] GET https://api.dev.apolo.us/api/v1/users/regression-p9ra7g3n3o/permissions?uri=blob:
Request Body:
<not available>
Response Body (first 1000 chars):
[]
WARNING  [ğŸ”§TEST CONFIG]:conftest.py:405 [HTTP 200] GET https://api.dev.apolo.us/apis/admin/v1/invites/incoming
Request Body:
<not available>
Response Body (first 1000 chars):
[]
WARNING  [ğŸ”§TEST CONFIG]:conftest.py:405 [HTTP 200] GET https://api.dev.apolo.us/apis/admin/v1/users/regression-p9ra7g3n3o?include=clusters&include=system_role
Request Body:
<not available>
Response Body (first 1000 chars):
{"name": "regression-p9ra7g3n3o", "email": "regression-p9ra7g3n3o@apolo.us", "first_name": null, "last_name": null, "created_at": "2025-09-06T05:59:17.513281+00:00", "terms_accepted": true, "clusters": []}
WARNING  [ğŸ”§TEST CONFIG]:conftest.py:405 [HTTP 200] GET https://api.dev.apolo.us/apis/admin/v1/users/regression-p9ra7g3n3o?include=orgs
Request Body:
<not available>
Response Body (first 1000 chars):
{"name": "regression-p9ra7g3n3o", "email": "regression-p9ra7g3n3o@apolo.us", "first_name": null, "last_name": null, "created_at": "2025-09-06T05:59:17.513281+00:00", "terms_accepted": true, "orgs": []}
INFO     [ğŸ­ Playwright]:base_page.py:16 <LoginPage>: Waiting for spinner
INFO     [ğŸ­ Playwright]:base_page.py:16 <LoginPage>: Timeout error for spinner
INFO     [ğŸ“˜TEST_INFO]:reporting.py:51 âœ… STEP completed: <<User2>> :: Click Continue button
INFO     [ğŸ“˜TEST_INFO]:reporting.py:225 ğŸ“¸ Screenshot captured and attached (success): /home/runner/work/apolo-test-automation/apolo-test-automation/reports/screenshots/ui_click_continue_button_success_8385db.png
INFO     [ğŸ“˜TEST_INFO]:reporting.py:37 â–¶ï¸ STEP started: <<User2>> :: Verify that Welcome new user page displayed
INFO     [ğŸ­ Playwright]:base_page.py:16 <WelcomeNewUserPage>: Check if page loaded
INFO     [ğŸ“˜TEST_INFO]:reporting.py:51 âœ… STEP completed: <<User2>> :: Verify that Welcome new user page displayed
INFO     [ğŸ“˜TEST_INFO]:reporting.py:225 ğŸ“¸ Screenshot captured and attached (success): /home/runner/work/apolo-test-automation/apolo-test-automation/reports/screenshots/verify_ui_page_displayed_success_d364f6.png
INFO     [ğŸ“˜TEST_INFO]:reporting.py:51 âœ… STEP completed: <<User2>> :: Login via UI
INFO     [ğŸ“˜TEST_INFO]:reporting.py:225 ğŸ“¸ Screenshot captured and attached (success): /home/runner/work/apolo-test-automation/apolo-test-automation/reports/screenshots/ui_login_success_8f3c3c.png
INFO     [ğŸ“„ TestCaseInfo]:base_test_class.py:83 ::::::::::::::: User1 invite User2 to organization
INFO     [ğŸ“˜TEST_INFO]:reporting.py:37 â–¶ï¸ STEP started: Invite user to organization via UI
INFO     [ğŸ“˜TEST_INFO]:reporting.py:37 â–¶ï¸ STEP started: Click User Organization settings button
INFO     [ğŸ­ Playwright]:base_page.py:16 <MainPage>: Click organization settings button
INFO     [ğŸ“˜TEST_INFO]:reporting.py:51 âœ… STEP completed: Click User Organization settings button
INFO     [ğŸ“˜TEST_INFO]:reporting.py:225 ğŸ“¸ Screenshot captured and attached (success): /home/runner/work/apolo-test-automation/apolo-test-automation/reports/screenshots/ui_click_organization_settings_button_success_bf3237.png
INFO     [ğŸ“˜TEST_INFO]:reporting.py:37 â–¶ï¸ STEP started: Verify that Organization settings pop up displayed
INFO     [ğŸ­ Playwright]:base_page.py:16 <OrganizationSettingsPopup>: Check if page loaded
INFO     [ğŸ“˜TEST_INFO]:reporting.py:51 âœ… STEP completed: Verify that Organization settings pop up displayed
INFO     [ğŸ“˜TEST_INFO]:reporting.py:225 ğŸ“¸ Screenshot captured and attached (success): /home/runner/work/apolo-test-automation/apolo-test-automation/reports/screenshots/verify_ui_popup_displayed_success_4fb291.png
INFO     [ğŸ“˜TEST_INFO]:reporting.py:37 â–¶ï¸ STEP started: Click People button
INFO     [ğŸ­ Playwright]:base_page.py:16 <OrganizationSettingsPopup>: Click People button
WARNING  [ğŸ”§TEST CONFIG]:conftest.py:405 [HTTP 200] GET https://api.dev.apolo.us/apis/apps/v1/cluster/default/org/regression-org-citfdh8c1j1q/project/regression-proj-n8vxao3ntr/instances?size=100
Request Body:
<not available>
Response Body (first 1000 chars):
{"items":[],"total":0,"page":1,"size":100,"pages":0}
INFO     [ğŸ­ Playwright]:base_page.py:16 <OrganizationSettingsPopup>: Waiting for spinner
INFO     [ğŸ­ Playwright]:base_page.py:16 <OrganizationSettingsPopup>: Waiting for spinner to disappear
WARNING  [ğŸ”§TEST CONFIG]:conftest.py:405 [HTTP 200] GET https://api.dev.apolo.us/apis/admin/v1/orgs/regression-org-citfdh8c1j1q/users/regression-gp20bbfikv
Request Body:
<not available>
Response Body (first 1000 chars):
{"user_name": "regression-gp20bbfikv", "role": "admin", "balance": {"spent_credits": "0"}}
WARNING  [ğŸ”§TEST CONFIG]:conftest.py:405 [HTTP 200] GET https://api.dev.apolo.us/apis/admin/v1/invites
Request Body:
<not available>
Response Body (first 1000 chars):
[]
WARNING  [ğŸ”§TEST CONFIG]:conftest.py:405 [HTTP 200] GET https://api.dev.apolo.us/apis/admin/v1/orgs/regression-org-citfdh8c1j1q/users?with_user_info=true
Request Body:
<not available>
Response Body (first 1000 chars):
[{"user_name": "regression-gp20bbfikv", "role": "admin", "balance": {"spent_credits": "0"}, "user_info": {"email": "regression-gp20bbfikv@apolo.us", "first_name": null, "last_name": null, "created_at": "2025-09-06T05:58:27.383522+00:00"}}]
INFO     [ğŸ“˜TEST_INFO]:reporting.py:51 âœ… STEP completed: Click People button
INFO     [ğŸ“˜TEST_INFO]:reporting.py:225 ğŸ“¸ Screenshot captured and attached (success): /home/runner/work/apolo-test-automation/apolo-test-automation/reports/screenshots/ui_click_people_button_success_a9b8aa.png
INFO     [ğŸ“˜TEST_INFO]:reporting.py:37 â–¶ï¸ STEP started: Verify that Organization people page displayed
INFO     [ğŸ­ Playwright]:base_page.py:16 <OrganizationPeoplePage>: Check if page loaded
INFO     [ğŸ“˜TEST_INFO]:reporting.py:51 âœ… STEP completed: Verify that Organization people page displayed
INFO     [ğŸ“˜TEST_INFO]:reporting.py:225 ğŸ“¸ Screenshot captured and attached (success): /home/runner/work/apolo-test-automation/apolo-test-automation/reports/screenshots/verify_ui_page_displayed_success_133f7d.png
INFO     [ğŸ“˜TEST_INFO]:reporting.py:37 â–¶ï¸ STEP started: Click Invite people button
INFO     [ğŸ­ Playwright]:base_page.py:16 <OrganizationPeoplePage>: Click Invite people button
INFO     [ğŸ“˜TEST_INFO]:reporting.py:51 âœ… STEP completed: Click Invite people button
INFO     [ğŸ“˜TEST_INFO]:reporting.py:225 ğŸ“¸ Screenshot captured and attached (success): /home/runner/work/apolo-test-automation/apolo-test-automation/reports/screenshots/ui_click_invite_people_button_success_a42d1a.png
INFO     [ğŸ“˜TEST_INFO]:reporting.py:37 â–¶ï¸ STEP started: Verify that Invite member popup displayed
INFO     [ğŸ­ Playwright]:base_page.py:16 <InviteOrgMemberPopup>: Check if page loaded
INFO     [ğŸ“˜TEST_INFO]:reporting.py:51 âœ… STEP completed: Verify that Invite member popup displayed
INFO     [ğŸ“˜TEST_INFO]:reporting.py:225 ğŸ“¸ Screenshot captured and attached (success): /home/runner/work/apolo-test-automation/apolo-test-automation/reports/screenshots/verify_ui_popup_displayed_success_9a173e.png
INFO     [ğŸ“˜TEST_INFO]:reporting.py:37 â–¶ï¸ STEP started: Enter email
INFO     [ğŸ­ Playwright]:base_page.py:16 <InviteOrgMemberPopup>: Enter regression-p9ra7g3n3o@apolo.us
INFO     [ğŸ“˜TEST_INFO]:reporting.py:51 âœ… STEP completed: Enter email
INFO     [ğŸ“˜TEST_INFO]:reporting.py:225 ğŸ“¸ Screenshot captured and attached (success): /home/runner/work/apolo-test-automation/apolo-test-automation/reports/screenshots/ui_enter_invite_email_success_1ffcd6.png
INFO     [ğŸ“˜TEST_INFO]:reporting.py:37 â–¶ï¸ STEP started: Select User role in organization
INFO     [ğŸ­ Playwright]:base_page.py:16 <InviteOrgMemberPopup>: Select User role
INFO     [ğŸ“˜TEST_INFO]:reporting.py:51 âœ… STEP completed: Select User role in organization
INFO     [ğŸ“˜TEST_INFO]:reporting.py:225 ğŸ“¸ Screenshot captured and attached (success): /home/runner/work/apolo-test-automation/apolo-test-automation/reports/screenshots/ui_select_user_role_success_dd4777.png
INFO     [ğŸ“˜TEST_INFO]:reporting.py:37 â–¶ï¸ STEP started: Verify that Invite user button appeared
INFO     [ğŸ­ Playwright]:base_page.py:16 <InviteOrgMemberPopup>: Check if Invite user regression-p9ra7g3n3o@apolo.us button displayed
INFO     [ğŸ“˜TEST_INFO]:reporting.py:51 âœ… STEP completed: Verify that Invite user button appeared
INFO     [ğŸ“˜TEST_INFO]:reporting.py:225 ğŸ“¸ Screenshot captured and attached (success): /home/runner/work/apolo-test-automation/apolo-test-automation/reports/screenshots/verify_ui_invite_user_button_displayed_success_819366.png
INFO     [ğŸ“˜TEST_INFO]:reporting.py:37 â–¶ï¸ STEP started: Click Invite user button
INFO     [ğŸ­ Playwright]:base_page.py:16 <InviteOrgMemberPopup>: Click Invite user regression-p9ra7g3n3o@apolo.us
INFO     [ğŸ“˜TEST_INFO]:reporting.py:51 âœ… STEP completed: Click Invite user button
INFO     [ğŸ“˜TEST_INFO]:reporting.py:225 ğŸ“¸ Screenshot captured and attached (success): /home/runner/work/apolo-test-automation/apolo-test-automation/reports/screenshots/ui_click_invite_user_button_success_108cbf.png
INFO     [ğŸ“˜TEST_INFO]:reporting.py:37 â–¶ï¸ STEP started: Click Send invite button
INFO     [ğŸ­ Playwright]:base_page.py:16 <InviteOrgMemberPopup>: Click Send invite button
WARNING  [ğŸ”§TEST CONFIG]:conftest.py:405 [HTTP 200] GET https://api.dev.apolo.us/apis/admin/v1/users?lookup=true
Request Body:
<not available>
Response Body (first 1000 chars):
[{"name": "regression-mbobymm206", "email": "regression-mbobymm206@apolo.us"}, {"name": "regression-0mex0aohuq", "email": "regression-0mex0aohuq@apolo.us"}, {"name": "regression-bhdzaiz03o", "email": "regression-bhdzaiz03o@apolo.us"}, {"name": "regression-lty6yyd3l2", "email": "regression-lty6yyd3l2@apolo.us"}, {"name": "ihorsosnovskyie1", "email": "ihor.sosnovskyi+e1@sandbx.co"}, {"name": "regression-gkqg0p0s6q", "email": "regression-gkqg0p0s6q@apolo.us"}, {"name": "regression-5wi1zufj9q", "email": "regression-5wi1zufj9q@apolo.us"}, {"name": "regression-yf6yslw27i", "email": "regression-yf6yslw27i@apolo.us"}, {"name": "regression-7hztlr4240", "email": "regression-7hztlr4240@apolo.us"}, {"name": "regression-d8jvb2a4vr", "email": "regression-d8jvb2a4vr@apolo.us"}, {"name": "regression-k96stzzxw2", "email": "regression-k96stzzxw2@apolo.us"}, {"name": "regression-f45yikn2kc", "email": "regression-f45yikn2kc@apolo.us"}, {"name": "regression-pz4wto7mm9", "email": "regression-pz4wto7mm9@apol
WARNING  [ğŸ”§TEST CONFIG]:conftest.py:405 [HTTP 201] POST https://api.dev.apolo.us/apis/admin/v1/invites
Request Body:
<not available>
Response Body (first 1000 chars):
{"email": "regression-p9ra7g3n3o@apolo.us", "org_name": "regression-org-citfdh8c1j1q", "status": "pending", "role_name": "user", "created_at": "2025-09-06T07:26:19.691491", "expired_at": "2025-09-13T07:26:19.691491", "id": "e003818331cf4aff9e9225bbac9b6d06"}
WARNING  [ğŸ”§TEST CONFIG]:conftest.py:405 [HTTP 200] GET https://api.dev.apolo.us/apis/admin/v1/invites
Request Body:
<not available>
Response Body (first 1000 chars):
[{"email": "regression-p9ra7g3n3o@apolo.us", "org_name": "regression-org-citfdh8c1j1q", "status": "pending", "role_name": "user", "created_at": "2025-09-06T07:26:19.691491+00:00", "expired_at": "2025-09-13T07:26:19.691491+00:00", "id": "e003818331cf4aff9e9225bbac9b6d06"}]
INFO     [ğŸ“˜TEST_INFO]:reporting.py:51 âœ… STEP completed: Click Send invite button
INFO     [ğŸ“˜TEST_INFO]:reporting.py:225 ğŸ“¸ Screenshot captured and attached (success): /home/runner/work/apolo-test-automation/apolo-test-automation/reports/screenshots/ui_click_send_invite_button_success_0e274b.png
INFO     [ğŸ“˜TEST_INFO]:reporting.py:37 â–¶ï¸ STEP started: Wait for Invite organization member popup to disappear
INFO     [ğŸ­ Playwright]:base_page.py:16 <InviteOrgMemberPopup>: Wait for Invite organization member popup to disappear
INFO     [ğŸ“˜TEST_INFO]:reporting.py:51 âœ… STEP completed: Wait for Invite organization member popup to disappear
INFO     [ğŸ“˜TEST_INFO]:reporting.py:225 ğŸ“¸ Screenshot captured and attached (success): /home/runner/work/apolo-test-automation/apolo-test-automation/reports/screenshots/ui_wait_to_disappear_success_3175c5.png
INFO     [ğŸ“˜TEST_INFO]:reporting.py:51 âœ… STEP completed: Invite user to organization via UI
INFO     [ğŸ“˜TEST_INFO]:reporting.py:225 ğŸ“¸ Screenshot captured and attached (success): /home/runner/work/apolo-test-automation/apolo-test-automation/reports/screenshots/ui_invite_user_to_org_success_04503a.png
INFO     [ğŸ“„ TestCaseInfo]:base_test_class.py:83 ::::::::::::::: User 2 accept invite to organization
INFO     [ğŸ“˜TEST_INFO]:reporting.py:37 â–¶ï¸ STEP started: <<User2>> :: Reload page
WARNING  [ğŸ”§TEST CONFIG]:conftest.py:405 [HTTP 200] GET https://api.dev.apolo.us/api/v1/config
Request Body:
<not available>
Response Body (first 1000 chars):
{"authorized": true, "orgs": [], "clusters": [], "projects": [], "admin_url": "https://api.dev.apolo.us/apis/admin/v1", "auth_url": "https://auth.dev.apolo.us/authorize", "token_url": "https://auth.dev.apolo.us/oauth/token", "logout_url": "https://auth.dev.apolo.us/v2/logout?returnTo=https://console.dev.apolo.us", "client_id": "q3I0OzzGnTDkhRmpeJ7WWgaTCucmVxTL", "audience": "https://api.dev.apolo.us", "callback_urls": ["http://127.0.0.1:54540", "http://127.0.0.1:54541", "http://127.0.0.1:54542"], "headless_callback_url": "https://api.dev.apolo.us/oauth/show-code", "success_redirect_url": "https://api.dev.apolo.us/oauth/login"}
WARNING  [ğŸ”§TEST CONFIG]:conftest.py:405 [HTTP 200] GET https://api.dev.apolo.us/api/v1/users/regression-p9ra7g3n3o/permissions?uri=blob:
Request Body:
<not available>
Response Body (first 1000 chars):
[]
WARNING  [ğŸ”§TEST CONFIG]:conftest.py:405 [HTTP 200] GET https://api.dev.apolo.us/apis/admin/v1/invites/incoming
Request Body:
<not available>
Response Body (first 1000 chars):
[{"email": "regression-p9ra7g3n3o@apolo.us", "org_name": "regression-org-citfdh8c1j1q", "status": "pending", "role_name": "user", "created_at": "2025-09-06T07:26:19.691491+00:00", "expired_at": "2025-09-13T07:26:19.691491+00:00", "id": "e003818331cf4aff9e9225bbac9b6d06"}]
WARNING  [ğŸ”§TEST CONFIG]:conftest.py:405 [HTTP 200] GET https://api.dev.apolo.us/apis/admin/v1/users/regression-p9ra7g3n3o?include=orgs
Request Body:
<not available>
Response Body (first 1000 chars):
{"name": "regression-p9ra7g3n3o", "email": "regression-p9ra7g3n3o@apolo.us", "first_name": null, "last_name": null, "created_at": "2025-09-06T05:59:17.513281+00:00", "terms_accepted": true, "orgs": []}
WARNING  [ğŸ”§TEST CONFIG]:conftest.py:405 [HTTP 200] GET https://api.dev.apolo.us/apis/admin/v1/users/regression-p9ra7g3n3o?include=clusters&include=system_role
Request Body:
<not available>
Response Body (first 1000 chars):
{"name": "regression-p9ra7g3n3o", "email": "regression-p9ra7g3n3o@apolo.us", "first_name": null, "last_name": null, "created_at": "2025-09-06T05:59:17.513281+00:00", "terms_accepted": true, "clusters": []}
INFO     [ğŸ­ Playwright]:base_page.py:16 <MainPage>: Waiting for spinner
WARNING  [ğŸ”§TEST CONFIG]:conftest.py:405 [HTTP 200] GET https://api.dev.apolo.us/apis/apps/v1/cluster/default/org/regression-org-citfdh8c1j1q/project/regression-proj-n8vxao3ntr/instances?size=100
Request Body:
<not available>
Response Body (first 1000 chars):
{"items":[],"total":0,"page":1,"size":100,"pages":0}
INFO     [ğŸ­ Playwright]:base_page.py:16 <MainPage>: Timeout error for spinner
INFO     [ğŸ“˜TEST_INFO]:reporting.py:51 âœ… STEP completed: <<User2>> :: Reload page
INFO     [ğŸ“˜TEST_INFO]:reporting.py:225 ğŸ“¸ Screenshot captured and attached (success): /home/runner/work/apolo-test-automation/apolo-test-automation/reports/screenshots/ui_reload_page_success_d31865.png
INFO     [ğŸ“˜TEST_INFO]:reporting.py:37 â–¶ï¸ STEP started: <<User2>> :: Click the let's do it button on Welcome page
INFO     [ğŸ­ Playwright]:base_page.py:16 <WelcomeNewUserPage>: Click lets do it button
INFO     [ğŸ“˜TEST_INFO]:reporting.py:51 âœ… STEP completed: <<User2>> :: Click the let's do it button on Welcome page
INFO     [ğŸ“˜TEST_INFO]:reporting.py:225 ğŸ“¸ Screenshot captured and attached (success): /home/runner/work/apolo-test-automation/apolo-test-automation/reports/screenshots/ui_click_lets_do_it_button_success_da1923.png
INFO     [ğŸ“˜TEST_INFO]:reporting.py:37 â–¶ï¸ STEP started: <<User2>> :: Verify that Invited to organization page displayed
INFO     [ğŸ­ Playwright]:base_page.py:16 <InvitedToOrgPage>: Check if page loaded
INFO     [ğŸ“˜TEST_INFO]:reporting.py:51 âœ… STEP completed: <<User2>> :: Verify that Invited to organization page displayed
INFO     [ğŸ“˜TEST_INFO]:reporting.py:225 ğŸ“¸ Screenshot captured and attached (success): /home/runner/work/apolo-test-automation/apolo-test-automation/reports/screenshots/verify_ui_page_displayed_success_a35172.png
INFO     [ğŸ“˜TEST_INFO]:reporting.py:37 â–¶ï¸ STEP started: <<User2>> :: Click Accept and Go button
INFO     [ğŸ­ Playwright]:base_page.py:16 <InvitedToOrgPage>: Click accept and Go button
INFO     [ğŸ­ Playwright]:base_page.py:16 <InvitedToOrgPage>: Wait for network idle
INFO     [ğŸ­ Playwright]:base_page.py:16 <InvitedToOrgPage>: Network idle done
INFO     [ğŸ­ Playwright]:base_page.py:16 <InvitedToOrgPage>: Waiting for spinner
WARNING  [ğŸ”§TEST CONFIG]:conftest.py:405 [HTTP 200] GET https://api.dev.apolo.us/api/v1/config
Request Body:
<not available>
Response Body (first 1000 chars):
{"authorized": true, "orgs": [], "clusters": [{"name": "default", "registry_url": "https://registry.api.dev.apolo.us", "storage_url": "https://api.dev.apolo.us/api/v1/storage", "monitoring_url": "https://monitoring.api.dev.apolo.us/api/v1/jobs", "secrets_url": "https://api.dev.apolo.us/api/v1/secrets", "metrics_url": "https://grafana.dev.apolo.us", "disks_url": "https://api.dev.apolo.us/api/v1/disk", "buckets_url": "https://api.dev.apolo.us/api/v1/buckets", "resource_pool_types": [{"name": "default", "min_size": 1, "max_size": 20, "cpu": 4, "available_cpu": 3.3, "memory": 16106127360, "available_memory": 11813676647, "disk_size": 161061273600, "available_disk_size": 150000000000}, {"name": "g2-standard-4", "min_size": 0, "max_size": 10, "cpu": 4, "available_cpu": 3, "memory": 17179869184, "available_memory": 16106127360, "disk_size": 322122547200, "available_disk_size": 150000000000, "nvidia_gpu": 1, "nvidia_gpu_model": "nvidia-l4"}, {"name": "a2-highgpu-1g", "min_size": 0, "max_size":
WARNING  [ğŸ”§TEST CONFIG]:conftest.py:405 [HTTP 200] GET https://api.dev.apolo.us/api/v1/users/regression-p9ra7g3n3o/permissions?uri=blob:
Request Body:
<not available>
Response Body (first 1000 chars):
[]
INFO     [ğŸ­ Playwright]:base_page.py:16 <InvitedToOrgPage>: Waiting for spinner to disappear
WARNING  [ğŸ”§TEST CONFIG]:conftest.py:405 [HTTP 200] GET https://api.dev.apolo.us/apis/apps/v1/cluster/default/org/regression-org-citfdh8c1j1q/project/regression-proj-n8vxao3ntr/instances?size=100
Request Body:
<not available>
Response Body (first 1000 chars):
{"items":[],"total":0,"page":1,"size":100,"pages":0}
WARNING  [ğŸ”§TEST CONFIG]:conftest.py:405 [HTTP 200] GET https://api.dev.apolo.us/apis/admin/v1/invites/incoming
Request Body:
<not available>
Response Body (first 1000 chars):
[]
WARNING  [ğŸ”§TEST CONFIG]:conftest.py:405 [HTTP 200] GET https://api.dev.apolo.us/apis/admin/v1/users/regression-p9ra7g3n3o?include=clusters&include=system_role
Request Body:
<not available>
Response Body (first 1000 chars):
{"name": "regression-p9ra7g3n3o", "email": "regression-p9ra7g3n3o@apolo.us", "first_name": null, "last_name": null, "created_at": "2025-09-06T05:59:17.513281+00:00", "terms_accepted": true, "clusters": [{"cluster_name": "default", "role": "user", "org_name": "regression-org-citfdh8c1j1q", "balance": {"spent_credits": "0"}}]}
WARNING  [ğŸ”§TEST CONFIG]:conftest.py:405 [HTTP 200] GET https://api.dev.apolo.us/apis/admin/v1/users/regression-p9ra7g3n3o?include=orgs
Request Body:
<not available>
Response Body (first 1000 chars):
{"name": "regression-p9ra7g3n3o", "email": "regression-p9ra7g3n3o@apolo.us", "first_name": null, "last_name": null, "created_at": "2025-09-06T05:59:17.513281+00:00", "terms_accepted": true, "orgs": [{"org_name": "regression-org-citfdh8c1j1q", "role": "user", "balance": {"spent_credits": "0"}}]}
INFO     [ğŸ“˜TEST_INFO]:reporting.py:51 âœ… STEP completed: <<User2>> :: Click Accept and Go button
INFO     [ğŸ“˜TEST_INFO]:reporting.py:225 ğŸ“¸ Screenshot captured and attached (success): /home/runner/work/apolo-test-automation/apolo-test-automation/reports/screenshots/ui_click_accept_and_go_button_success_fad541.png
INFO     [ğŸ“˜TEST_INFO]:reporting.py:37 â–¶ï¸ STEP started: <<User2>> :: Verify project creation message is displayed
INFO     [ğŸ­ Playwright]:base_page.py:16 <MainPage>: Check if create project text field displayed
ERROR    [ğŸ“˜TEST_INFO]:reporting.py:56 âŒ STEP failed: <<User2>> :: Verify project creation message is displayed
INFO     [ğŸ“˜TEST_INFO]:reporting.py:225 ğŸ“¸ Screenshot captured and attached (fail): /home/runner/work/apolo-test-automation/apolo-test-automation/reports/screenshots/verify_ui_create_project_message_displayed_fail_82ddfe.png
ERROR    [ğŸ“˜TEST_INFO]:reporting.py:95 âŒ TEST failed: Invite member of organization to project via UI
Exception: [AssertionError] during step: <<User2>> :: Verify project creation message is displayed
Message: Organization regression-org-citfdh8c1j1q does not have a project creation message
INFO     [ğŸ“˜TEST_INFO]:reporting.py:98 ------------------------------------------------------------
INFO     [ğŸŒAPI_helper]:api_helper.py:44 GET https://api.dev.apolo.us/apis/admin/v1/orgs
WARNING  [ğŸ”§TEST CONFIG]:conftest.py:405 [HTTP 200] GET https://api.dev.apolo.us/apis/apps/v1/cluster/default/org/regression-org-citfdh8c1j1q/project/regression-proj-n8vxao3ntr/instances?size=100
Request Body:
<not available>
Response Body (first 1000 chars):
{"items":[],"total":0,"page":1,"size":100,"pages":0}
INFO     [ğŸŒAPI_helper]:api_helper.py:135 Status: 200. Response: [{'name': 'regression-org-citfdh8c1j1q', 'balance': {'credits': '500', 'spent_credits': '0'}, 'user_default_credits': None, 'notification_intervals': {'balance_projection_seconds': [604800, 259200, 86400], 'balance_amount': [0], 'balance_depletion_seconds': [86400, 604800]}}]
INFO     [ğŸ”§TEST CONFIG]:conftest.py:276 Cleaning up 1 organisations
INFO     [ğŸŒAPI_helper]:api_helper.py:142 Delete organization response: <ClientResponse(https://api.dev.apolo.us/apis/admin/v1/orgs/regression-org-citfdh8c1j1q) [200 OK]>
<CIMultiDictProxy('Access-Control-Allow-Credentials': 'true', 'Content-Length': '274', 'Content-Type': 'application/json; charset=utf-8', 'Date': 'Sat, 06 Sep 2025 07:27:04 GMT', 'Server': 'Python/3.13 aiohttp/3.12.15', 'Vary': 'Origin', 'x-service-version': 'platform-admin/0.0.0.post1.dev0+6d79a26', 'Via': '1.1 google', 'Alt-Svc': 'h3=":443"; ma=2592000,h3-29=":443"; ma=2592000')>

INFO     [ğŸ”§TEST CONFIG]:conftest.py:301 Removed organisation: regression-org-citfdh8c1j1q
INFO     [ğŸ”§TEST CONFIG]:conftest.py:306 Closing all browser sessions
INFO     [ğŸ”§TEST CONFIG]:conftest.py:312 Stopped Playwright
WARNING  [ğŸ”§TEST CONFIG]:conftest.py:322 Failed to close context: BrowserContext.close: Target page, context or browser has been closed
INFO     [ğŸ”§TEST CONFIG]:conftest.py:327 Closed browser (post-stop)
INFO     [ğŸ”§TEST CONFIG]:conftest.py:312 Stopped Playwright
WARNING  [ğŸ”§TEST CONFIG]:conftest.py:322 Failed to close context: BrowserContext.close: Target page, context or browser has been closed
INFO     [ğŸ”§TEST CONFIG]:conftest.py:327 Closed browser (post-stop)
INFO     [ğŸ”§TEST CONFIG]:conftest.py:332 Browser cleanup finished
INFO     [ğŸ”§TEST CONFIG]:conftest.py:83 Loading test configuration
INFO     [ğŸ”§TEST CONFIG]:conftest.py:363 Navigating to: https://console.dev.apolo.us/
WARNING  [ğŸ”§TEST CONFIG]:conftest.py:405 [HTTP 200] GET https://api.dev.apolo.us/api/v1/config
Request Body:
<not available>
Response Body (first 1000 chars):
{"authorized": false, "auth_url": "https://auth.dev.apolo.us/authorize", "token_url": "https://auth.dev.apolo.us/oauth/token", "logout_url": "https://auth.dev.apolo.us/v2/logout?returnTo=https://console.dev.apolo.us", "client_id": "q3I0OzzGnTDkhRmpeJ7WWgaTCucmVxTL", "audience": "https://api.dev.apolo.us", "callback_urls": ["http://127.0.0.1:54540", "http://127.0.0.1:54541", "http://127.0.0.1:54542"], "headless_callback_url": "https://api.dev.apolo.us/oauth/show-code", "success_redirect_url": "https://api.dev.apolo.us/oauth/login"}
INFO     [ğŸ”§TEST CONFIG]:conftest.py:89 Creating data manager
INFO     [ğŸ”§TEST CONFIG]:conftest.py:115 Creating users manager
INFO     [ğŸ”§TEST CONFIG]:conftest.py:101 Creating API helper
INFO     [ğŸ”§TEST CONFIG]:conftest.py:109 Creating Apolo CLI instance
INFO     [ğŸ”§TEST CONFIG]:conftest.py:190 Continue using UserData(email='regression-gp20bbfikv@apolo.us', username='regression-gp20bbfikv', password='jP1jOS^A3P27') as main test user...
INFO     [ğŸ‘¤UsersManager]:users_manager.py:73 Setting main user to UserData(email='regression-gp20bbfikv@apolo.us', username='regression-gp20bbfikv', password='jP1jOS^A3P27')
INFO     [ğŸ”§TEST CONFIG]:conftest.py:220 Continue using UserData(email='regression-p9ra7g3n3o@apolo.us', username='regression-p9ra7g3n3o', password='5PyJ!uyMUZmQ') as second test user...
INFO     [ğŸ‘¤UsersManager]:users_manager.py:82 Setting second user to UserData(email='regression-p9ra7g3n3o@apolo.us', username='regression-p9ra7g3n3o', password='5PyJ!uyMUZmQ')
INFO     [ğŸ”§TEST CONFIG]:conftest.py:225 Continue using UserData(email='regression-td1v3hjrce@apolo.us', username='regression-td1v3hjrce', password='y1IUu6kEwa2^') as third test user...
INFO     [ğŸ‘¤UsersManager]:users_manager.py:91 Setting third user to UserData(email='regression-td1v3hjrce@apolo.us', username='regression-td1v3hjrce', password='y1IUu6kEwa2^')
INFO     [ğŸ“˜TEST_INFO]:reporting.py:86 ------------------------------------------------------------
INFO     [ğŸ“˜TEST_INFO]:reporting.py:87 ğŸ“ TEST started: Invite member of organization to project via UI
INFO     [ğŸ“˜TEST_INFO]:reporting.py:88 ------------------------------------------------------------
INFO     [ğŸ“˜TEST_INFO]:reporting.py:37 â–¶ï¸ STEP started: Login via UI
INFO     [ğŸ“˜TEST_INFO]:reporting.py:37 â–¶ï¸ STEP started: Click login button
INFO     [ğŸ­ Playwright]:base_page.py:16 <AuthPage>: Click log in button
INFO     [ğŸ“˜TEST_INFO]:reporting.py:51 âœ… STEP completed: Click login button
INFO     [ğŸ“˜TEST_INFO]:reporting.py:225 ğŸ“¸ Screenshot captured and attached (success): /home/runner/work/apolo-test-automation/apolo-test-automation/reports/screenshots/ui_click_login_button_success_58649e.png
INFO     [ğŸ“˜TEST_INFO]:reporting.py:37 â–¶ï¸ STEP started: Enter email
INFO     [ğŸ­ Playwright]:base_page.py:16 <LoginPage>: Enter regression-gp20bbfikv@apolo.us email
INFO     [ğŸ“˜TEST_INFO]:reporting.py:51 âœ… STEP completed: Enter email
INFO     [ğŸ“˜TEST_INFO]:reporting.py:225 ğŸ“¸ Screenshot captured and attached (success): /home/runner/work/apolo-test-automation/apolo-test-automation/reports/screenshots/ui_enter_email_success_0a992a.png
INFO     [ğŸ“˜TEST_INFO]:reporting.py:37 â–¶ï¸ STEP started: Enter password
INFO     [ğŸ­ Playwright]:base_page.py:16 <LoginPage>: Enter ********* password
INFO     [ğŸ“˜TEST_INFO]:reporting.py:51 âœ… STEP completed: Enter password
INFO     [ğŸ“˜TEST_INFO]:reporting.py:225 ğŸ“¸ Screenshot captured and attached (success): /home/runner/work/apolo-test-automation/apolo-test-automation/reports/screenshots/ui_enter_password_success_b98d1f.png
INFO     [ğŸ“˜TEST_INFO]:reporting.py:37 â–¶ï¸ STEP started: Click Continue button
INFO     [ğŸ­ Playwright]:base_page.py:16 <LoginPage>: Click continue button
INFO     [ğŸ­ Playwright]:base_page.py:16 <LoginPage>: Waiting for spinner
WARNING  [ğŸ”§TEST CONFIG]:conftest.py:405 [HTTP 200] GET https://api.dev.apolo.us/api/v1/config
Request Body:
<not available>
Response Body (first 1000 chars):
{"authorized": true, "orgs": [], "clusters": [], "projects": [], "admin_url": "https://api.dev.apolo.us/apis/admin/v1", "auth_url": "https://auth.dev.apolo.us/authorize", "token_url": "https://auth.dev.apolo.us/oauth/token", "logout_url": "https://auth.dev.apolo.us/v2/logout?returnTo=https://console.dev.apolo.us", "client_id": "q3I0OzzGnTDkhRmpeJ7WWgaTCucmVxTL", "audience": "https://api.dev.apolo.us", "callback_urls": ["http://127.0.0.1:54540", "http://127.0.0.1:54541", "http://127.0.0.1:54542"], "headless_callback_url": "https://api.dev.apolo.us/oauth/show-code", "success_redirect_url": "https://api.dev.apolo.us/oauth/login"}
WARNING  [ğŸ”§TEST CONFIG]:conftest.py:405 [HTTP 200] GET https://api.dev.apolo.us/api/v1/users/regression-gp20bbfikv/permissions?uri=blob:
Request Body:
<not available>
Response Body (first 1000 chars):
[]
INFO     [ğŸ­ Playwright]:base_page.py:16 <LoginPage>: Waiting for spinner to disappear
WARNING  [ğŸ”§TEST CONFIG]:conftest.py:405 [HTTP 200] GET https://api.dev.apolo.us/apis/admin/v1/invites/incoming
Request Body:
<not available>
Response Body (first 1000 chars):
[]
WARNING  [ğŸ”§TEST CONFIG]:conftest.py:405 [HTTP 200] GET https://api.dev.apolo.us/apis/admin/v1/users/regression-gp20bbfikv?include=orgs
Request Body:
<not available>
Response Body (first 1000 chars):
{"name": "regression-gp20bbfikv", "email": "regression-gp20bbfikv@apolo.us", "first_name": null, "last_name": null, "created_at": "2025-09-06T05:58:27.383522+00:00", "terms_accepted": true, "orgs": []}
WARNING  [ğŸ”§TEST CONFIG]:conftest.py:405 [HTTP 200] GET https://api.dev.apolo.us/apis/admin/v1/users/regression-gp20bbfikv?include=clusters&include=system_role
Request Body:
<not available>
Response Body (first 1000 chars):
{"name": "regression-gp20bbfikv", "email": "regression-gp20bbfikv@apolo.us", "first_name": null, "last_name": null, "created_at": "2025-09-06T05:58:27.383522+00:00", "terms_accepted": true, "clusters": []}
INFO     [ğŸ“˜TEST_INFO]:reporting.py:51 âœ… STEP completed: Click Continue button
INFO     [ğŸ“˜TEST_INFO]:reporting.py:225 ğŸ“¸ Screenshot captured and attached (success): /home/runner/work/apolo-test-automation/apolo-test-automation/reports/screenshots/ui_click_continue_button_success_662b8a.png
INFO     [ğŸ“˜TEST_INFO]:reporting.py:37 â–¶ï¸ STEP started: Verify that Welcome new user page displayed
INFO     [ğŸ­ Playwright]:base_page.py:16 <WelcomeNewUserPage>: Check if page loaded
INFO     [ğŸ“˜TEST_INFO]:reporting.py:51 âœ… STEP completed: Verify that Welcome new user page displayed
INFO     [ğŸ“˜TEST_INFO]:reporting.py:225 ğŸ“¸ Screenshot captured and attached (success): /home/runner/work/apolo-test-automation/apolo-test-automation/reports/screenshots/verify_ui_page_displayed_success_953390.png
INFO     [ğŸ“˜TEST_INFO]:reporting.py:51 âœ… STEP completed: Login via UI
INFO     [ğŸ“˜TEST_INFO]:reporting.py:225 ğŸ“¸ Screenshot captured and attached (success): /home/runner/work/apolo-test-automation/apolo-test-automation/reports/screenshots/ui_login_success_ae1efc.png
INFO     [ğŸ“˜TEST_INFO]:reporting.py:37 â–¶ï¸ STEP started: Add organization via API and reload page
INFO     [ğŸ”§DATA MANAGER]:test_data.py:48 Added organization: org_name=regression-org-7pl7herdghv8, gherkin_name=Default-organization
INFO     [ğŸŒAPI_helper]:api_helper.py:160 Add org regression-org-7pl7herdghv8 response: <ClientResponse(https://api.dev.apolo.us/apis/admin/v1/orgs?skip_auto_add_to_clusters=false) [201 Created]>
<CIMultiDictProxy('Access-Control-Allow-Credentials': 'true', 'Content-Length': '274', 'Content-Type': 'application/json; charset=utf-8', 'Date': 'Sat, 06 Sep 2025 07:27:37 GMT', 'Server': 'Python/3.13 aiohttp/3.12.15', 'Vary': 'Origin', 'x-service-version': 'platform-admin/0.0.0.post1.dev0+6d79a26', 'Via': '1.1 google', 'Alt-Svc': 'h3=":443"; ma=2592000,h3-29=":443"; ma=2592000')>

INFO     [ğŸ“˜TEST_INFO]:reporting.py:37 â–¶ï¸ STEP started: Reload page
WARNING  [ğŸ”§TEST CONFIG]:conftest.py:405 [HTTP 200] GET https://api.dev.apolo.us/api/v1/config
Request Body:
<not available>
Response Body (first 1000 chars):
{"authorized": true, "orgs": [{"name": "regression-org-7pl7herdghv8", "role": "admin"}], "clusters": [{"name": "default", "registry_url": "https://registry.api.dev.apolo.us", "storage_url": "https://api.dev.apolo.us/api/v1/storage", "monitoring_url": "https://monitoring.api.dev.apolo.us/api/v1/jobs", "secrets_url": "https://api.dev.apolo.us/api/v1/secrets", "metrics_url": "https://grafana.dev.apolo.us", "disks_url": "https://api.dev.apolo.us/api/v1/disk", "buckets_url": "https://api.dev.apolo.us/api/v1/buckets", "resource_pool_types": [{"name": "default", "min_size": 1, "max_size": 20, "cpu": 4, "available_cpu": 3.3, "memory": 16106127360, "available_memory": 11813676647, "disk_size": 161061273600, "available_disk_size": 150000000000}, {"name": "g2-standard-4", "min_size": 0, "max_size": 10, "cpu": 4, "available_cpu": 3, "memory": 17179869184, "available_memory": 16106127360, "disk_size": 322122547200, "available_disk_size": 150000000000, "nvidia_gpu": 1, "nvidia_gpu_model": "nvidia-l4
WARNING  [ğŸ”§TEST CONFIG]:conftest.py:405 [HTTP 200] GET https://api.dev.apolo.us/apis/admin/v1/invites/incoming
Request Body:
<not available>
Response Body (first 1000 chars):
[]
INFO     [ğŸ­ Playwright]:base_page.py:16 <MainPage>: Waiting for spinner
INFO     [ğŸ­ Playwright]:base_page.py:16 <MainPage>: Waiting for spinner to disappear
WARNING  [ğŸ”§TEST CONFIG]:conftest.py:405 [HTTP 200] GET https://api.dev.apolo.us/api/v1/users/regression-gp20bbfikv/permissions?uri=blob:
Request Body:
<not available>
Response Body (first 1000 chars):
[{"uri": "blob://default/regression-org-7pl7herdghv8", "action": "manage"}]
WARNING  [ğŸ”§TEST CONFIG]:conftest.py:405 [HTTP 200] GET https://api.dev.apolo.us/apis/admin/v1/users/regression-gp20bbfikv?include=clusters&include=system_role
Request Body:
<not available>
Response Body (first 1000 chars):
{"name": "regression-gp20bbfikv", "email": "regression-gp20bbfikv@apolo.us", "first_name": null, "last_name": null, "created_at": "2025-09-06T05:58:27.383522+00:00", "terms_accepted": true, "clusters": [{"cluster_name": "default", "role": "admin", "org_name": "regression-org-7pl7herdghv8", "balance": {"spent_credits": "0"}}]}
WARNING  [ğŸ”§TEST CONFIG]:conftest.py:405 [HTTP 200] GET https://api.dev.apolo.us/apis/admin/v1/users/regression-gp20bbfikv?include=orgs
Request Body:
<not available>
Response Body (first 1000 chars):
{"name": "regression-gp20bbfikv", "email": "regression-gp20bbfikv@apolo.us", "first_name": null, "last_name": null, "created_at": "2025-09-06T05:58:27.383522+00:00", "terms_accepted": true, "orgs": [{"org_name": "regression-org-7pl7herdghv8", "role": "admin", "balance": {"spent_credits": "0"}}]}
WARNING  [ğŸ”§TEST CONFIG]:conftest.py:405 [HTTP 200] GET https://api.dev.apolo.us/apis/admin/v1/orgs/regression-org-7pl7herdghv8
Request Body:
<not available>
Response Body (first 1000 chars):
{"name": "regression-org-7pl7herdghv8", "balance": {"credits": "500", "spent_credits": "0"}, "user_default_credits": null, "notification_intervals": {"balance_projection_seconds": [604800, 259200, 86400], "balance_amount": [0], "balance_depletion_seconds": [86400, 604800]}}
INFO     [ğŸ“˜TEST_INFO]:reporting.py:51 âœ… STEP completed: Reload page
INFO     [ğŸ“˜TEST_INFO]:reporting.py:225 ğŸ“¸ Screenshot captured and attached (success): /home/runner/work/apolo-test-automation/apolo-test-automation/reports/screenshots/ui_reload_page_success_93ea76.png
INFO     [ğŸ“˜TEST_INFO]:reporting.py:51 âœ… STEP completed: Add organization via API and reload page
INFO     [ğŸ“˜TEST_INFO]:reporting.py:225 ğŸ“¸ Screenshot captured and attached (success): /home/runner/work/apolo-test-automation/apolo-test-automation/reports/screenshots/ui_add_org_api_success_f1c200.png
INFO     [ğŸ“˜TEST_INFO]:reporting.py:37 â–¶ï¸ STEP started: Create first project from main page
INFO     [ğŸ“˜TEST_INFO]:reporting.py:37 â–¶ï¸ STEP started: Click Create project button on the main page
INFO     [ğŸ­ Playwright]:base_page.py:16 <MainPage>: Click create first project button on the main page
INFO     [ğŸ“˜TEST_INFO]:reporting.py:51 âœ… STEP completed: Click Create project button on the main page
INFO     [ğŸ“˜TEST_INFO]:reporting.py:225 ğŸ“¸ Screenshot captured and attached (success): /home/runner/work/apolo-test-automation/apolo-test-automation/reports/screenshots/ui_click_create_proj_button_main_page_success_3d5f47.png
INFO     [ğŸ“˜TEST_INFO]:reporting.py:37 â–¶ï¸ STEP started: Verify Create project popup displayed
INFO     [ğŸ­ Playwright]:base_page.py:16 <CreateProjectPopup>: Check if page loaded
INFO     [ğŸ“˜TEST_INFO]:reporting.py:51 âœ… STEP completed: Verify Create project popup displayed
INFO     [ğŸ“˜TEST_INFO]:reporting.py:225 ğŸ“¸ Screenshot captured and attached (success): /home/runner/work/apolo-test-automation/apolo-test-automation/reports/screenshots/verify_ui_popup_displayed_success_c600a3.png
INFO     [ğŸ“˜TEST_INFO]:reporting.py:37 â–¶ï¸ STEP started: Enter project name
INFO     [ğŸ­ Playwright]:base_page.py:16 <CreateProjectPopup>: Enter new project name regression-proj-q8086hq6r1
INFO     [ğŸ“˜TEST_INFO]:reporting.py:51 âœ… STEP completed: Enter project name
INFO     [ğŸ“˜TEST_INFO]:reporting.py:225 ğŸ“¸ Screenshot captured and attached (success): /home/runner/work/apolo-test-automation/apolo-test-automation/reports/screenshots/ui_enter_proj_name_success_5ae449.png
INFO     [ğŸ“˜TEST_INFO]:reporting.py:37 â–¶ï¸ STEP started: Select user role
INFO     [ğŸ­ Playwright]:base_page.py:16 <CreateProjectPopup>: Select default role Reader
INFO     [ğŸ“˜TEST_INFO]:reporting.py:51 âœ… STEP completed: Select user role
INFO     [ğŸ“˜TEST_INFO]:reporting.py:225 ğŸ“¸ Screenshot captured and attached (success): /home/runner/work/apolo-test-automation/apolo-test-automation/reports/screenshots/ui_select_role_success_6f3b94.png
INFO     [ğŸ“˜TEST_INFO]:reporting.py:37 â–¶ï¸ STEP started: Click Create button
INFO     [ğŸ­ Playwright]:base_page.py:16 <CreateProjectPopup>: Click create button
WARNING  [ğŸ”§TEST CONFIG]:conftest.py:405 [HTTP 404] GET https://api.dev.apolo.us/apis/admin/v1/clusters/default/orgs/regression-org-7pl7herdghv8/projects/regression-proj-q8086hq6r1
Request Body:
<not available>
Response Body (first 1000 chars):
{"error": "Project 'regression-proj-q8086hq6r1' not found in cluster 'default' in org 'regression-org-7pl7herdghv8'"}
INFO     [ğŸ“˜TEST_INFO]:reporting.py:51 âœ… STEP completed: Click Create button
INFO     [ğŸ“˜TEST_INFO]:reporting.py:225 ğŸ“¸ Screenshot captured and attached (success): /home/runner/work/apolo-test-automation/apolo-test-automation/reports/screenshots/ui_click_create_button_success_3568c3.png
INFO     [ğŸ“˜TEST_INFO]:reporting.py:37 â–¶ï¸ STEP started: Wait for Create project popup disappear
INFO     [ğŸ­ Playwright]:base_page.py:16 <CreateProjectPopup>: Wait for Create project popup to disappear
WARNING  [ğŸ”§TEST CONFIG]:conftest.py:405 [HTTP 201] POST https://api.dev.apolo.us/apis/admin/v1/clusters/default/orgs/regression-org-7pl7herdghv8/projects
Request Body:
<not available>
Response Body (first 1000 chars):
{"name": "regression-proj-q8086hq6r1", "cluster_name": "default", "org_name": "regression-org-7pl7herdghv8", "is_default": false, "default_role": "reader"}
WARNING  [ğŸ”§TEST CONFIG]:conftest.py:405 [HTTP 200] GET https://api.dev.apolo.us/api/v1/config
Request Body:
<not available>
Response Body (first 1000 chars):
{"authorized": true, "orgs": [{"name": "regression-org-7pl7herdghv8", "role": "admin"}], "clusters": [{"name": "default", "registry_url": "https://registry.api.dev.apolo.us", "storage_url": "https://api.dev.apolo.us/api/v1/storage", "monitoring_url": "https://monitoring.api.dev.apolo.us/api/v1/jobs", "secrets_url": "https://api.dev.apolo.us/api/v1/secrets", "metrics_url": "https://grafana.dev.apolo.us", "disks_url": "https://api.dev.apolo.us/api/v1/disk", "buckets_url": "https://api.dev.apolo.us/api/v1/buckets", "resource_pool_types": [{"name": "default", "min_size": 1, "max_size": 20, "cpu": 4, "available_cpu": 3.3, "memory": 16106127360, "available_memory": 11813676647, "disk_size": 161061273600, "available_disk_size": 150000000000}, {"name": "g2-standard-4", "min_size": 0, "max_size": 10, "cpu": 4, "available_cpu": 3, "memory": 17179869184, "available_memory": 16106127360, "disk_size": 322122547200, "available_disk_size": 150000000000, "nvidia_gpu": 1, "nvidia_gpu_model": "nvidia-l4
WARNING  [ğŸ”§TEST CONFIG]:conftest.py:405 [HTTP 200] GET https://api.dev.apolo.us/apis/apps/v1/cluster/default/org/regression-org-7pl7herdghv8/project/regression-proj-q8086hq6r1/instances?size=100
Request Body:
<not available>
Response Body (first 1000 chars):
{"items":[],"total":0,"page":1,"size":100,"pages":0}
INFO     [ğŸ“˜TEST_INFO]:reporting.py:51 âœ… STEP completed: Wait for Create project popup disappear
INFO     [ğŸ“˜TEST_INFO]:reporting.py:225 ğŸ“¸ Screenshot captured and attached (success): /home/runner/work/apolo-test-automation/apolo-test-automation/reports/screenshots/ui_wait_to_disappear_success_8dcb74.png
INFO     [ğŸ“˜TEST_INFO]:reporting.py:37 â–¶ï¸ STEP started: Verify Apps page displayed
INFO     [ğŸ­ Playwright]:base_page.py:16 <AppsPage>: Check if page loaded
WARNING  [ğŸ”§TEST CONFIG]:conftest.py:405 [HTTP 200] GET https://api.dev.apolo.us/apis/apps/v1/cluster/default/org/regression-org-7pl7herdghv8/project/regression-proj-q8086hq6r1/templates?limit=50&offset=0
Request Body:
<not available>
Response Body (first 1000 chars):
[{"name":"aws-s3","title":"AWS S3","pub_date":"2025-01-01T00:00:00Z","description":"AWS S3 Storage","short_description":"","schema_version":1,"version":"HEAD","input":{"$defs":{"ApoloSecret":{"properties":{"key":{"title":"Key","type":"string"}},"required":["key"],"title":"ApoloSecret","type":"object","x-description":"Apolo Secret Configuration.","x-is-advanced-field":false,"x-meta-type":"integration","x-title":"Secret"},"S3Params":{"properties":{"port":{"title":"Port","type":"integer"},"host":{"anyOf":[{"type":"string"},{"type":"null"}],"default":null,"title":"Host"},"bucket":{"anyOf":[{"type":"string"},{"type":"null"}],"default":null,"title":"Bucket"},"access_key":{"anyOf":[{"type":"string"},{"type":"null"}],"default":null,"title":"Access Key"},"secret_key":{"anyOf":[{"$ref":"#/$defs/ApoloSecret"},{"type":"null"}],"default":null}},"required":["port"],"title":"S3Params","type":"object"}},"properties":{"s3":{"$ref":"#/$defs/S3Params"}},"required":["s3"],"title":"AwsS3Input","type":"obje
INFO     [ğŸ“˜TEST_INFO]:reporting.py:51 âœ… STEP completed: Verify Apps page displayed
WARNING  [ğŸ”§TEST CONFIG]:conftest.py:405 [HTTP 200] GET https://api.dev.apolo.us/apis/apps/v1/cluster/default/org/regression-org-7pl7herdghv8/project/regression-proj-q8086hq6r1/templates
Request Body:
<not available>
Response Body (first 1000 chars):
[{"name":"aws-s3","title":"AWS S3","pub_date":"2025-01-01T00:00:00Z","description":"AWS S3 Storage","short_description":"","schema_version":1,"version":"HEAD","input":{"$defs":{"ApoloSecret":{"properties":{"key":{"title":"Key","type":"string"}},"required":["key"],"title":"ApoloSecret","type":"object","x-description":"Apolo Secret Configuration.","x-is-advanced-field":false,"x-meta-type":"integration","x-title":"Secret"},"S3Params":{"properties":{"port":{"title":"Port","type":"integer"},"host":{"anyOf":[{"type":"string"},{"type":"null"}],"default":null,"title":"Host"},"bucket":{"anyOf":[{"type":"string"},{"type":"null"}],"default":null,"title":"Bucket"},"access_key":{"anyOf":[{"type":"string"},{"type":"null"}],"default":null,"title":"Access Key"},"secret_key":{"anyOf":[{"$ref":"#/$defs/ApoloSecret"},{"type":"null"}],"default":null}},"required":["port"],"title":"S3Params","type":"object"}},"properties":{"s3":{"$ref":"#/$defs/S3Params"}},"required":["s3"],"title":"AwsS3Input","type":"obje
INFO     [ğŸ“˜TEST_INFO]:reporting.py:225 ğŸ“¸ Screenshot captured and attached (success): /home/runner/work/apolo-test-automation/apolo-test-automation/reports/screenshots/verify_ui_page_displayed_success_926eca.png
INFO     [ğŸ“˜TEST_INFO]:reporting.py:51 âœ… STEP completed: Create first project from main page
INFO     [ğŸ“˜TEST_INFO]:reporting.py:225 ğŸ“¸ Screenshot captured and attached (success): /home/runner/work/apolo-test-automation/apolo-test-automation/reports/screenshots/ui_create_first_proj_from_main_page_success_f278f7.png
INFO     [ğŸ”§TEST CONFIG]:conftest.py:363 Navigating to: https://console.dev.apolo.us/
WARNING  [ğŸ”§TEST CONFIG]:conftest.py:405 [HTTP 200] GET https://api.dev.apolo.us/api/v1/config
Request Body:
<not available>
Response Body (first 1000 chars):
{"authorized": false, "auth_url": "https://auth.dev.apolo.us/authorize", "token_url": "https://auth.dev.apolo.us/oauth/token", "logout_url": "https://auth.dev.apolo.us/v2/logout?returnTo=https://console.dev.apolo.us", "client_id": "q3I0OzzGnTDkhRmpeJ7WWgaTCucmVxTL", "audience": "https://api.dev.apolo.us", "callback_urls": ["http://127.0.0.1:54540", "http://127.0.0.1:54541", "http://127.0.0.1:54542"], "headless_callback_url": "https://api.dev.apolo.us/oauth/show-code", "success_redirect_url": "https://api.dev.apolo.us/oauth/login"}
INFO     [ğŸ“„ TestCaseInfo]:base_test_class.py:83 ::::::::::::::: User2 login
INFO     [ğŸ“˜TEST_INFO]:reporting.py:37 â–¶ï¸ STEP started: <<User2>> :: Get second user
INFO     [ğŸ“˜TEST_INFO]:reporting.py:51 âœ… STEP completed: <<User2>> :: Get second user
INFO     [ğŸ“˜TEST_INFO]:reporting.py:225 ğŸ“¸ Screenshot captured and attached (success): /home/runner/work/apolo-test-automation/apolo-test-automation/reports/screenshots/ui_get_second_user_success_cf94fd.png
INFO     [ğŸ“˜TEST_INFO]:reporting.py:37 â–¶ï¸ STEP started: <<User2>> :: Login via UI
INFO     [ğŸ“˜TEST_INFO]:reporting.py:37 â–¶ï¸ STEP started: <<User2>> :: Click login button
INFO     [ğŸ­ Playwright]:base_page.py:16 <AuthPage>: Click log in button
INFO     [ğŸ“˜TEST_INFO]:reporting.py:51 âœ… STEP completed: <<User2>> :: Click login button
INFO     [ğŸ“˜TEST_INFO]:reporting.py:225 ğŸ“¸ Screenshot captured and attached (success): /home/runner/work/apolo-test-automation/apolo-test-automation/reports/screenshots/ui_click_login_button_success_bc1eb7.png
INFO     [ğŸ“˜TEST_INFO]:reporting.py:37 â–¶ï¸ STEP started: <<User2>> :: Enter email
INFO     [ğŸ­ Playwright]:base_page.py:16 <LoginPage>: Enter regression-p9ra7g3n3o@apolo.us email
INFO     [ğŸ“˜TEST_INFO]:reporting.py:51 âœ… STEP completed: <<User2>> :: Enter email
INFO     [ğŸ“˜TEST_INFO]:reporting.py:225 ğŸ“¸ Screenshot captured and attached (success): /home/runner/work/apolo-test-automation/apolo-test-automation/reports/screenshots/ui_enter_email_success_4d9d92.png
INFO     [ğŸ“˜TEST_INFO]:reporting.py:37 â–¶ï¸ STEP started: <<User2>> :: Enter password
INFO     [ğŸ­ Playwright]:base_page.py:16 <LoginPage>: Enter ********* password
INFO     [ğŸ“˜TEST_INFO]:reporting.py:51 âœ… STEP completed: <<User2>> :: Enter password
INFO     [ğŸ“˜TEST_INFO]:reporting.py:225 ğŸ“¸ Screenshot captured and attached (success): /home/runner/work/apolo-test-automation/apolo-test-automation/reports/screenshots/ui_enter_password_success_296a12.png
INFO     [ğŸ“˜TEST_INFO]:reporting.py:37 â–¶ï¸ STEP started: <<User2>> :: Click Continue button
INFO     [ğŸ­ Playwright]:base_page.py:16 <LoginPage>: Click continue button
WARNING  [ğŸ”§TEST CONFIG]:conftest.py:405 [HTTP 200] GET https://api.dev.apolo.us/api/v1/config
Request Body:
<not available>
Response Body (first 1000 chars):
{"authorized": true, "orgs": [], "clusters": [], "projects": [], "admin_url": "https://api.dev.apolo.us/apis/admin/v1", "auth_url": "https://auth.dev.apolo.us/authorize", "token_url": "https://auth.dev.apolo.us/oauth/token", "logout_url": "https://auth.dev.apolo.us/v2/logout?returnTo=https://console.dev.apolo.us", "client_id": "q3I0OzzGnTDkhRmpeJ7WWgaTCucmVxTL", "audience": "https://api.dev.apolo.us", "callback_urls": ["http://127.0.0.1:54540", "http://127.0.0.1:54541", "http://127.0.0.1:54542"], "headless_callback_url": "https://api.dev.apolo.us/oauth/show-code", "success_redirect_url": "https://api.dev.apolo.us/oauth/login"}
WARNING  [ğŸ”§TEST CONFIG]:conftest.py:405 [HTTP 200] GET https://api.dev.apolo.us/api/v1/users/regression-p9ra7g3n3o/permissions?uri=blob:
Request Body:
<not available>
Response Body (first 1000 chars):
[]
WARNING  [ğŸ”§TEST CONFIG]:conftest.py:405 [HTTP 200] GET https://api.dev.apolo.us/apis/admin/v1/invites/incoming
Request Body:
<not available>
Response Body (first 1000 chars):
[]
INFO     [ğŸ­ Playwright]:base_page.py:16 <LoginPage>: Waiting for spinner
INFO     [ğŸ­ Playwright]:base_page.py:16 <LoginPage>: Waiting for spinner to disappear
WARNING  [ğŸ”§TEST CONFIG]:conftest.py:405 [HTTP 200] GET https://api.dev.apolo.us/apis/admin/v1/users/regression-p9ra7g3n3o?include=orgs
Request Body:
<not available>
Response Body (first 1000 chars):
{"name": "regression-p9ra7g3n3o", "email": "regression-p9ra7g3n3o@apolo.us", "first_name": null, "last_name": null, "created_at": "2025-09-06T05:59:17.513281+00:00", "terms_accepted": true, "orgs": []}
WARNING  [ğŸ”§TEST CONFIG]:conftest.py:405 [HTTP 200] GET https://api.dev.apolo.us/apis/admin/v1/users/regression-p9ra7g3n3o?include=clusters&include=system_role
Request Body:
<not available>
Response Body (first 1000 chars):
{"name": "regression-p9ra7g3n3o", "email": "regression-p9ra7g3n3o@apolo.us", "first_name": null, "last_name": null, "created_at": "2025-09-06T05:59:17.513281+00:00", "terms_accepted": true, "clusters": []}
INFO     [ğŸ“˜TEST_INFO]:reporting.py:51 âœ… STEP completed: <<User2>> :: Click Continue button
INFO     [ğŸ“˜TEST_INFO]:reporting.py:225 ğŸ“¸ Screenshot captured and attached (success): /home/runner/work/apolo-test-automation/apolo-test-automation/reports/screenshots/ui_click_continue_button_success_696a49.png
INFO     [ğŸ“˜TEST_INFO]:reporting.py:37 â–¶ï¸ STEP started: <<User2>> :: Verify that Welcome new user page displayed
INFO     [ğŸ­ Playwright]:base_page.py:16 <WelcomeNewUserPage>: Check if page loaded
INFO     [ğŸ“˜TEST_INFO]:reporting.py:51 âœ… STEP completed: <<User2>> :: Verify that Welcome new user page displayed
INFO     [ğŸ“˜TEST_INFO]:reporting.py:225 ğŸ“¸ Screenshot captured and attached (success): /home/runner/work/apolo-test-automation/apolo-test-automation/reports/screenshots/verify_ui_page_displayed_success_72e9cd.png
INFO     [ğŸ“˜TEST_INFO]:reporting.py:51 âœ… STEP completed: <<User2>> :: Login via UI
INFO     [ğŸ“˜TEST_INFO]:reporting.py:225 ğŸ“¸ Screenshot captured and attached (success): /home/runner/work/apolo-test-automation/apolo-test-automation/reports/screenshots/ui_login_success_d117aa.png
INFO     [ğŸ“„ TestCaseInfo]:base_test_class.py:83 ::::::::::::::: User1 invite User2 to organization
INFO     [ğŸ“˜TEST_INFO]:reporting.py:37 â–¶ï¸ STEP started: Invite user to organization via UI
INFO     [ğŸ“˜TEST_INFO]:reporting.py:37 â–¶ï¸ STEP started: Click User Organization settings button
INFO     [ğŸ­ Playwright]:base_page.py:16 <MainPage>: Click organization settings button
INFO     [ğŸ“˜TEST_INFO]:reporting.py:51 âœ… STEP completed: Click User Organization settings button
INFO     [ğŸ“˜TEST_INFO]:reporting.py:225 ğŸ“¸ Screenshot captured and attached (success): /home/runner/work/apolo-test-automation/apolo-test-automation/reports/screenshots/ui_click_organization_settings_button_success_5625f1.png
INFO     [ğŸ“˜TEST_INFO]:reporting.py:37 â–¶ï¸ STEP started: Verify that Organization settings pop up displayed
INFO     [ğŸ­ Playwright]:base_page.py:16 <OrganizationSettingsPopup>: Check if page loaded
INFO     [ğŸ“˜TEST_INFO]:reporting.py:51 âœ… STEP completed: Verify that Organization settings pop up displayed
INFO     [ğŸ“˜TEST_INFO]:reporting.py:225 ğŸ“¸ Screenshot captured and attached (success): /home/runner/work/apolo-test-automation/apolo-test-automation/reports/screenshots/verify_ui_popup_displayed_success_fda3a0.png
INFO     [ğŸ“˜TEST_INFO]:reporting.py:37 â–¶ï¸ STEP started: Click People button
INFO     [ğŸ­ Playwright]:base_page.py:16 <OrganizationSettingsPopup>: Click People button
INFO     [ğŸ­ Playwright]:base_page.py:16 <OrganizationSettingsPopup>: Waiting for spinner
INFO     [ğŸ­ Playwright]:base_page.py:16 <OrganizationSettingsPopup>: Waiting for spinner to disappear
WARNING  [ğŸ”§TEST CONFIG]:conftest.py:405 [HTTP 200] GET https://api.dev.apolo.us/apis/admin/v1/invites
Request Body:
<not available>
Response Body (first 1000 chars):
[]
WARNING  [ğŸ”§TEST CONFIG]:conftest.py:405 [HTTP 200] GET https://api.dev.apolo.us/apis/admin/v1/orgs/regression-org-7pl7herdghv8/users/regression-gp20bbfikv
Request Body:
<not available>
Response Body (first 1000 chars):
{"user_name": "regression-gp20bbfikv", "role": "admin", "balance": {"spent_credits": "0"}}
WARNING  [ğŸ”§TEST CONFIG]:conftest.py:405 [HTTP 200] GET https://api.dev.apolo.us/apis/admin/v1/orgs/regression-org-7pl7herdghv8/users?with_user_info=true
Request Body:
<not available>
Response Body (first 1000 chars):
[{"user_name": "regression-gp20bbfikv", "role": "admin", "balance": {"spent_credits": "0"}, "user_info": {"email": "regression-gp20bbfikv@apolo.us", "first_name": null, "last_name": null, "created_at": "2025-09-06T05:58:27.383522+00:00"}}]
INFO     [ğŸ“˜TEST_INFO]:reporting.py:51 âœ… STEP completed: Click People button
INFO     [ğŸ“˜TEST_INFO]:reporting.py:225 ğŸ“¸ Screenshot captured and attached (success): /home/runner/work/apolo-test-automation/apolo-test-automation/reports/screenshots/ui_click_people_button_success_0c5efe.png
INFO     [ğŸ“˜TEST_INFO]:reporting.py:37 â–¶ï¸ STEP started: Verify that Organization people page displayed
INFO     [ğŸ­ Playwright]:base_page.py:16 <OrganizationPeoplePage>: Check if page loaded
INFO     [ğŸ“˜TEST_INFO]:reporting.py:51 âœ… STEP completed: Verify that Organization people page displayed
INFO     [ğŸ“˜TEST_INFO]:reporting.py:225 ğŸ“¸ Screenshot captured and attached (success): /home/runner/work/apolo-test-automation/apolo-test-automation/reports/screenshots/verify_ui_page_displayed_success_90dfaf.png
INFO     [ğŸ“˜TEST_INFO]:reporting.py:37 â–¶ï¸ STEP started: Click Invite people button
INFO     [ğŸ­ Playwright]:base_page.py:16 <OrganizationPeoplePage>: Click Invite people button
INFO     [ğŸ“˜TEST_INFO]:reporting.py:51 âœ… STEP completed: Click Invite people button
INFO     [ğŸ“˜TEST_INFO]:reporting.py:225 ğŸ“¸ Screenshot captured and attached (success): /home/runner/work/apolo-test-automation/apolo-test-automation/reports/screenshots/ui_click_invite_people_button_success_b7beb9.png
INFO     [ğŸ“˜TEST_INFO]:reporting.py:37 â–¶ï¸ STEP started: Verify that Invite member popup displayed
INFO     [ğŸ­ Playwright]:base_page.py:16 <InviteOrgMemberPopup>: Check if page loaded
INFO     [ğŸ“˜TEST_INFO]:reporting.py:51 âœ… STEP completed: Verify that Invite member popup displayed
INFO     [ğŸ“˜TEST_INFO]:reporting.py:225 ğŸ“¸ Screenshot captured and attached (success): /home/runner/work/apolo-test-automation/apolo-test-automation/reports/screenshots/verify_ui_popup_displayed_success_e8c8a4.png
INFO     [ğŸ“˜TEST_INFO]:reporting.py:37 â–¶ï¸ STEP started: Enter email
INFO     [ğŸ­ Playwright]:base_page.py:16 <InviteOrgMemberPopup>: Enter regression-p9ra7g3n3o@apolo.us
INFO     [ğŸ“˜TEST_INFO]:reporting.py:51 âœ… STEP completed: Enter email
INFO     [ğŸ“˜TEST_INFO]:reporting.py:225 ğŸ“¸ Screenshot captured and attached (success): /home/runner/work/apolo-test-automation/apolo-test-automation/reports/screenshots/ui_enter_invite_email_success_27368f.png
INFO     [ğŸ“˜TEST_INFO]:reporting.py:37 â–¶ï¸ STEP started: Select User role in organization
INFO     [ğŸ­ Playwright]:base_page.py:16 <InviteOrgMemberPopup>: Select User role
INFO     [ğŸ“˜TEST_INFO]:reporting.py:51 âœ… STEP completed: Select User role in organization
INFO     [ğŸ“˜TEST_INFO]:reporting.py:225 ğŸ“¸ Screenshot captured and attached (success): /home/runner/work/apolo-test-automation/apolo-test-automation/reports/screenshots/ui_select_user_role_success_303ade.png
INFO     [ğŸ“˜TEST_INFO]:reporting.py:37 â–¶ï¸ STEP started: Verify that Invite user button appeared
INFO     [ğŸ­ Playwright]:base_page.py:16 <InviteOrgMemberPopup>: Check if Invite user regression-p9ra7g3n3o@apolo.us button displayed
INFO     [ğŸ“˜TEST_INFO]:reporting.py:51 âœ… STEP completed: Verify that Invite user button appeared
INFO     [ğŸ“˜TEST_INFO]:reporting.py:225 ğŸ“¸ Screenshot captured and attached (success): /home/runner/work/apolo-test-automation/apolo-test-automation/reports/screenshots/verify_ui_invite_user_button_displayed_success_ff4aa0.png
INFO     [ğŸ“˜TEST_INFO]:reporting.py:37 â–¶ï¸ STEP started: Click Invite user button
INFO     [ğŸ­ Playwright]:base_page.py:16 <InviteOrgMemberPopup>: Click Invite user regression-p9ra7g3n3o@apolo.us
INFO     [ğŸ“˜TEST_INFO]:reporting.py:51 âœ… STEP completed: Click Invite user button
INFO     [ğŸ“˜TEST_INFO]:reporting.py:225 ğŸ“¸ Screenshot captured and attached (success): /home/runner/work/apolo-test-automation/apolo-test-automation/reports/screenshots/ui_click_invite_user_button_success_912155.png
INFO     [ğŸ“˜TEST_INFO]:reporting.py:37 â–¶ï¸ STEP started: Click Send invite button
INFO     [ğŸ­ Playwright]:base_page.py:16 <InviteOrgMemberPopup>: Click Send invite button
WARNING  [ğŸ”§TEST CONFIG]:conftest.py:405 [HTTP 200] GET https://api.dev.apolo.us/apis/apps/v1/cluster/default/org/regression-org-7pl7herdghv8/project/regression-proj-q8086hq6r1/instances?size=100
Request Body:
<not available>
Response Body (first 1000 chars):
{"items":[],"total":0,"page":1,"size":100,"pages":0}
WARNING  [ğŸ”§TEST CONFIG]:conftest.py:405 [HTTP 200] GET https://api.dev.apolo.us/apis/admin/v1/users?lookup=true
Request Body:
<not available>
Response Body (first 1000 chars):
[{"name": "regression-mbobymm206", "email": "regression-mbobymm206@apolo.us"}, {"name": "regression-0mex0aohuq", "email": "regression-0mex0aohuq@apolo.us"}, {"name": "regression-bhdzaiz03o", "email": "regression-bhdzaiz03o@apolo.us"}, {"name": "regression-lty6yyd3l2", "email": "regression-lty6yyd3l2@apolo.us"}, {"name": "ihorsosnovskyie1", "email": "ihor.sosnovskyi+e1@sandbx.co"}, {"name": "regression-gkqg0p0s6q", "email": "regression-gkqg0p0s6q@apolo.us"}, {"name": "regression-5wi1zufj9q", "email": "regression-5wi1zufj9q@apolo.us"}, {"name": "regression-yf6yslw27i", "email": "regression-yf6yslw27i@apolo.us"}, {"name": "regression-7hztlr4240", "email": "regression-7hztlr4240@apolo.us"}, {"name": "regression-d8jvb2a4vr", "email": "regression-d8jvb2a4vr@apolo.us"}, {"name": "regression-k96stzzxw2", "email": "regression-k96stzzxw2@apolo.us"}, {"name": "regression-f45yikn2kc", "email": "regression-f45yikn2kc@apolo.us"}, {"name": "regression-pz4wto7mm9", "email": "regression-pz4wto7mm9@apol
WARNING  [ğŸ”§TEST CONFIG]:conftest.py:405 [HTTP 201] POST https://api.dev.apolo.us/apis/admin/v1/invites
Request Body:
<not available>
Response Body (first 1000 chars):
{"email": "regression-p9ra7g3n3o@apolo.us", "org_name": "regression-org-7pl7herdghv8", "status": "pending", "role_name": "user", "created_at": "2025-09-06T07:28:18.672684", "expired_at": "2025-09-13T07:28:18.672684", "id": "8de29ee49a0a47e3894f79e3a7b59f8d"}
INFO     [ğŸ“˜TEST_INFO]:reporting.py:51 âœ… STEP completed: Click Send invite button
INFO     [ğŸ“˜TEST_INFO]:reporting.py:225 ğŸ“¸ Screenshot captured and attached (success): /home/runner/work/apolo-test-automation/apolo-test-automation/reports/screenshots/ui_click_send_invite_button_success_783821.png
INFO     [ğŸ“˜TEST_INFO]:reporting.py:37 â–¶ï¸ STEP started: Wait for Invite organization member popup to disappear
INFO     [ğŸ­ Playwright]:base_page.py:16 <InviteOrgMemberPopup>: Wait for Invite organization member popup to disappear
WARNING  [ğŸ”§TEST CONFIG]:conftest.py:405 [HTTP 200] GET https://api.dev.apolo.us/apis/admin/v1/invites
Request Body:
<not available>
Response Body (first 1000 chars):
[{"email": "regression-p9ra7g3n3o@apolo.us", "org_name": "regression-org-7pl7herdghv8", "status": "pending", "role_name": "user", "created_at": "2025-09-06T07:28:18.672684+00:00", "expired_at": "2025-09-13T07:28:18.672684+00:00", "id": "8de29ee49a0a47e3894f79e3a7b59f8d"}]
INFO     [ğŸ“˜TEST_INFO]:reporting.py:51 âœ… STEP completed: Wait for Invite organization member popup to disappear
INFO     [ğŸ“˜TEST_INFO]:reporting.py:225 ğŸ“¸ Screenshot captured and attached (success): /home/runner/work/apolo-test-automation/apolo-test-automation/reports/screenshots/ui_wait_to_disappear_success_2b409e.png
INFO     [ğŸ“˜TEST_INFO]:reporting.py:51 âœ… STEP completed: Invite user to organization via UI
INFO     [ğŸ“˜TEST_INFO]:reporting.py:225 ğŸ“¸ Screenshot captured and attached (success): /home/runner/work/apolo-test-automation/apolo-test-automation/reports/screenshots/ui_invite_user_to_org_success_d2023b.png
INFO     [ğŸ“„ TestCaseInfo]:base_test_class.py:83 ::::::::::::::: User 2 accept invite to organization
INFO     [ğŸ“˜TEST_INFO]:reporting.py:37 â–¶ï¸ STEP started: <<User2>> :: Reload page
INFO     [ğŸ­ Playwright]:base_page.py:16 <MainPage>: Waiting for spinner
WARNING  [ğŸ”§TEST CONFIG]:conftest.py:405 [HTTP 200] GET https://api.dev.apolo.us/api/v1/config
Request Body:
<not available>
Response Body (first 1000 chars):
{"authorized": true, "orgs": [], "clusters": [], "projects": [], "admin_url": "https://api.dev.apolo.us/apis/admin/v1", "auth_url": "https://auth.dev.apolo.us/authorize", "token_url": "https://auth.dev.apolo.us/oauth/token", "logout_url": "https://auth.dev.apolo.us/v2/logout?returnTo=https://console.dev.apolo.us", "client_id": "q3I0OzzGnTDkhRmpeJ7WWgaTCucmVxTL", "audience": "https://api.dev.apolo.us", "callback_urls": ["http://127.0.0.1:54540", "http://127.0.0.1:54541", "http://127.0.0.1:54542"], "headless_callback_url": "https://api.dev.apolo.us/oauth/show-code", "success_redirect_url": "https://api.dev.apolo.us/oauth/login"}
WARNING  [ğŸ”§TEST CONFIG]:conftest.py:405 [HTTP 200] GET https://api.dev.apolo.us/api/v1/users/regression-p9ra7g3n3o/permissions?uri=blob:
Request Body:
<not available>
Response Body (first 1000 chars):
[]
WARNING  [ğŸ”§TEST CONFIG]:conftest.py:405 [HTTP 200] GET https://api.dev.apolo.us/apis/admin/v1/invites/incoming
Request Body:
<not available>
Response Body (first 1000 chars):
[{"email": "regression-p9ra7g3n3o@apolo.us", "org_name": "regression-org-7pl7herdghv8", "status": "pending", "role_name": "user", "created_at": "2025-09-06T07:28:18.672684+00:00", "expired_at": "2025-09-13T07:28:18.672684+00:00", "id": "8de29ee49a0a47e3894f79e3a7b59f8d"}]
INFO     [ğŸ­ Playwright]:base_page.py:16 <MainPage>: Waiting for spinner to disappear
WARNING  [ğŸ”§TEST CONFIG]:conftest.py:405 [HTTP 200] GET https://api.dev.apolo.us/apis/admin/v1/users/regression-p9ra7g3n3o?include=clusters&include=system_role
Request Body:
<not available>
Response Body (first 1000 chars):
{"name": "regression-p9ra7g3n3o", "email": "regression-p9ra7g3n3o@apolo.us", "first_name": null, "last_name": null, "created_at": "2025-09-06T05:59:17.513281+00:00", "terms_accepted": true, "clusters": []}
WARNING  [ğŸ”§TEST CONFIG]:conftest.py:405 [HTTP 200] GET https://api.dev.apolo.us/apis/admin/v1/users/regression-p9ra7g3n3o?include=orgs
Request Body:
<not available>
Response Body (first 1000 chars):
{"name": "regression-p9ra7g3n3o", "email": "regression-p9ra7g3n3o@apolo.us", "first_name": null, "last_name": null, "created_at": "2025-09-06T05:59:17.513281+00:00", "terms_accepted": true, "orgs": []}
INFO     [ğŸ“˜TEST_INFO]:reporting.py:51 âœ… STEP completed: <<User2>> :: Reload page
INFO     [ğŸ“˜TEST_INFO]:reporting.py:225 ğŸ“¸ Screenshot captured and attached (success): /home/runner/work/apolo-test-automation/apolo-test-automation/reports/screenshots/ui_reload_page_success_336f6c.png
INFO     [ğŸ“˜TEST_INFO]:reporting.py:37 â–¶ï¸ STEP started: <<User2>> :: Click the let's do it button on Welcome page
INFO     [ğŸ­ Playwright]:base_page.py:16 <WelcomeNewUserPage>: Click lets do it button
INFO     [ğŸ“˜TEST_INFO]:reporting.py:51 âœ… STEP completed: <<User2>> :: Click the let's do it button on Welcome page
INFO     [ğŸ“˜TEST_INFO]:reporting.py:225 ğŸ“¸ Screenshot captured and attached (success): /home/runner/work/apolo-test-automation/apolo-test-automation/reports/screenshots/ui_click_lets_do_it_button_success_09a6cb.png
INFO     [ğŸ“˜TEST_INFO]:reporting.py:37 â–¶ï¸ STEP started: <<User2>> :: Verify that Invited to organization page displayed
INFO     [ğŸ­ Playwright]:base_page.py:16 <InvitedToOrgPage>: Check if page loaded
INFO     [ğŸ“˜TEST_INFO]:reporting.py:51 âœ… STEP completed: <<User2>> :: Verify that Invited to organization page displayed
INFO     [ğŸ“˜TEST_INFO]:reporting.py:225 ğŸ“¸ Screenshot captured and attached (success): /home/runner/work/apolo-test-automation/apolo-test-automation/reports/screenshots/verify_ui_page_displayed_success_7859f8.png
INFO     [ğŸ“˜TEST_INFO]:reporting.py:37 â–¶ï¸ STEP started: <<User2>> :: Click Accept and Go button
INFO     [ğŸ­ Playwright]:base_page.py:16 <InvitedToOrgPage>: Click accept and Go button
INFO     [ğŸ­ Playwright]:base_page.py:16 <InvitedToOrgPage>: Wait for network idle
INFO     [ğŸ­ Playwright]:base_page.py:16 <InvitedToOrgPage>: Network idle done
WARNING  [ğŸ”§TEST CONFIG]:conftest.py:405 [HTTP 200] GET https://api.dev.apolo.us/api/v1/config
Request Body:
<not available>
Response Body (first 1000 chars):
{"authorized": true, "orgs": [{"name": "regression-org-7pl7herdghv8", "role": "user"}], "clusters": [{"name": "default", "registry_url": "https://registry.api.dev.apolo.us", "storage_url": "https://api.dev.apolo.us/api/v1/storage", "monitoring_url": "https://monitoring.api.dev.apolo.us/api/v1/jobs", "secrets_url": "https://api.dev.apolo.us/api/v1/secrets", "metrics_url": "https://grafana.dev.apolo.us", "disks_url": "https://api.dev.apolo.us/api/v1/disk", "buckets_url": "https://api.dev.apolo.us/api/v1/buckets", "resource_pool_types": [{"name": "default", "min_size": 1, "max_size": 20, "cpu": 4, "available_cpu": 3.3, "memory": 16106127360, "available_memory": 11813676647, "disk_size": 161061273600, "available_disk_size": 150000000000}, {"name": "g2-standard-4", "min_size": 0, "max_size": 10, "cpu": 4, "available_cpu": 3, "memory": 17179869184, "available_memory": 16106127360, "disk_size": 322122547200, "available_disk_size": 150000000000, "nvidia_gpu": 1, "nvidia_gpu_model": "nvidia-l4"
INFO     [ğŸ­ Playwright]:base_page.py:16 <InvitedToOrgPage>: Waiting for spinner
INFO     [ğŸ­ Playwright]:base_page.py:16 <InvitedToOrgPage>: Waiting for spinner to disappear
WARNING  [ğŸ”§TEST CONFIG]:conftest.py:405 [HTTP 200] GET https://api.dev.apolo.us/api/v1/users/regression-p9ra7g3n3o/permissions?uri=blob:
Request Body:
<not available>
Response Body (first 1000 chars):
[]
WARNING  [ğŸ”§TEST CONFIG]:conftest.py:405 [HTTP 200] GET https://api.dev.apolo.us/apis/admin/v1/users/regression-p9ra7g3n3o?include=clusters&include=system_role
Request Body:
<not available>
Response Body (first 1000 chars):
{"name": "regression-p9ra7g3n3o", "email": "regression-p9ra7g3n3o@apolo.us", "first_name": null, "last_name": null, "created_at": "2025-09-06T05:59:17.513281+00:00", "terms_accepted": true, "clusters": [{"cluster_name": "default", "role": "user", "org_name": "regression-org-7pl7herdghv8", "balance": {"spent_credits": "0"}}]}
WARNING  [ğŸ”§TEST CONFIG]:conftest.py:405 [HTTP 200] GET https://api.dev.apolo.us/apis/admin/v1/invites/incoming
Request Body:
<not available>
Response Body (first 1000 chars):
[]
WARNING  [ğŸ”§TEST CONFIG]:conftest.py:405 [HTTP 200] GET https://api.dev.apolo.us/apis/admin/v1/orgs/regression-org-7pl7herdghv8
Request Body:
<not available>
Response Body (first 1000 chars):
{"name": "regression-org-7pl7herdghv8", "balance": {"credits": "500", "spent_credits": "0"}, "user_default_credits": null, "notification_intervals": {"balance_projection_seconds": [604800, 259200, 86400], "balance_amount": [0], "balance_depletion_seconds": [86400, 604800]}}
WARNING  [ğŸ”§TEST CONFIG]:conftest.py:405 [HTTP 200] GET https://api.dev.apolo.us/apis/admin/v1/users/regression-p9ra7g3n3o?include=orgs
Request Body:
<not available>
Response Body (first 1000 chars):
{"name": "regression-p9ra7g3n3o", "email": "regression-p9ra7g3n3o@apolo.us", "first_name": null, "last_name": null, "created_at": "2025-09-06T05:59:17.513281+00:00", "terms_accepted": true, "orgs": [{"org_name": "regression-org-7pl7herdghv8", "role": "user", "balance": {"spent_credits": "0"}}]}
INFO     [ğŸ“˜TEST_INFO]:reporting.py:51 âœ… STEP completed: <<User2>> :: Click Accept and Go button
INFO     [ğŸ“˜TEST_INFO]:reporting.py:225 ğŸ“¸ Screenshot captured and attached (success): /home/runner/work/apolo-test-automation/apolo-test-automation/reports/screenshots/ui_click_accept_and_go_button_success_a49b9e.png
INFO     [ğŸ“˜TEST_INFO]:reporting.py:37 â–¶ï¸ STEP started: <<User2>> :: Verify project creation message is displayed
INFO     [ğŸ­ Playwright]:base_page.py:16 <MainPage>: Check if create project text field displayed
INFO     [ğŸ“˜TEST_INFO]:reporting.py:51 âœ… STEP completed: <<User2>> :: Verify project creation message is displayed
WARNING  [ğŸ”§TEST CONFIG]:conftest.py:405 [HTTP 200] GET https://api.dev.apolo.us/apis/apps/v1/cluster/default/org/regression-org-7pl7herdghv8/project/regression-proj-q8086hq6r1/instances?size=100
Request Body:
<not available>
Response Body (first 1000 chars):
{"items":[],"total":0,"page":1,"size":100,"pages":0}
INFO     [ğŸ“˜TEST_INFO]:reporting.py:225 ğŸ“¸ Screenshot captured and attached (success): /home/runner/work/apolo-test-automation/apolo-test-automation/reports/screenshots/verify_ui_create_project_message_displayed_success_89fcbc.png
INFO     [ğŸ“˜TEST_INFO]:reporting.py:37 â–¶ï¸ STEP started: <<User2>> :: Verify create project button displayed
INFO     [ğŸ­ Playwright]:base_page.py:16 <MainPage>: Check if create project button displayed
INFO     [ğŸ“˜TEST_INFO]:reporting.py:51 âœ… STEP completed: <<User2>> :: Verify create project button displayed
INFO     [ğŸ“˜TEST_INFO]:reporting.py:225 ğŸ“¸ Screenshot captured and attached (success): /home/runner/work/apolo-test-automation/apolo-test-automation/reports/screenshots/verify_ui_create_project_button_displayed_success_1661ee.png
INFO     [ğŸ“„ TestCaseInfo]:base_test_class.py:83 ::::::::::::::: User1 invite User2 to project regression-proj-q8086hq6r1
INFO     [ğŸ“˜TEST_INFO]:reporting.py:37 â–¶ï¸ STEP started: Click Project button on the top pane of the main page
INFO     [ğŸ­ Playwright]:base_page.py:16 <MainPage>: Click create project button on the top pane
INFO     [ğŸ“˜TEST_INFO]:reporting.py:51 âœ… STEP completed: Click Project button on the top pane of the main page
INFO     [ğŸ“˜TEST_INFO]:reporting.py:225 ğŸ“¸ Screenshot captured and attached (success): /home/runner/work/apolo-test-automation/apolo-test-automation/reports/screenshots/ui_click_proj_button_top_pane_success_c8cda2.png
INFO     [ğŸ“˜TEST_INFO]:reporting.py:37 â–¶ï¸ STEP started: Click People button on the Projects info popup
INFO     [ğŸ­ Playwright]:base_page.py:16 <ProjectsInfoPopup>: Click People button
INFO     [ğŸ“˜TEST_INFO]:reporting.py:51 âœ… STEP completed: Click People button on the Projects info popup
WARNING  [ğŸ”§TEST CONFIG]:conftest.py:405 [HTTP 200] GET https://api.dev.apolo.us/apis/admin/v1/clusters/default/orgs/regression-org-7pl7herdghv8/projects/regression-proj-q8086hq6r1
Request Body:
<not available>
Response Body (first 1000 chars):
{"name": "regression-proj-q8086hq6r1", "cluster_name": "default", "org_name": "regression-org-7pl7herdghv8", "is_default": false, "default_role": "reader"}
INFO     [ğŸ“˜TEST_INFO]:reporting.py:225 ğŸ“¸ Screenshot captured and attached (success): /home/runner/work/apolo-test-automation/apolo-test-automation/reports/screenshots/ui_click_people_btn_success_152b06.png
INFO     [ğŸ“˜TEST_INFO]:reporting.py:37 â–¶ï¸ STEP started: Verify People page displayed
INFO     [ğŸ­ Playwright]:base_page.py:16 <ProjectPeoplePage>: Check if page loaded
INFO     [ğŸ“˜TEST_INFO]:reporting.py:51 âœ… STEP completed: Verify People page displayed
WARNING  [ğŸ”§TEST CONFIG]:conftest.py:405 [HTTP 200] GET https://api.dev.apolo.us/apis/admin/v1/clusters/default/orgs/regression-org-7pl7herdghv8/projects/regression-proj-q8086hq6r1/users?with_user_info=true
Request Body:
<not available>
Response Body (first 1000 chars):
[{"user_name": "regression-gp20bbfikv", "project_name": "regression-proj-q8086hq6r1", "cluster_name": "default", "org_name": "regression-org-7pl7herdghv8", "role": "admin", "user_info": {"email": "regression-gp20bbfikv@apolo.us", "first_name": null, "last_name": null, "created_at": "2025-09-06T05:58:27.383522+00:00"}}]
INFO     [ğŸ“˜TEST_INFO]:reporting.py:225 ğŸ“¸ Screenshot captured and attached (success): /home/runner/work/apolo-test-automation/apolo-test-automation/reports/screenshots/verify_ui_page_displayed_success_e0b686.png
INFO     [ğŸ“˜TEST_INFO]:reporting.py:37 â–¶ï¸ STEP started: Click Invite people button
INFO     [ğŸ­ Playwright]:base_page.py:16 <ProjectPeoplePage>: Click Invite People button
WARNING  [ğŸ”§TEST CONFIG]:conftest.py:405 [HTTP 200] GET https://api.dev.apolo.us/apis/admin/v1/clusters/default/orgs/regression-org-7pl7herdghv8/users?with_user_info=true
Request Body:
<not available>
Response Body (first 1000 chars):
[{"user_name": "regression-p9ra7g3n3o", "role": "user", "org_name": "regression-org-7pl7herdghv8", "balance": {"spent_credits": "0"}, "user_info": {"email": "regression-p9ra7g3n3o@apolo.us", "first_name": null, "last_name": null, "created_at": "2025-09-06T05:59:17.513281+00:00"}}, {"user_name": "regression-gp20bbfikv", "role": "admin", "org_name": "regression-org-7pl7herdghv8", "balance": {"spent_credits": "0"}, "user_info": {"email": "regression-gp20bbfikv@apolo.us", "first_name": null, "last_name": null, "created_at": "2025-09-06T05:58:27.383522+00:00"}}]
INFO     [ğŸ“˜TEST_INFO]:reporting.py:51 âœ… STEP completed: Click Invite people button
INFO     [ğŸ“˜TEST_INFO]:reporting.py:225 ğŸ“¸ Screenshot captured and attached (success): /home/runner/work/apolo-test-automation/apolo-test-automation/reports/screenshots/ui_click_invite_people_proj_people_btn_success_bfa81d.png
INFO     [ğŸ“˜TEST_INFO]:reporting.py:37 â–¶ï¸ STEP started: Verify Invite project member popup displayed
INFO     [ğŸ­ Playwright]:base_page.py:16 <InviteProjMemberPopup>: Check if page loaded
INFO     [ğŸ“˜TEST_INFO]:reporting.py:51 âœ… STEP completed: Verify Invite project member popup displayed
INFO     [ğŸ“˜TEST_INFO]:reporting.py:225 ğŸ“¸ Screenshot captured and attached (success): /home/runner/work/apolo-test-automation/apolo-test-automation/reports/screenshots/verify_ui_popup_displayed_success_b2c95a.png
INFO     [ğŸ“˜TEST_INFO]:reporting.py:37 â–¶ï¸ STEP started: Enter user email/username
INFO     [ğŸ­ Playwright]:base_page.py:16 <InviteProjMemberPopup>: Enter regression-p9ra7g3n3o@apolo.us
INFO     [ğŸ“˜TEST_INFO]:reporting.py:51 âœ… STEP completed: Enter user email/username
INFO     [ğŸ“˜TEST_INFO]:reporting.py:225 ğŸ“¸ Screenshot captured and attached (success): /home/runner/work/apolo-test-automation/apolo-test-automation/reports/screenshots/ui_enter_user_data_success_7cd749.png
INFO     [ğŸ“˜TEST_INFO]:reporting.py:37 â–¶ï¸ STEP started: Select user role
INFO     [ğŸ­ Playwright]:base_page.py:16 <InviteProjMemberPopup>: Select user role Reader
INFO     [ğŸ“˜TEST_INFO]:reporting.py:51 âœ… STEP completed: Select user role
INFO     [ğŸ“˜TEST_INFO]:reporting.py:225 ğŸ“¸ Screenshot captured and attached (success): /home/runner/work/apolo-test-automation/apolo-test-automation/reports/screenshots/ui_select_user_role_success_487699.png
INFO     [ğŸ“˜TEST_INFO]:reporting.py:37 â–¶ï¸ STEP started: Verify Invite user button displayed
INFO     [ğŸ­ Playwright]:base_page.py:16 <InviteProjMemberPopup>: Check if invite user regression-p9ra7g3n3o@apolo.us button displayed
INFO     [ğŸ“˜TEST_INFO]:reporting.py:51 âœ… STEP completed: Verify Invite user button displayed
INFO     [ğŸ“˜TEST_INFO]:reporting.py:225 ğŸ“¸ Screenshot captured and attached (success): /home/runner/work/apolo-test-automation/apolo-test-automation/reports/screenshots/verify_ui_invite_user_btn_displayed_success_fba33b.png
INFO     [ğŸ“˜TEST_INFO]:reporting.py:37 â–¶ï¸ STEP started: Verify Invite button disabled
INFO     [ğŸ“˜TEST_INFO]:reporting.py:51 âœ… STEP completed: Verify Invite button disabled
INFO     [ğŸ“˜TEST_INFO]:reporting.py:225 ğŸ“¸ Screenshot captured and attached (success): /home/runner/work/apolo-test-automation/apolo-test-automation/reports/screenshots/verify_ui_invite_bth_disabled_success_7a1a0e.png
INFO     [ğŸ“˜TEST_INFO]:reporting.py:37 â–¶ï¸ STEP started: Click invite user button
INFO     [ğŸ­ Playwright]:base_page.py:16 <InviteProjMemberPopup>: Click invite user regression-p9ra7g3n3o@apolo.us button
INFO     [ğŸ“˜TEST_INFO]:reporting.py:51 âœ… STEP completed: Click invite user button
INFO     [ğŸ“˜TEST_INFO]:reporting.py:225 ğŸ“¸ Screenshot captured and attached (success): /home/runner/work/apolo-test-automation/apolo-test-automation/reports/screenshots/ui_click_invite_user_btn_success_179766.png
INFO     [ğŸ“˜TEST_INFO]:reporting.py:37 â–¶ï¸ STEP started: Verify Invite button enabled
INFO     [ğŸ“˜TEST_INFO]:reporting.py:51 âœ… STEP completed: Verify Invite button enabled
INFO     [ğŸ“˜TEST_INFO]:reporting.py:225 ğŸ“¸ Screenshot captured and attached (success): /home/runner/work/apolo-test-automation/apolo-test-automation/reports/screenshots/verify_ui_invite_bth_enabled_success_82aa21.png
INFO     [ğŸ“˜TEST_INFO]:reporting.py:37 â–¶ï¸ STEP started: Click Invite button
INFO     [ğŸ­ Playwright]:base_page.py:16 <InviteProjMemberPopup>: Click Invite button
WARNING  [ğŸ”§TEST CONFIG]:conftest.py:405 [HTTP 201] POST https://api.dev.apolo.us/apis/admin/v1/clusters/default/orgs/regression-org-7pl7herdghv8/projects/regression-proj-q8086hq6r1/users
Request Body:
<not available>
Response Body (first 1000 chars):
{"user_name": "regression-p9ra7g3n3o", "project_name": "regression-proj-q8086hq6r1", "cluster_name": "default", "org_name": "regression-org-7pl7herdghv8", "role": "reader"}
WARNING  [ğŸ”§TEST CONFIG]:conftest.py:405 [HTTP 200] GET https://api.dev.apolo.us/apis/admin/v1/clusters/default/orgs/regression-org-7pl7herdghv8/projects/regression-proj-q8086hq6r1/users?with_user_info=true
Request Body:
<not available>
Response Body (first 1000 chars):
[{"user_name": "regression-p9ra7g3n3o", "project_name": "regression-proj-q8086hq6r1", "cluster_name": "default", "org_name": "regression-org-7pl7herdghv8", "role": "reader", "user_info": {"email": "regression-p9ra7g3n3o@apolo.us", "first_name": null, "last_name": null, "created_at": "2025-09-06T05:59:17.513281+00:00"}}, {"user_name": "regression-gp20bbfikv", "project_name": "regression-proj-q8086hq6r1", "cluster_name": "default", "org_name": "regression-org-7pl7herdghv8", "role": "admin", "user_info": {"email": "regression-gp20bbfikv@apolo.us", "first_name": null, "last_name": null, "created_at": "2025-09-06T05:58:27.383522+00:00"}}]
INFO     [ğŸ“˜TEST_INFO]:reporting.py:51 âœ… STEP completed: Click Invite button
INFO     [ğŸ“˜TEST_INFO]:reporting.py:225 ğŸ“¸ Screenshot captured and attached (success): /home/runner/work/apolo-test-automation/apolo-test-automation/reports/screenshots/ui_click_invite_btn_success_aef9aa.png
INFO     [ğŸ“˜TEST_INFO]:reporting.py:37 â–¶ï¸ STEP started: Wait for Invite project member popup to disappear
INFO     [ğŸ­ Playwright]:base_page.py:16 <InviteProjMemberPopup>: Wait for Remove organization user popup to disappear
INFO     [ğŸ“˜TEST_INFO]:reporting.py:51 âœ… STEP completed: Wait for Invite project member popup to disappear
INFO     [ğŸ“˜TEST_INFO]:reporting.py:225 ğŸ“¸ Screenshot captured and attached (success): /home/runner/work/apolo-test-automation/apolo-test-automation/reports/screenshots/ui_wait_to_disappear_success_83788e.png
INFO     [ğŸ“˜TEST_INFO]:reporting.py:37 â–¶ï¸ STEP started: Verify People page displayed
INFO     [ğŸ­ Playwright]:base_page.py:16 <ProjectPeoplePage>: Check if page loaded
INFO     [ğŸ“˜TEST_INFO]:reporting.py:51 âœ… STEP completed: Verify People page displayed
INFO     [ğŸ“˜TEST_INFO]:reporting.py:225 ğŸ“¸ Screenshot captured and attached (success): /home/runner/work/apolo-test-automation/apolo-test-automation/reports/screenshots/verify_ui_page_displayed_success_06a951.png
INFO     [ğŸ“˜TEST_INFO]:reporting.py:37 â–¶ï¸ STEP started: Verify user displayed in users list
INFO     [ğŸ­ Playwright]:base_page.py:16 <ProjectPeoplePage>: Check if user regression-p9ra7g3n3o row displayed
INFO     [ğŸ“˜TEST_INFO]:reporting.py:51 âœ… STEP completed: Verify user displayed in users list
INFO     [ğŸ“˜TEST_INFO]:reporting.py:225 ğŸ“¸ Screenshot captured and attached (success): /home/runner/work/apolo-test-automation/apolo-test-automation/reports/screenshots/verify_ui_user_displayed_in_users_list_success_81202e.png
INFO     [ğŸ“˜TEST_INFO]:reporting.py:37 â–¶ï¸ STEP started: Verify user role is valid
INFO     [ğŸ“˜TEST_INFO]:reporting.py:51 âœ… STEP completed: Verify user role is valid
INFO     [ğŸ“˜TEST_INFO]:reporting.py:225 ğŸ“¸ Screenshot captured and attached (success): /home/runner/work/apolo-test-automation/apolo-test-automation/reports/screenshots/verify_ui_user_role_success_e5b0a5.png
INFO     [ğŸ“˜TEST_INFO]:reporting.py:37 â–¶ï¸ STEP started: Verify user email is valid
INFO     [ğŸ“˜TEST_INFO]:reporting.py:51 âœ… STEP completed: Verify user email is valid
INFO     [ğŸ“˜TEST_INFO]:reporting.py:225 ğŸ“¸ Screenshot captured and attached (success): /home/runner/work/apolo-test-automation/apolo-test-automation/reports/screenshots/verify_ui_invited_user_email_success_029e73.png
INFO     [ğŸ“˜TEST_INFO]:reporting.py:37 â–¶ï¸ STEP started: <<User2>> :: Reload page
WARNING  [ğŸ”§TEST CONFIG]:conftest.py:405 [HTTP 200] GET https://api.dev.apolo.us/api/v1/config
Request Body:
<not available>
Response Body (first 1000 chars):
{"authorized": true, "orgs": [{"name": "regression-org-7pl7herdghv8", "role": "user"}], "clusters": [{"name": "default", "registry_url": "https://registry.api.dev.apolo.us", "storage_url": "https://api.dev.apolo.us/api/v1/storage", "monitoring_url": "https://monitoring.api.dev.apolo.us/api/v1/jobs", "secrets_url": "https://api.dev.apolo.us/api/v1/secrets", "metrics_url": "https://grafana.dev.apolo.us", "disks_url": "https://api.dev.apolo.us/api/v1/disk", "buckets_url": "https://api.dev.apolo.us/api/v1/buckets", "resource_pool_types": [{"name": "default", "min_size": 1, "max_size": 20, "cpu": 4, "available_cpu": 3.3, "memory": 16106127360, "available_memory": 11813676647, "disk_size": 161061273600, "available_disk_size": 150000000000}, {"name": "g2-standard-4", "min_size": 0, "max_size": 10, "cpu": 4, "available_cpu": 3, "memory": 17179869184, "available_memory": 16106127360, "disk_size": 322122547200, "available_disk_size": 150000000000, "nvidia_gpu": 1, "nvidia_gpu_model": "nvidia-l4"
INFO     [ğŸ­ Playwright]:base_page.py:16 <MainPage>: Waiting for spinner
INFO     [ğŸ­ Playwright]:base_page.py:16 <MainPage>: Waiting for spinner to disappear
WARNING  [ğŸ”§TEST CONFIG]:conftest.py:405 [HTTP 200] GET https://api.dev.apolo.us/api/v1/users/regression-p9ra7g3n3o/permissions?uri=blob:
Request Body:
<not available>
Response Body (first 1000 chars):
[{"uri": "blob://default/regression-org-7pl7herdghv8/regression-proj-q8086hq6r1", "action": "read"}]
WARNING  [ğŸ”§TEST CONFIG]:conftest.py:405 [HTTP 200] GET https://api.dev.apolo.us/apis/admin/v1/invites/incoming
Request Body:
<not available>
Response Body (first 1000 chars):
[]
WARNING  [ğŸ”§TEST CONFIG]:conftest.py:405 [HTTP 200] GET https://api.dev.apolo.us/apis/admin/v1/orgs/regression-org-7pl7herdghv8
Request Body:
<not available>
Response Body (first 1000 chars):
{"name": "regression-org-7pl7herdghv8", "balance": {"credits": "500", "spent_credits": "0"}, "user_default_credits": null, "notification_intervals": {"balance_projection_seconds": [604800, 259200, 86400], "balance_amount": [0], "balance_depletion_seconds": [86400, 604800]}}
WARNING  [ğŸ”§TEST CONFIG]:conftest.py:405 [HTTP 200] GET https://api.dev.apolo.us/apis/apps/v1/cluster/default/org/regression-org-7pl7herdghv8/project/regression-proj-q8086hq6r1/instances?size=100
Request Body:
<not available>
Response Body (first 1000 chars):
{"items":[],"total":0,"page":1,"size":100,"pages":0}
WARNING  [ğŸ”§TEST CONFIG]:conftest.py:405 [HTTP 200] GET https://api.dev.apolo.us/apis/admin/v1/users/regression-p9ra7g3n3o?include=orgs
Request Body:
<not available>
Response Body (first 1000 chars):
{"name": "regression-p9ra7g3n3o", "email": "regression-p9ra7g3n3o@apolo.us", "first_name": null, "last_name": null, "created_at": "2025-09-06T05:59:17.513281+00:00", "terms_accepted": true, "orgs": [{"org_name": "regression-org-7pl7herdghv8", "role": "user", "balance": {"spent_credits": "0"}}]}
WARNING  [ğŸ”§TEST CONFIG]:conftest.py:405 [HTTP 200] GET https://api.dev.apolo.us/apis/admin/v1/users/regression-p9ra7g3n3o?include=clusters&include=system_role
Request Body:
<not available>
Response Body (first 1000 chars):
{"name": "regression-p9ra7g3n3o", "email": "regression-p9ra7g3n3o@apolo.us", "first_name": null, "last_name": null, "created_at": "2025-09-06T05:59:17.513281+00:00", "terms_accepted": true, "clusters": [{"cluster_name": "default", "role": "user", "org_name": "regression-org-7pl7herdghv8", "balance": {"spent_credits": "0"}}]}
WARNING  [ğŸ”§TEST CONFIG]:conftest.py:405 [HTTP 200] GET https://api.dev.apolo.us/apis/apps/v1/cluster/default/org/regression-org-7pl7herdghv8/project/regression-proj-q8086hq6r1/templates
Request Body:
<not available>
Response Body (first 1000 chars):
[{"name":"aws-s3","title":"AWS S3","pub_date":"2025-01-01T00:00:00Z","description":"AWS S3 Storage","short_description":"","schema_version":1,"version":"HEAD","input":{"$defs":{"ApoloSecret":{"properties":{"key":{"title":"Key","type":"string"}},"required":["key"],"title":"ApoloSecret","type":"object","x-description":"Apolo Secret Configuration.","x-is-advanced-field":false,"x-meta-type":"integration","x-title":"Secret"},"S3Params":{"properties":{"port":{"title":"Port","type":"integer"},"host":{"anyOf":[{"type":"string"},{"type":"null"}],"default":null,"title":"Host"},"bucket":{"anyOf":[{"type":"string"},{"type":"null"}],"default":null,"title":"Bucket"},"access_key":{"anyOf":[{"type":"string"},{"type":"null"}],"default":null,"title":"Access Key"},"secret_key":{"anyOf":[{"$ref":"#/$defs/ApoloSecret"},{"type":"null"}],"default":null}},"required":["port"],"title":"S3Params","type":"object"}},"properties":{"s3":{"$ref":"#/$defs/S3Params"}},"required":["s3"],"title":"AwsS3Input","type":"obje
WARNING  [ğŸ”§TEST CONFIG]:conftest.py:405 [HTTP 200] GET https://api.dev.apolo.us/apis/apps/v1/cluster/default/org/regression-org-7pl7herdghv8/project/regression-proj-q8086hq6r1/templates?limit=50&offset=0
Request Body:
<not available>
Response Body (first 1000 chars):
[{"name":"aws-s3","title":"AWS S3","pub_date":"2025-01-01T00:00:00Z","description":"AWS S3 Storage","short_description":"","schema_version":1,"version":"HEAD","input":{"$defs":{"ApoloSecret":{"properties":{"key":{"title":"Key","type":"string"}},"required":["key"],"title":"ApoloSecret","type":"object","x-description":"Apolo Secret Configuration.","x-is-advanced-field":false,"x-meta-type":"integration","x-title":"Secret"},"S3Params":{"properties":{"port":{"title":"Port","type":"integer"},"host":{"anyOf":[{"type":"string"},{"type":"null"}],"default":null,"title":"Host"},"bucket":{"anyOf":[{"type":"string"},{"type":"null"}],"default":null,"title":"Bucket"},"access_key":{"anyOf":[{"type":"string"},{"type":"null"}],"default":null,"title":"Access Key"},"secret_key":{"anyOf":[{"$ref":"#/$defs/ApoloSecret"},{"type":"null"}],"default":null}},"required":["port"],"title":"S3Params","type":"object"}},"properties":{"s3":{"$ref":"#/$defs/S3Params"}},"required":["s3"],"title":"AwsS3Input","type":"obje
INFO     [ğŸ“˜TEST_INFO]:reporting.py:51 âœ… STEP completed: <<User2>> :: Reload page
INFO     [ğŸ“˜TEST_INFO]:reporting.py:225 ğŸ“¸ Screenshot captured and attached (success): /home/runner/work/apolo-test-automation/apolo-test-automation/reports/screenshots/ui_reload_page_success_fef12d.png
INFO     [ğŸ“˜TEST_INFO]:reporting.py:37 â–¶ï¸ STEP started: <<User2>> :: Verify Apps page displayed
INFO     [ğŸ­ Playwright]:base_page.py:16 <AppsPage>: Check if page loaded
INFO     [ğŸ“˜TEST_INFO]:reporting.py:51 âœ… STEP completed: <<User2>> :: Verify Apps page displayed
INFO     [ğŸ“˜TEST_INFO]:reporting.py:225 ğŸ“¸ Screenshot captured and attached (success): /home/runner/work/apolo-test-automation/apolo-test-automation/reports/screenshots/verify_ui_page_displayed_success_402516.png
INFO     [ğŸ“˜TEST_INFO]:reporting.py:37 â–¶ï¸ STEP started: <<User2>> :: Click Project button on the top pane of the main page
INFO     [ğŸ­ Playwright]:base_page.py:16 <MainPage>: Click create project button on the top pane
INFO     [ğŸ“˜TEST_INFO]:reporting.py:51 âœ… STEP completed: <<User2>> :: Click Project button on the top pane of the main page
INFO     [ğŸ“˜TEST_INFO]:reporting.py:225 ğŸ“¸ Screenshot captured and attached (success): /home/runner/work/apolo-test-automation/apolo-test-automation/reports/screenshots/ui_click_proj_button_top_pane_success_dbf3e5.png
INFO     [ğŸ“˜TEST_INFO]:reporting.py:37 â–¶ï¸ STEP started: <<User2>> :: Verify Projects info popup displayed
INFO     [ğŸ­ Playwright]:base_page.py:16 <ProjectsInfoPopup>: Check if page loaded
INFO     [ğŸ“˜TEST_INFO]:reporting.py:51 âœ… STEP completed: <<User2>> :: Verify Projects info popup displayed
INFO     [ğŸ“˜TEST_INFO]:reporting.py:225 ğŸ“¸ Screenshot captured and attached (success): /home/runner/work/apolo-test-automation/apolo-test-automation/reports/screenshots/verify_ui_popup_displayed_success_bb5874.png
INFO     [ğŸ“˜TEST_INFO]:reporting.py:92 âœ… TEST completed: Invite member of organization to project via UI
INFO     [ğŸ“˜TEST_INFO]:reporting.py:98 ------------------------------------------------------------
INFO     [ğŸŒAPI_helper]:api_helper.py:44 GET https://api.dev.apolo.us/apis/admin/v1/orgs
INFO     [ğŸŒAPI_helper]:api_helper.py:135 Status: 200. Response: [{'name': 'regression-org-7pl7herdghv8', 'balance': {'credits': '500', 'spent_credits': '0'}, 'user_default_credits': None, 'notification_intervals': {'balance_projection_seconds': [604800, 259200, 86400], 'balance_amount': [0], 'balance_depletion_seconds': [86400, 604800]}}]
INFO     [ğŸ”§TEST CONFIG]:conftest.py:276 Cleaning up 1 organisations
INFO     [ğŸŒAPI_helper]:api_helper.py:142 Delete organization response: <ClientResponse(https://api.dev.apolo.us/apis/admin/v1/orgs/regression-org-7pl7herdghv8) [200 OK]>
<CIMultiDictProxy('Access-Control-Allow-Credentials': 'true', 'Content-Length': '274', 'Content-Type': 'application/json; charset=utf-8', 'Date': 'Sat, 06 Sep 2025 07:28:40 GMT', 'Server': 'Python/3.13 aiohttp/3.12.15', 'Vary': 'Origin', 'x-service-version': 'platform-admin/0.0.0.post1.dev0+6d79a26', 'Via': '1.1 google', 'Alt-Svc': 'h3=":443"; ma=2592000,h3-29=":443"; ma=2592000')>

INFO     [ğŸ”§TEST CONFIG]:conftest.py:301 Removed organisation: regression-org-7pl7herdghv8
INFO     [ğŸ”§TEST CONFIG]:conftest.py:306 Closing all browser sessions
INFO     [ğŸ”§TEST CONFIG]:conftest.py:312 Stopped Playwright
WARNING  [ğŸ”§TEST CONFIG]:conftest.py:322 Failed to close context: BrowserContext.close: Target page, context or browser has been closed
INFO     [ğŸ”§TEST CONFIG]:conftest.py:327 Closed browser (post-stop)
INFO     [ğŸ”§TEST CONFIG]:conftest.py:312 Stopped Playwright
WARNING  [ğŸ”§TEST CONFIG]:conftest.py:322 Failed to close context: BrowserContext.close: Target page, context or browser has been closed
INFO     [ğŸ”§TEST CONFIG]:conftest.py:327 Closed browser (post-stop)
INFO     [ğŸ”§TEST CONFIG]:conftest.py:332 Browser cleanup finished