--- Logging error ---
Traceback (most recent call last):
  File "/home/runner/work/apolo-test-automation/apolo-test-automation/.venv/lib/python3.13/site-packages/aiohttp/client_reqrep.py", line 539, in start
    message, payload = await protocol.read()  # type: ignore[union-attr]
                       ^^^^^^^^^^^^^^^^^^^^^
  File "/home/runner/work/apolo-test-automation/apolo-test-automation/.venv/lib/python3.13/site-packages/aiohttp/streams.py", line 680, in read
    await self._waiter
asyncio.exceptions.CancelledError

The above exception was the direct cause of the following exception:

Traceback (most recent call last):
  File "/home/runner/work/apolo-test-automation/apolo-test-automation/tests/test_cases/conftest.py", line 265, in _do_full_teardown_logic
    await _cleanup_orgs(data_manager, api_helper)
  File "/home/runner/work/apolo-test-automation/apolo-test-automation/tests/test_cases/conftest.py", line 290, in _cleanup_orgs
    org_data = await api_helper.get_orgs(token=main_user.token)
               ^^^^^^^^^^^^^^^^^^^^^^^^^^^^^^^^^^^^^^^^^^^^^^^^
  File "/home/runner/work/apolo-test-automation/apolo-test-automation/tests/utils/api_helper.py", line 174, in get_orgs
    status, response = await self._get(url, token=token)
                       ^^^^^^^^^^^^^^^^^^^^^^^^^^^^^^^^^
  File "/home/runner/work/apolo-test-automation/apolo-test-automation/tests/utils/api_helper.py", line 56, in _get
    async with self._session.get(
               ~~~~~~~~~~~~~~~~~^
        endpoint, headers=self._headers(token), params=params
        ^^^^^^^^^^^^^^^^^^^^^^^^^^^^^^^^^^^^^^^^^^^^^^^^^^^^^
    ) as response:
    ^
  File "/home/runner/work/apolo-test-automation/apolo-test-automation/.venv/lib/python3.13/site-packages/aiohttp/client.py", line 1510, in __aenter__
    self._resp: _RetType = await self._coro
                           ^^^^^^^^^^^^^^^^
  File "/home/runner/work/apolo-test-automation/apolo-test-automation/.venv/lib/python3.13/site-packages/aiohttp/client.py", line 779, in _request
    resp = await handler(req)
           ^^^^^^^^^^^^^^^^^^
  File "/home/runner/work/apolo-test-automation/apolo-test-automation/.venv/lib/python3.13/site-packages/aiohttp/client.py", line 757, in _connect_and_send_request
    await resp.start(conn)
  File "/home/runner/work/apolo-test-automation/apolo-test-automation/.venv/lib/python3.13/site-packages/aiohttp/client_reqrep.py", line 534, in start
    with self._timer:
         ^^^^^^^^^^^
  File "/home/runner/work/apolo-test-automation/apolo-test-automation/.venv/lib/python3.13/site-packages/aiohttp/helpers.py", line 713, in __exit__
    raise asyncio.TimeoutError from exc_val
TimeoutError

During handling of the above exception, another exception occurred:

Traceback (most recent call last):
  File "/opt/hostedtoolcache/Python/3.13.11/x64/lib/python3.13/logging/__init__.py", line 1151, in emit
    msg = self.format(record)
  File "/opt/hostedtoolcache/Python/3.13.11/x64/lib/python3.13/logging/__init__.py", line 999, in format
    return fmt.format(record)
           ~~~~~~~~~~^^^^^^^^
  File "/opt/hostedtoolcache/Python/3.13.11/x64/lib/python3.13/logging/__init__.py", line 712, in format
    record.message = record.getMessage()
                     ~~~~~~~~~~~~~~~~~^^
  File "/opt/hostedtoolcache/Python/3.13.11/x64/lib/python3.13/logging/__init__.py", line 400, in getMessage
    msg = msg % self.args
          ~~~~^~~~~~~~~~~
TypeError: not all arguments converted during string formatting
Call stack:
  File "/home/runner/work/apolo-test-automation/apolo-test-automation/.venv/bin/pytest", line 10, in <module>
    sys.exit(console_main())
  File "/home/runner/work/apolo-test-automation/apolo-test-automation/.venv/lib/python3.13/site-packages/_pytest/config/__init__.py", line 223, in console_main
    code = main()
  File "/home/runner/work/apolo-test-automation/apolo-test-automation/.venv/lib/python3.13/site-packages/_pytest/config/__init__.py", line 199, in main
    ret: ExitCode | int = config.hook.pytest_cmdline_main(config=config)
  File "/home/runner/work/apolo-test-automation/apolo-test-automation/.venv/lib/python3.13/site-packages/pluggy/_hooks.py", line 512, in __call__
    return self._hookexec(self.name, self._hookimpls.copy(), kwargs, firstresult)
  File "/home/runner/work/apolo-test-automation/apolo-test-automation/.venv/lib/python3.13/site-packages/pluggy/_manager.py", line 120, in _hookexec
    return self._inner_hookexec(hook_name, methods, kwargs, firstresult)
  File "/home/runner/work/apolo-test-automation/apolo-test-automation/.venv/lib/python3.13/site-packages/pluggy/_callers.py", line 121, in _multicall
    res = hook_impl.function(*args)
  File "/home/runner/work/apolo-test-automation/apolo-test-automation/.venv/lib/python3.13/site-packages/_pytest/main.py", line 365, in pytest_cmdline_main
    return wrap_session(config, _main)
  File "/home/runner/work/apolo-test-automation/apolo-test-automation/.venv/lib/python3.13/site-packages/_pytest/main.py", line 318, in wrap_session
    session.exitstatus = doit(config, session) or 0
  File "/home/runner/work/apolo-test-automation/apolo-test-automation/.venv/lib/python3.13/site-packages/_pytest/main.py", line 372, in _main
    config.hook.pytest_runtestloop(session=session)
  File "/home/runner/work/apolo-test-automation/apolo-test-automation/.venv/lib/python3.13/site-packages/pluggy/_hooks.py", line 512, in __call__
    return self._hookexec(self.name, self._hookimpls.copy(), kwargs, firstresult)
  File "/home/runner/work/apolo-test-automation/apolo-test-automation/.venv/lib/python3.13/site-packages/pluggy/_manager.py", line 120, in _hookexec
    return self._inner_hookexec(hook_name, methods, kwargs, firstresult)
  File "/home/runner/work/apolo-test-automation/apolo-test-automation/.venv/lib/python3.13/site-packages/pluggy/_callers.py", line 121, in _multicall
    res = hook_impl.function(*args)
  File "/home/runner/work/apolo-test-automation/apolo-test-automation/.venv/lib/python3.13/site-packages/_pytest/main.py", line 396, in pytest_runtestloop
    item.config.hook.pytest_runtest_protocol(item=item, nextitem=nextitem)
  File "/home/runner/work/apolo-test-automation/apolo-test-automation/.venv/lib/python3.13/site-packages/pluggy/_hooks.py", line 512, in __call__
    return self._hookexec(self.name, self._hookimpls.copy(), kwargs, firstresult)
  File "/home/runner/work/apolo-test-automation/apolo-test-automation/.venv/lib/python3.13/site-packages/pluggy/_manager.py", line 120, in _hookexec
    return self._inner_hookexec(hook_name, methods, kwargs, firstresult)
  File "/home/runner/work/apolo-test-automation/apolo-test-automation/.venv/lib/python3.13/site-packages/pluggy/_callers.py", line 121, in _multicall
    res = hook_impl.function(*args)
  File "/home/runner/work/apolo-test-automation/apolo-test-automation/.venv/lib/python3.13/site-packages/pytest_rerunfailures.py", line 565, in pytest_runtest_protocol
    reports = runtestprotocol(item, nextitem=nextitem, log=False)
  File "/home/runner/work/apolo-test-automation/apolo-test-automation/.venv/lib/python3.13/site-packages/_pytest/runner.py", line 142, in runtestprotocol
    reports.append(call_and_report(item, "teardown", log, nextitem=nextitem))
  File "/home/runner/work/apolo-test-automation/apolo-test-automation/.venv/lib/python3.13/site-packages/_pytest/runner.py", line 244, in call_and_report
    call = CallInfo.from_call(
  File "/home/runner/work/apolo-test-automation/apolo-test-automation/.venv/lib/python3.13/site-packages/_pytest/runner.py", line 353, in from_call
    result: TResult | None = func()
  File "/home/runner/work/apolo-test-automation/apolo-test-automation/.venv/lib/python3.13/site-packages/_pytest/runner.py", line 245, in <lambda>
    lambda: runtest_hook(item=item, **kwds),
  File "/home/runner/work/apolo-test-automation/apolo-test-automation/.venv/lib/python3.13/site-packages/pluggy/_hooks.py", line 512, in __call__
    return self._hookexec(self.name, self._hookimpls.copy(), kwargs, firstresult)
  File "/home/runner/work/apolo-test-automation/apolo-test-automation/.venv/lib/python3.13/site-packages/pluggy/_manager.py", line 120, in _hookexec
    return self._inner_hookexec(hook_name, methods, kwargs, firstresult)
  File "/home/runner/work/apolo-test-automation/apolo-test-automation/.venv/lib/python3.13/site-packages/pluggy/_callers.py", line 121, in _multicall
    res = hook_impl.function(*args)
  File "/home/runner/work/apolo-test-automation/apolo-test-automation/.venv/lib/python3.13/site-packages/_pytest/runner.py", line 194, in pytest_runtest_teardown
    item.session._setupstate.teardown_exact(nextitem)
  File "/home/runner/work/apolo-test-automation/apolo-test-automation/.venv/lib/python3.13/site-packages/_pytest/runner.py", line 555, in teardown_exact
    fin()
  File "/home/runner/work/apolo-test-automation/apolo-test-automation/.venv/lib/python3.13/site-packages/_pytest/fixtures.py", line 1042, in finish
    fin()
  File "/home/runner/work/apolo-test-automation/apolo-test-automation/.venv/lib/python3.13/site-packages/allure_commons/_allure.py", line 231, in __call__
    return self._fixture_function(*args, **kwargs)
  File "/home/runner/work/apolo-test-automation/apolo-test-automation/tests/test_cases/conftest.py", line 188, in finalizer
    asyncio.get_event_loop().run_until_complete(_teardown())
  File "/opt/hostedtoolcache/Python/3.13.11/x64/lib/python3.13/asyncio/base_events.py", line 712, in run_until_complete
    self.run_forever()
  File "/opt/hostedtoolcache/Python/3.13.11/x64/lib/python3.13/asyncio/base_events.py", line 683, in run_forever
    self._run_once()
  File "/opt/hostedtoolcache/Python/3.13.11/x64/lib/python3.13/asyncio/base_events.py", line 2050, in _run_once
    handle._run()
  File "/opt/hostedtoolcache/Python/3.13.11/x64/lib/python3.13/asyncio/events.py", line 89, in _run
    self._context.run(self._callback, *self._args)
  File "/home/runner/work/apolo-test-automation/apolo-test-automation/tests/test_cases/conftest.py", line 142, in _teardown
    await _do_full_teardown_logic(request, users_manager, data_manager, api_helper)
  File "/home/runner/work/apolo-test-automation/apolo-test-automation/tests/test_cases/conftest.py", line 279, in _do_full_teardown_logic
    logger.warning(f"Post-test cleanup failed: {formatted_msg}", RuntimeWarning)
Message: 'Post-test cleanup failed: [TimeoutError] during step: Post-test cleanup\nMessage: '
Arguments: (<class 'RuntimeWarning'>,)
