{"uid":"14e46f8dbb82e015","name":"Invite member that NOT in organization to project via UI","fullName":"tests.test_cases.tests_ui.test_project_structure_setup.TestUIProjectStructureSetup#test_invite_not_org_member_to_proj_via_ui","historyId":"a949c0b55d0235a80abfe0157af30788","time":{"start":1762052635827,"stop":1762052673550,"duration":37723},"description":"\n- Login with valid credentials.\n- Create new organization via **API**.\n- Create new project.\n- Signup `second user`.\n- DO NOT invite `second user` to organization.\n\n### Verify that:\n\n- User **cannot** invite to project another user which is **not member of organization**.\n","descriptionHtml":"<div style='line-height:1.6;'><ul>\n<li>Login with valid credentials.</li>\n<li>Create new organization via <strong>API</strong>.</li>\n<li>Create new project.</li>\n<li>Signup <span style='background-color:#D3D3D3; padding:2px 4px; border-radius:3px; font-family:monospace;'>second user</span>.</li>\n<li>DO NOT invite <span style='background-color:#D3D3D3; padding:2px 4px; border-radius:3px; font-family:monospace;'>second user</span> to organization.</li>\n</ul>\n<h3>Verify that:</h3>\n<ul>\n<li>User <strong>cannot</strong> invite to project another user which is <strong>not member of organization</strong>.</li>\n</ul></div>","status":"failed","statusMessage":"AssertionError: [AssertionError] during step: Create first project from main page\nMessage: [TimeoutError] during step: Wait for Create project popup disappear\nMessage: Locator.wait_for: Timeout 60ms exceeded.\nCall log:\n  - waiting for locator(\"h2\").filter(has_text=\"Create Project\") to be detached\n    3 × locator resolved to visible <h2 class=\"p-8 text-h4\">Create Project</h2>\n\nNote: Playwright Timeout. Element not found or action took too long.","statusTrace":"tests/reporting_hooks/reporting.py:49: in wrapper\n    result = await func(*args, **kwargs)\n             ^^^^^^^^^^^^^^^^^^^^^^^^^^^\ntests/test_cases/steps/ui_steps/page_steps_impl/create_proj_popup_steps.py:36: in ui_wait_to_disappear\n    await self._pm.create_proj_popup.wait_to_disappear(org_name=org_name)\ntests/components/ui/pages/create_project_popup.py:83: in wait_to_disappear\n    await self._get_create_proj_title().locator.wait_for(\n.venv/lib/python3.13/site-packages/playwright/async_api/_generated.py:17876: in wait_for\n    await self._impl_obj.wait_for(timeout=timeout, state=state)\n.venv/lib/python3.13/site-packages/playwright/_impl/_locator.py:692: in wait_for\n    await self._frame.wait_for_selector(\n.venv/lib/python3.13/site-packages/playwright/_impl/_frame.py:369: in wait_for_selector\n    await self._channel.send(\n.venv/lib/python3.13/site-packages/playwright/_impl/_connection.py:69: in send\n    return await self._connection.wrap_api_call(\n.venv/lib/python3.13/site-packages/playwright/_impl/_connection.py:558: in wrap_api_call\n    raise rewrite_error(error, f\"{parsed_st['apiName']}: {error}\") from None\nE   playwright._impl._errors.TimeoutError: Locator.wait_for: Timeout 60ms exceeded.\nE   Call log:\nE     - waiting for locator(\"h2\").filter(has_text=\"Create Project\") to be detached\nE       3 × locator resolved to visible <h2 class=\"p-8 text-h4\">Create Project</h2>\n\nThe above exception was the direct cause of the following exception:\ntests/reporting_hooks/reporting.py:49: in wrapper\n    result = await func(*args, **kwargs)\n             ^^^^^^^^^^^^^^^^^^^^^^^^^^^\ntests/test_cases/steps/ui_steps/ui_steps.py:247: in ui_create_first_proj_from_main_page\n    await self.create_proj_popup.ui_wait_to_disappear(org_name=org_name)\ntests/reporting_hooks/reporting.py:58: in wrapper\n    raise AssertionError(formatted_msg) from e\nE   AssertionError: [TimeoutError] during step: Wait for Create project popup disappear\nE   Message: Locator.wait_for: Timeout 60ms exceeded.\nE   Call log:\nE     - waiting for locator(\"h2\").filter(has_text=\"Create Project\") to be detached\nE       3 × locator resolved to visible <h2 class=\"p-8 text-h4\">Create Project</h2>\nE   \nE   Note: Playwright Timeout. Element not found or action took too long.\n\nThe above exception was the direct cause of the following exception:\ntests/test_cases/tests_ui/test_project_structure_setup.py:259: in test_invite_not_org_member_to_proj_via_ui\n    await steps.ui_create_first_proj_from_main_page(\ntests/reporting_hooks/reporting.py:58: in wrapper\n    raise AssertionError(formatted_msg) from e\nE   AssertionError: [AssertionError] during step: Create first project from main page\nE   Message: [TimeoutError] during step: Wait for Create project popup disappear\nE   Message: Locator.wait_for: Timeout 60ms exceeded.\nE   Call log:\nE     - waiting for locator(\"h2\").filter(has_text=\"Create Project\") to be detached\nE       3 × locator resolved to visible <h2 class=\"p-8 text-h4\">Create Project</h2>\nE   \nE   Note: Playwright Timeout. Element not found or action took too long.","flaky":false,"newFailed":false,"newBroken":false,"newPassed":false,"retriesCount":0,"retriesStatusChange":false,"beforeStages":[{"name":"test_config","time":{"start":1762052635188,"stop":1762052635192,"duration":4},"status":"passed","steps":[],"attachments":[],"parameters":[],"shouldDisplayMessage":false,"stepsCount":0,"attachmentsCount":0,"hasContent":false,"attachmentStep":false},{"name":"_function_scoped_runner","time":{"start":1762052635192,"stop":1762052635192,"duration":0},"status":"passed","steps":[],"attachments":[],"parameters":[],"shouldDisplayMessage":false,"stepsCount":0,"attachmentsCount":0,"hasContent":false,"attachmentStep":false},{"name":"page_manager","time":{"start":1762052635192,"stop":1762052635824,"duration":632},"status":"passed","steps":[],"attachments":[],"parameters":[],"shouldDisplayMessage":false,"stepsCount":0,"attachmentsCount":0,"hasContent":false,"attachmentStep":false},{"name":"data_manager","time":{"start":1762052635824,"stop":1762052635824,"duration":0},"status":"passed","steps":[],"attachments":[],"parameters":[],"shouldDisplayMessage":false,"stepsCount":0,"attachmentsCount":0,"hasContent":false,"attachmentStep":false},{"name":"users_manager","time":{"start":1762052635824,"stop":1762052635824,"duration":0},"status":"passed","steps":[],"attachments":[],"parameters":[],"shouldDisplayMessage":false,"stepsCount":0,"attachmentsCount":0,"hasContent":false,"attachmentStep":false},{"name":"api_helper","time":{"start":1762052635824,"stop":1762052635825,"duration":1},"status":"passed","steps":[],"attachments":[],"parameters":[],"shouldDisplayMessage":false,"stepsCount":0,"attachmentsCount":0,"hasContent":false,"attachmentStep":false},{"name":"apolo_cli","time":{"start":1762052635825,"stop":1762052635825,"duration":0},"status":"passed","steps":[],"attachments":[],"parameters":[],"shouldDisplayMessage":false,"stepsCount":0,"attachmentsCount":0,"hasContent":false,"attachmentStep":false},{"name":"setup_cleanup","time":{"start":1762052635825,"stop":1762052635825,"duration":0},"status":"passed","steps":[],"attachments":[],"parameters":[],"shouldDisplayMessage":false,"stepsCount":0,"attachmentsCount":0,"hasContent":false,"attachmentStep":false},{"name":"add_page_manager","time":{"start":1762052635825,"stop":1762052635826,"duration":1},"status":"passed","steps":[],"attachments":[],"parameters":[],"shouldDisplayMessage":false,"stepsCount":0,"attachmentsCount":0,"hasContent":false,"attachmentStep":false},{"name":"setup","time":{"start":1762052635826,"stop":1762052635826,"duration":0},"status":"passed","steps":[],"attachments":[],"parameters":[],"shouldDisplayMessage":false,"stepsCount":0,"attachmentsCount":0,"hasContent":false,"attachmentStep":false},{"name":"_inject_fixtures","time":{"start":1762052635826,"stop":1762052635826,"duration":0},"status":"passed","steps":[],"attachments":[],"parameters":[],"shouldDisplayMessage":false,"stepsCount":0,"attachmentsCount":0,"hasContent":false,"attachmentStep":false}],"testStage":{"description":"\n- Login with valid credentials.\n- Create new organization via **API**.\n- Create new project.\n- Signup `second user`.\n- DO NOT invite `second user` to organization.\n\n### Verify that:\n\n- User **cannot** invite to project another user which is **not member of organization**.\n","descriptionHtml":"<div style='line-height:1.6;'><ul>\n<li>Login with valid credentials.</li>\n<li>Create new organization via <strong>API</strong>.</li>\n<li>Create new project.</li>\n<li>Signup <span style='background-color:#D3D3D3; padding:2px 4px; border-radius:3px; font-family:monospace;'>second user</span>.</li>\n<li>DO NOT invite <span style='background-color:#D3D3D3; padding:2px 4px; border-radius:3px; font-family:monospace;'>second user</span> to organization.</li>\n</ul>\n<h3>Verify that:</h3>\n<ul>\n<li>User <strong>cannot</strong> invite to project another user which is <strong>not member of organization</strong>.</li>\n</ul></div>","status":"failed","statusMessage":"AssertionError: [AssertionError] during step: Create first project from main page\nMessage: [TimeoutError] during step: Wait for Create project popup disappear\nMessage: Locator.wait_for: Timeout 60ms exceeded.\nCall log:\n  - waiting for locator(\"h2\").filter(has_text=\"Create Project\") to be detached\n    3 × locator resolved to visible <h2 class=\"p-8 text-h4\">Create Project</h2>\n\nNote: Playwright Timeout. Element not found or action took too long.","statusTrace":"tests/reporting_hooks/reporting.py:49: in wrapper\n    result = await func(*args, **kwargs)\n             ^^^^^^^^^^^^^^^^^^^^^^^^^^^\ntests/test_cases/steps/ui_steps/page_steps_impl/create_proj_popup_steps.py:36: in ui_wait_to_disappear\n    await self._pm.create_proj_popup.wait_to_disappear(org_name=org_name)\ntests/components/ui/pages/create_project_popup.py:83: in wait_to_disappear\n    await self._get_create_proj_title().locator.wait_for(\n.venv/lib/python3.13/site-packages/playwright/async_api/_generated.py:17876: in wait_for\n    await self._impl_obj.wait_for(timeout=timeout, state=state)\n.venv/lib/python3.13/site-packages/playwright/_impl/_locator.py:692: in wait_for\n    await self._frame.wait_for_selector(\n.venv/lib/python3.13/site-packages/playwright/_impl/_frame.py:369: in wait_for_selector\n    await self._channel.send(\n.venv/lib/python3.13/site-packages/playwright/_impl/_connection.py:69: in send\n    return await self._connection.wrap_api_call(\n.venv/lib/python3.13/site-packages/playwright/_impl/_connection.py:558: in wrap_api_call\n    raise rewrite_error(error, f\"{parsed_st['apiName']}: {error}\") from None\nE   playwright._impl._errors.TimeoutError: Locator.wait_for: Timeout 60ms exceeded.\nE   Call log:\nE     - waiting for locator(\"h2\").filter(has_text=\"Create Project\") to be detached\nE       3 × locator resolved to visible <h2 class=\"p-8 text-h4\">Create Project</h2>\n\nThe above exception was the direct cause of the following exception:\ntests/reporting_hooks/reporting.py:49: in wrapper\n    result = await func(*args, **kwargs)\n             ^^^^^^^^^^^^^^^^^^^^^^^^^^^\ntests/test_cases/steps/ui_steps/ui_steps.py:247: in ui_create_first_proj_from_main_page\n    await self.create_proj_popup.ui_wait_to_disappear(org_name=org_name)\ntests/reporting_hooks/reporting.py:58: in wrapper\n    raise AssertionError(formatted_msg) from e\nE   AssertionError: [TimeoutError] during step: Wait for Create project popup disappear\nE   Message: Locator.wait_for: Timeout 60ms exceeded.\nE   Call log:\nE     - waiting for locator(\"h2\").filter(has_text=\"Create Project\") to be detached\nE       3 × locator resolved to visible <h2 class=\"p-8 text-h4\">Create Project</h2>\nE   \nE   Note: Playwright Timeout. Element not found or action took too long.\n\nThe above exception was the direct cause of the following exception:\ntests/test_cases/tests_ui/test_project_structure_setup.py:259: in test_invite_not_org_member_to_proj_via_ui\n    await steps.ui_create_first_proj_from_main_page(\ntests/reporting_hooks/reporting.py:58: in wrapper\n    raise AssertionError(formatted_msg) from e\nE   AssertionError: [AssertionError] during step: Create first project from main page\nE   Message: [TimeoutError] during step: Wait for Create project popup disappear\nE   Message: Locator.wait_for: Timeout 60ms exceeded.\nE   Call log:\nE     - waiting for locator(\"h2\").filter(has_text=\"Create Project\") to be detached\nE       3 × locator resolved to visible <h2 class=\"p-8 text-h4\">Create Project</h2>\nE   \nE   Note: Playwright Timeout. Element not found or action took too long.","steps":[{"name":"Login via UI","time":{"start":1762052635827,"stop":1762052652177,"duration":16350},"status":"passed","steps":[{"name":"Verify that Auth page displayed","time":{"start":1762052635827,"stop":1762052636916,"duration":1089},"status":"passed","steps":[],"attachments":[{"uid":"42596cd11f851b9d","name":"Page URL","source":"42596cd11f851b9d.txt","type":"text/plain","size":29},{"uid":"d0151377940f1117","name":"HTTP 200 - GET config","source":"d0151377940f1117.txt","type":"text/plain","size":673},{"uid":"5fefcfa4529d56ee","name":"Screenshot: Verify that Auth page displayed (success)","source":"5fefcfa4529d56ee.png","type":"image/png","size":88563}],"parameters":[],"shouldDisplayMessage":false,"stepsCount":0,"attachmentsCount":3,"hasContent":true,"attachmentStep":false},{"name":"Click login button","time":{"start":1762052636916,"stop":1762052637875,"duration":959},"status":"passed","steps":[],"attachments":[{"uid":"ea263053c4fb35c4","name":"Page URL","source":"ea263053c4fb35c4.txt","type":"text/plain","size":33},{"uid":"d50da7aef3a3ff04","name":"Screenshot: Click login button (success)","source":"d50da7aef3a3ff04.png","type":"image/png","size":88570}],"parameters":[],"shouldDisplayMessage":false,"stepsCount":0,"attachmentsCount":2,"hasContent":true,"attachmentStep":false},{"name":"Verify that Login page displayed","time":{"start":1762052637875,"stop":1762052638044,"duration":169},"status":"passed","steps":[],"attachments":[{"uid":"d71d5093ba451d37","name":"Page URL","source":"d71d5093ba451d37.txt","type":"text/plain","size":215},{"uid":"7431e20124a9b390","name":"Screenshot: Verify that Login page displayed (success)","source":"7431e20124a9b390.png","type":"image/png","size":42201}],"parameters":[],"shouldDisplayMessage":false,"stepsCount":0,"attachmentsCount":2,"hasContent":true,"attachmentStep":false},{"name":"Enter email","time":{"start":1762052638044,"stop":1762052638378,"duration":334},"status":"passed","steps":[],"attachments":[{"uid":"791dc9d47e8d0fa0","name":"Page URL","source":"791dc9d47e8d0fa0.txt","type":"text/plain","size":215},{"uid":"a3ae9754c9c6f8a8","name":"Screenshot: Enter email (success)","source":"a3ae9754c9c6f8a8.png","type":"image/png","size":46186}],"parameters":[],"shouldDisplayMessage":false,"stepsCount":0,"attachmentsCount":2,"hasContent":true,"attachmentStep":false},{"name":"Enter password","time":{"start":1762052638378,"stop":1762052638711,"duration":333},"status":"passed","steps":[],"attachments":[{"uid":"cd1a5e0882cf4301","name":"Page URL","source":"cd1a5e0882cf4301.txt","type":"text/plain","size":215},{"uid":"796e983ead665689","name":"Screenshot: Enter password (success)","source":"796e983ead665689.png","type":"image/png","size":46320}],"parameters":[],"shouldDisplayMessage":false,"stepsCount":0,"attachmentsCount":2,"hasContent":true,"attachmentStep":false},{"name":"Click Continue button","time":{"start":1762052638711,"stop":1762052650992,"duration":12281},"status":"passed","steps":[],"attachments":[{"uid":"90a8d80eeac5e1ee","name":"Page URL","source":"90a8d80eeac5e1ee.txt","type":"text/plain","size":215},{"uid":"29f4dd95dceef512","name":"HTTP 200 - GET config","source":"29f4dd95dceef512.txt","type":"text/plain","size":771},{"uid":"db0af1b7311d06b","name":"HTTP 200 - GET permissions?uri=blob:","source":"db0af1b7311d06b.txt","type":"text/plain","size":182},{"uid":"e570a8765b9b4cf8","name":"HTTP 200 - GET regression-v97xiwo058?include=orgs","source":"e570a8765b9b4cf8.txt","type":"text/plain","size":379},{"uid":"d73f37f2e2967c97","name":"HTTP 200 - GET incoming","source":"d73f37f2e2967c97.txt","type":"text/plain","size":156},{"uid":"cb90c1cdd6e090b9","name":"HTTP 200 - GET regression-v97xiwo058?include=clusters&include=system_role","source":"cb90c1cdd6e090b9.txt","type":"text/plain","size":407},{"uid":"a8df4baff2e9fad3","name":"Screenshot: Click Continue button (success)","source":"a8df4baff2e9fad3.png","type":"image/png","size":162326}],"parameters":[],"shouldDisplayMessage":false,"stepsCount":0,"attachmentsCount":7,"hasContent":true,"attachmentStep":false},{"name":"Verify that Welcome new user page displayed","time":{"start":1762052651000,"stop":1762052652092,"duration":1092},"status":"passed","steps":[],"attachments":[{"uid":"ae079b2639f4d0d","name":"Page URL","source":"ae079b2639f4d0d.txt","type":"text/plain","size":44},{"uid":"523475dd84db4a35","name":"Screenshot: Verify that Welcome new user page displayed (success)","source":"523475dd84db4a35.png","type":"image/png","size":162326}],"parameters":[],"shouldDisplayMessage":false,"stepsCount":0,"attachmentsCount":2,"hasContent":true,"attachmentStep":false}],"attachments":[{"uid":"2bba5bcf9221f75","name":"Page URL","source":"2bba5bcf9221f75.txt","type":"text/plain","size":29},{"uid":"d0d0fcbc02dc0455","name":"Screenshot: Login via UI (success)","source":"d0d0fcbc02dc0455.png","type":"image/png","size":162326}],"parameters":[],"shouldDisplayMessage":false,"stepsCount":7,"attachmentsCount":22,"hasContent":true,"attachmentStep":false},{"name":"Add organization via API and reload page","time":{"start":1762052652177,"stop":1762052670761,"duration":18584},"status":"passed","steps":[{"name":"Reload page","time":{"start":1762052669317,"stop":1762052670678,"duration":1361},"status":"passed","steps":[{"name":"Reload page","time":{"start":1762052669317,"stop":1762052670595,"duration":1278},"status":"passed","steps":[],"attachments":[{"uid":"f197ded20dca01f2","name":"Page URL","source":"f197ded20dca01f2.txt","type":"text/plain","size":44},{"uid":"5ddae6ee9e758f0c","name":"HTTP 200 - GET config","source":"5ddae6ee9e758f0c.txt","type":"text/plain","size":2137},{"uid":"c8de1f7fe6ae592c","name":"HTTP 200 - GET permissions?uri=blob:","source":"c8de1f7fe6ae592c.txt","type":"text/plain","size":255},{"uid":"a9cd92ae06b8d68a","name":"HTTP 200 - GET incoming","source":"a9cd92ae06b8d68a.txt","type":"text/plain","size":156},{"uid":"d15fa8dc5e7a78f5","name":"HTTP 200 - GET regression-v97xiwo058?include=orgs","source":"d15fa8dc5e7a78f5.txt","type":"text/plain","size":474},{"uid":"cec07fd4235a8da4","name":"HTTP 200 - GET regression-org-kk1cg9r3yqia","source":"cec07fd4235a8da4.txt","type":"text/plain","size":444},{"uid":"1e4e39a82c1c2e15","name":"HTTP 200 - GET regression-v97xiwo058?include=clusters&include=system_role","source":"1e4e39a82c1c2e15.txt","type":"text/plain","size":529},{"uid":"127d2496c43f3afa","name":"HTTP 200 - GET tags","source":"127d2496c43f3afa.txt","type":"text/plain","size":867},{"uid":"83e032d80a7eeea5","name":"Screenshot: Reload page (success)","source":"83e032d80a7eeea5.png","type":"image/png","size":58159}],"parameters":[],"shouldDisplayMessage":false,"stepsCount":0,"attachmentsCount":9,"hasContent":true,"attachmentStep":false}],"attachments":[{"uid":"6c8adf19913a1bb4","name":"Page URL","source":"6c8adf19913a1bb4.txt","type":"text/plain","size":44},{"uid":"dc1f6e8d419974e0","name":"Screenshot: Reload page (success)","source":"dc1f6e8d419974e0.png","type":"image/png","size":58159}],"parameters":[],"shouldDisplayMessage":false,"stepsCount":1,"attachmentsCount":11,"hasContent":true,"attachmentStep":false}],"attachments":[{"uid":"e71b4ceba84e955f","name":"Page URL","source":"e71b4ceba84e955f.txt","type":"text/plain","size":44},{"uid":"c5894f22ee7800a3","name":"Screenshot: Add organization via API and reload page (success)","source":"c5894f22ee7800a3.png","type":"image/png","size":58159}],"parameters":[],"shouldDisplayMessage":false,"stepsCount":2,"attachmentsCount":13,"hasContent":true,"attachmentStep":false},{"name":"Create first project from main page","time":{"start":1762052670761,"stop":1762052673549,"duration":2788},"status":"failed","statusMessage":"AssertionError: [AssertionError] during step: Create first project from main page\nMessage: [TimeoutError] during step: Wait for Create project popup disappear\nMessage: Locator.wait_for: Timeout 60ms exceeded.\nCall log:\n  - waiting for locator(\"h2\").filter(has_text=\"Create Project\") to be detached\n    3 × locator resolved to visible <h2 class=\"p-8 text-h4\">Create Project</h2>\n\nNote: Playwright Timeout. Element not found or action took too long.\n","statusTrace":"  File \"/home/runner/work/apolo-test-automation/apolo-test-automation/tests/reporting_hooks/reporting.py\", line 58, in wrapper\n    raise AssertionError(formatted_msg) from e\n","steps":[{"name":"Click Create project button on the main page","time":{"start":1762052670762,"stop":1762052671733,"duration":971},"status":"passed","steps":[],"attachments":[{"uid":"145dc5d0f45731b5","name":"Page URL","source":"145dc5d0f45731b5.txt","type":"text/plain","size":81},{"uid":"3ab662020fce4d3b","name":"Screenshot: Click Create project button on the main page (success)","source":"3ab662020fce4d3b.png","type":"image/png","size":75274}],"parameters":[],"shouldDisplayMessage":false,"stepsCount":0,"attachmentsCount":2,"hasContent":true,"attachmentStep":false},{"name":"Verify Create project popup displayed","time":{"start":1762052671734,"stop":1762052671865,"duration":131},"status":"passed","steps":[],"attachments":[{"uid":"7cf1e514ad128568","name":"Page URL","source":"7cf1e514ad128568.txt","type":"text/plain","size":81},{"uid":"177e3fc2480dc0e7","name":"Screenshot: Verify Create project popup displayed (success)","source":"177e3fc2480dc0e7.png","type":"image/png","size":75292}],"parameters":[],"shouldDisplayMessage":false,"stepsCount":0,"attachmentsCount":2,"hasContent":true,"attachmentStep":false},{"name":"Enter project name","time":{"start":1762052671866,"stop":1762052672219,"duration":353},"status":"passed","steps":[],"attachments":[{"uid":"a28915b18833de3a","name":"Page URL","source":"a28915b18833de3a.txt","type":"text/plain","size":81},{"uid":"86538d7a5fb3fec1","name":"Screenshot: Enter project name (success)","source":"86538d7a5fb3fec1.png","type":"image/png","size":78861}],"parameters":[],"shouldDisplayMessage":false,"stepsCount":0,"attachmentsCount":2,"hasContent":true,"attachmentStep":false},{"name":"Select user role","time":{"start":1762052672219,"stop":1762052672316,"duration":97},"status":"passed","steps":[],"attachments":[{"uid":"9f00eee8a0317776","name":"Page URL","source":"9f00eee8a0317776.txt","type":"text/plain","size":81},{"uid":"723dab61e3a5b289","name":"Screenshot: Select user role (success)","source":"723dab61e3a5b289.png","type":"image/png","size":78861}],"parameters":[],"shouldDisplayMessage":false,"stepsCount":0,"attachmentsCount":2,"hasContent":true,"attachmentStep":false},{"name":"Click Create button","time":{"start":1762052672316,"stop":1762052673285,"duration":969},"status":"passed","steps":[],"attachments":[{"uid":"d3df93c6b00a85c8","name":"Page URL","source":"d3df93c6b00a85c8.txt","type":"text/plain","size":81},{"uid":"c8b6e57bb5e2e89e","name":"HTTP 404 - GET regression-proj-y21j66ideq","source":"c8b6e57bb5e2e89e.txt","type":"text/plain","size":340},{"uid":"693e7903ba4e3190","name":"Screenshot: Click Create button (success)","source":"693e7903ba4e3190.png","type":"image/png","size":77827}],"parameters":[],"shouldDisplayMessage":false,"stepsCount":0,"attachmentsCount":3,"hasContent":true,"attachmentStep":false},{"name":"Wait for Create project popup disappear","time":{"start":1762052673285,"stop":1762052673450,"duration":165},"status":"failed","statusMessage":"AssertionError: [TimeoutError] during step: Wait for Create project popup disappear\nMessage: Locator.wait_for: Timeout 60ms exceeded.\nCall log:\n  - waiting for locator(\"h2\").filter(has_text=\"Create Project\") to be detached\n    3 × locator resolved to visible <h2 class=\"p-8 text-h4\">Create Project</h2>\n\nNote: Playwright Timeout. Element not found or action took too long.\n","statusTrace":"  File \"/home/runner/work/apolo-test-automation/apolo-test-automation/tests/reporting_hooks/reporting.py\", line 58, in wrapper\n    raise AssertionError(formatted_msg) from e\n","steps":[],"attachments":[{"uid":"d470a069f9c3e0d8","name":"Page URL","source":"d470a069f9c3e0d8.txt","type":"text/plain","size":81},{"uid":"399f36ec575f473a","name":"Screenshot: Wait for Create project popup disappear (fail)","source":"399f36ec575f473a.png","type":"image/png","size":77759}],"parameters":[],"shouldDisplayMessage":true,"stepsCount":0,"attachmentsCount":2,"hasContent":true,"attachmentStep":false}],"attachments":[{"uid":"1de81a0f7a1a999c","name":"Page URL","source":"1de81a0f7a1a999c.txt","type":"text/plain","size":81},{"uid":"ea552f811884591f","name":"Screenshot: Create first project from main page (fail)","source":"ea552f811884591f.png","type":"image/png","size":77710}],"parameters":[],"shouldDisplayMessage":true,"stepsCount":6,"attachmentsCount":15,"hasContent":true,"attachmentStep":false}],"attachments":[{"uid":"cb345aa1bf5f2bb8","name":"log","source":"cb345aa1bf5f2bb8.txt","type":"text/plain","size":21703}],"parameters":[],"shouldDisplayMessage":true,"stepsCount":18,"attachmentsCount":51,"hasContent":true,"attachmentStep":false},"afterStages":[{"name":"setup_cleanup::finalizer","time":{"start":1762052673694,"stop":1762052673694,"duration":0},"status":"passed","steps":[],"attachments":[],"parameters":[],"shouldDisplayMessage":false,"stepsCount":0,"attachmentsCount":0,"hasContent":false,"attachmentStep":false},{"name":"setup_cleanup::finalizer","time":{"start":1762052673694,"stop":1762052677322,"duration":3628},"status":"passed","steps":[{"name":"Post-test cleanup","time":{"start":1762052673695,"stop":1762052677322,"duration":3627},"status":"passed","steps":[{"name":"Delete organisation: regression-org-kk1cg9r3yqia","time":{"start":1762052676773,"stop":1762052677280,"duration":507},"status":"passed","steps":[],"attachments":[],"parameters":[],"shouldDisplayMessage":false,"stepsCount":0,"attachmentsCount":0,"hasContent":false,"attachmentStep":false}],"attachments":[],"parameters":[],"shouldDisplayMessage":false,"stepsCount":1,"attachmentsCount":0,"hasContent":true,"attachmentStep":false}],"attachments":[],"parameters":[],"shouldDisplayMessage":false,"stepsCount":2,"attachmentsCount":0,"hasContent":true,"attachmentStep":false},{"name":"add_page_manager::finalizer","time":{"start":1762052673694,"stop":1762052673694,"duration":0},"status":"passed","steps":[],"attachments":[],"parameters":[],"shouldDisplayMessage":false,"stepsCount":0,"attachmentsCount":0,"hasContent":false,"attachmentStep":false},{"name":"api_helper::finalizer","time":{"start":1762052677323,"stop":1762052677323,"duration":0},"status":"passed","steps":[],"attachments":[],"parameters":[],"shouldDisplayMessage":false,"stepsCount":0,"attachmentsCount":0,"hasContent":false,"attachmentStep":false},{"name":"_function_scoped_runner::0","time":{"start":1762052677324,"stop":1762052677324,"duration":0},"status":"passed","steps":[],"attachments":[],"parameters":[],"shouldDisplayMessage":false,"stepsCount":0,"attachmentsCount":0,"hasContent":false,"attachmentStep":false}],"labels":[{"name":"parentSuite","value":"UI Tests"},{"name":"suite","value":"UI Project Structure Setup"},{"name":"tag","value":"asyncio"},{"name":"subSuite","value":"TestUIProjectStructureSetup"},{"name":"host","value":"runnervmf2e7y"},{"name":"thread","value":"3545-MainThread"},{"name":"framework","value":"pytest"},{"name":"language","value":"cpython3"},{"name":"package","value":"tests.test_cases.tests_ui.test_project_structure_setup"},{"name":"resultFormat","value":"allure2"}],"parameters":[],"links":[],"hidden":true,"retry":true,"extra":{"categories":[],"tags":["asyncio"]},"source":"14e46f8dbb82e015.json","parameterValues":[]}