{"uid":"16aa3d5d95b25c81","name":"Verify app output endpoints schema via API","fullName":"tests.test_cases.tests_e2e.test_deep_seek_app.TestE2EDeepSeekApp#test_app_output_api_schema_via_api","historyId":"28f0d90dffdbfdaa28f26595a1b0bc12","time":{"start":1758419256108,"stop":1758419260416,"duration":4308},"description":"\n### Pre-conditions:\n- DeepSeek app installed.\n\n### Steps:\n- Login with valid credentials.\n- Call `output` API.\n\n### Verify that:\n\n- API endpoints data matching expected json schema.\n","descriptionHtml":"<div style='line-height:1.6;'><h3>Pre-conditions:</h3>\n<ul>\n<li>DeepSeek app installed.</li>\n</ul>\n<h3>Steps:</h3>\n<ul>\n<li>Login with valid credentials.</li>\n<li>Call <span style='background-color:#D3D3D3; padding:2px 4px; border-radius:3px; font-family:monospace;'>output</span> API.</li>\n</ul>\n<h3>Verify that:</h3>\n<ul>\n<li>API endpoints data matching expected json schema.</li>\n</ul></div>","status":"failed","statusMessage":"AssertionError: [AssertionError] during step: Verify output endpoints schema via API\nMessage: <unknown at 0> validation error: Additional properties are not allowed ('__type__' was unexpected);\n <unknown at 1> validation error: Additional properties are not allowed ('__type__' was unexpected);\n <unknown at 2> validation error: Additional properties are not allowed ('__type__' was unexpected);\n <unknown at 3> validation error: Additional properties are not allowed ('__type__' was unexpected)","statusTrace":"tests/reporting_hooks/reporting.py:49: in wrapper\n    result = await func(*args, **kwargs)\n             ^^^^^^^^^^^^^^^^^^^^^^^^^^^\ntests/test_cases/steps/api_steps/api_steps.py:228: in verify_output_endpoints_schema_api\n    assert result, error_message\n           ^^^^^^\nE   AssertionError: <unknown at 0> validation error: Additional properties are not allowed ('__type__' was unexpected);\nE    <unknown at 1> validation error: Additional properties are not allowed ('__type__' was unexpected);\nE    <unknown at 2> validation error: Additional properties are not allowed ('__type__' was unexpected);\nE    <unknown at 3> validation error: Additional properties are not allowed ('__type__' was unexpected)\n\nThe above exception was the direct cause of the following exception:\ntests/test_cases/tests_e2e/test_deep_seek_app.py:426: in test_app_output_api_schema_via_api\n    await api_steps.verify_output_endpoints_schema_api(\ntests/reporting_hooks/reporting.py:58: in wrapper\n    raise AssertionError(formatted_msg) from e\nE   AssertionError: [AssertionError] during step: Verify output endpoints schema via API\nE   Message: <unknown at 0> validation error: Additional properties are not allowed ('__type__' was unexpected);\nE    <unknown at 1> validation error: Additional properties are not allowed ('__type__' was unexpected);\nE    <unknown at 2> validation error: Additional properties are not allowed ('__type__' was unexpected);\nE    <unknown at 3> validation error: Additional properties are not allowed ('__type__' was unexpected)","flaky":false,"newFailed":false,"newBroken":false,"newPassed":false,"retriesCount":0,"retriesStatusChange":false,"beforeStages":[{"name":"pytestconfig","time":{"start":1758418406003,"stop":1758418406003,"duration":0},"status":"passed","steps":[],"attachments":[],"parameters":[],"shouldDisplayMessage":false,"stepsCount":0,"attachmentsCount":0,"hasContent":false,"attachmentStep":false},{"name":"base_url","time":{"start":1758418406003,"stop":1758418406004,"duration":1},"status":"passed","steps":[],"attachments":[],"parameters":[],"shouldDisplayMessage":false,"stepsCount":0,"attachmentsCount":0,"hasContent":false,"attachmentStep":false},{"name":"delete_output_dir","time":{"start":1758418406003,"stop":1758418406003,"duration":0},"status":"passed","steps":[],"attachments":[],"parameters":[],"shouldDisplayMessage":false,"stepsCount":0,"attachmentsCount":0,"hasContent":false,"attachmentStep":false},{"name":"delay_worker_start","time":{"start":1758418406004,"stop":1758418436004,"duration":30000},"status":"passed","steps":[],"attachments":[],"parameters":[],"shouldDisplayMessage":false,"stepsCount":0,"attachmentsCount":0,"hasContent":false,"attachmentStep":false},{"name":"_verify_url","time":{"start":1758418406004,"stop":1758418406004,"duration":0},"status":"passed","steps":[],"attachments":[],"parameters":[],"shouldDisplayMessage":false,"stepsCount":0,"attachmentsCount":0,"hasContent":false,"attachmentStep":false},{"name":"event_loop_policy","time":{"start":1758418406004,"stop":1758418406004,"duration":0},"status":"passed","steps":[],"attachments":[],"parameters":[],"shouldDisplayMessage":false,"stepsCount":0,"attachmentsCount":0,"hasContent":false,"attachmentStep":false},{"name":"ensure_storage_directories","time":{"start":1758418436005,"stop":1758418436005,"duration":0},"status":"passed","steps":[],"attachments":[],"parameters":[],"shouldDisplayMessage":false,"stepsCount":0,"attachmentsCount":0,"hasContent":false,"attachmentStep":false},{"name":"test_config","time":{"start":1758419254085,"stop":1758419254089,"duration":4},"status":"passed","steps":[],"attachments":[],"parameters":[],"shouldDisplayMessage":false,"stepsCount":0,"attachmentsCount":0,"hasContent":false,"attachmentStep":false},{"name":"page_manager","time":{"start":1758419254089,"stop":1758419256106,"duration":2017},"status":"passed","steps":[],"attachments":[{"uid":"ff5fad107adcf3d1","name":"HTTP 200 - GET config","source":"ff5fad107adcf3d1.txt","type":"text/plain","size":654}],"parameters":[],"shouldDisplayMessage":false,"stepsCount":0,"attachmentsCount":1,"hasContent":true,"attachmentStep":false},{"name":"_function_scoped_runner","time":{"start":1758419254089,"stop":1758419254089,"duration":0},"status":"passed","steps":[],"attachments":[],"parameters":[],"shouldDisplayMessage":false,"stepsCount":0,"attachmentsCount":0,"hasContent":false,"attachmentStep":false},{"name":"api_helper","time":{"start":1758419256106,"stop":1758419256107,"duration":1},"status":"passed","steps":[],"attachments":[],"parameters":[],"shouldDisplayMessage":false,"stepsCount":0,"attachmentsCount":0,"hasContent":false,"attachmentStep":false},{"name":"users_manager","time":{"start":1758419256106,"stop":1758419256106,"duration":0},"status":"passed","steps":[],"attachments":[],"parameters":[],"shouldDisplayMessage":false,"stepsCount":0,"attachmentsCount":0,"hasContent":false,"attachmentStep":false},{"name":"data_manager","time":{"start":1758419256106,"stop":1758419256106,"duration":0},"status":"passed","steps":[],"attachments":[],"parameters":[],"shouldDisplayMessage":false,"stepsCount":0,"attachmentsCount":0,"hasContent":false,"attachmentStep":false},{"name":"apolo_cli","time":{"start":1758419256107,"stop":1758419256107,"duration":0},"status":"passed","steps":[],"attachments":[],"parameters":[],"shouldDisplayMessage":false,"stepsCount":0,"attachmentsCount":0,"hasContent":false,"attachmentStep":false},{"name":"_inject_fixtures","time":{"start":1758419256107,"stop":1758419256108,"duration":1},"status":"passed","steps":[],"attachments":[],"parameters":[],"shouldDisplayMessage":false,"stepsCount":0,"attachmentsCount":0,"hasContent":false,"attachmentStep":false},{"name":"setup_cleanup","time":{"start":1758419256107,"stop":1758419256107,"duration":0},"status":"passed","steps":[],"attachments":[],"parameters":[],"shouldDisplayMessage":false,"stepsCount":0,"attachmentsCount":0,"hasContent":false,"attachmentStep":false},{"name":"add_page_manager","time":{"start":1758419256107,"stop":1758419256107,"duration":0},"status":"passed","steps":[],"attachments":[],"parameters":[],"shouldDisplayMessage":false,"stepsCount":0,"attachmentsCount":0,"hasContent":false,"attachmentStep":false},{"name":"deep_seek_status","time":{"start":1758419256108,"stop":1758419256108,"duration":0},"status":"passed","steps":[],"attachments":[],"parameters":[],"shouldDisplayMessage":false,"stepsCount":0,"attachmentsCount":0,"hasContent":false,"attachmentStep":false},{"name":"setup","time":{"start":1758419256108,"stop":1758419256108,"duration":0},"status":"passed","steps":[],"attachments":[],"parameters":[],"shouldDisplayMessage":false,"stepsCount":0,"attachmentsCount":0,"hasContent":false,"attachmentStep":false}],"testStage":{"description":"\n### Pre-conditions:\n- DeepSeek app installed.\n\n### Steps:\n- Login with valid credentials.\n- Call `output` API.\n\n### Verify that:\n\n- API endpoints data matching expected json schema.\n","descriptionHtml":"<div style='line-height:1.6;'><h3>Pre-conditions:</h3>\n<ul>\n<li>DeepSeek app installed.</li>\n</ul>\n<h3>Steps:</h3>\n<ul>\n<li>Login with valid credentials.</li>\n<li>Call <span style='background-color:#D3D3D3; padding:2px 4px; border-radius:3px; font-family:monospace;'>output</span> API.</li>\n</ul>\n<h3>Verify that:</h3>\n<ul>\n<li>API endpoints data matching expected json schema.</li>\n</ul></div>","status":"failed","statusMessage":"AssertionError: [AssertionError] during step: Verify output endpoints schema via API\nMessage: <unknown at 0> validation error: Additional properties are not allowed ('__type__' was unexpected);\n <unknown at 1> validation error: Additional properties are not allowed ('__type__' was unexpected);\n <unknown at 2> validation error: Additional properties are not allowed ('__type__' was unexpected);\n <unknown at 3> validation error: Additional properties are not allowed ('__type__' was unexpected)","statusTrace":"tests/reporting_hooks/reporting.py:49: in wrapper\n    result = await func(*args, **kwargs)\n             ^^^^^^^^^^^^^^^^^^^^^^^^^^^\ntests/test_cases/steps/api_steps/api_steps.py:228: in verify_output_endpoints_schema_api\n    assert result, error_message\n           ^^^^^^\nE   AssertionError: <unknown at 0> validation error: Additional properties are not allowed ('__type__' was unexpected);\nE    <unknown at 1> validation error: Additional properties are not allowed ('__type__' was unexpected);\nE    <unknown at 2> validation error: Additional properties are not allowed ('__type__' was unexpected);\nE    <unknown at 3> validation error: Additional properties are not allowed ('__type__' was unexpected)\n\nThe above exception was the direct cause of the following exception:\ntests/test_cases/tests_e2e/test_deep_seek_app.py:426: in test_app_output_api_schema_via_api\n    await api_steps.verify_output_endpoints_schema_api(\ntests/reporting_hooks/reporting.py:58: in wrapper\n    raise AssertionError(formatted_msg) from e\nE   AssertionError: [AssertionError] during step: Verify output endpoints schema via API\nE   Message: <unknown at 0> validation error: Additional properties are not allowed ('__type__' was unexpected);\nE    <unknown at 1> validation error: Additional properties are not allowed ('__type__' was unexpected);\nE    <unknown at 2> validation error: Additional properties are not allowed ('__type__' was unexpected);\nE    <unknown at 3> validation error: Additional properties are not allowed ('__type__' was unexpected)","steps":[{"name":"Login via UI","time":{"start":1758419256109,"stop":1758419260324,"duration":4215},"status":"passed","steps":[{"name":"Click login button","time":{"start":1758419256109,"stop":1758419257165,"duration":1056},"status":"passed","steps":[],"attachments":[{"uid":"3d83ed320a057388","name":"Page URL","source":"3d83ed320a057388.txt","type":"text/plain","size":33},{"uid":"1ba8d6467001f6db","name":"Screenshot: Click login button (success)","source":"1ba8d6467001f6db.png","type":"image/png","size":41538}],"parameters":[],"shouldDisplayMessage":false,"stepsCount":0,"attachmentsCount":2,"hasContent":true,"attachmentStep":false},{"name":"Enter email","time":{"start":1758419257166,"stop":1758419257298,"duration":132},"status":"passed","steps":[],"attachments":[{"uid":"cafa3f262a819b4f","name":"Page URL","source":"cafa3f262a819b4f.txt","type":"text/plain","size":215},{"uid":"88a92c7689ccb447","name":"Screenshot: Enter email (success)","source":"88a92c7689ccb447.png","type":"image/png","size":45935}],"parameters":[],"shouldDisplayMessage":false,"stepsCount":0,"attachmentsCount":2,"hasContent":true,"attachmentStep":false},{"name":"Enter password","time":{"start":1758419257298,"stop":1758419257451,"duration":153},"status":"passed","steps":[],"attachments":[{"uid":"47fd75bd11bfbc92","name":"Page URL","source":"47fd75bd11bfbc92.txt","type":"text/plain","size":215},{"uid":"67b58d9a6f9914ee","name":"Screenshot: Enter password (success)","source":"67b58d9a6f9914ee.png","type":"image/png","size":46439}],"parameters":[],"shouldDisplayMessage":false,"stepsCount":0,"attachmentsCount":2,"hasContent":true,"attachmentStep":false},{"name":"Click Continue button","time":{"start":1758419257452,"stop":1758419260058,"duration":2606},"status":"passed","steps":[],"attachments":[{"uid":"7d5c8ee32e62ed4f","name":"Page URL","source":"7d5c8ee32e62ed4f.txt","type":"text/plain","size":215},{"uid":"ba7ed7d0dd8830ba","name":"HTTP 200 - GET config","source":"ba7ed7d0dd8830ba.txt","type":"text/plain","size":1118},{"uid":"c295c2b37986d0bf","name":"HTTP 200 - GET permissions?uri=blob:","source":"c295c2b37986d0bf.txt","type":"text/plain","size":236},{"uid":"2fd1edf54a5c2fa9","name":"HTTP 200 - GET regression-org-4qgji0ii43qd","source":"2fd1edf54a5c2fa9.txt","type":"text/plain","size":425},{"uid":"f5b9c3457dc53139","name":"HTTP 200 - GET instances?size=100","source":"f5b9c3457dc53139.txt","type":"text/plain","size":836},{"uid":"a95a730782c8c18d","name":"HTTP 200 - GET regression-d5evjp16ts?include=clusters&include=system_role","source":"a95a730782c8c18d.txt","type":"text/plain","size":510},{"uid":"a6526d5760a38e39","name":"HTTP 200 - GET incoming","source":"a6526d5760a38e39.txt","type":"text/plain","size":137},{"uid":"dd10fc55f8fdecdb","name":"HTTP 200 - GET regression-d5evjp16ts?include=orgs","source":"dd10fc55f8fdecdb.txt","type":"text/plain","size":455},{"uid":"4eae1b9b8da237ee","name":"HTTP 200 - GET templates","source":"4eae1b9b8da237ee.txt","type":"text/plain","size":1210},{"uid":"68743423aeaccf73","name":"HTTP 200 - GET templates?limit=50&offset=0","source":"68743423aeaccf73.txt","type":"text/plain","size":1228},{"uid":"102b7cad9f99e494","name":"Screenshot: Click Continue button (success)","source":"102b7cad9f99e494.png","type":"image/png","size":169917}],"parameters":[],"shouldDisplayMessage":false,"stepsCount":0,"attachmentsCount":11,"hasContent":true,"attachmentStep":false},{"name":"Verify Apps page displayed","time":{"start":1758419260072,"stop":1758419260198,"duration":126},"status":"passed","steps":[],"attachments":[{"uid":"19feb1517f2c448d","name":"Page URL","source":"19feb1517f2c448d.txt","type":"text/plain","size":116},{"uid":"f8281830d7d1f087","name":"Screenshot: Verify Apps page displayed (success)","source":"f8281830d7d1f087.png","type":"image/png","size":169920}],"parameters":[],"shouldDisplayMessage":false,"stepsCount":0,"attachmentsCount":2,"hasContent":true,"attachmentStep":false}],"attachments":[{"uid":"7ed9d13720db9796","name":"Page URL","source":"7ed9d13720db9796.txt","type":"text/plain","size":33},{"uid":"8e64b02305bdeda3","name":"Screenshot: Login via UI (success)","source":"8e64b02305bdeda3.png","type":"image/png","size":169920}],"parameters":[],"shouldDisplayMessage":false,"stepsCount":5,"attachmentsCount":21,"hasContent":true,"attachmentStep":false},{"name":"Verify output endpoints schema via API","time":{"start":1758419260324,"stop":1758419260415,"duration":91},"status":"failed","statusMessage":"AssertionError: [AssertionError] during step: Verify output endpoints schema via API\nMessage: <unknown at 0> validation error: Additional properties are not allowed ('__type__' was unexpected);\n <unknown at 1> validation error: Additional properties are not allowed ('__type__' was unexpected);\n <unknown at 2> validation error: Additional properties are not allowed ('__type__' was unexpected);\n <unknown at 3> validation error: Additional properties are not allowed ('__type__' was unexpected)\n","statusTrace":"  File \"/home/runner/work/apolo-test-automation/apolo-test-automation/tests/reporting_hooks/reporting.py\", line 58, in wrapper\n    raise AssertionError(formatted_msg) from e\n","steps":[],"attachments":[],"parameters":[],"shouldDisplayMessage":true,"stepsCount":0,"attachmentsCount":0,"hasContent":true,"attachmentStep":false}],"attachments":[{"uid":"f6a0f1b4f8f968fd","name":"log","source":"f6a0f1b4f8f968fd.txt","type":"text/plain","size":14421}],"parameters":[],"shouldDisplayMessage":true,"stepsCount":7,"attachmentsCount":22,"hasContent":true,"attachmentStep":false},"afterStages":[{"name":"setup_cleanup::finalizer","time":{"start":1758419260447,"stop":1758419260447,"duration":0},"status":"passed","steps":[],"attachments":[],"parameters":[],"shouldDisplayMessage":false,"stepsCount":0,"attachmentsCount":0,"hasContent":false,"attachmentStep":false},{"name":"setup_cleanup::finalizer","time":{"start":1758419260447,"stop":1758419260447,"duration":0},"status":"passed","steps":[],"attachments":[],"parameters":[],"shouldDisplayMessage":false,"stepsCount":0,"attachmentsCount":0,"hasContent":false,"attachmentStep":false},{"name":"add_page_manager::finalizer","time":{"start":1758419260447,"stop":1758419260447,"duration":0},"status":"passed","steps":[],"attachments":[],"parameters":[],"shouldDisplayMessage":false,"stepsCount":0,"attachmentsCount":0,"hasContent":false,"attachmentStep":false},{"name":"api_helper::finalizer","time":{"start":1758419260448,"stop":1758419260448,"duration":0},"status":"passed","steps":[],"attachments":[],"parameters":[],"shouldDisplayMessage":false,"stepsCount":0,"attachmentsCount":0,"hasContent":false,"attachmentStep":false},{"name":"_function_scoped_runner::0","time":{"start":1758419260449,"stop":1758419260450,"duration":1},"status":"passed","steps":[],"attachments":[],"parameters":[],"shouldDisplayMessage":false,"stepsCount":0,"attachmentsCount":0,"hasContent":false,"attachmentStep":false}],"labels":[{"name":"parentSuite","value":"E2E Tests"},{"name":"suite","value":"DeepSeek App"},{"name":"tag","value":"asyncio"},{"name":"tag","value":"class_setup"},{"name":"subSuite","value":"TestE2EDeepSeekApp"},{"name":"host","value":"runnervmf4ws1"},{"name":"thread","value":"3647-MainThread"},{"name":"framework","value":"pytest"},{"name":"language","value":"cpython3"},{"name":"package","value":"tests.test_cases.tests_e2e.test_deep_seek_app"},{"name":"resultFormat","value":"allure2"}],"parameters":[],"links":[],"hidden":false,"retry":false,"extra":{"severity":"normal","retries":[],"categories":[{"name":"Product defects","matchedStatuses":[],"flaky":false}],"history":{"statistic":{"failed":3,"broken":0,"skipped":5,"passed":0,"unknown":0,"total":8},"items":[{"uid":"e4282b42b2f7f6a6","status":"failed","statusDetails":"AssertionError: [AssertionError] during step: Verify output endpoints schema via API\nMessage: <unknown at 0> validation error: Additional properties are not allowed ('__type__' was unexpected);\n <unknown at 1> validation error: Additional properties are not allowed ('__type__' was unexpected);\n <unknown at 2> validation error: Additional properties are not allowed ('__type__' was unexpected);\n <unknown at 3> validation error: Additional properties are not allowed ('__type__' was unexpected)","time":{"start":1758332719913,"stop":1758332724507,"duration":4594}},{"uid":"c14e5e46e124fe90","status":"failed","statusDetails":"AssertionError: [AssertionError] during step: Verify output endpoints schema via API\nMessage: <unknown at 0> validation error: Additional properties are not allowed ('__type__' was unexpected);\n <unknown at 1> validation error: Additional properties are not allowed ('__type__' was unexpected);\n <unknown at 2> validation error: Additional properties are not allowed ('__type__' was unexpected);\n <unknown at 3> validation error: Additional properties are not allowed ('__type__' was unexpected)","time":{"start":1758246332108,"stop":1758246336510,"duration":4402}},{"uid":"ae2dfedfb698f081","status":"skipped","statusDetails":"Skipped: DeepSeek app was not installed successfully","time":{"start":1758159857565,"stop":1758159857565,"duration":0}},{"uid":"68ae0fded4832f79","status":"skipped","statusDetails":"Skipped: DeepSeek app was not installed successfully","time":{"start":1758102920229,"stop":1758102920229,"duration":0}},{"uid":"f113358323c9a595","status":"skipped","statusDetails":"Skipped: DeepSeek app was not installed successfully","time":{"start":1758072817257,"stop":1758072817257,"duration":0}},{"uid":"615a2be751c0d54c","status":"skipped","statusDetails":"Skipped: DeepSeek app was not installed successfully","time":{"start":1757986385305,"stop":1757986385305,"duration":0}},{"uid":"53cdbb030c609529","status":"skipped","statusDetails":"Skipped: DeepSeek app was not installed successfully","time":{"start":1757900151031,"stop":1757900151031,"duration":0}}]},"tags":["asyncio","class_setup"]},"source":"16aa3d5d95b25c81.json","parameterValues":[]}