{"uid":"1c42bed4d4ffd8af","name":"Verify Reader cannot change member roles","fullName":"tests.test_cases.tests_ui.test_project_change_member_roles.TestUIProjectChangeMemberRoles#test_reader_change_role","historyId":"3e7763411947279e485cc830193696db","time":{"start":1761188018055,"stop":1761188018055,"duration":0},"description":"\n- Login with valid credentials.\n- Create new organization via **API**.\n- Create new project via **API**.\n- Signup `second user`.\n- Invite `second user` to organization via **API**.\n- Invite `second user` to project with `Reader` role.\n- Signup `third user`.\n- Invite `third user` to organization via **API**.\n- Invite `third user` to project with `Reader` role.\n\n### Verify that:\n\n- `Reader` **cannot** change member roles.\n","descriptionHtml":"<div style='line-height:1.6;'><ul>\n<li>Login with valid credentials.</li>\n<li>Create new organization via <strong>API</strong>.</li>\n<li>Create new project via <strong>API</strong>.</li>\n<li>Signup <span style='background-color:#D3D3D3; padding:2px 4px; border-radius:3px; font-family:monospace;'>second user</span>.</li>\n<li>Invite <span style='background-color:#D3D3D3; padding:2px 4px; border-radius:3px; font-family:monospace;'>second user</span> to organization via <strong>API</strong>.</li>\n<li>Invite <span style='background-color:#D3D3D3; padding:2px 4px; border-radius:3px; font-family:monospace;'>second user</span> to project with <span style='background-color:#D3D3D3; padding:2px 4px; border-radius:3px; font-family:monospace;'>Reader</span> role.</li>\n<li>Signup <span style='background-color:#D3D3D3; padding:2px 4px; border-radius:3px; font-family:monospace;'>third user</span>.</li>\n<li>Invite <span style='background-color:#D3D3D3; padding:2px 4px; border-radius:3px; font-family:monospace;'>third user</span> to organization via <strong>API</strong>.</li>\n<li>Invite <span style='background-color:#D3D3D3; padding:2px 4px; border-radius:3px; font-family:monospace;'>third user</span> to project with <span style='background-color:#D3D3D3; padding:2px 4px; border-radius:3px; font-family:monospace;'>Reader</span> role.</li>\n</ul>\n<h3>Verify that:</h3>\n<ul>\n<li><span style='background-color:#D3D3D3; padding:2px 4px; border-radius:3px; font-family:monospace;'>Reader</span> <strong>cannot</strong> change member roles.</li>\n</ul></div>","status":"broken","statusMessage":"playwright._impl._errors.TimeoutError: Timeout 5000ms exceeded.","statusTrace":".venv/lib/python3.13/site-packages/pytest_asyncio/plugin.py:463: in setup\n    return super().setup()\n           ^^^^^^^^^^^^^^^\n.venv/lib/python3.13/site-packages/pytest_asyncio/plugin.py:748: in pytest_fixture_setup\n    hook_result = yield\n                  ^^^^^\n.venv/lib/python3.13/site-packages/pytest_asyncio/plugin.py:366: in _async_fixture_wrapper\n    result = runner.run(setup(), context=context)\n             ^^^^^^^^^^^^^^^^^^^^^^^^^^^^^^^^^^^^\n/opt/hostedtoolcache/Python/3.13.7/x64/lib/python3.13/asyncio/runners.py:118: in run\n    return self._loop.run_until_complete(task)\n           ^^^^^^^^^^^^^^^^^^^^^^^^^^^^^^^^^^^\n/opt/hostedtoolcache/Python/3.13.7/x64/lib/python3.13/asyncio/base_events.py:725: in run_until_complete\n    return future.result()\n           ^^^^^^^^^^^^^^^\n.venv/lib/python3.13/site-packages/pytest_asyncio/plugin.py:362: in setup\n    res = await fixture_function(*args, **kwargs)\n          ^^^^^^^^^^^^^^^^^^^^^^^^^^^^^^^^^^^^^^^\ntests/test_cases/conftest.py:61: in page_manager\n    pm = await _create_page_manager(test_config, request)\n         ^^^^^^^^^^^^^^^^^^^^^^^^^^^^^^^^^^^^^^^^^^^^^^^^\ntests/test_cases/conftest.py:407: in _create_page_manager\n    await page.wait_for_load_state(\"networkidle\", timeout=5000)\n.venv/lib/python3.13/site-packages/playwright/async_api/_generated.py:9088: in wait_for_load_state\n    await self._impl_obj.wait_for_load_state(state=state, timeout=timeout)\n.venv/lib/python3.13/site-packages/playwright/_impl/_page.py:576: in wait_for_load_state\n    return await self._main_frame.wait_for_load_state(**locals_to_params(locals()))\n           ^^^^^^^^^^^^^^^^^^^^^^^^^^^^^^^^^^^^^^^^^^^^^^^^^^^^^^^^^^^^^^^^^^^^^^^^\n.venv/lib/python3.13/site-packages/playwright/_impl/_frame.py:273: in wait_for_load_state\n    return await self._wait_for_load_state_impl(state, timeout)\n           ^^^^^^^^^^^^^^^^^^^^^^^^^^^^^^^^^^^^^^^^^^^^^^^^^^^^\n.venv/lib/python3.13/site-packages/playwright/_impl/_frame.py:301: in _wait_for_load_state_impl\n    await waiter.result()\nE   playwright._impl._errors.TimeoutError: Timeout 5000ms exceeded.","flaky":true,"newFailed":false,"newBroken":true,"newPassed":false,"retriesCount":2,"retriesStatusChange":true,"beforeStages":[{"name":"base_url","time":{"start":1761183183368,"stop":1761183183368,"duration":0},"status":"passed","steps":[],"attachments":[],"parameters":[],"shouldDisplayMessage":false,"stepsCount":0,"attachmentsCount":0,"hasContent":false,"attachmentStep":false},{"name":"_verify_url","time":{"start":1761183183368,"stop":1761183183368,"duration":0},"status":"passed","steps":[],"attachments":[],"parameters":[],"shouldDisplayMessage":false,"stepsCount":0,"attachmentsCount":0,"hasContent":false,"attachmentStep":false},{"name":"event_loop_policy","time":{"start":1761183183368,"stop":1761183183368,"duration":0},"status":"passed","steps":[],"attachments":[],"parameters":[],"shouldDisplayMessage":false,"stepsCount":0,"attachmentsCount":0,"hasContent":false,"attachmentStep":false},{"name":"pytestconfig","time":{"start":1761183183369,"stop":1761183183369,"duration":0},"status":"passed","steps":[],"attachments":[],"parameters":[],"shouldDisplayMessage":false,"stepsCount":0,"attachmentsCount":0,"hasContent":false,"attachmentStep":false},{"name":"ensure_storage_directories","time":{"start":1761183183369,"stop":1761183183369,"duration":0},"status":"passed","steps":[],"attachments":[],"parameters":[],"shouldDisplayMessage":false,"stepsCount":0,"attachmentsCount":0,"hasContent":false,"attachmentStep":false},{"name":"delay_worker_start","time":{"start":1761183183369,"stop":1761183183369,"duration":0},"status":"passed","steps":[],"attachments":[],"parameters":[],"shouldDisplayMessage":false,"stepsCount":0,"attachmentsCount":0,"hasContent":false,"attachmentStep":false},{"name":"delete_output_dir","time":{"start":1761183183369,"stop":1761183183369,"duration":0},"status":"passed","steps":[],"attachments":[],"parameters":[],"shouldDisplayMessage":false,"stepsCount":0,"attachmentsCount":0,"hasContent":false,"attachmentStep":false},{"name":"test_config","time":{"start":1761188018055,"stop":1761188018058,"duration":3},"status":"passed","steps":[],"attachments":[],"parameters":[],"shouldDisplayMessage":false,"stepsCount":0,"attachmentsCount":0,"hasContent":false,"attachmentStep":false},{"name":"page_manager","time":{"start":1761188018058,"stop":1761188083482,"duration":65424},"status":"broken","statusMessage":"playwright._impl._errors.TimeoutError: Timeout 5000ms exceeded.\n","statusTrace":"  File \"/home/runner/work/apolo-test-automation/apolo-test-automation/.venv/lib/python3.13/site-packages/pluggy/_callers.py\", line 38, in run_old_style_hookwrapper\n    res = yield\n          ^^^^^\n  File \"/home/runner/work/apolo-test-automation/apolo-test-automation/.venv/lib/python3.13/site-packages/pluggy/_callers.py\", line 139, in _multicall\n    teardown.throw(exception)\n    ~~~~~~~~~~~~~~^^^^^^^^^^^\n  File \"/home/runner/work/apolo-test-automation/apolo-test-automation/.venv/lib/python3.13/site-packages/pytest_asyncio/plugin.py\", line 748, in pytest_fixture_setup\n    hook_result = yield\n                  ^^^^^\n  File \"/home/runner/work/apolo-test-automation/apolo-test-automation/.venv/lib/python3.13/site-packages/pluggy/_callers.py\", line 139, in _multicall\n    teardown.throw(exception)\n    ~~~~~~~~~~~~~~^^^^^^^^^^^\n  File \"/home/runner/work/apolo-test-automation/apolo-test-automation/.venv/lib/python3.13/site-packages/_pytest/setuponly.py\", line 36, in pytest_fixture_setup\n    return (yield)\n            ^^^^^\n  File \"/home/runner/work/apolo-test-automation/apolo-test-automation/.venv/lib/python3.13/site-packages/pluggy/_callers.py\", line 121, in _multicall\n    res = hook_impl.function(*args)\n  File \"/home/runner/work/apolo-test-automation/apolo-test-automation/.venv/lib/python3.13/site-packages/_pytest/fixtures.py\", line 1196, in pytest_fixture_setup\n    result = call_fixture_func(fixturefunc, request, kwargs)\n  File \"/home/runner/work/apolo-test-automation/apolo-test-automation/.venv/lib/python3.13/site-packages/_pytest/fixtures.py\", line 930, in call_fixture_func\n    fixture_result = fixturefunc(**kwargs)\n  File \"/home/runner/work/apolo-test-automation/apolo-test-automation/.venv/lib/python3.13/site-packages/pytest_asyncio/plugin.py\", line 366, in _async_fixture_wrapper\n    result = runner.run(setup(), context=context)\n  File \"/opt/hostedtoolcache/Python/3.13.7/x64/lib/python3.13/asyncio/runners.py\", line 118, in run\n    return self._loop.run_until_complete(task)\n           ~~~~~~~~~~~~~~~~~~~~~~~~~~~~~^^^^^^\n  File \"/opt/hostedtoolcache/Python/3.13.7/x64/lib/python3.13/asyncio/base_events.py\", line 725, in run_until_complete\n    return future.result()\n           ~~~~~~~~~~~~~^^\n  File \"/home/runner/work/apolo-test-automation/apolo-test-automation/.venv/lib/python3.13/site-packages/pytest_asyncio/plugin.py\", line 362, in setup\n    res = await fixture_function(*args, **kwargs)\n          ^^^^^^^^^^^^^^^^^^^^^^^^^^^^^^^^^^^^^^^\n  File \"/home/runner/work/apolo-test-automation/apolo-test-automation/tests/test_cases/conftest.py\", line 61, in page_manager\n    pm = await _create_page_manager(test_config, request)\n         ^^^^^^^^^^^^^^^^^^^^^^^^^^^^^^^^^^^^^^^^^^^^^^^^\n  File \"/home/runner/work/apolo-test-automation/apolo-test-automation/tests/test_cases/conftest.py\", line 407, in _create_page_manager\n    await page.wait_for_load_state(\"networkidle\", timeout=5000)\n  File \"/home/runner/work/apolo-test-automation/apolo-test-automation/.venv/lib/python3.13/site-packages/playwright/async_api/_generated.py\", line 9088, in wait_for_load_state\n    await self._impl_obj.wait_for_load_state(state=state, timeout=timeout)\n  File \"/home/runner/work/apolo-test-automation/apolo-test-automation/.venv/lib/python3.13/site-packages/playwright/_impl/_page.py\", line 576, in wait_for_load_state\n    return await self._main_frame.wait_for_load_state(**locals_to_params(locals()))\n           ^^^^^^^^^^^^^^^^^^^^^^^^^^^^^^^^^^^^^^^^^^^^^^^^^^^^^^^^^^^^^^^^^^^^^^^^\n  File \"/home/runner/work/apolo-test-automation/apolo-test-automation/.venv/lib/python3.13/site-packages/playwright/_impl/_frame.py\", line 273, in wait_for_load_state\n    return await self._wait_for_load_state_impl(state, timeout)\n           ^^^^^^^^^^^^^^^^^^^^^^^^^^^^^^^^^^^^^^^^^^^^^^^^^^^^\n  File \"/home/runner/work/apolo-test-automation/apolo-test-automation/.venv/lib/python3.13/site-packages/playwright/_impl/_frame.py\", line 301, in _wait_for_load_state_impl\n    await waiter.result()\n","steps":[],"attachments":[],"parameters":[],"shouldDisplayMessage":true,"stepsCount":0,"attachmentsCount":0,"hasContent":true,"attachmentStep":false},{"name":"_function_scoped_runner","time":{"start":1761188018058,"stop":1761188018059,"duration":1},"status":"passed","steps":[],"attachments":[],"parameters":[],"shouldDisplayMessage":false,"stepsCount":0,"attachmentsCount":0,"hasContent":false,"attachmentStep":false},{"name":"data_manager","time":{"start":1761188085520,"stop":1761188085521,"duration":1},"status":"passed","steps":[],"attachments":[],"parameters":[],"shouldDisplayMessage":false,"stepsCount":0,"attachmentsCount":0,"hasContent":false,"attachmentStep":false},{"name":"api_helper","time":{"start":1761188085521,"stop":1761188085521,"duration":0},"status":"passed","steps":[],"attachments":[],"parameters":[],"shouldDisplayMessage":false,"stepsCount":0,"attachmentsCount":0,"hasContent":false,"attachmentStep":false},{"name":"apolo_cli","time":{"start":1761188085521,"stop":1761188085521,"duration":0},"status":"passed","steps":[],"attachments":[],"parameters":[],"shouldDisplayMessage":false,"stepsCount":0,"attachmentsCount":0,"hasContent":false,"attachmentStep":false},{"name":"users_manager","time":{"start":1761188085521,"stop":1761188085521,"duration":0},"status":"passed","steps":[],"attachments":[],"parameters":[],"shouldDisplayMessage":false,"stepsCount":0,"attachmentsCount":0,"hasContent":false,"attachmentStep":false},{"name":"setup_cleanup","time":{"start":1761188085521,"stop":1761188085522,"duration":1},"status":"passed","steps":[],"attachments":[],"parameters":[],"shouldDisplayMessage":false,"stepsCount":0,"attachmentsCount":0,"hasContent":false,"attachmentStep":false},{"name":"add_page_manager","time":{"start":1761188085522,"stop":1761188085522,"duration":0},"status":"passed","steps":[],"attachments":[],"parameters":[],"shouldDisplayMessage":false,"stepsCount":0,"attachmentsCount":0,"hasContent":false,"attachmentStep":false}],"testStage":{"description":"\n- Login with valid credentials.\n- Create new organization via **API**.\n- Create new project via **API**.\n- Signup `second user`.\n- Invite `second user` to organization via **API**.\n- Invite `second user` to project with `Reader` role.\n- Signup `third user`.\n- Invite `third user` to organization via **API**.\n- Invite `third user` to project with `Reader` role.\n\n### Verify that:\n\n- `Reader` **cannot** change member roles.\n","descriptionHtml":"<div style='line-height:1.6;'><ul>\n<li>Login with valid credentials.</li>\n<li>Create new organization via <strong>API</strong>.</li>\n<li>Create new project via <strong>API</strong>.</li>\n<li>Signup <span style='background-color:#D3D3D3; padding:2px 4px; border-radius:3px; font-family:monospace;'>second user</span>.</li>\n<li>Invite <span style='background-color:#D3D3D3; padding:2px 4px; border-radius:3px; font-family:monospace;'>second user</span> to organization via <strong>API</strong>.</li>\n<li>Invite <span style='background-color:#D3D3D3; padding:2px 4px; border-radius:3px; font-family:monospace;'>second user</span> to project with <span style='background-color:#D3D3D3; padding:2px 4px; border-radius:3px; font-family:monospace;'>Reader</span> role.</li>\n<li>Signup <span style='background-color:#D3D3D3; padding:2px 4px; border-radius:3px; font-family:monospace;'>third user</span>.</li>\n<li>Invite <span style='background-color:#D3D3D3; padding:2px 4px; border-radius:3px; font-family:monospace;'>third user</span> to organization via <strong>API</strong>.</li>\n<li>Invite <span style='background-color:#D3D3D3; padding:2px 4px; border-radius:3px; font-family:monospace;'>third user</span> to project with <span style='background-color:#D3D3D3; padding:2px 4px; border-radius:3px; font-family:monospace;'>Reader</span> role.</li>\n</ul>\n<h3>Verify that:</h3>\n<ul>\n<li><span style='background-color:#D3D3D3; padding:2px 4px; border-radius:3px; font-family:monospace;'>Reader</span> <strong>cannot</strong> change member roles.</li>\n</ul></div>","status":"broken","statusMessage":"playwright._impl._errors.TimeoutError: Timeout 5000ms exceeded.","statusTrace":".venv/lib/python3.13/site-packages/pytest_asyncio/plugin.py:463: in setup\n    return super().setup()\n           ^^^^^^^^^^^^^^^\n.venv/lib/python3.13/site-packages/pytest_asyncio/plugin.py:748: in pytest_fixture_setup\n    hook_result = yield\n                  ^^^^^\n.venv/lib/python3.13/site-packages/pytest_asyncio/plugin.py:366: in _async_fixture_wrapper\n    result = runner.run(setup(), context=context)\n             ^^^^^^^^^^^^^^^^^^^^^^^^^^^^^^^^^^^^\n/opt/hostedtoolcache/Python/3.13.7/x64/lib/python3.13/asyncio/runners.py:118: in run\n    return self._loop.run_until_complete(task)\n           ^^^^^^^^^^^^^^^^^^^^^^^^^^^^^^^^^^^\n/opt/hostedtoolcache/Python/3.13.7/x64/lib/python3.13/asyncio/base_events.py:725: in run_until_complete\n    return future.result()\n           ^^^^^^^^^^^^^^^\n.venv/lib/python3.13/site-packages/pytest_asyncio/plugin.py:362: in setup\n    res = await fixture_function(*args, **kwargs)\n          ^^^^^^^^^^^^^^^^^^^^^^^^^^^^^^^^^^^^^^^\ntests/test_cases/conftest.py:61: in page_manager\n    pm = await _create_page_manager(test_config, request)\n         ^^^^^^^^^^^^^^^^^^^^^^^^^^^^^^^^^^^^^^^^^^^^^^^^\ntests/test_cases/conftest.py:407: in _create_page_manager\n    await page.wait_for_load_state(\"networkidle\", timeout=5000)\n.venv/lib/python3.13/site-packages/playwright/async_api/_generated.py:9088: in wait_for_load_state\n    await self._impl_obj.wait_for_load_state(state=state, timeout=timeout)\n.venv/lib/python3.13/site-packages/playwright/_impl/_page.py:576: in wait_for_load_state\n    return await self._main_frame.wait_for_load_state(**locals_to_params(locals()))\n           ^^^^^^^^^^^^^^^^^^^^^^^^^^^^^^^^^^^^^^^^^^^^^^^^^^^^^^^^^^^^^^^^^^^^^^^^\n.venv/lib/python3.13/site-packages/playwright/_impl/_frame.py:273: in wait_for_load_state\n    return await self._wait_for_load_state_impl(state, timeout)\n           ^^^^^^^^^^^^^^^^^^^^^^^^^^^^^^^^^^^^^^^^^^^^^^^^^^^^\n.venv/lib/python3.13/site-packages/playwright/_impl/_frame.py:301: in _wait_for_load_state_impl\n    await waiter.result()\nE   playwright._impl._errors.TimeoutError: Timeout 5000ms exceeded.","steps":[],"attachments":[{"uid":"4fe0d011cc3e526f","name":"log","source":"4fe0d011cc3e526f.txt","type":"text/plain","size":51107}],"parameters":[],"shouldDisplayMessage":true,"stepsCount":0,"attachmentsCount":1,"hasContent":true,"attachmentStep":false},"afterStages":[{"name":"_function_scoped_runner::0","time":{"start":1761188083665,"stop":1761188083665,"duration":0},"status":"passed","steps":[],"attachments":[],"parameters":[],"shouldDisplayMessage":false,"stepsCount":0,"attachmentsCount":0,"hasContent":false,"attachmentStep":false},{"name":"add_page_manager::finalizer","time":{"start":1761188162519,"stop":1761188162519,"duration":0},"status":"passed","steps":[],"attachments":[],"parameters":[],"shouldDisplayMessage":false,"stepsCount":0,"attachmentsCount":0,"hasContent":false,"attachmentStep":false},{"name":"setup_cleanup::finalizer","time":{"start":1761188162519,"stop":1761188162519,"duration":0},"status":"passed","steps":[],"attachments":[],"parameters":[],"shouldDisplayMessage":false,"stepsCount":0,"attachmentsCount":0,"hasContent":false,"attachmentStep":false},{"name":"setup_cleanup::finalizer","time":{"start":1761188162519,"stop":1761188172969,"duration":10450},"status":"passed","steps":[{"name":"Post-test cleanup","time":{"start":1761188162519,"stop":1761188172969,"duration":10450},"status":"passed","steps":[],"attachments":[{"uid":"c6a2063a3612547c","name":"Cleanup note","source":"c6a2063a3612547c.txt","type":"text/plain","size":29}],"parameters":[],"shouldDisplayMessage":false,"stepsCount":0,"attachmentsCount":1,"hasContent":true,"attachmentStep":false}],"attachments":[],"parameters":[],"shouldDisplayMessage":false,"stepsCount":1,"attachmentsCount":1,"hasContent":true,"attachmentStep":false},{"name":"api_helper::finalizer","time":{"start":1761188172970,"stop":1761188172970,"duration":0},"status":"passed","steps":[],"attachments":[],"parameters":[],"shouldDisplayMessage":false,"stepsCount":0,"attachmentsCount":0,"hasContent":false,"attachmentStep":false}],"labels":[{"name":"parentSuite","value":"UI Tests"},{"name":"suite","value":"UI Project Change Member Roles"},{"name":"tag","value":"asyncio"},{"name":"subSuite","value":"TestUIProjectChangeMemberRoles"},{"name":"host","value":"runnervmwhb2z"},{"name":"thread","value":"3610-MainThread"},{"name":"framework","value":"pytest"},{"name":"language","value":"cpython3"},{"name":"package","value":"tests.test_cases.tests_ui.test_project_change_member_roles"},{"name":"resultFormat","value":"allure2"}],"parameters":[],"links":[],"hidden":false,"retry":false,"extra":{"severity":"normal","retries":[{"uid":"b54fde65bc908fd3","status":"failed","statusDetails":"AssertionError: [TimeoutError] during step: <<User2>> :: Reload page\nMessage: Page.reload: Timeout 30000ms exceeded.\nCall log:\n  - waiting for navigation until \"load\"\n\nNote: Playwright Timeout. Element not found or action took too long.","time":{"start":1761187854710,"stop":1761187991406,"duration":136696}},{"uid":"48d26c2f6dbe44af","status":"broken","statusDetails":"playwright._impl._errors.TimeoutError: Timeout 5000ms exceeded.","time":{"start":1761187777471,"stop":1761187777471,"duration":0}}],"categories":[{"name":"Test defects","matchedStatuses":[],"flaky":false}],"history":{"statistic":{"failed":4,"broken":1,"skipped":0,"passed":83,"unknown":0,"total":88},"items":[{"uid":"af91c076d1c06ffa","status":"passed","time":{"start":1759546739125,"stop":1759546869457,"duration":130332}},{"uid":"6332ebda5bfd9250","status":"passed","time":{"start":1759460141717,"stop":1759460284912,"duration":143195}},{"uid":"afc989ba46ba73d7","status":"failed","statusDetails":"AssertionError: [AssertionError] during step: Create first project from the top pane on main page\nMessage: [TimeoutError] during step: Wait for Create project popup disappear\nMessage: Locator.wait_for: Timeout 30000ms exceeded.\nCall log:\n  - waiting for locator(\"h2\").filter(has_text=\"Create Project\") to be detached\n    65 Ã— locator resolved to visible <h2 class=\"p-8 text-h4\">Create Project</h2>\n\nNote: Playwright Timeout. Element not found or action took too long.","time":{"start":1759374322878,"stop":1759374446748,"duration":123870}},{"uid":"2ca1edc7cb08269b","status":"passed","time":{"start":1759285097470,"stop":1759285227151,"duration":129681}},{"uid":"3d2baeaec78c8701","status":"passed","time":{"start":1759198482931,"stop":1759198607098,"duration":124167}},{"uid":"f31f170b6ddd9c62","status":"passed","time":{"start":1759155899982,"stop":1759156029886,"duration":129904}},{"uid":"29be42ca071297ca","status":"passed","time":{"start":1759112467201,"stop":1759112598548,"duration":131347}},{"uid":"1f41d11819ffd74a","status":"passed","time":{"start":1759026158055,"stop":1759026293808,"duration":135753}},{"uid":"d799824ba8b4973f","status":"passed","time":{"start":1758939771621,"stop":1758939885690,"duration":114069}},{"uid":"c7d5b2d408a8721b","status":"passed","time":{"start":1758852662090,"stop":1758852785805,"duration":123715}},{"uid":"c1e916a99ab2ba66","status":"passed","time":{"start":1758766416754,"stop":1758766560392,"duration":143638}},{"uid":"f1a4a4af45903b14","status":"passed","time":{"start":1758708291306,"stop":1758708411823,"duration":120517}},{"uid":"ff0edb5e884035b1","status":"passed","time":{"start":1758692740847,"stop":1758692861582,"duration":120735}},{"uid":"7af5efae533376f9","status":"passed","time":{"start":1758680473048,"stop":1758680604611,"duration":131563}},{"uid":"c0759eeaa9da38c7","status":"passed","time":{"start":1758593723198,"stop":1758593849667,"duration":126469}},{"uid":"8291d09d6e597061","status":"passed","time":{"start":1758507324616,"stop":1758507450616,"duration":126000}},{"uid":"d59b607f857e58b","status":"passed","time":{"start":1758420776450,"stop":1758420935339,"duration":158889}},{"uid":"be14ce730412b275","status":"passed","time":{"start":1758334533829,"stop":1758334671540,"duration":137711}},{"uid":"64927cd3c3797359","status":"passed","time":{"start":1758248085587,"stop":1758248222644,"duration":137057}},{"uid":"a1dc3e3f242dc599","status":"passed","time":{"start":1758161691595,"stop":1758161810803,"duration":119208}}]},"tags":["asyncio"]},"source":"1c42bed4d4ffd8af.json","parameterValues":[]}