{"uid":"1f628e439800e666","name":"Invite not registered user to organization with default project via UI","fullName":"tests.test_cases.tests_ui.test_ui_signup.TestUISignup#test_invite_not_registered_user_to_org_with_default_proj","historyId":"205044e1a315fe03fbd376342afa1037","time":{"start":1763003535794,"stop":1763003570987,"duration":35193},"description":"\n- Login with valid credentials.\n- Create new organization.\n- Create project with `default` option.\n- Invite **not registered** user to organization.\n\n### Verify that:\n\n- Newly invited user automatically is member of default project.\n","descriptionHtml":"<div style='line-height:1.6;'><ul>\n<li>Login with valid credentials.</li>\n<li>Create new organization.</li>\n<li>Create project with <span style='background-color:#D3D3D3; padding:2px 4px; border-radius:3px; font-family:monospace;'>default</span> option.</li>\n<li>Invite <strong>not registered</strong> user to organization.</li>\n</ul>\n<h3>Verify that:</h3>\n<ul>\n<li>Newly invited user automatically is member of default project.</li>\n</ul></div>","status":"failed","statusMessage":"AssertionError: [AssertionError] during step: Create first project from main page\nMessage: [TimeoutError] during step: Wait for Create project popup disappear\nMessage: Locator.wait_for: Timeout 60ms exceeded.\nCall log:\n  - waiting for locator(\"h2\").filter(has_text=\"Create Project\") to be detached\n    3 × locator resolved to visible <h2 class=\"p-8 text-h4\">Create Project</h2>\n\nNote: Playwright Timeout. Element not found or action took too long.","statusTrace":"tests/reporting_hooks/reporting.py:49: in wrapper\n    result = await func(*args, **kwargs)\n             ^^^^^^^^^^^^^^^^^^^^^^^^^^^\ntests/test_cases/steps/ui_steps/page_steps_impl/create_proj_popup_steps.py:36: in ui_wait_to_disappear\n    await self._pm.create_proj_popup.wait_to_disappear(org_name=org_name)\ntests/components/ui/pages/create_project_popup.py:83: in wait_to_disappear\n    await self._get_create_proj_title().locator.wait_for(\n.venv/lib/python3.13/site-packages/playwright/async_api/_generated.py:17906: in wait_for\n    await self._impl_obj.wait_for(timeout=timeout, state=state)\n.venv/lib/python3.13/site-packages/playwright/_impl/_locator.py:692: in wait_for\n    await self._frame.wait_for_selector(\n.venv/lib/python3.13/site-packages/playwright/_impl/_frame.py:369: in wait_for_selector\n    await self._channel.send(\n.venv/lib/python3.13/site-packages/playwright/_impl/_connection.py:69: in send\n    return await self._connection.wrap_api_call(\n.venv/lib/python3.13/site-packages/playwright/_impl/_connection.py:559: in wrap_api_call\n    raise rewrite_error(error, f\"{parsed_st['apiName']}: {error}\") from None\nE   playwright._impl._errors.TimeoutError: Locator.wait_for: Timeout 60ms exceeded.\nE   Call log:\nE     - waiting for locator(\"h2\").filter(has_text=\"Create Project\") to be detached\nE       3 × locator resolved to visible <h2 class=\"p-8 text-h4\">Create Project</h2>\n\nThe above exception was the direct cause of the following exception:\ntests/reporting_hooks/reporting.py:49: in wrapper\n    result = await func(*args, **kwargs)\n             ^^^^^^^^^^^^^^^^^^^^^^^^^^^\ntests/test_cases/steps/ui_steps/ui_steps.py:247: in ui_create_first_proj_from_main_page\n    await self.create_proj_popup.ui_wait_to_disappear(org_name=org_name)\ntests/reporting_hooks/reporting.py:58: in wrapper\n    raise AssertionError(formatted_msg) from e\nE   AssertionError: [TimeoutError] during step: Wait for Create project popup disappear\nE   Message: Locator.wait_for: Timeout 60ms exceeded.\nE   Call log:\nE     - waiting for locator(\"h2\").filter(has_text=\"Create Project\") to be detached\nE       3 × locator resolved to visible <h2 class=\"p-8 text-h4\">Create Project</h2>\nE   \nE   Note: Playwright Timeout. Element not found or action took too long.\n\nThe above exception was the direct cause of the following exception:\ntests/test_cases/tests_ui/test_ui_signup.py:145: in test_invite_not_registered_user_to_org_with_default_proj\n    await steps.ui_create_first_proj_from_main_page(\ntests/reporting_hooks/reporting.py:58: in wrapper\n    raise AssertionError(formatted_msg) from e\nE   AssertionError: [AssertionError] during step: Create first project from main page\nE   Message: [TimeoutError] during step: Wait for Create project popup disappear\nE   Message: Locator.wait_for: Timeout 60ms exceeded.\nE   Call log:\nE     - waiting for locator(\"h2\").filter(has_text=\"Create Project\") to be detached\nE       3 × locator resolved to visible <h2 class=\"p-8 text-h4\">Create Project</h2>\nE   \nE   Note: Playwright Timeout. Element not found or action took too long.","flaky":false,"newFailed":false,"newBroken":false,"newPassed":false,"retriesCount":1,"retriesStatusChange":false,"beforeStages":[{"name":"_verify_url","time":{"start":1762997509317,"stop":1762997509317,"duration":0},"status":"passed","steps":[],"attachments":[],"parameters":[],"shouldDisplayMessage":false,"stepsCount":0,"attachmentsCount":0,"hasContent":false,"attachmentStep":false},{"name":"delay_worker_start","time":{"start":1762997509317,"stop":1762997509317,"duration":0},"status":"passed","steps":[],"attachments":[],"parameters":[],"shouldDisplayMessage":false,"stepsCount":0,"attachmentsCount":0,"hasContent":false,"attachmentStep":false},{"name":"base_url","time":{"start":1762997509317,"stop":1762997509317,"duration":0},"status":"passed","steps":[],"attachments":[],"parameters":[],"shouldDisplayMessage":false,"stepsCount":0,"attachmentsCount":0,"hasContent":false,"attachmentStep":false},{"name":"pytestconfig","time":{"start":1762997509317,"stop":1762997509317,"duration":0},"status":"passed","steps":[],"attachments":[],"parameters":[],"shouldDisplayMessage":false,"stepsCount":0,"attachmentsCount":0,"hasContent":false,"attachmentStep":false},{"name":"ensure_storage_directories","time":{"start":1762997509317,"stop":1762997509317,"duration":0},"status":"passed","steps":[],"attachments":[],"parameters":[],"shouldDisplayMessage":false,"stepsCount":0,"attachmentsCount":0,"hasContent":false,"attachmentStep":false},{"name":"delete_output_dir","time":{"start":1762997509317,"stop":1762997509317,"duration":0},"status":"passed","steps":[],"attachments":[],"parameters":[],"shouldDisplayMessage":false,"stepsCount":0,"attachmentsCount":0,"hasContent":false,"attachmentStep":false},{"name":"event_loop_policy","time":{"start":1762997509317,"stop":1762997509317,"duration":0},"status":"passed","steps":[],"attachments":[],"parameters":[],"shouldDisplayMessage":false,"stepsCount":0,"attachmentsCount":0,"hasContent":false,"attachmentStep":false},{"name":"test_config","time":{"start":1763003534990,"stop":1763003534994,"duration":4},"status":"passed","steps":[],"attachments":[],"parameters":[],"shouldDisplayMessage":false,"stepsCount":0,"attachmentsCount":0,"hasContent":false,"attachmentStep":false},{"name":"page_manager","time":{"start":1763003534994,"stop":1763003535791,"duration":797},"status":"passed","steps":[],"attachments":[],"parameters":[],"shouldDisplayMessage":false,"stepsCount":0,"attachmentsCount":0,"hasContent":false,"attachmentStep":false},{"name":"_function_scoped_runner","time":{"start":1763003534994,"stop":1763003534994,"duration":0},"status":"passed","steps":[],"attachments":[],"parameters":[],"shouldDisplayMessage":false,"stepsCount":0,"attachmentsCount":0,"hasContent":false,"attachmentStep":false},{"name":"users_manager","time":{"start":1763003535791,"stop":1763003535791,"duration":0},"status":"passed","steps":[],"attachments":[],"parameters":[],"shouldDisplayMessage":false,"stepsCount":0,"attachmentsCount":0,"hasContent":false,"attachmentStep":false},{"name":"data_manager","time":{"start":1763003535791,"stop":1763003535791,"duration":0},"status":"passed","steps":[],"attachments":[],"parameters":[],"shouldDisplayMessage":false,"stepsCount":0,"attachmentsCount":0,"hasContent":false,"attachmentStep":false},{"name":"api_helper","time":{"start":1763003535791,"stop":1763003535792,"duration":1},"status":"passed","steps":[],"attachments":[],"parameters":[],"shouldDisplayMessage":false,"stepsCount":0,"attachmentsCount":0,"hasContent":false,"attachmentStep":false},{"name":"setup_cleanup","time":{"start":1763003535792,"stop":1763003535792,"duration":0},"status":"passed","steps":[],"attachments":[],"parameters":[],"shouldDisplayMessage":false,"stepsCount":0,"attachmentsCount":0,"hasContent":false,"attachmentStep":false},{"name":"add_page_manager","time":{"start":1763003535792,"stop":1763003535793,"duration":1},"status":"passed","steps":[],"attachments":[],"parameters":[],"shouldDisplayMessage":false,"stepsCount":0,"attachmentsCount":0,"hasContent":false,"attachmentStep":false},{"name":"apolo_cli","time":{"start":1763003535792,"stop":1763003535792,"duration":0},"status":"passed","steps":[],"attachments":[],"parameters":[],"shouldDisplayMessage":false,"stepsCount":0,"attachmentsCount":0,"hasContent":false,"attachmentStep":false},{"name":"_inject_fixtures","time":{"start":1763003535793,"stop":1763003535793,"duration":0},"status":"passed","steps":[],"attachments":[],"parameters":[],"shouldDisplayMessage":false,"stepsCount":0,"attachmentsCount":0,"hasContent":false,"attachmentStep":false},{"name":"setup","time":{"start":1763003535793,"stop":1763003535793,"duration":0},"status":"passed","steps":[],"attachments":[],"parameters":[],"shouldDisplayMessage":false,"stepsCount":0,"attachmentsCount":0,"hasContent":false,"attachmentStep":false}],"testStage":{"description":"\n- Login with valid credentials.\n- Create new organization.\n- Create project with `default` option.\n- Invite **not registered** user to organization.\n\n### Verify that:\n\n- Newly invited user automatically is member of default project.\n","descriptionHtml":"<div style='line-height:1.6;'><ul>\n<li>Login with valid credentials.</li>\n<li>Create new organization.</li>\n<li>Create project with <span style='background-color:#D3D3D3; padding:2px 4px; border-radius:3px; font-family:monospace;'>default</span> option.</li>\n<li>Invite <strong>not registered</strong> user to organization.</li>\n</ul>\n<h3>Verify that:</h3>\n<ul>\n<li>Newly invited user automatically is member of default project.</li>\n</ul></div>","status":"failed","statusMessage":"AssertionError: [AssertionError] during step: Create first project from main page\nMessage: [TimeoutError] during step: Wait for Create project popup disappear\nMessage: Locator.wait_for: Timeout 60ms exceeded.\nCall log:\n  - waiting for locator(\"h2\").filter(has_text=\"Create Project\") to be detached\n    3 × locator resolved to visible <h2 class=\"p-8 text-h4\">Create Project</h2>\n\nNote: Playwright Timeout. Element not found or action took too long.","statusTrace":"tests/reporting_hooks/reporting.py:49: in wrapper\n    result = await func(*args, **kwargs)\n             ^^^^^^^^^^^^^^^^^^^^^^^^^^^\ntests/test_cases/steps/ui_steps/page_steps_impl/create_proj_popup_steps.py:36: in ui_wait_to_disappear\n    await self._pm.create_proj_popup.wait_to_disappear(org_name=org_name)\ntests/components/ui/pages/create_project_popup.py:83: in wait_to_disappear\n    await self._get_create_proj_title().locator.wait_for(\n.venv/lib/python3.13/site-packages/playwright/async_api/_generated.py:17906: in wait_for\n    await self._impl_obj.wait_for(timeout=timeout, state=state)\n.venv/lib/python3.13/site-packages/playwright/_impl/_locator.py:692: in wait_for\n    await self._frame.wait_for_selector(\n.venv/lib/python3.13/site-packages/playwright/_impl/_frame.py:369: in wait_for_selector\n    await self._channel.send(\n.venv/lib/python3.13/site-packages/playwright/_impl/_connection.py:69: in send\n    return await self._connection.wrap_api_call(\n.venv/lib/python3.13/site-packages/playwright/_impl/_connection.py:559: in wrap_api_call\n    raise rewrite_error(error, f\"{parsed_st['apiName']}: {error}\") from None\nE   playwright._impl._errors.TimeoutError: Locator.wait_for: Timeout 60ms exceeded.\nE   Call log:\nE     - waiting for locator(\"h2\").filter(has_text=\"Create Project\") to be detached\nE       3 × locator resolved to visible <h2 class=\"p-8 text-h4\">Create Project</h2>\n\nThe above exception was the direct cause of the following exception:\ntests/reporting_hooks/reporting.py:49: in wrapper\n    result = await func(*args, **kwargs)\n             ^^^^^^^^^^^^^^^^^^^^^^^^^^^\ntests/test_cases/steps/ui_steps/ui_steps.py:247: in ui_create_first_proj_from_main_page\n    await self.create_proj_popup.ui_wait_to_disappear(org_name=org_name)\ntests/reporting_hooks/reporting.py:58: in wrapper\n    raise AssertionError(formatted_msg) from e\nE   AssertionError: [TimeoutError] during step: Wait for Create project popup disappear\nE   Message: Locator.wait_for: Timeout 60ms exceeded.\nE   Call log:\nE     - waiting for locator(\"h2\").filter(has_text=\"Create Project\") to be detached\nE       3 × locator resolved to visible <h2 class=\"p-8 text-h4\">Create Project</h2>\nE   \nE   Note: Playwright Timeout. Element not found or action took too long.\n\nThe above exception was the direct cause of the following exception:\ntests/test_cases/tests_ui/test_ui_signup.py:145: in test_invite_not_registered_user_to_org_with_default_proj\n    await steps.ui_create_first_proj_from_main_page(\ntests/reporting_hooks/reporting.py:58: in wrapper\n    raise AssertionError(formatted_msg) from e\nE   AssertionError: [AssertionError] during step: Create first project from main page\nE   Message: [TimeoutError] during step: Wait for Create project popup disappear\nE   Message: Locator.wait_for: Timeout 60ms exceeded.\nE   Call log:\nE     - waiting for locator(\"h2\").filter(has_text=\"Create Project\") to be detached\nE       3 × locator resolved to visible <h2 class=\"p-8 text-h4\">Create Project</h2>\nE   \nE   Note: Playwright Timeout. Element not found or action took too long.","steps":[{"name":"Login via UI","time":{"start":1763003535794,"stop":1763003552161,"duration":16367},"status":"passed","steps":[{"name":"Verify that Auth page displayed","time":{"start":1763003535794,"stop":1763003536881,"duration":1087},"status":"passed","steps":[],"attachments":[{"uid":"63556edfc121d299","name":"Page URL","source":"63556edfc121d299.txt","type":"text/plain","size":29},{"uid":"233b8031e34cdabf","name":"HTTP 200 - GET config","source":"233b8031e34cdabf.txt","type":"text/plain","size":673},{"uid":"19e1ab0308ada0d6","name":"Screenshot: Verify that Auth page displayed (success)","source":"19e1ab0308ada0d6.png","type":"image/png","size":88563}],"parameters":[],"shouldDisplayMessage":false,"stepsCount":0,"attachmentsCount":3,"hasContent":true,"attachmentStep":false},{"name":"Click login button","time":{"start":1763003536881,"stop":1763003537843,"duration":962},"status":"passed","steps":[],"attachments":[{"uid":"64f8473822e2f557","name":"Page URL","source":"64f8473822e2f557.txt","type":"text/plain","size":33},{"uid":"922eae4de93f3758","name":"Screenshot: Click login button (success)","source":"922eae4de93f3758.png","type":"image/png","size":41524}],"parameters":[],"shouldDisplayMessage":false,"stepsCount":0,"attachmentsCount":2,"hasContent":true,"attachmentStep":false},{"name":"Verify that Login page displayed","time":{"start":1763003537843,"stop":1763003537941,"duration":98},"status":"passed","steps":[],"attachments":[{"uid":"5f43a3454aed9482","name":"Page URL","source":"5f43a3454aed9482.txt","type":"text/plain","size":215},{"uid":"cf8c1bd6c8e9fab","name":"Screenshot: Verify that Login page displayed (success)","source":"cf8c1bd6c8e9fab.png","type":"image/png","size":41637}],"parameters":[],"shouldDisplayMessage":false,"stepsCount":0,"attachmentsCount":2,"hasContent":true,"attachmentStep":false},{"name":"Enter email","time":{"start":1763003537941,"stop":1763003538262,"duration":321},"status":"passed","steps":[],"attachments":[{"uid":"1f533483272307be","name":"Page URL","source":"1f533483272307be.txt","type":"text/plain","size":215},{"uid":"a32f039cd2b4406e","name":"Screenshot: Enter email (success)","source":"a32f039cd2b4406e.png","type":"image/png","size":46747}],"parameters":[],"shouldDisplayMessage":false,"stepsCount":0,"attachmentsCount":2,"hasContent":true,"attachmentStep":false},{"name":"Enter password","time":{"start":1763003538262,"stop":1763003538576,"duration":314},"status":"passed","steps":[],"attachments":[{"uid":"4d0808e7246bd8d9","name":"Page URL","source":"4d0808e7246bd8d9.txt","type":"text/plain","size":215},{"uid":"94d9aa9977d62c7d","name":"Screenshot: Enter password (success)","source":"94d9aa9977d62c7d.png","type":"image/png","size":46867}],"parameters":[],"shouldDisplayMessage":false,"stepsCount":0,"attachmentsCount":2,"hasContent":true,"attachmentStep":false},{"name":"Click Continue button","time":{"start":1763003538576,"stop":1763003550974,"duration":12398},"status":"passed","steps":[],"attachments":[{"uid":"5afa4e256bb5e935","name":"Page URL","source":"5afa4e256bb5e935.txt","type":"text/plain","size":215},{"uid":"fc81ca42c6e0372c","name":"HTTP 200 - GET config","source":"fc81ca42c6e0372c.txt","type":"text/plain","size":771},{"uid":"8e1bd5c2fb851665","name":"HTTP 200 - GET incoming","source":"8e1bd5c2fb851665.txt","type":"text/plain","size":156},{"uid":"b774442e5d6e196","name":"HTTP 200 - GET permissions?uri=blob:","source":"b774442e5d6e196.txt","type":"text/plain","size":182},{"uid":"9551a1724711c8de","name":"HTTP 200 - GET regression-75y80j3nq3?include=clusters&include=system_role","source":"9551a1724711c8de.txt","type":"text/plain","size":407},{"uid":"10e5569b39687d7","name":"HTTP 200 - GET regression-75y80j3nq3?include=orgs","source":"10e5569b39687d7.txt","type":"text/plain","size":379},{"uid":"a5b7d92eed379d7c","name":"Screenshot: Click Continue button (success)","source":"a5b7d92eed379d7c.png","type":"image/png","size":162055}],"parameters":[],"shouldDisplayMessage":false,"stepsCount":0,"attachmentsCount":7,"hasContent":true,"attachmentStep":false},{"name":"Verify that Welcome new user page displayed","time":{"start":1763003550982,"stop":1763003552074,"duration":1092},"status":"passed","steps":[],"attachments":[{"uid":"197bec74bbae1d87","name":"Page URL","source":"197bec74bbae1d87.txt","type":"text/plain","size":44},{"uid":"f52395a0df7d7049","name":"Screenshot: Verify that Welcome new user page displayed (success)","source":"f52395a0df7d7049.png","type":"image/png","size":162055}],"parameters":[],"shouldDisplayMessage":false,"stepsCount":0,"attachmentsCount":2,"hasContent":true,"attachmentStep":false}],"attachments":[{"uid":"eb2985de8f49410d","name":"Page URL","source":"eb2985de8f49410d.txt","type":"text/plain","size":29},{"uid":"9e99faf156eaa048","name":"Screenshot: Login via UI (success)","source":"9e99faf156eaa048.png","type":"image/png","size":162055}],"parameters":[],"shouldDisplayMessage":false,"stepsCount":7,"attachmentsCount":22,"hasContent":true,"attachmentStep":false},{"name":"Add organization via API and reload page","time":{"start":1763003552704,"stop":1763003567711,"duration":15007},"status":"passed","steps":[{"name":"Reload page","time":{"start":1763003566323,"stop":1763003567645,"duration":1322},"status":"passed","steps":[{"name":"Reload page","time":{"start":1763003566323,"stop":1763003567567,"duration":1244},"status":"passed","steps":[],"attachments":[{"uid":"aa8f7a6c16e5bad8","name":"Page URL","source":"aa8f7a6c16e5bad8.txt","type":"text/plain","size":44},{"uid":"3222dceadf0f56a4","name":"HTTP 200 - GET config","source":"3222dceadf0f56a4.txt","type":"text/plain","size":2137},{"uid":"aca299978c6dfc0b","name":"HTTP 200 - GET permissions?uri=blob:","source":"aca299978c6dfc0b.txt","type":"text/plain","size":255},{"uid":"6e31071d9abe5e1c","name":"HTTP 200 - GET incoming","source":"6e31071d9abe5e1c.txt","type":"text/plain","size":156},{"uid":"ddaef4c97bfeb140","name":"HTTP 200 - GET regression-75y80j3nq3?include=orgs","source":"ddaef4c97bfeb140.txt","type":"text/plain","size":474},{"uid":"b9ea5a4126a79512","name":"HTTP 200 - GET regression-75y80j3nq3?include=clusters&include=system_role","source":"b9ea5a4126a79512.txt","type":"text/plain","size":529},{"uid":"d017a33b6069bd92","name":"HTTP 200 - GET regression-org-v2o5t2u0d6o7","source":"d017a33b6069bd92.txt","type":"text/plain","size":444},{"uid":"6cd2ff1991bdb86a","name":"HTTP 200 - GET tags","source":"6cd2ff1991bdb86a.txt","type":"text/plain","size":864},{"uid":"ff8db8f54e1474f3","name":"Screenshot: Reload page (success)","source":"ff8db8f54e1474f3.png","type":"image/png","size":58536}],"parameters":[],"shouldDisplayMessage":false,"stepsCount":0,"attachmentsCount":9,"hasContent":true,"attachmentStep":false}],"attachments":[{"uid":"6d9baddfa62486f2","name":"Page URL","source":"6d9baddfa62486f2.txt","type":"text/plain","size":44},{"uid":"febb66c92fcc610b","name":"Screenshot: Reload page (success)","source":"febb66c92fcc610b.png","type":"image/png","size":58536}],"parameters":[],"shouldDisplayMessage":false,"stepsCount":1,"attachmentsCount":11,"hasContent":true,"attachmentStep":false}],"attachments":[{"uid":"1c86a078b44d13ad","name":"Page URL","source":"1c86a078b44d13ad.txt","type":"text/plain","size":44},{"uid":"594af6531553ba54","name":"HTTP 200 - GET config","source":"594af6531553ba54.txt","type":"text/plain","size":673},{"uid":"b1044be8f45a0ae2","name":"Screenshot: Add organization via API and reload page (success)","source":"b1044be8f45a0ae2.png","type":"image/png","size":58536}],"parameters":[],"shouldDisplayMessage":false,"stepsCount":2,"attachmentsCount":14,"hasContent":true,"attachmentStep":false},{"name":"Create first project from main page","time":{"start":1763003567711,"stop":1763003570986,"duration":3275},"status":"failed","statusMessage":"AssertionError: [AssertionError] during step: Create first project from main page\nMessage: [TimeoutError] during step: Wait for Create project popup disappear\nMessage: Locator.wait_for: Timeout 60ms exceeded.\nCall log:\n  - waiting for locator(\"h2\").filter(has_text=\"Create Project\") to be detached\n    3 × locator resolved to visible <h2 class=\"p-8 text-h4\">Create Project</h2>\n\nNote: Playwright Timeout. Element not found or action took too long.\n","statusTrace":"  File \"/home/runner/work/apolo-test-automation/apolo-test-automation/tests/reporting_hooks/reporting.py\", line 58, in wrapper\n    raise AssertionError(formatted_msg) from e\n","steps":[{"name":"Click Create project button on the main page","time":{"start":1763003567711,"stop":1763003568674,"duration":963},"status":"passed","steps":[],"attachments":[{"uid":"c1e5797cdf9ccaba","name":"Page URL","source":"c1e5797cdf9ccaba.txt","type":"text/plain","size":81},{"uid":"559c6baa37d94d6","name":"Screenshot: Click Create project button on the main page (success)","source":"559c6baa37d94d6.png","type":"image/png","size":79444}],"parameters":[],"shouldDisplayMessage":false,"stepsCount":0,"attachmentsCount":2,"hasContent":true,"attachmentStep":false},{"name":"Verify Create project popup displayed","time":{"start":1763003568674,"stop":1763003568788,"duration":114},"status":"passed","steps":[],"attachments":[{"uid":"31de6de37e6e2c0d","name":"Page URL","source":"31de6de37e6e2c0d.txt","type":"text/plain","size":81},{"uid":"feaf3737f2591960","name":"Screenshot: Verify Create project popup displayed (success)","source":"feaf3737f2591960.png","type":"image/png","size":79447}],"parameters":[],"shouldDisplayMessage":false,"stepsCount":0,"attachmentsCount":2,"hasContent":true,"attachmentStep":false},{"name":"Enter project name","time":{"start":1763003568788,"stop":1763003569123,"duration":335},"status":"passed","steps":[],"attachments":[{"uid":"85a8d751a2eb8a57","name":"Page URL","source":"85a8d751a2eb8a57.txt","type":"text/plain","size":81},{"uid":"1b1a52e61c93daa1","name":"Screenshot: Enter project name (success)","source":"1b1a52e61c93daa1.png","type":"image/png","size":82786}],"parameters":[],"shouldDisplayMessage":false,"stepsCount":0,"attachmentsCount":2,"hasContent":true,"attachmentStep":false},{"name":"Select user role","time":{"start":1763003569123,"stop":1763003569204,"duration":81},"status":"passed","steps":[],"attachments":[{"uid":"65ee82b5027cf979","name":"Page URL","source":"65ee82b5027cf979.txt","type":"text/plain","size":81},{"uid":"65ba16bdaf993ee2","name":"Screenshot: Select user role (success)","source":"65ba16bdaf993ee2.png","type":"image/png","size":82809}],"parameters":[],"shouldDisplayMessage":false,"stepsCount":0,"attachmentsCount":2,"hasContent":true,"attachmentStep":false},{"name":"Click project default checkbox","time":{"start":1763003569204,"stop":1763003569837,"duration":633},"status":"passed","steps":[],"attachments":[{"uid":"38e318844a021fdc","name":"Page URL","source":"38e318844a021fdc.txt","type":"text/plain","size":81},{"uid":"dc4c8494779ddea9","name":"HTTP 404 - GET regression-proj-l2jlgc83mk","source":"dc4c8494779ddea9.txt","type":"text/plain","size":340},{"uid":"5161c1a2ccf7edfc","name":"Screenshot: Click project default checkbox (success)","source":"5161c1a2ccf7edfc.png","type":"image/png","size":82814}],"parameters":[],"shouldDisplayMessage":false,"stepsCount":0,"attachmentsCount":3,"hasContent":true,"attachmentStep":false},{"name":"Click Create button","time":{"start":1763003569838,"stop":1763003570770,"duration":932},"status":"passed","steps":[],"attachments":[{"uid":"915da0214775ea41","name":"Page URL","source":"915da0214775ea41.txt","type":"text/plain","size":81},{"uid":"f165564144f81735","name":"Screenshot: Click Create button (success)","source":"f165564144f81735.png","type":"image/png","size":81897}],"parameters":[],"shouldDisplayMessage":false,"stepsCount":0,"attachmentsCount":2,"hasContent":true,"attachmentStep":false},{"name":"Wait for Create project popup disappear","time":{"start":1763003570770,"stop":1763003570905,"duration":135},"status":"failed","statusMessage":"AssertionError: [TimeoutError] during step: Wait for Create project popup disappear\nMessage: Locator.wait_for: Timeout 60ms exceeded.\nCall log:\n  - waiting for locator(\"h2\").filter(has_text=\"Create Project\") to be detached\n    3 × locator resolved to visible <h2 class=\"p-8 text-h4\">Create Project</h2>\n\nNote: Playwright Timeout. Element not found or action took too long.\n","statusTrace":"  File \"/home/runner/work/apolo-test-automation/apolo-test-automation/tests/reporting_hooks/reporting.py\", line 58, in wrapper\n    raise AssertionError(formatted_msg) from e\n","steps":[],"attachments":[{"uid":"fc26ef74ade7ed8c","name":"Page URL","source":"fc26ef74ade7ed8c.txt","type":"text/plain","size":81},{"uid":"7ce152339723ec4a","name":"Screenshot: Wait for Create project popup disappear (fail)","source":"7ce152339723ec4a.png","type":"image/png","size":81883}],"parameters":[],"shouldDisplayMessage":true,"stepsCount":0,"attachmentsCount":2,"hasContent":true,"attachmentStep":false}],"attachments":[{"uid":"6822d8d2c81e686b","name":"Page URL","source":"6822d8d2c81e686b.txt","type":"text/plain","size":81},{"uid":"ecc3d2db4e6963df","name":"Screenshot: Create first project from main page (fail)","source":"ecc3d2db4e6963df.png","type":"image/png","size":81840}],"parameters":[],"shouldDisplayMessage":true,"stepsCount":7,"attachmentsCount":17,"hasContent":true,"attachmentStep":false}],"attachments":[{"uid":"11b0a6adeb45d129","name":"log","source":"11b0a6adeb45d129.txt","type":"text/plain","size":55569}],"parameters":[],"shouldDisplayMessage":true,"stepsCount":19,"attachmentsCount":54,"hasContent":true,"attachmentStep":false},"afterStages":[{"name":"add_page_manager::finalizer","time":{"start":1763003571133,"stop":1763003571134,"duration":1},"status":"passed","steps":[],"attachments":[],"parameters":[],"shouldDisplayMessage":false,"stepsCount":0,"attachmentsCount":0,"hasContent":false,"attachmentStep":false},{"name":"setup_cleanup::finalizer","time":{"start":1763003571134,"stop":1763003571134,"duration":0},"status":"passed","steps":[],"attachments":[],"parameters":[],"shouldDisplayMessage":false,"stepsCount":0,"attachmentsCount":0,"hasContent":false,"attachmentStep":false},{"name":"setup_cleanup::finalizer","time":{"start":1763003571134,"stop":1763003575654,"duration":4520},"status":"passed","steps":[{"name":"Post-test cleanup","time":{"start":1763003571134,"stop":1763003575654,"duration":4520},"status":"passed","steps":[{"name":"Delete organisation: regression-org-v2o5t2u0d6o7","time":{"start":1763003575077,"stop":1763003575574,"duration":497},"status":"passed","steps":[],"attachments":[],"parameters":[],"shouldDisplayMessage":false,"stepsCount":0,"attachmentsCount":0,"hasContent":false,"attachmentStep":false}],"attachments":[],"parameters":[],"shouldDisplayMessage":false,"stepsCount":1,"attachmentsCount":0,"hasContent":true,"attachmentStep":false}],"attachments":[],"parameters":[],"shouldDisplayMessage":false,"stepsCount":2,"attachmentsCount":0,"hasContent":true,"attachmentStep":false},{"name":"api_helper::finalizer","time":{"start":1763003575655,"stop":1763003575655,"duration":0},"status":"passed","steps":[],"attachments":[],"parameters":[],"shouldDisplayMessage":false,"stepsCount":0,"attachmentsCount":0,"hasContent":false,"attachmentStep":false},{"name":"_function_scoped_runner::0","time":{"start":1763003575656,"stop":1763003575657,"duration":1},"status":"passed","steps":[],"attachments":[],"parameters":[],"shouldDisplayMessage":false,"stepsCount":0,"attachmentsCount":0,"hasContent":false,"attachmentStep":false}],"labels":[{"name":"suite","value":"UI Signup"},{"name":"parentSuite","value":"UI Tests"},{"name":"tag","value":"asyncio"},{"name":"subSuite","value":"TestUISignup"},{"name":"host","value":"runnervmw9dnm"},{"name":"thread","value":"3564-MainThread"},{"name":"framework","value":"pytest"},{"name":"language","value":"cpython3"},{"name":"package","value":"tests.test_cases.tests_ui.test_ui_signup"},{"name":"resultFormat","value":"allure2"}],"parameters":[],"links":[],"hidden":false,"retry":false,"extra":{"severity":"normal","retries":[{"uid":"74799356fc02d113","status":"failed","statusDetails":"AssertionError: [AssertionError] during step: Create first project from main page\nMessage: [TimeoutError] during step: Wait for Create project popup disappear\nMessage: Locator.wait_for: Timeout 60ms exceeded.\nCall log:\n  - waiting for locator(\"h2\").filter(has_text=\"Create Project\") to be detached\n    3 × locator resolved to visible <h2 class=\"p-8 text-h4\">Create Project</h2>\n\nNote: Playwright Timeout. Element not found or action took too long.","time":{"start":1763003484410,"stop":1763003520023,"duration":35613}}],"categories":[{"name":"Product defects","matchedStatuses":[],"flaky":false}],"history":{"statistic":{"failed":21,"broken":0,"skipped":0,"passed":84,"unknown":0,"total":105},"items":[{"uid":"4a7e0b87e5127915","status":"failed","statusDetails":"AssertionError: [AssertionError] during step: Create first project from main page\nMessage: [TimeoutError] during step: Wait for Create project popup disappear\nMessage: Locator.wait_for: Timeout 60ms exceeded.\nCall log:\n  - waiting for locator(\"h2\").filter(has_text=\"Create Project\") to be detached\n    3 × locator resolved to visible <h2 class=\"p-8 text-h4\">Create Project</h2>\n\nNote: Playwright Timeout. Element not found or action took too long.","time":{"start":1762918692128,"stop":1762918720314,"duration":28186}},{"uid":"8e24dbc56ab6f77f","status":"failed","statusDetails":"AssertionError: [AssertionError] during step: Create first project from main page\nMessage: [TimeoutError] during step: Wait for Create project popup disappear\nMessage: Locator.wait_for: Timeout 60ms exceeded.\nCall log:\n  - waiting for locator(\"h2\").filter(has_text=\"Create Project\") to be detached\n    3 × locator resolved to visible <h2 class=\"p-8 text-h4\">Create Project</h2>\n\nNote: Playwright Timeout. Element not found or action took too long.","time":{"start":1762829963656,"stop":1762830003165,"duration":39509}},{"uid":"eed1f36204ac592c","status":"failed","statusDetails":"AssertionError: [AssertionError] during step: Create first project from main page\nMessage: [TimeoutError] during step: Wait for Create project popup disappear\nMessage: Locator.wait_for: Timeout 60ms exceeded.\nCall log:\n  - waiting for locator(\"h2\").filter(has_text=\"Create Project\") to be detached\n    3 × locator resolved to visible <h2 class=\"p-8 text-h4\">Create Project</h2>\n\nNote: Playwright Timeout. Element not found or action took too long.","time":{"start":1762743010094,"stop":1762743048743,"duration":38649}},{"uid":"5697b9faa3d15de","status":"failed","statusDetails":"AssertionError: [AssertionError] during step: Create first project from main page\nMessage: [TimeoutError] during step: Wait for Create project popup disappear\nMessage: Locator.wait_for: Timeout 60ms exceeded.\nCall log:\n  - waiting for locator(\"h2\").filter(has_text=\"Create Project\") to be detached\n    3 × locator resolved to visible <h2 class=\"p-8 text-h4\">Create Project</h2>\n\nNote: Playwright Timeout. Element not found or action took too long.","time":{"start":1762571140856,"stop":1762571168390,"duration":27534}},{"uid":"6c4b945fd640167a","status":"failed","statusDetails":"AssertionError: [AssertionError] during step: Create first project from main page\nMessage: [TimeoutError] during step: Wait for Create project popup disappear\nMessage: Locator.wait_for: Timeout 60ms exceeded.\nCall log:\n  - waiting for locator(\"h2\").filter(has_text=\"Create Project\") to be detached\n    3 × locator resolved to visible <h2 class=\"p-8 text-h4\">Create Project</h2>\n\nNote: Playwright Timeout. Element not found or action took too long.","time":{"start":1762483487042,"stop":1762483531174,"duration":44132}},{"uid":"7ac4095a3f47b5ec","status":"failed","statusDetails":"AssertionError: [AssertionError] during step: Create first project from main page\nMessage: [TimeoutError] during step: Wait for Create project popup disappear\nMessage: Locator.wait_for: Timeout 60ms exceeded.\nCall log:\n  - waiting for locator(\"h2\").filter(has_text=\"Create Project\") to be detached\n    3 × locator resolved to visible <h2 class=\"p-8 text-h4\">Create Project</h2>\n\nNote: Playwright Timeout. Element not found or action took too long.","time":{"start":1762396473401,"stop":1762396499800,"duration":26399}},{"uid":"5561c2e89b888f8c","status":"failed","statusDetails":"AssertionError: [AssertionError] during step: Create first project from main page\nMessage: [TimeoutError] during step: Wait for Create project popup disappear\nMessage: Locator.wait_for: Timeout 60ms exceeded.\nCall log:\n  - waiting for locator(\"h2\").filter(has_text=\"Create Project\") to be detached\n    3 × locator resolved to visible <h2 class=\"p-8 text-h4\">Create Project</h2>\n\nNote: Playwright Timeout. Element not found or action took too long.","time":{"start":1762311019255,"stop":1762311073568,"duration":54313}},{"uid":"d809a0742598e949","status":"failed","statusDetails":"AssertionError: [AssertionError] during step: Create first project from main page\nMessage: [TimeoutError] during step: Wait for Create project popup disappear\nMessage: Locator.wait_for: Timeout 60ms exceeded.\nCall log:\n  - waiting for locator(\"h2\").filter(has_text=\"Create Project\") to be detached\n    3 × locator resolved to visible <h2 class=\"p-8 text-h4\">Create Project</h2>\n\nNote: Playwright Timeout. Element not found or action took too long.","time":{"start":1762225577456,"stop":1762225609933,"duration":32477}},{"uid":"f5f72b9a9999a9b7","status":"failed","statusDetails":"AssertionError: [AssertionError] during step: Login via UI\nMessage: [AssertionError] during step: Verify that Welcome new user page displayed\nMessage: Locator expected to be visible\nActual value: <element(s) not found> \nCall log:\n  - Expect \"to_be_visible\" with timeout 5000ms\n  - waiting for locator(\"h3.truncate.text-h3\").filter(has_text=\"Welcome, regression-illnoz6hdk@apolo.us\")","time":{"start":1762135684610,"stop":1762135705976,"duration":21366}},{"uid":"336c19455ec29cda","status":"failed","statusDetails":"AssertionError: [AssertionError] during step: Create first project from main page\nMessage: [TimeoutError] during step: Wait for Create project popup disappear\nMessage: Locator.wait_for: Timeout 60ms exceeded.\nCall log:\n  - waiting for locator(\"h2\").filter(has_text=\"Create Project\") to be detached\n    3 × locator resolved to visible <h2 class=\"p-8 text-h4\">Create Project</h2>\n\nNote: Playwright Timeout. Element not found or action took too long.","time":{"start":1762053426999,"stop":1762053461253,"duration":34254}},{"uid":"a4bd2999c91bd8e3","status":"failed","statusDetails":"AssertionError: [AssertionError] during step: Create first project from main page\nMessage: [TimeoutError] during step: Wait for Create project popup disappear\nMessage: Locator.wait_for: Timeout 60ms exceeded.\nCall log:\n  - waiting for locator(\"h2\").filter(has_text=\"Create Project\") to be detached\n    3 × locator resolved to visible <h2 class=\"p-8 text-h4\">Create Project</h2>\n\nNote: Playwright Timeout. Element not found or action took too long.","time":{"start":1761966448579,"stop":1761966484391,"duration":35812}},{"uid":"5b791d24df503514","status":"failed","statusDetails":"AssertionError: [AssertionError] during step: Login via UI\nMessage: [AssertionError] during step: Verify that Welcome new user page displayed\nMessage: Locator expected to be visible\nActual value: <element(s) not found> \nCall log:\n  - Expect \"to_be_visible\" with timeout 5000ms\n  - waiting for locator(\"h3.truncate.text-h3\").filter(has_text=\"Welcome, regression-u2rki5qmmm@apolo.us\")","time":{"start":1761880700464,"stop":1761880711493,"duration":11029}},{"uid":"32a3b3b260f80866","status":"failed","statusDetails":"AssertionError: [AssertionError] during step: Create first project from main page\nMessage: [TimeoutError] during step: Wait for Create project popup disappear\nMessage: Locator.wait_for: Timeout 60ms exceeded.\nCall log:\n  - waiting for locator(\"h2\").filter(has_text=\"Create Project\") to be detached\n    3 × locator resolved to visible <h2 class=\"p-8 text-h4\">Create Project</h2>\n\nNote: Playwright Timeout. Element not found or action took too long.","time":{"start":1761793960152,"stop":1761793990290,"duration":30138}},{"uid":"6912c051e505ce8e","status":"failed","statusDetails":"AssertionError: [AssertionError] during step: Login via UI\nMessage: [AssertionError] during step: Verify that Welcome new user page displayed\nMessage: Locator expected to be visible\nActual value: <element(s) not found> \nCall log:\n  - Expect \"to_be_visible\" with timeout 5000ms\n  - waiting for locator(\"h3.truncate.text-h3\").filter(has_text=\"Welcome, regression-9oenju5xz8@apolo.us\")","time":{"start":1761707736195,"stop":1761707853585,"duration":117390}},{"uid":"f2496081181afd25","status":"failed","statusDetails":"AssertionError: [AssertionError] during step: Create first project from main page\nMessage: [TimeoutError] during step: Wait for Create project popup disappear\nMessage: Locator.wait_for: Timeout 60ms exceeded.\nCall log:\n  - waiting for locator(\"h2\").filter(has_text=\"Create Project\") to be detached\n    3 × locator resolved to visible <h2 class=\"p-8 text-h4\">Create Project</h2>\n\nNote: Playwright Timeout. Element not found or action took too long.","time":{"start":1761622246764,"stop":1761622287533,"duration":40769}},{"uid":"77d5edc80a6e729d","status":"failed","statusDetails":"AssertionError: [AssertionError] during step: Create first project from main page\nMessage: [TimeoutError] during step: Wait for Create project popup disappear\nMessage: Locator.wait_for: Timeout 60ms exceeded.\nCall log:\n  - waiting for locator(\"h2\").filter(has_text=\"Create Project\") to be detached\n    3 × locator resolved to visible <h2 class=\"p-8 text-h4\">Create Project</h2>\n\nNote: Playwright Timeout. Element not found or action took too long.","time":{"start":1761599438307,"stop":1761599474930,"duration":36623}},{"uid":"7ade715aacd6ff0","status":"failed","statusDetails":"AssertionError: [AssertionError] during step: Create first project from main page\nMessage: [TimeoutError] during step: Wait for Create project popup disappear\nMessage: Locator.wait_for: Timeout 60ms exceeded.\nCall log:\n  - waiting for locator(\"h2\").filter(has_text=\"Create Project\") to be detached\n    3 × locator resolved to visible <h2 class=\"p-8 text-h4\">Create Project</h2>\n\nNote: Playwright Timeout. Element not found or action took too long.","time":{"start":1761571285365,"stop":1761571325455,"duration":40090}},{"uid":"dacbab7975e96e44","status":"passed","time":{"start":1759550847397,"stop":1759550982809,"duration":135412}},{"uid":"8925b7ea0e6de53c","status":"passed","time":{"start":1759464384337,"stop":1759464468711,"duration":84374}},{"uid":"40aac97df80c64a1","status":"failed","statusDetails":"AssertionError: [AssertionError] during step: Create first project from main page\nMessage: [TimeoutError] during step: Wait for Create project popup disappear\nMessage: Locator.wait_for: Timeout 30000ms exceeded.\nCall log:\n  - waiting for locator(\"h2\").filter(has_text=\"Create Project\") to be detached\n    65 × locator resolved to visible <h2 class=\"p-8 text-h4\">Create Project</h2>\n\nNote: Playwright Timeout. Element not found or action took too long.","time":{"start":1759381030863,"stop":1759381090244,"duration":59381}}]},"tags":["asyncio"]},"source":"1f628e439800e666.json","parameterValues":[]}