{"uid":"2058cc480fbc9684","name":"Invite not registered user to project via UI","fullName":"tests.test_cases.tests_ui.test_project_structure_setup.TestUIProjectStructureSetup#test_invite_not_registered_to_proj_via_ui","historyId":"ce8d1af4e980f4180f818bd2dd3406fa","time":{"start":1762482643587,"stop":1762482681294,"duration":37707},"description":"\n- Login with valid credentials.\n- Create new organization via **API**.\n- Create new project.\n\n### Verify that:\n\n- User **cannot** invite to project another user which is **not registered**.\n","descriptionHtml":"<div style='line-height:1.6;'><ul>\n<li>Login with valid credentials.</li>\n<li>Create new organization via <strong>API</strong>.</li>\n<li>Create new project.</li>\n</ul>\n<h3>Verify that:</h3>\n<ul>\n<li>User <strong>cannot</strong> invite to project another user which is <strong>not registered</strong>.</li>\n</ul></div>","status":"failed","statusMessage":"AssertionError: [AssertionError] during step: Create first project from main page\nMessage: [TimeoutError] during step: Wait for Create project popup disappear\nMessage: Locator.wait_for: Timeout 60ms exceeded.\nCall log:\n  - waiting for locator(\"h2\").filter(has_text=\"Create Project\") to be detached\n    3 × locator resolved to visible <h2 class=\"p-8 text-h4\">Create Project</h2>\n\nNote: Playwright Timeout. Element not found or action took too long.","statusTrace":"tests/reporting_hooks/reporting.py:49: in wrapper\n    result = await func(*args, **kwargs)\n             ^^^^^^^^^^^^^^^^^^^^^^^^^^^\ntests/test_cases/steps/ui_steps/page_steps_impl/create_proj_popup_steps.py:36: in ui_wait_to_disappear\n    await self._pm.create_proj_popup.wait_to_disappear(org_name=org_name)\ntests/components/ui/pages/create_project_popup.py:83: in wait_to_disappear\n    await self._get_create_proj_title().locator.wait_for(\n.venv/lib/python3.13/site-packages/playwright/async_api/_generated.py:17876: in wait_for\n    await self._impl_obj.wait_for(timeout=timeout, state=state)\n.venv/lib/python3.13/site-packages/playwright/_impl/_locator.py:692: in wait_for\n    await self._frame.wait_for_selector(\n.venv/lib/python3.13/site-packages/playwright/_impl/_frame.py:369: in wait_for_selector\n    await self._channel.send(\n.venv/lib/python3.13/site-packages/playwright/_impl/_connection.py:69: in send\n    return await self._connection.wrap_api_call(\n.venv/lib/python3.13/site-packages/playwright/_impl/_connection.py:558: in wrap_api_call\n    raise rewrite_error(error, f\"{parsed_st['apiName']}: {error}\") from None\nE   playwright._impl._errors.TimeoutError: Locator.wait_for: Timeout 60ms exceeded.\nE   Call log:\nE     - waiting for locator(\"h2\").filter(has_text=\"Create Project\") to be detached\nE       3 × locator resolved to visible <h2 class=\"p-8 text-h4\">Create Project</h2>\n\nThe above exception was the direct cause of the following exception:\ntests/reporting_hooks/reporting.py:49: in wrapper\n    result = await func(*args, **kwargs)\n             ^^^^^^^^^^^^^^^^^^^^^^^^^^^\ntests/test_cases/steps/ui_steps/ui_steps.py:247: in ui_create_first_proj_from_main_page\n    await self.create_proj_popup.ui_wait_to_disappear(org_name=org_name)\ntests/reporting_hooks/reporting.py:58: in wrapper\n    raise AssertionError(formatted_msg) from e\nE   AssertionError: [TimeoutError] during step: Wait for Create project popup disappear\nE   Message: Locator.wait_for: Timeout 60ms exceeded.\nE   Call log:\nE     - waiting for locator(\"h2\").filter(has_text=\"Create Project\") to be detached\nE       3 × locator resolved to visible <h2 class=\"p-8 text-h4\">Create Project</h2>\nE   \nE   Note: Playwright Timeout. Element not found or action took too long.\n\nThe above exception was the direct cause of the following exception:\ntests/test_cases/tests_ui/test_project_structure_setup.py:309: in test_invite_not_registered_to_proj_via_ui\n    await steps.ui_create_first_proj_from_main_page(\ntests/reporting_hooks/reporting.py:58: in wrapper\n    raise AssertionError(formatted_msg) from e\nE   AssertionError: [AssertionError] during step: Create first project from main page\nE   Message: [TimeoutError] during step: Wait for Create project popup disappear\nE   Message: Locator.wait_for: Timeout 60ms exceeded.\nE   Call log:\nE     - waiting for locator(\"h2\").filter(has_text=\"Create Project\") to be detached\nE       3 × locator resolved to visible <h2 class=\"p-8 text-h4\">Create Project</h2>\nE   \nE   Note: Playwright Timeout. Element not found or action took too long.","flaky":false,"newFailed":false,"newBroken":false,"newPassed":false,"retriesCount":1,"retriesStatusChange":false,"beforeStages":[{"name":"_verify_url","time":{"start":1762479094805,"stop":1762479094805,"duration":0},"status":"passed","steps":[],"attachments":[],"parameters":[],"shouldDisplayMessage":false,"stepsCount":0,"attachmentsCount":0,"hasContent":false,"attachmentStep":false},{"name":"event_loop_policy","time":{"start":1762479094805,"stop":1762479094806,"duration":1},"status":"passed","steps":[],"attachments":[],"parameters":[],"shouldDisplayMessage":false,"stepsCount":0,"attachmentsCount":0,"hasContent":false,"attachmentStep":false},{"name":"base_url","time":{"start":1762479094805,"stop":1762479094805,"duration":0},"status":"passed","steps":[],"attachments":[],"parameters":[],"shouldDisplayMessage":false,"stepsCount":0,"attachmentsCount":0,"hasContent":false,"attachmentStep":false},{"name":"delete_output_dir","time":{"start":1762479094806,"stop":1762479094806,"duration":0},"status":"passed","steps":[],"attachments":[],"parameters":[],"shouldDisplayMessage":false,"stepsCount":0,"attachmentsCount":0,"hasContent":false,"attachmentStep":false},{"name":"ensure_storage_directories","time":{"start":1762479094806,"stop":1762479094806,"duration":0},"status":"passed","steps":[],"attachments":[],"parameters":[],"shouldDisplayMessage":false,"stepsCount":0,"attachmentsCount":0,"hasContent":false,"attachmentStep":false},{"name":"delay_worker_start","time":{"start":1762479094806,"stop":1762479094806,"duration":0},"status":"passed","steps":[],"attachments":[],"parameters":[],"shouldDisplayMessage":false,"stepsCount":0,"attachmentsCount":0,"hasContent":false,"attachmentStep":false},{"name":"pytestconfig","time":{"start":1762479094806,"stop":1762479094806,"duration":0},"status":"passed","steps":[],"attachments":[],"parameters":[],"shouldDisplayMessage":false,"stepsCount":0,"attachmentsCount":0,"hasContent":false,"attachmentStep":false},{"name":"test_config","time":{"start":1762482642853,"stop":1762482642856,"duration":3},"status":"passed","steps":[],"attachments":[],"parameters":[],"shouldDisplayMessage":false,"stepsCount":0,"attachmentsCount":0,"hasContent":false,"attachmentStep":false},{"name":"_function_scoped_runner","time":{"start":1762482642856,"stop":1762482642857,"duration":1},"status":"passed","steps":[],"attachments":[],"parameters":[],"shouldDisplayMessage":false,"stepsCount":0,"attachmentsCount":0,"hasContent":false,"attachmentStep":false},{"name":"page_manager","time":{"start":1762482642856,"stop":1762482643584,"duration":728},"status":"passed","steps":[],"attachments":[],"parameters":[],"shouldDisplayMessage":false,"stepsCount":0,"attachmentsCount":0,"hasContent":false,"attachmentStep":false},{"name":"api_helper","time":{"start":1762482643584,"stop":1762482643585,"duration":1},"status":"passed","steps":[],"attachments":[],"parameters":[],"shouldDisplayMessage":false,"stepsCount":0,"attachmentsCount":0,"hasContent":false,"attachmentStep":false},{"name":"users_manager","time":{"start":1762482643584,"stop":1762482643584,"duration":0},"status":"passed","steps":[],"attachments":[],"parameters":[],"shouldDisplayMessage":false,"stepsCount":0,"attachmentsCount":0,"hasContent":false,"attachmentStep":false},{"name":"data_manager","time":{"start":1762482643584,"stop":1762482643584,"duration":0},"status":"passed","steps":[],"attachments":[],"parameters":[],"shouldDisplayMessage":false,"stepsCount":0,"attachmentsCount":0,"hasContent":false,"attachmentStep":false},{"name":"setup_cleanup","time":{"start":1762482643585,"stop":1762482643585,"duration":0},"status":"passed","steps":[],"attachments":[],"parameters":[],"shouldDisplayMessage":false,"stepsCount":0,"attachmentsCount":0,"hasContent":false,"attachmentStep":false},{"name":"apolo_cli","time":{"start":1762482643585,"stop":1762482643585,"duration":0},"status":"passed","steps":[],"attachments":[],"parameters":[],"shouldDisplayMessage":false,"stepsCount":0,"attachmentsCount":0,"hasContent":false,"attachmentStep":false},{"name":"add_page_manager","time":{"start":1762482643585,"stop":1762482643585,"duration":0},"status":"passed","steps":[],"attachments":[],"parameters":[],"shouldDisplayMessage":false,"stepsCount":0,"attachmentsCount":0,"hasContent":false,"attachmentStep":false},{"name":"setup","time":{"start":1762482643586,"stop":1762482643586,"duration":0},"status":"passed","steps":[],"attachments":[],"parameters":[],"shouldDisplayMessage":false,"stepsCount":0,"attachmentsCount":0,"hasContent":false,"attachmentStep":false},{"name":"_inject_fixtures","time":{"start":1762482643586,"stop":1762482643586,"duration":0},"status":"passed","steps":[],"attachments":[],"parameters":[],"shouldDisplayMessage":false,"stepsCount":0,"attachmentsCount":0,"hasContent":false,"attachmentStep":false}],"testStage":{"description":"\n- Login with valid credentials.\n- Create new organization via **API**.\n- Create new project.\n\n### Verify that:\n\n- User **cannot** invite to project another user which is **not registered**.\n","descriptionHtml":"<div style='line-height:1.6;'><ul>\n<li>Login with valid credentials.</li>\n<li>Create new organization via <strong>API</strong>.</li>\n<li>Create new project.</li>\n</ul>\n<h3>Verify that:</h3>\n<ul>\n<li>User <strong>cannot</strong> invite to project another user which is <strong>not registered</strong>.</li>\n</ul></div>","status":"failed","statusMessage":"AssertionError: [AssertionError] during step: Create first project from main page\nMessage: [TimeoutError] during step: Wait for Create project popup disappear\nMessage: Locator.wait_for: Timeout 60ms exceeded.\nCall log:\n  - waiting for locator(\"h2\").filter(has_text=\"Create Project\") to be detached\n    3 × locator resolved to visible <h2 class=\"p-8 text-h4\">Create Project</h2>\n\nNote: Playwright Timeout. Element not found or action took too long.","statusTrace":"tests/reporting_hooks/reporting.py:49: in wrapper\n    result = await func(*args, **kwargs)\n             ^^^^^^^^^^^^^^^^^^^^^^^^^^^\ntests/test_cases/steps/ui_steps/page_steps_impl/create_proj_popup_steps.py:36: in ui_wait_to_disappear\n    await self._pm.create_proj_popup.wait_to_disappear(org_name=org_name)\ntests/components/ui/pages/create_project_popup.py:83: in wait_to_disappear\n    await self._get_create_proj_title().locator.wait_for(\n.venv/lib/python3.13/site-packages/playwright/async_api/_generated.py:17876: in wait_for\n    await self._impl_obj.wait_for(timeout=timeout, state=state)\n.venv/lib/python3.13/site-packages/playwright/_impl/_locator.py:692: in wait_for\n    await self._frame.wait_for_selector(\n.venv/lib/python3.13/site-packages/playwright/_impl/_frame.py:369: in wait_for_selector\n    await self._channel.send(\n.venv/lib/python3.13/site-packages/playwright/_impl/_connection.py:69: in send\n    return await self._connection.wrap_api_call(\n.venv/lib/python3.13/site-packages/playwright/_impl/_connection.py:558: in wrap_api_call\n    raise rewrite_error(error, f\"{parsed_st['apiName']}: {error}\") from None\nE   playwright._impl._errors.TimeoutError: Locator.wait_for: Timeout 60ms exceeded.\nE   Call log:\nE     - waiting for locator(\"h2\").filter(has_text=\"Create Project\") to be detached\nE       3 × locator resolved to visible <h2 class=\"p-8 text-h4\">Create Project</h2>\n\nThe above exception was the direct cause of the following exception:\ntests/reporting_hooks/reporting.py:49: in wrapper\n    result = await func(*args, **kwargs)\n             ^^^^^^^^^^^^^^^^^^^^^^^^^^^\ntests/test_cases/steps/ui_steps/ui_steps.py:247: in ui_create_first_proj_from_main_page\n    await self.create_proj_popup.ui_wait_to_disappear(org_name=org_name)\ntests/reporting_hooks/reporting.py:58: in wrapper\n    raise AssertionError(formatted_msg) from e\nE   AssertionError: [TimeoutError] during step: Wait for Create project popup disappear\nE   Message: Locator.wait_for: Timeout 60ms exceeded.\nE   Call log:\nE     - waiting for locator(\"h2\").filter(has_text=\"Create Project\") to be detached\nE       3 × locator resolved to visible <h2 class=\"p-8 text-h4\">Create Project</h2>\nE   \nE   Note: Playwright Timeout. Element not found or action took too long.\n\nThe above exception was the direct cause of the following exception:\ntests/test_cases/tests_ui/test_project_structure_setup.py:309: in test_invite_not_registered_to_proj_via_ui\n    await steps.ui_create_first_proj_from_main_page(\ntests/reporting_hooks/reporting.py:58: in wrapper\n    raise AssertionError(formatted_msg) from e\nE   AssertionError: [AssertionError] during step: Create first project from main page\nE   Message: [TimeoutError] during step: Wait for Create project popup disappear\nE   Message: Locator.wait_for: Timeout 60ms exceeded.\nE   Call log:\nE     - waiting for locator(\"h2\").filter(has_text=\"Create Project\") to be detached\nE       3 × locator resolved to visible <h2 class=\"p-8 text-h4\">Create Project</h2>\nE   \nE   Note: Playwright Timeout. Element not found or action took too long.","steps":[{"name":"Login via UI","time":{"start":1762482643587,"stop":1762482660200,"duration":16613},"status":"passed","steps":[{"name":"Verify that Auth page displayed","time":{"start":1762482643587,"stop":1762482644674,"duration":1087},"status":"passed","steps":[],"attachments":[{"uid":"34e2931dc03ffce7","name":"Page URL","source":"34e2931dc03ffce7.txt","type":"text/plain","size":29},{"uid":"fb0b7774b4afbe3a","name":"HTTP 200 - GET config","source":"fb0b7774b4afbe3a.txt","type":"text/plain","size":673},{"uid":"6f0b6272d8f68e5e","name":"Screenshot: Verify that Auth page displayed (success)","source":"6f0b6272d8f68e5e.png","type":"image/png","size":88563}],"parameters":[],"shouldDisplayMessage":false,"stepsCount":0,"attachmentsCount":3,"hasContent":true,"attachmentStep":false},{"name":"Click login button","time":{"start":1762482644674,"stop":1762482645608,"duration":934},"status":"passed","steps":[],"attachments":[{"uid":"6098a32920158f51","name":"Page URL","source":"6098a32920158f51.txt","type":"text/plain","size":33},{"uid":"d937887227db5fee","name":"Screenshot: Click login button (success)","source":"d937887227db5fee.png","type":"image/png","size":88570}],"parameters":[],"shouldDisplayMessage":false,"stepsCount":0,"attachmentsCount":2,"hasContent":true,"attachmentStep":false},{"name":"Verify that Login page displayed","time":{"start":1762482645608,"stop":1762482645821,"duration":213},"status":"passed","steps":[],"attachments":[{"uid":"6f3e5b3df115b127","name":"Page URL","source":"6f3e5b3df115b127.txt","type":"text/plain","size":215},{"uid":"a1c52398af9b1051","name":"Screenshot: Verify that Login page displayed (success)","source":"a1c52398af9b1051.png","type":"image/png","size":41599}],"parameters":[],"shouldDisplayMessage":false,"stepsCount":0,"attachmentsCount":2,"hasContent":true,"attachmentStep":false},{"name":"Enter email","time":{"start":1762482645821,"stop":1762482646152,"duration":331},"status":"passed","steps":[],"attachments":[{"uid":"13bbdf4e4a43b018","name":"Page URL","source":"13bbdf4e4a43b018.txt","type":"text/plain","size":215},{"uid":"312a2c5abfc10374","name":"Screenshot: Enter email (success)","source":"312a2c5abfc10374.png","type":"image/png","size":46605}],"parameters":[],"shouldDisplayMessage":false,"stepsCount":0,"attachmentsCount":2,"hasContent":true,"attachmentStep":false},{"name":"Enter password","time":{"start":1762482646152,"stop":1762482646553,"duration":401},"status":"passed","steps":[],"attachments":[{"uid":"68a65c100af8e616","name":"Page URL","source":"68a65c100af8e616.txt","type":"text/plain","size":215},{"uid":"db36d5f81adfc7e","name":"Screenshot: Enter password (success)","source":"db36d5f81adfc7e.png","type":"image/png","size":46729}],"parameters":[],"shouldDisplayMessage":false,"stepsCount":0,"attachmentsCount":2,"hasContent":true,"attachmentStep":false},{"name":"Click Continue button","time":{"start":1762482646553,"stop":1762482659016,"duration":12463},"status":"passed","steps":[],"attachments":[{"uid":"944f256e3b17b309","name":"Page URL","source":"944f256e3b17b309.txt","type":"text/plain","size":215},{"uid":"af7356a86b76e617","name":"HTTP 200 - GET config","source":"af7356a86b76e617.txt","type":"text/plain","size":771},{"uid":"3a9b5a0dd60efa11","name":"HTTP 200 - GET permissions?uri=blob:","source":"3a9b5a0dd60efa11.txt","type":"text/plain","size":182},{"uid":"8b768fdb664ec551","name":"HTTP 200 - GET incoming","source":"8b768fdb664ec551.txt","type":"text/plain","size":156},{"uid":"5b696b1fa619fadf","name":"HTTP 200 - GET regression-854cg2j9mh?include=orgs","source":"5b696b1fa619fadf.txt","type":"text/plain","size":379},{"uid":"5a0f9dbba490b0ff","name":"HTTP 200 - GET regression-854cg2j9mh?include=clusters&include=system_role","source":"5a0f9dbba490b0ff.txt","type":"text/plain","size":407},{"uid":"ee5e3b46a57927d4","name":"Screenshot: Click Continue button (success)","source":"ee5e3b46a57927d4.png","type":"image/png","size":161270}],"parameters":[],"shouldDisplayMessage":false,"stepsCount":0,"attachmentsCount":7,"hasContent":true,"attachmentStep":false},{"name":"Verify that Welcome new user page displayed","time":{"start":1762482659024,"stop":1762482660117,"duration":1093},"status":"passed","steps":[],"attachments":[{"uid":"f94b73fe37a9d3e0","name":"Page URL","source":"f94b73fe37a9d3e0.txt","type":"text/plain","size":44},{"uid":"631067f491c78c17","name":"Screenshot: Verify that Welcome new user page displayed (success)","source":"631067f491c78c17.png","type":"image/png","size":161270}],"parameters":[],"shouldDisplayMessage":false,"stepsCount":0,"attachmentsCount":2,"hasContent":true,"attachmentStep":false}],"attachments":[{"uid":"e559cae9f5642af8","name":"Page URL","source":"e559cae9f5642af8.txt","type":"text/plain","size":29},{"uid":"d95dbbcfda8f4b43","name":"Screenshot: Login via UI (success)","source":"d95dbbcfda8f4b43.png","type":"image/png","size":161270}],"parameters":[],"shouldDisplayMessage":false,"stepsCount":7,"attachmentsCount":22,"hasContent":true,"attachmentStep":false},{"name":"Add organization via API and reload page","time":{"start":1762482660200,"stop":1762482678485,"duration":18285},"status":"passed","steps":[{"name":"Reload page","time":{"start":1762482677006,"stop":1762482678403,"duration":1397},"status":"passed","steps":[{"name":"Reload page","time":{"start":1762482677006,"stop":1762482678320,"duration":1314},"status":"passed","steps":[],"attachments":[{"uid":"f9fce3f68884d007","name":"Page URL","source":"f9fce3f68884d007.txt","type":"text/plain","size":44},{"uid":"135d95d45206295b","name":"HTTP 200 - GET config","source":"135d95d45206295b.txt","type":"text/plain","size":2137},{"uid":"6ee67c63c1f7f846","name":"HTTP 200 - GET permissions?uri=blob:","source":"6ee67c63c1f7f846.txt","type":"text/plain","size":255},{"uid":"bf8960321013c394","name":"HTTP 200 - GET regression-854cg2j9mh?include=clusters&include=system_role","source":"bf8960321013c394.txt","type":"text/plain","size":529},{"uid":"7a9f9123965cd82c","name":"HTTP 200 - GET regression-org-6d0cdp5bw4pr","source":"7a9f9123965cd82c.txt","type":"text/plain","size":444},{"uid":"3e0af0e2ec8e8021","name":"HTTP 200 - GET incoming","source":"3e0af0e2ec8e8021.txt","type":"text/plain","size":156},{"uid":"e5db1af50beec551","name":"HTTP 200 - GET regression-854cg2j9mh?include=orgs","source":"e5db1af50beec551.txt","type":"text/plain","size":474},{"uid":"ce2dabf0dec319e4","name":"HTTP 200 - GET tags","source":"ce2dabf0dec319e4.txt","type":"text/plain","size":878},{"uid":"af01a4017b3b5606","name":"Screenshot: Reload page (success)","source":"af01a4017b3b5606.png","type":"image/png","size":58875}],"parameters":[],"shouldDisplayMessage":false,"stepsCount":0,"attachmentsCount":9,"hasContent":true,"attachmentStep":false}],"attachments":[{"uid":"fe794a8e0f8d6f08","name":"Page URL","source":"fe794a8e0f8d6f08.txt","type":"text/plain","size":44},{"uid":"c090e3a18f1f5a9e","name":"Screenshot: Reload page (success)","source":"c090e3a18f1f5a9e.png","type":"image/png","size":58875}],"parameters":[],"shouldDisplayMessage":false,"stepsCount":1,"attachmentsCount":11,"hasContent":true,"attachmentStep":false}],"attachments":[{"uid":"5940bd4585726d2b","name":"Page URL","source":"5940bd4585726d2b.txt","type":"text/plain","size":44},{"uid":"8a8d307b23dd6959","name":"Screenshot: Add organization via API and reload page (success)","source":"8a8d307b23dd6959.png","type":"image/png","size":58875}],"parameters":[],"shouldDisplayMessage":false,"stepsCount":2,"attachmentsCount":13,"hasContent":true,"attachmentStep":false},{"name":"Create first project from main page","time":{"start":1762482678485,"stop":1762482681293,"duration":2808},"status":"failed","statusMessage":"AssertionError: [AssertionError] during step: Create first project from main page\nMessage: [TimeoutError] during step: Wait for Create project popup disappear\nMessage: Locator.wait_for: Timeout 60ms exceeded.\nCall log:\n  - waiting for locator(\"h2\").filter(has_text=\"Create Project\") to be detached\n    3 × locator resolved to visible <h2 class=\"p-8 text-h4\">Create Project</h2>\n\nNote: Playwright Timeout. Element not found or action took too long.\n","statusTrace":"  File \"/home/runner/work/apolo-test-automation/apolo-test-automation/tests/reporting_hooks/reporting.py\", line 58, in wrapper\n    raise AssertionError(formatted_msg) from e\n","steps":[{"name":"Click Create project button on the main page","time":{"start":1762482678486,"stop":1762482679460,"duration":974},"status":"passed","steps":[],"attachments":[{"uid":"fe206aafe9e4d5b7","name":"Page URL","source":"fe206aafe9e4d5b7.txt","type":"text/plain","size":81},{"uid":"48d942a4192f53fe","name":"Screenshot: Click Create project button on the main page (success)","source":"48d942a4192f53fe.png","type":"image/png","size":79819}],"parameters":[],"shouldDisplayMessage":false,"stepsCount":0,"attachmentsCount":2,"hasContent":true,"attachmentStep":false},{"name":"Verify Create project popup displayed","time":{"start":1762482679460,"stop":1762482679595,"duration":135},"status":"passed","steps":[],"attachments":[{"uid":"440267a2850a9413","name":"Page URL","source":"440267a2850a9413.txt","type":"text/plain","size":81},{"uid":"103ce006c2954594","name":"Screenshot: Verify Create project popup displayed (success)","source":"103ce006c2954594.png","type":"image/png","size":79848}],"parameters":[],"shouldDisplayMessage":false,"stepsCount":0,"attachmentsCount":2,"hasContent":true,"attachmentStep":false},{"name":"Enter project name","time":{"start":1762482679595,"stop":1762482679963,"duration":368},"status":"passed","steps":[],"attachments":[{"uid":"1b9070d74def1a9e","name":"Page URL","source":"1b9070d74def1a9e.txt","type":"text/plain","size":81},{"uid":"cf4109cf67fea214","name":"Screenshot: Enter project name (success)","source":"cf4109cf67fea214.png","type":"image/png","size":83579}],"parameters":[],"shouldDisplayMessage":false,"stepsCount":0,"attachmentsCount":2,"hasContent":true,"attachmentStep":false},{"name":"Select user role","time":{"start":1762482679963,"stop":1762482680057,"duration":94},"status":"passed","steps":[],"attachments":[{"uid":"69f1293cf96546bc","name":"Page URL","source":"69f1293cf96546bc.txt","type":"text/plain","size":81},{"uid":"c6905e3d8d7570c6","name":"Screenshot: Select user role (success)","source":"c6905e3d8d7570c6.png","type":"image/png","size":83579}],"parameters":[],"shouldDisplayMessage":false,"stepsCount":0,"attachmentsCount":2,"hasContent":true,"attachmentStep":false},{"name":"Click Create button","time":{"start":1762482680057,"stop":1762482681026,"duration":969},"status":"passed","steps":[],"attachments":[{"uid":"382ff038719daf92","name":"Page URL","source":"382ff038719daf92.txt","type":"text/plain","size":81},{"uid":"fb005f917f1ebe7b","name":"HTTP 404 - GET regression-proj-1ruapb0d29","source":"fb005f917f1ebe7b.txt","type":"text/plain","size":340},{"uid":"e102e950d0809705","name":"Screenshot: Click Create button (success)","source":"e102e950d0809705.png","type":"image/png","size":82498}],"parameters":[],"shouldDisplayMessage":false,"stepsCount":0,"attachmentsCount":3,"hasContent":true,"attachmentStep":false},{"name":"Wait for Create project popup disappear","time":{"start":1762482681026,"stop":1762482681192,"duration":166},"status":"failed","statusMessage":"AssertionError: [TimeoutError] during step: Wait for Create project popup disappear\nMessage: Locator.wait_for: Timeout 60ms exceeded.\nCall log:\n  - waiting for locator(\"h2\").filter(has_text=\"Create Project\") to be detached\n    3 × locator resolved to visible <h2 class=\"p-8 text-h4\">Create Project</h2>\n\nNote: Playwright Timeout. Element not found or action took too long.\n","statusTrace":"  File \"/home/runner/work/apolo-test-automation/apolo-test-automation/tests/reporting_hooks/reporting.py\", line 58, in wrapper\n    raise AssertionError(formatted_msg) from e\n","steps":[],"attachments":[{"uid":"fdb65da9a32fe40b","name":"Page URL","source":"fdb65da9a32fe40b.txt","type":"text/plain","size":81},{"uid":"b7a2853f88143599","name":"Screenshot: Wait for Create project popup disappear (fail)","source":"b7a2853f88143599.png","type":"image/png","size":82432}],"parameters":[],"shouldDisplayMessage":true,"stepsCount":0,"attachmentsCount":2,"hasContent":true,"attachmentStep":false}],"attachments":[{"uid":"4704d77de4e0b292","name":"Page URL","source":"4704d77de4e0b292.txt","type":"text/plain","size":81},{"uid":"ec8fd13727e6265","name":"Screenshot: Create first project from main page (fail)","source":"ec8fd13727e6265.png","type":"image/png","size":82382}],"parameters":[],"shouldDisplayMessage":true,"stepsCount":6,"attachmentsCount":15,"hasContent":true,"attachmentStep":false}],"attachments":[{"uid":"941eccb049f581","name":"log","source":"941eccb049f581.txt","type":"text/plain","size":43400}],"parameters":[],"shouldDisplayMessage":true,"stepsCount":18,"attachmentsCount":51,"hasContent":true,"attachmentStep":false},"afterStages":[{"name":"add_page_manager::finalizer","time":{"start":1762482681454,"stop":1762482681455,"duration":1},"status":"passed","steps":[],"attachments":[],"parameters":[],"shouldDisplayMessage":false,"stepsCount":0,"attachmentsCount":0,"hasContent":false,"attachmentStep":false},{"name":"setup_cleanup::finalizer","time":{"start":1762482681455,"stop":1762482681455,"duration":0},"status":"passed","steps":[],"attachments":[],"parameters":[],"shouldDisplayMessage":false,"stepsCount":0,"attachmentsCount":0,"hasContent":false,"attachmentStep":false},{"name":"setup_cleanup::finalizer","time":{"start":1762482681455,"stop":1762482687121,"duration":5666},"status":"passed","steps":[{"name":"Post-test cleanup","time":{"start":1762482681455,"stop":1762482687121,"duration":5666},"status":"passed","steps":[{"name":"Delete organisation: regression-org-6d0cdp5bw4pr","time":{"start":1762482684890,"stop":1762482687078,"duration":2188},"status":"passed","steps":[],"attachments":[],"parameters":[],"shouldDisplayMessage":false,"stepsCount":0,"attachmentsCount":0,"hasContent":false,"attachmentStep":false}],"attachments":[],"parameters":[],"shouldDisplayMessage":false,"stepsCount":1,"attachmentsCount":0,"hasContent":true,"attachmentStep":false}],"attachments":[],"parameters":[],"shouldDisplayMessage":false,"stepsCount":2,"attachmentsCount":0,"hasContent":true,"attachmentStep":false},{"name":"api_helper::finalizer","time":{"start":1762482687122,"stop":1762482687122,"duration":0},"status":"passed","steps":[],"attachments":[],"parameters":[],"shouldDisplayMessage":false,"stepsCount":0,"attachmentsCount":0,"hasContent":false,"attachmentStep":false},{"name":"_function_scoped_runner::0","time":{"start":1762482687123,"stop":1762482687123,"duration":0},"status":"passed","steps":[],"attachments":[],"parameters":[],"shouldDisplayMessage":false,"stepsCount":0,"attachmentsCount":0,"hasContent":false,"attachmentStep":false}],"labels":[{"name":"parentSuite","value":"UI Tests"},{"name":"suite","value":"UI Project Structure Setup"},{"name":"tag","value":"asyncio"},{"name":"subSuite","value":"TestUIProjectStructureSetup"},{"name":"host","value":"runnervmf2e7y"},{"name":"thread","value":"3569-MainThread"},{"name":"framework","value":"pytest"},{"name":"language","value":"cpython3"},{"name":"package","value":"tests.test_cases.tests_ui.test_project_structure_setup"},{"name":"resultFormat","value":"allure2"}],"parameters":[],"links":[],"hidden":false,"retry":false,"extra":{"severity":"normal","retries":[{"uid":"1040013a19a3ce97","status":"failed","statusDetails":"AssertionError: [AssertionError] during step: Create first project from main page\nMessage: [TimeoutError] during step: Wait for Create project popup disappear\nMessage: Locator.wait_for: Timeout 60ms exceeded.\nCall log:\n  - waiting for locator(\"h2\").filter(has_text=\"Create Project\") to be detached\n    3 × locator resolved to visible <h2 class=\"p-8 text-h4\">Create Project</h2>\n\nNote: Playwright Timeout. Element not found or action took too long.","time":{"start":1762482592795,"stop":1762482628310,"duration":35515}}],"categories":[{"name":"Product defects","matchedStatuses":[],"flaky":false}],"history":{"statistic":{"failed":16,"broken":0,"skipped":0,"passed":84,"unknown":0,"total":100},"items":[{"uid":"11c455ab46facbae","status":"failed","statusDetails":"AssertionError: [AssertionError] during step: Create first project from main page\nMessage: [TimeoutError] during step: Wait for Create project popup disappear\nMessage: Locator.wait_for: Timeout 60ms exceeded.\nCall log:\n  - waiting for locator(\"h2\").filter(has_text=\"Create Project\") to be detached\n    3 × locator resolved to visible <h2 class=\"p-8 text-h4\">Create Project</h2>\n\nNote: Playwright Timeout. Element not found or action took too long.","time":{"start":1762395793573,"stop":1762395828344,"duration":34771}},{"uid":"70643492f375cc3a","status":"failed","statusDetails":"AssertionError: [AssertionError] during step: Create first project from main page\nMessage: [TimeoutError] during step: Wait for Create project popup disappear\nMessage: Locator.wait_for: Timeout 60ms exceeded.\nCall log:\n  - waiting for locator(\"h2\").filter(has_text=\"Create Project\") to be detached\n    3 × locator resolved to visible <h2 class=\"p-8 text-h4\">Create Project</h2>\n\nNote: Playwright Timeout. Element not found or action took too long.","time":{"start":1762310369967,"stop":1762310406278,"duration":36311}},{"uid":"b9bd98996253bd41","status":"failed","statusDetails":"AssertionError: [AssertionError] during step: Create first project from main page\nMessage: [TimeoutError] during step: Wait for Create project popup disappear\nMessage: Locator.wait_for: Timeout 60ms exceeded.\nCall log:\n  - waiting for locator(\"h2\").filter(has_text=\"Create Project\") to be detached\n    3 × locator resolved to visible <h2 class=\"p-8 text-h4\">Create Project</h2>\n\nNote: Playwright Timeout. Element not found or action took too long.","time":{"start":1762224624438,"stop":1762224660245,"duration":35807}},{"uid":"a8db9fcd5378116e","status":"failed","statusDetails":"AssertionError: [AssertionError] during step: Login via UI\nMessage: [AssertionError] during step: Verify that Welcome new user page displayed\nMessage: Locator expected to be visible\nActual value: <element(s) not found> \nCall log:\n  - Expect \"to_be_visible\" with timeout 5000ms\n  - waiting for locator(\"h3.truncate.text-h3\").filter(has_text=\"Welcome, regression-illnoz6hdk@apolo.us\")","time":{"start":1762135189379,"stop":1762135210661,"duration":21282}},{"uid":"80d3b5332aaa0e59","status":"failed","statusDetails":"AssertionError: [AssertionError] during step: Create first project from main page\nMessage: [TimeoutError] during step: Wait for Create project popup disappear\nMessage: Locator.wait_for: Timeout 60ms exceeded.\nCall log:\n  - waiting for locator(\"h2\").filter(has_text=\"Create Project\") to be detached\n    3 × locator resolved to visible <h2 class=\"p-8 text-h4\">Create Project</h2>\n\nNote: Playwright Timeout. Element not found or action took too long.","time":{"start":1762052766467,"stop":1762052811077,"duration":44610}},{"uid":"43dd671f6191b89a","status":"failed","statusDetails":"AssertionError: [AssertionError] during step: Create first project from main page\nMessage: [TimeoutError] during step: Wait for Create project popup disappear\nMessage: Locator.wait_for: Timeout 60ms exceeded.\nCall log:\n  - waiting for locator(\"h2\").filter(has_text=\"Create Project\") to be detached\n    3 × locator resolved to visible <h2 class=\"p-8 text-h4\">Create Project</h2>\n\nNote: Playwright Timeout. Element not found or action took too long.","time":{"start":1761965839542,"stop":1761965882381,"duration":42839}},{"uid":"f59f982301673d6","status":"failed","statusDetails":"AssertionError: [AssertionError] during step: Create first project from main page\nMessage: [TimeoutError] during step: Wait for Create project popup disappear\nMessage: Locator.wait_for: Timeout 60ms exceeded.\nCall log:\n  - waiting for locator(\"h2\").filter(has_text=\"Create Project\") to be detached\n    3 × locator resolved to visible <h2 class=\"p-8 text-h4\">Create Project</h2>\n\nNote: Playwright Timeout. Element not found or action took too long.","time":{"start":1761879867288,"stop":1761879911429,"duration":44141}},{"uid":"123813fcba1173b7","status":"failed","statusDetails":"AssertionError: [AssertionError] during step: Login via UI\nMessage: [AssertionError] during step: Verify that Welcome new user page displayed\nMessage: Locator expected to be visible\nActual value: <element(s) not found> \nCall log:\n  - Expect \"to_be_visible\" with timeout 5000ms\n  - waiting for locator(\"h3.truncate.text-h3\").filter(has_text=\"Welcome, regression-14u6bbkpki@apolo.us\")","time":{"start":1761793246830,"stop":1761793268031,"duration":21201}},{"uid":"e7e0b22f90cd5009","status":"failed","statusDetails":"AssertionError: [AssertionError] during step: Create first project from main page\nMessage: [TimeoutError] during step: Wait for Create project popup disappear\nMessage: Locator.wait_for: Timeout 60ms exceeded.\nCall log:\n  - waiting for locator(\"h2\").filter(has_text=\"Create Project\") to be detached\n    3 × locator resolved to visible <h2 class=\"p-8 text-h4\">Create Project</h2>\n\nNote: Playwright Timeout. Element not found or action took too long.","time":{"start":1761707033020,"stop":1761707058135,"duration":25115}},{"uid":"a72f234650241cc8","status":"failed","statusDetails":"AssertionError: [AssertionError] during step: Login via UI\nMessage: [AssertionError] during step: Verify that Welcome new user page displayed\nMessage: Locator expected to be visible\nActual value: <element(s) not found> \nCall log:\n  - Expect \"to_be_visible\" with timeout 5000ms\n  - waiting for locator(\"h3.truncate.text-h3\").filter(has_text=\"Welcome, regression-esketoarzj@apolo.us\")","time":{"start":1761621485756,"stop":1761621497288,"duration":11532}},{"uid":"10b3773890b257e9","status":"failed","statusDetails":"AssertionError: [AssertionError] during step: Create first project from main page\nMessage: [TimeoutError] during step: Wait for Create project popup disappear\nMessage: Locator.wait_for: Timeout 60ms exceeded.\nCall log:\n  - waiting for locator(\"h2\").filter(has_text=\"Create Project\") to be detached\n    3 × locator resolved to visible <h2 class=\"p-8 text-h4\">Create Project</h2>\n\nNote: Playwright Timeout. Element not found or action took too long.","time":{"start":1761598826784,"stop":1761598861505,"duration":34721}},{"uid":"b61d0efc4298dcb8","status":"failed","statusDetails":"AssertionError: [AssertionError] during step: Create first project from main page\nMessage: [TimeoutError] during step: Wait for Create project popup disappear\nMessage: Locator.wait_for: Timeout 60ms exceeded.\nCall log:\n  - waiting for locator(\"h2\").filter(has_text=\"Create Project\") to be detached\n    3 × locator resolved to visible <h2 class=\"p-8 text-h4\">Create Project</h2>\n\nNote: Playwright Timeout. Element not found or action took too long.","time":{"start":1761570689863,"stop":1761570714640,"duration":24777}},{"uid":"a4a202ad7c6369c2","status":"passed","time":{"start":1759550784778,"stop":1759550844099,"duration":59321}},{"uid":"7d85db4c736b0eec","status":"passed","time":{"start":1759464941517,"stop":1759464987995,"duration":46478}},{"uid":"c57dee6b5b158390","status":"failed","statusDetails":"AssertionError: [AssertionError] during step: Login via UI\nMessage: [AssertionError] during step: Verify that Welcome new user page displayed\nMessage: Locator expected to be visible\nActual value: <element(s) not found> \nCall log:\n  - Expect \"to_be_visible\" with timeout 5000ms\n  - waiting for locator(\"h3.truncate.text-h3\").filter(has_text=\"Welcome, regression-ys0intr8ln@apolo.us\")","time":{"start":1759380505753,"stop":1759380516039,"duration":10286}},{"uid":"3a3a993ec4507ff2","status":"passed","time":{"start":1759288109641,"stop":1759288164948,"duration":55307}},{"uid":"359e68606b7c3b4c","status":"passed","time":{"start":1759201826058,"stop":1759201876054,"duration":49996}},{"uid":"2aac2939372aea1","status":"passed","time":{"start":1759159466550,"stop":1759159518311,"duration":51761}},{"uid":"91bfc0a7ac6a1c1","status":"passed","time":{"start":1759116126394,"stop":1759116186274,"duration":59880}},{"uid":"314ec93d3528c03b","status":"passed","time":{"start":1759029628492,"stop":1759029674960,"duration":46468}}]},"tags":["asyncio"]},"source":"2058cc480fbc9684.json","parameterValues":[]}