{"uid":"22105ee8d00d024d","name":"Create second project via UI","fullName":"tests.test_cases.tests_ui.test_project_structure_setup.TestUIProjectStructureSetup#test_create_second_proj_via_ui","historyId":"e1cd9465823bc1055ed3a90bc12f4c2b","time":{"start":1760586216449,"stop":1760586243880,"duration":27431},"description":"\n- Login with valid credentials.\n- Create new organization via **API**.\n- Create new project.\n\n### Verify that:\n\n- User can create second project in organization.\n","descriptionHtml":"<div style='line-height:1.6;'><ul>\n<li>Login with valid credentials.</li>\n<li>Create new organization via <strong>API</strong>.</li>\n<li>Create new project.</li>\n</ul>\n<h3>Verify that:</h3>\n<ul>\n<li>User can create second project in organization.</li>\n</ul></div>","status":"failed","statusMessage":"AssertionError: [AssertionError] during step: Create first project from main page\nMessage: [TimeoutError] during step: Wait for Create project popup disappear\nMessage: Locator.wait_for: Timeout 60ms exceeded.\nCall log:\n  - waiting for locator(\"h2\").filter(has_text=\"Create Project\") to be detached\n    3 × locator resolved to visible <h2 class=\"p-8 text-h4\">Create Project</h2>\n\nNote: Playwright Timeout. Element not found or action took too long.","statusTrace":"tests/reporting_hooks/reporting.py:49: in wrapper\n    result = await func(*args, **kwargs)\n             ^^^^^^^^^^^^^^^^^^^^^^^^^^^\ntests/test_cases/steps/ui_steps/page_steps_impl/create_proj_popup_steps.py:36: in ui_wait_to_disappear\n    await self._pm.create_proj_popup.wait_to_disappear(org_name=org_name)\ntests/components/ui/pages/create_project_popup.py:83: in wait_to_disappear\n    await self._get_create_proj_title().locator.wait_for(\n.venv/lib/python3.13/site-packages/playwright/async_api/_generated.py:17876: in wait_for\n    await self._impl_obj.wait_for(timeout=timeout, state=state)\n.venv/lib/python3.13/site-packages/playwright/_impl/_locator.py:692: in wait_for\n    await self._frame.wait_for_selector(\n.venv/lib/python3.13/site-packages/playwright/_impl/_frame.py:369: in wait_for_selector\n    await self._channel.send(\n.venv/lib/python3.13/site-packages/playwright/_impl/_connection.py:69: in send\n    return await self._connection.wrap_api_call(\n.venv/lib/python3.13/site-packages/playwright/_impl/_connection.py:558: in wrap_api_call\n    raise rewrite_error(error, f\"{parsed_st['apiName']}: {error}\") from None\nE   playwright._impl._errors.TimeoutError: Locator.wait_for: Timeout 60ms exceeded.\nE   Call log:\nE     - waiting for locator(\"h2\").filter(has_text=\"Create Project\") to be detached\nE       3 × locator resolved to visible <h2 class=\"p-8 text-h4\">Create Project</h2>\n\nThe above exception was the direct cause of the following exception:\ntests/reporting_hooks/reporting.py:49: in wrapper\n    result = await func(*args, **kwargs)\n             ^^^^^^^^^^^^^^^^^^^^^^^^^^^\ntests/test_cases/steps/ui_steps/ui_steps.py:245: in ui_create_first_proj_from_main_page\n    await self.create_proj_popup.ui_wait_to_disappear(org_name=org_name)\ntests/reporting_hooks/reporting.py:58: in wrapper\n    raise AssertionError(formatted_msg) from e\nE   AssertionError: [TimeoutError] during step: Wait for Create project popup disappear\nE   Message: Locator.wait_for: Timeout 60ms exceeded.\nE   Call log:\nE     - waiting for locator(\"h2\").filter(has_text=\"Create Project\") to be detached\nE       3 × locator resolved to visible <h2 class=\"p-8 text-h4\">Create Project</h2>\nE   \nE   Note: Playwright Timeout. Element not found or action took too long.\n\nThe above exception was the direct cause of the following exception:\ntests/test_cases/tests_ui/test_project_structure_setup.py:113: in test_create_second_proj_via_ui\n    await steps.ui_create_first_proj_from_main_page(\ntests/reporting_hooks/reporting.py:58: in wrapper\n    raise AssertionError(formatted_msg) from e\nE   AssertionError: [AssertionError] during step: Create first project from main page\nE   Message: [TimeoutError] during step: Wait for Create project popup disappear\nE   Message: Locator.wait_for: Timeout 60ms exceeded.\nE   Call log:\nE     - waiting for locator(\"h2\").filter(has_text=\"Create Project\") to be detached\nE       3 × locator resolved to visible <h2 class=\"p-8 text-h4\">Create Project</h2>\nE   \nE   Note: Playwright Timeout. Element not found or action took too long.","flaky":false,"newFailed":false,"newBroken":false,"newPassed":false,"retriesCount":0,"retriesStatusChange":false,"beforeStages":[{"name":"base_url","time":{"start":1760578308135,"stop":1760578308135,"duration":0},"status":"passed","steps":[],"attachments":[],"parameters":[],"shouldDisplayMessage":false,"stepsCount":0,"attachmentsCount":0,"hasContent":false,"attachmentStep":false},{"name":"event_loop_policy","time":{"start":1760578308136,"stop":1760578308136,"duration":0},"status":"passed","steps":[],"attachments":[],"parameters":[],"shouldDisplayMessage":false,"stepsCount":0,"attachmentsCount":0,"hasContent":false,"attachmentStep":false},{"name":"delete_output_dir","time":{"start":1760578308136,"stop":1760578308136,"duration":0},"status":"passed","steps":[],"attachments":[],"parameters":[],"shouldDisplayMessage":false,"stepsCount":0,"attachmentsCount":0,"hasContent":false,"attachmentStep":false},{"name":"pytestconfig","time":{"start":1760578308136,"stop":1760578308136,"duration":0},"status":"passed","steps":[],"attachments":[],"parameters":[],"shouldDisplayMessage":false,"stepsCount":0,"attachmentsCount":0,"hasContent":false,"attachmentStep":false},{"name":"delay_worker_start","time":{"start":1760578308136,"stop":1760578338137,"duration":30001},"status":"passed","steps":[],"attachments":[],"parameters":[],"shouldDisplayMessage":false,"stepsCount":0,"attachmentsCount":0,"hasContent":false,"attachmentStep":false},{"name":"_verify_url","time":{"start":1760578308136,"stop":1760578308136,"duration":0},"status":"passed","steps":[],"attachments":[],"parameters":[],"shouldDisplayMessage":false,"stepsCount":0,"attachmentsCount":0,"hasContent":false,"attachmentStep":false},{"name":"ensure_storage_directories","time":{"start":1760578338137,"stop":1760578338137,"duration":0},"status":"passed","steps":[],"attachments":[],"parameters":[],"shouldDisplayMessage":false,"stepsCount":0,"attachmentsCount":0,"hasContent":false,"attachmentStep":false},{"name":"test_config","time":{"start":1760586213965,"stop":1760586213969,"duration":4},"status":"passed","steps":[],"attachments":[],"parameters":[],"shouldDisplayMessage":false,"stepsCount":0,"attachmentsCount":0,"hasContent":false,"attachmentStep":false},{"name":"_function_scoped_runner","time":{"start":1760586213969,"stop":1760586213969,"duration":0},"status":"passed","steps":[],"attachments":[],"parameters":[],"shouldDisplayMessage":false,"stepsCount":0,"attachmentsCount":0,"hasContent":false,"attachmentStep":false},{"name":"page_manager","time":{"start":1760586213969,"stop":1760586216447,"duration":2478},"status":"passed","steps":[],"attachments":[{"uid":"5dd55e0bb1042aa2","name":"HTTP 200 - GET config","source":"5dd55e0bb1042aa2.txt","type":"text/plain","size":673}],"parameters":[],"shouldDisplayMessage":false,"stepsCount":0,"attachmentsCount":1,"hasContent":true,"attachmentStep":false},{"name":"users_manager","time":{"start":1760586216447,"stop":1760586216447,"duration":0},"status":"passed","steps":[],"attachments":[],"parameters":[],"shouldDisplayMessage":false,"stepsCount":0,"attachmentsCount":0,"hasContent":false,"attachmentStep":false},{"name":"data_manager","time":{"start":1760586216447,"stop":1760586216447,"duration":0},"status":"passed","steps":[],"attachments":[],"parameters":[],"shouldDisplayMessage":false,"stepsCount":0,"attachmentsCount":0,"hasContent":false,"attachmentStep":false},{"name":"api_helper","time":{"start":1760586216447,"stop":1760586216448,"duration":1},"status":"passed","steps":[],"attachments":[],"parameters":[],"shouldDisplayMessage":false,"stepsCount":0,"attachmentsCount":0,"hasContent":false,"attachmentStep":false},{"name":"add_page_manager","time":{"start":1760586216448,"stop":1760586216449,"duration":1},"status":"passed","steps":[],"attachments":[],"parameters":[],"shouldDisplayMessage":false,"stepsCount":0,"attachmentsCount":0,"hasContent":false,"attachmentStep":false},{"name":"apolo_cli","time":{"start":1760586216448,"stop":1760586216448,"duration":0},"status":"passed","steps":[],"attachments":[],"parameters":[],"shouldDisplayMessage":false,"stepsCount":0,"attachmentsCount":0,"hasContent":false,"attachmentStep":false},{"name":"setup_cleanup","time":{"start":1760586216448,"stop":1760586216448,"duration":0},"status":"passed","steps":[],"attachments":[],"parameters":[],"shouldDisplayMessage":false,"stepsCount":0,"attachmentsCount":0,"hasContent":false,"attachmentStep":false},{"name":"_inject_fixtures","time":{"start":1760586216449,"stop":1760586216449,"duration":0},"status":"passed","steps":[],"attachments":[],"parameters":[],"shouldDisplayMessage":false,"stepsCount":0,"attachmentsCount":0,"hasContent":false,"attachmentStep":false},{"name":"setup","time":{"start":1760586216449,"stop":1760586216449,"duration":0},"status":"passed","steps":[],"attachments":[],"parameters":[],"shouldDisplayMessage":false,"stepsCount":0,"attachmentsCount":0,"hasContent":false,"attachmentStep":false}],"testStage":{"description":"\n- Login with valid credentials.\n- Create new organization via **API**.\n- Create new project.\n\n### Verify that:\n\n- User can create second project in organization.\n","descriptionHtml":"<div style='line-height:1.6;'><ul>\n<li>Login with valid credentials.</li>\n<li>Create new organization via <strong>API</strong>.</li>\n<li>Create new project.</li>\n</ul>\n<h3>Verify that:</h3>\n<ul>\n<li>User can create second project in organization.</li>\n</ul></div>","status":"failed","statusMessage":"AssertionError: [AssertionError] during step: Create first project from main page\nMessage: [TimeoutError] during step: Wait for Create project popup disappear\nMessage: Locator.wait_for: Timeout 60ms exceeded.\nCall log:\n  - waiting for locator(\"h2\").filter(has_text=\"Create Project\") to be detached\n    3 × locator resolved to visible <h2 class=\"p-8 text-h4\">Create Project</h2>\n\nNote: Playwright Timeout. Element not found or action took too long.","statusTrace":"tests/reporting_hooks/reporting.py:49: in wrapper\n    result = await func(*args, **kwargs)\n             ^^^^^^^^^^^^^^^^^^^^^^^^^^^\ntests/test_cases/steps/ui_steps/page_steps_impl/create_proj_popup_steps.py:36: in ui_wait_to_disappear\n    await self._pm.create_proj_popup.wait_to_disappear(org_name=org_name)\ntests/components/ui/pages/create_project_popup.py:83: in wait_to_disappear\n    await self._get_create_proj_title().locator.wait_for(\n.venv/lib/python3.13/site-packages/playwright/async_api/_generated.py:17876: in wait_for\n    await self._impl_obj.wait_for(timeout=timeout, state=state)\n.venv/lib/python3.13/site-packages/playwright/_impl/_locator.py:692: in wait_for\n    await self._frame.wait_for_selector(\n.venv/lib/python3.13/site-packages/playwright/_impl/_frame.py:369: in wait_for_selector\n    await self._channel.send(\n.venv/lib/python3.13/site-packages/playwright/_impl/_connection.py:69: in send\n    return await self._connection.wrap_api_call(\n.venv/lib/python3.13/site-packages/playwright/_impl/_connection.py:558: in wrap_api_call\n    raise rewrite_error(error, f\"{parsed_st['apiName']}: {error}\") from None\nE   playwright._impl._errors.TimeoutError: Locator.wait_for: Timeout 60ms exceeded.\nE   Call log:\nE     - waiting for locator(\"h2\").filter(has_text=\"Create Project\") to be detached\nE       3 × locator resolved to visible <h2 class=\"p-8 text-h4\">Create Project</h2>\n\nThe above exception was the direct cause of the following exception:\ntests/reporting_hooks/reporting.py:49: in wrapper\n    result = await func(*args, **kwargs)\n             ^^^^^^^^^^^^^^^^^^^^^^^^^^^\ntests/test_cases/steps/ui_steps/ui_steps.py:245: in ui_create_first_proj_from_main_page\n    await self.create_proj_popup.ui_wait_to_disappear(org_name=org_name)\ntests/reporting_hooks/reporting.py:58: in wrapper\n    raise AssertionError(formatted_msg) from e\nE   AssertionError: [TimeoutError] during step: Wait for Create project popup disappear\nE   Message: Locator.wait_for: Timeout 60ms exceeded.\nE   Call log:\nE     - waiting for locator(\"h2\").filter(has_text=\"Create Project\") to be detached\nE       3 × locator resolved to visible <h2 class=\"p-8 text-h4\">Create Project</h2>\nE   \nE   Note: Playwright Timeout. Element not found or action took too long.\n\nThe above exception was the direct cause of the following exception:\ntests/test_cases/tests_ui/test_project_structure_setup.py:113: in test_create_second_proj_via_ui\n    await steps.ui_create_first_proj_from_main_page(\ntests/reporting_hooks/reporting.py:58: in wrapper\n    raise AssertionError(formatted_msg) from e\nE   AssertionError: [AssertionError] during step: Create first project from main page\nE   Message: [TimeoutError] during step: Wait for Create project popup disappear\nE   Message: Locator.wait_for: Timeout 60ms exceeded.\nE   Call log:\nE     - waiting for locator(\"h2\").filter(has_text=\"Create Project\") to be detached\nE       3 × locator resolved to visible <h2 class=\"p-8 text-h4\">Create Project</h2>\nE   \nE   Note: Playwright Timeout. Element not found or action took too long.","steps":[{"name":"Login via UI","time":{"start":1760586216450,"stop":1760586222238,"duration":5788},"status":"passed","steps":[{"name":"Click login button","time":{"start":1760586216450,"stop":1760586217551,"duration":1101},"status":"passed","steps":[],"attachments":[{"uid":"16cd926e4b1aa65f","name":"Page URL","source":"16cd926e4b1aa65f.txt","type":"text/plain","size":33},{"uid":"96534be4d9d14fb8","name":"Screenshot: Click login button (success)","source":"96534be4d9d14fb8.png","type":"image/png","size":41567}],"parameters":[],"shouldDisplayMessage":false,"stepsCount":0,"attachmentsCount":2,"hasContent":true,"attachmentStep":false},{"name":"Enter email","time":{"start":1760586217551,"stop":1760586217883,"duration":332},"status":"passed","steps":[],"attachments":[{"uid":"f4e0b5ce16563709","name":"Page URL","source":"f4e0b5ce16563709.txt","type":"text/plain","size":215},{"uid":"bcf7b96999b2b2f5","name":"Screenshot: Enter email (success)","source":"bcf7b96999b2b2f5.png","type":"image/png","size":46558}],"parameters":[],"shouldDisplayMessage":false,"stepsCount":0,"attachmentsCount":2,"hasContent":true,"attachmentStep":false},{"name":"Enter password","time":{"start":1760586217883,"stop":1760586218217,"duration":334},"status":"passed","steps":[],"attachments":[{"uid":"c3785f3a69a2c6fc","name":"Page URL","source":"c3785f3a69a2c6fc.txt","type":"text/plain","size":215},{"uid":"3f3089274ae62d09","name":"Screenshot: Enter password (success)","source":"3f3089274ae62d09.png","type":"image/png","size":46680}],"parameters":[],"shouldDisplayMessage":false,"stepsCount":0,"attachmentsCount":2,"hasContent":true,"attachmentStep":false},{"name":"Click Continue button","time":{"start":1760586218217,"stop":1760586221002,"duration":2785},"status":"passed","steps":[],"attachments":[{"uid":"1dde5824922248e7","name":"Page URL","source":"1dde5824922248e7.txt","type":"text/plain","size":215},{"uid":"ec64d89a4736c8e7","name":"HTTP 200 - GET config","source":"ec64d89a4736c8e7.txt","type":"text/plain","size":771},{"uid":"9bbc58d8a65436fe","name":"HTTP 200 - GET permissions?uri=blob:","source":"9bbc58d8a65436fe.txt","type":"text/plain","size":182},{"uid":"1d731a81cb45ed08","name":"HTTP 200 - GET incoming","source":"1d731a81cb45ed08.txt","type":"text/plain","size":156},{"uid":"4d3fb4f4fce2764c","name":"HTTP 200 - GET regression-x2pdgkua0m?include=orgs","source":"4d3fb4f4fce2764c.txt","type":"text/plain","size":379},{"uid":"d433748d104269","name":"HTTP 200 - GET regression-x2pdgkua0m?include=clusters&include=system_role","source":"d433748d104269.txt","type":"text/plain","size":407},{"uid":"907198e99a517f30","name":"Screenshot: Click Continue button (success)","source":"907198e99a517f30.png","type":"image/png","size":51556}],"parameters":[],"shouldDisplayMessage":false,"stepsCount":0,"attachmentsCount":7,"hasContent":true,"attachmentStep":false},{"name":"Verify that Welcome new user page displayed","time":{"start":1760586221013,"stop":1760586222124,"duration":1111},"status":"passed","steps":[],"attachments":[{"uid":"2bba849c1c626cf4","name":"Page URL","source":"2bba849c1c626cf4.txt","type":"text/plain","size":44},{"uid":"de933112159d7254","name":"Screenshot: Verify that Welcome new user page displayed (success)","source":"de933112159d7254.png","type":"image/png","size":160328}],"parameters":[],"shouldDisplayMessage":false,"stepsCount":0,"attachmentsCount":2,"hasContent":true,"attachmentStep":false}],"attachments":[{"uid":"1d9d5bda1e6c4f03","name":"Page URL","source":"1d9d5bda1e6c4f03.txt","type":"text/plain","size":33},{"uid":"9243aa0e8b05ae5c","name":"Screenshot: Login via UI (success)","source":"9243aa0e8b05ae5c.png","type":"image/png","size":160328}],"parameters":[],"shouldDisplayMessage":false,"stepsCount":5,"attachmentsCount":17,"hasContent":true,"attachmentStep":false},{"name":"Add organization via API and reload page","time":{"start":1760586222238,"stop":1760586239933,"duration":17695},"status":"passed","steps":[{"name":"Reload page","time":{"start":1760586232390,"stop":1760586239851,"duration":7461},"status":"passed","steps":[],"attachments":[{"uid":"fe08aeaa769bcaa4","name":"Page URL","source":"fe08aeaa769bcaa4.txt","type":"text/plain","size":44},{"uid":"e1f547929964a2e5","name":"HTTP 200 - GET config","source":"e1f547929964a2e5.txt","type":"text/plain","size":2137},{"uid":"e77afc1904379683","name":"HTTP 200 - GET permissions?uri=blob:","source":"e77afc1904379683.txt","type":"text/plain","size":255},{"uid":"50aca40728f65d8a","name":"HTTP 200 - GET incoming","source":"50aca40728f65d8a.txt","type":"text/plain","size":156},{"uid":"8cf7ed4c81b55463","name":"HTTP 200 - GET regression-x2pdgkua0m?include=orgs","source":"8cf7ed4c81b55463.txt","type":"text/plain","size":474},{"uid":"75a37837c38b964f","name":"HTTP 200 - GET regression-x2pdgkua0m?include=clusters&include=system_role","source":"75a37837c38b964f.txt","type":"text/plain","size":529},{"uid":"4d317fd4c134750f","name":"HTTP 200 - GET regression-org-fp29qnizrs2s","source":"4d317fd4c134750f.txt","type":"text/plain","size":444},{"uid":"114bd8bd6cce645d","name":"HTTP 200 - GET tags","source":"114bd8bd6cce645d.txt","type":"text/plain","size":867},{"uid":"1b1c86767c008260","name":"Screenshot: Reload page (success)","source":"1b1c86767c008260.png","type":"image/png","size":57454}],"parameters":[],"shouldDisplayMessage":false,"stepsCount":0,"attachmentsCount":9,"hasContent":true,"attachmentStep":false}],"attachments":[{"uid":"656322f87b46b735","name":"Page URL","source":"656322f87b46b735.txt","type":"text/plain","size":44},{"uid":"82506dc72ef5ea83","name":"Screenshot: Add organization via API and reload page (success)","source":"82506dc72ef5ea83.png","type":"image/png","size":57454}],"parameters":[],"shouldDisplayMessage":false,"stepsCount":1,"attachmentsCount":11,"hasContent":true,"attachmentStep":false},{"name":"Create first project from main page","time":{"start":1760586239933,"stop":1760586243879,"duration":3946},"status":"failed","statusMessage":"AssertionError: [AssertionError] during step: Create first project from main page\nMessage: [TimeoutError] during step: Wait for Create project popup disappear\nMessage: Locator.wait_for: Timeout 60ms exceeded.\nCall log:\n  - waiting for locator(\"h2\").filter(has_text=\"Create Project\") to be detached\n    3 × locator resolved to visible <h2 class=\"p-8 text-h4\">Create Project</h2>\n\nNote: Playwright Timeout. Element not found or action took too long.\n","statusTrace":"  File \"/home/runner/work/apolo-test-automation/apolo-test-automation/tests/reporting_hooks/reporting.py\", line 58, in wrapper\n    raise AssertionError(formatted_msg) from e\n","steps":[{"name":"Click Create project button on the main page","time":{"start":1760586239933,"stop":1760586240923,"duration":990},"status":"passed","steps":[],"attachments":[{"uid":"a4f3173f762b24cc","name":"Page URL","source":"a4f3173f762b24cc.txt","type":"text/plain","size":81},{"uid":"8e3d2049b33888a6","name":"Screenshot: Click Create project button on the main page (success)","source":"8e3d2049b33888a6.png","type":"image/png","size":75319}],"parameters":[],"shouldDisplayMessage":false,"stepsCount":0,"attachmentsCount":2,"hasContent":true,"attachmentStep":false},{"name":"Verify Create project popup displayed","time":{"start":1760586240923,"stop":1760586241057,"duration":134},"status":"passed","steps":[],"attachments":[{"uid":"691dcb058d7d707","name":"Page URL","source":"691dcb058d7d707.txt","type":"text/plain","size":81},{"uid":"939022805bdb8001","name":"Screenshot: Verify Create project popup displayed (success)","source":"939022805bdb8001.png","type":"image/png","size":75336}],"parameters":[],"shouldDisplayMessage":false,"stepsCount":0,"attachmentsCount":2,"hasContent":true,"attachmentStep":false},{"name":"Enter project name","time":{"start":1760586241057,"stop":1760586241423,"duration":366},"status":"passed","steps":[],"attachments":[{"uid":"1e4d456110e1ee36","name":"Page URL","source":"1e4d456110e1ee36.txt","type":"text/plain","size":81},{"uid":"8fdb7cd77fc38628","name":"Screenshot: Enter project name (success)","source":"8fdb7cd77fc38628.png","type":"image/png","size":78844}],"parameters":[],"shouldDisplayMessage":false,"stepsCount":0,"attachmentsCount":2,"hasContent":true,"attachmentStep":false},{"name":"Select user role","time":{"start":1760586241423,"stop":1760586241522,"duration":99},"status":"passed","steps":[],"attachments":[{"uid":"874223bdbe20f3e0","name":"Page URL","source":"874223bdbe20f3e0.txt","type":"text/plain","size":81},{"uid":"e29e8eb49becf2a0","name":"Screenshot: Select user role (success)","source":"e29e8eb49becf2a0.png","type":"image/png","size":78844}],"parameters":[],"shouldDisplayMessage":false,"stepsCount":0,"attachmentsCount":2,"hasContent":true,"attachmentStep":false},{"name":"Click Create button","time":{"start":1760586241522,"stop":1760586243573,"duration":2051},"status":"passed","steps":[],"attachments":[{"uid":"d22c9f296820b8e6","name":"Page URL","source":"d22c9f296820b8e6.txt","type":"text/plain","size":81},{"uid":"ac9ad4773b3366b0","name":"HTTP 404 - GET regression-proj-byqiacjm0e","source":"ac9ad4773b3366b0.txt","type":"text/plain","size":340},{"uid":"f8e74d4bc8138b71","name":"Screenshot: Click Create button (success)","source":"f8e74d4bc8138b71.png","type":"image/png","size":77786}],"parameters":[],"shouldDisplayMessage":false,"stepsCount":0,"attachmentsCount":3,"hasContent":true,"attachmentStep":false},{"name":"Wait for Create project popup disappear","time":{"start":1760586243573,"stop":1760586243768,"duration":195},"status":"failed","statusMessage":"AssertionError: [TimeoutError] during step: Wait for Create project popup disappear\nMessage: Locator.wait_for: Timeout 60ms exceeded.\nCall log:\n  - waiting for locator(\"h2\").filter(has_text=\"Create Project\") to be detached\n    3 × locator resolved to visible <h2 class=\"p-8 text-h4\">Create Project</h2>\n\nNote: Playwright Timeout. Element not found or action took too long.\n","statusTrace":"  File \"/home/runner/work/apolo-test-automation/apolo-test-automation/tests/reporting_hooks/reporting.py\", line 58, in wrapper\n    raise AssertionError(formatted_msg) from e\n","steps":[],"attachments":[{"uid":"ead13f22889e1165","name":"Page URL","source":"ead13f22889e1165.txt","type":"text/plain","size":81},{"uid":"4a38539ed79f2e57","name":"Screenshot: Wait for Create project popup disappear (fail)","source":"4a38539ed79f2e57.png","type":"image/png","size":77717}],"parameters":[],"shouldDisplayMessage":true,"stepsCount":0,"attachmentsCount":2,"hasContent":true,"attachmentStep":false}],"attachments":[{"uid":"1ce1977c7c9f33b2","name":"Page URL","source":"1ce1977c7c9f33b2.txt","type":"text/plain","size":81},{"uid":"ee581897e4aa105d","name":"Screenshot: Create first project from main page (fail)","source":"ee581897e4aa105d.png","type":"image/png","size":77643}],"parameters":[],"shouldDisplayMessage":true,"stepsCount":6,"attachmentsCount":15,"hasContent":true,"attachmentStep":false}],"attachments":[{"uid":"b1f73708724742ce","name":"log","source":"b1f73708724742ce.txt","type":"text/plain","size":28616}],"parameters":[],"shouldDisplayMessage":true,"stepsCount":15,"attachmentsCount":44,"hasContent":true,"attachmentStep":false},"afterStages":[{"name":"add_page_manager::finalizer","time":{"start":1760586244044,"stop":1760586244044,"duration":0},"status":"passed","steps":[],"attachments":[],"parameters":[],"shouldDisplayMessage":false,"stepsCount":0,"attachmentsCount":0,"hasContent":false,"attachmentStep":false},{"name":"setup_cleanup::finalizer","time":{"start":1760586244044,"stop":1760586244045,"duration":1},"status":"passed","steps":[],"attachments":[],"parameters":[],"shouldDisplayMessage":false,"stepsCount":0,"attachmentsCount":0,"hasContent":false,"attachmentStep":false},{"name":"setup_cleanup::finalizer","time":{"start":1760586244045,"stop":1760586248263,"duration":4218},"status":"passed","steps":[{"name":"Post-test cleanup","time":{"start":1760586244045,"stop":1760586248263,"duration":4218},"status":"passed","steps":[{"name":"Delete organisation: regression-org-fp29qnizrs2s","time":{"start":1760586247385,"stop":1760586248214,"duration":829},"status":"passed","steps":[{"name":"Delete project: regression-proj-byqiacjm0e","time":{"start":1760586247459,"stop":1760586247708,"duration":249},"status":"passed","steps":[],"attachments":[{"uid":"73e9eb91fe2c18f8","name":"HTTP 200 - GET config","source":"73e9eb91fe2c18f8.txt","type":"text/plain","size":2137}],"parameters":[],"shouldDisplayMessage":false,"stepsCount":0,"attachmentsCount":1,"hasContent":true,"attachmentStep":false}],"attachments":[{"uid":"ec3a0c7f0ec86e7c","name":"HTTP 200 - GET templates?page=1&size=50","source":"ec3a0c7f0ec86e7c.txt","type":"text/plain","size":2161}],"parameters":[],"shouldDisplayMessage":false,"stepsCount":1,"attachmentsCount":2,"hasContent":true,"attachmentStep":false}],"attachments":[{"uid":"8be3398ae54e9d65","name":"HTTP 201 - POST projects","source":"8be3398ae54e9d65.txt","type":"text/plain","size":444},{"uid":"bc23ad61542e0021","name":"HTTP 200 - GET instances?org=regression-org-fp29qnizrs2s&project=regression-proj-byqiacjm0e&cluster=default&size=100","source":"bc23ad61542e0021.txt","type":"text/plain","size":290},{"uid":"3e4e7ed9c8ee7870","name":"HTTP 200 - GET templates","source":"3e4e7ed9c8ee7870.txt","type":"text/plain","size":2146}],"parameters":[],"shouldDisplayMessage":false,"stepsCount":2,"attachmentsCount":5,"hasContent":true,"attachmentStep":false}],"attachments":[],"parameters":[],"shouldDisplayMessage":false,"stepsCount":3,"attachmentsCount":5,"hasContent":true,"attachmentStep":false},{"name":"api_helper::finalizer","time":{"start":1760586248264,"stop":1760586248264,"duration":0},"status":"passed","steps":[],"attachments":[],"parameters":[],"shouldDisplayMessage":false,"stepsCount":0,"attachmentsCount":0,"hasContent":false,"attachmentStep":false},{"name":"_function_scoped_runner::0","time":{"start":1760586248265,"stop":1760586248266,"duration":1},"status":"passed","steps":[],"attachments":[],"parameters":[],"shouldDisplayMessage":false,"stepsCount":0,"attachmentsCount":0,"hasContent":false,"attachmentStep":false}],"labels":[{"name":"suite","value":"UI Project Structure Setup"},{"name":"parentSuite","value":"UI Tests"},{"name":"tag","value":"asyncio"},{"name":"subSuite","value":"TestUIProjectStructureSetup"},{"name":"host","value":"runnervmwhb2z"},{"name":"thread","value":"3611-MainThread"},{"name":"framework","value":"pytest"},{"name":"language","value":"cpython3"},{"name":"package","value":"tests.test_cases.tests_ui.test_project_structure_setup"},{"name":"resultFormat","value":"allure2"}],"parameters":[],"links":[],"hidden":true,"retry":true,"extra":{"categories":[],"tags":["asyncio"]},"source":"22105ee8d00d024d.json","parameterValues":[]}