{"uid":"2a464a4de0e7f0a9","name":"Verify Admin can remove Reader from project","fullName":"tests.test_cases.tests_ui.test_project_remove_members.TestUIProjectRemoveMembers#test_admin_remove_reader_from_proj","historyId":"ebf80bd5e404fb3ec79a7817c6109d41","time":{"start":1767490603570,"stop":1767490758693,"duration":155123},"description":"\n- Login with valid credentials.\n- Create new organization via **API**.\n- Create new project via **API**.\n- Signup `second user`.\n- Invite `second user` to organization via **API**.\n- Invite `second user` to project with `Reader` role.\n\n### Verify that:\n\n- `Admin` can remove `Reader` from `project`.\n","descriptionHtml":"<div style='line-height:1.6;'><ul>\n<li>Login with valid credentials.</li>\n<li>Create new organization via <strong>API</strong>.</li>\n<li>Create new project via <strong>API</strong>.</li>\n<li>Signup <span style='background-color:#D3D3D3; padding:2px 4px; border-radius:3px; font-family:monospace;'>second user</span>.</li>\n<li>Invite <span style='background-color:#D3D3D3; padding:2px 4px; border-radius:3px; font-family:monospace;'>second user</span> to organization via <strong>API</strong>.</li>\n<li>Invite <span style='background-color:#D3D3D3; padding:2px 4px; border-radius:3px; font-family:monospace;'>second user</span> to project with <span style='background-color:#D3D3D3; padding:2px 4px; border-radius:3px; font-family:monospace;'>Reader</span> role.</li>\n</ul>\n<h3>Verify that:</h3>\n<ul>\n<li><span style='background-color:#D3D3D3; padding:2px 4px; border-radius:3px; font-family:monospace;'>Admin</span> can remove <span style='background-color:#D3D3D3; padding:2px 4px; border-radius:3px; font-family:monospace;'>Reader</span> from <span style='background-color:#D3D3D3; padding:2px 4px; border-radius:3px; font-family:monospace;'>project</span>.</li>\n</ul></div>","status":"failed","statusMessage":"AssertionError: [AssertionError] during step: <<User2>> :: Get second user\nMessage: [AssertionError] during step: <<User2>> :: Signup new user via UI and activate email verification link\nMessage: [AssertionError] during step: <<User2>> :: Verify that User agreement pop up displayed\nMessage: User agreement popup should be displayed!","statusTrace":"tests/reporting_hooks/reporting.py:49: in wrapper\n    result = await func(*args, **kwargs)\n             ^^^^^^^^^^^^^^^^^^^^^^^^^^^\ntests/test_cases/steps/ui_steps/page_steps_impl/main_page_steps.py:31: in verify_ui_terms_of_agreement_displayed\n    assert await self._pm.main_page.is_user_agreement_title_displayed(), (\n           ^^^^^^^^^^^^^^^^^^^^^^^^^^^^^^^^^^^^^^^^^^^^^^^^^^^^^^^^^^^^\nE   AssertionError: User agreement popup should be displayed!\n\nThe above exception was the direct cause of the following exception:\ntests/reporting_hooks/reporting.py:49: in wrapper\n    result = await func(*args, **kwargs)\n             ^^^^^^^^^^^^^^^^^^^^^^^^^^^\ntests/test_cases/steps/ui_steps/ui_steps.py:133: in ui_signup_new_user_ver_link\n    await self.main_page.verify_ui_terms_of_agreement_displayed()\ntests/reporting_hooks/reporting.py:58: in wrapper\n    raise AssertionError(formatted_msg) from e\nE   AssertionError: [AssertionError] during step: <<User2>> :: Verify that User agreement pop up displayed\nE   Message: User agreement popup should be displayed!\n\nThe above exception was the direct cause of the following exception:\ntests/reporting_hooks/reporting.py:49: in wrapper\n    result = await func(*args, **kwargs)\n             ^^^^^^^^^^^^^^^^^^^^^^^^^^^\ntests/test_cases/steps/ui_steps/ui_steps.py:152: in ui_get_second_user\n    user = await self.ui_signup_new_user_ver_link()\n           ^^^^^^^^^^^^^^^^^^^^^^^^^^^^^^^^^^^^^^^^\ntests/reporting_hooks/reporting.py:58: in wrapper\n    raise AssertionError(formatted_msg) from e\nE   AssertionError: [AssertionError] during step: <<User2>> :: Signup new user via UI and activate email verification link\nE   Message: [AssertionError] during step: <<User2>> :: Verify that User agreement pop up displayed\nE   Message: User agreement popup should be displayed!\n\nThe above exception was the direct cause of the following exception:\ntests/test_cases/tests_ui/test_project_remove_members.py:37: in test_admin_remove_reader_from_proj\n    second_user = await u2_steps.ui_get_second_user()\n                  ^^^^^^^^^^^^^^^^^^^^^^^^^^^^^^^^^^^\ntests/reporting_hooks/reporting.py:58: in wrapper\n    raise AssertionError(formatted_msg) from e\nE   AssertionError: [AssertionError] during step: <<User2>> :: Get second user\nE   Message: [AssertionError] during step: <<User2>> :: Signup new user via UI and activate email verification link\nE   Message: [AssertionError] during step: <<User2>> :: Verify that User agreement pop up displayed\nE   Message: User agreement popup should be displayed!","flaky":true,"newFailed":true,"newBroken":false,"newPassed":false,"retriesCount":1,"retriesStatusChange":false,"beforeStages":[{"name":"base_url","time":{"start":1767490360756,"stop":1767490360756,"duration":0},"status":"passed","steps":[],"attachments":[],"parameters":[],"shouldDisplayMessage":false,"stepsCount":0,"attachmentsCount":0,"hasContent":false,"attachmentStep":false},{"name":"_verify_url","time":{"start":1767490360756,"stop":1767490360756,"duration":0},"status":"passed","steps":[],"attachments":[],"parameters":[],"shouldDisplayMessage":false,"stepsCount":0,"attachmentsCount":0,"hasContent":false,"attachmentStep":false},{"name":"ensure_storage_directories","time":{"start":1767490360756,"stop":1767490360757,"duration":1},"status":"passed","steps":[],"attachments":[],"parameters":[],"shouldDisplayMessage":false,"stepsCount":0,"attachmentsCount":0,"hasContent":false,"attachmentStep":false},{"name":"delete_output_dir","time":{"start":1767490360756,"stop":1767490360756,"duration":0},"status":"passed","steps":[],"attachments":[],"parameters":[],"shouldDisplayMessage":false,"stepsCount":0,"attachmentsCount":0,"hasContent":false,"attachmentStep":false},{"name":"event_loop_policy","time":{"start":1767490360756,"stop":1767490360756,"duration":0},"status":"passed","steps":[],"attachments":[],"parameters":[],"shouldDisplayMessage":false,"stepsCount":0,"attachmentsCount":0,"hasContent":false,"attachmentStep":false},{"name":"pytestconfig","time":{"start":1767490360756,"stop":1767490360756,"duration":0},"status":"passed","steps":[],"attachments":[],"parameters":[],"shouldDisplayMessage":false,"stepsCount":0,"attachmentsCount":0,"hasContent":false,"attachmentStep":false},{"name":"delay_worker_start","time":{"start":1767490360756,"stop":1767490360756,"duration":0},"status":"passed","steps":[],"attachments":[],"parameters":[],"shouldDisplayMessage":false,"stepsCount":0,"attachmentsCount":0,"hasContent":false,"attachmentStep":false},{"name":"test_config","time":{"start":1767490573227,"stop":1767490573230,"duration":3},"status":"passed","steps":[],"attachments":[],"parameters":[],"shouldDisplayMessage":false,"stepsCount":0,"attachmentsCount":0,"hasContent":false,"attachmentStep":false},{"name":"_function_scoped_runner","time":{"start":1767490573230,"stop":1767490573230,"duration":0},"status":"passed","steps":[],"attachments":[],"parameters":[],"shouldDisplayMessage":false,"stepsCount":0,"attachmentsCount":0,"hasContent":false,"attachmentStep":false},{"name":"page_manager","time":{"start":1767490573230,"stop":1767490603568,"duration":30338},"status":"passed","steps":[],"attachments":[],"parameters":[],"shouldDisplayMessage":false,"stepsCount":0,"attachmentsCount":0,"hasContent":false,"attachmentStep":false},{"name":"users_manager","time":{"start":1767490603568,"stop":1767490603568,"duration":0},"status":"passed","steps":[],"attachments":[],"parameters":[],"shouldDisplayMessage":false,"stepsCount":0,"attachmentsCount":0,"hasContent":false,"attachmentStep":false},{"name":"data_manager","time":{"start":1767490603568,"stop":1767490603568,"duration":0},"status":"passed","steps":[],"attachments":[],"parameters":[],"shouldDisplayMessage":false,"stepsCount":0,"attachmentsCount":0,"hasContent":false,"attachmentStep":false},{"name":"api_helper","time":{"start":1767490603568,"stop":1767490603569,"duration":1},"status":"passed","steps":[],"attachments":[],"parameters":[],"shouldDisplayMessage":false,"stepsCount":0,"attachmentsCount":0,"hasContent":false,"attachmentStep":false},{"name":"_inject_fixtures","time":{"start":1767490603569,"stop":1767490603570,"duration":1},"status":"passed","steps":[],"attachments":[],"parameters":[],"shouldDisplayMessage":false,"stepsCount":0,"attachmentsCount":0,"hasContent":false,"attachmentStep":false},{"name":"setup_cleanup","time":{"start":1767490603569,"stop":1767490603569,"duration":0},"status":"passed","steps":[],"attachments":[],"parameters":[],"shouldDisplayMessage":false,"stepsCount":0,"attachmentsCount":0,"hasContent":false,"attachmentStep":false},{"name":"apolo_cli","time":{"start":1767490603569,"stop":1767490603569,"duration":0},"status":"passed","steps":[],"attachments":[],"parameters":[],"shouldDisplayMessage":false,"stepsCount":0,"attachmentsCount":0,"hasContent":false,"attachmentStep":false},{"name":"add_page_manager","time":{"start":1767490603569,"stop":1767490603569,"duration":0},"status":"passed","steps":[],"attachments":[],"parameters":[],"shouldDisplayMessage":false,"stepsCount":0,"attachmentsCount":0,"hasContent":false,"attachmentStep":false},{"name":"setup","time":{"start":1767490603570,"stop":1767490603570,"duration":0},"status":"passed","steps":[],"attachments":[],"parameters":[],"shouldDisplayMessage":false,"stepsCount":0,"attachmentsCount":0,"hasContent":false,"attachmentStep":false}],"testStage":{"description":"\n- Login with valid credentials.\n- Create new organization via **API**.\n- Create new project via **API**.\n- Signup `second user`.\n- Invite `second user` to organization via **API**.\n- Invite `second user` to project with `Reader` role.\n\n### Verify that:\n\n- `Admin` can remove `Reader` from `project`.\n","descriptionHtml":"<div style='line-height:1.6;'><ul>\n<li>Login with valid credentials.</li>\n<li>Create new organization via <strong>API</strong>.</li>\n<li>Create new project via <strong>API</strong>.</li>\n<li>Signup <span style='background-color:#D3D3D3; padding:2px 4px; border-radius:3px; font-family:monospace;'>second user</span>.</li>\n<li>Invite <span style='background-color:#D3D3D3; padding:2px 4px; border-radius:3px; font-family:monospace;'>second user</span> to organization via <strong>API</strong>.</li>\n<li>Invite <span style='background-color:#D3D3D3; padding:2px 4px; border-radius:3px; font-family:monospace;'>second user</span> to project with <span style='background-color:#D3D3D3; padding:2px 4px; border-radius:3px; font-family:monospace;'>Reader</span> role.</li>\n</ul>\n<h3>Verify that:</h3>\n<ul>\n<li><span style='background-color:#D3D3D3; padding:2px 4px; border-radius:3px; font-family:monospace;'>Admin</span> can remove <span style='background-color:#D3D3D3; padding:2px 4px; border-radius:3px; font-family:monospace;'>Reader</span> from <span style='background-color:#D3D3D3; padding:2px 4px; border-radius:3px; font-family:monospace;'>project</span>.</li>\n</ul></div>","status":"failed","statusMessage":"AssertionError: [AssertionError] during step: <<User2>> :: Get second user\nMessage: [AssertionError] during step: <<User2>> :: Signup new user via UI and activate email verification link\nMessage: [AssertionError] during step: <<User2>> :: Verify that User agreement pop up displayed\nMessage: User agreement popup should be displayed!","statusTrace":"tests/reporting_hooks/reporting.py:49: in wrapper\n    result = await func(*args, **kwargs)\n             ^^^^^^^^^^^^^^^^^^^^^^^^^^^\ntests/test_cases/steps/ui_steps/page_steps_impl/main_page_steps.py:31: in verify_ui_terms_of_agreement_displayed\n    assert await self._pm.main_page.is_user_agreement_title_displayed(), (\n           ^^^^^^^^^^^^^^^^^^^^^^^^^^^^^^^^^^^^^^^^^^^^^^^^^^^^^^^^^^^^\nE   AssertionError: User agreement popup should be displayed!\n\nThe above exception was the direct cause of the following exception:\ntests/reporting_hooks/reporting.py:49: in wrapper\n    result = await func(*args, **kwargs)\n             ^^^^^^^^^^^^^^^^^^^^^^^^^^^\ntests/test_cases/steps/ui_steps/ui_steps.py:133: in ui_signup_new_user_ver_link\n    await self.main_page.verify_ui_terms_of_agreement_displayed()\ntests/reporting_hooks/reporting.py:58: in wrapper\n    raise AssertionError(formatted_msg) from e\nE   AssertionError: [AssertionError] during step: <<User2>> :: Verify that User agreement pop up displayed\nE   Message: User agreement popup should be displayed!\n\nThe above exception was the direct cause of the following exception:\ntests/reporting_hooks/reporting.py:49: in wrapper\n    result = await func(*args, **kwargs)\n             ^^^^^^^^^^^^^^^^^^^^^^^^^^^\ntests/test_cases/steps/ui_steps/ui_steps.py:152: in ui_get_second_user\n    user = await self.ui_signup_new_user_ver_link()\n           ^^^^^^^^^^^^^^^^^^^^^^^^^^^^^^^^^^^^^^^^\ntests/reporting_hooks/reporting.py:58: in wrapper\n    raise AssertionError(formatted_msg) from e\nE   AssertionError: [AssertionError] during step: <<User2>> :: Signup new user via UI and activate email verification link\nE   Message: [AssertionError] during step: <<User2>> :: Verify that User agreement pop up displayed\nE   Message: User agreement popup should be displayed!\n\nThe above exception was the direct cause of the following exception:\ntests/test_cases/tests_ui/test_project_remove_members.py:37: in test_admin_remove_reader_from_proj\n    second_user = await u2_steps.ui_get_second_user()\n                  ^^^^^^^^^^^^^^^^^^^^^^^^^^^^^^^^^^^\ntests/reporting_hooks/reporting.py:58: in wrapper\n    raise AssertionError(formatted_msg) from e\nE   AssertionError: [AssertionError] during step: <<User2>> :: Get second user\nE   Message: [AssertionError] during step: <<User2>> :: Signup new user via UI and activate email verification link\nE   Message: [AssertionError] during step: <<User2>> :: Verify that User agreement pop up displayed\nE   Message: User agreement popup should be displayed!","steps":[{"name":"Login via UI","time":{"start":1767490603570,"stop":1767490722293,"duration":118723},"status":"passed","steps":[{"name":"Verify that Auth page displayed","time":{"start":1767490603571,"stop":1767490707006,"duration":103435},"status":"passed","steps":[],"attachments":[{"uid":"117cd41a18bf7557","name":"Page URL","source":"117cd41a18bf7557.txt","type":"text/plain","size":11},{"uid":"ae3d53f2dc48d3ff","name":"HTTP 200 - GET config","source":"ae3d53f2dc48d3ff.txt","type":"text/plain","size":673},{"uid":"b71ee5942d654363","name":"Screenshot: Verify that Auth page displayed (success)","source":"b71ee5942d654363.png","type":"image/png","size":88563}],"parameters":[],"shouldDisplayMessage":false,"stepsCount":0,"attachmentsCount":3,"hasContent":true,"attachmentStep":false},{"name":"Click login button","time":{"start":1767490707007,"stop":1767490708026,"duration":1019},"status":"passed","steps":[],"attachments":[{"uid":"53a210691e4669ea","name":"Page URL","source":"53a210691e4669ea.txt","type":"text/plain","size":33},{"uid":"565991e5c3da5d99","name":"Screenshot: Click login button (success)","source":"565991e5c3da5d99.png","type":"image/png","size":41524}],"parameters":[],"shouldDisplayMessage":false,"stepsCount":0,"attachmentsCount":2,"hasContent":true,"attachmentStep":false},{"name":"Verify that Login page displayed","time":{"start":1767490708027,"stop":1767490708113,"duration":86},"status":"passed","steps":[],"attachments":[{"uid":"67f6272b7292b4e7","name":"Page URL","source":"67f6272b7292b4e7.txt","type":"text/plain","size":215},{"uid":"2de5d2aa6e7099f9","name":"Screenshot: Verify that Login page displayed (success)","source":"2de5d2aa6e7099f9.png","type":"image/png","size":41524}],"parameters":[],"shouldDisplayMessage":false,"stepsCount":0,"attachmentsCount":2,"hasContent":true,"attachmentStep":false},{"name":"Enter email","time":{"start":1767490708113,"stop":1767490708415,"duration":302},"status":"passed","steps":[],"attachments":[{"uid":"3596acf43e136d46","name":"Page URL","source":"3596acf43e136d46.txt","type":"text/plain","size":215},{"uid":"9699fce8d82b641e","name":"Screenshot: Enter email (success)","source":"9699fce8d82b641e.png","type":"image/png","size":45843}],"parameters":[],"shouldDisplayMessage":false,"stepsCount":0,"attachmentsCount":2,"hasContent":true,"attachmentStep":false},{"name":"Enter password","time":{"start":1767490708415,"stop":1767490708730,"duration":315},"status":"passed","steps":[],"attachments":[{"uid":"b5defaa6f1175665","name":"Page URL","source":"b5defaa6f1175665.txt","type":"text/plain","size":215},{"uid":"c61a408adac8b89a","name":"Screenshot: Enter password (success)","source":"c61a408adac8b89a.png","type":"image/png","size":45966}],"parameters":[],"shouldDisplayMessage":false,"stepsCount":0,"attachmentsCount":2,"hasContent":true,"attachmentStep":false},{"name":"Click Continue button","time":{"start":1767490708730,"stop":1767490721129,"duration":12399},"status":"passed","steps":[],"attachments":[{"uid":"8debd993cb213fc3","name":"Page URL","source":"8debd993cb213fc3.txt","type":"text/plain","size":215},{"uid":"a71bf6a9e2d4c27d","name":"HTTP 200 - GET config","source":"a71bf6a9e2d4c27d.txt","type":"text/plain","size":832},{"uid":"21577aac46da1470","name":"HTTP 200 - GET permissions?uri=blob:","source":"21577aac46da1470.txt","type":"text/plain","size":182},{"uid":"765fce398641a097","name":"HTTP 200 - GET incoming","source":"765fce398641a097.txt","type":"text/plain","size":156},{"uid":"ad57609e85d9d08e","name":"HTTP 200 - GET regression-mzn1vqkpeo?include=orgs","source":"ad57609e85d9d08e.txt","type":"text/plain","size":379},{"uid":"cac438576482af5f","name":"HTTP 200 - GET regression-mzn1vqkpeo?include=clusters&include=system_role","source":"cac438576482af5f.txt","type":"text/plain","size":407},{"uid":"332064ed3bba323a","name":"Screenshot: Click Continue button (success)","source":"332064ed3bba323a.png","type":"image/png","size":159276}],"parameters":[],"shouldDisplayMessage":false,"stepsCount":0,"attachmentsCount":7,"hasContent":true,"attachmentStep":false},{"name":"Verify that Welcome new user page displayed","time":{"start":1767490721138,"stop":1767490722220,"duration":1082},"status":"passed","steps":[],"attachments":[{"uid":"74c8fcfb01c0de6","name":"Page URL","source":"74c8fcfb01c0de6.txt","type":"text/plain","size":44},{"uid":"65efbe1abe51c0ab","name":"Screenshot: Verify that Welcome new user page displayed (success)","source":"65efbe1abe51c0ab.png","type":"image/png","size":159276}],"parameters":[],"shouldDisplayMessage":false,"stepsCount":0,"attachmentsCount":2,"hasContent":true,"attachmentStep":false}],"attachments":[{"uid":"d044fe9cbc86697d","name":"Page URL","source":"d044fe9cbc86697d.txt","type":"text/plain","size":11},{"uid":"467535237108aaa3","name":"Screenshot: Login via UI (success)","source":"467535237108aaa3.png","type":"image/png","size":159276}],"parameters":[],"shouldDisplayMessage":false,"stepsCount":7,"attachmentsCount":22,"hasContent":true,"attachmentStep":false},{"name":"<<User2>> :: Get second user","time":{"start":1767490722950,"stop":1767490758692,"duration":35742},"status":"failed","statusMessage":"AssertionError: [AssertionError] during step: <<User2>> :: Get second user\nMessage: [AssertionError] during step: <<User2>> :: Signup new user via UI and activate email verification link\nMessage: [AssertionError] during step: <<User2>> :: Verify that User agreement pop up displayed\nMessage: User agreement popup should be displayed!\n","statusTrace":"  File \"/home/runner/work/apolo-test-automation/apolo-test-automation/tests/reporting_hooks/reporting.py\", line 58, in wrapper\n    raise AssertionError(formatted_msg) from e\n","steps":[{"name":"<<User2>> :: Signup new user via UI and activate email verification link","time":{"start":1767490722950,"stop":1767490758641,"duration":35691},"status":"failed","statusMessage":"AssertionError: [AssertionError] during step: <<User2>> :: Signup new user via UI and activate email verification link\nMessage: [AssertionError] during step: <<User2>> :: Verify that User agreement pop up displayed\nMessage: User agreement popup should be displayed!\n","statusTrace":"  File \"/home/runner/work/apolo-test-automation/apolo-test-automation/tests/reporting_hooks/reporting.py\", line 58, in wrapper\n    raise AssertionError(formatted_msg) from e\n","steps":[{"name":"<<User2>> :: Click signup button","time":{"start":1767490722951,"stop":1767490723962,"duration":1011},"status":"passed","steps":[],"attachments":[{"uid":"149c0fd0e3d1157d","name":"Page URL","source":"149c0fd0e3d1157d.txt","type":"text/plain","size":29},{"uid":"b7f4c9e5037a4568","name":"HTTP 200 - GET config","source":"b7f4c9e5037a4568.txt","type":"text/plain","size":673},{"uid":"cfa6dc9d57221799","name":"Screenshot: <<User2>> :: Click signup button (success)","source":"cfa6dc9d57221799.png","type":"image/png","size":39018}],"parameters":[],"shouldDisplayMessage":false,"stepsCount":0,"attachmentsCount":3,"hasContent":true,"attachmentStep":false},{"name":"<<User2>> :: Enter email","time":{"start":1767490723962,"stop":1767490724281,"duration":319},"status":"passed","steps":[],"attachments":[{"uid":"6d8d16cb4604920b","name":"Page URL","source":"6d8d16cb4604920b.txt","type":"text/plain","size":216},{"uid":"b35bc0116a9217c8","name":"Screenshot: <<User2>> :: Enter email (success)","source":"b35bc0116a9217c8.png","type":"image/png","size":43512}],"parameters":[],"shouldDisplayMessage":false,"stepsCount":0,"attachmentsCount":2,"hasContent":true,"attachmentStep":false},{"name":"<<User2>> :: Enter password","time":{"start":1767490724281,"stop":1767490724581,"duration":300},"status":"passed","steps":[],"attachments":[{"uid":"56efce25434c4542","name":"Page URL","source":"56efce25434c4542.txt","type":"text/plain","size":216},{"uid":"b1e2377cbe89d522","name":"Screenshot: <<User2>> :: Enter password (success)","source":"b1e2377cbe89d522.png","type":"image/png","size":62285}],"parameters":[],"shouldDisplayMessage":false,"stepsCount":0,"attachmentsCount":2,"hasContent":true,"attachmentStep":false},{"name":"<<User2>> :: Click continue button","time":{"start":1767490724581,"stop":1767490726759,"duration":2178},"status":"passed","steps":[],"attachments":[{"uid":"f349f5a4946c4ad2","name":"Page URL","source":"f349f5a4946c4ad2.txt","type":"text/plain","size":216},{"uid":"1c41b5a377341963","name":"Screenshot: <<User2>> :: Click continue button (success)","source":"1c41b5a377341963.png","type":"image/png","size":10741}],"parameters":[],"shouldDisplayMessage":false,"stepsCount":0,"attachmentsCount":2,"hasContent":true,"attachmentStep":false},{"name":"<<User2>> :: Verify that Verify email message displayed","time":{"start":1767490726759,"stop":1767490727820,"duration":1061},"status":"passed","steps":[],"attachments":[{"uid":"b0374e5140d75d43","name":"Page URL","source":"b0374e5140d75d43.txt","type":"text/plain","size":194},{"uid":"da3093bc2653a0e0","name":"HTTP 200 - GET config","source":"da3093bc2653a0e0.txt","type":"text/plain","size":673},{"uid":"46ec5ea1630c6c85","name":"Screenshot: <<User2>> :: Verify that Verify email message displayed (success)","source":"46ec5ea1630c6c85.png","type":"image/png","size":28211}],"parameters":[],"shouldDisplayMessage":false,"stepsCount":0,"attachmentsCount":3,"hasContent":true,"attachmentStep":false},{"name":"Verify user email with the activation link","time":{"start":1767490727820,"stop":1767490729363,"duration":1543},"status":"passed","steps":[{"name":"<<User2>> :: Navigate to URL","time":{"start":1767490728223,"stop":1767490729144,"duration":921},"status":"passed","steps":[],"attachments":[{"uid":"a33f1f5d73ee6087","name":"Page URL","source":"a33f1f5d73ee6087.txt","type":"text/plain","size":184},{"uid":"2b4160e2f084b044","name":"Screenshot: <<User2>> :: Navigate to URL (success)","source":"2b4160e2f084b044.png","type":"image/png","size":22507}],"parameters":[],"shouldDisplayMessage":false,"stepsCount":0,"attachmentsCount":2,"hasContent":true,"attachmentStep":false}],"attachments":[],"parameters":[],"shouldDisplayMessage":false,"stepsCount":1,"attachmentsCount":2,"hasContent":true,"attachmentStep":false},{"name":"<<User2>> :: Navigate to URL","time":{"start":1767490729364,"stop":1767490730951,"duration":1587},"status":"passed","steps":[],"attachments":[{"uid":"5cd17fefb857bca5","name":"Page URL","source":"5cd17fefb857bca5.txt","type":"text/plain","size":87},{"uid":"2c9e9ee618343463","name":"HTTP 200 - GET config","source":"2c9e9ee618343463.txt","type":"text/plain","size":673},{"uid":"2c36e41cdc8dbd2f","name":"Screenshot: <<User2>> :: Navigate to URL (success)","source":"2c36e41cdc8dbd2f.png","type":"image/png","size":88563}],"parameters":[],"shouldDisplayMessage":false,"stepsCount":0,"attachmentsCount":3,"hasContent":true,"attachmentStep":false},{"name":"<<User2>> :: Verify that Auth page displayed","time":{"start":1767490730951,"stop":1767490731015,"duration":64},"status":"passed","steps":[],"attachments":[{"uid":"fe71c57e413d5f07","name":"Page URL","source":"fe71c57e413d5f07.txt","type":"text/plain","size":33},{"uid":"39493b39786c2a9b","name":"Screenshot: <<User2>> :: Verify that Auth page displayed (success)","source":"39493b39786c2a9b.png","type":"image/png","size":88563}],"parameters":[],"shouldDisplayMessage":false,"stepsCount":0,"attachmentsCount":2,"hasContent":true,"attachmentStep":false},{"name":"<<User2>> :: Click login button","time":{"start":1767490731015,"stop":1767490732346,"duration":1331},"status":"passed","steps":[],"attachments":[{"uid":"e0faab112a5451c9","name":"Page URL","source":"e0faab112a5451c9.txt","type":"text/plain","size":33},{"uid":"e23ddc4170dcf192","name":"HTTP 404 - HEAD regression-muahxxv9jt","source":"e23ddc4170dcf192.txt","type":"text/plain","size":179},{"uid":"fa7b111d35345357","name":"Screenshot: <<User2>> :: Click login button (success)","source":"fa7b111d35345357.png","type":"image/png","size":37096}],"parameters":[],"shouldDisplayMessage":false,"stepsCount":0,"attachmentsCount":3,"hasContent":true,"attachmentStep":false},{"name":"<<User2>> :: Verify that Signup username page displayed","time":{"start":1767490732346,"stop":1767490733411,"duration":1065},"status":"passed","steps":[],"attachments":[{"uid":"50f3eec48eb9bbed","name":"Page URL","source":"50f3eec48eb9bbed.txt","type":"text/plain","size":362},{"uid":"95b86e65285cc9e","name":"Screenshot: <<User2>> :: Verify that Signup username page displayed (success)","source":"95b86e65285cc9e.png","type":"image/png","size":37169}],"parameters":[],"shouldDisplayMessage":false,"stepsCount":0,"attachmentsCount":2,"hasContent":true,"attachmentStep":false},{"name":"<<User2>> :: Enter username","time":{"start":1767490733412,"stop":1767490734212,"duration":800},"status":"passed","steps":[],"attachments":[{"uid":"c44a237c38d4c301","name":"Page URL","source":"c44a237c38d4c301.txt","type":"text/plain","size":362},{"uid":"71a53a2d32a8c4bf","name":"HTTP 404 - HEAD ","source":"71a53a2d32a8c4bf.txt","type":"text/plain","size":158},{"uid":"1bcc92bde56bfd51","name":"HTTP 404 - HEAD regression-muahxxv9jt","source":"1bcc92bde56bfd51.txt","type":"text/plain","size":179},{"uid":"dfdc80c5bf76b901","name":"Screenshot: <<User2>> :: Enter username (success)","source":"dfdc80c5bf76b901.png","type":"image/png","size":37468}],"parameters":[],"shouldDisplayMessage":false,"stepsCount":0,"attachmentsCount":4,"hasContent":true,"attachmentStep":false},{"name":"<<User2>> :: Click signup button on Signup username page","time":{"start":1767490734212,"stop":1767490748490,"duration":14278},"status":"passed","steps":[],"attachments":[{"uid":"3e87ed58b323a44c","name":"Page URL","source":"3e87ed58b323a44c.txt","type":"text/plain","size":362},{"uid":"9c95bb77691151ce","name":"HTTP 200 - GET config","source":"9c95bb77691151ce.txt","type":"text/plain","size":673},{"uid":"82b74cc4bedd574d","name":"Screenshot: <<User2>> :: Click signup button on Signup username page (success)","source":"82b74cc4bedd574d.png","type":"image/png","size":28633}],"parameters":[],"shouldDisplayMessage":false,"stepsCount":0,"attachmentsCount":3,"hasContent":true,"attachmentStep":false},{"name":"<<User2>> :: Verify that User agreement pop up displayed","time":{"start":1767490748490,"stop":1767490758578,"duration":10088},"status":"failed","statusMessage":"AssertionError: [AssertionError] during step: <<User2>> :: Verify that User agreement pop up displayed\nMessage: User agreement popup should be displayed!\n","statusTrace":"  File \"/home/runner/work/apolo-test-automation/apolo-test-automation/tests/reporting_hooks/reporting.py\", line 58, in wrapper\n    raise AssertionError(formatted_msg) from e\n","steps":[],"attachments":[{"uid":"8f9641015c6f5015","name":"Page URL","source":"8f9641015c6f5015.txt","type":"text/plain","size":222},{"uid":"51df699b351a8a60","name":"Screenshot: <<User2>> :: Verify that User agreement pop up displayed (fail)","source":"51df699b351a8a60.png","type":"image/png","size":28633}],"parameters":[],"shouldDisplayMessage":true,"stepsCount":0,"attachmentsCount":2,"hasContent":true,"attachmentStep":false}],"attachments":[{"uid":"a81f30bda45c241f","name":"Page URL","source":"a81f30bda45c241f.txt","type":"text/plain","size":29},{"uid":"643837c45b965fd7","name":"Screenshot: <<User2>> :: Signup new user via UI and activate email verification link (fail)","source":"643837c45b965fd7.png","type":"image/png","size":28633}],"parameters":[],"shouldDisplayMessage":true,"stepsCount":14,"attachmentsCount":35,"hasContent":true,"attachmentStep":false}],"attachments":[{"uid":"30c07052f54fabb6","name":"Page URL","source":"30c07052f54fabb6.txt","type":"text/plain","size":29},{"uid":"67d86bd54ebe63dc","name":"Screenshot: <<User2>> :: Get second user (fail)","source":"67d86bd54ebe63dc.png","type":"image/png","size":28633}],"parameters":[],"shouldDisplayMessage":true,"stepsCount":15,"attachmentsCount":37,"hasContent":true,"attachmentStep":false}],"attachments":[{"uid":"cb0c70993c64df83","name":"log","source":"cb0c70993c64df83.txt","type":"text/plain","size":63747}],"parameters":[],"shouldDisplayMessage":true,"stepsCount":24,"attachmentsCount":60,"hasContent":true,"attachmentStep":false},"afterStages":[{"name":"setup_cleanup::finalizer","time":{"start":1767490758727,"stop":1767490758727,"duration":0},"status":"passed","steps":[],"attachments":[],"parameters":[],"shouldDisplayMessage":false,"stepsCount":0,"attachmentsCount":0,"hasContent":false,"attachmentStep":false},{"name":"setup_cleanup::finalizer","time":{"start":1767490758727,"stop":1767490763020,"duration":4293},"status":"passed","steps":[{"name":"Post-test cleanup","time":{"start":1767490758727,"stop":1767490763020,"duration":4293},"status":"passed","steps":[],"attachments":[{"uid":"90ee235f92b00d31","name":"Cleanup note","source":"90ee235f92b00d31.txt","type":"text/plain","size":29}],"parameters":[],"shouldDisplayMessage":false,"stepsCount":0,"attachmentsCount":1,"hasContent":true,"attachmentStep":false}],"attachments":[],"parameters":[],"shouldDisplayMessage":false,"stepsCount":1,"attachmentsCount":1,"hasContent":true,"attachmentStep":false},{"name":"add_page_manager::finalizer","time":{"start":1767490758727,"stop":1767490758727,"duration":0},"status":"passed","steps":[],"attachments":[],"parameters":[],"shouldDisplayMessage":false,"stepsCount":0,"attachmentsCount":0,"hasContent":false,"attachmentStep":false},{"name":"api_helper::finalizer","time":{"start":1767490763020,"stop":1767490763021,"duration":1},"status":"passed","steps":[],"attachments":[],"parameters":[],"shouldDisplayMessage":false,"stepsCount":0,"attachmentsCount":0,"hasContent":false,"attachmentStep":false},{"name":"_function_scoped_runner::0","time":{"start":1767490763022,"stop":1767490763022,"duration":0},"status":"passed","steps":[],"attachments":[],"parameters":[],"shouldDisplayMessage":false,"stepsCount":0,"attachmentsCount":0,"hasContent":false,"attachmentStep":false}],"labels":[{"name":"suite","value":"UI Project Remove Members"},{"name":"parentSuite","value":"UI Tests"},{"name":"tag","value":"asyncio"},{"name":"subSuite","value":"TestUIProjectRemoveMembers"},{"name":"host","value":"runnervmh13bl"},{"name":"thread","value":"3007-MainThread"},{"name":"framework","value":"pytest"},{"name":"language","value":"cpython3"},{"name":"package","value":"tests.test_cases.tests_ui.test_project_remove_members"},{"name":"resultFormat","value":"allure2"}],"parameters":[],"links":[],"hidden":false,"retry":false,"extra":{"severity":"normal","retries":[{"uid":"9f7b74a0b45f0f5b","status":"failed","statusDetails":"AssertionError: [AssertionError] during step: <<User2>> :: Get second user\nMessage: [AssertionError] during step: <<User2>> :: Signup new user via UI and activate email verification link\nMessage: [TimeoutError] during step: <<User2>> :: Click signup button on Signup username page\nMessage: Locator.click: Timeout 30000ms exceeded.\nCall log:\n  - waiting for locator(\"button\").filter(has_text=\"Sign up\")\n\nNote: Playwright Timeout. Element not found or action took too long.","time":{"start":1767490382646,"stop":1767490558781,"duration":176135}}],"categories":[{"name":"Product defects","matchedStatuses":[],"flaky":false}],"history":{"statistic":{"failed":17,"broken":0,"skipped":0,"passed":139,"unknown":0,"total":156},"items":[{"uid":"77e4a5d9a5ea980b","status":"passed","time":{"start":1767403912973,"stop":1767404026934,"duration":113961}},{"uid":"2fe11885be4cda12","status":"failed","statusDetails":"AssertionError: [AssertionError] during step: <<User2>> :: Verify project creation message is displayed\nMessage: Organization regression-org-bw29x4yjopgo does not have a project creation message","time":{"start":1767317781569,"stop":1767317983585,"duration":202016}},{"uid":"834f47531a218c9c","status":"failed","statusDetails":"AssertionError: [AssertionError] during step: Verify user is not displayed in users list\nMessage: User regression-vdm65xddfo should not be displayed in the project users list!","time":{"start":1767231271231,"stop":1767231412807,"duration":141576}},{"uid":"83493f6640adb417","status":"passed","time":{"start":1767144744057,"stop":1767144840554,"duration":96497}},{"uid":"96185ab28ea472ae","status":"passed","time":{"start":1767058589596,"stop":1767058678773,"duration":89177}},{"uid":"fe4a8dd84c7abc65","status":"passed","time":{"start":1766971974194,"stop":1766972108970,"duration":134776}},{"uid":"f409cba1a22309e1","status":"failed","statusDetails":"AssertionError: [AssertionError] during step: <<User2>> :: Get second user\nMessage: [AssertionError] during step: <<User2>> :: Signup new user via UI and activate email verification link\nMessage: [AssertionError] during step: <<User2>> :: Verify that User agreement pop up displayed\nMessage: User agreement popup should be displayed!","time":{"start":1766885745853,"stop":1766885798738,"duration":52885}},{"uid":"d8b4b787d221fded","status":"passed","time":{"start":1766799120528,"stop":1766799221460,"duration":100932}},{"uid":"1e4b566421d7d6b7","status":"passed","time":{"start":1766712886726,"stop":1766713016492,"duration":129766}},{"uid":"ffca240ec17e52aa","status":"passed","time":{"start":1766626353781,"stop":1766626525108,"duration":171327}},{"uid":"15ee0e6c157fd9d2","status":"passed","time":{"start":1766539935580,"stop":1766540053991,"duration":118411}},{"uid":"b69c18b9a157494a","status":"failed","statusDetails":"AssertionError: [AssertionError] during step: Add user to organization via API and reload page\nMessage: [AssertionError] during step: Reload page\nMessage: [Error] during step: Reload page\nMessage: Page.reload: net::ERR_ABORTED; maybe frame was detached?\nCall log:\n  - waiting for navigation until \"load\"","time":{"start":1766453608117,"stop":1766453809034,"duration":200917}},{"uid":"6906debdbad665d2","status":"passed","time":{"start":1766367285087,"stop":1766367384275,"duration":99188}},{"uid":"65f114d6fa3db9b8","status":"passed","time":{"start":1766280759093,"stop":1766280857553,"duration":98460}},{"uid":"2b4db06832d93608","status":"passed","time":{"start":1766194314418,"stop":1766194418083,"duration":103665}},{"uid":"dc640b536d8f2f97","status":"passed","time":{"start":1766107921710,"stop":1766108115552,"duration":193842}},{"uid":"c233f0cbc4e15a79","status":"passed","time":{"start":1766021669774,"stop":1766021778345,"duration":108571}},{"uid":"df9df04aefc546f2","status":"passed","time":{"start":1765935191158,"stop":1765935277802,"duration":86644}},{"uid":"617843995af87c52","status":"failed","statusDetails":"AssertionError: [AssertionError] during step: <<User2>> :: Get second user\nMessage: [AssertionError] during step: <<User2>> :: Signup new user via UI and activate email verification link\nMessage: [AssertionError] during step: <<User2>> :: Verify that User agreement pop up displayed\nMessage: User agreement popup should be displayed!","time":{"start":1765848955533,"stop":1765849008395,"duration":52862}},{"uid":"35e523fc92449022","status":"passed","time":{"start":1765762535235,"stop":1765762683132,"duration":147897}}]},"tags":["asyncio"]},"source":"2a464a4de0e7f0a9.json","parameterValues":[]}