{"uid":"2d6f3fbd402b8e5d","name":"Verify User can reach Installed apps page from app container via UI","fullName":"tests.test_cases.tests_e2e.test_shell_app.TestE2EShellApp#test_shell_installed_apps_from_container_via_ui","historyId":"dcbd513c1f11ea28fc82f6e8b0eab927","time":{"start":1765513579368,"stop":1765513579368,"duration":0},"description":"\n### Pre-conditions:\n- Shell app installed.\n\n### Steps:\n- Login with valid credentials.\n- Click `Show All` button on Shell App container.\n\n### Verify that:\n\n- Shell app displayed in Installed Apps.\n","descriptionHtml":"<div style='line-height:1.6;'><h3>Pre-conditions:</h3>\n<ul>\n<li>Shell app installed.</li>\n</ul>\n<h3>Steps:</h3>\n<ul>\n<li>Login with valid credentials.</li>\n<li>Click <span style='background-color:#D3D3D3; padding:2px 4px; border-radius:3px; font-family:monospace;'>Show All</span> button on Shell App container.</li>\n</ul>\n<h3>Verify that:</h3>\n<ul>\n<li>Shell app displayed in Installed Apps.</li>\n</ul></div>","status":"skipped","statusMessage":"Skipped: Shell app was not installed successfully","statusTrace":"('/home/runner/work/apolo-test-automation/apolo-test-automation/tests/test_cases/tests_e2e/test_shell_app.py', 213, 'Skipped: Shell app was not installed successfully')","flaky":false,"newFailed":false,"newBroken":false,"newPassed":false,"retriesCount":0,"retriesStatusChange":false,"beforeStages":[{"name":"delete_output_dir","time":{"start":1765503111270,"stop":1765503111270,"duration":0},"status":"passed","steps":[],"attachments":[],"parameters":[],"shouldDisplayMessage":false,"stepsCount":0,"attachmentsCount":0,"hasContent":false,"attachmentStep":false},{"name":"event_loop_policy","time":{"start":1765503111270,"stop":1765503111270,"duration":0},"status":"passed","steps":[],"attachments":[],"parameters":[],"shouldDisplayMessage":false,"stepsCount":0,"attachmentsCount":0,"hasContent":false,"attachmentStep":false},{"name":"pytestconfig","time":{"start":1765503111270,"stop":1765503111270,"duration":0},"status":"passed","steps":[],"attachments":[],"parameters":[],"shouldDisplayMessage":false,"stepsCount":0,"attachmentsCount":0,"hasContent":false,"attachmentStep":false},{"name":"delay_worker_start","time":{"start":1765503111270,"stop":1765503111271,"duration":1},"status":"passed","steps":[],"attachments":[],"parameters":[],"shouldDisplayMessage":false,"stepsCount":0,"attachmentsCount":0,"hasContent":false,"attachmentStep":false},{"name":"_verify_url","time":{"start":1765503111270,"stop":1765503111270,"duration":0},"status":"passed","steps":[],"attachments":[],"parameters":[],"shouldDisplayMessage":false,"stepsCount":0,"attachmentsCount":0,"hasContent":false,"attachmentStep":false},{"name":"base_url","time":{"start":1765503111270,"stop":1765503111270,"duration":0},"status":"passed","steps":[],"attachments":[],"parameters":[],"shouldDisplayMessage":false,"stepsCount":0,"attachmentsCount":0,"hasContent":false,"attachmentStep":false},{"name":"ensure_storage_directories","time":{"start":1765503111271,"stop":1765503111271,"duration":0},"status":"passed","steps":[],"attachments":[],"parameters":[],"shouldDisplayMessage":false,"stepsCount":0,"attachmentsCount":0,"hasContent":false,"attachmentStep":false},{"name":"test_config","time":{"start":1765513579368,"stop":1765513579372,"duration":4},"status":"passed","steps":[],"attachments":[],"parameters":[],"shouldDisplayMessage":false,"stepsCount":0,"attachmentsCount":0,"hasContent":false,"attachmentStep":false},{"name":"page_manager","time":{"start":1765513579372,"stop":1765513579928,"duration":556},"status":"passed","steps":[],"attachments":[],"parameters":[],"shouldDisplayMessage":false,"stepsCount":0,"attachmentsCount":0,"hasContent":false,"attachmentStep":false},{"name":"_function_scoped_runner","time":{"start":1765513579372,"stop":1765513579373,"duration":1},"status":"passed","steps":[],"attachments":[],"parameters":[],"shouldDisplayMessage":false,"stepsCount":0,"attachmentsCount":0,"hasContent":false,"attachmentStep":false},{"name":"data_manager","time":{"start":1765513579928,"stop":1765513579928,"duration":0},"status":"passed","steps":[],"attachments":[],"parameters":[],"shouldDisplayMessage":false,"stepsCount":0,"attachmentsCount":0,"hasContent":false,"attachmentStep":false},{"name":"users_manager","time":{"start":1765513579928,"stop":1765513579929,"duration":1},"status":"passed","steps":[],"attachments":[],"parameters":[],"shouldDisplayMessage":false,"stepsCount":0,"attachmentsCount":0,"hasContent":false,"attachmentStep":false},{"name":"api_helper","time":{"start":1765513579929,"stop":1765513579929,"duration":0},"status":"passed","steps":[],"attachments":[],"parameters":[],"shouldDisplayMessage":false,"stepsCount":0,"attachmentsCount":0,"hasContent":false,"attachmentStep":false},{"name":"apolo_cli","time":{"start":1765513579929,"stop":1765513579930,"duration":1},"status":"passed","steps":[],"attachments":[],"parameters":[],"shouldDisplayMessage":false,"stepsCount":0,"attachmentsCount":0,"hasContent":false,"attachmentStep":false},{"name":"setup_cleanup","time":{"start":1765513579930,"stop":1765513579930,"duration":0},"status":"passed","steps":[],"attachments":[],"parameters":[],"shouldDisplayMessage":false,"stepsCount":0,"attachmentsCount":0,"hasContent":false,"attachmentStep":false},{"name":"add_page_manager","time":{"start":1765513579930,"stop":1765513579931,"duration":1},"status":"passed","steps":[],"attachments":[],"parameters":[],"shouldDisplayMessage":false,"stepsCount":0,"attachmentsCount":0,"hasContent":false,"attachmentStep":false},{"name":"_inject_fixtures","time":{"start":1765513579931,"stop":1765513579931,"duration":0},"status":"passed","steps":[],"attachments":[],"parameters":[],"shouldDisplayMessage":false,"stepsCount":0,"attachmentsCount":0,"hasContent":false,"attachmentStep":false},{"name":"shell_status","time":{"start":1765513579931,"stop":1765513579931,"duration":0},"status":"skipped","statusMessage":"Skipped: Shell app was not installed successfully\n","statusTrace":"  File \"/home/runner/work/apolo-test-automation/apolo-test-automation/.venv/lib/python3.13/site-packages/pluggy/_callers.py\", line 38, in run_old_style_hookwrapper\n    res = yield\n          ^^^^^\n  File \"/home/runner/work/apolo-test-automation/apolo-test-automation/.venv/lib/python3.13/site-packages/pluggy/_callers.py\", line 139, in _multicall\n    teardown.throw(exception)\n    ~~~~~~~~~~~~~~^^^^^^^^^^^\n  File \"/home/runner/work/apolo-test-automation/apolo-test-automation/.venv/lib/python3.13/site-packages/pytest_asyncio/plugin.py\", line 730, in pytest_fixture_setup\n    return (yield)\n            ^^^^^\n  File \"/home/runner/work/apolo-test-automation/apolo-test-automation/.venv/lib/python3.13/site-packages/pluggy/_callers.py\", line 139, in _multicall\n    teardown.throw(exception)\n    ~~~~~~~~~~~~~~^^^^^^^^^^^\n  File \"/home/runner/work/apolo-test-automation/apolo-test-automation/.venv/lib/python3.13/site-packages/_pytest/setuponly.py\", line 36, in pytest_fixture_setup\n    return (yield)\n            ^^^^^\n  File \"/home/runner/work/apolo-test-automation/apolo-test-automation/.venv/lib/python3.13/site-packages/pluggy/_callers.py\", line 121, in _multicall\n    res = hook_impl.function(*args)\n  File \"/home/runner/work/apolo-test-automation/apolo-test-automation/.venv/lib/python3.13/site-packages/_pytest/fixtures.py\", line 1202, in pytest_fixture_setup\n    result = call_fixture_func(fixturefunc, request, kwargs)\n  File \"/home/runner/work/apolo-test-automation/apolo-test-automation/.venv/lib/python3.13/site-packages/_pytest/fixtures.py\", line 915, in call_fixture_func\n    fixture_result = fixturefunc(**kwargs)\n  File \"/home/runner/work/apolo-test-automation/apolo-test-automation/tests/test_cases/tests_e2e/test_shell_app.py\", line 32, in shell_status\n    pytest.skip(\"Shell app was not installed successfully\")\n    ~~~~~~~~~~~^^^^^^^^^^^^^^^^^^^^^^^^^^^^^^^^^^^^^^^^^^^^\n  File \"/home/runner/work/apolo-test-automation/apolo-test-automation/.venv/lib/python3.13/site-packages/_pytest/outcomes.py\", line 139, in __call__\n    raise Skipped(msg=reason, allow_module_level=allow_module_level)\n","steps":[],"attachments":[],"parameters":[],"shouldDisplayMessage":true,"stepsCount":0,"attachmentsCount":0,"hasContent":true,"attachmentStep":false},{"name":"setup","time":{"start":1765513579931,"stop":1765513579931,"duration":0},"status":"passed","steps":[],"attachments":[],"parameters":[],"shouldDisplayMessage":false,"stepsCount":0,"attachmentsCount":0,"hasContent":false,"attachmentStep":false}],"testStage":{"description":"\n### Pre-conditions:\n- Shell app installed.\n\n### Steps:\n- Login with valid credentials.\n- Click `Show All` button on Shell App container.\n\n### Verify that:\n\n- Shell app displayed in Installed Apps.\n","descriptionHtml":"<div style='line-height:1.6;'><h3>Pre-conditions:</h3>\n<ul>\n<li>Shell app installed.</li>\n</ul>\n<h3>Steps:</h3>\n<ul>\n<li>Login with valid credentials.</li>\n<li>Click <span style='background-color:#D3D3D3; padding:2px 4px; border-radius:3px; font-family:monospace;'>Show All</span> button on Shell App container.</li>\n</ul>\n<h3>Verify that:</h3>\n<ul>\n<li>Shell app displayed in Installed Apps.</li>\n</ul></div>","status":"skipped","statusMessage":"Skipped: Shell app was not installed successfully","statusTrace":"('/home/runner/work/apolo-test-automation/apolo-test-automation/tests/test_cases/tests_e2e/test_shell_app.py', 213, 'Skipped: Shell app was not installed successfully')","steps":[],"attachments":[{"uid":"7b0c678cacdb3043","name":"log","source":"7b0c678cacdb3043.txt","type":"text/plain","size":954}],"parameters":[],"shouldDisplayMessage":true,"stepsCount":0,"attachmentsCount":1,"hasContent":true,"attachmentStep":false},"afterStages":[{"name":"setup_cleanup::finalizer","time":{"start":1765513579935,"stop":1765513579936,"duration":1},"status":"passed","steps":[],"attachments":[],"parameters":[],"shouldDisplayMessage":false,"stepsCount":0,"attachmentsCount":0,"hasContent":false,"attachmentStep":false},{"name":"add_page_manager::finalizer","time":{"start":1765513579935,"stop":1765513579935,"duration":0},"status":"passed","steps":[],"attachments":[],"parameters":[],"shouldDisplayMessage":false,"stepsCount":0,"attachmentsCount":0,"hasContent":false,"attachmentStep":false},{"name":"setup_cleanup::finalizer","time":{"start":1765513579936,"stop":1765513579936,"duration":0},"status":"passed","steps":[],"attachments":[],"parameters":[],"shouldDisplayMessage":false,"stepsCount":0,"attachmentsCount":0,"hasContent":false,"attachmentStep":false},{"name":"api_helper::finalizer","time":{"start":1765513579936,"stop":1765513579936,"duration":0},"status":"passed","steps":[],"attachments":[],"parameters":[],"shouldDisplayMessage":false,"stepsCount":0,"attachmentsCount":0,"hasContent":false,"attachmentStep":false},{"name":"_function_scoped_runner::0","time":{"start":1765513579938,"stop":1765513579938,"duration":0},"status":"passed","steps":[],"attachments":[],"parameters":[],"shouldDisplayMessage":false,"stepsCount":0,"attachmentsCount":0,"hasContent":false,"attachmentStep":false}],"labels":[{"name":"parentSuite","value":"E2E Tests"},{"name":"suite","value":"Shell App"},{"name":"tag","value":"asyncio"},{"name":"tag","value":"class_setup"},{"name":"subSuite","value":"TestE2EShellApp"},{"name":"host","value":"runnervm6qbrg"},{"name":"thread","value":"3018-MainThread"},{"name":"framework","value":"pytest"},{"name":"language","value":"cpython3"},{"name":"package","value":"tests.test_cases.tests_e2e.test_shell_app"},{"name":"resultFormat","value":"allure2"}],"parameters":[],"links":[],"hidden":false,"retry":false,"extra":{"severity":"normal","retries":[],"categories":[],"history":{"statistic":{"failed":7,"broken":0,"skipped":25,"passed":50,"unknown":0,"total":82},"items":[{"uid":"f4a1438a8ab8d6f3","status":"skipped","statusDetails":"Skipped: Shell app was not installed successfully","time":{"start":1765339521113,"stop":1765339521113,"duration":0}},{"uid":"914a1996380093a","status":"passed","time":{"start":1765252298787,"stop":1765252355596,"duration":56809}},{"uid":"fc9a306f5abdc988","status":"passed","time":{"start":1765166300686,"stop":1765166358247,"duration":57561}},{"uid":"25d8488129498881","status":"passed","time":{"start":1765080124711,"stop":1765080181939,"duration":57228}},{"uid":"31474559d07b73f5","status":"passed","time":{"start":1764993725333,"stop":1764993784158,"duration":58825}},{"uid":"fec2d7051e0c7f83","status":"passed","time":{"start":1764907330008,"stop":1764907387219,"duration":57211}},{"uid":"a3c2f9e94292e1b5","status":"skipped","statusDetails":"Skipped: Shell app was not installed successfully","time":{"start":1764820455032,"stop":1764820455032,"duration":0}},{"uid":"54f90819e5fda06d","status":"passed","time":{"start":1764734613371,"stop":1764734681593,"duration":68222}},{"uid":"95e911cd09dcd84d","status":"passed","time":{"start":1764647845783,"stop":1764647912837,"duration":67054}},{"uid":"e4776ccabad60794","status":"passed","time":{"start":1764561127871,"stop":1764561194553,"duration":66682}},{"uid":"98197c16ee159bbe","status":"failed","statusDetails":"AssertionError: [AssertionError] during step: Verify Installed application displayed\nMessage: Installed app Shell-regression-lnei1e0w should be displayed!","time":{"start":1764474787036,"stop":1764474854686,"duration":67650}},{"uid":"e415ae5715f29394","status":"passed","time":{"start":1764388355382,"stop":1764388422451,"duration":67069}},{"uid":"b6a5b8b074619cda","status":"passed","time":{"start":1764302090857,"stop":1764302148525,"duration":57668}},{"uid":"50b2ff3ba1aed94b","status":"passed","time":{"start":1764215830684,"stop":1764215887599,"duration":56915}},{"uid":"4c98bda2b2218486","status":"passed","time":{"start":1764129068255,"stop":1764129126228,"duration":57973}},{"uid":"8e835926e5a762fb","status":"passed","time":{"start":1764043239112,"stop":1764043305264,"duration":66152}},{"uid":"da2f6038d6225a5","status":"skipped","statusDetails":"Skipped: Shell app was not installed successfully","time":{"start":1763956086828,"stop":1763956086828,"duration":0}},{"uid":"ab85764da2d40da9","status":"passed","time":{"start":1763869472929,"stop":1763869530641,"duration":57712}},{"uid":"b6de75fdc19160bc","status":"passed","time":{"start":1763782742928,"stop":1763782800967,"duration":58039}},{"uid":"b0d2e4d6b903f132","status":"passed","time":{"start":1763697546896,"stop":1763697605039,"duration":58143}}]},"tags":["asyncio","class_setup"]},"source":"2d6f3fbd402b8e5d.json","parameterValues":[]}