{"uid":"388ff5ec243e3bb9","name":"Invite not registered user to organization with default project via UI","fullName":"tests.test_cases.tests_ui.test_ui_signup.TestUISignup#test_invite_not_registered_user_to_org_with_default_proj","historyId":"205044e1a315fe03fbd376342afa1037","time":{"start":1766546352984,"stop":1766546398665,"duration":45681},"description":"\n- Login with valid credentials.\n- Create new organization.\n- Create project with `default` option.\n- Invite **not registered** user to organization.\n\n### Verify that:\n\n- Newly invited user automatically is member of default project.\n","descriptionHtml":"<div style='line-height:1.6;'><ul>\n<li>Login with valid credentials.</li>\n<li>Create new organization.</li>\n<li>Create project with <span style='background-color:#D3D3D3; padding:2px 4px; border-radius:3px; font-family:monospace;'>default</span> option.</li>\n<li>Invite <strong>not registered</strong> user to organization.</li>\n</ul>\n<h3>Verify that:</h3>\n<ul>\n<li>Newly invited user automatically is member of default project.</li>\n</ul></div>","status":"failed","statusMessage":"AssertionError: [AssertionError] during step: Create first project from main page\nMessage: [TimeoutError] during step: Wait for Create project popup disappear\nMessage: Locator.wait_for: Timeout 60ms exceeded.\nCall log:\n  - waiting for locator(\"h2\").filter(has_text=\"Create Project\") to be detached\n    3 × locator resolved to visible <h2 class=\"p-8 text-h4\">Create Project</h2>\n\nNote: Playwright Timeout. Element not found or action took too long.","statusTrace":"tests/reporting_hooks/reporting.py:49: in wrapper\n    result = await func(*args, **kwargs)\n             ^^^^^^^^^^^^^^^^^^^^^^^^^^^\ntests/test_cases/steps/ui_steps/page_steps_impl/create_proj_popup_steps.py:36: in ui_wait_to_disappear\n    await self._pm.create_proj_popup.wait_to_disappear(org_name=org_name)\ntests/components/ui/pages/create_project_popup.py:83: in wait_to_disappear\n    await self._get_create_proj_title().locator.wait_for(\n.venv/lib/python3.13/site-packages/playwright/async_api/_generated.py:17999: in wait_for\n    await self._impl_obj.wait_for(timeout=timeout, state=state)\n.venv/lib/python3.13/site-packages/playwright/_impl/_locator.py:710: in wait_for\n    await self._frame.wait_for_selector(\n.venv/lib/python3.13/site-packages/playwright/_impl/_frame.py:369: in wait_for_selector\n    await self._channel.send(\n.venv/lib/python3.13/site-packages/playwright/_impl/_connection.py:69: in send\n    return await self._connection.wrap_api_call(\n.venv/lib/python3.13/site-packages/playwright/_impl/_connection.py:559: in wrap_api_call\n    raise rewrite_error(error, f\"{parsed_st['apiName']}: {error}\") from None\nE   playwright._impl._errors.TimeoutError: Locator.wait_for: Timeout 60ms exceeded.\nE   Call log:\nE     - waiting for locator(\"h2\").filter(has_text=\"Create Project\") to be detached\nE       3 × locator resolved to visible <h2 class=\"p-8 text-h4\">Create Project</h2>\n\nThe above exception was the direct cause of the following exception:\ntests/reporting_hooks/reporting.py:49: in wrapper\n    result = await func(*args, **kwargs)\n             ^^^^^^^^^^^^^^^^^^^^^^^^^^^\ntests/test_cases/steps/ui_steps/ui_steps.py:247: in ui_create_first_proj_from_main_page\n    await self.create_proj_popup.ui_wait_to_disappear(org_name=org_name)\ntests/reporting_hooks/reporting.py:58: in wrapper\n    raise AssertionError(formatted_msg) from e\nE   AssertionError: [TimeoutError] during step: Wait for Create project popup disappear\nE   Message: Locator.wait_for: Timeout 60ms exceeded.\nE   Call log:\nE     - waiting for locator(\"h2\").filter(has_text=\"Create Project\") to be detached\nE       3 × locator resolved to visible <h2 class=\"p-8 text-h4\">Create Project</h2>\nE   \nE   Note: Playwright Timeout. Element not found or action took too long.\n\nThe above exception was the direct cause of the following exception:\ntests/test_cases/tests_ui/test_ui_signup.py:145: in test_invite_not_registered_user_to_org_with_default_proj\n    await steps.ui_create_first_proj_from_main_page(\ntests/reporting_hooks/reporting.py:58: in wrapper\n    raise AssertionError(formatted_msg) from e\nE   AssertionError: [AssertionError] during step: Create first project from main page\nE   Message: [TimeoutError] during step: Wait for Create project popup disappear\nE   Message: Locator.wait_for: Timeout 60ms exceeded.\nE   Call log:\nE     - waiting for locator(\"h2\").filter(has_text=\"Create Project\") to be detached\nE       3 × locator resolved to visible <h2 class=\"p-8 text-h4\">Create Project</h2>\nE   \nE   Note: Playwright Timeout. Element not found or action took too long.","flaky":false,"newFailed":false,"newBroken":false,"newPassed":false,"retriesCount":1,"retriesStatusChange":false,"beforeStages":[{"name":"pytestconfig","time":{"start":1766539909728,"stop":1766539909728,"duration":0},"status":"passed","steps":[],"attachments":[],"parameters":[],"shouldDisplayMessage":false,"stepsCount":0,"attachmentsCount":0,"hasContent":false,"attachmentStep":false},{"name":"base_url","time":{"start":1766539909728,"stop":1766539909728,"duration":0},"status":"passed","steps":[],"attachments":[],"parameters":[],"shouldDisplayMessage":false,"stepsCount":0,"attachmentsCount":0,"hasContent":false,"attachmentStep":false},{"name":"delete_output_dir","time":{"start":1766539909728,"stop":1766539909728,"duration":0},"status":"passed","steps":[],"attachments":[],"parameters":[],"shouldDisplayMessage":false,"stepsCount":0,"attachmentsCount":0,"hasContent":false,"attachmentStep":false},{"name":"delay_worker_start","time":{"start":1766539909728,"stop":1766539909729,"duration":1},"status":"passed","steps":[],"attachments":[],"parameters":[],"shouldDisplayMessage":false,"stepsCount":0,"attachmentsCount":0,"hasContent":false,"attachmentStep":false},{"name":"_verify_url","time":{"start":1766539909728,"stop":1766539909728,"duration":0},"status":"passed","steps":[],"attachments":[],"parameters":[],"shouldDisplayMessage":false,"stepsCount":0,"attachmentsCount":0,"hasContent":false,"attachmentStep":false},{"name":"event_loop_policy","time":{"start":1766539909728,"stop":1766539909728,"duration":0},"status":"passed","steps":[],"attachments":[],"parameters":[],"shouldDisplayMessage":false,"stepsCount":0,"attachmentsCount":0,"hasContent":false,"attachmentStep":false},{"name":"ensure_storage_directories","time":{"start":1766539909729,"stop":1766539909729,"duration":0},"status":"passed","steps":[],"attachments":[],"parameters":[],"shouldDisplayMessage":false,"stepsCount":0,"attachmentsCount":0,"hasContent":false,"attachmentStep":false},{"name":"test_config","time":{"start":1766546351908,"stop":1766546351981,"duration":73},"status":"passed","steps":[],"attachments":[],"parameters":[],"shouldDisplayMessage":false,"stepsCount":0,"attachmentsCount":0,"hasContent":false,"attachmentStep":false},{"name":"page_manager","time":{"start":1766546351981,"stop":1766546352980,"duration":999},"status":"passed","steps":[],"attachments":[],"parameters":[],"shouldDisplayMessage":false,"stepsCount":0,"attachmentsCount":0,"hasContent":false,"attachmentStep":false},{"name":"_function_scoped_runner","time":{"start":1766546351981,"stop":1766546351981,"duration":0},"status":"passed","steps":[],"attachments":[],"parameters":[],"shouldDisplayMessage":false,"stepsCount":0,"attachmentsCount":0,"hasContent":false,"attachmentStep":false},{"name":"users_manager","time":{"start":1766546352980,"stop":1766546352980,"duration":0},"status":"passed","steps":[],"attachments":[],"parameters":[],"shouldDisplayMessage":false,"stepsCount":0,"attachmentsCount":0,"hasContent":false,"attachmentStep":false},{"name":"data_manager","time":{"start":1766546352980,"stop":1766546352980,"duration":0},"status":"passed","steps":[],"attachments":[],"parameters":[],"shouldDisplayMessage":false,"stepsCount":0,"attachmentsCount":0,"hasContent":false,"attachmentStep":false},{"name":"api_helper","time":{"start":1766546352981,"stop":1766546352981,"duration":0},"status":"passed","steps":[],"attachments":[],"parameters":[],"shouldDisplayMessage":false,"stepsCount":0,"attachmentsCount":0,"hasContent":false,"attachmentStep":false},{"name":"apolo_cli","time":{"start":1766546352981,"stop":1766546352981,"duration":0},"status":"passed","steps":[],"attachments":[],"parameters":[],"shouldDisplayMessage":false,"stepsCount":0,"attachmentsCount":0,"hasContent":false,"attachmentStep":false},{"name":"setup_cleanup","time":{"start":1766546352982,"stop":1766546352982,"duration":0},"status":"passed","steps":[],"attachments":[],"parameters":[],"shouldDisplayMessage":false,"stepsCount":0,"attachmentsCount":0,"hasContent":false,"attachmentStep":false},{"name":"_inject_fixtures","time":{"start":1766546352983,"stop":1766546352983,"duration":0},"status":"passed","steps":[],"attachments":[],"parameters":[],"shouldDisplayMessage":false,"stepsCount":0,"attachmentsCount":0,"hasContent":false,"attachmentStep":false},{"name":"add_page_manager","time":{"start":1766546352983,"stop":1766546352983,"duration":0},"status":"passed","steps":[],"attachments":[],"parameters":[],"shouldDisplayMessage":false,"stepsCount":0,"attachmentsCount":0,"hasContent":false,"attachmentStep":false},{"name":"setup","time":{"start":1766546352983,"stop":1766546352983,"duration":0},"status":"passed","steps":[],"attachments":[],"parameters":[],"shouldDisplayMessage":false,"stepsCount":0,"attachmentsCount":0,"hasContent":false,"attachmentStep":false}],"testStage":{"description":"\n- Login with valid credentials.\n- Create new organization.\n- Create project with `default` option.\n- Invite **not registered** user to organization.\n\n### Verify that:\n\n- Newly invited user automatically is member of default project.\n","descriptionHtml":"<div style='line-height:1.6;'><ul>\n<li>Login with valid credentials.</li>\n<li>Create new organization.</li>\n<li>Create project with <span style='background-color:#D3D3D3; padding:2px 4px; border-radius:3px; font-family:monospace;'>default</span> option.</li>\n<li>Invite <strong>not registered</strong> user to organization.</li>\n</ul>\n<h3>Verify that:</h3>\n<ul>\n<li>Newly invited user automatically is member of default project.</li>\n</ul></div>","status":"failed","statusMessage":"AssertionError: [AssertionError] during step: Create first project from main page\nMessage: [TimeoutError] during step: Wait for Create project popup disappear\nMessage: Locator.wait_for: Timeout 60ms exceeded.\nCall log:\n  - waiting for locator(\"h2\").filter(has_text=\"Create Project\") to be detached\n    3 × locator resolved to visible <h2 class=\"p-8 text-h4\">Create Project</h2>\n\nNote: Playwright Timeout. Element not found or action took too long.","statusTrace":"tests/reporting_hooks/reporting.py:49: in wrapper\n    result = await func(*args, **kwargs)\n             ^^^^^^^^^^^^^^^^^^^^^^^^^^^\ntests/test_cases/steps/ui_steps/page_steps_impl/create_proj_popup_steps.py:36: in ui_wait_to_disappear\n    await self._pm.create_proj_popup.wait_to_disappear(org_name=org_name)\ntests/components/ui/pages/create_project_popup.py:83: in wait_to_disappear\n    await self._get_create_proj_title().locator.wait_for(\n.venv/lib/python3.13/site-packages/playwright/async_api/_generated.py:17999: in wait_for\n    await self._impl_obj.wait_for(timeout=timeout, state=state)\n.venv/lib/python3.13/site-packages/playwright/_impl/_locator.py:710: in wait_for\n    await self._frame.wait_for_selector(\n.venv/lib/python3.13/site-packages/playwright/_impl/_frame.py:369: in wait_for_selector\n    await self._channel.send(\n.venv/lib/python3.13/site-packages/playwright/_impl/_connection.py:69: in send\n    return await self._connection.wrap_api_call(\n.venv/lib/python3.13/site-packages/playwright/_impl/_connection.py:559: in wrap_api_call\n    raise rewrite_error(error, f\"{parsed_st['apiName']}: {error}\") from None\nE   playwright._impl._errors.TimeoutError: Locator.wait_for: Timeout 60ms exceeded.\nE   Call log:\nE     - waiting for locator(\"h2\").filter(has_text=\"Create Project\") to be detached\nE       3 × locator resolved to visible <h2 class=\"p-8 text-h4\">Create Project</h2>\n\nThe above exception was the direct cause of the following exception:\ntests/reporting_hooks/reporting.py:49: in wrapper\n    result = await func(*args, **kwargs)\n             ^^^^^^^^^^^^^^^^^^^^^^^^^^^\ntests/test_cases/steps/ui_steps/ui_steps.py:247: in ui_create_first_proj_from_main_page\n    await self.create_proj_popup.ui_wait_to_disappear(org_name=org_name)\ntests/reporting_hooks/reporting.py:58: in wrapper\n    raise AssertionError(formatted_msg) from e\nE   AssertionError: [TimeoutError] during step: Wait for Create project popup disappear\nE   Message: Locator.wait_for: Timeout 60ms exceeded.\nE   Call log:\nE     - waiting for locator(\"h2\").filter(has_text=\"Create Project\") to be detached\nE       3 × locator resolved to visible <h2 class=\"p-8 text-h4\">Create Project</h2>\nE   \nE   Note: Playwright Timeout. Element not found or action took too long.\n\nThe above exception was the direct cause of the following exception:\ntests/test_cases/tests_ui/test_ui_signup.py:145: in test_invite_not_registered_user_to_org_with_default_proj\n    await steps.ui_create_first_proj_from_main_page(\ntests/reporting_hooks/reporting.py:58: in wrapper\n    raise AssertionError(formatted_msg) from e\nE   AssertionError: [AssertionError] during step: Create first project from main page\nE   Message: [TimeoutError] during step: Wait for Create project popup disappear\nE   Message: Locator.wait_for: Timeout 60ms exceeded.\nE   Call log:\nE     - waiting for locator(\"h2\").filter(has_text=\"Create Project\") to be detached\nE       3 × locator resolved to visible <h2 class=\"p-8 text-h4\">Create Project</h2>\nE   \nE   Note: Playwright Timeout. Element not found or action took too long.","steps":[{"name":"Login via UI","time":{"start":1766546352985,"stop":1766546368792,"duration":15807},"status":"passed","steps":[{"name":"Verify that Auth page displayed","time":{"start":1766546352985,"stop":1766546353492,"duration":507},"status":"passed","steps":[],"attachments":[{"uid":"fcfce3d03f50e20b","name":"Page URL","source":"fcfce3d03f50e20b.txt","type":"text/plain","size":29},{"uid":"1fc8559025b5ab0","name":"HTTP 200 - GET config","source":"1fc8559025b5ab0.txt","type":"text/plain","size":673},{"uid":"f6cf1a030121d253","name":"Screenshot: Verify that Auth page displayed (success)","source":"f6cf1a030121d253.png","type":"image/png","size":88563}],"parameters":[],"shouldDisplayMessage":false,"stepsCount":0,"attachmentsCount":3,"hasContent":true,"attachmentStep":false},{"name":"Click login button","time":{"start":1766546353492,"stop":1766546354473,"duration":981},"status":"passed","steps":[],"attachments":[{"uid":"4e7e6a64cecd05b6","name":"Page URL","source":"4e7e6a64cecd05b6.txt","type":"text/plain","size":33},{"uid":"19e0f0d8c75c3d6e","name":"Screenshot: Click login button (success)","source":"19e0f0d8c75c3d6e.png","type":"image/png","size":41576}],"parameters":[],"shouldDisplayMessage":false,"stepsCount":0,"attachmentsCount":2,"hasContent":true,"attachmentStep":false},{"name":"Verify that Login page displayed","time":{"start":1766546354473,"stop":1766546354554,"duration":81},"status":"passed","steps":[],"attachments":[{"uid":"c67de6e1d3d7a591","name":"Page URL","source":"c67de6e1d3d7a591.txt","type":"text/plain","size":215},{"uid":"d695e8bbf6a31186","name":"Screenshot: Verify that Login page displayed (success)","source":"d695e8bbf6a31186.png","type":"image/png","size":41520}],"parameters":[],"shouldDisplayMessage":false,"stepsCount":0,"attachmentsCount":2,"hasContent":true,"attachmentStep":false},{"name":"Enter email","time":{"start":1766546354554,"stop":1766546354872,"duration":318},"status":"passed","steps":[],"attachments":[{"uid":"71052145cead6821","name":"Page URL","source":"71052145cead6821.txt","type":"text/plain","size":215},{"uid":"e994791ca2c4afa1","name":"Screenshot: Enter email (success)","source":"e994791ca2c4afa1.png","type":"image/png","size":46149}],"parameters":[],"shouldDisplayMessage":false,"stepsCount":0,"attachmentsCount":2,"hasContent":true,"attachmentStep":false},{"name":"Enter password","time":{"start":1766546354872,"stop":1766546355187,"duration":315},"status":"passed","steps":[],"attachments":[{"uid":"644322b7a22ca2cf","name":"Page URL","source":"644322b7a22ca2cf.txt","type":"text/plain","size":215},{"uid":"f6ba0e9792737262","name":"Screenshot: Enter password (success)","source":"f6ba0e9792737262.png","type":"image/png","size":46276}],"parameters":[],"shouldDisplayMessage":false,"stepsCount":0,"attachmentsCount":2,"hasContent":true,"attachmentStep":false},{"name":"Click Continue button","time":{"start":1766546355187,"stop":1766546367611,"duration":12424},"status":"passed","steps":[],"attachments":[{"uid":"be4fad750a94da80","name":"Page URL","source":"be4fad750a94da80.txt","type":"text/plain","size":215},{"uid":"20514ca328609ecb","name":"HTTP 200 - GET config","source":"20514ca328609ecb.txt","type":"text/plain","size":830},{"uid":"29270493cd258df1","name":"HTTP 200 - GET permissions?uri=blob:","source":"29270493cd258df1.txt","type":"text/plain","size":182},{"uid":"7d7c39727c6b5529","name":"HTTP 200 - GET incoming","source":"7d7c39727c6b5529.txt","type":"text/plain","size":156},{"uid":"a232903b2201fa6e","name":"HTTP 200 - GET regression-5ft97bupey?include=clusters&include=system_role","source":"a232903b2201fa6e.txt","type":"text/plain","size":407},{"uid":"14f2631f9d46251b","name":"HTTP 200 - GET regression-5ft97bupey?include=orgs","source":"14f2631f9d46251b.txt","type":"text/plain","size":379},{"uid":"3680ab9bae98f66d","name":"Screenshot: Click Continue button (success)","source":"3680ab9bae98f66d.png","type":"image/png","size":160469}],"parameters":[],"shouldDisplayMessage":false,"stepsCount":0,"attachmentsCount":7,"hasContent":true,"attachmentStep":false},{"name":"Verify that Welcome new user page displayed","time":{"start":1766546367619,"stop":1766546368708,"duration":1089},"status":"passed","steps":[],"attachments":[{"uid":"923eb1afc8acf5f7","name":"Page URL","source":"923eb1afc8acf5f7.txt","type":"text/plain","size":44},{"uid":"6b1bcb0df6d2ede7","name":"Screenshot: Verify that Welcome new user page displayed (success)","source":"6b1bcb0df6d2ede7.png","type":"image/png","size":160469}],"parameters":[],"shouldDisplayMessage":false,"stepsCount":0,"attachmentsCount":2,"hasContent":true,"attachmentStep":false}],"attachments":[{"uid":"d9ac06e93828eaaf","name":"Page URL","source":"d9ac06e93828eaaf.txt","type":"text/plain","size":29},{"uid":"da0bc64d61a80a57","name":"Screenshot: Login via UI (success)","source":"da0bc64d61a80a57.png","type":"image/png","size":160469}],"parameters":[],"shouldDisplayMessage":false,"stepsCount":7,"attachmentsCount":22,"hasContent":true,"attachmentStep":false},{"name":"Add organization via API and reload page","time":{"start":1766546369737,"stop":1766546395436,"duration":25699},"status":"passed","steps":[{"name":"Reload page","time":{"start":1766546394530,"stop":1766546395372,"duration":842},"status":"passed","steps":[{"name":"Reload page","time":{"start":1766546394531,"stop":1766546395306,"duration":775},"status":"passed","steps":[],"attachments":[{"uid":"7a918500ad9c1792","name":"Page URL","source":"7a918500ad9c1792.txt","type":"text/plain","size":44},{"uid":"b39d106018019c02","name":"HTTP 200 - GET config","source":"b39d106018019c02.txt","type":"text/plain","size":2137},{"uid":"f0bc4fd3693f9852","name":"HTTP 200 - GET permissions?uri=blob:","source":"f0bc4fd3693f9852.txt","type":"text/plain","size":255},{"uid":"df8fef97bab96e","name":"HTTP 200 - GET regression-org-uonxekudmccy","source":"df8fef97bab96e.txt","type":"text/plain","size":444},{"uid":"f76cdeada7ecddde","name":"HTTP 200 - GET incoming","source":"f76cdeada7ecddde.txt","type":"text/plain","size":156},{"uid":"98580cb68e0e75d","name":"HTTP 200 - GET regression-5ft97bupey?include=orgs","source":"98580cb68e0e75d.txt","type":"text/plain","size":474},{"uid":"64a9d7914e347bff","name":"HTTP 200 - GET regression-5ft97bupey?include=clusters&include=system_role","source":"64a9d7914e347bff.txt","type":"text/plain","size":529},{"uid":"386345e2863366aa","name":"HTTP 200 - GET tags","source":"386345e2863366aa.txt","type":"text/plain","size":948},{"uid":"2060f170ef7668b7","name":"Screenshot: Reload page (success)","source":"2060f170ef7668b7.png","type":"image/png","size":56855}],"parameters":[],"shouldDisplayMessage":false,"stepsCount":0,"attachmentsCount":9,"hasContent":true,"attachmentStep":false}],"attachments":[{"uid":"9f5fe36588619e92","name":"Page URL","source":"9f5fe36588619e92.txt","type":"text/plain","size":44},{"uid":"5879038537026b35","name":"Screenshot: Reload page (success)","source":"5879038537026b35.png","type":"image/png","size":56855}],"parameters":[],"shouldDisplayMessage":false,"stepsCount":1,"attachmentsCount":11,"hasContent":true,"attachmentStep":false}],"attachments":[{"uid":"85641993a1169ece","name":"Page URL","source":"85641993a1169ece.txt","type":"text/plain","size":44},{"uid":"ac47e1e36044ff0e","name":"HTTP 200 - GET config","source":"ac47e1e36044ff0e.txt","type":"text/plain","size":673},{"uid":"26ad726c8e2ef2f3","name":"Screenshot: Add organization via API and reload page (success)","source":"26ad726c8e2ef2f3.png","type":"image/png","size":56855}],"parameters":[],"shouldDisplayMessage":false,"stepsCount":2,"attachmentsCount":14,"hasContent":true,"attachmentStep":false},{"name":"Create first project from main page","time":{"start":1766546395436,"stop":1766546398664,"duration":3228},"status":"failed","statusMessage":"AssertionError: [AssertionError] during step: Create first project from main page\nMessage: [TimeoutError] during step: Wait for Create project popup disappear\nMessage: Locator.wait_for: Timeout 60ms exceeded.\nCall log:\n  - waiting for locator(\"h2\").filter(has_text=\"Create Project\") to be detached\n    3 × locator resolved to visible <h2 class=\"p-8 text-h4\">Create Project</h2>\n\nNote: Playwright Timeout. Element not found or action took too long.\n","statusTrace":"  File \"/home/runner/work/apolo-test-automation/apolo-test-automation/tests/reporting_hooks/reporting.py\", line 58, in wrapper\n    raise AssertionError(formatted_msg) from e\n","steps":[{"name":"Click Create project button on the main page","time":{"start":1766546395437,"stop":1766546396385,"duration":948},"status":"passed","steps":[],"attachments":[{"uid":"2cca5014e6af67e9","name":"Page URL","source":"2cca5014e6af67e9.txt","type":"text/plain","size":81},{"uid":"86a6bf15520d6bf0","name":"Screenshot: Click Create project button on the main page (success)","source":"86a6bf15520d6bf0.png","type":"image/png","size":79287}],"parameters":[],"shouldDisplayMessage":false,"stepsCount":0,"attachmentsCount":2,"hasContent":true,"attachmentStep":false},{"name":"Verify Create project popup displayed","time":{"start":1766546396385,"stop":1766546396493,"duration":108},"status":"passed","steps":[],"attachments":[{"uid":"c255da4f5cbe0789","name":"Page URL","source":"c255da4f5cbe0789.txt","type":"text/plain","size":81},{"uid":"47e6b0071ea27c3a","name":"Screenshot: Verify Create project popup displayed (success)","source":"47e6b0071ea27c3a.png","type":"image/png","size":79294}],"parameters":[],"shouldDisplayMessage":false,"stepsCount":0,"attachmentsCount":2,"hasContent":true,"attachmentStep":false},{"name":"Enter project name","time":{"start":1766546396494,"stop":1766546396818,"duration":324},"status":"passed","steps":[],"attachments":[{"uid":"f41e81b94f3f2e4b","name":"Page URL","source":"f41e81b94f3f2e4b.txt","type":"text/plain","size":81},{"uid":"89d5ff6b41245a19","name":"Screenshot: Enter project name (success)","source":"89d5ff6b41245a19.png","type":"image/png","size":82955}],"parameters":[],"shouldDisplayMessage":false,"stepsCount":0,"attachmentsCount":2,"hasContent":true,"attachmentStep":false},{"name":"Select user role","time":{"start":1766546396818,"stop":1766546396897,"duration":79},"status":"passed","steps":[],"attachments":[{"uid":"e92dfa4b56fb90d6","name":"Page URL","source":"e92dfa4b56fb90d6.txt","type":"text/plain","size":81},{"uid":"ec738e136ff90085","name":"Screenshot: Select user role (success)","source":"ec738e136ff90085.png","type":"image/png","size":82938}],"parameters":[],"shouldDisplayMessage":false,"stepsCount":0,"attachmentsCount":2,"hasContent":true,"attachmentStep":false},{"name":"Click project default checkbox","time":{"start":1766546396897,"stop":1766546397517,"duration":620},"status":"passed","steps":[],"attachments":[{"uid":"cfd7c7bb08418a43","name":"Page URL","source":"cfd7c7bb08418a43.txt","type":"text/plain","size":81},{"uid":"c0e4c34c530dedd0","name":"HTTP 404 - GET regression-proj-661u664rpz","source":"c0e4c34c530dedd0.txt","type":"text/plain","size":340},{"uid":"781ffbe854121395","name":"Screenshot: Click project default checkbox (success)","source":"781ffbe854121395.png","type":"image/png","size":82938}],"parameters":[],"shouldDisplayMessage":false,"stepsCount":0,"attachmentsCount":3,"hasContent":true,"attachmentStep":false},{"name":"Click Create button","time":{"start":1766546397517,"stop":1766546398447,"duration":930},"status":"passed","steps":[],"attachments":[{"uid":"d1897dec2d8f854c","name":"Page URL","source":"d1897dec2d8f854c.txt","type":"text/plain","size":81},{"uid":"dd86d58d4e4efa51","name":"Screenshot: Click Create button (success)","source":"dd86d58d4e4efa51.png","type":"image/png","size":82051}],"parameters":[],"shouldDisplayMessage":false,"stepsCount":0,"attachmentsCount":2,"hasContent":true,"attachmentStep":false},{"name":"Wait for Create project popup disappear","time":{"start":1766546398447,"stop":1766546398583,"duration":136},"status":"failed","statusMessage":"AssertionError: [TimeoutError] during step: Wait for Create project popup disappear\nMessage: Locator.wait_for: Timeout 60ms exceeded.\nCall log:\n  - waiting for locator(\"h2\").filter(has_text=\"Create Project\") to be detached\n    3 × locator resolved to visible <h2 class=\"p-8 text-h4\">Create Project</h2>\n\nNote: Playwright Timeout. Element not found or action took too long.\n","statusTrace":"  File \"/home/runner/work/apolo-test-automation/apolo-test-automation/tests/reporting_hooks/reporting.py\", line 58, in wrapper\n    raise AssertionError(formatted_msg) from e\n","steps":[],"attachments":[{"uid":"5795326d79db9c4a","name":"Page URL","source":"5795326d79db9c4a.txt","type":"text/plain","size":81},{"uid":"b67f542a5b8d0734","name":"Screenshot: Wait for Create project popup disappear (fail)","source":"b67f542a5b8d0734.png","type":"image/png","size":82035}],"parameters":[],"shouldDisplayMessage":true,"stepsCount":0,"attachmentsCount":2,"hasContent":true,"attachmentStep":false}],"attachments":[{"uid":"ebb23e600c947396","name":"Page URL","source":"ebb23e600c947396.txt","type":"text/plain","size":81},{"uid":"84a83718db7a7d84","name":"Screenshot: Create first project from main page (fail)","source":"84a83718db7a7d84.png","type":"image/png","size":81997}],"parameters":[],"shouldDisplayMessage":true,"stepsCount":7,"attachmentsCount":17,"hasContent":true,"attachmentStep":false}],"attachments":[{"uid":"91ba030ffdb196ef","name":"log","source":"91ba030ffdb196ef.txt","type":"text/plain","size":47430}],"parameters":[],"shouldDisplayMessage":true,"stepsCount":19,"attachmentsCount":54,"hasContent":true,"attachmentStep":false},"afterStages":[{"name":"add_page_manager::finalizer","time":{"start":1766546398827,"stop":1766546398827,"duration":0},"status":"passed","steps":[],"attachments":[],"parameters":[],"shouldDisplayMessage":false,"stepsCount":0,"attachmentsCount":0,"hasContent":false,"attachmentStep":false},{"name":"setup_cleanup::finalizer","time":{"start":1766546398827,"stop":1766546398827,"duration":0},"status":"passed","steps":[],"attachments":[],"parameters":[],"shouldDisplayMessage":false,"stepsCount":0,"attachmentsCount":0,"hasContent":false,"attachmentStep":false},{"name":"setup_cleanup::finalizer","time":{"start":1766546398827,"stop":1766546406814,"duration":7987},"status":"passed","steps":[{"name":"Post-test cleanup","time":{"start":1766546398827,"stop":1766546406814,"duration":7987},"status":"passed","steps":[{"name":"Delete organisation: regression-org-uonxekudmccy","time":{"start":1766546405944,"stop":1766546406734,"duration":790},"status":"passed","steps":[],"attachments":[],"parameters":[],"shouldDisplayMessage":false,"stepsCount":0,"attachmentsCount":0,"hasContent":false,"attachmentStep":false}],"attachments":[],"parameters":[],"shouldDisplayMessage":false,"stepsCount":1,"attachmentsCount":0,"hasContent":true,"attachmentStep":false}],"attachments":[],"parameters":[],"shouldDisplayMessage":false,"stepsCount":2,"attachmentsCount":0,"hasContent":true,"attachmentStep":false},{"name":"api_helper::finalizer","time":{"start":1766546406815,"stop":1766546406815,"duration":0},"status":"passed","steps":[],"attachments":[],"parameters":[],"shouldDisplayMessage":false,"stepsCount":0,"attachmentsCount":0,"hasContent":false,"attachmentStep":false},{"name":"_function_scoped_runner::0","time":{"start":1766546406816,"stop":1766546406817,"duration":1},"status":"passed","steps":[],"attachments":[],"parameters":[],"shouldDisplayMessage":false,"stepsCount":0,"attachmentsCount":0,"hasContent":false,"attachmentStep":false}],"labels":[{"name":"suite","value":"UI Signup"},{"name":"parentSuite","value":"UI Tests"},{"name":"tag","value":"asyncio"},{"name":"subSuite","value":"TestUISignup"},{"name":"host","value":"runnervmh13bl"},{"name":"thread","value":"3028-MainThread"},{"name":"framework","value":"pytest"},{"name":"language","value":"cpython3"},{"name":"package","value":"tests.test_cases.tests_ui.test_ui_signup"},{"name":"resultFormat","value":"allure2"}],"parameters":[],"links":[],"hidden":false,"retry":false,"extra":{"severity":"normal","retries":[{"uid":"7457746c0c0f7006","status":"failed","statusDetails":"AssertionError: [AssertionError] during step: Create first project from main page\nMessage: [TimeoutError] during step: Wait for Create project popup disappear\nMessage: Locator.wait_for: Timeout 60ms exceeded.\nCall log:\n  - waiting for locator(\"h2\").filter(has_text=\"Create Project\") to be detached\n    3 × locator resolved to visible <h2 class=\"p-8 text-h4\">Create Project</h2>\n\nNote: Playwright Timeout. Element not found or action took too long.","time":{"start":1766546304253,"stop":1766546335917,"duration":31664}}],"categories":[{"name":"Product defects","matchedStatuses":[],"flaky":false}],"history":{"statistic":{"failed":61,"broken":0,"skipped":0,"passed":84,"unknown":0,"total":145},"items":[{"uid":"1150fb08f78edd83","status":"failed","statusDetails":"AssertionError: [AssertionError] during step: Create first project from main page\nMessage: [TimeoutError] during step: Wait for Create project popup disappear\nMessage: Locator.wait_for: Timeout 60ms exceeded.\nCall log:\n  - waiting for locator(\"h2\").filter(has_text=\"Create Project\") to be detached\n    3 × locator resolved to visible <h2 class=\"p-8 text-h4\">Create Project</h2>\n\nNote: Playwright Timeout. Element not found or action took too long.","time":{"start":1766458308015,"stop":1766458361087,"duration":53072}},{"uid":"896e5e3b059ae28c","status":"failed","statusDetails":"AssertionError: [AssertionError] during step: Create first project from main page\nMessage: [TimeoutError] during step: Wait for Create project popup disappear\nMessage: Locator.wait_for: Timeout 60ms exceeded.\nCall log:\n  - waiting for locator(\"h2\").filter(has_text=\"Create Project\") to be detached\n    3 × locator resolved to visible <h2 class=\"p-8 text-h4\">Create Project</h2>\n\nNote: Playwright Timeout. Element not found or action took too long.","time":{"start":1766372066238,"stop":1766372097497,"duration":31259}},{"uid":"55a023b5ca917d2b","status":"failed","statusDetails":"AssertionError: [AssertionError] during step: Login via UI\nMessage: [AssertionError] during step: Verify that Welcome new user page displayed\nMessage: Locator expected to be visible\nActual value: None\nError: element(s) not found \nCall log:\n  - Expect \"to_be_visible\" with timeout 5000ms\n  - waiting for locator(\"h3.truncate.text-h3\").filter(has_text=\"Welcome, regression-hvnh54wnf0@apolo.us\")","time":{"start":1766286344728,"stop":1766286365836,"duration":21108}},{"uid":"83e21a00901f6e08","status":"failed","statusDetails":"AssertionError: [AssertionError] during step: Login via UI\nMessage: [AssertionError] during step: Verify that Auth page displayed\nMessage: Auth page should be displayed!","time":{"start":1766199770541,"stop":1766199951059,"duration":180518}},{"uid":"fabc3d84db59c4dd","status":"failed","statusDetails":"AssertionError: [AssertionError] during step: Login via UI\nMessage: [AssertionError] during step: Verify that Welcome new user page displayed\nMessage: Locator expected to be visible\nActual value: None\nError: element(s) not found \nCall log:\n  - Expect \"to_be_visible\" with timeout 5000ms\n  - waiting for locator(\"h3.truncate.text-h3\").filter(has_text=\"Welcome, regression-99fmo3tbgf@apolo.us\")","time":{"start":1766113379391,"stop":1766113391310,"duration":11919}},{"uid":"d81c0ac63c296684","status":"failed","statusDetails":"AssertionError: [AssertionError] during step: Login via UI\nMessage: [AssertionError] during step: Verify that Welcome new user page displayed\nMessage: Locator expected to be visible\nActual value: None\nError: element(s) not found \nCall log:\n  - Expect \"to_be_visible\" with timeout 5000ms\n  - waiting for locator(\"h3.truncate.text-h3\").filter(has_text=\"Welcome, regression-usbb6k5b23@apolo.us\")","time":{"start":1766026417813,"stop":1766026430992,"duration":13179}},{"uid":"672379c03e56269","status":"failed","statusDetails":"AssertionError: [AssertionError] during step: Login via UI\nMessage: [AssertionError] during step: Verify that Welcome new user page displayed\nMessage: Locator expected to be visible\nActual value: None\nError: element(s) not found \nCall log:\n  - Expect \"to_be_visible\" with timeout 5000ms\n  - waiting for locator(\"h3.truncate.text-h3\").filter(has_text=\"Welcome, regression-vpy9azbpqx@apolo.us\")","time":{"start":1765940981224,"stop":1765940993846,"duration":12622}},{"uid":"b1626893a4db8915","status":"failed","statusDetails":"AssertionError: [AssertionError] during step: Create first project from main page\nMessage: [TimeoutError] during step: Wait for Create project popup disappear\nMessage: Locator.wait_for: Timeout 60ms exceeded.\nCall log:\n  - waiting for locator(\"h2\").filter(has_text=\"Create Project\") to be detached\n    3 × locator resolved to visible <h2 class=\"p-8 text-h4\">Create Project</h2>\n\nNote: Playwright Timeout. Element not found or action took too long.","time":{"start":1765854079001,"stop":1765854151204,"duration":72203}},{"uid":"4ef2a3867265dcdf","status":"failed","statusDetails":"AssertionError: [AssertionError] during step: Login via UI\nMessage: [AssertionError] during step: Verify that Welcome new user page displayed\nMessage: Locator expected to be visible\nActual value: None\nError: element(s) not found \nCall log:\n  - Expect \"to_be_visible\" with timeout 5000ms\n  - waiting for locator(\"h3.truncate.text-h3\").filter(has_text=\"Welcome, regression-iqqs1srdl3@apolo.us\")","time":{"start":1765769702134,"stop":1765769714751,"duration":12617}},{"uid":"a2f2e2b8aa7da764","status":"failed","statusDetails":"AssertionError: [AssertionError] during step: Login via UI\nMessage: [AssertionError] during step: Verify that Welcome new user page displayed\nMessage: Locator expected to be visible\nActual value: None\nError: element(s) not found \nCall log:\n  - Expect \"to_be_visible\" with timeout 5000ms\n  - waiting for locator(\"h3.truncate.text-h3\").filter(has_text=\"Welcome, regression-d8naj4zl2m@apolo.us\")","time":{"start":1765683831971,"stop":1765683844101,"duration":12130}},{"uid":"45cf7c5fa64afe78","status":"failed","statusDetails":"AssertionError: [AssertionError] during step: Login via UI\nMessage: [AssertionError] during step: Verify that Welcome new user page displayed\nMessage: Locator expected to be visible\nActual value: None\nError: element(s) not found \nCall log:\n  - Expect \"to_be_visible\" with timeout 5000ms\n  - waiting for locator(\"h3.truncate.text-h3\").filter(has_text=\"Welcome, regression-lqc4ldj7b1@apolo.us\")","time":{"start":1765597430556,"stop":1765597443407,"duration":12851}},{"uid":"55d14a00e735643d","status":"failed","statusDetails":"AssertionError: [AssertionError] during step: Login via UI\nMessage: [AssertionError] during step: Verify that Welcome new user page displayed\nMessage: Locator expected to be visible\nActual value: None\nError: element(s) not found \nCall log:\n  - Expect \"to_be_visible\" with timeout 5000ms\n  - waiting for locator(\"h3.truncate.text-h3\").filter(has_text=\"Welcome, regression-2baxifl7pi@apolo.us\")","time":{"start":1765511077141,"stop":1765511089252,"duration":12111}},{"uid":"178e8858f8c8d459","status":"failed","statusDetails":"AssertionError: [AssertionError] during step: Create first project from main page\nMessage: [TimeoutError] during step: Wait for Create project popup disappear\nMessage: Locator.wait_for: Timeout 60ms exceeded.\nCall log:\n  - waiting for locator(\"h2\").filter(has_text=\"Create Project\") to be detached\n    3 × locator resolved to visible <h2 class=\"p-8 text-h4\">Create Project</h2>\n\nNote: Playwright Timeout. Element not found or action took too long.","time":{"start":1765337025456,"stop":1765337069004,"duration":43548}},{"uid":"d14385d8cb72fac9","status":"failed","statusDetails":"AssertionError: [AssertionError] during step: Create first project from main page\nMessage: [TimeoutError] during step: Wait for Create project popup disappear\nMessage: Locator.wait_for: Timeout 60ms exceeded.\nCall log:\n  - waiting for locator(\"h2\").filter(has_text=\"Create Project\") to be detached\n    3 × locator resolved to visible <h2 class=\"p-8 text-h4\">Create Project</h2>\n\nNote: Playwright Timeout. Element not found or action took too long.","time":{"start":1765249309047,"stop":1765249349022,"duration":39975}},{"uid":"10e9edfe80b8923a","status":"failed","statusDetails":"AssertionError: [AssertionError] during step: Login via UI\nMessage: [AssertionError] during step: Verify that Welcome new user page displayed\nMessage: Locator expected to be visible\nActual value: None\nError: element(s) not found \nCall log:\n  - Expect \"to_be_visible\" with timeout 5000ms\n  - waiting for locator(\"h3.truncate.text-h3\").filter(has_text=\"Welcome, regression-sk9eoyic11@apolo.us\")","time":{"start":1765164110839,"stop":1765164122876,"duration":12037}},{"uid":"c7782f938569370c","status":"failed","statusDetails":"AssertionError: [AssertionError] during step: Create first project from main page\nMessage: [TimeoutError] during step: Wait for Create project popup disappear\nMessage: Locator.wait_for: Timeout 60ms exceeded.\nCall log:\n  - waiting for locator(\"h2\").filter(has_text=\"Create Project\") to be detached\n    3 × locator resolved to visible <h2 class=\"p-8 text-h4\">Create Project</h2>\n\nNote: Playwright Timeout. Element not found or action took too long.","time":{"start":1765077450335,"stop":1765077508136,"duration":57801}},{"uid":"8ef3d76a050aa384","status":"failed","statusDetails":"AssertionError: [AssertionError] during step: Login via UI\nMessage: [AssertionError] during step: Verify that Welcome new user page displayed\nMessage: Locator expected to be visible\nActual value: None\nError: element(s) not found \nCall log:\n  - Expect \"to_be_visible\" with timeout 5000ms\n  - waiting for locator(\"h3.truncate.text-h3\").filter(has_text=\"Welcome, regression-krolx0lfl3@apolo.us\")","time":{"start":1764989495380,"stop":1764989506366,"duration":10986}},{"uid":"affa312f9deac35f","status":"failed","statusDetails":"AssertionError: [AssertionError] during step: Create first project from main page\nMessage: [TimeoutError] during step: Wait for Create project popup disappear\nMessage: Locator.wait_for: Timeout 60ms exceeded.\nCall log:\n  - waiting for locator(\"h2\").filter(has_text=\"Create Project\") to be detached\n    3 × locator resolved to visible <h2 class=\"p-8 text-h4\">Create Project</h2>\n\nNote: Playwright Timeout. Element not found or action took too long.","time":{"start":1764903929093,"stop":1764903983443,"duration":54350}},{"uid":"ed00cabe28620154","status":"failed","statusDetails":"AssertionError: [AssertionError] during step: Create first project from main page\nMessage: [TimeoutError] during step: Wait for Create project popup disappear\nMessage: Locator.wait_for: Timeout 60ms exceeded.\nCall log:\n  - waiting for locator(\"h2\").filter(has_text=\"Create Project\") to be detached\n    3 × locator resolved to visible <h2 class=\"p-8 text-h4\">Create Project</h2>\n\nNote: Playwright Timeout. Element not found or action took too long.","time":{"start":1764818292218,"stop":1764818333473,"duration":41255}},{"uid":"922b2d15bea9c065","status":"failed","statusDetails":"AssertionError: [AssertionError] during step: Login via UI\nMessage: [AssertionError] during step: Verify that Welcome new user page displayed\nMessage: Locator expected to be visible\nActual value: None\nError: element(s) not found \nCall log:\n  - Expect \"to_be_visible\" with timeout 5000ms\n  - waiting for locator(\"h3.truncate.text-h3\").filter(has_text=\"Welcome, regression-dzzersx9xr@apolo.us\")","time":{"start":1764731278007,"stop":1764731299134,"duration":21127}}]},"tags":["asyncio"]},"source":"388ff5ec243e3bb9.json","parameterValues":[]}