{"uid":"38c8c6ed062cdcc5","name":"Import Service Deployment app config via UI","fullName":"tests.test_cases.tests_e2e.test_service_deployment_app.TestE2EServiceDeploymentApp#test_import_app_config_via_ui","historyId":"0ec9874b606d391c772deb1229267005","time":{"start":1767152799711,"stop":1767152858946,"duration":59235},"description":"\n- Login with valid credentials.\n- Create new organization via **API**.\n- Create new project via **API**.\n- Import Service Deployment app config via UI.\n\n### Verify that:\n\n- Install required data is the same as in imported config.\n","descriptionHtml":"<div style='line-height:1.6;'><ul>\n<li>Login with valid credentials.</li>\n<li>Create new organization via <strong>API</strong>.</li>\n<li>Create new project via <strong>API</strong>.</li>\n<li>Import Service Deployment app config via UI.</li>\n</ul>\n<h3>Verify that:</h3>\n<ul>\n<li>Install required data is the same as in imported config.</li>\n</ul></div>","status":"failed","statusMessage":"AssertionError: [AssertionError] during step: Verify that Shell install page displayed\nMessage: Shell Install page should be displayed!","statusTrace":"tests/reporting_hooks/reporting.py:49: in wrapper\n    result = await func(*args, **kwargs)\n             ^^^^^^^^^^^^^^^^^^^^^^^^^^^\ntests/test_cases/steps/ui_steps/page_steps_impl/apps/shell_install_page_steps.py:23: in verify_ui_page_displayed\n    assert await self._pm.shell_install_page.is_loaded(), (\n           ^^^^^^^^^^^^^^^^^^^^^^^^^^^^^^^^^^^^^^^^^^^^^\nE   AssertionError: Shell Install page should be displayed!\n\nThe above exception was the direct cause of the following exception:\ntests/test_cases/tests_e2e/test_service_deployment_app.py:809: in test_import_app_config_via_ui\n    await ui_steps.shell_install_page.verify_ui_page_displayed()\ntests/reporting_hooks/reporting.py:58: in wrapper\n    raise AssertionError(formatted_msg) from e\nE   AssertionError: [AssertionError] during step: Verify that Shell install page displayed\nE   Message: Shell Install page should be displayed!","flaky":false,"newFailed":false,"newBroken":false,"newPassed":false,"retriesCount":0,"retriesStatusChange":false,"beforeStages":[{"name":"_verify_url","time":{"start":1767144721021,"stop":1767144721021,"duration":0},"status":"passed","steps":[],"attachments":[],"parameters":[],"shouldDisplayMessage":false,"stepsCount":0,"attachmentsCount":0,"hasContent":false,"attachmentStep":false},{"name":"base_url","time":{"start":1767144721021,"stop":1767144721021,"duration":0},"status":"passed","steps":[],"attachments":[],"parameters":[],"shouldDisplayMessage":false,"stepsCount":0,"attachmentsCount":0,"hasContent":false,"attachmentStep":false},{"name":"ensure_storage_directories","time":{"start":1767144721022,"stop":1767144721022,"duration":0},"status":"passed","steps":[],"attachments":[],"parameters":[],"shouldDisplayMessage":false,"stepsCount":0,"attachmentsCount":0,"hasContent":false,"attachmentStep":false},{"name":"pytestconfig","time":{"start":1767144721022,"stop":1767144721022,"duration":0},"status":"passed","steps":[],"attachments":[],"parameters":[],"shouldDisplayMessage":false,"stepsCount":0,"attachmentsCount":0,"hasContent":false,"attachmentStep":false},{"name":"delay_worker_start","time":{"start":1767144721022,"stop":1767144721022,"duration":0},"status":"passed","steps":[],"attachments":[],"parameters":[],"shouldDisplayMessage":false,"stepsCount":0,"attachmentsCount":0,"hasContent":false,"attachmentStep":false},{"name":"delete_output_dir","time":{"start":1767144721022,"stop":1767144721022,"duration":0},"status":"passed","steps":[],"attachments":[],"parameters":[],"shouldDisplayMessage":false,"stepsCount":0,"attachmentsCount":0,"hasContent":false,"attachmentStep":false},{"name":"event_loop_policy","time":{"start":1767144721022,"stop":1767144721022,"duration":0},"status":"passed","steps":[],"attachments":[],"parameters":[],"shouldDisplayMessage":false,"stepsCount":0,"attachmentsCount":0,"hasContent":false,"attachmentStep":false},{"name":"test_config","time":{"start":1767152798758,"stop":1767152798761,"duration":3},"status":"passed","steps":[],"attachments":[],"parameters":[],"shouldDisplayMessage":false,"stepsCount":0,"attachmentsCount":0,"hasContent":false,"attachmentStep":false},{"name":"_function_scoped_runner","time":{"start":1767152798761,"stop":1767152798761,"duration":0},"status":"passed","steps":[],"attachments":[],"parameters":[],"shouldDisplayMessage":false,"stepsCount":0,"attachmentsCount":0,"hasContent":false,"attachmentStep":false},{"name":"page_manager","time":{"start":1767152798761,"stop":1767152799707,"duration":946},"status":"passed","steps":[],"attachments":[],"parameters":[],"shouldDisplayMessage":false,"stepsCount":0,"attachmentsCount":0,"hasContent":false,"attachmentStep":false},{"name":"data_manager","time":{"start":1767152799707,"stop":1767152799707,"duration":0},"status":"passed","steps":[],"attachments":[],"parameters":[],"shouldDisplayMessage":false,"stepsCount":0,"attachmentsCount":0,"hasContent":false,"attachmentStep":false},{"name":"users_manager","time":{"start":1767152799707,"stop":1767152799707,"duration":0},"status":"passed","steps":[],"attachments":[],"parameters":[],"shouldDisplayMessage":false,"stepsCount":0,"attachmentsCount":0,"hasContent":false,"attachmentStep":false},{"name":"api_helper","time":{"start":1767152799707,"stop":1767152799709,"duration":2},"status":"passed","steps":[],"attachments":[],"parameters":[],"shouldDisplayMessage":false,"stepsCount":0,"attachmentsCount":0,"hasContent":false,"attachmentStep":false},{"name":"setup_cleanup","time":{"start":1767152799709,"stop":1767152799710,"duration":1},"status":"passed","steps":[],"attachments":[],"parameters":[],"shouldDisplayMessage":false,"stepsCount":0,"attachmentsCount":0,"hasContent":false,"attachmentStep":false},{"name":"apolo_cli","time":{"start":1767152799709,"stop":1767152799709,"duration":0},"status":"passed","steps":[],"attachments":[],"parameters":[],"shouldDisplayMessage":false,"stepsCount":0,"attachmentsCount":0,"hasContent":false,"attachmentStep":false},{"name":"_inject_fixtures","time":{"start":1767152799710,"stop":1767152799710,"duration":0},"status":"passed","steps":[],"attachments":[],"parameters":[],"shouldDisplayMessage":false,"stepsCount":0,"attachmentsCount":0,"hasContent":false,"attachmentStep":false},{"name":"add_page_manager","time":{"start":1767152799710,"stop":1767152799710,"duration":0},"status":"passed","steps":[],"attachments":[],"parameters":[],"shouldDisplayMessage":false,"stepsCount":0,"attachmentsCount":0,"hasContent":false,"attachmentStep":false},{"name":"setup","time":{"start":1767152799710,"stop":1767152799711,"duration":1},"status":"passed","steps":[],"attachments":[],"parameters":[],"shouldDisplayMessage":false,"stepsCount":0,"attachmentsCount":0,"hasContent":false,"attachmentStep":false}],"testStage":{"description":"\n- Login with valid credentials.\n- Create new organization via **API**.\n- Create new project via **API**.\n- Import Service Deployment app config via UI.\n\n### Verify that:\n\n- Install required data is the same as in imported config.\n","descriptionHtml":"<div style='line-height:1.6;'><ul>\n<li>Login with valid credentials.</li>\n<li>Create new organization via <strong>API</strong>.</li>\n<li>Create new project via <strong>API</strong>.</li>\n<li>Import Service Deployment app config via UI.</li>\n</ul>\n<h3>Verify that:</h3>\n<ul>\n<li>Install required data is the same as in imported config.</li>\n</ul></div>","status":"failed","statusMessage":"AssertionError: [AssertionError] during step: Verify that Shell install page displayed\nMessage: Shell Install page should be displayed!","statusTrace":"tests/reporting_hooks/reporting.py:49: in wrapper\n    result = await func(*args, **kwargs)\n             ^^^^^^^^^^^^^^^^^^^^^^^^^^^\ntests/test_cases/steps/ui_steps/page_steps_impl/apps/shell_install_page_steps.py:23: in verify_ui_page_displayed\n    assert await self._pm.shell_install_page.is_loaded(), (\n           ^^^^^^^^^^^^^^^^^^^^^^^^^^^^^^^^^^^^^^^^^^^^^\nE   AssertionError: Shell Install page should be displayed!\n\nThe above exception was the direct cause of the following exception:\ntests/test_cases/tests_e2e/test_service_deployment_app.py:809: in test_import_app_config_via_ui\n    await ui_steps.shell_install_page.verify_ui_page_displayed()\ntests/reporting_hooks/reporting.py:58: in wrapper\n    raise AssertionError(formatted_msg) from e\nE   AssertionError: [AssertionError] during step: Verify that Shell install page displayed\nE   Message: Shell Install page should be displayed!","steps":[{"name":"Login via UI","time":{"start":1767152799712,"stop":1767152805375,"duration":5663},"status":"passed","steps":[{"name":"Verify that Auth page displayed","time":{"start":1767152799713,"stop":1767152800798,"duration":1085},"status":"passed","steps":[],"attachments":[{"uid":"4248f38b4c546ca","name":"Page URL","source":"4248f38b4c546ca.txt","type":"text/plain","size":29},{"uid":"36fdc659561298cb","name":"HTTP 200 - GET config","source":"36fdc659561298cb.txt","type":"text/plain","size":673},{"uid":"126de214eee3ac72","name":"Screenshot: Verify that Auth page displayed (success)","source":"126de214eee3ac72.png","type":"image/png","size":88563}],"parameters":[],"shouldDisplayMessage":false,"stepsCount":0,"attachmentsCount":3,"hasContent":true,"attachmentStep":false},{"name":"Click login button","time":{"start":1767152800798,"stop":1767152801825,"duration":1027},"status":"passed","steps":[],"attachments":[{"uid":"a68c6566b5255859","name":"Page URL","source":"a68c6566b5255859.txt","type":"text/plain","size":33},{"uid":"c74750291413f31f","name":"Screenshot: Click login button (success)","source":"c74750291413f31f.png","type":"image/png","size":41883}],"parameters":[],"shouldDisplayMessage":false,"stepsCount":0,"attachmentsCount":2,"hasContent":true,"attachmentStep":false},{"name":"Verify that Login page displayed","time":{"start":1767152801826,"stop":1767152801924,"duration":98},"status":"passed","steps":[],"attachments":[{"uid":"d08c5cbf5d969e67","name":"Page URL","source":"d08c5cbf5d969e67.txt","type":"text/plain","size":215},{"uid":"f8d9eadc0ccbc45f","name":"Screenshot: Verify that Login page displayed (success)","source":"f8d9eadc0ccbc45f.png","type":"image/png","size":41838}],"parameters":[],"shouldDisplayMessage":false,"stepsCount":0,"attachmentsCount":2,"hasContent":true,"attachmentStep":false},{"name":"Enter email","time":{"start":1767152801924,"stop":1767152802242,"duration":318},"status":"passed","steps":[],"attachments":[{"uid":"1a4ad53fa314f962","name":"Page URL","source":"1a4ad53fa314f962.txt","type":"text/plain","size":215},{"uid":"8acc16b694e7d71","name":"Screenshot: Enter email (success)","source":"8acc16b694e7d71.png","type":"image/png","size":45933}],"parameters":[],"shouldDisplayMessage":false,"stepsCount":0,"attachmentsCount":2,"hasContent":true,"attachmentStep":false},{"name":"Enter password","time":{"start":1767152802242,"stop":1767152802558,"duration":316},"status":"passed","steps":[],"attachments":[{"uid":"deef81318718d560","name":"Page URL","source":"deef81318718d560.txt","type":"text/plain","size":215},{"uid":"8d7edc25a4d5847c","name":"Screenshot: Enter password (success)","source":"8d7edc25a4d5847c.png","type":"image/png","size":46059}],"parameters":[],"shouldDisplayMessage":false,"stepsCount":0,"attachmentsCount":2,"hasContent":true,"attachmentStep":false},{"name":"Click Continue button","time":{"start":1767152802558,"stop":1767152805159,"duration":2601},"status":"passed","steps":[],"attachments":[{"uid":"8b247d7f6269a45b","name":"Page URL","source":"8b247d7f6269a45b.txt","type":"text/plain","size":215},{"uid":"c85d16c59c5665c4","name":"HTTP 200 - GET config","source":"c85d16c59c5665c4.txt","type":"text/plain","size":2137},{"uid":"4e23867ead65c595","name":"HTTP 200 - GET permissions?uri=blob:","source":"4e23867ead65c595.txt","type":"text/plain","size":255},{"uid":"cdfb7d9162814e80","name":"HTTP 200 - GET incoming","source":"cdfb7d9162814e80.txt","type":"text/plain","size":156},{"uid":"14575dd684b3c622","name":"HTTP 200 - GET regression-org-rkzxmk4q8c6t","source":"14575dd684b3c622.txt","type":"text/plain","size":444},{"uid":"ba17fe7bca6ce8c2","name":"HTTP 200 - GET regression-0ycctm7ja3?include=orgs","source":"ba17fe7bca6ce8c2.txt","type":"text/plain","size":474},{"uid":"c03183e9419208d6","name":"HTTP 200 - GET instances?org=regression-org-rkzxmk4q8c6t&project=regression-proj-tro1ejid03&cluster=default&size=100","source":"c03183e9419208d6.txt","type":"text/plain","size":290},{"uid":"584b10dbb188e3d9","name":"HTTP 200 - GET regression-0ycctm7ja3?include=clusters&include=system_role","source":"584b10dbb188e3d9.txt","type":"text/plain","size":529},{"uid":"276b6e771ff8d7c9","name":"HTTP 200 - GET templates","source":"276b6e771ff8d7c9.txt","type":"text/plain","size":2146},{"uid":"7970843a8a280719","name":"HTTP 200 - GET instances?org=regression-org-rkzxmk4q8c6t&project=regression-proj-tro1ejid03&cluster=default&size=100","source":"7970843a8a280719.txt","type":"text/plain","size":290},{"uid":"7ff45e317c6c6f27","name":"HTTP 200 - GET tags","source":"7ff45e317c6c6f27.txt","type":"text/plain","size":948},{"uid":"8a9caf543f347da7","name":"HTTP 200 - GET templates?page=1&size=50","source":"8a9caf543f347da7.txt","type":"text/plain","size":2161},{"uid":"3161b9c570444cfa","name":"Screenshot: Click Continue button (success)","source":"3161b9c570444cfa.png","type":"image/png","size":143326}],"parameters":[],"shouldDisplayMessage":false,"stepsCount":0,"attachmentsCount":13,"hasContent":true,"attachmentStep":false},{"name":"Verify Apps page displayed","time":{"start":1767152805166,"stop":1767152805278,"duration":112},"status":"passed","steps":[],"attachments":[{"uid":"32ed3c222b448ae9","name":"Page URL","source":"32ed3c222b448ae9.txt","type":"text/plain","size":116},{"uid":"92ec199372c098bb","name":"Screenshot: Verify Apps page displayed (success)","source":"92ec199372c098bb.png","type":"image/png","size":151359}],"parameters":[],"shouldDisplayMessage":false,"stepsCount":0,"attachmentsCount":2,"hasContent":true,"attachmentStep":false}],"attachments":[{"uid":"6ed0bb109245c488","name":"Page URL","source":"6ed0bb109245c488.txt","type":"text/plain","size":29},{"uid":"3a02dfde76a956b5","name":"Screenshot: Login via UI (success)","source":"3a02dfde76a956b5.png","type":"image/png","size":151402}],"parameters":[],"shouldDisplayMessage":false,"stepsCount":7,"attachmentsCount":28,"hasContent":true,"attachmentStep":false},{"name":"Verify Shell app container displayed on the main page","time":{"start":1767152805375,"stop":1767152846194,"duration":40819},"status":"passed","steps":[],"attachments":[{"uid":"57bb2dd0c1e8ae9e","name":"Page URL","source":"57bb2dd0c1e8ae9e.txt","type":"text/plain","size":116},{"uid":"894730304294536b","name":"Screenshot: Verify Shell app container displayed on the main page (success)","source":"894730304294536b.png","type":"image/png","size":160842}],"parameters":[],"shouldDisplayMessage":false,"stepsCount":0,"attachmentsCount":2,"hasContent":true,"attachmentStep":false},{"name":"Click Install button on the Shell container","time":{"start":1767152846194,"stop":1767152848850,"duration":2656},"status":"passed","steps":[],"attachments":[{"uid":"96286306cabe4d1f","name":"Page URL","source":"96286306cabe4d1f.txt","type":"text/plain","size":116},{"uid":"e542f91e49d6799c","name":"HTTP 200 - GET instances?org=regression-org-rkzxmk4q8c6t&project=regression-proj-tro1ejid03&cluster=default&size=100","source":"e542f91e49d6799c.txt","type":"text/plain","size":290},{"uid":"b1ed7f375f0e76f9","name":"Screenshot: Click Install button on the Shell container (success)","source":"b1ed7f375f0e76f9.png","type":"image/png","size":8511}],"parameters":[],"shouldDisplayMessage":false,"stepsCount":0,"attachmentsCount":3,"hasContent":true,"attachmentStep":false},{"name":"Verify that Shell install page displayed","time":{"start":1767152848850,"stop":1767152858945,"duration":10095},"status":"failed","statusMessage":"AssertionError: [AssertionError] during step: Verify that Shell install page displayed\nMessage: Shell Install page should be displayed!\n","statusTrace":"  File \"/home/runner/work/apolo-test-automation/apolo-test-automation/tests/reporting_hooks/reporting.py\", line 58, in wrapper\n    raise AssertionError(formatted_msg) from e\n","steps":[],"attachments":[{"uid":"10775229f45a69f6","name":"Page URL","source":"10775229f45a69f6.txt","type":"text/plain","size":130},{"uid":"414c523a1f500c7","name":"Screenshot: Verify that Shell install page displayed (fail)","source":"414c523a1f500c7.png","type":"image/png","size":8511}],"parameters":[],"shouldDisplayMessage":true,"stepsCount":0,"attachmentsCount":2,"hasContent":true,"attachmentStep":false}],"attachments":[{"uid":"d68027e45c7cff4e","name":"log","source":"d68027e45c7cff4e.txt","type":"text/plain","size":24380}],"parameters":[],"shouldDisplayMessage":true,"stepsCount":11,"attachmentsCount":36,"hasContent":true,"attachmentStep":false},"afterStages":[{"name":"add_page_manager::finalizer","time":{"start":1767152858964,"stop":1767152858964,"duration":0},"status":"passed","steps":[],"attachments":[],"parameters":[],"shouldDisplayMessage":false,"stepsCount":0,"attachmentsCount":0,"hasContent":false,"attachmentStep":false},{"name":"setup_cleanup::finalizer","time":{"start":1767152858964,"stop":1767152858964,"duration":0},"status":"passed","steps":[],"attachments":[],"parameters":[],"shouldDisplayMessage":false,"stepsCount":0,"attachmentsCount":0,"hasContent":false,"attachmentStep":false},{"name":"setup_cleanup::finalizer","time":{"start":1767152858964,"stop":1767152954475,"duration":95511},"status":"passed","steps":[{"name":"Post-test cleanup","time":{"start":1767152858964,"stop":1767152954475,"duration":95511},"status":"passed","steps":[{"name":"Delete organisation: regression-org-rkzxmk4q8c6t","time":{"start":1767152863539,"stop":1767152864326,"duration":787},"status":"passed","steps":[{"name":"Delete project: regression-proj-tro1ejid03","time":{"start":1767152863618,"stop":1767152863764,"duration":146},"status":"passed","steps":[],"attachments":[],"parameters":[],"shouldDisplayMessage":false,"stepsCount":0,"attachmentsCount":0,"hasContent":false,"attachmentStep":false}],"attachments":[],"parameters":[],"shouldDisplayMessage":false,"stepsCount":1,"attachmentsCount":0,"hasContent":true,"attachmentStep":false}],"attachments":[],"parameters":[],"shouldDisplayMessage":false,"stepsCount":2,"attachmentsCount":0,"hasContent":true,"attachmentStep":false}],"attachments":[],"parameters":[],"shouldDisplayMessage":false,"stepsCount":3,"attachmentsCount":0,"hasContent":true,"attachmentStep":false},{"name":"api_helper::finalizer","time":{"start":1767152954476,"stop":1767152954476,"duration":0},"status":"passed","steps":[],"attachments":[],"parameters":[],"shouldDisplayMessage":false,"stepsCount":0,"attachmentsCount":0,"hasContent":false,"attachmentStep":false},{"name":"_function_scoped_runner::0","time":{"start":1767152954477,"stop":1767152954478,"duration":1},"status":"passed","steps":[],"attachments":[],"parameters":[],"shouldDisplayMessage":false,"stepsCount":0,"attachmentsCount":0,"hasContent":false,"attachmentStep":false}],"labels":[{"name":"parentSuite","value":"E2E Tests"},{"name":"suite","value":"Service Deployment App"},{"name":"tag","value":"asyncio"},{"name":"tag","value":"class_setup"},{"name":"subSuite","value":"TestE2EServiceDeploymentApp"},{"name":"host","value":"runnervmh13bl"},{"name":"thread","value":"3051-MainThread"},{"name":"framework","value":"pytest"},{"name":"language","value":"cpython3"},{"name":"package","value":"tests.test_cases.tests_e2e.test_service_deployment_app"},{"name":"resultFormat","value":"allure2"}],"parameters":[],"links":[],"hidden":false,"retry":false,"extra":{"severity":"normal","retries":[],"categories":[{"name":"Product defects","matchedStatuses":[],"flaky":false}],"history":{"statistic":{"failed":66,"broken":0,"skipped":0,"passed":0,"unknown":0,"total":66},"items":[{"uid":"1dba0e1c749ac20d","status":"failed","statusDetails":"AssertionError: [TimeoutError] during step: Click Apply config button\nMessage: Element not ready for click after 10000ms: <Locator frame=<Frame name= url='https://console.dev.apolo.us/apps/shell/install?cluster=default&project=regression-proj-qne88e4vps&org=regression-org-w1c3vhsit1tq'> selector='internal:role=button[name=\"Apply config\"i]'>\nLast error: Locator expected to be enabled\nActual value: disabled \nCall log:\n  - Expect \"to_be_enabled\" with timeout 500ms\n  - waiting for get_by_role(\"button\", name=\"Apply config\")\n    4 × locator resolved to <button disabled type=\"button\" class=\"relative inline-flex cursor-pointer items-center justify-center rounded-xl py-1 transition-colors text-button h-12 gap-2 bg-primary text-white hover:bg-primary-medium active:bg-primary-dark disabled:bg-neural-01 disabled:text-neural-03 px-10 capitalize pointer-events-none\">Apply config</button>\n      - unexpected value \"disabled\"","time":{"start":1767066520216,"stop":1767066611644,"duration":91428}},{"uid":"edb518514c008273","status":"failed","statusDetails":"AssertionError: [TimeoutError] during step: Click Apply config button\nMessage: Element not ready for click after 10000ms: <Locator frame=<Frame name= url='https://console.dev.apolo.us/apps/shell/install?cluster=default&project=regression-proj-cjkae330dg&org=regression-org-lt3sa8u4hgai'> selector='internal:role=button[name=\"Apply config\"i]'>\nLast error: Locator expected to be enabled\nActual value: disabled \nCall log:\n  - Expect \"to_be_enabled\" with timeout 500ms\n  - waiting for get_by_role(\"button\", name=\"Apply config\")\n    4 × locator resolved to <button disabled type=\"button\" class=\"relative inline-flex cursor-pointer items-center justify-center rounded-xl py-1 transition-colors text-button h-12 gap-2 bg-primary text-white hover:bg-primary-medium active:bg-primary-dark disabled:bg-neural-01 disabled:text-neural-03 px-10 capitalize pointer-events-none\">Apply config</button>\n      - unexpected value \"disabled\"","time":{"start":1766980141028,"stop":1766980223458,"duration":82430}},{"uid":"d6325ce803151e48","status":"failed","statusDetails":"AssertionError: [TimeoutError] during step: Click Apply config button\nMessage: Element not ready for click after 10000ms: <Locator frame=<Frame name= url='https://console.dev.apolo.us/apps/shell/install?cluster=default&project=regression-proj-8wf67p6e4q&org=regression-org-4ghpzxz8d4qk'> selector='internal:role=button[name=\"Apply config\"i]'>\nLast error: Locator expected to be enabled\nActual value: disabled \nCall log:\n  - Expect \"to_be_enabled\" with timeout 500ms\n  - waiting for get_by_role(\"button\", name=\"Apply config\")\n    4 × locator resolved to <button disabled type=\"button\" class=\"relative inline-flex cursor-pointer items-center justify-center rounded-xl py-1 transition-colors text-button h-12 gap-2 bg-primary text-white hover:bg-primary-medium active:bg-primary-dark disabled:bg-neural-01 disabled:text-neural-03 px-10 capitalize pointer-events-none\">Apply config</button>\n      - unexpected value \"disabled\"","time":{"start":1766894119752,"stop":1766894202084,"duration":82332}},{"uid":"45cba3f467e304f6","status":"failed","statusDetails":"AssertionError: [AssertionError] during step: Verify that Shell install page displayed\nMessage: Shell Install page should be displayed!","time":{"start":1766807207032,"stop":1766807266406,"duration":59374}},{"uid":"50e3279c8ffa56c9","status":"failed","statusDetails":"AssertionError: [TimeoutError] during step: Click Apply config button\nMessage: Element not ready for click after 10000ms: <Locator frame=<Frame name= url='https://console.dev.apolo.us/apps/shell/install?cluster=default&project=regression-proj-kx5z40xav6&org=regression-org-euyp2nu5h9sb'> selector='internal:role=button[name=\"Apply config\"i]'>\nLast error: Locator expected to be enabled\nActual value: disabled \nCall log:\n  - Expect \"to_be_enabled\" with timeout 500ms\n  - waiting for get_by_role(\"button\", name=\"Apply config\")\n    4 × locator resolved to <button disabled type=\"button\" class=\"relative inline-flex cursor-pointer items-center justify-center rounded-xl py-1 transition-colors text-button h-12 gap-2 bg-primary text-white hover:bg-primary-medium active:bg-primary-dark disabled:bg-neural-01 disabled:text-neural-03 px-10 capitalize pointer-events-none\">Apply config</button>\n      - unexpected value \"disabled\"","time":{"start":1766720446909,"stop":1766720528430,"duration":81521}},{"uid":"5ae54d7a402f7ce6","status":"failed","statusDetails":"AssertionError: [AssertionError] during step: Verify that Shell install page displayed\nMessage: Shell Install page should be displayed!","time":{"start":1766634508761,"stop":1766634677026,"duration":168265}},{"uid":"44a8b8d43c0b63ac","status":"failed","statusDetails":"AssertionError: [AssertionError] during step: Login via UI\nMessage: [AssertionError] during step: Verify that Auth page displayed\nMessage: Auth page should be displayed!","time":{"start":1766547914662,"stop":1766548095138,"duration":180476}},{"uid":"5b36209fb29c2488","status":"failed","statusDetails":"AssertionError: [TimeoutError] during step: Click Apply config button\nMessage: Element not ready for click after 10000ms: <Locator frame=<Frame name= url='https://console.dev.apolo.us/apps/shell/install?cluster=default&project=regression-proj-1iqz666w2p&org=regression-org-zme67iet673p'> selector='internal:role=button[name=\"Apply config\"i]'>\nLast error: Locator expected to be enabled\nActual value: disabled \nCall log:\n  - Expect \"to_be_enabled\" with timeout 500ms\n  - waiting for get_by_role(\"button\", name=\"Apply config\")\n    4 × locator resolved to <button disabled type=\"button\" class=\"relative inline-flex cursor-pointer items-center justify-center rounded-xl py-1 transition-colors text-button h-12 gap-2 bg-primary text-white hover:bg-primary-medium active:bg-primary-dark disabled:bg-neural-01 disabled:text-neural-03 px-10 capitalize pointer-events-none\">Apply config</button>\n      - unexpected value \"disabled\"","time":{"start":1766461901411,"stop":1766461992830,"duration":91419}},{"uid":"a5fd477f4cc24041","status":"failed","statusDetails":"AssertionError: [TimeoutError] during step: Click Apply config button\nMessage: Element not ready for click after 10000ms: <Locator frame=<Frame name= url='https://console.dev.apolo.us/apps/shell/install?cluster=default&project=regression-proj-ior4wpmsxh&org=regression-org-a6230xyt3fa3'> selector='internal:role=button[name=\"Apply config\"i]'>\nLast error: Locator expected to be enabled\nActual value: disabled \nCall log:\n  - Expect \"to_be_enabled\" with timeout 500ms\n  - waiting for get_by_role(\"button\", name=\"Apply config\")\n    4 × locator resolved to <button disabled type=\"button\" class=\"relative inline-flex cursor-pointer items-center justify-center rounded-xl py-1 transition-colors text-button h-12 gap-2 bg-primary text-white hover:bg-primary-medium active:bg-primary-dark disabled:bg-neural-01 disabled:text-neural-03 px-10 capitalize pointer-events-none\">Apply config</button>\n      - unexpected value \"disabled\"","time":{"start":1766376590677,"stop":1766376672627,"duration":81950}},{"uid":"a72ac56b2123b28c","status":"failed","statusDetails":"AssertionError: [TimeoutError] during step: Click Apply config button\nMessage: Element not ready for click after 10000ms: <Locator frame=<Frame name= url='https://console.dev.apolo.us/apps/shell/install?cluster=default&project=regression-proj-ph6wty4sdc&org=regression-org-bhhpdpt398te'> selector='internal:role=button[name=\"Apply config\"i]'>\nLast error: Locator expected to be enabled\nActual value: disabled \nCall log:\n  - Expect \"to_be_enabled\" with timeout 500ms\n  - waiting for get_by_role(\"button\", name=\"Apply config\")\n    4 × locator resolved to <button disabled type=\"button\" class=\"relative inline-flex cursor-pointer items-center justify-center rounded-xl py-1 transition-colors text-button h-12 gap-2 bg-primary text-white hover:bg-primary-medium active:bg-primary-dark disabled:bg-neural-01 disabled:text-neural-03 px-10 capitalize pointer-events-none\">Apply config</button>\n      - unexpected value \"disabled\"","time":{"start":1766289546429,"stop":1766289637754,"duration":91325}},{"uid":"7037ac43cd28c365","status":"failed","statusDetails":"AssertionError: [TimeoutError] during step: Click Apply config button\nMessage: Element not ready for click after 10000ms: <Locator frame=<Frame name= url='https://console.dev.apolo.us/apps/shell/install?cluster=default&project=regression-proj-xm9ejyjiiz&org=regression-org-y034vagj7y67'> selector='internal:role=button[name=\"Apply config\"i]'>\nLast error: Locator expected to be enabled\nActual value: disabled \nCall log:\n  - Expect \"to_be_enabled\" with timeout 500ms\n  - waiting for get_by_role(\"button\", name=\"Apply config\")\n    4 × locator resolved to <button disabled type=\"button\" class=\"relative inline-flex cursor-pointer items-center justify-center rounded-xl py-1 transition-colors text-button h-12 gap-2 bg-primary text-white hover:bg-primary-medium active:bg-primary-dark disabled:bg-neural-01 disabled:text-neural-03 px-10 capitalize pointer-events-none\">Apply config</button>\n      - unexpected value \"disabled\"","time":{"start":1766202498259,"stop":1766202595401,"duration":97142}},{"uid":"b8e21f14163baa7c","status":"failed","statusDetails":"AssertionError: [AssertionError] during step: Verify that Shell install page displayed\nMessage: Shell Install page should be displayed!","time":{"start":1766116772884,"stop":1766116832525,"duration":59641}},{"uid":"e016b8d951f7ead1","status":"failed","statusDetails":"AssertionError: [AssertionError] during step: Login via UI\nMessage: [TimeoutError] during step: Click Continue button\nMessage: Locator.click: Timeout 30000ms exceeded.\nCall log:\n  - waiting for locator(\"button[type='submit'][name='action'][value='default']\")\n\nNote: Playwright Timeout. Element not found or action took too long.","time":{"start":1766030068491,"stop":1766030132139,"duration":63648}},{"uid":"69b996c857484144","status":"failed","statusDetails":"AssertionError: [TimeoutError] during step: Click Apply config button\nMessage: Element not ready for click after 10000ms: <Locator frame=<Frame name= url='https://console.dev.apolo.us/apps/shell/install?cluster=default&project=regression-proj-s5lq4whw9o&org=regression-org-00jj33kpbmz2'> selector='internal:role=button[name=\"Apply config\"i]'>\nLast error: Locator expected to be enabled\nActual value: disabled \nCall log:\n  - Expect \"to_be_enabled\" with timeout 500ms\n  - waiting for get_by_role(\"button\", name=\"Apply config\")\n    4 × locator resolved to <button disabled type=\"button\" class=\"relative inline-flex cursor-pointer items-center justify-center rounded-xl py-1 transition-colors text-button h-12 gap-2 bg-primary text-white hover:bg-primary-medium active:bg-primary-dark disabled:bg-neural-01 disabled:text-neural-03 px-10 capitalize pointer-events-none\">Apply config</button>\n      - unexpected value \"disabled\"","time":{"start":1765944774152,"stop":1765944855686,"duration":81534}},{"uid":"e6be5df210a89083","status":"failed","statusDetails":"AssertionError: [AssertionError] during step: Verify that Shell install page displayed\nMessage: Shell Install page should be displayed!","time":{"start":1765858326647,"stop":1765858396409,"duration":69762}},{"uid":"f96391daf5f77289","status":"failed","statusDetails":"AssertionError: [TimeoutError] during step: Click Apply config button\nMessage: Element not ready for click after 10000ms: <Locator frame=<Frame name= url='https://console.dev.apolo.us/apps/shell/install?cluster=default&project=regression-proj-oq8h93vxgr&org=regression-org-5xh1akm3rt1s'> selector='internal:role=button[name=\"Apply config\"i]'>\nLast error: Locator expected to be enabled\nActual value: disabled \nCall log:\n  - Expect \"to_be_enabled\" with timeout 500ms\n  - waiting for get_by_role(\"button\", name=\"Apply config\")\n    4 × locator resolved to <button disabled type=\"button\" class=\"relative inline-flex cursor-pointer items-center justify-center rounded-xl py-1 transition-colors text-button h-12 gap-2 bg-primary text-white hover:bg-primary-medium active:bg-primary-dark disabled:bg-neural-01 disabled:text-neural-03 px-10 capitalize pointer-events-none\">Apply config</button>\n      - unexpected value \"disabled\"","time":{"start":1765772091075,"stop":1765772182132,"duration":91057}},{"uid":"c98c23425944dcba","status":"failed","statusDetails":"AssertionError: [TimeoutError] during step: Click Apply config button\nMessage: Element not ready for click after 10000ms: <Locator frame=<Frame name= url='https://console.dev.apolo.us/apps/shell/install?cluster=default&project=regression-proj-0tkq05cdx0&org=regression-org-f4gopjsxhkpg'> selector='internal:role=button[name=\"Apply config\"i]'>\nLast error: Locator expected to be enabled\nActual value: disabled \nCall log:\n  - Expect \"to_be_enabled\" with timeout 500ms\n  - waiting for get_by_role(\"button\", name=\"Apply config\")\n    4 × locator resolved to <button disabled type=\"button\" class=\"relative inline-flex cursor-pointer items-center justify-center rounded-xl py-1 transition-colors text-button h-12 gap-2 bg-primary text-white hover:bg-primary-medium active:bg-primary-dark disabled:bg-neural-01 disabled:text-neural-03 px-10 capitalize pointer-events-none\">Apply config</button>\n      - unexpected value \"disabled\"","time":{"start":1765685546411,"stop":1765685637376,"duration":90965}},{"uid":"4a9b52cf432a869e","status":"failed","statusDetails":"AssertionError: [TimeoutError] during step: Click Apply config button\nMessage: Element not ready for click after 10000ms: <Locator frame=<Frame name= url='https://console.dev.apolo.us/apps/shell/install?cluster=default&project=regression-proj-ndy65fb7ai&org=regression-org-v3nmskc2am4d'> selector='internal:role=button[name=\"Apply config\"i]'>\nLast error: Locator expected to be enabled\nActual value: disabled \nCall log:\n  - Expect \"to_be_enabled\" with timeout 500ms\n  - waiting for get_by_role(\"button\", name=\"Apply config\")\n    4 × locator resolved to <button disabled type=\"button\" class=\"relative inline-flex cursor-pointer items-center justify-center rounded-xl py-1 transition-colors text-button h-12 gap-2 bg-primary text-white hover:bg-primary-medium active:bg-primary-dark disabled:bg-neural-01 disabled:text-neural-03 px-10 capitalize pointer-events-none\">Apply config</button>\n      - unexpected value \"disabled\"","time":{"start":1765599600864,"stop":1765599788373,"duration":187509}},{"uid":"96da02906adf4b42","status":"failed","statusDetails":"AssertionError: [TimeoutError] during step: Click Apply config button\nMessage: Element not ready for click after 10000ms: <Locator frame=<Frame name= url='https://console.dev.apolo.us/apps/shell/install?cluster=default&project=regression-proj-tlgfzbfw7f&org=regression-org-sxqdl2h14fno'> selector='internal:role=button[name=\"Apply config\"i]'>\nLast error: Locator expected to be enabled\nActual value: disabled \nCall log:\n  - Expect \"to_be_enabled\" with timeout 500ms\n  - waiting for get_by_role(\"button\", name=\"Apply config\")\n    4 × locator resolved to <button disabled type=\"button\" class=\"relative inline-flex cursor-pointer items-center justify-center rounded-xl py-1 transition-colors text-button h-12 gap-2 bg-primary text-white hover:bg-primary-medium active:bg-primary-dark disabled:bg-neural-01 disabled:text-neural-03 px-10 capitalize pointer-events-none\">Apply config</button>\n      - unexpected value \"disabled\"","time":{"start":1765513293618,"stop":1765513376908,"duration":83290}},{"uid":"d005b81c0a24139e","status":"failed","statusDetails":"AssertionError: [AssertionError] during step: Verify that Shell install page displayed\nMessage: Shell Install page should be displayed!","time":{"start":1765339155022,"stop":1765339319387,"duration":164365}}]},"tags":["asyncio","class_setup"]},"source":"38c8c6ed062cdcc5.json","parameterValues":[]}