{"uid":"3bb67b6cedd41220","name":"Enter command in Shell app via UI","fullName":"tests.test_cases.tests_e2e.test_shell_app.TestE2EShellApp#test_enter_command_in_shell_via_ui","historyId":"5fe4e71760bd266df820d8b098519683","time":{"start":1763956121606,"stop":1763956121606,"duration":0},"description":"\n### Pre-conditions:\n- Shell app installed.\n\n### Steps:\n- Login with valid credentials.\n- Call `output` API.\n- Get `external https` endpoint.\n- Launch Shell app.\n- Execute `apolo config show` command.\n\n### Verify that Shell app output contains:\n\n- executed command `apolo config show`.\n- `User configuration` section.\n- `Resource Preset` section.\n","descriptionHtml":"<div style='line-height:1.6;'><h3>Pre-conditions:</h3>\n<ul>\n<li>Shell app installed.</li>\n</ul>\n<h3>Steps:</h3>\n<ul>\n<li>Login with valid credentials.</li>\n<li>Call <span style='background-color:#D3D3D3; padding:2px 4px; border-radius:3px; font-family:monospace;'>output</span> API.</li>\n<li>Get <span style='background-color:#D3D3D3; padding:2px 4px; border-radius:3px; font-family:monospace;'>external https</span> endpoint.</li>\n<li>Launch Shell app.</li>\n<li>Execute <span style='background-color:#D3D3D3; padding:2px 4px; border-radius:3px; font-family:monospace;'>apolo config show</span> command.</li>\n</ul>\n<h3>Verify that Shell app output contains:</h3>\n<ul>\n<li>executed command <span style='background-color:#D3D3D3; padding:2px 4px; border-radius:3px; font-family:monospace;'>apolo config show</span>.</li>\n<li><span style='background-color:#D3D3D3; padding:2px 4px; border-radius:3px; font-family:monospace;'>User configuration</span> section.</li>\n<li><span style='background-color:#D3D3D3; padding:2px 4px; border-radius:3px; font-family:monospace;'>Resource Preset</span> section.</li>\n</ul></div>","status":"skipped","statusMessage":"Skipped: Shell app was not installed successfully","statusTrace":"('/home/runner/work/apolo-test-automation/apolo-test-automation/tests/test_cases/tests_e2e/test_shell_app.py', 466, 'Skipped: Shell app was not installed successfully')","flaky":false,"newFailed":false,"newBroken":false,"newPassed":false,"retriesCount":0,"retriesStatusChange":false,"beforeStages":[{"name":"base_url","time":{"start":1763947926255,"stop":1763947926255,"duration":0},"status":"passed","steps":[],"attachments":[],"parameters":[],"shouldDisplayMessage":false,"stepsCount":0,"attachmentsCount":0,"hasContent":false,"attachmentStep":false},{"name":"pytestconfig","time":{"start":1763947926255,"stop":1763947926255,"duration":0},"status":"passed","steps":[],"attachments":[],"parameters":[],"shouldDisplayMessage":false,"stepsCount":0,"attachmentsCount":0,"hasContent":false,"attachmentStep":false},{"name":"delete_output_dir","time":{"start":1763947926255,"stop":1763947926255,"duration":0},"status":"passed","steps":[],"attachments":[],"parameters":[],"shouldDisplayMessage":false,"stepsCount":0,"attachmentsCount":0,"hasContent":false,"attachmentStep":false},{"name":"event_loop_policy","time":{"start":1763947926255,"stop":1763947926255,"duration":0},"status":"passed","steps":[],"attachments":[],"parameters":[],"shouldDisplayMessage":false,"stepsCount":0,"attachmentsCount":0,"hasContent":false,"attachmentStep":false},{"name":"_verify_url","time":{"start":1763947926255,"stop":1763947926255,"duration":0},"status":"passed","steps":[],"attachments":[],"parameters":[],"shouldDisplayMessage":false,"stepsCount":0,"attachmentsCount":0,"hasContent":false,"attachmentStep":false},{"name":"ensure_storage_directories","time":{"start":1763947926256,"stop":1763947926256,"duration":0},"status":"passed","steps":[],"attachments":[],"parameters":[],"shouldDisplayMessage":false,"stepsCount":0,"attachmentsCount":0,"hasContent":false,"attachmentStep":false},{"name":"delay_worker_start","time":{"start":1763947926256,"stop":1763947926256,"duration":0},"status":"passed","steps":[],"attachments":[],"parameters":[],"shouldDisplayMessage":false,"stepsCount":0,"attachmentsCount":0,"hasContent":false,"attachmentStep":false},{"name":"test_config","time":{"start":1763956121607,"stop":1763956121610,"duration":3},"status":"passed","steps":[],"attachments":[],"parameters":[],"shouldDisplayMessage":false,"stepsCount":0,"attachmentsCount":0,"hasContent":false,"attachmentStep":false},{"name":"page_manager","time":{"start":1763956121610,"stop":1763956122196,"duration":586},"status":"passed","steps":[],"attachments":[],"parameters":[],"shouldDisplayMessage":false,"stepsCount":0,"attachmentsCount":0,"hasContent":false,"attachmentStep":false},{"name":"_function_scoped_runner","time":{"start":1763956121610,"stop":1763956121611,"duration":1},"status":"passed","steps":[],"attachments":[],"parameters":[],"shouldDisplayMessage":false,"stepsCount":0,"attachmentsCount":0,"hasContent":false,"attachmentStep":false},{"name":"data_manager","time":{"start":1763956122196,"stop":1763956122196,"duration":0},"status":"passed","steps":[],"attachments":[],"parameters":[],"shouldDisplayMessage":false,"stepsCount":0,"attachmentsCount":0,"hasContent":false,"attachmentStep":false},{"name":"users_manager","time":{"start":1763956122196,"stop":1763956122196,"duration":0},"status":"passed","steps":[],"attachments":[],"parameters":[],"shouldDisplayMessage":false,"stepsCount":0,"attachmentsCount":0,"hasContent":false,"attachmentStep":false},{"name":"api_helper","time":{"start":1763956122196,"stop":1763956122196,"duration":0},"status":"passed","steps":[],"attachments":[],"parameters":[],"shouldDisplayMessage":false,"stepsCount":0,"attachmentsCount":0,"hasContent":false,"attachmentStep":false},{"name":"apolo_cli","time":{"start":1763956122197,"stop":1763956122197,"duration":0},"status":"passed","steps":[],"attachments":[],"parameters":[],"shouldDisplayMessage":false,"stepsCount":0,"attachmentsCount":0,"hasContent":false,"attachmentStep":false},{"name":"_inject_fixtures","time":{"start":1763956122197,"stop":1763956122197,"duration":0},"status":"passed","steps":[],"attachments":[],"parameters":[],"shouldDisplayMessage":false,"stepsCount":0,"attachmentsCount":0,"hasContent":false,"attachmentStep":false},{"name":"setup_cleanup","time":{"start":1763956122197,"stop":1763956122197,"duration":0},"status":"passed","steps":[],"attachments":[],"parameters":[],"shouldDisplayMessage":false,"stepsCount":0,"attachmentsCount":0,"hasContent":false,"attachmentStep":false},{"name":"add_page_manager","time":{"start":1763956122197,"stop":1763956122197,"duration":0},"status":"passed","steps":[],"attachments":[],"parameters":[],"shouldDisplayMessage":false,"stepsCount":0,"attachmentsCount":0,"hasContent":false,"attachmentStep":false},{"name":"setup","time":{"start":1763956122198,"stop":1763956122198,"duration":0},"status":"passed","steps":[],"attachments":[],"parameters":[],"shouldDisplayMessage":false,"stepsCount":0,"attachmentsCount":0,"hasContent":false,"attachmentStep":false},{"name":"shell_status","time":{"start":1763956122198,"stop":1763956122198,"duration":0},"status":"skipped","statusMessage":"Skipped: Shell app was not installed successfully\n","statusTrace":"  File \"/home/runner/work/apolo-test-automation/apolo-test-automation/.venv/lib/python3.13/site-packages/pluggy/_callers.py\", line 38, in run_old_style_hookwrapper\n    res = yield\n          ^^^^^\n  File \"/home/runner/work/apolo-test-automation/apolo-test-automation/.venv/lib/python3.13/site-packages/pluggy/_callers.py\", line 139, in _multicall\n    teardown.throw(exception)\n    ~~~~~~~~~~~~~~^^^^^^^^^^^\n  File \"/home/runner/work/apolo-test-automation/apolo-test-automation/.venv/lib/python3.13/site-packages/pytest_asyncio/plugin.py\", line 730, in pytest_fixture_setup\n    return (yield)\n            ^^^^^\n  File \"/home/runner/work/apolo-test-automation/apolo-test-automation/.venv/lib/python3.13/site-packages/pluggy/_callers.py\", line 139, in _multicall\n    teardown.throw(exception)\n    ~~~~~~~~~~~~~~^^^^^^^^^^^\n  File \"/home/runner/work/apolo-test-automation/apolo-test-automation/.venv/lib/python3.13/site-packages/_pytest/setuponly.py\", line 36, in pytest_fixture_setup\n    return (yield)\n            ^^^^^\n  File \"/home/runner/work/apolo-test-automation/apolo-test-automation/.venv/lib/python3.13/site-packages/pluggy/_callers.py\", line 121, in _multicall\n    res = hook_impl.function(*args)\n  File \"/home/runner/work/apolo-test-automation/apolo-test-automation/.venv/lib/python3.13/site-packages/_pytest/fixtures.py\", line 1196, in pytest_fixture_setup\n    result = call_fixture_func(fixturefunc, request, kwargs)\n  File \"/home/runner/work/apolo-test-automation/apolo-test-automation/.venv/lib/python3.13/site-packages/_pytest/fixtures.py\", line 930, in call_fixture_func\n    fixture_result = fixturefunc(**kwargs)\n  File \"/home/runner/work/apolo-test-automation/apolo-test-automation/tests/test_cases/tests_e2e/test_shell_app.py\", line 32, in shell_status\n    pytest.skip(\"Shell app was not installed successfully\")\n    ~~~~~~~~~~~^^^^^^^^^^^^^^^^^^^^^^^^^^^^^^^^^^^^^^^^^^^^\n  File \"/home/runner/work/apolo-test-automation/apolo-test-automation/.venv/lib/python3.13/site-packages/_pytest/outcomes.py\", line 159, in skip\n    raise Skipped(msg=reason, allow_module_level=allow_module_level)\n","steps":[],"attachments":[],"parameters":[],"shouldDisplayMessage":true,"stepsCount":0,"attachmentsCount":0,"hasContent":true,"attachmentStep":false}],"testStage":{"description":"\n### Pre-conditions:\n- Shell app installed.\n\n### Steps:\n- Login with valid credentials.\n- Call `output` API.\n- Get `external https` endpoint.\n- Launch Shell app.\n- Execute `apolo config show` command.\n\n### Verify that Shell app output contains:\n\n- executed command `apolo config show`.\n- `User configuration` section.\n- `Resource Preset` section.\n","descriptionHtml":"<div style='line-height:1.6;'><h3>Pre-conditions:</h3>\n<ul>\n<li>Shell app installed.</li>\n</ul>\n<h3>Steps:</h3>\n<ul>\n<li>Login with valid credentials.</li>\n<li>Call <span style='background-color:#D3D3D3; padding:2px 4px; border-radius:3px; font-family:monospace;'>output</span> API.</li>\n<li>Get <span style='background-color:#D3D3D3; padding:2px 4px; border-radius:3px; font-family:monospace;'>external https</span> endpoint.</li>\n<li>Launch Shell app.</li>\n<li>Execute <span style='background-color:#D3D3D3; padding:2px 4px; border-radius:3px; font-family:monospace;'>apolo config show</span> command.</li>\n</ul>\n<h3>Verify that Shell app output contains:</h3>\n<ul>\n<li>executed command <span style='background-color:#D3D3D3; padding:2px 4px; border-radius:3px; font-family:monospace;'>apolo config show</span>.</li>\n<li><span style='background-color:#D3D3D3; padding:2px 4px; border-radius:3px; font-family:monospace;'>User configuration</span> section.</li>\n<li><span style='background-color:#D3D3D3; padding:2px 4px; border-radius:3px; font-family:monospace;'>Resource Preset</span> section.</li>\n</ul></div>","status":"skipped","statusMessage":"Skipped: Shell app was not installed successfully","statusTrace":"('/home/runner/work/apolo-test-automation/apolo-test-automation/tests/test_cases/tests_e2e/test_shell_app.py', 466, 'Skipped: Shell app was not installed successfully')","steps":[],"attachments":[{"uid":"384eeeec7bdbb591","name":"log","source":"384eeeec7bdbb591.txt","type":"text/plain","size":954}],"parameters":[],"shouldDisplayMessage":true,"stepsCount":0,"attachmentsCount":1,"hasContent":true,"attachmentStep":false},"afterStages":[{"name":"setup_cleanup::finalizer","time":{"start":1763956122201,"stop":1763956122201,"duration":0},"status":"passed","steps":[],"attachments":[],"parameters":[],"shouldDisplayMessage":false,"stepsCount":0,"attachmentsCount":0,"hasContent":false,"attachmentStep":false},{"name":"setup_cleanup::finalizer","time":{"start":1763956122201,"stop":1763956122201,"duration":0},"status":"passed","steps":[],"attachments":[],"parameters":[],"shouldDisplayMessage":false,"stepsCount":0,"attachmentsCount":0,"hasContent":false,"attachmentStep":false},{"name":"add_page_manager::finalizer","time":{"start":1763956122201,"stop":1763956122201,"duration":0},"status":"passed","steps":[],"attachments":[],"parameters":[],"shouldDisplayMessage":false,"stepsCount":0,"attachmentsCount":0,"hasContent":false,"attachmentStep":false},{"name":"api_helper::finalizer","time":{"start":1763956122202,"stop":1763956122202,"duration":0},"status":"passed","steps":[],"attachments":[],"parameters":[],"shouldDisplayMessage":false,"stepsCount":0,"attachmentsCount":0,"hasContent":false,"attachmentStep":false},{"name":"_function_scoped_runner::0","time":{"start":1763956122203,"stop":1763956122203,"duration":0},"status":"passed","steps":[],"attachments":[],"parameters":[],"shouldDisplayMessage":false,"stepsCount":0,"attachmentsCount":0,"hasContent":false,"attachmentStep":false}],"labels":[{"name":"parentSuite","value":"E2E Tests"},{"name":"suite","value":"Shell App"},{"name":"tag","value":"asyncio"},{"name":"tag","value":"class_setup"},{"name":"subSuite","value":"TestE2EShellApp"},{"name":"host","value":"runnervmg1sw1"},{"name":"thread","value":"3051-MainThread"},{"name":"framework","value":"pytest"},{"name":"language","value":"cpython3"},{"name":"package","value":"tests.test_cases.tests_e2e.test_shell_app"},{"name":"resultFormat","value":"allure2"}],"parameters":[],"links":[],"hidden":false,"retry":false,"extra":{"severity":"normal","retries":[],"categories":[],"history":{"statistic":{"failed":5,"broken":0,"skipped":20,"passed":19,"unknown":0,"total":44},"items":[{"uid":"b36a4f5b4077918d","status":"failed","statusDetails":"AssertionError: [AssertionError] during step: Verify User configuration displayed in shell output\nMessage: No Org line found for Current Org regression-org-lqxygm89ew6w","time":{"start":1763869637206,"stop":1763869653685,"duration":16479}},{"uid":"76225fb9b913a3e9","status":"passed","time":{"start":1763782878574,"stop":1763782894150,"duration":15576}},{"uid":"b212778d1b61686d","status":"failed","statusDetails":"AssertionError: [AssertionError] during step: Verify User configuration displayed in shell output\nMessage: No Org line found for Current Org regression-org-uesl8psbl90j","time":{"start":1763697675319,"stop":1763697692320,"duration":17001}},{"uid":"89236faaac3240ab","status":"passed","time":{"start":1763611526054,"stop":1763611541218,"duration":15164}},{"uid":"7a5863476ddd68a7","status":"passed","time":{"start":1763524695654,"stop":1763524711013,"duration":15359}},{"uid":"d901de7183a03357","status":"failed","statusDetails":"AssertionError: [AssertionError] during step: Verify User configuration displayed in shell output\nMessage: No Org line found for Current Org regression-org-kiwonfm23q90","time":{"start":1763438420835,"stop":1763438438493,"duration":17658}},{"uid":"749afbe42946b847","status":"passed","time":{"start":1763351611291,"stop":1763351636791,"duration":25500}},{"uid":"1023b7e55aa300aa","status":"passed","time":{"start":1763265269724,"stop":1763265285915,"duration":16191}},{"uid":"21c45ed634825d36","status":"failed","statusDetails":"AssertionError: [AssertionError] during step: Verify User configuration displayed in shell output\nMessage: No Org line found for Current Org regression-org-shtgz6zh4sjl","time":{"start":1763178992061,"stop":1763179007410,"duration":15349}},{"uid":"29bbf7950949a430","status":"passed","time":{"start":1763092011644,"stop":1763092036951,"duration":25307}},{"uid":"579f989fc20c0cba","status":"skipped","statusDetails":"Skipped: Shell app was not installed successfully","time":{"start":1763005885720,"stop":1763005885720,"duration":0}},{"uid":"9f0bfab90c80aa08","status":"passed","time":{"start":1762919166472,"stop":1762919190420,"duration":23948}},{"uid":"16455712e3f95aa6","status":"passed","time":{"start":1762832378314,"stop":1762832393400,"duration":15086}},{"uid":"d20f3dc8606e1fe6","status":"skipped","statusDetails":"Skipped: Shell app was not installed successfully","time":{"start":1762745952942,"stop":1762745952942,"duration":0}},{"uid":"9294402d98712728","status":"skipped","statusDetails":"Skipped: Shell app was not installed successfully","time":{"start":1762659448950,"stop":1762659448950,"duration":0}},{"uid":"1852ec224331c47f","status":"skipped","statusDetails":"Skipped: Shell app was not installed successfully","time":{"start":1762573059510,"stop":1762573059510,"duration":0}},{"uid":"cda83ba711673bc8","status":"skipped","statusDetails":"Skipped: Shell app was not installed successfully","time":{"start":1762486735135,"stop":1762486735135,"duration":0}},{"uid":"d4873dd8e8ee1240","status":"skipped","statusDetails":"Skipped: Shell app was not installed successfully","time":{"start":1762399640936,"stop":1762399640936,"duration":0}},{"uid":"4de6f4eb51eb2fcc","status":"passed","time":{"start":1762313345098,"stop":1762313361874,"duration":16776}},{"uid":"a0e27136f51af28","status":"passed","time":{"start":1762227256829,"stop":1762227271756,"duration":14927}}]},"tags":["asyncio","class_setup"]},"source":"3bb67b6cedd41220.json","parameterValues":[]}