{"uid":"3c8e2152fd68b036","name":"Invite not registered user to project via UI","fullName":"tests.test_cases.tests_ui.test_project_structure_setup.TestUIProjectStructureSetup#test_invite_not_registered_to_proj_via_ui","historyId":"ce8d1af4e980f4180f818bd2dd3406fa","time":{"start":1763865772689,"stop":1763865785647,"duration":12958},"description":"\n- Login with valid credentials.\n- Create new organization via **API**.\n- Create new project.\n\n### Verify that:\n\n- User **cannot** invite to project another user which is **not registered**.\n","descriptionHtml":"<div style='line-height:1.6;'><ul>\n<li>Login with valid credentials.</li>\n<li>Create new organization via <strong>API</strong>.</li>\n<li>Create new project.</li>\n</ul>\n<h3>Verify that:</h3>\n<ul>\n<li>User <strong>cannot</strong> invite to project another user which is <strong>not registered</strong>.</li>\n</ul></div>","status":"failed","statusMessage":"AssertionError: [AssertionError] during step: Login via UI\nMessage: [AssertionError] during step: Verify that Welcome new user page displayed\nMessage: Locator expected to be visible\nActual value: None\nError: element(s) not found \nCall log:\n  - Expect \"to_be_visible\" with timeout 5000ms\n  - waiting for locator(\"h3.truncate.text-h3\").filter(has_text=\"Welcome, regression-gg3n7tf392@apolo.us\")","statusTrace":"tests/reporting_hooks/reporting.py:49: in wrapper\n    result = await func(*args, **kwargs)\n             ^^^^^^^^^^^^^^^^^^^^^^^^^^^\ntests/test_cases/steps/ui_steps/page_steps_impl/welcome_new_user_page_steps.py:14: in verify_ui_page_displayed\n    assert await self._pm.welcome_new_user_page.is_loaded(email=email), (\n           ^^^^^^^^^^^^^^^^^^^^^^^^^^^^^^^^^^^^^^^^^^^^^^^^^^^^^^^^^^^\ntests/components/ui/pages/onboarding_pages/welcome_new_user_page.py:27: in is_loaded\n    await self._get_welcome_user_message(email).expect_to_be_loaded()\ntests/components/ui/pages/base_element.py:51: in expect_to_be_loaded\n    await expect(self.locator).to_be_visible(timeout=timeout)\nE   AssertionError: Locator expected to be visible\nE   Actual value: None\nE   Error: element(s) not found \nE   Call log:\nE     - Expect \"to_be_visible\" with timeout 5000ms\nE     - waiting for locator(\"h3.truncate.text-h3\").filter(has_text=\"Welcome, regression-gg3n7tf392@apolo.us\")\n\nThe above exception was the direct cause of the following exception:\ntests/reporting_hooks/reporting.py:49: in wrapper\n    result = await func(*args, **kwargs)\n             ^^^^^^^^^^^^^^^^^^^^^^^^^^^\ntests/test_cases/steps/ui_steps/ui_steps.py:84: in ui_login\n    await self.welcome_new_user_page.verify_ui_page_displayed(\ntests/reporting_hooks/reporting.py:58: in wrapper\n    raise AssertionError(formatted_msg) from e\nE   AssertionError: [AssertionError] during step: Verify that Welcome new user page displayed\nE   Message: Locator expected to be visible\nE   Actual value: None\nE   Error: element(s) not found \nE   Call log:\nE     - Expect \"to_be_visible\" with timeout 5000ms\nE     - waiting for locator(\"h3.truncate.text-h3\").filter(has_text=\"Welcome, regression-gg3n7tf392@apolo.us\")\n\nThe above exception was the direct cause of the following exception:\ntests/test_cases/tests_ui/test_project_structure_setup.py:301: in test_invite_not_registered_to_proj_via_ui\n    await steps.ui_login(user)\ntests/reporting_hooks/reporting.py:58: in wrapper\n    raise AssertionError(formatted_msg) from e\nE   AssertionError: [AssertionError] during step: Login via UI\nE   Message: [AssertionError] during step: Verify that Welcome new user page displayed\nE   Message: Locator expected to be visible\nE   Actual value: None\nE   Error: element(s) not found \nE   Call log:\nE     - Expect \"to_be_visible\" with timeout 5000ms\nE     - waiting for locator(\"h3.truncate.text-h3\").filter(has_text=\"Welcome, regression-gg3n7tf392@apolo.us\")","flaky":false,"newFailed":false,"newBroken":false,"newPassed":false,"retriesCount":1,"retriesStatusChange":false,"beforeStages":[{"name":"event_loop_policy","time":{"start":1763861510892,"stop":1763861510892,"duration":0},"status":"passed","steps":[],"attachments":[],"parameters":[],"shouldDisplayMessage":false,"stepsCount":0,"attachmentsCount":0,"hasContent":false,"attachmentStep":false},{"name":"delete_output_dir","time":{"start":1763861510892,"stop":1763861510893,"duration":1},"status":"passed","steps":[],"attachments":[],"parameters":[],"shouldDisplayMessage":false,"stepsCount":0,"attachmentsCount":0,"hasContent":false,"attachmentStep":false},{"name":"pytestconfig","time":{"start":1763861510892,"stop":1763861510892,"duration":0},"status":"passed","steps":[],"attachments":[],"parameters":[],"shouldDisplayMessage":false,"stepsCount":0,"attachmentsCount":0,"hasContent":false,"attachmentStep":false},{"name":"base_url","time":{"start":1763861510892,"stop":1763861510892,"duration":0},"status":"passed","steps":[],"attachments":[],"parameters":[],"shouldDisplayMessage":false,"stepsCount":0,"attachmentsCount":0,"hasContent":false,"attachmentStep":false},{"name":"_verify_url","time":{"start":1763861510892,"stop":1763861510892,"duration":0},"status":"passed","steps":[],"attachments":[],"parameters":[],"shouldDisplayMessage":false,"stepsCount":0,"attachmentsCount":0,"hasContent":false,"attachmentStep":false},{"name":"delay_worker_start","time":{"start":1763861510893,"stop":1763861510893,"duration":0},"status":"passed","steps":[],"attachments":[],"parameters":[],"shouldDisplayMessage":false,"stepsCount":0,"attachmentsCount":0,"hasContent":false,"attachmentStep":false},{"name":"ensure_storage_directories","time":{"start":1763861510893,"stop":1763861510893,"duration":0},"status":"passed","steps":[],"attachments":[],"parameters":[],"shouldDisplayMessage":false,"stepsCount":0,"attachmentsCount":0,"hasContent":false,"attachmentStep":false},{"name":"test_config","time":{"start":1763865771706,"stop":1763865771710,"duration":4},"status":"passed","steps":[],"attachments":[],"parameters":[],"shouldDisplayMessage":false,"stepsCount":0,"attachmentsCount":0,"hasContent":false,"attachmentStep":false},{"name":"_function_scoped_runner","time":{"start":1763865771710,"stop":1763865771710,"duration":0},"status":"passed","steps":[],"attachments":[],"parameters":[],"shouldDisplayMessage":false,"stepsCount":0,"attachmentsCount":0,"hasContent":false,"attachmentStep":false},{"name":"page_manager","time":{"start":1763865771710,"stop":1763865772686,"duration":976},"status":"passed","steps":[],"attachments":[],"parameters":[],"shouldDisplayMessage":false,"stepsCount":0,"attachmentsCount":0,"hasContent":false,"attachmentStep":false},{"name":"api_helper","time":{"start":1763865772686,"stop":1763865772687,"duration":1},"status":"passed","steps":[],"attachments":[],"parameters":[],"shouldDisplayMessage":false,"stepsCount":0,"attachmentsCount":0,"hasContent":false,"attachmentStep":false},{"name":"users_manager","time":{"start":1763865772686,"stop":1763865772686,"duration":0},"status":"passed","steps":[],"attachments":[],"parameters":[],"shouldDisplayMessage":false,"stepsCount":0,"attachmentsCount":0,"hasContent":false,"attachmentStep":false},{"name":"data_manager","time":{"start":1763865772686,"stop":1763865772686,"duration":0},"status":"passed","steps":[],"attachments":[],"parameters":[],"shouldDisplayMessage":false,"stepsCount":0,"attachmentsCount":0,"hasContent":false,"attachmentStep":false},{"name":"apolo_cli","time":{"start":1763865772687,"stop":1763865772687,"duration":0},"status":"passed","steps":[],"attachments":[],"parameters":[],"shouldDisplayMessage":false,"stepsCount":0,"attachmentsCount":0,"hasContent":false,"attachmentStep":false},{"name":"setup_cleanup","time":{"start":1763865772687,"stop":1763865772687,"duration":0},"status":"passed","steps":[],"attachments":[],"parameters":[],"shouldDisplayMessage":false,"stepsCount":0,"attachmentsCount":0,"hasContent":false,"attachmentStep":false},{"name":"add_page_manager","time":{"start":1763865772687,"stop":1763865772688,"duration":1},"status":"passed","steps":[],"attachments":[],"parameters":[],"shouldDisplayMessage":false,"stepsCount":0,"attachmentsCount":0,"hasContent":false,"attachmentStep":false},{"name":"_inject_fixtures","time":{"start":1763865772688,"stop":1763865772688,"duration":0},"status":"passed","steps":[],"attachments":[],"parameters":[],"shouldDisplayMessage":false,"stepsCount":0,"attachmentsCount":0,"hasContent":false,"attachmentStep":false},{"name":"setup","time":{"start":1763865772688,"stop":1763865772688,"duration":0},"status":"passed","steps":[],"attachments":[],"parameters":[],"shouldDisplayMessage":false,"stepsCount":0,"attachmentsCount":0,"hasContent":false,"attachmentStep":false}],"testStage":{"description":"\n- Login with valid credentials.\n- Create new organization via **API**.\n- Create new project.\n\n### Verify that:\n\n- User **cannot** invite to project another user which is **not registered**.\n","descriptionHtml":"<div style='line-height:1.6;'><ul>\n<li>Login with valid credentials.</li>\n<li>Create new organization via <strong>API</strong>.</li>\n<li>Create new project.</li>\n</ul>\n<h3>Verify that:</h3>\n<ul>\n<li>User <strong>cannot</strong> invite to project another user which is <strong>not registered</strong>.</li>\n</ul></div>","status":"failed","statusMessage":"AssertionError: [AssertionError] during step: Login via UI\nMessage: [AssertionError] during step: Verify that Welcome new user page displayed\nMessage: Locator expected to be visible\nActual value: None\nError: element(s) not found \nCall log:\n  - Expect \"to_be_visible\" with timeout 5000ms\n  - waiting for locator(\"h3.truncate.text-h3\").filter(has_text=\"Welcome, regression-gg3n7tf392@apolo.us\")","statusTrace":"tests/reporting_hooks/reporting.py:49: in wrapper\n    result = await func(*args, **kwargs)\n             ^^^^^^^^^^^^^^^^^^^^^^^^^^^\ntests/test_cases/steps/ui_steps/page_steps_impl/welcome_new_user_page_steps.py:14: in verify_ui_page_displayed\n    assert await self._pm.welcome_new_user_page.is_loaded(email=email), (\n           ^^^^^^^^^^^^^^^^^^^^^^^^^^^^^^^^^^^^^^^^^^^^^^^^^^^^^^^^^^^\ntests/components/ui/pages/onboarding_pages/welcome_new_user_page.py:27: in is_loaded\n    await self._get_welcome_user_message(email).expect_to_be_loaded()\ntests/components/ui/pages/base_element.py:51: in expect_to_be_loaded\n    await expect(self.locator).to_be_visible(timeout=timeout)\nE   AssertionError: Locator expected to be visible\nE   Actual value: None\nE   Error: element(s) not found \nE   Call log:\nE     - Expect \"to_be_visible\" with timeout 5000ms\nE     - waiting for locator(\"h3.truncate.text-h3\").filter(has_text=\"Welcome, regression-gg3n7tf392@apolo.us\")\n\nThe above exception was the direct cause of the following exception:\ntests/reporting_hooks/reporting.py:49: in wrapper\n    result = await func(*args, **kwargs)\n             ^^^^^^^^^^^^^^^^^^^^^^^^^^^\ntests/test_cases/steps/ui_steps/ui_steps.py:84: in ui_login\n    await self.welcome_new_user_page.verify_ui_page_displayed(\ntests/reporting_hooks/reporting.py:58: in wrapper\n    raise AssertionError(formatted_msg) from e\nE   AssertionError: [AssertionError] during step: Verify that Welcome new user page displayed\nE   Message: Locator expected to be visible\nE   Actual value: None\nE   Error: element(s) not found \nE   Call log:\nE     - Expect \"to_be_visible\" with timeout 5000ms\nE     - waiting for locator(\"h3.truncate.text-h3\").filter(has_text=\"Welcome, regression-gg3n7tf392@apolo.us\")\n\nThe above exception was the direct cause of the following exception:\ntests/test_cases/tests_ui/test_project_structure_setup.py:301: in test_invite_not_registered_to_proj_via_ui\n    await steps.ui_login(user)\ntests/reporting_hooks/reporting.py:58: in wrapper\n    raise AssertionError(formatted_msg) from e\nE   AssertionError: [AssertionError] during step: Login via UI\nE   Message: [AssertionError] during step: Verify that Welcome new user page displayed\nE   Message: Locator expected to be visible\nE   Actual value: None\nE   Error: element(s) not found \nE   Call log:\nE     - Expect \"to_be_visible\" with timeout 5000ms\nE     - waiting for locator(\"h3.truncate.text-h3\").filter(has_text=\"Welcome, regression-gg3n7tf392@apolo.us\")","steps":[{"name":"Login via UI","time":{"start":1763865772689,"stop":1763865785646,"duration":12957},"status":"failed","statusMessage":"AssertionError: [AssertionError] during step: Login via UI\nMessage: [AssertionError] during step: Verify that Welcome new user page displayed\nMessage: Locator expected to be visible\nActual value: None\nError: element(s) not found \nCall log:\n  - Expect \"to_be_visible\" with timeout 5000ms\n  - waiting for locator(\"h3.truncate.text-h3\").filter(has_text=\"Welcome, regression-gg3n7tf392@apolo.us\")\n\n","statusTrace":"  File \"/home/runner/work/apolo-test-automation/apolo-test-automation/tests/reporting_hooks/reporting.py\", line 58, in wrapper\n    raise AssertionError(formatted_msg) from e\n","steps":[{"name":"Verify that Auth page displayed","time":{"start":1763865772689,"stop":1763865773774,"duration":1085},"status":"passed","steps":[],"attachments":[{"uid":"ba15fdcc3dca2bbc","name":"Page URL","source":"ba15fdcc3dca2bbc.txt","type":"text/plain","size":29},{"uid":"df6eeaf9426fbc6b","name":"HTTP 200 - GET config","source":"df6eeaf9426fbc6b.txt","type":"text/plain","size":673},{"uid":"8a94a3515c82b83a","name":"Screenshot: Verify that Auth page displayed (success)","source":"8a94a3515c82b83a.png","type":"image/png","size":88563}],"parameters":[],"shouldDisplayMessage":false,"stepsCount":0,"attachmentsCount":3,"hasContent":true,"attachmentStep":false},{"name":"Click login button","time":{"start":1763865773774,"stop":1763865774959,"duration":1185},"status":"passed","steps":[],"attachments":[{"uid":"31aa6a77e24f986","name":"Page URL","source":"31aa6a77e24f986.txt","type":"text/plain","size":33},{"uid":"f6548e8bfd52f3ac","name":"Screenshot: Click login button (success)","source":"f6548e8bfd52f3ac.png","type":"image/png","size":41524}],"parameters":[],"shouldDisplayMessage":false,"stepsCount":0,"attachmentsCount":2,"hasContent":true,"attachmentStep":false},{"name":"Verify that Login page displayed","time":{"start":1763865774959,"stop":1763865775057,"duration":98},"status":"passed","steps":[],"attachments":[{"uid":"895d29d77192ade3","name":"Page URL","source":"895d29d77192ade3.txt","type":"text/plain","size":215},{"uid":"1e2b1b5016c1e047","name":"Screenshot: Verify that Login page displayed (success)","source":"1e2b1b5016c1e047.png","type":"image/png","size":41637}],"parameters":[],"shouldDisplayMessage":false,"stepsCount":0,"attachmentsCount":2,"hasContent":true,"attachmentStep":false},{"name":"Enter email","time":{"start":1763865775057,"stop":1763865775375,"duration":318},"status":"passed","steps":[],"attachments":[{"uid":"956e280a1aa835b0","name":"Page URL","source":"956e280a1aa835b0.txt","type":"text/plain","size":215},{"uid":"db0febfda1e6a5f8","name":"Screenshot: Enter email (success)","source":"db0febfda1e6a5f8.png","type":"image/png","size":46340}],"parameters":[],"shouldDisplayMessage":false,"stepsCount":0,"attachmentsCount":2,"hasContent":true,"attachmentStep":false},{"name":"Enter password","time":{"start":1763865775375,"stop":1763865775694,"duration":319},"status":"passed","steps":[],"attachments":[{"uid":"40216ca841b68563","name":"Page URL","source":"40216ca841b68563.txt","type":"text/plain","size":215},{"uid":"44f4a5b1b2fcbf49","name":"Screenshot: Enter password (success)","source":"44f4a5b1b2fcbf49.png","type":"image/png","size":46461}],"parameters":[],"shouldDisplayMessage":false,"stepsCount":0,"attachmentsCount":2,"hasContent":true,"attachmentStep":false},{"name":"Click Continue button","time":{"start":1763865775694,"stop":1763865779424,"duration":3730},"status":"passed","steps":[],"attachments":[{"uid":"86e5f19176ea0a07","name":"Page URL","source":"86e5f19176ea0a07.txt","type":"text/plain","size":215},{"uid":"ffce2b2ca8fa85ad","name":"HTTP 200 - GET config","source":"ffce2b2ca8fa85ad.txt","type":"text/plain","size":2137},{"uid":"1ed03eff592af8a","name":"HTTP 200 - GET permissions?uri=blob:","source":"1ed03eff592af8a.txt","type":"text/plain","size":255},{"uid":"7a6f91a3d1cabad2","name":"HTTP 200 - GET regression-org-0plheidef188","source":"7a6f91a3d1cabad2.txt","type":"text/plain","size":444},{"uid":"524265c7d8507a4e","name":"HTTP 200 - GET instances?org=regression-org-0plheidef188&project=regression-proj-693tvfp9tj&cluster=default&size=100","source":"524265c7d8507a4e.txt","type":"text/plain","size":290},{"uid":"c50c14f3693a5e8e","name":"HTTP 200 - GET regression-gg3n7tf392?include=orgs","source":"c50c14f3693a5e8e.txt","type":"text/plain","size":474},{"uid":"f798833d0c61096d","name":"HTTP 200 - GET incoming","source":"f798833d0c61096d.txt","type":"text/plain","size":156},{"uid":"a151e76d88437b90","name":"HTTP 200 - GET regression-gg3n7tf392?include=clusters&include=system_role","source":"a151e76d88437b90.txt","type":"text/plain","size":529},{"uid":"bacbe922bffd9b0f","name":"HTTP 200 - GET templates","source":"bacbe922bffd9b0f.txt","type":"text/plain","size":2146},{"uid":"e50d149c3ffac6c3","name":"HTTP 200 - GET tags","source":"e50d149c3ffac6c3.txt","type":"text/plain","size":948},{"uid":"6cf1820680ffb5e6","name":"Screenshot: Click Continue button (success)","source":"6cf1820680ffb5e6.png","type":"image/png","size":58956}],"parameters":[],"shouldDisplayMessage":false,"stepsCount":0,"attachmentsCount":11,"hasContent":true,"attachmentStep":false},{"name":"Verify that Welcome new user page displayed","time":{"start":1763865779460,"stop":1763865785561,"duration":6101},"status":"failed","statusMessage":"AssertionError: [AssertionError] during step: Verify that Welcome new user page displayed\nMessage: Locator expected to be visible\nActual value: None\nError: element(s) not found \nCall log:\n  - Expect \"to_be_visible\" with timeout 5000ms\n  - waiting for locator(\"h3.truncate.text-h3\").filter(has_text=\"Welcome, regression-gg3n7tf392@apolo.us\")\n\n","statusTrace":"  File \"/home/runner/work/apolo-test-automation/apolo-test-automation/tests/reporting_hooks/reporting.py\", line 58, in wrapper\n    raise AssertionError(formatted_msg) from e\n","steps":[],"attachments":[{"uid":"b6a14085f6d6cc16","name":"Page URL","source":"b6a14085f6d6cc16.txt","type":"text/plain","size":116},{"uid":"8ef718290371eef1","name":"Screenshot: Verify that Welcome new user page displayed (fail)","source":"8ef718290371eef1.png","type":"image/png","size":151452}],"parameters":[],"shouldDisplayMessage":true,"stepsCount":0,"attachmentsCount":2,"hasContent":true,"attachmentStep":false}],"attachments":[{"uid":"89044107e4bd6c17","name":"Page URL","source":"89044107e4bd6c17.txt","type":"text/plain","size":29},{"uid":"5c91a327aeceebd9","name":"HTTP 200 - GET templates?page=1&size=50","source":"5c91a327aeceebd9.txt","type":"text/plain","size":2161},{"uid":"8690c2800c4a951f","name":"Screenshot: Login via UI (fail)","source":"8690c2800c4a951f.png","type":"image/png","size":151452}],"parameters":[],"shouldDisplayMessage":true,"stepsCount":7,"attachmentsCount":27,"hasContent":true,"attachmentStep":false}],"attachments":[{"uid":"7033e9500750f86a","name":"log","source":"7033e9500750f86a.txt","type":"text/plain","size":41083}],"parameters":[],"shouldDisplayMessage":true,"stepsCount":8,"attachmentsCount":28,"hasContent":true,"attachmentStep":false},"afterStages":[{"name":"setup_cleanup::finalizer","time":{"start":1763865785674,"stop":1763865785674,"duration":0},"status":"passed","steps":[],"attachments":[],"parameters":[],"shouldDisplayMessage":false,"stepsCount":0,"attachmentsCount":0,"hasContent":false,"attachmentStep":false},{"name":"setup_cleanup::finalizer","time":{"start":1763865785674,"stop":1763865790916,"duration":5242},"status":"passed","steps":[{"name":"Post-test cleanup","time":{"start":1763865785674,"stop":1763865790915,"duration":5241},"status":"passed","steps":[{"name":"Delete organisation: regression-org-0plheidef188","time":{"start":1763865789867,"stop":1763865790876,"duration":1009},"status":"passed","steps":[{"name":"Delete project: regression-proj-693tvfp9tj","time":{"start":1763865789904,"stop":1763865790094,"duration":190},"status":"passed","steps":[],"attachments":[],"parameters":[],"shouldDisplayMessage":false,"stepsCount":0,"attachmentsCount":0,"hasContent":false,"attachmentStep":false}],"attachments":[],"parameters":[],"shouldDisplayMessage":false,"stepsCount":1,"attachmentsCount":0,"hasContent":true,"attachmentStep":false}],"attachments":[],"parameters":[],"shouldDisplayMessage":false,"stepsCount":2,"attachmentsCount":0,"hasContent":true,"attachmentStep":false}],"attachments":[],"parameters":[],"shouldDisplayMessage":false,"stepsCount":3,"attachmentsCount":0,"hasContent":true,"attachmentStep":false},{"name":"add_page_manager::finalizer","time":{"start":1763865785674,"stop":1763865785674,"duration":0},"status":"passed","steps":[],"attachments":[],"parameters":[],"shouldDisplayMessage":false,"stepsCount":0,"attachmentsCount":0,"hasContent":false,"attachmentStep":false},{"name":"api_helper::finalizer","time":{"start":1763865790916,"stop":1763865790917,"duration":1},"status":"passed","steps":[],"attachments":[],"parameters":[],"shouldDisplayMessage":false,"stepsCount":0,"attachmentsCount":0,"hasContent":false,"attachmentStep":false},{"name":"_function_scoped_runner::0","time":{"start":1763865790917,"stop":1763865790918,"duration":1},"status":"passed","steps":[],"attachments":[],"parameters":[],"shouldDisplayMessage":false,"stepsCount":0,"attachmentsCount":0,"hasContent":false,"attachmentStep":false}],"labels":[{"name":"suite","value":"UI Project Structure Setup"},{"name":"parentSuite","value":"UI Tests"},{"name":"tag","value":"asyncio"},{"name":"subSuite","value":"TestUIProjectStructureSetup"},{"name":"host","value":"runnervmg1sw1"},{"name":"thread","value":"3044-MainThread"},{"name":"framework","value":"pytest"},{"name":"language","value":"cpython3"},{"name":"package","value":"tests.test_cases.tests_ui.test_project_structure_setup"},{"name":"resultFormat","value":"allure2"}],"parameters":[],"links":[],"hidden":false,"retry":false,"extra":{"severity":"normal","retries":[{"uid":"98a4a74db3d89f39","status":"failed","statusDetails":"AssertionError: [AssertionError] during step: Create first project from main page\nMessage: [TimeoutError] during step: Wait for Create project popup disappear\nMessage: Locator.wait_for: Timeout 60ms exceeded.\nCall log:\n  - waiting for locator(\"h2\").filter(has_text=\"Create Project\") to be detached\n    3 × locator resolved to visible <h2 class=\"p-8 text-h4\">Create Project</h2>\n\nNote: Playwright Timeout. Element not found or action took too long.","time":{"start":1763865711609,"stop":1763865757122,"duration":45513}}],"categories":[{"name":"Product defects","matchedStatuses":[],"flaky":false}],"history":{"statistic":{"failed":31,"broken":0,"skipped":0,"passed":84,"unknown":0,"total":115},"items":[{"uid":"7aaa721d4fb3f0a7","status":"failed","statusDetails":"AssertionError: [AssertionError] during step: Create first project from main page\nMessage: [TimeoutError] during step: Wait for Create project popup disappear\nMessage: Locator.wait_for: Timeout 60ms exceeded.\nCall log:\n  - waiting for locator(\"h2\").filter(has_text=\"Create Project\") to be detached\n    3 × locator resolved to visible <h2 class=\"p-8 text-h4\">Create Project</h2>\n\nNote: Playwright Timeout. Element not found or action took too long.","time":{"start":1763780430252,"stop":1763780476633,"duration":46381}},{"uid":"31350b8217c19232","status":"failed","statusDetails":"AssertionError: [AssertionError] during step: Create first project from main page\nMessage: [TimeoutError] during step: Wait for Create project popup disappear\nMessage: Locator.wait_for: Timeout 60ms exceeded.\nCall log:\n  - waiting for locator(\"h2\").filter(has_text=\"Create Project\") to be detached\n    3 × locator resolved to visible <h2 class=\"p-8 text-h4\">Create Project</h2>\n\nNote: Playwright Timeout. Element not found or action took too long.","time":{"start":1763693599907,"stop":1763693647100,"duration":47193}},{"uid":"780232370f8d662c","status":"failed","statusDetails":"AssertionError: [AssertionError] during step: Create first project from main page\nMessage: [TimeoutError] during step: Wait for Create project popup disappear\nMessage: Locator.wait_for: Timeout 60ms exceeded.\nCall log:\n  - waiting for locator(\"h2\").filter(has_text=\"Create Project\") to be detached\n    3 × locator resolved to visible <h2 class=\"p-8 text-h4\">Create Project</h2>\n\nNote: Playwright Timeout. Element not found or action took too long.","time":{"start":1763607216058,"stop":1763607244732,"duration":28674}},{"uid":"a952b00f43501d7","status":"failed","statusDetails":"AssertionError: [AssertionError] during step: Login via UI\nMessage: [AssertionError] during step: Verify that Welcome new user page displayed\nMessage: Locator expected to be visible\nActual value: None\nError: element(s) not found \nCall log:\n  - Expect \"to_be_visible\" with timeout 5000ms\n  - waiting for locator(\"h3.truncate.text-h3\").filter(has_text=\"Welcome, regression-r9rayuhmsy@apolo.us\")","time":{"start":1763522378632,"stop":1763522391104,"duration":12472}},{"uid":"5231dd7de5218c88","status":"failed","statusDetails":"AssertionError: [AssertionError] during step: Create first project from main page\nMessage: [TimeoutError] during step: Wait for Create project popup disappear\nMessage: Locator.wait_for: Timeout 60ms exceeded.\nCall log:\n  - waiting for locator(\"h2\").filter(has_text=\"Create Project\") to be detached\n    3 × locator resolved to visible <h2 class=\"p-8 text-h4\">Create Project</h2>\n\nNote: Playwright Timeout. Element not found or action took too long.","time":{"start":1763433764593,"stop":1763433791850,"duration":27257}},{"uid":"3da7f5e7f23abffa","status":"failed","statusDetails":"AssertionError: [AssertionError] during step: Create first project from main page\nMessage: [TimeoutError] during step: Wait for Create project popup disappear\nMessage: Locator.wait_for: Timeout 60ms exceeded.\nCall log:\n  - waiting for locator(\"h2\").filter(has_text=\"Create Project\") to be detached\n    3 × locator resolved to visible <h2 class=\"p-8 text-h4\">Create Project</h2>\n\nNote: Playwright Timeout. Element not found or action took too long.","time":{"start":1763346354078,"stop":1763346390719,"duration":36641}},{"uid":"e14f34c5d38fe310","status":"failed","statusDetails":"AssertionError: [AssertionError] during step: Create first project from main page\nMessage: [TimeoutError] during step: Wait for Create project popup disappear\nMessage: Locator.wait_for: Timeout 60ms exceeded.\nCall log:\n  - waiting for locator(\"h2\").filter(has_text=\"Create Project\") to be detached\n    3 × locator resolved to visible <h2 class=\"p-8 text-h4\">Create Project</h2>\n\nNote: Playwright Timeout. Element not found or action took too long.","time":{"start":1763262440679,"stop":1763262492118,"duration":51439}},{"uid":"6127b99342b5e264","status":"failed","statusDetails":"AssertionError: [AssertionError] during step: Login via UI\nMessage: [AssertionError] during step: Verify that Welcome new user page displayed\nMessage: Locator expected to be visible\nActual value: None\nError: element(s) not found \nCall log:\n  - Expect \"to_be_visible\" with timeout 5000ms\n  - waiting for locator(\"h3.truncate.text-h3\").filter(has_text=\"Welcome, regression-ixehhlkusx@apolo.us\")","time":{"start":1763174751746,"stop":1763174763513,"duration":11767}},{"uid":"98243b5ab99f5c5f","status":"failed","statusDetails":"AssertionError: [AssertionError] during step: Create first project from main page\nMessage: [TimeoutError] during step: Wait for Create project popup disappear\nMessage: Locator.wait_for: Timeout 60ms exceeded.\nCall log:\n  - waiting for locator(\"h2\").filter(has_text=\"Create Project\") to be detached\n    3 × locator resolved to visible <h2 class=\"p-8 text-h4\">Create Project</h2>\n\nNote: Playwright Timeout. Element not found or action took too long.","time":{"start":1763087964560,"stop":1763087992373,"duration":27813}},{"uid":"21edb6a1630267ac","status":"failed","statusDetails":"AssertionError: [AssertionError] during step: Create first project from main page\nMessage: [TimeoutError] during step: Wait for Create project popup disappear\nMessage: Locator.wait_for: Timeout 60ms exceeded.\nCall log:\n  - waiting for locator(\"h2\").filter(has_text=\"Create Project\") to be detached\n    3 × locator resolved to visible <h2 class=\"p-8 text-h4\">Create Project</h2>\n\nNote: Playwright Timeout. Element not found or action took too long.","time":{"start":1763002878971,"stop":1763002917418,"duration":38447}},{"uid":"82b47da2a03fcca0","status":"failed","statusDetails":"AssertionError: [AssertionError] during step: Login via UI\nMessage: [AssertionError] during step: Verify that Welcome new user page displayed\nMessage: Locator expected to be visible\nActual value: <element(s) not found> \nCall log:\n  - Expect \"to_be_visible\" with timeout 5000ms\n  - waiting for locator(\"h3.truncate.text-h3\").filter(has_text=\"Welcome, regression-0jqoloxnz9@apolo.us\")","time":{"start":1762917967267,"stop":1762917979949,"duration":12682}},{"uid":"6d9faf00b73ad62","status":"failed","statusDetails":"AssertionError: [AssertionError] during step: Login via UI\nMessage: [AssertionError] during step: Verify that Welcome new user page displayed\nMessage: Locator expected to be visible\nActual value: <element(s) not found> \nCall log:\n  - Expect \"to_be_visible\" with timeout 5000ms\n  - waiting for locator(\"h3.truncate.text-h3\").filter(has_text=\"Welcome, regression-jnq796ahvn@apolo.us\")","time":{"start":1762829244922,"stop":1762829266871,"duration":21949}},{"uid":"8d6edafdfd2f395e","status":"failed","statusDetails":"AssertionError: [AssertionError] during step: Create first project from main page\nMessage: [TimeoutError] during step: Wait for Create project popup disappear\nMessage: Locator.wait_for: Timeout 60ms exceeded.\nCall log:\n  - waiting for locator(\"h2\").filter(has_text=\"Create Project\") to be detached\n    3 × locator resolved to visible <h2 class=\"p-8 text-h4\">Create Project</h2>\n\nNote: Playwright Timeout. Element not found or action took too long.","time":{"start":1762742138906,"stop":1762742182478,"duration":43572}},{"uid":"e81e24928b903d8c","status":"failed","statusDetails":"AssertionError: [AssertionError] during step: Create first project from main page\nMessage: [TimeoutError] during step: Wait for Create project popup disappear\nMessage: Locator.wait_for: Timeout 60ms exceeded.\nCall log:\n  - waiting for locator(\"h2\").filter(has_text=\"Create Project\") to be detached\n    3 × locator resolved to visible <h2 class=\"p-8 text-h4\">Create Project</h2>\n\nNote: Playwright Timeout. Element not found or action took too long.","time":{"start":1762570488399,"stop":1762570515634,"duration":27235}},{"uid":"2058cc480fbc9684","status":"failed","statusDetails":"AssertionError: [AssertionError] during step: Create first project from main page\nMessage: [TimeoutError] during step: Wait for Create project popup disappear\nMessage: Locator.wait_for: Timeout 60ms exceeded.\nCall log:\n  - waiting for locator(\"h2\").filter(has_text=\"Create Project\") to be detached\n    3 × locator resolved to visible <h2 class=\"p-8 text-h4\">Create Project</h2>\n\nNote: Playwright Timeout. Element not found or action took too long.","time":{"start":1762482643587,"stop":1762482681294,"duration":37707}},{"uid":"11c455ab46facbae","status":"failed","statusDetails":"AssertionError: [AssertionError] during step: Create first project from main page\nMessage: [TimeoutError] during step: Wait for Create project popup disappear\nMessage: Locator.wait_for: Timeout 60ms exceeded.\nCall log:\n  - waiting for locator(\"h2\").filter(has_text=\"Create Project\") to be detached\n    3 × locator resolved to visible <h2 class=\"p-8 text-h4\">Create Project</h2>\n\nNote: Playwright Timeout. Element not found or action took too long.","time":{"start":1762395793573,"stop":1762395828344,"duration":34771}},{"uid":"70643492f375cc3a","status":"failed","statusDetails":"AssertionError: [AssertionError] during step: Create first project from main page\nMessage: [TimeoutError] during step: Wait for Create project popup disappear\nMessage: Locator.wait_for: Timeout 60ms exceeded.\nCall log:\n  - waiting for locator(\"h2\").filter(has_text=\"Create Project\") to be detached\n    3 × locator resolved to visible <h2 class=\"p-8 text-h4\">Create Project</h2>\n\nNote: Playwright Timeout. Element not found or action took too long.","time":{"start":1762310369967,"stop":1762310406278,"duration":36311}},{"uid":"b9bd98996253bd41","status":"failed","statusDetails":"AssertionError: [AssertionError] during step: Create first project from main page\nMessage: [TimeoutError] during step: Wait for Create project popup disappear\nMessage: Locator.wait_for: Timeout 60ms exceeded.\nCall log:\n  - waiting for locator(\"h2\").filter(has_text=\"Create Project\") to be detached\n    3 × locator resolved to visible <h2 class=\"p-8 text-h4\">Create Project</h2>\n\nNote: Playwright Timeout. Element not found or action took too long.","time":{"start":1762224624438,"stop":1762224660245,"duration":35807}},{"uid":"a8db9fcd5378116e","status":"failed","statusDetails":"AssertionError: [AssertionError] during step: Login via UI\nMessage: [AssertionError] during step: Verify that Welcome new user page displayed\nMessage: Locator expected to be visible\nActual value: <element(s) not found> \nCall log:\n  - Expect \"to_be_visible\" with timeout 5000ms\n  - waiting for locator(\"h3.truncate.text-h3\").filter(has_text=\"Welcome, regression-illnoz6hdk@apolo.us\")","time":{"start":1762135189379,"stop":1762135210661,"duration":21282}},{"uid":"80d3b5332aaa0e59","status":"failed","statusDetails":"AssertionError: [AssertionError] during step: Create first project from main page\nMessage: [TimeoutError] during step: Wait for Create project popup disappear\nMessage: Locator.wait_for: Timeout 60ms exceeded.\nCall log:\n  - waiting for locator(\"h2\").filter(has_text=\"Create Project\") to be detached\n    3 × locator resolved to visible <h2 class=\"p-8 text-h4\">Create Project</h2>\n\nNote: Playwright Timeout. Element not found or action took too long.","time":{"start":1762052766467,"stop":1762052811077,"duration":44610}}]},"tags":["asyncio"]},"source":"3c8e2152fd68b036.json","parameterValues":[]}