{"uid":"441b4a6656132794","name":"Invite not registered user to project via UI","fullName":"tests.test_cases.tests_ui.test_project_structure_setup.TestUIProjectStructureSetup#test_invite_not_registered_to_proj_via_ui","historyId":"ce8d1af4e980f4180f818bd2dd3406fa","time":{"start":1766545038199,"stop":1766545070102,"duration":31903},"description":"\n- Login with valid credentials.\n- Create new organization via **API**.\n- Create new project.\n\n### Verify that:\n\n- User **cannot** invite to project another user which is **not registered**.\n","descriptionHtml":"<div style='line-height:1.6;'><ul>\n<li>Login with valid credentials.</li>\n<li>Create new organization via <strong>API</strong>.</li>\n<li>Create new project.</li>\n</ul>\n<h3>Verify that:</h3>\n<ul>\n<li>User <strong>cannot</strong> invite to project another user which is <strong>not registered</strong>.</li>\n</ul></div>","status":"failed","statusMessage":"AssertionError: [AssertionError] during step: Create first project from main page\nMessage: [TimeoutError] during step: Wait for Create project popup disappear\nMessage: Locator.wait_for: Timeout 60ms exceeded.\nCall log:\n  - waiting for locator(\"h2\").filter(has_text=\"Create Project\") to be detached\n    3 × locator resolved to visible <h2 class=\"p-8 text-h4\">Create Project</h2>\n\nNote: Playwright Timeout. Element not found or action took too long.","statusTrace":"tests/reporting_hooks/reporting.py:49: in wrapper\n    result = await func(*args, **kwargs)\n             ^^^^^^^^^^^^^^^^^^^^^^^^^^^\ntests/test_cases/steps/ui_steps/page_steps_impl/create_proj_popup_steps.py:36: in ui_wait_to_disappear\n    await self._pm.create_proj_popup.wait_to_disappear(org_name=org_name)\ntests/components/ui/pages/create_project_popup.py:83: in wait_to_disappear\n    await self._get_create_proj_title().locator.wait_for(\n.venv/lib/python3.13/site-packages/playwright/async_api/_generated.py:17999: in wait_for\n    await self._impl_obj.wait_for(timeout=timeout, state=state)\n.venv/lib/python3.13/site-packages/playwright/_impl/_locator.py:710: in wait_for\n    await self._frame.wait_for_selector(\n.venv/lib/python3.13/site-packages/playwright/_impl/_frame.py:369: in wait_for_selector\n    await self._channel.send(\n.venv/lib/python3.13/site-packages/playwright/_impl/_connection.py:69: in send\n    return await self._connection.wrap_api_call(\n.venv/lib/python3.13/site-packages/playwright/_impl/_connection.py:559: in wrap_api_call\n    raise rewrite_error(error, f\"{parsed_st['apiName']}: {error}\") from None\nE   playwright._impl._errors.TimeoutError: Locator.wait_for: Timeout 60ms exceeded.\nE   Call log:\nE     - waiting for locator(\"h2\").filter(has_text=\"Create Project\") to be detached\nE       3 × locator resolved to visible <h2 class=\"p-8 text-h4\">Create Project</h2>\n\nThe above exception was the direct cause of the following exception:\ntests/reporting_hooks/reporting.py:49: in wrapper\n    result = await func(*args, **kwargs)\n             ^^^^^^^^^^^^^^^^^^^^^^^^^^^\ntests/test_cases/steps/ui_steps/ui_steps.py:247: in ui_create_first_proj_from_main_page\n    await self.create_proj_popup.ui_wait_to_disappear(org_name=org_name)\ntests/reporting_hooks/reporting.py:58: in wrapper\n    raise AssertionError(formatted_msg) from e\nE   AssertionError: [TimeoutError] during step: Wait for Create project popup disappear\nE   Message: Locator.wait_for: Timeout 60ms exceeded.\nE   Call log:\nE     - waiting for locator(\"h2\").filter(has_text=\"Create Project\") to be detached\nE       3 × locator resolved to visible <h2 class=\"p-8 text-h4\">Create Project</h2>\nE   \nE   Note: Playwright Timeout. Element not found or action took too long.\n\nThe above exception was the direct cause of the following exception:\ntests/test_cases/tests_ui/test_project_structure_setup.py:309: in test_invite_not_registered_to_proj_via_ui\n    await steps.ui_create_first_proj_from_main_page(\ntests/reporting_hooks/reporting.py:58: in wrapper\n    raise AssertionError(formatted_msg) from e\nE   AssertionError: [AssertionError] during step: Create first project from main page\nE   Message: [TimeoutError] during step: Wait for Create project popup disappear\nE   Message: Locator.wait_for: Timeout 60ms exceeded.\nE   Call log:\nE     - waiting for locator(\"h2\").filter(has_text=\"Create Project\") to be detached\nE       3 × locator resolved to visible <h2 class=\"p-8 text-h4\">Create Project</h2>\nE   \nE   Note: Playwright Timeout. Element not found or action took too long.","flaky":false,"newFailed":false,"newBroken":false,"newPassed":false,"retriesCount":1,"retriesStatusChange":false,"beforeStages":[{"name":"pytestconfig","time":{"start":1766539909728,"stop":1766539909728,"duration":0},"status":"passed","steps":[],"attachments":[],"parameters":[],"shouldDisplayMessage":false,"stepsCount":0,"attachmentsCount":0,"hasContent":false,"attachmentStep":false},{"name":"base_url","time":{"start":1766539909728,"stop":1766539909728,"duration":0},"status":"passed","steps":[],"attachments":[],"parameters":[],"shouldDisplayMessage":false,"stepsCount":0,"attachmentsCount":0,"hasContent":false,"attachmentStep":false},{"name":"delete_output_dir","time":{"start":1766539909728,"stop":1766539909728,"duration":0},"status":"passed","steps":[],"attachments":[],"parameters":[],"shouldDisplayMessage":false,"stepsCount":0,"attachmentsCount":0,"hasContent":false,"attachmentStep":false},{"name":"delay_worker_start","time":{"start":1766539909728,"stop":1766539909729,"duration":1},"status":"passed","steps":[],"attachments":[],"parameters":[],"shouldDisplayMessage":false,"stepsCount":0,"attachmentsCount":0,"hasContent":false,"attachmentStep":false},{"name":"_verify_url","time":{"start":1766539909728,"stop":1766539909728,"duration":0},"status":"passed","steps":[],"attachments":[],"parameters":[],"shouldDisplayMessage":false,"stepsCount":0,"attachmentsCount":0,"hasContent":false,"attachmentStep":false},{"name":"event_loop_policy","time":{"start":1766539909728,"stop":1766539909728,"duration":0},"status":"passed","steps":[],"attachments":[],"parameters":[],"shouldDisplayMessage":false,"stepsCount":0,"attachmentsCount":0,"hasContent":false,"attachmentStep":false},{"name":"ensure_storage_directories","time":{"start":1766539909729,"stop":1766539909729,"duration":0},"status":"passed","steps":[],"attachments":[],"parameters":[],"shouldDisplayMessage":false,"stepsCount":0,"attachmentsCount":0,"hasContent":false,"attachmentStep":false},{"name":"test_config","time":{"start":1766545037229,"stop":1766545037233,"duration":4},"status":"passed","steps":[],"attachments":[],"parameters":[],"shouldDisplayMessage":false,"stepsCount":0,"attachmentsCount":0,"hasContent":false,"attachmentStep":false},{"name":"_function_scoped_runner","time":{"start":1766545037233,"stop":1766545037233,"duration":0},"status":"passed","steps":[],"attachments":[],"parameters":[],"shouldDisplayMessage":false,"stepsCount":0,"attachmentsCount":0,"hasContent":false,"attachmentStep":false},{"name":"page_manager","time":{"start":1766545037233,"stop":1766545038196,"duration":963},"status":"passed","steps":[],"attachments":[],"parameters":[],"shouldDisplayMessage":false,"stepsCount":0,"attachmentsCount":0,"hasContent":false,"attachmentStep":false},{"name":"data_manager","time":{"start":1766545038196,"stop":1766545038196,"duration":0},"status":"passed","steps":[],"attachments":[],"parameters":[],"shouldDisplayMessage":false,"stepsCount":0,"attachmentsCount":0,"hasContent":false,"attachmentStep":false},{"name":"users_manager","time":{"start":1766545038196,"stop":1766545038196,"duration":0},"status":"passed","steps":[],"attachments":[],"parameters":[],"shouldDisplayMessage":false,"stepsCount":0,"attachmentsCount":0,"hasContent":false,"attachmentStep":false},{"name":"apolo_cli","time":{"start":1766545038197,"stop":1766545038197,"duration":0},"status":"passed","steps":[],"attachments":[],"parameters":[],"shouldDisplayMessage":false,"stepsCount":0,"attachmentsCount":0,"hasContent":false,"attachmentStep":false},{"name":"setup_cleanup","time":{"start":1766545038197,"stop":1766545038198,"duration":1},"status":"passed","steps":[],"attachments":[],"parameters":[],"shouldDisplayMessage":false,"stepsCount":0,"attachmentsCount":0,"hasContent":false,"attachmentStep":false},{"name":"api_helper","time":{"start":1766545038197,"stop":1766545038197,"duration":0},"status":"passed","steps":[],"attachments":[],"parameters":[],"shouldDisplayMessage":false,"stepsCount":0,"attachmentsCount":0,"hasContent":false,"attachmentStep":false},{"name":"_inject_fixtures","time":{"start":1766545038198,"stop":1766545038198,"duration":0},"status":"passed","steps":[],"attachments":[],"parameters":[],"shouldDisplayMessage":false,"stepsCount":0,"attachmentsCount":0,"hasContent":false,"attachmentStep":false},{"name":"add_page_manager","time":{"start":1766545038198,"stop":1766545038198,"duration":0},"status":"passed","steps":[],"attachments":[],"parameters":[],"shouldDisplayMessage":false,"stepsCount":0,"attachmentsCount":0,"hasContent":false,"attachmentStep":false},{"name":"setup","time":{"start":1766545038199,"stop":1766545038199,"duration":0},"status":"passed","steps":[],"attachments":[],"parameters":[],"shouldDisplayMessage":false,"stepsCount":0,"attachmentsCount":0,"hasContent":false,"attachmentStep":false}],"testStage":{"description":"\n- Login with valid credentials.\n- Create new organization via **API**.\n- Create new project.\n\n### Verify that:\n\n- User **cannot** invite to project another user which is **not registered**.\n","descriptionHtml":"<div style='line-height:1.6;'><ul>\n<li>Login with valid credentials.</li>\n<li>Create new organization via <strong>API</strong>.</li>\n<li>Create new project.</li>\n</ul>\n<h3>Verify that:</h3>\n<ul>\n<li>User <strong>cannot</strong> invite to project another user which is <strong>not registered</strong>.</li>\n</ul></div>","status":"failed","statusMessage":"AssertionError: [AssertionError] during step: Create first project from main page\nMessage: [TimeoutError] during step: Wait for Create project popup disappear\nMessage: Locator.wait_for: Timeout 60ms exceeded.\nCall log:\n  - waiting for locator(\"h2\").filter(has_text=\"Create Project\") to be detached\n    3 × locator resolved to visible <h2 class=\"p-8 text-h4\">Create Project</h2>\n\nNote: Playwright Timeout. Element not found or action took too long.","statusTrace":"tests/reporting_hooks/reporting.py:49: in wrapper\n    result = await func(*args, **kwargs)\n             ^^^^^^^^^^^^^^^^^^^^^^^^^^^\ntests/test_cases/steps/ui_steps/page_steps_impl/create_proj_popup_steps.py:36: in ui_wait_to_disappear\n    await self._pm.create_proj_popup.wait_to_disappear(org_name=org_name)\ntests/components/ui/pages/create_project_popup.py:83: in wait_to_disappear\n    await self._get_create_proj_title().locator.wait_for(\n.venv/lib/python3.13/site-packages/playwright/async_api/_generated.py:17999: in wait_for\n    await self._impl_obj.wait_for(timeout=timeout, state=state)\n.venv/lib/python3.13/site-packages/playwright/_impl/_locator.py:710: in wait_for\n    await self._frame.wait_for_selector(\n.venv/lib/python3.13/site-packages/playwright/_impl/_frame.py:369: in wait_for_selector\n    await self._channel.send(\n.venv/lib/python3.13/site-packages/playwright/_impl/_connection.py:69: in send\n    return await self._connection.wrap_api_call(\n.venv/lib/python3.13/site-packages/playwright/_impl/_connection.py:559: in wrap_api_call\n    raise rewrite_error(error, f\"{parsed_st['apiName']}: {error}\") from None\nE   playwright._impl._errors.TimeoutError: Locator.wait_for: Timeout 60ms exceeded.\nE   Call log:\nE     - waiting for locator(\"h2\").filter(has_text=\"Create Project\") to be detached\nE       3 × locator resolved to visible <h2 class=\"p-8 text-h4\">Create Project</h2>\n\nThe above exception was the direct cause of the following exception:\ntests/reporting_hooks/reporting.py:49: in wrapper\n    result = await func(*args, **kwargs)\n             ^^^^^^^^^^^^^^^^^^^^^^^^^^^\ntests/test_cases/steps/ui_steps/ui_steps.py:247: in ui_create_first_proj_from_main_page\n    await self.create_proj_popup.ui_wait_to_disappear(org_name=org_name)\ntests/reporting_hooks/reporting.py:58: in wrapper\n    raise AssertionError(formatted_msg) from e\nE   AssertionError: [TimeoutError] during step: Wait for Create project popup disappear\nE   Message: Locator.wait_for: Timeout 60ms exceeded.\nE   Call log:\nE     - waiting for locator(\"h2\").filter(has_text=\"Create Project\") to be detached\nE       3 × locator resolved to visible <h2 class=\"p-8 text-h4\">Create Project</h2>\nE   \nE   Note: Playwright Timeout. Element not found or action took too long.\n\nThe above exception was the direct cause of the following exception:\ntests/test_cases/tests_ui/test_project_structure_setup.py:309: in test_invite_not_registered_to_proj_via_ui\n    await steps.ui_create_first_proj_from_main_page(\ntests/reporting_hooks/reporting.py:58: in wrapper\n    raise AssertionError(formatted_msg) from e\nE   AssertionError: [AssertionError] during step: Create first project from main page\nE   Message: [TimeoutError] during step: Wait for Create project popup disappear\nE   Message: Locator.wait_for: Timeout 60ms exceeded.\nE   Call log:\nE     - waiting for locator(\"h2\").filter(has_text=\"Create Project\") to be detached\nE       3 × locator resolved to visible <h2 class=\"p-8 text-h4\">Create Project</h2>\nE   \nE   Note: Playwright Timeout. Element not found or action took too long.","steps":[{"name":"Login via UI","time":{"start":1766545038200,"stop":1766545047691,"duration":9491},"status":"passed","steps":[{"name":"Verify that Auth page displayed","time":{"start":1766545038200,"stop":1766545039285,"duration":1085},"status":"passed","steps":[],"attachments":[{"uid":"d8de9c4944491458","name":"Page URL","source":"d8de9c4944491458.txt","type":"text/plain","size":29},{"uid":"1705476b6234f51e","name":"HTTP 200 - GET config","source":"1705476b6234f51e.txt","type":"text/plain","size":673},{"uid":"abc61246733846bf","name":"Screenshot: Verify that Auth page displayed (success)","source":"abc61246733846bf.png","type":"image/png","size":88563}],"parameters":[],"shouldDisplayMessage":false,"stepsCount":0,"attachmentsCount":3,"hasContent":true,"attachmentStep":false},{"name":"Click login button","time":{"start":1766545039285,"stop":1766545040289,"duration":1004},"status":"passed","steps":[],"attachments":[{"uid":"e6ba95e4c3cf3005","name":"Page URL","source":"e6ba95e4c3cf3005.txt","type":"text/plain","size":33},{"uid":"307812cc55514a08","name":"Screenshot: Click login button (success)","source":"307812cc55514a08.png","type":"image/png","size":41524}],"parameters":[],"shouldDisplayMessage":false,"stepsCount":0,"attachmentsCount":2,"hasContent":true,"attachmentStep":false},{"name":"Verify that Login page displayed","time":{"start":1766545040289,"stop":1766545040387,"duration":98},"status":"passed","steps":[],"attachments":[{"uid":"ec935725931f22b6","name":"Page URL","source":"ec935725931f22b6.txt","type":"text/plain","size":215},{"uid":"48e8e5d6bc69f9d1","name":"Screenshot: Verify that Login page displayed (success)","source":"48e8e5d6bc69f9d1.png","type":"image/png","size":41637}],"parameters":[],"shouldDisplayMessage":false,"stepsCount":0,"attachmentsCount":2,"hasContent":true,"attachmentStep":false},{"name":"Enter email","time":{"start":1766545040387,"stop":1766545040705,"duration":318},"status":"passed","steps":[],"attachments":[{"uid":"c3c1cb1c2e0c5ec0","name":"Page URL","source":"c3c1cb1c2e0c5ec0.txt","type":"text/plain","size":215},{"uid":"28268fd555b79765","name":"Screenshot: Enter email (success)","source":"28268fd555b79765.png","type":"image/png","size":46149}],"parameters":[],"shouldDisplayMessage":false,"stepsCount":0,"attachmentsCount":2,"hasContent":true,"attachmentStep":false},{"name":"Enter password","time":{"start":1766545040705,"stop":1766545041031,"duration":326},"status":"passed","steps":[],"attachments":[{"uid":"f5954e24487a8f49","name":"Page URL","source":"f5954e24487a8f49.txt","type":"text/plain","size":215},{"uid":"c127e889003607aa","name":"Screenshot: Enter password (success)","source":"c127e889003607aa.png","type":"image/png","size":46276}],"parameters":[],"shouldDisplayMessage":false,"stepsCount":0,"attachmentsCount":2,"hasContent":true,"attachmentStep":false},{"name":"Click Continue button","time":{"start":1766545041031,"stop":1766545046515,"duration":5484},"status":"passed","steps":[],"attachments":[{"uid":"bdf837279dc596c0","name":"Page URL","source":"bdf837279dc596c0.txt","type":"text/plain","size":215},{"uid":"b5f802857da08163","name":"HTTP 200 - GET config","source":"b5f802857da08163.txt","type":"text/plain","size":830},{"uid":"6d1b45168294833e","name":"HTTP 200 - GET incoming","source":"6d1b45168294833e.txt","type":"text/plain","size":156},{"uid":"12d3c5265a189db5","name":"HTTP 200 - GET permissions?uri=blob:","source":"12d3c5265a189db5.txt","type":"text/plain","size":182},{"uid":"248439862057b1f","name":"HTTP 200 - GET regression-5ft97bupey?include=clusters&include=system_role","source":"248439862057b1f.txt","type":"text/plain","size":407},{"uid":"5694ef7399031dcc","name":"HTTP 200 - GET regression-5ft97bupey?include=orgs","source":"5694ef7399031dcc.txt","type":"text/plain","size":379},{"uid":"e692685c7139e05e","name":"Screenshot: Click Continue button (success)","source":"e692685c7139e05e.png","type":"image/png","size":160469}],"parameters":[],"shouldDisplayMessage":false,"stepsCount":0,"attachmentsCount":7,"hasContent":true,"attachmentStep":false},{"name":"Verify that Welcome new user page displayed","time":{"start":1766545046523,"stop":1766545047613,"duration":1090},"status":"passed","steps":[],"attachments":[{"uid":"a13a9572a4807ab3","name":"Page URL","source":"a13a9572a4807ab3.txt","type":"text/plain","size":44},{"uid":"5d5aa38ed6f8a86e","name":"Screenshot: Verify that Welcome new user page displayed (success)","source":"5d5aa38ed6f8a86e.png","type":"image/png","size":160469}],"parameters":[],"shouldDisplayMessage":false,"stepsCount":0,"attachmentsCount":2,"hasContent":true,"attachmentStep":false}],"attachments":[{"uid":"6970de02e7781010","name":"Page URL","source":"6970de02e7781010.txt","type":"text/plain","size":29},{"uid":"2c2adb5ca3fa61c","name":"Screenshot: Login via UI (success)","source":"2c2adb5ca3fa61c.png","type":"image/png","size":160469}],"parameters":[],"shouldDisplayMessage":false,"stepsCount":7,"attachmentsCount":22,"hasContent":true,"attachmentStep":false},{"name":"Add organization via API and reload page","time":{"start":1766545047691,"stop":1766545067457,"duration":19766},"status":"passed","steps":[{"name":"Reload page","time":{"start":1766545066158,"stop":1766545067390,"duration":1232},"status":"passed","steps":[{"name":"Reload page","time":{"start":1766545066158,"stop":1766545067325,"duration":1167},"status":"passed","steps":[],"attachments":[{"uid":"3820dd6a406ac089","name":"Page URL","source":"3820dd6a406ac089.txt","type":"text/plain","size":44},{"uid":"bfff0ec338e8b545","name":"HTTP 200 - GET config","source":"bfff0ec338e8b545.txt","type":"text/plain","size":2137},{"uid":"81e6e9cf60b52ca9","name":"HTTP 200 - GET incoming","source":"81e6e9cf60b52ca9.txt","type":"text/plain","size":156},{"uid":"e90f0709a0f9db9f","name":"HTTP 200 - GET permissions?uri=blob:","source":"e90f0709a0f9db9f.txt","type":"text/plain","size":255},{"uid":"85936e19135fd4eb","name":"HTTP 200 - GET regression-5ft97bupey?include=orgs","source":"85936e19135fd4eb.txt","type":"text/plain","size":474},{"uid":"4c0bfbf9fa326bb1","name":"HTTP 200 - GET regression-org-q3q571npe66s","source":"4c0bfbf9fa326bb1.txt","type":"text/plain","size":444},{"uid":"c337c52ea4df9770","name":"HTTP 200 - GET regression-5ft97bupey?include=clusters&include=system_role","source":"c337c52ea4df9770.txt","type":"text/plain","size":529},{"uid":"26b6d5bff6c36054","name":"HTTP 200 - GET tags","source":"26b6d5bff6c36054.txt","type":"text/plain","size":948},{"uid":"9850a7baddfdf488","name":"Screenshot: Reload page (success)","source":"9850a7baddfdf488.png","type":"image/png","size":57865}],"parameters":[],"shouldDisplayMessage":false,"stepsCount":0,"attachmentsCount":9,"hasContent":true,"attachmentStep":false}],"attachments":[{"uid":"db6375c695596612","name":"Page URL","source":"db6375c695596612.txt","type":"text/plain","size":44},{"uid":"43223bd46dd6c243","name":"Screenshot: Reload page (success)","source":"43223bd46dd6c243.png","type":"image/png","size":57865}],"parameters":[],"shouldDisplayMessage":false,"stepsCount":1,"attachmentsCount":11,"hasContent":true,"attachmentStep":false}],"attachments":[{"uid":"733a5a6f7fda5ea9","name":"Page URL","source":"733a5a6f7fda5ea9.txt","type":"text/plain","size":44},{"uid":"c724127060074fb9","name":"Screenshot: Add organization via API and reload page (success)","source":"c724127060074fb9.png","type":"image/png","size":57865}],"parameters":[],"shouldDisplayMessage":false,"stepsCount":2,"attachmentsCount":13,"hasContent":true,"attachmentStep":false},{"name":"Create first project from main page","time":{"start":1766545067457,"stop":1766545070101,"duration":2644},"status":"failed","statusMessage":"AssertionError: [AssertionError] during step: Create first project from main page\nMessage: [TimeoutError] during step: Wait for Create project popup disappear\nMessage: Locator.wait_for: Timeout 60ms exceeded.\nCall log:\n  - waiting for locator(\"h2\").filter(has_text=\"Create Project\") to be detached\n    3 × locator resolved to visible <h2 class=\"p-8 text-h4\">Create Project</h2>\n\nNote: Playwright Timeout. Element not found or action took too long.\n","statusTrace":"  File \"/home/runner/work/apolo-test-automation/apolo-test-automation/tests/reporting_hooks/reporting.py\", line 58, in wrapper\n    raise AssertionError(formatted_msg) from e\n","steps":[{"name":"Click Create project button on the main page","time":{"start":1766545067457,"stop":1766545068401,"duration":944},"status":"passed","steps":[],"attachments":[{"uid":"f11c7566644d9463","name":"Page URL","source":"f11c7566644d9463.txt","type":"text/plain","size":81},{"uid":"db249a644d8a0186","name":"Screenshot: Click Create project button on the main page (success)","source":"db249a644d8a0186.png","type":"image/png","size":79496}],"parameters":[],"shouldDisplayMessage":false,"stepsCount":0,"attachmentsCount":2,"hasContent":true,"attachmentStep":false},{"name":"Verify Create project popup displayed","time":{"start":1766545068401,"stop":1766545068497,"duration":96},"status":"passed","steps":[],"attachments":[{"uid":"22c1b01dd3000daf","name":"Page URL","source":"22c1b01dd3000daf.txt","type":"text/plain","size":81},{"uid":"4a28bddfaec3d8ac","name":"Screenshot: Verify Create project popup displayed (success)","source":"4a28bddfaec3d8ac.png","type":"image/png","size":79517}],"parameters":[],"shouldDisplayMessage":false,"stepsCount":0,"attachmentsCount":2,"hasContent":true,"attachmentStep":false},{"name":"Enter project name","time":{"start":1766545068497,"stop":1766545068817,"duration":320},"status":"passed","steps":[],"attachments":[{"uid":"d5071ec8887c4754","name":"Page URL","source":"d5071ec8887c4754.txt","type":"text/plain","size":81},{"uid":"7035c41e4f16a309","name":"Screenshot: Enter project name (success)","source":"7035c41e4f16a309.png","type":"image/png","size":83415}],"parameters":[],"shouldDisplayMessage":false,"stepsCount":0,"attachmentsCount":2,"hasContent":true,"attachmentStep":false},{"name":"Select user role","time":{"start":1766545068817,"stop":1766545068911,"duration":94},"status":"passed","steps":[],"attachments":[{"uid":"b70fd7ed8928e766","name":"Page URL","source":"b70fd7ed8928e766.txt","type":"text/plain","size":81},{"uid":"5df7b2b704dcb021","name":"Screenshot: Select user role (success)","source":"5df7b2b704dcb021.png","type":"image/png","size":83405}],"parameters":[],"shouldDisplayMessage":false,"stepsCount":0,"attachmentsCount":2,"hasContent":true,"attachmentStep":false},{"name":"Click Create button","time":{"start":1766545068912,"stop":1766545069868,"duration":956},"status":"passed","steps":[],"attachments":[{"uid":"5f7a531b02391647","name":"Page URL","source":"5f7a531b02391647.txt","type":"text/plain","size":81},{"uid":"87a9192f2f272d77","name":"HTTP 404 - GET regression-proj-55ozo9x5pv","source":"87a9192f2f272d77.txt","type":"text/plain","size":340},{"uid":"a175e43ca5d1c9ef","name":"Screenshot: Click Create button (success)","source":"a175e43ca5d1c9ef.png","type":"image/png","size":82293}],"parameters":[],"shouldDisplayMessage":false,"stepsCount":0,"attachmentsCount":3,"hasContent":true,"attachmentStep":false},{"name":"Wait for Create project popup disappear","time":{"start":1766545069868,"stop":1766545070017,"duration":149},"status":"failed","statusMessage":"AssertionError: [TimeoutError] during step: Wait for Create project popup disappear\nMessage: Locator.wait_for: Timeout 60ms exceeded.\nCall log:\n  - waiting for locator(\"h2\").filter(has_text=\"Create Project\") to be detached\n    3 × locator resolved to visible <h2 class=\"p-8 text-h4\">Create Project</h2>\n\nNote: Playwright Timeout. Element not found or action took too long.\n","statusTrace":"  File \"/home/runner/work/apolo-test-automation/apolo-test-automation/tests/reporting_hooks/reporting.py\", line 58, in wrapper\n    raise AssertionError(formatted_msg) from e\n","steps":[],"attachments":[{"uid":"e632d9972aaf164b","name":"Page URL","source":"e632d9972aaf164b.txt","type":"text/plain","size":81},{"uid":"91025840b1776ad3","name":"Screenshot: Wait for Create project popup disappear (fail)","source":"91025840b1776ad3.png","type":"image/png","size":82252}],"parameters":[],"shouldDisplayMessage":true,"stepsCount":0,"attachmentsCount":2,"hasContent":true,"attachmentStep":false}],"attachments":[{"uid":"21184142e222f86e","name":"Page URL","source":"21184142e222f86e.txt","type":"text/plain","size":81},{"uid":"a502c9b3a544934b","name":"Screenshot: Create first project from main page (fail)","source":"a502c9b3a544934b.png","type":"image/png","size":82220}],"parameters":[],"shouldDisplayMessage":true,"stepsCount":6,"attachmentsCount":15,"hasContent":true,"attachmentStep":false}],"attachments":[{"uid":"2a7a0ff938a0fc62","name":"log","source":"2a7a0ff938a0fc62.txt","type":"text/plain","size":41483}],"parameters":[],"shouldDisplayMessage":true,"stepsCount":18,"attachmentsCount":51,"hasContent":true,"attachmentStep":false},"afterStages":[{"name":"setup_cleanup::finalizer","time":{"start":1766545070324,"stop":1766545070325,"duration":1},"status":"passed","steps":[],"attachments":[],"parameters":[],"shouldDisplayMessage":false,"stepsCount":0,"attachmentsCount":0,"hasContent":false,"attachmentStep":false},{"name":"add_page_manager::finalizer","time":{"start":1766545070324,"stop":1766545070324,"duration":0},"status":"passed","steps":[],"attachments":[],"parameters":[],"shouldDisplayMessage":false,"stepsCount":0,"attachmentsCount":0,"hasContent":false,"attachmentStep":false},{"name":"setup_cleanup::finalizer","time":{"start":1766545070325,"stop":1766545074955,"duration":4630},"status":"passed","steps":[{"name":"Post-test cleanup","time":{"start":1766545070325,"stop":1766545074955,"duration":4630},"status":"passed","steps":[{"name":"Delete organisation: regression-org-q3q571npe66s","time":{"start":1766545074225,"stop":1766545074913,"duration":688},"status":"passed","steps":[],"attachments":[],"parameters":[],"shouldDisplayMessage":false,"stepsCount":0,"attachmentsCount":0,"hasContent":false,"attachmentStep":false}],"attachments":[],"parameters":[],"shouldDisplayMessage":false,"stepsCount":1,"attachmentsCount":0,"hasContent":true,"attachmentStep":false}],"attachments":[],"parameters":[],"shouldDisplayMessage":false,"stepsCount":2,"attachmentsCount":0,"hasContent":true,"attachmentStep":false},{"name":"api_helper::finalizer","time":{"start":1766545074955,"stop":1766545074956,"duration":1},"status":"passed","steps":[],"attachments":[],"parameters":[],"shouldDisplayMessage":false,"stepsCount":0,"attachmentsCount":0,"hasContent":false,"attachmentStep":false},{"name":"_function_scoped_runner::0","time":{"start":1766545074957,"stop":1766545074957,"duration":0},"status":"passed","steps":[],"attachments":[],"parameters":[],"shouldDisplayMessage":false,"stepsCount":0,"attachmentsCount":0,"hasContent":false,"attachmentStep":false}],"labels":[{"name":"parentSuite","value":"UI Tests"},{"name":"suite","value":"UI Project Structure Setup"},{"name":"tag","value":"asyncio"},{"name":"subSuite","value":"TestUIProjectStructureSetup"},{"name":"host","value":"runnervmh13bl"},{"name":"thread","value":"3028-MainThread"},{"name":"framework","value":"pytest"},{"name":"language","value":"cpython3"},{"name":"package","value":"tests.test_cases.tests_ui.test_project_structure_setup"},{"name":"resultFormat","value":"allure2"}],"parameters":[],"links":[],"hidden":false,"retry":false,"extra":{"severity":"normal","retries":[{"uid":"a29dcca4fc82160b","status":"failed","statusDetails":"AssertionError: [AssertionError] during step: Login via UI\nMessage: [AssertionError] during step: Verify that Welcome new user page displayed\nMessage: Locator expected to be visible\nActual value: None\nError: element(s) not found \nCall log:\n  - Expect \"to_be_visible\" with timeout 5000ms\n  - waiting for locator(\"h3.truncate.text-h3\").filter(has_text=\"Welcome, regression-5ft97bupey@apolo.us\")","time":{"start":1766545007911,"stop":1766545020680,"duration":12769}}],"categories":[{"name":"Product defects","matchedStatuses":[],"flaky":false}],"history":{"statistic":{"failed":61,"broken":0,"skipped":0,"passed":84,"unknown":0,"total":145},"items":[{"uid":"eb2bff81221d6aa5","status":"failed","statusDetails":"AssertionError: [AssertionError] during step: Login via UI\nMessage: [AssertionError] during step: Verify that Welcome new user page displayed\nMessage: Locator expected to be visible\nActual value: None\nError: element(s) not found \nCall log:\n  - Expect \"to_be_visible\" with timeout 5000ms\n  - waiting for locator(\"h3.truncate.text-h3\").filter(has_text=\"Welcome, regression-trrrz1m7hj@apolo.us\")","time":{"start":1766457515690,"stop":1766457529445,"duration":13755}},{"uid":"7370f30748cf7406","status":"failed","statusDetails":"AssertionError: [AssertionError] during step: Login via UI\nMessage: [AssertionError] during step: Verify that Welcome new user page displayed\nMessage: Locator expected to be visible\nActual value: None\nError: element(s) not found \nCall log:\n  - Expect \"to_be_visible\" with timeout 5000ms\n  - waiting for locator(\"h3.truncate.text-h3\").filter(has_text=\"Welcome, regression-ubh349v01z@apolo.us\")","time":{"start":1766371347123,"stop":1766371359920,"duration":12797}},{"uid":"d2506005ef26951","status":"failed","statusDetails":"AssertionError: [AssertionError] during step: Login via UI\nMessage: [AssertionError] during step: Verify that Welcome new user page displayed\nMessage: Locator expected to be visible\nActual value: None\nError: element(s) not found \nCall log:\n  - Expect \"to_be_visible\" with timeout 5000ms\n  - waiting for locator(\"h3.truncate.text-h3\").filter(has_text=\"Welcome, regression-hvnh54wnf0@apolo.us\")","time":{"start":1766285557020,"stop":1766285572153,"duration":15133}},{"uid":"ddc1556c0268c2b3","status":"failed","statusDetails":"AssertionError: [AssertionError] during step: Create first project from main page\nMessage: [TimeoutError] during step: Wait for Create project popup disappear\nMessage: Locator.wait_for: Timeout 60ms exceeded.\nCall log:\n  - waiting for locator(\"h2\").filter(has_text=\"Create Project\") to be detached\n    3 × locator resolved to visible <h2 class=\"p-8 text-h4\">Create Project</h2>\n\nNote: Playwright Timeout. Element not found or action took too long.","time":{"start":1766198585355,"stop":1766198632226,"duration":46871}},{"uid":"71d1dfc548e5bd3a","status":"failed","statusDetails":"AssertionError: [AssertionError] during step: Create first project from main page\nMessage: [TimeoutError] during step: Wait for Create project popup disappear\nMessage: Locator.wait_for: Timeout 60ms exceeded.\nCall log:\n  - waiting for locator(\"h2\").filter(has_text=\"Create Project\") to be detached\n    3 × locator resolved to visible <h2 class=\"p-8 text-h4\">Create Project</h2>\n\nNote: Playwright Timeout. Element not found or action took too long.","time":{"start":1766112590002,"stop":1766112626134,"duration":36132}},{"uid":"c9c5de1e5884d082","status":"failed","statusDetails":"AssertionError: [AssertionError] during step: Login via UI\nMessage: [AssertionError] during step: Verify that Welcome new user page displayed\nMessage: Locator expected to be visible\nActual value: None\nError: element(s) not found \nCall log:\n  - Expect \"to_be_visible\" with timeout 5000ms\n  - waiting for locator(\"h3.truncate.text-h3\").filter(has_text=\"Welcome, regression-usbb6k5b23@apolo.us\")","time":{"start":1766025717699,"stop":1766025729457,"duration":11758}},{"uid":"54da5ee327a11b84","status":"failed","statusDetails":"AssertionError: [AssertionError] during step: Create first project from main page\nMessage: [TimeoutError] during step: Wait for Create project popup disappear\nMessage: Locator.wait_for: Timeout 60ms exceeded.\nCall log:\n  - waiting for locator(\"h2\").filter(has_text=\"Create Project\") to be detached\n    3 × locator resolved to visible <h2 class=\"p-8 text-h4\">Create Project</h2>\n\nNote: Playwright Timeout. Element not found or action took too long.","time":{"start":1765939754730,"stop":1765939792017,"duration":37287}},{"uid":"ae9cf0afa3bec13b","status":"failed","statusDetails":"AssertionError: [AssertionError] during step: Login via UI\nMessage: [AssertionError] during step: Verify that Welcome new user page displayed\nMessage: Locator expected to be visible\nActual value: None\nError: element(s) not found \nCall log:\n  - Expect \"to_be_visible\" with timeout 5000ms\n  - waiting for locator(\"h3.truncate.text-h3\").filter(has_text=\"Welcome, regression-6panjt751g@apolo.us\")","time":{"start":1765853094577,"stop":1765853106707,"duration":12130}},{"uid":"fb3d552e7e892f94","status":"failed","statusDetails":"AssertionError: [AssertionError] during step: Create first project from main page\nMessage: [TimeoutError] during step: Wait for Create project popup disappear\nMessage: Locator.wait_for: Timeout 60ms exceeded.\nCall log:\n  - waiting for locator(\"h2\").filter(has_text=\"Create Project\") to be detached\n    3 × locator resolved to visible <h2 class=\"p-8 text-h4\">Create Project</h2>\n\nNote: Playwright Timeout. Element not found or action took too long.","time":{"start":1765768236723,"stop":1765768279654,"duration":42931}},{"uid":"68e9ed134dadaa42","status":"failed","statusDetails":"AssertionError: [AssertionError] during step: Login via UI\nMessage: [AssertionError] during step: Verify that Welcome new user page displayed\nMessage: Locator expected to be visible\nActual value: None\nError: element(s) not found \nCall log:\n  - Expect \"to_be_visible\" with timeout 5000ms\n  - waiting for locator(\"h3.truncate.text-h3\").filter(has_text=\"Welcome, regression-d8naj4zl2m@apolo.us\")","time":{"start":1765683175249,"stop":1765683187648,"duration":12399}},{"uid":"27fd553658a040ee","status":"failed","statusDetails":"AssertionError: [AssertionError] during step: Create first project from main page\nMessage: [TimeoutError] during step: Wait for Create project popup disappear\nMessage: Locator.wait_for: Timeout 60ms exceeded.\nCall log:\n  - waiting for locator(\"h2\").filter(has_text=\"Create Project\") to be detached\n    3 × locator resolved to visible <h2 class=\"p-8 text-h4\">Create Project</h2>\n\nNote: Playwright Timeout. Element not found or action took too long.","time":{"start":1765596653899,"stop":1765596704363,"duration":50464}},{"uid":"bca31568947ccfa5","status":"failed","statusDetails":"AssertionError: [AssertionError] during step: Login via UI\nMessage: [AssertionError] during step: Verify that Welcome new user page displayed\nMessage: Locator expected to be visible\nActual value: None\nError: element(s) not found \nCall log:\n  - Expect \"to_be_visible\" with timeout 5000ms\n  - waiting for locator(\"h3.truncate.text-h3\").filter(has_text=\"Welcome, regression-2baxifl7pi@apolo.us\")","time":{"start":1765510240596,"stop":1765510253284,"duration":12688}},{"uid":"1f734bce421c4057","status":"failed","statusDetails":"AssertionError: [AssertionError] during step: Login via UI\nMessage: [AssertionError] during step: Verify that Welcome new user page displayed\nMessage: Locator expected to be visible\nActual value: None\nError: element(s) not found \nCall log:\n  - Expect \"to_be_visible\" with timeout 5000ms\n  - waiting for locator(\"h3.truncate.text-h3\").filter(has_text=\"Welcome, regression-23fciawtsa@apolo.us\")","time":{"start":1765335971225,"stop":1765335984219,"duration":12994}},{"uid":"ef7f0033a211d6d7","status":"failed","statusDetails":"AssertionError: [AssertionError] during step: Create first project from main page\nMessage: [TimeoutError] during step: Wait for Create project popup disappear\nMessage: Locator.wait_for: Timeout 60ms exceeded.\nCall log:\n  - waiting for locator(\"h2\").filter(has_text=\"Create Project\") to be detached\n    3 × locator resolved to visible <h2 class=\"p-8 text-h4\">Create Project</h2>\n\nNote: Playwright Timeout. Element not found or action took too long.","time":{"start":1765248451924,"stop":1765248480154,"duration":28230}},{"uid":"255ceb4fad7b540","status":"failed","statusDetails":"AssertionError: [AssertionError] during step: Create first project from main page\nMessage: [TimeoutError] during step: Wait for Create project popup disappear\nMessage: Locator.wait_for: Timeout 60ms exceeded.\nCall log:\n  - waiting for locator(\"h2\").filter(has_text=\"Create Project\") to be detached\n    3 × locator resolved to visible <h2 class=\"p-8 text-h4\">Create Project</h2>\n\nNote: Playwright Timeout. Element not found or action took too long.","time":{"start":1765162959692,"stop":1765162995495,"duration":35803}},{"uid":"b7df1b3cf20d6ecf","status":"failed","statusDetails":"AssertionError: [AssertionError] during step: Create first project from main page\nMessage: [TimeoutError] during step: Wait for Create project popup disappear\nMessage: Locator.wait_for: Timeout 60ms exceeded.\nCall log:\n  - waiting for locator(\"h2\").filter(has_text=\"Create Project\") to be detached\n    3 × locator resolved to visible <h2 class=\"p-8 text-h4\">Create Project</h2>\n\nNote: Playwright Timeout. Element not found or action took too long.","time":{"start":1765076524558,"stop":1765076558455,"duration":33897}},{"uid":"290ec63da65de5b5","status":"failed","statusDetails":"AssertionError: [AssertionError] during step: Create first project from main page\nMessage: [TimeoutError] during step: Wait for Create project popup disappear\nMessage: Locator.wait_for: Timeout 60ms exceeded.\nCall log:\n  - waiting for locator(\"h2\").filter(has_text=\"Create Project\") to be detached\n    3 × locator resolved to visible <h2 class=\"p-8 text-h4\">Create Project</h2>\n\nNote: Playwright Timeout. Element not found or action took too long.","time":{"start":1764988573793,"stop":1764988634275,"duration":60482}},{"uid":"e04cacfacba6f725","status":"failed","statusDetails":"AssertionError: [AssertionError] during step: Login via UI\nMessage: [AssertionError] during step: Verify that Welcome new user page displayed\nMessage: Locator expected to be visible\nActual value: None\nError: element(s) not found \nCall log:\n  - Expect \"to_be_visible\" with timeout 5000ms\n  - waiting for locator(\"h3.truncate.text-h3\").filter(has_text=\"Welcome, regression-i2fdns9ore@apolo.us\")","time":{"start":1764903182784,"stop":1764903194318,"duration":11534}},{"uid":"38ec9cba730b1a2b","status":"failed","statusDetails":"AssertionError: [AssertionError] during step: Create first project from main page\nMessage: [TimeoutError] during step: Wait for Create project popup disappear\nMessage: Locator.wait_for: Timeout 60ms exceeded.\nCall log:\n  - waiting for locator(\"h2\").filter(has_text=\"Create Project\") to be detached\n    3 × locator resolved to visible <h2 class=\"p-8 text-h4\">Create Project</h2>\n\nNote: Playwright Timeout. Element not found or action took too long.","time":{"start":1764817522140,"stop":1764817552907,"duration":30767}},{"uid":"a7ad84bc340b60b9","status":"failed","statusDetails":"AssertionError: [AssertionError] during step: Create first project from main page\nMessage: [TimeoutError] during step: Wait for Create project popup disappear\nMessage: Locator.wait_for: Timeout 60ms exceeded.\nCall log:\n  - waiting for locator(\"h2\").filter(has_text=\"Create Project\") to be detached\n    3 × locator resolved to visible <h2 class=\"p-8 text-h4\">Create Project</h2>\n\nNote: Playwright Timeout. Element not found or action took too long.","time":{"start":1764730496345,"stop":1764730550153,"duration":53808}}]},"tags":["asyncio"]},"source":"441b4a6656132794.json","parameterValues":[]}