{"uid":"49dc027830ec2718","name":"Invite member that NOT in organization to project via UI","fullName":"tests.test_cases.tests_ui.test_project_structure_setup.TestUIProjectStructureSetup#test_invite_not_org_member_to_proj_via_ui","historyId":"a949c0b55d0235a80abfe0157af30788","time":{"start":1768398145785,"stop":1768398157236,"duration":11451},"description":"\n- Login with valid credentials.\n- Create new organization via **API**.\n- Create new project.\n- Signup `second user`.\n- DO NOT invite `second user` to organization.\n\n### Verify that:\n\n- User **cannot** invite to project another user which is **not member of organization**.\n","descriptionHtml":"<div style='line-height:1.6;'><ul>\n<li>Login with valid credentials.</li>\n<li>Create new organization via <strong>API</strong>.</li>\n<li>Create new project.</li>\n<li>Signup <span style='background-color:#D3D3D3; padding:2px 4px; border-radius:3px; font-family:monospace;'>second user</span>.</li>\n<li>DO NOT invite <span style='background-color:#D3D3D3; padding:2px 4px; border-radius:3px; font-family:monospace;'>second user</span> to organization.</li>\n</ul>\n<h3>Verify that:</h3>\n<ul>\n<li>User <strong>cannot</strong> invite to project another user which is <strong>not member of organization</strong>.</li>\n</ul></div>","status":"failed","statusMessage":"AssertionError: [AssertionError] during step: Login via UI\nMessage: [AssertionError] during step: Verify that Welcome new user page displayed\nMessage: Locator expected to be visible\nActual value: None\nError: element(s) not found \nCall log:\n  - Expect \"to_be_visible\" with timeout 5000ms\n  - waiting for locator(\"h3.truncate.text-h3\").filter(has_text=\"Welcome, regression-2hv4v7uoak@apolo.us\")","statusTrace":"tests/reporting_hooks/reporting.py:49: in wrapper\n    result = await func(*args, **kwargs)\n             ^^^^^^^^^^^^^^^^^^^^^^^^^^^\ntests/test_cases/steps/ui_steps/page_steps_impl/welcome_new_user_page_steps.py:14: in verify_ui_page_displayed\n    assert await self._pm.welcome_new_user_page.is_loaded(email=email), (\n           ^^^^^^^^^^^^^^^^^^^^^^^^^^^^^^^^^^^^^^^^^^^^^^^^^^^^^^^^^^^\ntests/components/ui/pages/onboarding_pages/welcome_new_user_page.py:27: in is_loaded\n    await self._get_welcome_user_message(email).expect_to_be_loaded()\ntests/components/ui/pages/base_element.py:51: in expect_to_be_loaded\n    await expect(self.locator).to_be_visible(timeout=timeout)\nE   AssertionError: Locator expected to be visible\nE   Actual value: None\nE   Error: element(s) not found \nE   Call log:\nE     - Expect \"to_be_visible\" with timeout 5000ms\nE     - waiting for locator(\"h3.truncate.text-h3\").filter(has_text=\"Welcome, regression-2hv4v7uoak@apolo.us\")\n\nThe above exception was the direct cause of the following exception:\ntests/reporting_hooks/reporting.py:49: in wrapper\n    result = await func(*args, **kwargs)\n             ^^^^^^^^^^^^^^^^^^^^^^^^^^^\ntests/test_cases/steps/ui_steps/ui_steps.py:84: in ui_login\n    await self.welcome_new_user_page.verify_ui_page_displayed(\ntests/reporting_hooks/reporting.py:58: in wrapper\n    raise AssertionError(formatted_msg) from e\nE   AssertionError: [AssertionError] during step: Verify that Welcome new user page displayed\nE   Message: Locator expected to be visible\nE   Actual value: None\nE   Error: element(s) not found \nE   Call log:\nE     - Expect \"to_be_visible\" with timeout 5000ms\nE     - waiting for locator(\"h3.truncate.text-h3\").filter(has_text=\"Welcome, regression-2hv4v7uoak@apolo.us\")\n\nThe above exception was the direct cause of the following exception:\ntests/test_cases/tests_ui/test_project_structure_setup.py:251: in test_invite_not_org_member_to_proj_via_ui\n    await steps.ui_login(user)\ntests/reporting_hooks/reporting.py:58: in wrapper\n    raise AssertionError(formatted_msg) from e\nE   AssertionError: [AssertionError] during step: Login via UI\nE   Message: [AssertionError] during step: Verify that Welcome new user page displayed\nE   Message: Locator expected to be visible\nE   Actual value: None\nE   Error: element(s) not found \nE   Call log:\nE     - Expect \"to_be_visible\" with timeout 5000ms\nE     - waiting for locator(\"h3.truncate.text-h3\").filter(has_text=\"Welcome, regression-2hv4v7uoak@apolo.us\")","flaky":false,"newFailed":false,"newBroken":false,"newPassed":false,"retriesCount":0,"retriesStatusChange":false,"beforeStages":[{"name":"_verify_url","time":{"start":1768392517711,"stop":1768392517711,"duration":0},"status":"passed","steps":[],"attachments":[],"parameters":[],"shouldDisplayMessage":false,"stepsCount":0,"attachmentsCount":0,"hasContent":false,"attachmentStep":false},{"name":"pytestconfig","time":{"start":1768392517711,"stop":1768392517711,"duration":0},"status":"passed","steps":[],"attachments":[],"parameters":[],"shouldDisplayMessage":false,"stepsCount":0,"attachmentsCount":0,"hasContent":false,"attachmentStep":false},{"name":"delay_worker_start","time":{"start":1768392517711,"stop":1768392517711,"duration":0},"status":"passed","steps":[],"attachments":[],"parameters":[],"shouldDisplayMessage":false,"stepsCount":0,"attachmentsCount":0,"hasContent":false,"attachmentStep":false},{"name":"base_url","time":{"start":1768392517711,"stop":1768392517711,"duration":0},"status":"passed","steps":[],"attachments":[],"parameters":[],"shouldDisplayMessage":false,"stepsCount":0,"attachmentsCount":0,"hasContent":false,"attachmentStep":false},{"name":"event_loop_policy","time":{"start":1768392517711,"stop":1768392517711,"duration":0},"status":"passed","steps":[],"attachments":[],"parameters":[],"shouldDisplayMessage":false,"stepsCount":0,"attachmentsCount":0,"hasContent":false,"attachmentStep":false},{"name":"delete_output_dir","time":{"start":1768392517711,"stop":1768392517711,"duration":0},"status":"passed","steps":[],"attachments":[],"parameters":[],"shouldDisplayMessage":false,"stepsCount":0,"attachmentsCount":0,"hasContent":false,"attachmentStep":false},{"name":"ensure_storage_directories","time":{"start":1768392517712,"stop":1768392517712,"duration":0},"status":"passed","steps":[],"attachments":[],"parameters":[],"shouldDisplayMessage":false,"stepsCount":0,"attachmentsCount":0,"hasContent":false,"attachmentStep":false},{"name":"test_config","time":{"start":1768398144906,"stop":1768398144910,"duration":4},"status":"passed","steps":[],"attachments":[],"parameters":[],"shouldDisplayMessage":false,"stepsCount":0,"attachmentsCount":0,"hasContent":false,"attachmentStep":false},{"name":"page_manager","time":{"start":1768398144910,"stop":1768398145781,"duration":871},"status":"passed","steps":[],"attachments":[],"parameters":[],"shouldDisplayMessage":false,"stepsCount":0,"attachmentsCount":0,"hasContent":false,"attachmentStep":false},{"name":"_function_scoped_runner","time":{"start":1768398144910,"stop":1768398144910,"duration":0},"status":"passed","steps":[],"attachments":[],"parameters":[],"shouldDisplayMessage":false,"stepsCount":0,"attachmentsCount":0,"hasContent":false,"attachmentStep":false},{"name":"users_manager","time":{"start":1768398145781,"stop":1768398145781,"duration":0},"status":"passed","steps":[],"attachments":[],"parameters":[],"shouldDisplayMessage":false,"stepsCount":0,"attachmentsCount":0,"hasContent":false,"attachmentStep":false},{"name":"api_helper","time":{"start":1768398145781,"stop":1768398145782,"duration":1},"status":"passed","steps":[],"attachments":[],"parameters":[],"shouldDisplayMessage":false,"stepsCount":0,"attachmentsCount":0,"hasContent":false,"attachmentStep":false},{"name":"data_manager","time":{"start":1768398145781,"stop":1768398145781,"duration":0},"status":"passed","steps":[],"attachments":[],"parameters":[],"shouldDisplayMessage":false,"stepsCount":0,"attachmentsCount":0,"hasContent":false,"attachmentStep":false},{"name":"apolo_cli","time":{"start":1768398145782,"stop":1768398145782,"duration":0},"status":"passed","steps":[],"attachments":[],"parameters":[],"shouldDisplayMessage":false,"stepsCount":0,"attachmentsCount":0,"hasContent":false,"attachmentStep":false},{"name":"setup_cleanup","time":{"start":1768398145782,"stop":1768398145783,"duration":1},"status":"passed","steps":[],"attachments":[],"parameters":[],"shouldDisplayMessage":false,"stepsCount":0,"attachmentsCount":0,"hasContent":false,"attachmentStep":false},{"name":"add_page_manager","time":{"start":1768398145784,"stop":1768398145784,"duration":0},"status":"passed","steps":[],"attachments":[],"parameters":[],"shouldDisplayMessage":false,"stepsCount":0,"attachmentsCount":0,"hasContent":false,"attachmentStep":false},{"name":"setup","time":{"start":1768398145784,"stop":1768398145784,"duration":0},"status":"passed","steps":[],"attachments":[],"parameters":[],"shouldDisplayMessage":false,"stepsCount":0,"attachmentsCount":0,"hasContent":false,"attachmentStep":false},{"name":"_inject_fixtures","time":{"start":1768398145784,"stop":1768398145784,"duration":0},"status":"passed","steps":[],"attachments":[],"parameters":[],"shouldDisplayMessage":false,"stepsCount":0,"attachmentsCount":0,"hasContent":false,"attachmentStep":false}],"testStage":{"description":"\n- Login with valid credentials.\n- Create new organization via **API**.\n- Create new project.\n- Signup `second user`.\n- DO NOT invite `second user` to organization.\n\n### Verify that:\n\n- User **cannot** invite to project another user which is **not member of organization**.\n","descriptionHtml":"<div style='line-height:1.6;'><ul>\n<li>Login with valid credentials.</li>\n<li>Create new organization via <strong>API</strong>.</li>\n<li>Create new project.</li>\n<li>Signup <span style='background-color:#D3D3D3; padding:2px 4px; border-radius:3px; font-family:monospace;'>second user</span>.</li>\n<li>DO NOT invite <span style='background-color:#D3D3D3; padding:2px 4px; border-radius:3px; font-family:monospace;'>second user</span> to organization.</li>\n</ul>\n<h3>Verify that:</h3>\n<ul>\n<li>User <strong>cannot</strong> invite to project another user which is <strong>not member of organization</strong>.</li>\n</ul></div>","status":"failed","statusMessage":"AssertionError: [AssertionError] during step: Login via UI\nMessage: [AssertionError] during step: Verify that Welcome new user page displayed\nMessage: Locator expected to be visible\nActual value: None\nError: element(s) not found \nCall log:\n  - Expect \"to_be_visible\" with timeout 5000ms\n  - waiting for locator(\"h3.truncate.text-h3\").filter(has_text=\"Welcome, regression-2hv4v7uoak@apolo.us\")","statusTrace":"tests/reporting_hooks/reporting.py:49: in wrapper\n    result = await func(*args, **kwargs)\n             ^^^^^^^^^^^^^^^^^^^^^^^^^^^\ntests/test_cases/steps/ui_steps/page_steps_impl/welcome_new_user_page_steps.py:14: in verify_ui_page_displayed\n    assert await self._pm.welcome_new_user_page.is_loaded(email=email), (\n           ^^^^^^^^^^^^^^^^^^^^^^^^^^^^^^^^^^^^^^^^^^^^^^^^^^^^^^^^^^^\ntests/components/ui/pages/onboarding_pages/welcome_new_user_page.py:27: in is_loaded\n    await self._get_welcome_user_message(email).expect_to_be_loaded()\ntests/components/ui/pages/base_element.py:51: in expect_to_be_loaded\n    await expect(self.locator).to_be_visible(timeout=timeout)\nE   AssertionError: Locator expected to be visible\nE   Actual value: None\nE   Error: element(s) not found \nE   Call log:\nE     - Expect \"to_be_visible\" with timeout 5000ms\nE     - waiting for locator(\"h3.truncate.text-h3\").filter(has_text=\"Welcome, regression-2hv4v7uoak@apolo.us\")\n\nThe above exception was the direct cause of the following exception:\ntests/reporting_hooks/reporting.py:49: in wrapper\n    result = await func(*args, **kwargs)\n             ^^^^^^^^^^^^^^^^^^^^^^^^^^^\ntests/test_cases/steps/ui_steps/ui_steps.py:84: in ui_login\n    await self.welcome_new_user_page.verify_ui_page_displayed(\ntests/reporting_hooks/reporting.py:58: in wrapper\n    raise AssertionError(formatted_msg) from e\nE   AssertionError: [AssertionError] during step: Verify that Welcome new user page displayed\nE   Message: Locator expected to be visible\nE   Actual value: None\nE   Error: element(s) not found \nE   Call log:\nE     - Expect \"to_be_visible\" with timeout 5000ms\nE     - waiting for locator(\"h3.truncate.text-h3\").filter(has_text=\"Welcome, regression-2hv4v7uoak@apolo.us\")\n\nThe above exception was the direct cause of the following exception:\ntests/test_cases/tests_ui/test_project_structure_setup.py:251: in test_invite_not_org_member_to_proj_via_ui\n    await steps.ui_login(user)\ntests/reporting_hooks/reporting.py:58: in wrapper\n    raise AssertionError(formatted_msg) from e\nE   AssertionError: [AssertionError] during step: Login via UI\nE   Message: [AssertionError] during step: Verify that Welcome new user page displayed\nE   Message: Locator expected to be visible\nE   Actual value: None\nE   Error: element(s) not found \nE   Call log:\nE     - Expect \"to_be_visible\" with timeout 5000ms\nE     - waiting for locator(\"h3.truncate.text-h3\").filter(has_text=\"Welcome, regression-2hv4v7uoak@apolo.us\")","steps":[{"name":"Login via UI","time":{"start":1768398145786,"stop":1768398157235,"duration":11449},"status":"failed","statusMessage":"AssertionError: [AssertionError] during step: Login via UI\nMessage: [AssertionError] during step: Verify that Welcome new user page displayed\nMessage: Locator expected to be visible\nActual value: None\nError: element(s) not found \nCall log:\n  - Expect \"to_be_visible\" with timeout 5000ms\n  - waiting for locator(\"h3.truncate.text-h3\").filter(has_text=\"Welcome, regression-2hv4v7uoak@apolo.us\")\n\n","statusTrace":"  File \"/home/runner/work/apolo-test-automation/apolo-test-automation/tests/reporting_hooks/reporting.py\", line 58, in wrapper\n    raise AssertionError(formatted_msg) from e\n","steps":[{"name":"Verify that Auth page displayed","time":{"start":1768398145786,"stop":1768398146873,"duration":1087},"status":"passed","steps":[],"attachments":[{"uid":"8a8cefef2bd16fa8","name":"Page URL","source":"8a8cefef2bd16fa8.txt","type":"text/plain","size":29},{"uid":"c5a74effda0fb4da","name":"HTTP 200 - GET config","source":"c5a74effda0fb4da.txt","type":"text/plain","size":673},{"uid":"ac8d232d66e1f77c","name":"Screenshot: Verify that Auth page displayed (success)","source":"ac8d232d66e1f77c.png","type":"image/png","size":88563}],"parameters":[],"shouldDisplayMessage":false,"stepsCount":0,"attachmentsCount":3,"hasContent":true,"attachmentStep":false},{"name":"Click login button","time":{"start":1768398146873,"stop":1768398147995,"duration":1122},"status":"passed","steps":[],"attachments":[{"uid":"17f7ac0bea6c2811","name":"Page URL","source":"17f7ac0bea6c2811.txt","type":"text/plain","size":33},{"uid":"6bd039d9340c04b4","name":"Screenshot: Click login button (success)","source":"6bd039d9340c04b4.png","type":"image/png","size":41524}],"parameters":[],"shouldDisplayMessage":false,"stepsCount":0,"attachmentsCount":2,"hasContent":true,"attachmentStep":false},{"name":"Verify that Login page displayed","time":{"start":1768398147995,"stop":1768398148094,"duration":99},"status":"passed","steps":[],"attachments":[{"uid":"b61597262bf91ff","name":"Page URL","source":"b61597262bf91ff.txt","type":"text/plain","size":215},{"uid":"edd93a4213bae34e","name":"Screenshot: Verify that Login page displayed (success)","source":"edd93a4213bae34e.png","type":"image/png","size":41637}],"parameters":[],"shouldDisplayMessage":false,"stepsCount":0,"attachmentsCount":2,"hasContent":true,"attachmentStep":false},{"name":"Enter email","time":{"start":1768398148094,"stop":1768398148415,"duration":321},"status":"passed","steps":[],"attachments":[{"uid":"e1e3c954cd5d300d","name":"Page URL","source":"e1e3c954cd5d300d.txt","type":"text/plain","size":215},{"uid":"416a1e5d4dff183a","name":"Screenshot: Enter email (success)","source":"416a1e5d4dff183a.png","type":"image/png","size":46018}],"parameters":[],"shouldDisplayMessage":false,"stepsCount":0,"attachmentsCount":2,"hasContent":true,"attachmentStep":false},{"name":"Enter password","time":{"start":1768398148415,"stop":1768398148731,"duration":316},"status":"passed","steps":[],"attachments":[{"uid":"e929b0fb7fe27068","name":"Page URL","source":"e929b0fb7fe27068.txt","type":"text/plain","size":215},{"uid":"8a9e2de46a6a10a2","name":"Screenshot: Enter password (success)","source":"8a9e2de46a6a10a2.png","type":"image/png","size":46140}],"parameters":[],"shouldDisplayMessage":false,"stepsCount":0,"attachmentsCount":2,"hasContent":true,"attachmentStep":false},{"name":"Click Continue button","time":{"start":1768398148731,"stop":1768398151040,"duration":2309},"status":"passed","steps":[],"attachments":[{"uid":"4f471e2b2f4f3f5b","name":"Page URL","source":"4f471e2b2f4f3f5b.txt","type":"text/plain","size":215},{"uid":"a7d6e29aa2c1d84e","name":"HTTP 200 - GET config","source":"a7d6e29aa2c1d84e.txt","type":"text/plain","size":2137},{"uid":"f3e8ba1833509c79","name":"HTTP 200 - GET incoming","source":"f3e8ba1833509c79.txt","type":"text/plain","size":156},{"uid":"7c9e2b93ccbd00d4","name":"HTTP 200 - GET regression-2hv4v7uoak?include=clusters&include=system_role","source":"7c9e2b93ccbd00d4.txt","type":"text/plain","size":529},{"uid":"d17e8e7fc64d5091","name":"HTTP 200 - GET instances?org=regression-org-see4rq6h0665&project=regression-proj-t7l31q9u3l&cluster=default&size=100","source":"d17e8e7fc64d5091.txt","type":"text/plain","size":290},{"uid":"9ae88200b1c3310","name":"HTTP 200 - GET permissions?uri=blob:","source":"9ae88200b1c3310.txt","type":"text/plain","size":255},{"uid":"aa11c4b9fef169ba","name":"HTTP 200 - GET regression-org-see4rq6h0665","source":"aa11c4b9fef169ba.txt","type":"text/plain","size":444},{"uid":"5007c376ae68a703","name":"HTTP 200 - GET regression-2hv4v7uoak?include=orgs","source":"5007c376ae68a703.txt","type":"text/plain","size":474},{"uid":"edcfbf61e2da66d9","name":"Screenshot: Click Continue button (success)","source":"edcfbf61e2da66d9.png","type":"image/png","size":60858}],"parameters":[],"shouldDisplayMessage":false,"stepsCount":0,"attachmentsCount":9,"hasContent":true,"attachmentStep":false},{"name":"Verify that Welcome new user page displayed","time":{"start":1768398151049,"stop":1768398157149,"duration":6100},"status":"failed","statusMessage":"AssertionError: [AssertionError] during step: Verify that Welcome new user page displayed\nMessage: Locator expected to be visible\nActual value: None\nError: element(s) not found \nCall log:\n  - Expect \"to_be_visible\" with timeout 5000ms\n  - waiting for locator(\"h3.truncate.text-h3\").filter(has_text=\"Welcome, regression-2hv4v7uoak@apolo.us\")\n\n","statusTrace":"  File \"/home/runner/work/apolo-test-automation/apolo-test-automation/tests/reporting_hooks/reporting.py\", line 58, in wrapper\n    raise AssertionError(formatted_msg) from e\n","steps":[],"attachments":[{"uid":"e75d74628ca09db4","name":"Page URL","source":"e75d74628ca09db4.txt","type":"text/plain","size":116},{"uid":"ff1e521cb3ffaef","name":"HTTP 200 - GET instances?org=regression-org-see4rq6h0665&project=regression-proj-t7l31q9u3l&cluster=default&size=100","source":"ff1e521cb3ffaef.txt","type":"text/plain","size":290},{"uid":"9cdd806f416d15a5","name":"HTTP 200 - GET tags","source":"9cdd806f416d15a5.txt","type":"text/plain","size":948},{"uid":"1d487b9d86b73e35","name":"HTTP 200 - GET templates","source":"1d487b9d86b73e35.txt","type":"text/plain","size":2146},{"uid":"434db6152a018ee5","name":"HTTP 200 - GET templates?page=1&size=50","source":"434db6152a018ee5.txt","type":"text/plain","size":2161},{"uid":"771773667634f9ea","name":"Screenshot: Verify that Welcome new user page displayed (fail)","source":"771773667634f9ea.png","type":"image/png","size":154373}],"parameters":[],"shouldDisplayMessage":true,"stepsCount":0,"attachmentsCount":6,"hasContent":true,"attachmentStep":false}],"attachments":[{"uid":"4dc0aff4955a5c15","name":"Page URL","source":"4dc0aff4955a5c15.txt","type":"text/plain","size":29},{"uid":"7c2c9ac64e1a9cde","name":"Screenshot: Login via UI (fail)","source":"7c2c9ac64e1a9cde.png","type":"image/png","size":154373}],"parameters":[],"shouldDisplayMessage":true,"stepsCount":7,"attachmentsCount":28,"hasContent":true,"attachmentStep":false}],"attachments":[{"uid":"7f15af38dee2664e","name":"log","source":"7f15af38dee2664e.txt","type":"text/plain","size":19661}],"parameters":[],"shouldDisplayMessage":true,"stepsCount":8,"attachmentsCount":29,"hasContent":true,"attachmentStep":false},"afterStages":[{"name":"add_page_manager::finalizer","time":{"start":1768398157264,"stop":1768398157264,"duration":0},"status":"passed","steps":[],"attachments":[],"parameters":[],"shouldDisplayMessage":false,"stepsCount":0,"attachmentsCount":0,"hasContent":false,"attachmentStep":false},{"name":"setup_cleanup::finalizer","time":{"start":1768398157264,"stop":1768398157264,"duration":0},"status":"passed","steps":[],"attachments":[],"parameters":[],"shouldDisplayMessage":false,"stepsCount":0,"attachmentsCount":0,"hasContent":false,"attachmentStep":false},{"name":"setup_cleanup::finalizer","time":{"start":1768398157264,"stop":1768398163394,"duration":6130},"status":"passed","steps":[{"name":"Post-test cleanup","time":{"start":1768398157264,"stop":1768398163394,"duration":6130},"status":"passed","steps":[{"name":"Delete organisation: regression-org-see4rq6h0665","time":{"start":1768398160804,"stop":1768398163349,"duration":2545},"status":"passed","steps":[{"name":"Delete project: regression-proj-t7l31q9u3l","time":{"start":1768398162456,"stop":1768398162553,"duration":97},"status":"passed","steps":[],"attachments":[],"parameters":[],"shouldDisplayMessage":false,"stepsCount":0,"attachmentsCount":0,"hasContent":false,"attachmentStep":false}],"attachments":[],"parameters":[],"shouldDisplayMessage":false,"stepsCount":1,"attachmentsCount":0,"hasContent":true,"attachmentStep":false}],"attachments":[],"parameters":[],"shouldDisplayMessage":false,"stepsCount":2,"attachmentsCount":0,"hasContent":true,"attachmentStep":false}],"attachments":[],"parameters":[],"shouldDisplayMessage":false,"stepsCount":3,"attachmentsCount":0,"hasContent":true,"attachmentStep":false},{"name":"api_helper::finalizer","time":{"start":1768398163395,"stop":1768398163395,"duration":0},"status":"passed","steps":[],"attachments":[],"parameters":[],"shouldDisplayMessage":false,"stepsCount":0,"attachmentsCount":0,"hasContent":false,"attachmentStep":false},{"name":"_function_scoped_runner::0","time":{"start":1768398163396,"stop":1768398163397,"duration":1},"status":"passed","steps":[],"attachments":[],"parameters":[],"shouldDisplayMessage":false,"stepsCount":0,"attachmentsCount":0,"hasContent":false,"attachmentStep":false}],"labels":[{"name":"suite","value":"UI Project Structure Setup"},{"name":"parentSuite","value":"UI Tests"},{"name":"tag","value":"asyncio"},{"name":"subSuite","value":"TestUIProjectStructureSetup"},{"name":"host","value":"runnervmi13qx"},{"name":"thread","value":"3017-MainThread"},{"name":"framework","value":"pytest"},{"name":"language","value":"cpython3"},{"name":"package","value":"tests.test_cases.tests_ui.test_project_structure_setup"},{"name":"resultFormat","value":"allure2"}],"parameters":[],"links":[],"hidden":true,"retry":true,"extra":{"categories":[],"tags":["asyncio"]},"source":"49dc027830ec2718.json","parameterValues":[]}