{"uid":"4a60c97df4d1db0e","name":"Verify app output endpoints schema via API","fullName":"tests.test_cases.tests_e2e.test_deep_seek_app.TestE2EDeepSeekApp#test_app_output_api_schema_via_api","historyId":"28f0d90dffdbfdaa28f26595a1b0bc12","time":{"start":1759973715530,"stop":1759973715530,"duration":0},"description":"\n### Pre-conditions:\n- DeepSeek app installed.\n\n### Steps:\n- Login with valid credentials.\n- Call `output` API.\n\n### Verify that:\n\n- API endpoints data matching expected json schema.\n","descriptionHtml":"<div style='line-height:1.6;'><h3>Pre-conditions:</h3>\n<ul>\n<li>DeepSeek app installed.</li>\n</ul>\n<h3>Steps:</h3>\n<ul>\n<li>Login with valid credentials.</li>\n<li>Call <span style='background-color:#D3D3D3; padding:2px 4px; border-radius:3px; font-family:monospace;'>output</span> API.</li>\n</ul>\n<h3>Verify that:</h3>\n<ul>\n<li>API endpoints data matching expected json schema.</li>\n</ul></div>","status":"skipped","statusMessage":"Skipped: DeepSeek app was not installed successfully","statusTrace":"('/home/runner/work/apolo-test-automation/apolo-test-automation/tests/test_cases/tests_e2e/test_deep_seek_app.py', 429, 'Skipped: DeepSeek app was not installed successfully')","flaky":false,"newFailed":false,"newBroken":false,"newPassed":false,"retriesCount":0,"retriesStatusChange":false,"beforeStages":[{"name":"_verify_url","time":{"start":1759973595830,"stop":1759973595830,"duration":0},"status":"passed","steps":[],"attachments":[],"parameters":[],"shouldDisplayMessage":false,"stepsCount":0,"attachmentsCount":0,"hasContent":false,"attachmentStep":false},{"name":"delete_output_dir","time":{"start":1759973595830,"stop":1759973595831,"duration":1},"status":"passed","steps":[],"attachments":[],"parameters":[],"shouldDisplayMessage":false,"stepsCount":0,"attachmentsCount":0,"hasContent":false,"attachmentStep":false},{"name":"event_loop_policy","time":{"start":1759973595830,"stop":1759973595830,"duration":0},"status":"passed","steps":[],"attachments":[],"parameters":[],"shouldDisplayMessage":false,"stepsCount":0,"attachmentsCount":0,"hasContent":false,"attachmentStep":false},{"name":"pytestconfig","time":{"start":1759973595830,"stop":1759973595830,"duration":0},"status":"passed","steps":[],"attachments":[],"parameters":[],"shouldDisplayMessage":false,"stepsCount":0,"attachmentsCount":0,"hasContent":false,"attachmentStep":false},{"name":"base_url","time":{"start":1759973595830,"stop":1759973595830,"duration":0},"status":"passed","steps":[],"attachments":[],"parameters":[],"shouldDisplayMessage":false,"stepsCount":0,"attachmentsCount":0,"hasContent":false,"attachmentStep":false},{"name":"delay_worker_start","time":{"start":1759973595831,"stop":1759973610831,"duration":15000},"status":"passed","steps":[],"attachments":[],"parameters":[],"shouldDisplayMessage":false,"stepsCount":0,"attachmentsCount":0,"hasContent":false,"attachmentStep":false},{"name":"ensure_storage_directories","time":{"start":1759973610831,"stop":1759973610831,"duration":0},"status":"passed","steps":[],"attachments":[],"parameters":[],"shouldDisplayMessage":false,"stepsCount":0,"attachmentsCount":0,"hasContent":false,"attachmentStep":false},{"name":"test_config","time":{"start":1759973715531,"stop":1759973715534,"duration":3},"status":"passed","steps":[],"attachments":[],"parameters":[],"shouldDisplayMessage":false,"stepsCount":0,"attachmentsCount":0,"hasContent":false,"attachmentStep":false},{"name":"_function_scoped_runner","time":{"start":1759973715535,"stop":1759973715535,"duration":0},"status":"passed","steps":[],"attachments":[],"parameters":[],"shouldDisplayMessage":false,"stepsCount":0,"attachmentsCount":0,"hasContent":false,"attachmentStep":false},{"name":"page_manager","time":{"start":1759973715535,"stop":1759973717985,"duration":2450},"status":"passed","steps":[],"attachments":[{"uid":"6522b1792ef41892","name":"HTTP 200 - GET config","source":"6522b1792ef41892.txt","type":"text/plain","size":654}],"parameters":[],"shouldDisplayMessage":false,"stepsCount":0,"attachmentsCount":1,"hasContent":true,"attachmentStep":false},{"name":"data_manager","time":{"start":1759973717985,"stop":1759973717986,"duration":1},"status":"passed","steps":[],"attachments":[],"parameters":[],"shouldDisplayMessage":false,"stepsCount":0,"attachmentsCount":0,"hasContent":false,"attachmentStep":false},{"name":"setup_cleanup","time":{"start":1759973717986,"stop":1759973717987,"duration":1},"status":"passed","steps":[],"attachments":[],"parameters":[],"shouldDisplayMessage":false,"stepsCount":0,"attachmentsCount":0,"hasContent":false,"attachmentStep":false},{"name":"apolo_cli","time":{"start":1759973717986,"stop":1759973717986,"duration":0},"status":"passed","steps":[],"attachments":[],"parameters":[],"shouldDisplayMessage":false,"stepsCount":0,"attachmentsCount":0,"hasContent":false,"attachmentStep":false},{"name":"api_helper","time":{"start":1759973717986,"stop":1759973717986,"duration":0},"status":"passed","steps":[],"attachments":[],"parameters":[],"shouldDisplayMessage":false,"stepsCount":0,"attachmentsCount":0,"hasContent":false,"attachmentStep":false},{"name":"users_manager","time":{"start":1759973717986,"stop":1759973717986,"duration":0},"status":"passed","steps":[],"attachments":[],"parameters":[],"shouldDisplayMessage":false,"stepsCount":0,"attachmentsCount":0,"hasContent":false,"attachmentStep":false},{"name":"setup","time":{"start":1759973717987,"stop":1759973717987,"duration":0},"status":"passed","steps":[],"attachments":[],"parameters":[],"shouldDisplayMessage":false,"stepsCount":0,"attachmentsCount":0,"hasContent":false,"attachmentStep":false},{"name":"_inject_fixtures","time":{"start":1759973717987,"stop":1759973717987,"duration":0},"status":"passed","steps":[],"attachments":[],"parameters":[],"shouldDisplayMessage":false,"stepsCount":0,"attachmentsCount":0,"hasContent":false,"attachmentStep":false},{"name":"deep_seek_status","time":{"start":1759973717987,"stop":1759973717987,"duration":0},"status":"skipped","statusMessage":"Skipped: DeepSeek app was not installed successfully\n","statusTrace":"  File \"/home/runner/work/apolo-test-automation/apolo-test-automation/.venv/lib/python3.13/site-packages/pluggy/_callers.py\", line 38, in run_old_style_hookwrapper\n    res = yield\n          ^^^^^\n  File \"/home/runner/work/apolo-test-automation/apolo-test-automation/.venv/lib/python3.13/site-packages/pluggy/_callers.py\", line 139, in _multicall\n    teardown.throw(exception)\n    ~~~~~~~~~~~~~~^^^^^^^^^^^\n  File \"/home/runner/work/apolo-test-automation/apolo-test-automation/.venv/lib/python3.13/site-packages/pytest_asyncio/plugin.py\", line 735, in pytest_fixture_setup\n    return (yield)\n            ^^^^^\n  File \"/home/runner/work/apolo-test-automation/apolo-test-automation/.venv/lib/python3.13/site-packages/pluggy/_callers.py\", line 139, in _multicall\n    teardown.throw(exception)\n    ~~~~~~~~~~~~~~^^^^^^^^^^^\n  File \"/home/runner/work/apolo-test-automation/apolo-test-automation/.venv/lib/python3.13/site-packages/_pytest/setuponly.py\", line 36, in pytest_fixture_setup\n    return (yield)\n            ^^^^^\n  File \"/home/runner/work/apolo-test-automation/apolo-test-automation/.venv/lib/python3.13/site-packages/pluggy/_callers.py\", line 121, in _multicall\n    res = hook_impl.function(*args)\n  File \"/home/runner/work/apolo-test-automation/apolo-test-automation/.venv/lib/python3.13/site-packages/_pytest/fixtures.py\", line 1196, in pytest_fixture_setup\n    result = call_fixture_func(fixturefunc, request, kwargs)\n  File \"/home/runner/work/apolo-test-automation/apolo-test-automation/.venv/lib/python3.13/site-packages/_pytest/fixtures.py\", line 930, in call_fixture_func\n    fixture_result = fixturefunc(**kwargs)\n  File \"/home/runner/work/apolo-test-automation/apolo-test-automation/tests/test_cases/tests_e2e/test_deep_seek_app.py\", line 32, in deep_seek_status\n    pytest.skip(\"DeepSeek app was not installed successfully\")\n    ~~~~~~~~~~~^^^^^^^^^^^^^^^^^^^^^^^^^^^^^^^^^^^^^^^^^^^^^^^\n  File \"/home/runner/work/apolo-test-automation/apolo-test-automation/.venv/lib/python3.13/site-packages/_pytest/outcomes.py\", line 159, in skip\n    raise Skipped(msg=reason, allow_module_level=allow_module_level)\n","steps":[],"attachments":[],"parameters":[],"shouldDisplayMessage":true,"stepsCount":0,"attachmentsCount":0,"hasContent":true,"attachmentStep":false},{"name":"add_page_manager","time":{"start":1759973717987,"stop":1759973717987,"duration":0},"status":"passed","steps":[],"attachments":[],"parameters":[],"shouldDisplayMessage":false,"stepsCount":0,"attachmentsCount":0,"hasContent":false,"attachmentStep":false}],"testStage":{"description":"\n### Pre-conditions:\n- DeepSeek app installed.\n\n### Steps:\n- Login with valid credentials.\n- Call `output` API.\n\n### Verify that:\n\n- API endpoints data matching expected json schema.\n","descriptionHtml":"<div style='line-height:1.6;'><h3>Pre-conditions:</h3>\n<ul>\n<li>DeepSeek app installed.</li>\n</ul>\n<h3>Steps:</h3>\n<ul>\n<li>Login with valid credentials.</li>\n<li>Call <span style='background-color:#D3D3D3; padding:2px 4px; border-radius:3px; font-family:monospace;'>output</span> API.</li>\n</ul>\n<h3>Verify that:</h3>\n<ul>\n<li>API endpoints data matching expected json schema.</li>\n</ul></div>","status":"skipped","statusMessage":"Skipped: DeepSeek app was not installed successfully","statusTrace":"('/home/runner/work/apolo-test-automation/apolo-test-automation/tests/test_cases/tests_e2e/test_deep_seek_app.py', 429, 'Skipped: DeepSeek app was not installed successfully')","steps":[],"attachments":[{"uid":"6be33b8c79308b80","name":"log","source":"6be33b8c79308b80.txt","type":"text/plain","size":1446}],"parameters":[],"shouldDisplayMessage":true,"stepsCount":0,"attachmentsCount":1,"hasContent":true,"attachmentStep":false},"afterStages":[{"name":"setup_cleanup::finalizer","time":{"start":1759973717990,"stop":1759973717990,"duration":0},"status":"passed","steps":[],"attachments":[],"parameters":[],"shouldDisplayMessage":false,"stepsCount":0,"attachmentsCount":0,"hasContent":false,"attachmentStep":false},{"name":"setup_cleanup::finalizer","time":{"start":1759973717990,"stop":1759973717991,"duration":1},"status":"passed","steps":[],"attachments":[],"parameters":[],"shouldDisplayMessage":false,"stepsCount":0,"attachmentsCount":0,"hasContent":false,"attachmentStep":false},{"name":"add_page_manager::finalizer","time":{"start":1759973717990,"stop":1759973717990,"duration":0},"status":"passed","steps":[],"attachments":[],"parameters":[],"shouldDisplayMessage":false,"stepsCount":0,"attachmentsCount":0,"hasContent":false,"attachmentStep":false},{"name":"api_helper::finalizer","time":{"start":1759973717991,"stop":1759973717991,"duration":0},"status":"passed","steps":[],"attachments":[],"parameters":[],"shouldDisplayMessage":false,"stepsCount":0,"attachmentsCount":0,"hasContent":false,"attachmentStep":false},{"name":"_function_scoped_runner::0","time":{"start":1759973717992,"stop":1759973717992,"duration":0},"status":"passed","steps":[],"attachments":[],"parameters":[],"shouldDisplayMessage":false,"stepsCount":0,"attachmentsCount":0,"hasContent":false,"attachmentStep":false}],"labels":[{"name":"suite","value":"DeepSeek App"},{"name":"parentSuite","value":"E2E Tests"},{"name":"tag","value":"asyncio"},{"name":"tag","value":"class_setup"},{"name":"subSuite","value":"TestE2EDeepSeekApp"},{"name":"host","value":"runnervmwhb2z"},{"name":"thread","value":"3763-MainThread"},{"name":"framework","value":"pytest"},{"name":"language","value":"cpython3"},{"name":"package","value":"tests.test_cases.tests_e2e.test_deep_seek_app"},{"name":"resultFormat","value":"allure2"}],"parameters":[],"links":[],"hidden":false,"retry":false,"extra":{"severity":"normal","retries":[],"categories":[],"history":{"statistic":{"failed":4,"broken":0,"skipped":17,"passed":4,"unknown":0,"total":25},"items":[{"uid":"4728b4caf4007703","status":"skipped","statusDetails":"Skipped: DeepSeek app was not installed successfully","time":{"start":1759542271416,"stop":1759542271416,"duration":0}},{"uid":"7de745aed6dbb7fb","status":"skipped","statusDetails":"Skipped: DeepSeek app was not installed successfully","time":{"start":1759455857631,"stop":1759455857631,"duration":0}},{"uid":"f7ab8b4d59f9514f","status":"skipped","statusDetails":"Skipped: DeepSeek app was not installed successfully","time":{"start":1759368919367,"stop":1759368919367,"duration":0}},{"uid":"92932cebeb76f6b8","status":"passed","time":{"start":1759283160771,"stop":1759283166039,"duration":5268}},{"uid":"e9073889f3183764","status":"passed","time":{"start":1759196704514,"stop":1759196710041,"duration":5527}},{"uid":"843211ada39c831f","status":"skipped","statusDetails":"Skipped: DeepSeek app was not installed successfully","time":{"start":1759154121287,"stop":1759154121287,"duration":0}},{"uid":"1bc330c9183bd45f","status":"skipped","statusDetails":"Skipped: DeepSeek app was not installed successfully","time":{"start":1759109686043,"stop":1759109686043,"duration":0}},{"uid":"1ce54a0a0d84b189","status":"skipped","statusDetails":"Skipped: DeepSeek app was not installed successfully","time":{"start":1759023299408,"stop":1759023299408,"duration":0}},{"uid":"4374d95d8ca16de2","status":"skipped","statusDetails":"Skipped: DeepSeek app was not installed successfully","time":{"start":1758936782637,"stop":1758936782637,"duration":0}},{"uid":"db104c2b1791d7cb","status":"skipped","statusDetails":"Skipped: DeepSeek app was not installed successfully","time":{"start":1758850409257,"stop":1758850409257,"duration":0}},{"uid":"c6498e364821dc9b","status":"passed","time":{"start":1758764831477,"stop":1758764836397,"duration":4920}},{"uid":"e4d214edc89e8e86","status":"passed","time":{"start":1758706674465,"stop":1758706678604,"duration":4139}},{"uid":"4c83410bf5ebf88b","status":"skipped","statusDetails":"Skipped: DeepSeek app was not installed successfully","time":{"start":1758690478322,"stop":1758690478322,"duration":0}},{"uid":"4b3d784fa1e2dc3f","status":"skipped","statusDetails":"Skipped: DeepSeek app was not installed successfully","time":{"start":1758678258896,"stop":1758678258896,"duration":0}},{"uid":"6edcfc2411916f92","status":"skipped","statusDetails":"Skipped: DeepSeek app was not installed successfully","time":{"start":1758591870572,"stop":1758591870572,"duration":0}},{"uid":"faa4f5622f7c6f17","status":"failed","statusDetails":"AssertionError: [AssertionError] during step: Verify output endpoints schema via API\nMessage: <unknown at 0> validation error: Additional properties are not allowed ('__type__' was unexpected);\n <unknown at 1> validation error: Additional properties are not allowed ('__type__' was unexpected);\n <unknown at 2> validation error: Additional properties are not allowed ('__type__' was unexpected);\n <unknown at 3> validation error: Additional properties are not allowed ('__type__' was unexpected)","time":{"start":1758505669170,"stop":1758505679345,"duration":10175}},{"uid":"16aa3d5d95b25c81","status":"failed","statusDetails":"AssertionError: [AssertionError] during step: Verify output endpoints schema via API\nMessage: <unknown at 0> validation error: Additional properties are not allowed ('__type__' was unexpected);\n <unknown at 1> validation error: Additional properties are not allowed ('__type__' was unexpected);\n <unknown at 2> validation error: Additional properties are not allowed ('__type__' was unexpected);\n <unknown at 3> validation error: Additional properties are not allowed ('__type__' was unexpected)","time":{"start":1758419256108,"stop":1758419260416,"duration":4308}},{"uid":"e4282b42b2f7f6a6","status":"failed","statusDetails":"AssertionError: [AssertionError] during step: Verify output endpoints schema via API\nMessage: <unknown at 0> validation error: Additional properties are not allowed ('__type__' was unexpected);\n <unknown at 1> validation error: Additional properties are not allowed ('__type__' was unexpected);\n <unknown at 2> validation error: Additional properties are not allowed ('__type__' was unexpected);\n <unknown at 3> validation error: Additional properties are not allowed ('__type__' was unexpected)","time":{"start":1758332719913,"stop":1758332724507,"duration":4594}},{"uid":"c14e5e46e124fe90","status":"failed","statusDetails":"AssertionError: [AssertionError] during step: Verify output endpoints schema via API\nMessage: <unknown at 0> validation error: Additional properties are not allowed ('__type__' was unexpected);\n <unknown at 1> validation error: Additional properties are not allowed ('__type__' was unexpected);\n <unknown at 2> validation error: Additional properties are not allowed ('__type__' was unexpected);\n <unknown at 3> validation error: Additional properties are not allowed ('__type__' was unexpected)","time":{"start":1758246332108,"stop":1758246336510,"duration":4402}},{"uid":"ae2dfedfb698f081","status":"skipped","statusDetails":"Skipped: DeepSeek app was not installed successfully","time":{"start":1758159857565,"stop":1758159857565,"duration":0}}]},"tags":["asyncio","class_setup"]},"source":"4a60c97df4d1db0e.json","parameterValues":[]}