{"uid":"4b287b42605247ec","name":"Create Second Organization via UI","fullName":"tests.test_cases.tests_ui.test_organization_structure_setup.TestUIOrganizationStructureSetup#test_create_second_organization_via_ui","historyId":"8316fae81d0b9759e49ea838ff6a3c54","time":{"start":1767584183671,"stop":1767584195437,"duration":11766},"description":"\n- Login with valid credentials.\n- Create new organization via **API**.\n\n### Verify that:\n\n- User can create second organization.\n","descriptionHtml":"<div style='line-height:1.6;'><ul>\n<li>Login with valid credentials.</li>\n<li>Create new organization via <strong>API</strong>.</li>\n</ul>\n<h3>Verify that:</h3>\n<ul>\n<li>User can create second organization.</li>\n</ul></div>","status":"failed","statusMessage":"AssertionError: [AssertionError] during step: Login via UI\nMessage: [AssertionError] during step: Verify that Welcome new user page displayed\nMessage: Locator expected to be visible\nActual value: None\nError: element(s) not found \nCall log:\n  - Expect \"to_be_visible\" with timeout 5000ms\n  - waiting for locator(\"h3.truncate.text-h3\").filter(has_text=\"Welcome, regression-ooo4kr8tmo@apolo.us\")","statusTrace":"tests/reporting_hooks/reporting.py:49: in wrapper\n    result = await func(*args, **kwargs)\n             ^^^^^^^^^^^^^^^^^^^^^^^^^^^\ntests/test_cases/steps/ui_steps/page_steps_impl/welcome_new_user_page_steps.py:14: in verify_ui_page_displayed\n    assert await self._pm.welcome_new_user_page.is_loaded(email=email), (\n           ^^^^^^^^^^^^^^^^^^^^^^^^^^^^^^^^^^^^^^^^^^^^^^^^^^^^^^^^^^^\ntests/components/ui/pages/onboarding_pages/welcome_new_user_page.py:27: in is_loaded\n    await self._get_welcome_user_message(email).expect_to_be_loaded()\ntests/components/ui/pages/base_element.py:51: in expect_to_be_loaded\n    await expect(self.locator).to_be_visible(timeout=timeout)\nE   AssertionError: Locator expected to be visible\nE   Actual value: None\nE   Error: element(s) not found \nE   Call log:\nE     - Expect \"to_be_visible\" with timeout 5000ms\nE     - waiting for locator(\"h3.truncate.text-h3\").filter(has_text=\"Welcome, regression-ooo4kr8tmo@apolo.us\")\n\nThe above exception was the direct cause of the following exception:\ntests/reporting_hooks/reporting.py:49: in wrapper\n    result = await func(*args, **kwargs)\n             ^^^^^^^^^^^^^^^^^^^^^^^^^^^\ntests/test_cases/steps/ui_steps/ui_steps.py:84: in ui_login\n    await self.welcome_new_user_page.verify_ui_page_displayed(\ntests/reporting_hooks/reporting.py:58: in wrapper\n    raise AssertionError(formatted_msg) from e\nE   AssertionError: [AssertionError] during step: Verify that Welcome new user page displayed\nE   Message: Locator expected to be visible\nE   Actual value: None\nE   Error: element(s) not found \nE   Call log:\nE     - Expect \"to_be_visible\" with timeout 5000ms\nE     - waiting for locator(\"h3.truncate.text-h3\").filter(has_text=\"Welcome, regression-ooo4kr8tmo@apolo.us\")\n\nThe above exception was the direct cause of the following exception:\ntests/test_cases/tests_ui/test_organization_structure_setup.py:58: in test_create_second_organization_via_ui\n    await steps.ui_login(user)\ntests/reporting_hooks/reporting.py:58: in wrapper\n    raise AssertionError(formatted_msg) from e\nE   AssertionError: [AssertionError] during step: Login via UI\nE   Message: [AssertionError] during step: Verify that Welcome new user page displayed\nE   Message: Locator expected to be visible\nE   Actual value: None\nE   Error: element(s) not found \nE   Call log:\nE     - Expect \"to_be_visible\" with timeout 5000ms\nE     - waiting for locator(\"h3.truncate.text-h3\").filter(has_text=\"Welcome, regression-ooo4kr8tmo@apolo.us\")","flaky":false,"newFailed":true,"newBroken":false,"newPassed":false,"retriesCount":1,"retriesStatusChange":false,"beforeStages":[{"name":"test_config","time":{"start":1767584182685,"stop":1767584182689,"duration":4},"status":"passed","steps":[],"attachments":[],"parameters":[],"shouldDisplayMessage":false,"stepsCount":0,"attachmentsCount":0,"hasContent":false,"attachmentStep":false},{"name":"_function_scoped_runner","time":{"start":1767584182689,"stop":1767584182689,"duration":0},"status":"passed","steps":[],"attachments":[],"parameters":[],"shouldDisplayMessage":false,"stepsCount":0,"attachmentsCount":0,"hasContent":false,"attachmentStep":false},{"name":"page_manager","time":{"start":1767584182689,"stop":1767584183668,"duration":979},"status":"passed","steps":[],"attachments":[],"parameters":[],"shouldDisplayMessage":false,"stepsCount":0,"attachmentsCount":0,"hasContent":false,"attachmentStep":false},{"name":"api_helper","time":{"start":1767584183668,"stop":1767584183669,"duration":1},"status":"passed","steps":[],"attachments":[],"parameters":[],"shouldDisplayMessage":false,"stepsCount":0,"attachmentsCount":0,"hasContent":false,"attachmentStep":false},{"name":"users_manager","time":{"start":1767584183668,"stop":1767584183668,"duration":0},"status":"passed","steps":[],"attachments":[],"parameters":[],"shouldDisplayMessage":false,"stepsCount":0,"attachmentsCount":0,"hasContent":false,"attachmentStep":false},{"name":"data_manager","time":{"start":1767584183668,"stop":1767584183668,"duration":0},"status":"passed","steps":[],"attachments":[],"parameters":[],"shouldDisplayMessage":false,"stepsCount":0,"attachmentsCount":0,"hasContent":false,"attachmentStep":false},{"name":"setup_cleanup","time":{"start":1767584183669,"stop":1767584183669,"duration":0},"status":"passed","steps":[],"attachments":[],"parameters":[],"shouldDisplayMessage":false,"stepsCount":0,"attachmentsCount":0,"hasContent":false,"attachmentStep":false},{"name":"add_page_manager","time":{"start":1767584183669,"stop":1767584183670,"duration":1},"status":"passed","steps":[],"attachments":[],"parameters":[],"shouldDisplayMessage":false,"stepsCount":0,"attachmentsCount":0,"hasContent":false,"attachmentStep":false},{"name":"apolo_cli","time":{"start":1767584183669,"stop":1767584183669,"duration":0},"status":"passed","steps":[],"attachments":[],"parameters":[],"shouldDisplayMessage":false,"stepsCount":0,"attachmentsCount":0,"hasContent":false,"attachmentStep":false},{"name":"setup","time":{"start":1767584183670,"stop":1767584183670,"duration":0},"status":"passed","steps":[],"attachments":[],"parameters":[],"shouldDisplayMessage":false,"stepsCount":0,"attachmentsCount":0,"hasContent":false,"attachmentStep":false},{"name":"_inject_fixtures","time":{"start":1767584183670,"stop":1767584183670,"duration":0},"status":"passed","steps":[],"attachments":[],"parameters":[],"shouldDisplayMessage":false,"stepsCount":0,"attachmentsCount":0,"hasContent":false,"attachmentStep":false}],"testStage":{"description":"\n- Login with valid credentials.\n- Create new organization via **API**.\n\n### Verify that:\n\n- User can create second organization.\n","descriptionHtml":"<div style='line-height:1.6;'><ul>\n<li>Login with valid credentials.</li>\n<li>Create new organization via <strong>API</strong>.</li>\n</ul>\n<h3>Verify that:</h3>\n<ul>\n<li>User can create second organization.</li>\n</ul></div>","status":"failed","statusMessage":"AssertionError: [AssertionError] during step: Login via UI\nMessage: [AssertionError] during step: Verify that Welcome new user page displayed\nMessage: Locator expected to be visible\nActual value: None\nError: element(s) not found \nCall log:\n  - Expect \"to_be_visible\" with timeout 5000ms\n  - waiting for locator(\"h3.truncate.text-h3\").filter(has_text=\"Welcome, regression-ooo4kr8tmo@apolo.us\")","statusTrace":"tests/reporting_hooks/reporting.py:49: in wrapper\n    result = await func(*args, **kwargs)\n             ^^^^^^^^^^^^^^^^^^^^^^^^^^^\ntests/test_cases/steps/ui_steps/page_steps_impl/welcome_new_user_page_steps.py:14: in verify_ui_page_displayed\n    assert await self._pm.welcome_new_user_page.is_loaded(email=email), (\n           ^^^^^^^^^^^^^^^^^^^^^^^^^^^^^^^^^^^^^^^^^^^^^^^^^^^^^^^^^^^\ntests/components/ui/pages/onboarding_pages/welcome_new_user_page.py:27: in is_loaded\n    await self._get_welcome_user_message(email).expect_to_be_loaded()\ntests/components/ui/pages/base_element.py:51: in expect_to_be_loaded\n    await expect(self.locator).to_be_visible(timeout=timeout)\nE   AssertionError: Locator expected to be visible\nE   Actual value: None\nE   Error: element(s) not found \nE   Call log:\nE     - Expect \"to_be_visible\" with timeout 5000ms\nE     - waiting for locator(\"h3.truncate.text-h3\").filter(has_text=\"Welcome, regression-ooo4kr8tmo@apolo.us\")\n\nThe above exception was the direct cause of the following exception:\ntests/reporting_hooks/reporting.py:49: in wrapper\n    result = await func(*args, **kwargs)\n             ^^^^^^^^^^^^^^^^^^^^^^^^^^^\ntests/test_cases/steps/ui_steps/ui_steps.py:84: in ui_login\n    await self.welcome_new_user_page.verify_ui_page_displayed(\ntests/reporting_hooks/reporting.py:58: in wrapper\n    raise AssertionError(formatted_msg) from e\nE   AssertionError: [AssertionError] during step: Verify that Welcome new user page displayed\nE   Message: Locator expected to be visible\nE   Actual value: None\nE   Error: element(s) not found \nE   Call log:\nE     - Expect \"to_be_visible\" with timeout 5000ms\nE     - waiting for locator(\"h3.truncate.text-h3\").filter(has_text=\"Welcome, regression-ooo4kr8tmo@apolo.us\")\n\nThe above exception was the direct cause of the following exception:\ntests/test_cases/tests_ui/test_organization_structure_setup.py:58: in test_create_second_organization_via_ui\n    await steps.ui_login(user)\ntests/reporting_hooks/reporting.py:58: in wrapper\n    raise AssertionError(formatted_msg) from e\nE   AssertionError: [AssertionError] during step: Login via UI\nE   Message: [AssertionError] during step: Verify that Welcome new user page displayed\nE   Message: Locator expected to be visible\nE   Actual value: None\nE   Error: element(s) not found \nE   Call log:\nE     - Expect \"to_be_visible\" with timeout 5000ms\nE     - waiting for locator(\"h3.truncate.text-h3\").filter(has_text=\"Welcome, regression-ooo4kr8tmo@apolo.us\")","steps":[{"name":"Login via UI","time":{"start":1767584183671,"stop":1767584195436,"duration":11765},"status":"failed","statusMessage":"AssertionError: [AssertionError] during step: Login via UI\nMessage: [AssertionError] during step: Verify that Welcome new user page displayed\nMessage: Locator expected to be visible\nActual value: None\nError: element(s) not found \nCall log:\n  - Expect \"to_be_visible\" with timeout 5000ms\n  - waiting for locator(\"h3.truncate.text-h3\").filter(has_text=\"Welcome, regression-ooo4kr8tmo@apolo.us\")\n\n","statusTrace":"  File \"/home/runner/work/apolo-test-automation/apolo-test-automation/tests/reporting_hooks/reporting.py\", line 58, in wrapper\n    raise AssertionError(formatted_msg) from e\n","steps":[{"name":"Verify that Auth page displayed","time":{"start":1767584183671,"stop":1767584184155,"duration":484},"status":"passed","steps":[],"attachments":[{"uid":"7a2edcc87ad497fb","name":"Page URL","source":"7a2edcc87ad497fb.txt","type":"text/plain","size":29},{"uid":"967e0a2a42a2016b","name":"HTTP 200 - GET config","source":"967e0a2a42a2016b.txt","type":"text/plain","size":673},{"uid":"8688a9256efc8ec7","name":"Screenshot: Verify that Auth page displayed (success)","source":"8688a9256efc8ec7.png","type":"image/png","size":88563}],"parameters":[],"shouldDisplayMessage":false,"stepsCount":0,"attachmentsCount":3,"hasContent":true,"attachmentStep":false},{"name":"Click login button","time":{"start":1767584184155,"stop":1767584185133,"duration":978},"status":"passed","steps":[],"attachments":[{"uid":"faf17fdec13cc929","name":"Page URL","source":"faf17fdec13cc929.txt","type":"text/plain","size":33},{"uid":"78d4eb0211ff69c2","name":"Screenshot: Click login button (success)","source":"78d4eb0211ff69c2.png","type":"image/png","size":41576}],"parameters":[],"shouldDisplayMessage":false,"stepsCount":0,"attachmentsCount":2,"hasContent":true,"attachmentStep":false},{"name":"Verify that Login page displayed","time":{"start":1767584185133,"stop":1767584185217,"duration":84},"status":"passed","steps":[],"attachments":[{"uid":"76452d786eafd9de","name":"Page URL","source":"76452d786eafd9de.txt","type":"text/plain","size":215},{"uid":"99a8d80a681a0735","name":"Screenshot: Verify that Login page displayed (success)","source":"99a8d80a681a0735.png","type":"image/png","size":41520}],"parameters":[],"shouldDisplayMessage":false,"stepsCount":0,"attachmentsCount":2,"hasContent":true,"attachmentStep":false},{"name":"Enter email","time":{"start":1767584185217,"stop":1767584185532,"duration":315},"status":"passed","steps":[],"attachments":[{"uid":"d42e1efb7604bfdd","name":"Page URL","source":"d42e1efb7604bfdd.txt","type":"text/plain","size":215},{"uid":"7f14c2ea7d182fc7","name":"Screenshot: Enter email (success)","source":"7f14c2ea7d182fc7.png","type":"image/png","size":45350}],"parameters":[],"shouldDisplayMessage":false,"stepsCount":0,"attachmentsCount":2,"hasContent":true,"attachmentStep":false},{"name":"Enter password","time":{"start":1767584185532,"stop":1767584185851,"duration":319},"status":"passed","steps":[],"attachments":[{"uid":"8c5fb92f7c3e8b0","name":"Page URL","source":"8c5fb92f7c3e8b0.txt","type":"text/plain","size":215},{"uid":"a4789837f56d1769","name":"Screenshot: Enter password (success)","source":"a4789837f56d1769.png","type":"image/png","size":45490}],"parameters":[],"shouldDisplayMessage":false,"stepsCount":0,"attachmentsCount":2,"hasContent":true,"attachmentStep":false},{"name":"Click Continue button","time":{"start":1767584185851,"stop":1767584189287,"duration":3436},"status":"passed","steps":[],"attachments":[{"uid":"a16098568043bb05","name":"Page URL","source":"a16098568043bb05.txt","type":"text/plain","size":215},{"uid":"5e3af72a54b27e68","name":"HTTP 200 - GET config","source":"5e3af72a54b27e68.txt","type":"text/plain","size":2137},{"uid":"b6e0a1ab3f77ed20","name":"HTTP 200 - GET permissions?uri=blob:","source":"b6e0a1ab3f77ed20.txt","type":"text/plain","size":255},{"uid":"be44f116636b0097","name":"HTTP 200 - GET regression-org-tjcyd596543l","source":"be44f116636b0097.txt","type":"text/plain","size":444},{"uid":"4903e5fe3a67c752","name":"HTTP 200 - GET incoming","source":"4903e5fe3a67c752.txt","type":"text/plain","size":156},{"uid":"5ffe91df647c7225","name":"HTTP 200 - GET regression-ooo4kr8tmo?include=clusters&include=system_role","source":"5ffe91df647c7225.txt","type":"text/plain","size":529},{"uid":"5122427de8490904","name":"HTTP 200 - GET regression-ooo4kr8tmo?include=orgs","source":"5122427de8490904.txt","type":"text/plain","size":474},{"uid":"3a9f78f29cc21fc3","name":"HTTP 200 - GET tags","source":"3a9f78f29cc21fc3.txt","type":"text/plain","size":948},{"uid":"9c3bb77376397f4d","name":"Screenshot: Click Continue button (success)","source":"9c3bb77376397f4d.png","type":"image/png","size":58845}],"parameters":[],"shouldDisplayMessage":false,"stepsCount":0,"attachmentsCount":9,"hasContent":true,"attachmentStep":false},{"name":"Verify that Welcome new user page displayed","time":{"start":1767584189295,"stop":1767584195369,"duration":6074},"status":"failed","statusMessage":"AssertionError: [AssertionError] during step: Verify that Welcome new user page displayed\nMessage: Locator expected to be visible\nActual value: None\nError: element(s) not found \nCall log:\n  - Expect \"to_be_visible\" with timeout 5000ms\n  - waiting for locator(\"h3.truncate.text-h3\").filter(has_text=\"Welcome, regression-ooo4kr8tmo@apolo.us\")\n\n","statusTrace":"  File \"/home/runner/work/apolo-test-automation/apolo-test-automation/tests/reporting_hooks/reporting.py\", line 58, in wrapper\n    raise AssertionError(formatted_msg) from e\n","steps":[],"attachments":[{"uid":"b1dd4451a70dd15a","name":"Page URL","source":"b1dd4451a70dd15a.txt","type":"text/plain","size":81},{"uid":"f85c7015a16b3dfe","name":"Screenshot: Verify that Welcome new user page displayed (fail)","source":"f85c7015a16b3dfe.png","type":"image/png","size":58845}],"parameters":[],"shouldDisplayMessage":true,"stepsCount":0,"attachmentsCount":2,"hasContent":true,"attachmentStep":false}],"attachments":[{"uid":"37572a301411e80e","name":"Page URL","source":"37572a301411e80e.txt","type":"text/plain","size":29},{"uid":"fcc45da92463f828","name":"Screenshot: Login via UI (fail)","source":"fcc45da92463f828.png","type":"image/png","size":58845}],"parameters":[],"shouldDisplayMessage":true,"stepsCount":7,"attachmentsCount":24,"hasContent":true,"attachmentStep":false}],"attachments":[{"uid":"eefc18d7014ffde5","name":"log","source":"eefc18d7014ffde5.txt","type":"text/plain","size":35282}],"parameters":[],"shouldDisplayMessage":true,"stepsCount":8,"attachmentsCount":25,"hasContent":true,"attachmentStep":false},"afterStages":[{"name":"setup_cleanup::finalizer","time":{"start":1767584195467,"stop":1767584195467,"duration":0},"status":"passed","steps":[],"attachments":[],"parameters":[],"shouldDisplayMessage":false,"stepsCount":0,"attachmentsCount":0,"hasContent":false,"attachmentStep":false},{"name":"setup_cleanup::finalizer","time":{"start":1767584195467,"stop":1767584201102,"duration":5635},"status":"passed","steps":[{"name":"Post-test cleanup","time":{"start":1767584195467,"stop":1767584201102,"duration":5635},"status":"passed","steps":[{"name":"Delete organisation: regression-org-tjcyd596543l","time":{"start":1767584200544,"stop":1767584201057,"duration":513},"status":"passed","steps":[],"attachments":[],"parameters":[],"shouldDisplayMessage":false,"stepsCount":0,"attachmentsCount":0,"hasContent":false,"attachmentStep":false}],"attachments":[],"parameters":[],"shouldDisplayMessage":false,"stepsCount":1,"attachmentsCount":0,"hasContent":true,"attachmentStep":false}],"attachments":[],"parameters":[],"shouldDisplayMessage":false,"stepsCount":2,"attachmentsCount":0,"hasContent":true,"attachmentStep":false},{"name":"add_page_manager::finalizer","time":{"start":1767584195467,"stop":1767584195467,"duration":0},"status":"passed","steps":[],"attachments":[],"parameters":[],"shouldDisplayMessage":false,"stepsCount":0,"attachmentsCount":0,"hasContent":false,"attachmentStep":false},{"name":"api_helper::finalizer","time":{"start":1767584201103,"stop":1767584201103,"duration":0},"status":"passed","steps":[],"attachments":[],"parameters":[],"shouldDisplayMessage":false,"stepsCount":0,"attachmentsCount":0,"hasContent":false,"attachmentStep":false},{"name":"_function_scoped_runner::0","time":{"start":1767584201104,"stop":1767584201105,"duration":1},"status":"passed","steps":[],"attachments":[],"parameters":[],"shouldDisplayMessage":false,"stepsCount":0,"attachmentsCount":0,"hasContent":false,"attachmentStep":false}],"labels":[{"name":"parentSuite","value":"UI Tests"},{"name":"suite","value":"UI Organization Structure Setup"},{"name":"tag","value":"asyncio"},{"name":"subSuite","value":"TestUIOrganizationStructureSetup"},{"name":"host","value":"runnervmh13bl"},{"name":"thread","value":"3009-MainThread"},{"name":"framework","value":"pytest"},{"name":"language","value":"cpython3"},{"name":"package","value":"tests.test_cases.tests_ui.test_organization_structure_setup"},{"name":"resultFormat","value":"allure2"}],"parameters":[],"links":[],"hidden":false,"retry":false,"extra":{"severity":"normal","retries":[{"uid":"e533408ceb8fe243","status":"failed","statusDetails":"AssertionError: [TimeoutError] during step: Wait for Create organization popup disappear\nMessage: Locator.wait_for: Timeout 30000ms exceeded.\nCall log:\n  - waiting for locator(\"h2\").filter(has_text=\"Create Organization\") to be detached\n    65 Ã— locator resolved to visible <h2 class=\"p-8 text-h4\">Create Organization</h2>\n\nNote: Playwright Timeout. Element not found or action took too long.","time":{"start":1767584093657,"stop":1767584166976,"duration":73319}}],"categories":[{"name":"Product defects","matchedStatuses":[],"flaky":false}],"history":{"statistic":{"failed":7,"broken":0,"skipped":0,"passed":151,"unknown":0,"total":158},"items":[{"uid":"9e732e3e210a738c","status":"passed","time":{"start":1767499267984,"stop":1767499328179,"duration":60195}},{"uid":"1b4b08b7895a0235","status":"passed","time":{"start":1767412051462,"stop":1767412104411,"duration":52949}},{"uid":"d5fba75305312cc5","status":"passed","time":{"start":1767325428566,"stop":1767325498581,"duration":70015}},{"uid":"9ff94dd009b66174","status":"passed","time":{"start":1767238337664,"stop":1767238394248,"duration":56584}},{"uid":"883b20b62503df8d","status":"passed","time":{"start":1767152488505,"stop":1767152564612,"duration":76107}},{"uid":"ef7bcf73eef3393a","status":"passed","time":{"start":1767067053286,"stop":1767067110821,"duration":57535}},{"uid":"2bd8e5969818f9a9","status":"passed","time":{"start":1766979237308,"stop":1766979297325,"duration":60017}},{"uid":"a967bb387a289902","status":"passed","time":{"start":1766893009364,"stop":1766893076758,"duration":67394}},{"uid":"30c8ff2f4dd6ef24","status":"passed","time":{"start":1766807209066,"stop":1766807382913,"duration":173847}},{"uid":"3111130413588189","status":"passed","time":{"start":1766721786619,"stop":1766721832837,"duration":46218}},{"uid":"c6dab0ce84e77186","status":"passed","time":{"start":1766634123297,"stop":1766634180502,"duration":57205}},{"uid":"398532e6fd43e99c","status":"passed","time":{"start":1766549196933,"stop":1766549256522,"duration":59589}},{"uid":"f0f798a7b17fa36","status":"passed","time":{"start":1766460762966,"stop":1766460820152,"duration":57186}},{"uid":"414b8b5bff49cb45","status":"passed","time":{"start":1766373621132,"stop":1766373687775,"duration":66643}},{"uid":"d1d090a81abe9183","status":"passed","time":{"start":1766288017574,"stop":1766288074559,"duration":56985}},{"uid":"daefad93b795c79","status":"passed","time":{"start":1766201268146,"stop":1766201335734,"duration":67588}},{"uid":"e904f74c3b424093","status":"passed","time":{"start":1766115448619,"stop":1766115494566,"duration":45947}},{"uid":"b4fad0a04a28b1e","status":"passed","time":{"start":1766028413069,"stop":1766028470575,"duration":57506}},{"uid":"8b5e038706eb1077","status":"passed","time":{"start":1765942473620,"stop":1765942529631,"duration":56011}},{"uid":"5773270b963901a4","status":"failed","statusDetails":"AssertionError: [AssertionError] during step: Login via UI\nMessage: [AssertionError] during step: Verify that Welcome new user page displayed\nMessage: Locator expected to be visible\nActual value: None\nError: element(s) not found \nCall log:\n  - Expect \"to_be_visible\" with timeout 5000ms\n  - waiting for locator(\"h3.truncate.text-h3\").filter(has_text=\"Welcome, regression-olzdb3o3ji@apolo.us\")","time":{"start":1765857651255,"stop":1765857662542,"duration":11287}}]},"tags":["asyncio"]},"source":"4b287b42605247ec.json","parameterValues":[]}