{"uid":"4d2844c190e47166","name":"Create First Project from top pane of main via UI","fullName":"tests.test_cases.tests_ui.test_project_structure_setup.TestUIProjectStructureSetup#test_create_first_proj_top_pane_via_ui","historyId":"a5a9ff368c0820e19c683a56f2e86a32","time":{"start":1765335586718,"stop":1765335607951,"duration":21233},"description":"\n- Login with valid credentials.\n- Create new organization via **API**.\n\n### Verify that:\n\n- User can create first project in organization from project menu in the **top pane of the main page**.\n","descriptionHtml":"<div style='line-height:1.6;'><ul>\n<li>Login with valid credentials.</li>\n<li>Create new organization via <strong>API</strong>.</li>\n</ul>\n<h3>Verify that:</h3>\n<ul>\n<li>User can create first project in organization from project menu in the <strong>top pane of the main page</strong>.</li>\n</ul></div>","status":"failed","statusMessage":"AssertionError: [AssertionError] during step: Login via UI\nMessage: [AssertionError] during step: Verify that Welcome new user page displayed\nMessage: Locator expected to be visible\nActual value: None\nError: element(s) not found \nCall log:\n  - Expect \"to_be_visible\" with timeout 5000ms\n  - waiting for locator(\"h3.truncate.text-h3\").filter(has_text=\"Welcome, regression-23fciawtsa@apolo.us\")","statusTrace":"tests/reporting_hooks/reporting.py:49: in wrapper\n    result = await func(*args, **kwargs)\n             ^^^^^^^^^^^^^^^^^^^^^^^^^^^\ntests/test_cases/steps/ui_steps/page_steps_impl/welcome_new_user_page_steps.py:14: in verify_ui_page_displayed\n    assert await self._pm.welcome_new_user_page.is_loaded(email=email), (\n           ^^^^^^^^^^^^^^^^^^^^^^^^^^^^^^^^^^^^^^^^^^^^^^^^^^^^^^^^^^^\ntests/components/ui/pages/onboarding_pages/welcome_new_user_page.py:27: in is_loaded\n    await self._get_welcome_user_message(email).expect_to_be_loaded()\ntests/components/ui/pages/base_element.py:51: in expect_to_be_loaded\n    await expect(self.locator).to_be_visible(timeout=timeout)\nE   AssertionError: Locator expected to be visible\nE   Actual value: None\nE   Error: element(s) not found \nE   Call log:\nE     - Expect \"to_be_visible\" with timeout 5000ms\nE     - waiting for locator(\"h3.truncate.text-h3\").filter(has_text=\"Welcome, regression-23fciawtsa@apolo.us\")\n\nThe above exception was the direct cause of the following exception:\ntests/reporting_hooks/reporting.py:49: in wrapper\n    result = await func(*args, **kwargs)\n             ^^^^^^^^^^^^^^^^^^^^^^^^^^^\ntests/test_cases/steps/ui_steps/ui_steps.py:84: in ui_login\n    await self.welcome_new_user_page.verify_ui_page_displayed(\ntests/reporting_hooks/reporting.py:58: in wrapper\n    raise AssertionError(formatted_msg) from e\nE   AssertionError: [AssertionError] during step: Verify that Welcome new user page displayed\nE   Message: Locator expected to be visible\nE   Actual value: None\nE   Error: element(s) not found \nE   Call log:\nE     - Expect \"to_be_visible\" with timeout 5000ms\nE     - waiting for locator(\"h3.truncate.text-h3\").filter(has_text=\"Welcome, regression-23fciawtsa@apolo.us\")\n\nThe above exception was the direct cause of the following exception:\ntests/test_cases/tests_ui/test_project_structure_setup.py:65: in test_create_first_proj_top_pane_via_ui\n    await steps.ui_login(user)\ntests/reporting_hooks/reporting.py:58: in wrapper\n    raise AssertionError(formatted_msg) from e\nE   AssertionError: [AssertionError] during step: Login via UI\nE   Message: [AssertionError] during step: Verify that Welcome new user page displayed\nE   Message: Locator expected to be visible\nE   Actual value: None\nE   Error: element(s) not found \nE   Call log:\nE     - Expect \"to_be_visible\" with timeout 5000ms\nE     - waiting for locator(\"h3.truncate.text-h3\").filter(has_text=\"Welcome, regression-23fciawtsa@apolo.us\")","flaky":false,"newFailed":false,"newBroken":false,"newPassed":false,"retriesCount":1,"retriesStatusChange":false,"beforeStages":[{"name":"test_config","time":{"start":1765335585897,"stop":1765335585901,"duration":4},"status":"passed","steps":[],"attachments":[],"parameters":[],"shouldDisplayMessage":false,"stepsCount":0,"attachmentsCount":0,"hasContent":false,"attachmentStep":false},{"name":"page_manager","time":{"start":1765335585901,"stop":1765335586714,"duration":813},"status":"passed","steps":[],"attachments":[],"parameters":[],"shouldDisplayMessage":false,"stepsCount":0,"attachmentsCount":0,"hasContent":false,"attachmentStep":false},{"name":"_function_scoped_runner","time":{"start":1765335585901,"stop":1765335585901,"duration":0},"status":"passed","steps":[],"attachments":[],"parameters":[],"shouldDisplayMessage":false,"stepsCount":0,"attachmentsCount":0,"hasContent":false,"attachmentStep":false},{"name":"data_manager","time":{"start":1765335586714,"stop":1765335586715,"duration":1},"status":"passed","steps":[],"attachments":[],"parameters":[],"shouldDisplayMessage":false,"stepsCount":0,"attachmentsCount":0,"hasContent":false,"attachmentStep":false},{"name":"apolo_cli","time":{"start":1765335586715,"stop":1765335586715,"duration":0},"status":"passed","steps":[],"attachments":[],"parameters":[],"shouldDisplayMessage":false,"stepsCount":0,"attachmentsCount":0,"hasContent":false,"attachmentStep":false},{"name":"api_helper","time":{"start":1765335586715,"stop":1765335586715,"duration":0},"status":"passed","steps":[],"attachments":[],"parameters":[],"shouldDisplayMessage":false,"stepsCount":0,"attachmentsCount":0,"hasContent":false,"attachmentStep":false},{"name":"users_manager","time":{"start":1765335586715,"stop":1765335586715,"duration":0},"status":"passed","steps":[],"attachments":[],"parameters":[],"shouldDisplayMessage":false,"stepsCount":0,"attachmentsCount":0,"hasContent":false,"attachmentStep":false},{"name":"add_page_manager","time":{"start":1765335586716,"stop":1765335586716,"duration":0},"status":"passed","steps":[],"attachments":[],"parameters":[],"shouldDisplayMessage":false,"stepsCount":0,"attachmentsCount":0,"hasContent":false,"attachmentStep":false},{"name":"setup_cleanup","time":{"start":1765335586716,"stop":1765335586716,"duration":0},"status":"passed","steps":[],"attachments":[],"parameters":[],"shouldDisplayMessage":false,"stepsCount":0,"attachmentsCount":0,"hasContent":false,"attachmentStep":false},{"name":"_inject_fixtures","time":{"start":1765335586716,"stop":1765335586717,"duration":1},"status":"passed","steps":[],"attachments":[],"parameters":[],"shouldDisplayMessage":false,"stepsCount":0,"attachmentsCount":0,"hasContent":false,"attachmentStep":false},{"name":"setup","time":{"start":1765335586717,"stop":1765335586717,"duration":0},"status":"passed","steps":[],"attachments":[],"parameters":[],"shouldDisplayMessage":false,"stepsCount":0,"attachmentsCount":0,"hasContent":false,"attachmentStep":false}],"testStage":{"description":"\n- Login with valid credentials.\n- Create new organization via **API**.\n\n### Verify that:\n\n- User can create first project in organization from project menu in the **top pane of the main page**.\n","descriptionHtml":"<div style='line-height:1.6;'><ul>\n<li>Login with valid credentials.</li>\n<li>Create new organization via <strong>API</strong>.</li>\n</ul>\n<h3>Verify that:</h3>\n<ul>\n<li>User can create first project in organization from project menu in the <strong>top pane of the main page</strong>.</li>\n</ul></div>","status":"failed","statusMessage":"AssertionError: [AssertionError] during step: Login via UI\nMessage: [AssertionError] during step: Verify that Welcome new user page displayed\nMessage: Locator expected to be visible\nActual value: None\nError: element(s) not found \nCall log:\n  - Expect \"to_be_visible\" with timeout 5000ms\n  - waiting for locator(\"h3.truncate.text-h3\").filter(has_text=\"Welcome, regression-23fciawtsa@apolo.us\")","statusTrace":"tests/reporting_hooks/reporting.py:49: in wrapper\n    result = await func(*args, **kwargs)\n             ^^^^^^^^^^^^^^^^^^^^^^^^^^^\ntests/test_cases/steps/ui_steps/page_steps_impl/welcome_new_user_page_steps.py:14: in verify_ui_page_displayed\n    assert await self._pm.welcome_new_user_page.is_loaded(email=email), (\n           ^^^^^^^^^^^^^^^^^^^^^^^^^^^^^^^^^^^^^^^^^^^^^^^^^^^^^^^^^^^\ntests/components/ui/pages/onboarding_pages/welcome_new_user_page.py:27: in is_loaded\n    await self._get_welcome_user_message(email).expect_to_be_loaded()\ntests/components/ui/pages/base_element.py:51: in expect_to_be_loaded\n    await expect(self.locator).to_be_visible(timeout=timeout)\nE   AssertionError: Locator expected to be visible\nE   Actual value: None\nE   Error: element(s) not found \nE   Call log:\nE     - Expect \"to_be_visible\" with timeout 5000ms\nE     - waiting for locator(\"h3.truncate.text-h3\").filter(has_text=\"Welcome, regression-23fciawtsa@apolo.us\")\n\nThe above exception was the direct cause of the following exception:\ntests/reporting_hooks/reporting.py:49: in wrapper\n    result = await func(*args, **kwargs)\n             ^^^^^^^^^^^^^^^^^^^^^^^^^^^\ntests/test_cases/steps/ui_steps/ui_steps.py:84: in ui_login\n    await self.welcome_new_user_page.verify_ui_page_displayed(\ntests/reporting_hooks/reporting.py:58: in wrapper\n    raise AssertionError(formatted_msg) from e\nE   AssertionError: [AssertionError] during step: Verify that Welcome new user page displayed\nE   Message: Locator expected to be visible\nE   Actual value: None\nE   Error: element(s) not found \nE   Call log:\nE     - Expect \"to_be_visible\" with timeout 5000ms\nE     - waiting for locator(\"h3.truncate.text-h3\").filter(has_text=\"Welcome, regression-23fciawtsa@apolo.us\")\n\nThe above exception was the direct cause of the following exception:\ntests/test_cases/tests_ui/test_project_structure_setup.py:65: in test_create_first_proj_top_pane_via_ui\n    await steps.ui_login(user)\ntests/reporting_hooks/reporting.py:58: in wrapper\n    raise AssertionError(formatted_msg) from e\nE   AssertionError: [AssertionError] during step: Login via UI\nE   Message: [AssertionError] during step: Verify that Welcome new user page displayed\nE   Message: Locator expected to be visible\nE   Actual value: None\nE   Error: element(s) not found \nE   Call log:\nE     - Expect \"to_be_visible\" with timeout 5000ms\nE     - waiting for locator(\"h3.truncate.text-h3\").filter(has_text=\"Welcome, regression-23fciawtsa@apolo.us\")","steps":[{"name":"Login via UI","time":{"start":1765335586718,"stop":1765335607950,"duration":21232},"status":"failed","statusMessage":"AssertionError: [AssertionError] during step: Login via UI\nMessage: [AssertionError] during step: Verify that Welcome new user page displayed\nMessage: Locator expected to be visible\nActual value: None\nError: element(s) not found \nCall log:\n  - Expect \"to_be_visible\" with timeout 5000ms\n  - waiting for locator(\"h3.truncate.text-h3\").filter(has_text=\"Welcome, regression-23fciawtsa@apolo.us\")\n\n","statusTrace":"  File \"/home/runner/work/apolo-test-automation/apolo-test-automation/tests/reporting_hooks/reporting.py\", line 58, in wrapper\n    raise AssertionError(formatted_msg) from e\n","steps":[{"name":"Verify that Auth page displayed","time":{"start":1765335586718,"stop":1765335587804,"duration":1086},"status":"passed","steps":[],"attachments":[{"uid":"b8eaca6d20daf2d3","name":"Page URL","source":"b8eaca6d20daf2d3.txt","type":"text/plain","size":29},{"uid":"41557e2f7736f82e","name":"HTTP 200 - GET config","source":"41557e2f7736f82e.txt","type":"text/plain","size":673},{"uid":"53a766cb47904cc4","name":"Screenshot: Verify that Auth page displayed (success)","source":"53a766cb47904cc4.png","type":"image/png","size":88563}],"parameters":[],"shouldDisplayMessage":false,"stepsCount":0,"attachmentsCount":3,"hasContent":true,"attachmentStep":false},{"name":"Click login button","time":{"start":1765335587804,"stop":1765335588696,"duration":892},"status":"passed","steps":[],"attachments":[{"uid":"532b820a1441b672","name":"Page URL","source":"532b820a1441b672.txt","type":"text/plain","size":33},{"uid":"bd815e03e05aaed2","name":"Screenshot: Click login button (success)","source":"bd815e03e05aaed2.png","type":"image/png","size":41342}],"parameters":[],"shouldDisplayMessage":false,"stepsCount":0,"attachmentsCount":2,"hasContent":true,"attachmentStep":false},{"name":"Verify that Login page displayed","time":{"start":1765335588696,"stop":1765335588797,"duration":101},"status":"passed","steps":[],"attachments":[{"uid":"8db2dee56da4748d","name":"Page URL","source":"8db2dee56da4748d.txt","type":"text/plain","size":215},{"uid":"bc79141c2b62bcb3","name":"Screenshot: Verify that Login page displayed (success)","source":"bc79141c2b62bcb3.png","type":"image/png","size":41524}],"parameters":[],"shouldDisplayMessage":false,"stepsCount":0,"attachmentsCount":2,"hasContent":true,"attachmentStep":false},{"name":"Enter email","time":{"start":1765335588797,"stop":1765335589114,"duration":317},"status":"passed","steps":[],"attachments":[{"uid":"e71488e912c35ba1","name":"Page URL","source":"e71488e912c35ba1.txt","type":"text/plain","size":215},{"uid":"48ac63c1947f4071","name":"Screenshot: Enter email (success)","source":"48ac63c1947f4071.png","type":"image/png","size":45641}],"parameters":[],"shouldDisplayMessage":false,"stepsCount":0,"attachmentsCount":2,"hasContent":true,"attachmentStep":false},{"name":"Enter password","time":{"start":1765335589115,"stop":1765335589431,"duration":316},"status":"passed","steps":[],"attachments":[{"uid":"7bdb7f925cf3271","name":"Page URL","source":"7bdb7f925cf3271.txt","type":"text/plain","size":215},{"uid":"e60ab4c5446f2d1e","name":"Screenshot: Enter password (success)","source":"e60ab4c5446f2d1e.png","type":"image/png","size":45783}],"parameters":[],"shouldDisplayMessage":false,"stepsCount":0,"attachmentsCount":2,"hasContent":true,"attachmentStep":false},{"name":"Click Continue button","time":{"start":1765335589431,"stop":1765335601771,"duration":12340},"status":"passed","steps":[],"attachments":[{"uid":"c08ae402a70da6eb","name":"Page URL","source":"c08ae402a70da6eb.txt","type":"text/plain","size":215},{"uid":"d162b39e6a423e44","name":"HTTP 200 - GET config","source":"d162b39e6a423e44.txt","type":"text/plain","size":2137},{"uid":"5d40a7b25b9070dc","name":"HTTP 200 - GET permissions?uri=blob:","source":"5d40a7b25b9070dc.txt","type":"text/plain","size":255},{"uid":"cb2944529f05c93f","name":"HTTP 200 - GET instances?org=regression-org-wos34rjli2iz&project=regression-proj-3icu1lpi1q&cluster=default&size=100","source":"cb2944529f05c93f.txt","type":"text/plain","size":290},{"uid":"4702d8c286467b05","name":"HTTP 200 - GET incoming","source":"4702d8c286467b05.txt","type":"text/plain","size":156},{"uid":"9bf08431d5bceeb","name":"HTTP 200 - GET regression-23fciawtsa?include=orgs","source":"9bf08431d5bceeb.txt","type":"text/plain","size":474},{"uid":"27b89804b80b410","name":"HTTP 200 - GET regression-org-wos34rjli2iz","source":"27b89804b80b410.txt","type":"text/plain","size":444},{"uid":"9d67c34720b31e8e","name":"HTTP 200 - GET regression-23fciawtsa?include=clusters&include=system_role","source":"9d67c34720b31e8e.txt","type":"text/plain","size":529},{"uid":"86eb00b51f42d35d","name":"HTTP 200 - GET instances?org=regression-org-wos34rjli2iz&project=regression-proj-3icu1lpi1q&cluster=default&size=100","source":"86eb00b51f42d35d.txt","type":"text/plain","size":290},{"uid":"a1d1ed9d89377324","name":"HTTP 200 - GET templates","source":"a1d1ed9d89377324.txt","type":"text/plain","size":2146},{"uid":"da8e06620a2d1d0b","name":"HTTP 200 - GET tags","source":"da8e06620a2d1d0b.txt","type":"text/plain","size":948},{"uid":"fe8b08b69913d052","name":"HTTP 200 - GET templates?page=1&size=50","source":"fe8b08b69913d052.txt","type":"text/plain","size":2161},{"uid":"4501ee09f4b661a1","name":"Screenshot: Click Continue button (success)","source":"4501ee09f4b661a1.png","type":"image/png","size":151555}],"parameters":[],"shouldDisplayMessage":false,"stepsCount":0,"attachmentsCount":13,"hasContent":true,"attachmentStep":false},{"name":"Verify that Welcome new user page displayed","time":{"start":1765335601780,"stop":1765335607867,"duration":6087},"status":"failed","statusMessage":"AssertionError: [AssertionError] during step: Verify that Welcome new user page displayed\nMessage: Locator expected to be visible\nActual value: None\nError: element(s) not found \nCall log:\n  - Expect \"to_be_visible\" with timeout 5000ms\n  - waiting for locator(\"h3.truncate.text-h3\").filter(has_text=\"Welcome, regression-23fciawtsa@apolo.us\")\n\n","statusTrace":"  File \"/home/runner/work/apolo-test-automation/apolo-test-automation/tests/reporting_hooks/reporting.py\", line 58, in wrapper\n    raise AssertionError(formatted_msg) from e\n","steps":[],"attachments":[{"uid":"990a42a3f24d073e","name":"Page URL","source":"990a42a3f24d073e.txt","type":"text/plain","size":116},{"uid":"641f11e3ba3403f1","name":"Screenshot: Verify that Welcome new user page displayed (fail)","source":"641f11e3ba3403f1.png","type":"image/png","size":151555}],"parameters":[],"shouldDisplayMessage":true,"stepsCount":0,"attachmentsCount":2,"hasContent":true,"attachmentStep":false}],"attachments":[{"uid":"741af61b7fbf6bc3","name":"Page URL","source":"741af61b7fbf6bc3.txt","type":"text/plain","size":29},{"uid":"97309262767f5f91","name":"Screenshot: Login via UI (fail)","source":"97309262767f5f91.png","type":"image/png","size":151555}],"parameters":[],"shouldDisplayMessage":true,"stepsCount":7,"attachmentsCount":28,"hasContent":true,"attachmentStep":false}],"attachments":[{"uid":"ca2084cb00efa2d6","name":"log","source":"ca2084cb00efa2d6.txt","type":"text/plain","size":42423}],"parameters":[],"shouldDisplayMessage":true,"stepsCount":8,"attachmentsCount":29,"hasContent":true,"attachmentStep":false},"afterStages":[{"name":"add_page_manager::finalizer","time":{"start":1765335607979,"stop":1765335607979,"duration":0},"status":"passed","steps":[],"attachments":[],"parameters":[],"shouldDisplayMessage":false,"stepsCount":0,"attachmentsCount":0,"hasContent":false,"attachmentStep":false},{"name":"setup_cleanup::finalizer","time":{"start":1765335607979,"stop":1765335607979,"duration":0},"status":"passed","steps":[],"attachments":[],"parameters":[],"shouldDisplayMessage":false,"stepsCount":0,"attachmentsCount":0,"hasContent":false,"attachmentStep":false},{"name":"setup_cleanup::finalizer","time":{"start":1765335607979,"stop":1765335617917,"duration":9938},"status":"passed","steps":[{"name":"Post-test cleanup","time":{"start":1765335607979,"stop":1765335617917,"duration":9938},"status":"passed","steps":[{"name":"Delete organisation: regression-org-wos34rjli2iz","time":{"start":1765335612971,"stop":1765335617866,"duration":4895},"status":"passed","steps":[{"name":"Delete project: regression-proj-3icu1lpi1q","time":{"start":1765335613144,"stop":1765335613360,"duration":216},"status":"passed","steps":[],"attachments":[],"parameters":[],"shouldDisplayMessage":false,"stepsCount":0,"attachmentsCount":0,"hasContent":false,"attachmentStep":false}],"attachments":[],"parameters":[],"shouldDisplayMessage":false,"stepsCount":1,"attachmentsCount":0,"hasContent":true,"attachmentStep":false}],"attachments":[],"parameters":[],"shouldDisplayMessage":false,"stepsCount":2,"attachmentsCount":0,"hasContent":true,"attachmentStep":false}],"attachments":[],"parameters":[],"shouldDisplayMessage":false,"stepsCount":3,"attachmentsCount":0,"hasContent":true,"attachmentStep":false},{"name":"api_helper::finalizer","time":{"start":1765335617918,"stop":1765335617918,"duration":0},"status":"passed","steps":[],"attachments":[],"parameters":[],"shouldDisplayMessage":false,"stepsCount":0,"attachmentsCount":0,"hasContent":false,"attachmentStep":false},{"name":"_function_scoped_runner::0","time":{"start":1765335617919,"stop":1765335617919,"duration":0},"status":"passed","steps":[],"attachments":[],"parameters":[],"shouldDisplayMessage":false,"stepsCount":0,"attachmentsCount":0,"hasContent":false,"attachmentStep":false}],"labels":[{"name":"suite","value":"UI Project Structure Setup"},{"name":"parentSuite","value":"UI Tests"},{"name":"tag","value":"asyncio"},{"name":"subSuite","value":"TestUIProjectStructureSetup"},{"name":"host","value":"runnervmoqczp"},{"name":"thread","value":"3221-MainThread"},{"name":"framework","value":"pytest"},{"name":"language","value":"cpython3"},{"name":"package","value":"tests.test_cases.tests_ui.test_project_structure_setup"},{"name":"resultFormat","value":"allure2"}],"parameters":[],"links":[],"hidden":false,"retry":false,"extra":{"severity":"normal","retries":[{"uid":"1178d4e7ea56effd","status":"failed","statusDetails":"AssertionError: [TimeoutError] during step: Wait for Create project popup disappear\nMessage: Locator.wait_for: Timeout 60ms exceeded.\nCall log:\n  - waiting for locator(\"h2\").filter(has_text=\"Create Project\") to be detached\n    3 × locator resolved to visible <h2 class=\"p-8 text-h4\">Create Project</h2>\n\nNote: Playwright Timeout. Element not found or action took too long.","time":{"start":1765335513149,"stop":1765335567813,"duration":54664}}],"categories":[{"name":"Product defects","matchedStatuses":[],"flaky":false}],"history":{"statistic":{"failed":48,"broken":0,"skipped":0,"passed":84,"unknown":0,"total":132},"items":[{"uid":"ada28af0cbc12d4","status":"failed","statusDetails":"AssertionError: [TimeoutError] during step: Wait for Create project popup disappear\nMessage: Locator.wait_for: Timeout 60ms exceeded.\nCall log:\n  - waiting for locator(\"h2\").filter(has_text=\"Create Project\") to be detached\n    3 × locator resolved to visible <h2 class=\"p-8 text-h4\">Create Project</h2>\n\nNote: Playwright Timeout. Element not found or action took too long.","time":{"start":1765248067767,"stop":1765248124221,"duration":56454}},{"uid":"416b35a8cdec469c","status":"failed","statusDetails":"AssertionError: [AssertionError] during step: Login via UI\nMessage: [AssertionError] during step: Verify that Welcome new user page displayed\nMessage: Locator expected to be visible\nActual value: None\nError: element(s) not found \nCall log:\n  - Expect \"to_be_visible\" with timeout 5000ms\n  - waiting for locator(\"h3.truncate.text-h3\").filter(has_text=\"Welcome, regression-sk9eoyic11@apolo.us\")","time":{"start":1765162617444,"stop":1765162629250,"duration":11806}},{"uid":"5e9409b99bb2d6d6","status":"failed","statusDetails":"AssertionError: [AssertionError] during step: Login via UI\nMessage: [AssertionError] during step: Verify that Welcome new user page displayed\nMessage: Locator expected to be visible\nActual value: None\nError: element(s) not found \nCall log:\n  - Expect \"to_be_visible\" with timeout 5000ms\n  - waiting for locator(\"h3.truncate.text-h3\").filter(has_text=\"Welcome, regression-f69ebj48ur@apolo.us\")","time":{"start":1765076216482,"stop":1765076228165,"duration":11683}},{"uid":"1e28e83f4868d7fe","status":"failed","statusDetails":"AssertionError: [AssertionError] during step: Login via UI\nMessage: [AssertionError] during step: Verify that Welcome new user page displayed\nMessage: Locator expected to be visible\nActual value: None\nError: element(s) not found \nCall log:\n  - Expect \"to_be_visible\" with timeout 5000ms\n  - waiting for locator(\"h3.truncate.text-h3\").filter(has_text=\"Welcome, regression-krolx0lfl3@apolo.us\")","time":{"start":1764988251745,"stop":1764988264097,"duration":12352}},{"uid":"8383ed0cd3846ac5","status":"failed","statusDetails":"AssertionError: [TimeoutError] during step: Wait for Create project popup disappear\nMessage: Locator.wait_for: Timeout 60ms exceeded.\nCall log:\n  - waiting for locator(\"h2\").filter(has_text=\"Create Project\") to be detached\n    3 × locator resolved to visible <h2 class=\"p-8 text-h4\">Create Project</h2>\n\nNote: Playwright Timeout. Element not found or action took too long.","time":{"start":1764902769705,"stop":1764902816878,"duration":47173}},{"uid":"710ce6633e76e2ca","status":"failed","statusDetails":"AssertionError: [TimeoutError] during step: Wait for Create project popup disappear\nMessage: Locator.wait_for: Timeout 60ms exceeded.\nCall log:\n  - waiting for locator(\"h2\").filter(has_text=\"Create Project\") to be detached\n    3 × locator resolved to visible <h2 class=\"p-8 text-h4\">Create Project</h2>\n\nNote: Playwright Timeout. Element not found or action took too long.","time":{"start":1764817067678,"stop":1764817112309,"duration":44631}},{"uid":"fd009182d4c0ea72","status":"failed","statusDetails":"AssertionError: [AssertionError] during step: Login via UI\nMessage: [AssertionError] during step: Verify that Welcome new user page displayed\nMessage: Locator expected to be visible\nActual value: None\nError: element(s) not found \nCall log:\n  - Expect \"to_be_visible\" with timeout 5000ms\n  - waiting for locator(\"h3.truncate.text-h3\").filter(has_text=\"Welcome, regression-dzzersx9xr@apolo.us\")","time":{"start":1764730144774,"stop":1764730158294,"duration":13520}},{"uid":"29dcb44315f03a28","status":"failed","statusDetails":"AssertionError: [TimeoutError] during step: Wait for Create project popup disappear\nMessage: Locator.wait_for: Timeout 60ms exceeded.\nCall log:\n  - waiting for locator(\"h2\").filter(has_text=\"Create Project\") to be detached\n    3 × locator resolved to visible <h2 class=\"p-8 text-h4\">Create Project</h2>\n\nNote: Playwright Timeout. Element not found or action took too long.","time":{"start":1764643277056,"stop":1764643323107,"duration":46051}},{"uid":"fff187d67a73d856","status":"failed","statusDetails":"AssertionError: [AssertionError] during step: Login via UI\nMessage: [AssertionError] during step: Verify that Welcome new user page displayed\nMessage: Locator expected to be visible\nActual value: None\nError: element(s) not found \nCall log:\n  - Expect \"to_be_visible\" with timeout 5000ms\n  - waiting for locator(\"h3.truncate.text-h3\").filter(has_text=\"Welcome, regression-x1ns128gny@apolo.us\")","time":{"start":1764558990669,"stop":1764559002012,"duration":11343}},{"uid":"f8bbb8de47d5a135","status":"failed","statusDetails":"AssertionError: [TimeoutError] during step: Wait for Create project popup disappear\nMessage: Locator.wait_for: Timeout 60ms exceeded.\nCall log:\n  - waiting for locator(\"h2\").filter(has_text=\"Create Project\") to be detached\n    3 × locator resolved to visible <h2 class=\"p-8 text-h4\">Create Project</h2>\n\nNote: Playwright Timeout. Element not found or action took too long.","time":{"start":1764470093017,"stop":1764470125051,"duration":32034}},{"uid":"9bc4c3f51243f893","status":"failed","statusDetails":"AssertionError: [AssertionError] during step: Login via UI\nMessage: [AssertionError] during step: Verify that Welcome new user page displayed\nMessage: Locator expected to be visible\nActual value: None\nError: element(s) not found \nCall log:\n  - Expect \"to_be_visible\" with timeout 5000ms\n  - waiting for locator(\"h3.truncate.text-h3\").filter(has_text=\"Welcome, regression-c1znlbu22z@apolo.us\")","time":{"start":1764384724776,"stop":1764384738925,"duration":14149}},{"uid":"e15cb63ca31db9a9","status":"failed","statusDetails":"AssertionError: [TimeoutError] during step: Wait for Create project popup disappear\nMessage: Locator.wait_for: Timeout 60ms exceeded.\nCall log:\n  - waiting for locator(\"h2\").filter(has_text=\"Create Project\") to be detached\n    3 × locator resolved to visible <h2 class=\"p-8 text-h4\">Create Project</h2>\n\nNote: Playwright Timeout. Element not found or action took too long.","time":{"start":1764298023302,"stop":1764298061375,"duration":38073}},{"uid":"fcb40d490b1362dd","status":"failed","statusDetails":"AssertionError: [TimeoutError] during step: Wait for Create project popup disappear\nMessage: Locator.wait_for: Timeout 60ms exceeded.\nCall log:\n  - waiting for locator(\"h2\").filter(has_text=\"Create Project\") to be detached\n    3 × locator resolved to visible <h2 class=\"p-8 text-h4\">Create Project</h2>\n\nNote: Playwright Timeout. Element not found or action took too long.","time":{"start":1764211809491,"stop":1764211838907,"duration":29416}},{"uid":"e08e04b167bc84a5","status":"failed","statusDetails":"AssertionError: [TimeoutError] during step: Wait for Create project popup disappear\nMessage: Locator.wait_for: Timeout 60ms exceeded.\nCall log:\n  - waiting for locator(\"h2\").filter(has_text=\"Create Project\") to be detached\n    3 × locator resolved to visible <h2 class=\"p-8 text-h4\">Create Project</h2>\n\nNote: Playwright Timeout. Element not found or action took too long.","time":{"start":1764126516899,"stop":1764126554922,"duration":38023}},{"uid":"2269ab84a4e50cfa","status":"failed","statusDetails":"AssertionError: [TimeoutError] during step: Wait for Create project popup disappear\nMessage: Locator.wait_for: Timeout 60ms exceeded.\nCall log:\n  - waiting for locator(\"h2\").filter(has_text=\"Create Project\") to be detached\n    3 × locator resolved to visible <h2 class=\"p-8 text-h4\">Create Project</h2>\n\nNote: Playwright Timeout. Element not found or action took too long.","time":{"start":1764039380582,"stop":1764039426901,"duration":46319}},{"uid":"5e9ab046ef4c2a7","status":"failed","statusDetails":"AssertionError: [AssertionError] during step: Login via UI\nMessage: [AssertionError] during step: Verify that Welcome new user page displayed\nMessage: Locator expected to be visible\nActual value: None\nError: element(s) not found \nCall log:\n  - Expect \"to_be_visible\" with timeout 5000ms\n  - waiting for locator(\"h3.truncate.text-h3\").filter(has_text=\"Welcome, regression-2tebxm1dwr@apolo.us\")","time":{"start":1763951687462,"stop":1763951699149,"duration":11687}},{"uid":"bede1ae77cc42d63","status":"failed","statusDetails":"AssertionError: [TimeoutError] during step: Wait for Create project popup disappear\nMessage: Locator.wait_for: Timeout 60ms exceeded.\nCall log:\n  - waiting for locator(\"h2\").filter(has_text=\"Create Project\") to be detached\n    3 × locator resolved to visible <h2 class=\"p-8 text-h4\">Create Project</h2>\n\nNote: Playwright Timeout. Element not found or action took too long.","time":{"start":1763865450784,"stop":1763865496985,"duration":46201}},{"uid":"f1b9948d05f00f4b","status":"failed","statusDetails":"AssertionError: [TimeoutError] during step: Wait for Create project popup disappear\nMessage: Locator.wait_for: Timeout 60ms exceeded.\nCall log:\n  - waiting for locator(\"h2\").filter(has_text=\"Create Project\") to be detached\n    3 × locator resolved to visible <h2 class=\"p-8 text-h4\">Create Project</h2>\n\nNote: Playwright Timeout. Element not found or action took too long.","time":{"start":1763780003845,"stop":1763780076854,"duration":73009}},{"uid":"b9cde8d52f509265","status":"failed","statusDetails":"AssertionError: [TimeoutError] during step: Wait for Create project popup disappear\nMessage: Locator.wait_for: Timeout 60ms exceeded.\nCall log:\n  - waiting for locator(\"h2\").filter(has_text=\"Create Project\") to be detached\n    3 × locator resolved to visible <h2 class=\"p-8 text-h4\">Create Project</h2>\n\nNote: Playwright Timeout. Element not found or action took too long.","time":{"start":1763693254830,"stop":1763693293865,"duration":39035}},{"uid":"c7c3168ba6c2d1e6","status":"failed","statusDetails":"AssertionError: [TimeoutError] during step: Wait for Create project popup disappear\nMessage: Locator.wait_for: Timeout 60ms exceeded.\nCall log:\n  - waiting for locator(\"h2\").filter(has_text=\"Create Project\") to be detached\n    3 × locator resolved to visible <h2 class=\"p-8 text-h4\">Create Project</h2>\n\nNote: Playwright Timeout. Element not found or action took too long.","time":{"start":1763606885538,"stop":1763606931453,"duration":45915}}]},"tags":["asyncio"]},"source":"4d2844c190e47166.json","parameterValues":[]}