{"uid":"4f0c75cc72eece5b","name":"Invite member that NOT in organization to project via UI","fullName":"tests.test_cases.tests_ui.test_project_structure_setup.TestUIProjectStructureSetup#test_invite_not_org_member_to_proj_via_ui","historyId":"a949c0b55d0235a80abfe0157af30788","time":{"start":1763780286111,"stop":1763780322224,"duration":36113},"description":"\n- Login with valid credentials.\n- Create new organization via **API**.\n- Create new project.\n- Signup `second user`.\n- DO NOT invite `second user` to organization.\n\n### Verify that:\n\n- User **cannot** invite to project another user which is **not member of organization**.\n","descriptionHtml":"<div style='line-height:1.6;'><ul>\n<li>Login with valid credentials.</li>\n<li>Create new organization via <strong>API</strong>.</li>\n<li>Create new project.</li>\n<li>Signup <span style='background-color:#D3D3D3; padding:2px 4px; border-radius:3px; font-family:monospace;'>second user</span>.</li>\n<li>DO NOT invite <span style='background-color:#D3D3D3; padding:2px 4px; border-radius:3px; font-family:monospace;'>second user</span> to organization.</li>\n</ul>\n<h3>Verify that:</h3>\n<ul>\n<li>User <strong>cannot</strong> invite to project another user which is <strong>not member of organization</strong>.</li>\n</ul></div>","status":"failed","statusMessage":"AssertionError: [AssertionError] during step: Create first project from main page\nMessage: [TimeoutError] during step: Wait for Create project popup disappear\nMessage: Locator.wait_for: Timeout 60ms exceeded.\nCall log:\n  - waiting for locator(\"h2\").filter(has_text=\"Create Project\") to be detached\n    3 × locator resolved to visible <h2 class=\"p-8 text-h4\">Create Project</h2>\n\nNote: Playwright Timeout. Element not found or action took too long.","statusTrace":"tests/reporting_hooks/reporting.py:49: in wrapper\n    result = await func(*args, **kwargs)\n             ^^^^^^^^^^^^^^^^^^^^^^^^^^^\ntests/test_cases/steps/ui_steps/page_steps_impl/create_proj_popup_steps.py:36: in ui_wait_to_disappear\n    await self._pm.create_proj_popup.wait_to_disappear(org_name=org_name)\ntests/components/ui/pages/create_project_popup.py:83: in wait_to_disappear\n    await self._get_create_proj_title().locator.wait_for(\n.venv/lib/python3.13/site-packages/playwright/async_api/_generated.py:17906: in wait_for\n    await self._impl_obj.wait_for(timeout=timeout, state=state)\n.venv/lib/python3.13/site-packages/playwright/_impl/_locator.py:692: in wait_for\n    await self._frame.wait_for_selector(\n.venv/lib/python3.13/site-packages/playwright/_impl/_frame.py:369: in wait_for_selector\n    await self._channel.send(\n.venv/lib/python3.13/site-packages/playwright/_impl/_connection.py:69: in send\n    return await self._connection.wrap_api_call(\n.venv/lib/python3.13/site-packages/playwright/_impl/_connection.py:559: in wrap_api_call\n    raise rewrite_error(error, f\"{parsed_st['apiName']}: {error}\") from None\nE   playwright._impl._errors.TimeoutError: Locator.wait_for: Timeout 60ms exceeded.\nE   Call log:\nE     - waiting for locator(\"h2\").filter(has_text=\"Create Project\") to be detached\nE       3 × locator resolved to visible <h2 class=\"p-8 text-h4\">Create Project</h2>\n\nThe above exception was the direct cause of the following exception:\ntests/reporting_hooks/reporting.py:49: in wrapper\n    result = await func(*args, **kwargs)\n             ^^^^^^^^^^^^^^^^^^^^^^^^^^^\ntests/test_cases/steps/ui_steps/ui_steps.py:247: in ui_create_first_proj_from_main_page\n    await self.create_proj_popup.ui_wait_to_disappear(org_name=org_name)\ntests/reporting_hooks/reporting.py:58: in wrapper\n    raise AssertionError(formatted_msg) from e\nE   AssertionError: [TimeoutError] during step: Wait for Create project popup disappear\nE   Message: Locator.wait_for: Timeout 60ms exceeded.\nE   Call log:\nE     - waiting for locator(\"h2\").filter(has_text=\"Create Project\") to be detached\nE       3 × locator resolved to visible <h2 class=\"p-8 text-h4\">Create Project</h2>\nE   \nE   Note: Playwright Timeout. Element not found or action took too long.\n\nThe above exception was the direct cause of the following exception:\ntests/test_cases/tests_ui/test_project_structure_setup.py:259: in test_invite_not_org_member_to_proj_via_ui\n    await steps.ui_create_first_proj_from_main_page(\ntests/reporting_hooks/reporting.py:58: in wrapper\n    raise AssertionError(formatted_msg) from e\nE   AssertionError: [AssertionError] during step: Create first project from main page\nE   Message: [TimeoutError] during step: Wait for Create project popup disappear\nE   Message: Locator.wait_for: Timeout 60ms exceeded.\nE   Call log:\nE     - waiting for locator(\"h2\").filter(has_text=\"Create Project\") to be detached\nE       3 × locator resolved to visible <h2 class=\"p-8 text-h4\">Create Project</h2>\nE   \nE   Note: Playwright Timeout. Element not found or action took too long.","flaky":false,"newFailed":false,"newBroken":false,"newPassed":false,"retriesCount":0,"retriesStatusChange":false,"beforeStages":[{"name":"_verify_url","time":{"start":1763775058723,"stop":1763775058723,"duration":0},"status":"passed","steps":[],"attachments":[],"parameters":[],"shouldDisplayMessage":false,"stepsCount":0,"attachmentsCount":0,"hasContent":false,"attachmentStep":false},{"name":"pytestconfig","time":{"start":1763775058723,"stop":1763775058723,"duration":0},"status":"passed","steps":[],"attachments":[],"parameters":[],"shouldDisplayMessage":false,"stepsCount":0,"attachmentsCount":0,"hasContent":false,"attachmentStep":false},{"name":"delete_output_dir","time":{"start":1763775058723,"stop":1763775058723,"duration":0},"status":"passed","steps":[],"attachments":[],"parameters":[],"shouldDisplayMessage":false,"stepsCount":0,"attachmentsCount":0,"hasContent":false,"attachmentStep":false},{"name":"event_loop_policy","time":{"start":1763775058723,"stop":1763775058723,"duration":0},"status":"passed","steps":[],"attachments":[],"parameters":[],"shouldDisplayMessage":false,"stepsCount":0,"attachmentsCount":0,"hasContent":false,"attachmentStep":false},{"name":"base_url","time":{"start":1763775058723,"stop":1763775058723,"duration":0},"status":"passed","steps":[],"attachments":[],"parameters":[],"shouldDisplayMessage":false,"stepsCount":0,"attachmentsCount":0,"hasContent":false,"attachmentStep":false},{"name":"ensure_storage_directories","time":{"start":1763775058724,"stop":1763775058724,"duration":0},"status":"passed","steps":[],"attachments":[],"parameters":[],"shouldDisplayMessage":false,"stepsCount":0,"attachmentsCount":0,"hasContent":false,"attachmentStep":false},{"name":"delay_worker_start","time":{"start":1763775058724,"stop":1763775058724,"duration":0},"status":"passed","steps":[],"attachments":[],"parameters":[],"shouldDisplayMessage":false,"stepsCount":0,"attachmentsCount":0,"hasContent":false,"attachmentStep":false},{"name":"test_config","time":{"start":1763780285166,"stop":1763780285169,"duration":3},"status":"passed","steps":[],"attachments":[],"parameters":[],"shouldDisplayMessage":false,"stepsCount":0,"attachmentsCount":0,"hasContent":false,"attachmentStep":false},{"name":"_function_scoped_runner","time":{"start":1763780285169,"stop":1763780285169,"duration":0},"status":"passed","steps":[],"attachments":[],"parameters":[],"shouldDisplayMessage":false,"stepsCount":0,"attachmentsCount":0,"hasContent":false,"attachmentStep":false},{"name":"page_manager","time":{"start":1763780285169,"stop":1763780286108,"duration":939},"status":"passed","steps":[],"attachments":[],"parameters":[],"shouldDisplayMessage":false,"stepsCount":0,"attachmentsCount":0,"hasContent":false,"attachmentStep":false},{"name":"users_manager","time":{"start":1763780286108,"stop":1763780286108,"duration":0},"status":"passed","steps":[],"attachments":[],"parameters":[],"shouldDisplayMessage":false,"stepsCount":0,"attachmentsCount":0,"hasContent":false,"attachmentStep":false},{"name":"api_helper","time":{"start":1763780286108,"stop":1763780286109,"duration":1},"status":"passed","steps":[],"attachments":[],"parameters":[],"shouldDisplayMessage":false,"stepsCount":0,"attachmentsCount":0,"hasContent":false,"attachmentStep":false},{"name":"data_manager","time":{"start":1763780286108,"stop":1763780286108,"duration":0},"status":"passed","steps":[],"attachments":[],"parameters":[],"shouldDisplayMessage":false,"stepsCount":0,"attachmentsCount":0,"hasContent":false,"attachmentStep":false},{"name":"setup_cleanup","time":{"start":1763780286109,"stop":1763780286109,"duration":0},"status":"passed","steps":[],"attachments":[],"parameters":[],"shouldDisplayMessage":false,"stepsCount":0,"attachmentsCount":0,"hasContent":false,"attachmentStep":false},{"name":"apolo_cli","time":{"start":1763780286109,"stop":1763780286109,"duration":0},"status":"passed","steps":[],"attachments":[],"parameters":[],"shouldDisplayMessage":false,"stepsCount":0,"attachmentsCount":0,"hasContent":false,"attachmentStep":false},{"name":"add_page_manager","time":{"start":1763780286109,"stop":1763780286109,"duration":0},"status":"passed","steps":[],"attachments":[],"parameters":[],"shouldDisplayMessage":false,"stepsCount":0,"attachmentsCount":0,"hasContent":false,"attachmentStep":false},{"name":"_inject_fixtures","time":{"start":1763780286110,"stop":1763780286110,"duration":0},"status":"passed","steps":[],"attachments":[],"parameters":[],"shouldDisplayMessage":false,"stepsCount":0,"attachmentsCount":0,"hasContent":false,"attachmentStep":false},{"name":"setup","time":{"start":1763780286110,"stop":1763780286110,"duration":0},"status":"passed","steps":[],"attachments":[],"parameters":[],"shouldDisplayMessage":false,"stepsCount":0,"attachmentsCount":0,"hasContent":false,"attachmentStep":false}],"testStage":{"description":"\n- Login with valid credentials.\n- Create new organization via **API**.\n- Create new project.\n- Signup `second user`.\n- DO NOT invite `second user` to organization.\n\n### Verify that:\n\n- User **cannot** invite to project another user which is **not member of organization**.\n","descriptionHtml":"<div style='line-height:1.6;'><ul>\n<li>Login with valid credentials.</li>\n<li>Create new organization via <strong>API</strong>.</li>\n<li>Create new project.</li>\n<li>Signup <span style='background-color:#D3D3D3; padding:2px 4px; border-radius:3px; font-family:monospace;'>second user</span>.</li>\n<li>DO NOT invite <span style='background-color:#D3D3D3; padding:2px 4px; border-radius:3px; font-family:monospace;'>second user</span> to organization.</li>\n</ul>\n<h3>Verify that:</h3>\n<ul>\n<li>User <strong>cannot</strong> invite to project another user which is <strong>not member of organization</strong>.</li>\n</ul></div>","status":"failed","statusMessage":"AssertionError: [AssertionError] during step: Create first project from main page\nMessage: [TimeoutError] during step: Wait for Create project popup disappear\nMessage: Locator.wait_for: Timeout 60ms exceeded.\nCall log:\n  - waiting for locator(\"h2\").filter(has_text=\"Create Project\") to be detached\n    3 × locator resolved to visible <h2 class=\"p-8 text-h4\">Create Project</h2>\n\nNote: Playwright Timeout. Element not found or action took too long.","statusTrace":"tests/reporting_hooks/reporting.py:49: in wrapper\n    result = await func(*args, **kwargs)\n             ^^^^^^^^^^^^^^^^^^^^^^^^^^^\ntests/test_cases/steps/ui_steps/page_steps_impl/create_proj_popup_steps.py:36: in ui_wait_to_disappear\n    await self._pm.create_proj_popup.wait_to_disappear(org_name=org_name)\ntests/components/ui/pages/create_project_popup.py:83: in wait_to_disappear\n    await self._get_create_proj_title().locator.wait_for(\n.venv/lib/python3.13/site-packages/playwright/async_api/_generated.py:17906: in wait_for\n    await self._impl_obj.wait_for(timeout=timeout, state=state)\n.venv/lib/python3.13/site-packages/playwright/_impl/_locator.py:692: in wait_for\n    await self._frame.wait_for_selector(\n.venv/lib/python3.13/site-packages/playwright/_impl/_frame.py:369: in wait_for_selector\n    await self._channel.send(\n.venv/lib/python3.13/site-packages/playwright/_impl/_connection.py:69: in send\n    return await self._connection.wrap_api_call(\n.venv/lib/python3.13/site-packages/playwright/_impl/_connection.py:559: in wrap_api_call\n    raise rewrite_error(error, f\"{parsed_st['apiName']}: {error}\") from None\nE   playwright._impl._errors.TimeoutError: Locator.wait_for: Timeout 60ms exceeded.\nE   Call log:\nE     - waiting for locator(\"h2\").filter(has_text=\"Create Project\") to be detached\nE       3 × locator resolved to visible <h2 class=\"p-8 text-h4\">Create Project</h2>\n\nThe above exception was the direct cause of the following exception:\ntests/reporting_hooks/reporting.py:49: in wrapper\n    result = await func(*args, **kwargs)\n             ^^^^^^^^^^^^^^^^^^^^^^^^^^^\ntests/test_cases/steps/ui_steps/ui_steps.py:247: in ui_create_first_proj_from_main_page\n    await self.create_proj_popup.ui_wait_to_disappear(org_name=org_name)\ntests/reporting_hooks/reporting.py:58: in wrapper\n    raise AssertionError(formatted_msg) from e\nE   AssertionError: [TimeoutError] during step: Wait for Create project popup disappear\nE   Message: Locator.wait_for: Timeout 60ms exceeded.\nE   Call log:\nE     - waiting for locator(\"h2\").filter(has_text=\"Create Project\") to be detached\nE       3 × locator resolved to visible <h2 class=\"p-8 text-h4\">Create Project</h2>\nE   \nE   Note: Playwright Timeout. Element not found or action took too long.\n\nThe above exception was the direct cause of the following exception:\ntests/test_cases/tests_ui/test_project_structure_setup.py:259: in test_invite_not_org_member_to_proj_via_ui\n    await steps.ui_create_first_proj_from_main_page(\ntests/reporting_hooks/reporting.py:58: in wrapper\n    raise AssertionError(formatted_msg) from e\nE   AssertionError: [AssertionError] during step: Create first project from main page\nE   Message: [TimeoutError] during step: Wait for Create project popup disappear\nE   Message: Locator.wait_for: Timeout 60ms exceeded.\nE   Call log:\nE     - waiting for locator(\"h2\").filter(has_text=\"Create Project\") to be detached\nE       3 × locator resolved to visible <h2 class=\"p-8 text-h4\">Create Project</h2>\nE   \nE   Note: Playwright Timeout. Element not found or action took too long.","steps":[{"name":"Login via UI","time":{"start":1763780286111,"stop":1763780293280,"duration":7169},"status":"passed","steps":[{"name":"Verify that Auth page displayed","time":{"start":1763780286111,"stop":1763780287196,"duration":1085},"status":"passed","steps":[],"attachments":[{"uid":"47386357bce13bb0","name":"Page URL","source":"47386357bce13bb0.txt","type":"text/plain","size":29},{"uid":"237c6566fd243393","name":"HTTP 200 - GET config","source":"237c6566fd243393.txt","type":"text/plain","size":673},{"uid":"f88065c2ba5b34bc","name":"Screenshot: Verify that Auth page displayed (success)","source":"f88065c2ba5b34bc.png","type":"image/png","size":88563}],"parameters":[],"shouldDisplayMessage":false,"stepsCount":0,"attachmentsCount":3,"hasContent":true,"attachmentStep":false},{"name":"Click login button","time":{"start":1763780287196,"stop":1763780288212,"duration":1016},"status":"passed","steps":[],"attachments":[{"uid":"c9c9b2fac89b05c4","name":"Page URL","source":"c9c9b2fac89b05c4.txt","type":"text/plain","size":33},{"uid":"29ada9239789a491","name":"Screenshot: Click login button (success)","source":"29ada9239789a491.png","type":"image/png","size":41524}],"parameters":[],"shouldDisplayMessage":false,"stepsCount":0,"attachmentsCount":2,"hasContent":true,"attachmentStep":false},{"name":"Verify that Login page displayed","time":{"start":1763780288212,"stop":1763780288311,"duration":99},"status":"passed","steps":[],"attachments":[{"uid":"3a73aeeb447342d6","name":"Page URL","source":"3a73aeeb447342d6.txt","type":"text/plain","size":215},{"uid":"b58dcde8755be2dd","name":"Screenshot: Verify that Login page displayed (success)","source":"b58dcde8755be2dd.png","type":"image/png","size":41637}],"parameters":[],"shouldDisplayMessage":false,"stepsCount":0,"attachmentsCount":2,"hasContent":true,"attachmentStep":false},{"name":"Enter email","time":{"start":1763780288311,"stop":1763780288629,"duration":318},"status":"passed","steps":[],"attachments":[{"uid":"4e7f7d2fc9ed1cd9","name":"Page URL","source":"4e7f7d2fc9ed1cd9.txt","type":"text/plain","size":215},{"uid":"ef01f60f9624d037","name":"Screenshot: Enter email (success)","source":"ef01f60f9624d037.png","type":"image/png","size":45398}],"parameters":[],"shouldDisplayMessage":false,"stepsCount":0,"attachmentsCount":2,"hasContent":true,"attachmentStep":false},{"name":"Enter password","time":{"start":1763780288630,"stop":1763780288946,"duration":316},"status":"passed","steps":[],"attachments":[{"uid":"aeff7e13e51788bf","name":"Page URL","source":"aeff7e13e51788bf.txt","type":"text/plain","size":215},{"uid":"58fb93a63ec6fa82","name":"Screenshot: Enter password (success)","source":"58fb93a63ec6fa82.png","type":"image/png","size":45528}],"parameters":[],"shouldDisplayMessage":false,"stepsCount":0,"attachmentsCount":2,"hasContent":true,"attachmentStep":false},{"name":"Click Continue button","time":{"start":1763780288946,"stop":1763780292097,"duration":3151},"status":"passed","steps":[],"attachments":[{"uid":"fe76ce1fd2066910","name":"Page URL","source":"fe76ce1fd2066910.txt","type":"text/plain","size":215},{"uid":"31b09c586ce2fc70","name":"HTTP 200 - GET config","source":"31b09c586ce2fc70.txt","type":"text/plain","size":771},{"uid":"bec8d18112694254","name":"HTTP 200 - GET incoming","source":"bec8d18112694254.txt","type":"text/plain","size":156},{"uid":"ed6b056cfe14456","name":"HTTP 200 - GET regression-srlpi7cgzc?include=orgs","source":"ed6b056cfe14456.txt","type":"text/plain","size":379},{"uid":"32bc2d8940eedaf6","name":"HTTP 200 - GET permissions?uri=blob:","source":"32bc2d8940eedaf6.txt","type":"text/plain","size":182},{"uid":"78354608808563c0","name":"HTTP 200 - GET regression-srlpi7cgzc?include=clusters&include=system_role","source":"78354608808563c0.txt","type":"text/plain","size":407},{"uid":"4250cb5a5025cb50","name":"Screenshot: Click Continue button (success)","source":"4250cb5a5025cb50.png","type":"image/png","size":8511}],"parameters":[],"shouldDisplayMessage":false,"stepsCount":0,"attachmentsCount":7,"hasContent":true,"attachmentStep":false},{"name":"Verify that Welcome new user page displayed","time":{"start":1763780292106,"stop":1763780293194,"duration":1088},"status":"passed","steps":[],"attachments":[{"uid":"246451b187d02959","name":"Page URL","source":"246451b187d02959.txt","type":"text/plain","size":44},{"uid":"2d060af921c3faa9","name":"Screenshot: Verify that Welcome new user page displayed (success)","source":"2d060af921c3faa9.png","type":"image/png","size":158448}],"parameters":[],"shouldDisplayMessage":false,"stepsCount":0,"attachmentsCount":2,"hasContent":true,"attachmentStep":false}],"attachments":[{"uid":"64a198a93516baf1","name":"Page URL","source":"64a198a93516baf1.txt","type":"text/plain","size":29},{"uid":"4ae74202751a65bd","name":"Screenshot: Login via UI (success)","source":"4ae74202751a65bd.png","type":"image/png","size":158448}],"parameters":[],"shouldDisplayMessage":false,"stepsCount":7,"attachmentsCount":22,"hasContent":true,"attachmentStep":false},{"name":"Add organization via API and reload page","time":{"start":1763780293280,"stop":1763780319530,"duration":26250},"status":"passed","steps":[{"name":"Reload page","time":{"start":1763780309212,"stop":1763780319464,"duration":10252},"status":"passed","steps":[{"name":"Reload page","time":{"start":1763780309213,"stop":1763780319399,"duration":10186},"status":"passed","steps":[],"attachments":[{"uid":"e51ab1629870108f","name":"Page URL","source":"e51ab1629870108f.txt","type":"text/plain","size":44},{"uid":"92e94ee733c0557a","name":"HTTP 200 - GET config","source":"92e94ee733c0557a.txt","type":"text/plain","size":2137},{"uid":"3e4d141ba323ff33","name":"HTTP 200 - GET incoming","source":"3e4d141ba323ff33.txt","type":"text/plain","size":156},{"uid":"1628839529473da5","name":"HTTP 200 - GET regression-srlpi7cgzc?include=orgs","source":"1628839529473da5.txt","type":"text/plain","size":474},{"uid":"cdff31eeef9e8838","name":"HTTP 200 - GET permissions?uri=blob:","source":"cdff31eeef9e8838.txt","type":"text/plain","size":255},{"uid":"178b7996b57d8b31","name":"HTTP 200 - GET regression-org-ux3kry03boml","source":"178b7996b57d8b31.txt","type":"text/plain","size":444},{"uid":"aa85273fd3cf99da","name":"HTTP 200 - GET regression-srlpi7cgzc?include=clusters&include=system_role","source":"aa85273fd3cf99da.txt","type":"text/plain","size":529},{"uid":"9e496bfe615b30e7","name":"HTTP 200 - GET tags","source":"9e496bfe615b30e7.txt","type":"text/plain","size":948},{"uid":"537ed529ea7378b","name":"Screenshot: Reload page (success)","source":"537ed529ea7378b.png","type":"image/png","size":57759}],"parameters":[],"shouldDisplayMessage":false,"stepsCount":0,"attachmentsCount":9,"hasContent":true,"attachmentStep":false}],"attachments":[{"uid":"7f213fb05b48e411","name":"Page URL","source":"7f213fb05b48e411.txt","type":"text/plain","size":44},{"uid":"e3c60fd91a0a62c8","name":"Screenshot: Reload page (success)","source":"e3c60fd91a0a62c8.png","type":"image/png","size":57759}],"parameters":[],"shouldDisplayMessage":false,"stepsCount":1,"attachmentsCount":11,"hasContent":true,"attachmentStep":false}],"attachments":[{"uid":"94e0caf405ed2f26","name":"Page URL","source":"94e0caf405ed2f26.txt","type":"text/plain","size":44},{"uid":"8db81f2dd75eed05","name":"Screenshot: Add organization via API and reload page (success)","source":"8db81f2dd75eed05.png","type":"image/png","size":57759}],"parameters":[],"shouldDisplayMessage":false,"stepsCount":2,"attachmentsCount":13,"hasContent":true,"attachmentStep":false},{"name":"Create first project from main page","time":{"start":1763780319530,"stop":1763780322223,"duration":2693},"status":"failed","statusMessage":"AssertionError: [AssertionError] during step: Create first project from main page\nMessage: [TimeoutError] during step: Wait for Create project popup disappear\nMessage: Locator.wait_for: Timeout 60ms exceeded.\nCall log:\n  - waiting for locator(\"h2\").filter(has_text=\"Create Project\") to be detached\n    3 × locator resolved to visible <h2 class=\"p-8 text-h4\">Create Project</h2>\n\nNote: Playwright Timeout. Element not found or action took too long.\n","statusTrace":"  File \"/home/runner/work/apolo-test-automation/apolo-test-automation/tests/reporting_hooks/reporting.py\", line 58, in wrapper\n    raise AssertionError(formatted_msg) from e\n","steps":[{"name":"Click Create project button on the main page","time":{"start":1763780319530,"stop":1763780320501,"duration":971},"status":"passed","steps":[],"attachments":[{"uid":"a7ae4835c373914d","name":"Page URL","source":"a7ae4835c373914d.txt","type":"text/plain","size":81},{"uid":"7fef40968f21a5b5","name":"Screenshot: Click Create project button on the main page (success)","source":"7fef40968f21a5b5.png","type":"image/png","size":78655}],"parameters":[],"shouldDisplayMessage":false,"stepsCount":0,"attachmentsCount":2,"hasContent":true,"attachmentStep":false},{"name":"Verify Create project popup displayed","time":{"start":1763780320501,"stop":1763780320617,"duration":116},"status":"passed","steps":[],"attachments":[{"uid":"fcd05e77dd108df8","name":"Page URL","source":"fcd05e77dd108df8.txt","type":"text/plain","size":81},{"uid":"a85a539dc9d39fd1","name":"Screenshot: Verify Create project popup displayed (success)","source":"a85a539dc9d39fd1.png","type":"image/png","size":78657}],"parameters":[],"shouldDisplayMessage":false,"stepsCount":0,"attachmentsCount":2,"hasContent":true,"attachmentStep":false},{"name":"Enter project name","time":{"start":1763780320617,"stop":1763780320953,"duration":336},"status":"passed","steps":[],"attachments":[{"uid":"3d67b6fdbe8956dd","name":"Page URL","source":"3d67b6fdbe8956dd.txt","type":"text/plain","size":81},{"uid":"b939027461e10c68","name":"Screenshot: Enter project name (success)","source":"b939027461e10c68.png","type":"image/png","size":82272}],"parameters":[],"shouldDisplayMessage":false,"stepsCount":0,"attachmentsCount":2,"hasContent":true,"attachmentStep":false},{"name":"Select user role","time":{"start":1763780320953,"stop":1763780321050,"duration":97},"status":"passed","steps":[],"attachments":[{"uid":"8d4443ddd8be1ead","name":"Page URL","source":"8d4443ddd8be1ead.txt","type":"text/plain","size":81},{"uid":"bbc154a57b871255","name":"Screenshot: Select user role (success)","source":"bbc154a57b871255.png","type":"image/png","size":82271}],"parameters":[],"shouldDisplayMessage":false,"stepsCount":0,"attachmentsCount":2,"hasContent":true,"attachmentStep":false},{"name":"Click Create button","time":{"start":1763780321050,"stop":1763780321992,"duration":942},"status":"passed","steps":[],"attachments":[{"uid":"6b784c3c284e3a1b","name":"Page URL","source":"6b784c3c284e3a1b.txt","type":"text/plain","size":81},{"uid":"ede5f361293a9ee5","name":"HTTP 404 - GET regression-proj-kt6rn5o3t9","source":"ede5f361293a9ee5.txt","type":"text/plain","size":340},{"uid":"da3b06da665ce138","name":"Screenshot: Click Create button (success)","source":"da3b06da665ce138.png","type":"image/png","size":81231}],"parameters":[],"shouldDisplayMessage":false,"stepsCount":0,"attachmentsCount":3,"hasContent":true,"attachmentStep":false},{"name":"Wait for Create project popup disappear","time":{"start":1763780321992,"stop":1763780322141,"duration":149},"status":"failed","statusMessage":"AssertionError: [TimeoutError] during step: Wait for Create project popup disappear\nMessage: Locator.wait_for: Timeout 60ms exceeded.\nCall log:\n  - waiting for locator(\"h2\").filter(has_text=\"Create Project\") to be detached\n    3 × locator resolved to visible <h2 class=\"p-8 text-h4\">Create Project</h2>\n\nNote: Playwright Timeout. Element not found or action took too long.\n","statusTrace":"  File \"/home/runner/work/apolo-test-automation/apolo-test-automation/tests/reporting_hooks/reporting.py\", line 58, in wrapper\n    raise AssertionError(formatted_msg) from e\n","steps":[],"attachments":[{"uid":"3d6e3645031a403e","name":"Page URL","source":"3d6e3645031a403e.txt","type":"text/plain","size":81},{"uid":"2580f516a8d83b07","name":"Screenshot: Wait for Create project popup disappear (fail)","source":"2580f516a8d83b07.png","type":"image/png","size":81192}],"parameters":[],"shouldDisplayMessage":true,"stepsCount":0,"attachmentsCount":2,"hasContent":true,"attachmentStep":false}],"attachments":[{"uid":"dc68b02cbe08dd75","name":"Page URL","source":"dc68b02cbe08dd75.txt","type":"text/plain","size":81},{"uid":"8db04f6a003882a5","name":"Screenshot: Create first project from main page (fail)","source":"8db04f6a003882a5.png","type":"image/png","size":81171}],"parameters":[],"shouldDisplayMessage":true,"stepsCount":6,"attachmentsCount":15,"hasContent":true,"attachmentStep":false}],"attachments":[{"uid":"a9b4752a1f8f199c","name":"log","source":"a9b4752a1f8f199c.txt","type":"text/plain","size":29249}],"parameters":[],"shouldDisplayMessage":true,"stepsCount":18,"attachmentsCount":51,"hasContent":true,"attachmentStep":false},"afterStages":[{"name":"add_page_manager::finalizer","time":{"start":1763780322373,"stop":1763780322373,"duration":0},"status":"passed","steps":[],"attachments":[],"parameters":[],"shouldDisplayMessage":false,"stepsCount":0,"attachmentsCount":0,"hasContent":false,"attachmentStep":false},{"name":"setup_cleanup::finalizer","time":{"start":1763780322374,"stop":1763780322374,"duration":0},"status":"passed","steps":[],"attachments":[],"parameters":[],"shouldDisplayMessage":false,"stepsCount":0,"attachmentsCount":0,"hasContent":false,"attachmentStep":false},{"name":"setup_cleanup::finalizer","time":{"start":1763780322374,"stop":1763780326634,"duration":4260},"status":"passed","steps":[{"name":"Post-test cleanup","time":{"start":1763780322374,"stop":1763780326634,"duration":4260},"status":"passed","steps":[{"name":"Delete organisation: regression-org-ux3kry03boml","time":{"start":1763780325576,"stop":1763780326593,"duration":1017},"status":"passed","steps":[],"attachments":[{"uid":"3eedcd1b9dfff724","name":"HTTP 201 - POST projects","source":"3eedcd1b9dfff724.txt","type":"text/plain","size":444},{"uid":"4daf2fe12ca4775e","name":"HTTP 200 - GET config","source":"4daf2fe12ca4775e.txt","type":"text/plain","size":2137},{"uid":"b63ded3939cfd98","name":"HTTP 200 - GET templates?page=1&size=50","source":"b63ded3939cfd98.txt","type":"text/plain","size":2161},{"uid":"af9eb8d6189eaee","name":"HTTP 200 - GET templates","source":"af9eb8d6189eaee.txt","type":"text/plain","size":2146}],"parameters":[],"shouldDisplayMessage":false,"stepsCount":0,"attachmentsCount":4,"hasContent":true,"attachmentStep":false}],"attachments":[{"uid":"f7eca087d777007f","name":"HTTP 401 - GET instances?org=regression-org-ux3kry03boml&project=regression-proj-kt6rn5o3t9&cluster=default&size=100","source":"f7eca087d777007f.txt","type":"text/plain","size":357}],"parameters":[],"shouldDisplayMessage":false,"stepsCount":1,"attachmentsCount":5,"hasContent":true,"attachmentStep":false}],"attachments":[],"parameters":[],"shouldDisplayMessage":false,"stepsCount":2,"attachmentsCount":5,"hasContent":true,"attachmentStep":false},{"name":"api_helper::finalizer","time":{"start":1763780326634,"stop":1763780326635,"duration":1},"status":"passed","steps":[],"attachments":[],"parameters":[],"shouldDisplayMessage":false,"stepsCount":0,"attachmentsCount":0,"hasContent":false,"attachmentStep":false},{"name":"_function_scoped_runner::0","time":{"start":1763780326636,"stop":1763780326636,"duration":0},"status":"passed","steps":[],"attachments":[],"parameters":[],"shouldDisplayMessage":false,"stepsCount":0,"attachmentsCount":0,"hasContent":false,"attachmentStep":false}],"labels":[{"name":"parentSuite","value":"UI Tests"},{"name":"suite","value":"UI Project Structure Setup"},{"name":"tag","value":"asyncio"},{"name":"subSuite","value":"TestUIProjectStructureSetup"},{"name":"host","value":"runnervmg1sw1"},{"name":"thread","value":"3049-MainThread"},{"name":"framework","value":"pytest"},{"name":"language","value":"cpython3"},{"name":"package","value":"tests.test_cases.tests_ui.test_project_structure_setup"},{"name":"resultFormat","value":"allure2"}],"parameters":[],"links":[],"hidden":true,"retry":true,"extra":{"categories":[],"tags":["asyncio"]},"source":"4f0c75cc72eece5b.json","parameterValues":[]}