{"uid":"4f51b1ac555530d2","name":"Enter command in Shell app via UI","fullName":"tests.test_cases.tests_e2e.test_shell_app.TestE2EShellApp#test_enter_command_in_shell_via_ui","historyId":"5fe4e71760bd266df820d8b098519683","time":{"start":1759888721466,"stop":1759888721466,"duration":0},"description":"\n### Pre-conditions:\n- Shell app installed.\n\n### Steps:\n- Login with valid credentials.\n- Call `output` API.\n- Get `external https` endpoint.\n- Launch Shell app.\n- Execute `apolo config show` command.\n\n### Verify that Shell app output contains:\n\n- executed command `apolo config show`.\n- `User configuration` section.\n- `Resource Preset` section.\n","descriptionHtml":"<div style='line-height:1.6;'><h3>Pre-conditions:</h3>\n<ul>\n<li>Shell app installed.</li>\n</ul>\n<h3>Steps:</h3>\n<ul>\n<li>Login with valid credentials.</li>\n<li>Call <span style='background-color:#D3D3D3; padding:2px 4px; border-radius:3px; font-family:monospace;'>output</span> API.</li>\n<li>Get <span style='background-color:#D3D3D3; padding:2px 4px; border-radius:3px; font-family:monospace;'>external https</span> endpoint.</li>\n<li>Launch Shell app.</li>\n<li>Execute <span style='background-color:#D3D3D3; padding:2px 4px; border-radius:3px; font-family:monospace;'>apolo config show</span> command.</li>\n</ul>\n<h3>Verify that Shell app output contains:</h3>\n<ul>\n<li>executed command <span style='background-color:#D3D3D3; padding:2px 4px; border-radius:3px; font-family:monospace;'>apolo config show</span>.</li>\n<li><span style='background-color:#D3D3D3; padding:2px 4px; border-radius:3px; font-family:monospace;'>User configuration</span> section.</li>\n<li><span style='background-color:#D3D3D3; padding:2px 4px; border-radius:3px; font-family:monospace;'>Resource Preset</span> section.</li>\n</ul></div>","status":"skipped","statusMessage":"Skipped: Shell app was not installed successfully","statusTrace":"('/home/runner/work/apolo-test-automation/apolo-test-automation/tests/test_cases/tests_e2e/test_shell_app.py', 466, 'Skipped: Shell app was not installed successfully')","flaky":false,"newFailed":false,"newBroken":false,"newPassed":false,"retriesCount":0,"retriesStatusChange":false,"beforeStages":[{"name":"test_config","time":{"start":1759888721466,"stop":1759888721470,"duration":4},"status":"passed","steps":[],"attachments":[],"parameters":[],"shouldDisplayMessage":false,"stepsCount":0,"attachmentsCount":0,"hasContent":false,"attachmentStep":false},{"name":"_function_scoped_runner","time":{"start":1759888721470,"stop":1759888721470,"duration":0},"status":"passed","steps":[],"attachments":[],"parameters":[],"shouldDisplayMessage":false,"stepsCount":0,"attachmentsCount":0,"hasContent":false,"attachmentStep":false},{"name":"page_manager","time":{"start":1759888721470,"stop":1759888724004,"duration":2534},"status":"passed","steps":[],"attachments":[{"uid":"a44115f42a709071","name":"HTTP 200 - GET config","source":"a44115f42a709071.txt","type":"text/plain","size":654}],"parameters":[],"shouldDisplayMessage":false,"stepsCount":0,"attachmentsCount":1,"hasContent":true,"attachmentStep":false},{"name":"data_manager","time":{"start":1759888724004,"stop":1759888724004,"duration":0},"status":"passed","steps":[],"attachments":[],"parameters":[],"shouldDisplayMessage":false,"stepsCount":0,"attachmentsCount":0,"hasContent":false,"attachmentStep":false},{"name":"users_manager","time":{"start":1759888724004,"stop":1759888724004,"duration":0},"status":"passed","steps":[],"attachments":[],"parameters":[],"shouldDisplayMessage":false,"stepsCount":0,"attachmentsCount":0,"hasContent":false,"attachmentStep":false},{"name":"api_helper","time":{"start":1759888724004,"stop":1759888724005,"duration":1},"status":"passed","steps":[],"attachments":[],"parameters":[],"shouldDisplayMessage":false,"stepsCount":0,"attachmentsCount":0,"hasContent":false,"attachmentStep":false},{"name":"setup_cleanup","time":{"start":1759888724005,"stop":1759888724005,"duration":0},"status":"passed","steps":[],"attachments":[],"parameters":[],"shouldDisplayMessage":false,"stepsCount":0,"attachmentsCount":0,"hasContent":false,"attachmentStep":false},{"name":"apolo_cli","time":{"start":1759888724005,"stop":1759888724005,"duration":0},"status":"passed","steps":[],"attachments":[],"parameters":[],"shouldDisplayMessage":false,"stepsCount":0,"attachmentsCount":0,"hasContent":false,"attachmentStep":false},{"name":"add_page_manager","time":{"start":1759888724005,"stop":1759888724006,"duration":1},"status":"passed","steps":[],"attachments":[],"parameters":[],"shouldDisplayMessage":false,"stepsCount":0,"attachmentsCount":0,"hasContent":false,"attachmentStep":false},{"name":"_inject_fixtures","time":{"start":1759888724006,"stop":1759888724006,"duration":0},"status":"passed","steps":[],"attachments":[],"parameters":[],"shouldDisplayMessage":false,"stepsCount":0,"attachmentsCount":0,"hasContent":false,"attachmentStep":false},{"name":"setup","time":{"start":1759888724006,"stop":1759888724006,"duration":0},"status":"passed","steps":[],"attachments":[],"parameters":[],"shouldDisplayMessage":false,"stepsCount":0,"attachmentsCount":0,"hasContent":false,"attachmentStep":false},{"name":"shell_status","time":{"start":1759888724006,"stop":1759888724006,"duration":0},"status":"skipped","statusMessage":"Skipped: Shell app was not installed successfully\n","statusTrace":"  File \"/home/runner/work/apolo-test-automation/apolo-test-automation/.venv/lib/python3.13/site-packages/pluggy/_callers.py\", line 38, in run_old_style_hookwrapper\n    res = yield\n          ^^^^^\n  File \"/home/runner/work/apolo-test-automation/apolo-test-automation/.venv/lib/python3.13/site-packages/pluggy/_callers.py\", line 139, in _multicall\n    teardown.throw(exception)\n    ~~~~~~~~~~~~~~^^^^^^^^^^^\n  File \"/home/runner/work/apolo-test-automation/apolo-test-automation/.venv/lib/python3.13/site-packages/pytest_asyncio/plugin.py\", line 735, in pytest_fixture_setup\n    return (yield)\n            ^^^^^\n  File \"/home/runner/work/apolo-test-automation/apolo-test-automation/.venv/lib/python3.13/site-packages/pluggy/_callers.py\", line 139, in _multicall\n    teardown.throw(exception)\n    ~~~~~~~~~~~~~~^^^^^^^^^^^\n  File \"/home/runner/work/apolo-test-automation/apolo-test-automation/.venv/lib/python3.13/site-packages/_pytest/setuponly.py\", line 36, in pytest_fixture_setup\n    return (yield)\n            ^^^^^\n  File \"/home/runner/work/apolo-test-automation/apolo-test-automation/.venv/lib/python3.13/site-packages/pluggy/_callers.py\", line 121, in _multicall\n    res = hook_impl.function(*args)\n  File \"/home/runner/work/apolo-test-automation/apolo-test-automation/.venv/lib/python3.13/site-packages/_pytest/fixtures.py\", line 1196, in pytest_fixture_setup\n    result = call_fixture_func(fixturefunc, request, kwargs)\n  File \"/home/runner/work/apolo-test-automation/apolo-test-automation/.venv/lib/python3.13/site-packages/_pytest/fixtures.py\", line 930, in call_fixture_func\n    fixture_result = fixturefunc(**kwargs)\n  File \"/home/runner/work/apolo-test-automation/apolo-test-automation/tests/test_cases/tests_e2e/test_shell_app.py\", line 32, in shell_status\n    pytest.skip(\"Shell app was not installed successfully\")\n    ~~~~~~~~~~~^^^^^^^^^^^^^^^^^^^^^^^^^^^^^^^^^^^^^^^^^^^^\n  File \"/home/runner/work/apolo-test-automation/apolo-test-automation/.venv/lib/python3.13/site-packages/_pytest/outcomes.py\", line 159, in skip\n    raise Skipped(msg=reason, allow_module_level=allow_module_level)\n","steps":[],"attachments":[],"parameters":[],"shouldDisplayMessage":true,"stepsCount":0,"attachmentsCount":0,"hasContent":true,"attachmentStep":false}],"testStage":{"description":"\n### Pre-conditions:\n- Shell app installed.\n\n### Steps:\n- Login with valid credentials.\n- Call `output` API.\n- Get `external https` endpoint.\n- Launch Shell app.\n- Execute `apolo config show` command.\n\n### Verify that Shell app output contains:\n\n- executed command `apolo config show`.\n- `User configuration` section.\n- `Resource Preset` section.\n","descriptionHtml":"<div style='line-height:1.6;'><h3>Pre-conditions:</h3>\n<ul>\n<li>Shell app installed.</li>\n</ul>\n<h3>Steps:</h3>\n<ul>\n<li>Login with valid credentials.</li>\n<li>Call <span style='background-color:#D3D3D3; padding:2px 4px; border-radius:3px; font-family:monospace;'>output</span> API.</li>\n<li>Get <span style='background-color:#D3D3D3; padding:2px 4px; border-radius:3px; font-family:monospace;'>external https</span> endpoint.</li>\n<li>Launch Shell app.</li>\n<li>Execute <span style='background-color:#D3D3D3; padding:2px 4px; border-radius:3px; font-family:monospace;'>apolo config show</span> command.</li>\n</ul>\n<h3>Verify that Shell app output contains:</h3>\n<ul>\n<li>executed command <span style='background-color:#D3D3D3; padding:2px 4px; border-radius:3px; font-family:monospace;'>apolo config show</span>.</li>\n<li><span style='background-color:#D3D3D3; padding:2px 4px; border-radius:3px; font-family:monospace;'>User configuration</span> section.</li>\n<li><span style='background-color:#D3D3D3; padding:2px 4px; border-radius:3px; font-family:monospace;'>Resource Preset</span> section.</li>\n</ul></div>","status":"skipped","statusMessage":"Skipped: Shell app was not installed successfully","statusTrace":"('/home/runner/work/apolo-test-automation/apolo-test-automation/tests/test_cases/tests_e2e/test_shell_app.py', 466, 'Skipped: Shell app was not installed successfully')","steps":[],"attachments":[{"uid":"61a43835983aae8a","name":"log","source":"61a43835983aae8a.txt","type":"text/plain","size":1446}],"parameters":[],"shouldDisplayMessage":true,"stepsCount":0,"attachmentsCount":1,"hasContent":true,"attachmentStep":false},"afterStages":[{"name":"add_page_manager::finalizer","time":{"start":1759888724010,"stop":1759888724010,"duration":0},"status":"passed","steps":[],"attachments":[],"parameters":[],"shouldDisplayMessage":false,"stepsCount":0,"attachmentsCount":0,"hasContent":false,"attachmentStep":false},{"name":"api_helper::finalizer","time":{"start":1759888724011,"stop":1759888724012,"duration":1},"status":"passed","steps":[],"attachments":[],"parameters":[],"shouldDisplayMessage":false,"stepsCount":0,"attachmentsCount":0,"hasContent":false,"attachmentStep":false},{"name":"setup_cleanup::finalizer","time":{"start":1759888724011,"stop":1759888724011,"duration":0},"status":"passed","steps":[],"attachments":[],"parameters":[],"shouldDisplayMessage":false,"stepsCount":0,"attachmentsCount":0,"hasContent":false,"attachmentStep":false},{"name":"setup_cleanup::finalizer","time":{"start":1759888724011,"stop":1759888724011,"duration":0},"status":"passed","steps":[],"attachments":[],"parameters":[],"shouldDisplayMessage":false,"stepsCount":0,"attachmentsCount":0,"hasContent":false,"attachmentStep":false},{"name":"_function_scoped_runner::0","time":{"start":1759888724013,"stop":1759888724013,"duration":0},"status":"passed","steps":[],"attachments":[],"parameters":[],"shouldDisplayMessage":false,"stepsCount":0,"attachmentsCount":0,"hasContent":false,"attachmentStep":false}],"labels":[{"name":"parentSuite","value":"E2E Tests"},{"name":"suite","value":"Shell App"},{"name":"tag","value":"asyncio"},{"name":"tag","value":"class_setup"},{"name":"subSuite","value":"TestE2EShellApp"},{"name":"host","value":"runnervmwhb2z"},{"name":"thread","value":"3647-MainThread"},{"name":"framework","value":"pytest"},{"name":"language","value":"cpython3"},{"name":"package","value":"tests.test_cases.tests_e2e.test_shell_app"},{"name":"resultFormat","value":"allure2"}],"parameters":[],"links":[],"hidden":false,"retry":false,"extra":{"severity":"normal","retries":[],"categories":[],"history":{"statistic":{"failed":1,"broken":0,"skipped":9,"passed":5,"unknown":0,"total":15},"items":[{"uid":"f94e8bded2b2ead7","status":"passed","time":{"start":1759543723508,"stop":1759543742244,"duration":18736}},{"uid":"9793015433bf934b","status":"passed","time":{"start":1759457209025,"stop":1759457228071,"duration":19046}},{"uid":"fb5b88f964bf0123","status":"skipped","statusDetails":"Skipped: Shell app was not installed successfully","time":{"start":1759370993119,"stop":1759370993119,"duration":0}},{"uid":"71af8ace96d3b8bd","status":"failed","statusDetails":"AssertionError: [AssertionError] during step: Verify executed command displayed in shell output\nMessage: No line with: apolo config show","time":{"start":1759285156033,"stop":1759285174827,"duration":18794}},{"uid":"cafc56af8e94c039","status":"skipped","statusDetails":"Skipped: Shell app was not installed successfully","time":{"start":1759198182916,"stop":1759198182916,"duration":0}},{"uid":"e036a36ce75c1ac6","status":"passed","time":{"start":1759155864243,"stop":1759155883593,"duration":19350}},{"uid":"cc0e3e28a4d6ae59","status":"skipped","statusDetails":"Skipped: Shell app was not installed successfully","time":{"start":1759112012246,"stop":1759112012246,"duration":0}},{"uid":"de3b540544edc21","status":"skipped","statusDetails":"Skipped: Shell app was not installed successfully","time":{"start":1759025604497,"stop":1759025604497,"duration":0}},{"uid":"6ca9a237933a80c1","status":"skipped","statusDetails":"Skipped: Shell app was not installed successfully","time":{"start":1758938994885,"stop":1758938994885,"duration":0}},{"uid":"8563733f11e200df","status":"passed","time":{"start":1758852447080,"stop":1758852466530,"duration":19450}},{"uid":"7a1f407b1c6b1d9a","status":"skipped","statusDetails":"Skipped: Shell app was not installed successfully","time":{"start":1758766289460,"stop":1758766289460,"duration":0}},{"uid":"158b5f5f87013ed6","status":"passed","time":{"start":1758707858756,"stop":1758707877360,"duration":18604}},{"uid":"2dde9e115a8ae75f","status":"skipped","statusDetails":"Skipped: Shell app was not installed successfully","time":{"start":1758692014697,"stop":1758692014697,"duration":0}},{"uid":"16c72984f550c15c","status":"skipped","statusDetails":"Skipped: Shell app was not installed successfully","time":{"start":1758679843311,"stop":1758679843311,"duration":0}}]},"tags":["asyncio","class_setup"]},"source":"4f51b1ac555530d2.json","parameterValues":[]}