{"uid":"4f6ac4a410b115fd","name":"Admin removes Reader from project via CLI","fullName":"tests.test_cases.tests_cli.test_project_remove_members.TestCLIProjectStructureSetup#test_admin_remove_reader_from_proj_cli","historyId":"9301d31c4c574603feed67df23bef3eb","time":{"start":1760668689537,"stop":1760668689537,"duration":0},"description":"\n- Login with valid credentials via **UI**.\n- Get Bearer auth token from Playwright local storage.\n- Create new organization via **API**.\n- Signup `second user` via **UI**.\n- Login with Bearer auth token via **CLI**.\n- Create new project via **CLI**.\n- Add `second user` to organization via **CLI**.\n- Add `second user` to project with `Reader` role via **CLI**.\n\n### Verify that:\n\n- `Admin` can remove `Reader` from project via **CLI**.\n","descriptionHtml":"<div style='line-height:1.6;'><ul>\n<li>Login with valid credentials via <strong>UI</strong>.</li>\n<li>Get Bearer auth token from Playwright local storage.</li>\n<li>Create new organization via <strong>API</strong>.</li>\n<li>Signup <span style='background-color:#D3D3D3; padding:2px 4px; border-radius:3px; font-family:monospace;'>second user</span> via <strong>UI</strong>.</li>\n<li>Login with Bearer auth token via <strong>CLI</strong>.</li>\n<li>Create new project via <strong>CLI</strong>.</li>\n<li>Add <span style='background-color:#D3D3D3; padding:2px 4px; border-radius:3px; font-family:monospace;'>second user</span> to organization via <strong>CLI</strong>.</li>\n<li>Add <span style='background-color:#D3D3D3; padding:2px 4px; border-radius:3px; font-family:monospace;'>second user</span> to project with <span style='background-color:#D3D3D3; padding:2px 4px; border-radius:3px; font-family:monospace;'>Reader</span> role via <strong>CLI</strong>.</li>\n</ul>\n<h3>Verify that:</h3>\n<ul>\n<li><span style='background-color:#D3D3D3; padding:2px 4px; border-radius:3px; font-family:monospace;'>Admin</span> can remove <span style='background-color:#D3D3D3; padding:2px 4px; border-radius:3px; font-family:monospace;'>Reader</span> from project via <strong>CLI</strong>.</li>\n</ul></div>","status":"broken","statusMessage":"playwright._impl._errors.TimeoutError: Page.goto: Timeout 30000ms exceeded.\nCall log:\n  - navigating to \"https://console.dev.apolo.us/\", waiting until \"load\"","statusTrace":".venv/lib/python3.13/site-packages/pytest_asyncio/plugin.py:463: in setup\n    return super().setup()\n           ^^^^^^^^^^^^^^^\n.venv/lib/python3.13/site-packages/pytest_asyncio/plugin.py:748: in pytest_fixture_setup\n    hook_result = yield\n                  ^^^^^\n.venv/lib/python3.13/site-packages/pytest_asyncio/plugin.py:366: in _async_fixture_wrapper\n    result = runner.run(setup(), context=context)\n             ^^^^^^^^^^^^^^^^^^^^^^^^^^^^^^^^^^^^\n/opt/hostedtoolcache/Python/3.13.7/x64/lib/python3.13/asyncio/runners.py:118: in run\n    return self._loop.run_until_complete(task)\n           ^^^^^^^^^^^^^^^^^^^^^^^^^^^^^^^^^^^\n/opt/hostedtoolcache/Python/3.13.7/x64/lib/python3.13/asyncio/base_events.py:725: in run_until_complete\n    return future.result()\n           ^^^^^^^^^^^^^^^\n.venv/lib/python3.13/site-packages/pytest_asyncio/plugin.py:362: in setup\n    res = await fixture_function(*args, **kwargs)\n          ^^^^^^^^^^^^^^^^^^^^^^^^^^^^^^^^^^^^^^^\ntests/test_cases/conftest.py:59: in page_manager\n    pm = await _create_page_manager(test_config, request)\n         ^^^^^^^^^^^^^^^^^^^^^^^^^^^^^^^^^^^^^^^^^^^^^^^^\ntests/test_cases/conftest.py:397: in _create_page_manager\n    await page.goto(test_config.base_url)\n.venv/lib/python3.13/site-packages/playwright/async_api/_generated.py:8992: in goto\n    await self._impl_obj.goto(\n.venv/lib/python3.13/site-packages/playwright/_impl/_page.py:556: in goto\n    return await self._main_frame.goto(**locals_to_params(locals()))\n           ^^^^^^^^^^^^^^^^^^^^^^^^^^^^^^^^^^^^^^^^^^^^^^^^^^^^^^^^^\n.venv/lib/python3.13/site-packages/playwright/_impl/_frame.py:153: in goto\n    await self._channel.send(\n.venv/lib/python3.13/site-packages/playwright/_impl/_connection.py:69: in send\n    return await self._connection.wrap_api_call(\n.venv/lib/python3.13/site-packages/playwright/_impl/_connection.py:558: in wrap_api_call\n    raise rewrite_error(error, f\"{parsed_st['apiName']}: {error}\") from None\nE   playwright._impl._errors.TimeoutError: Page.goto: Timeout 30000ms exceeded.\nE   Call log:\nE     - navigating to \"https://console.dev.apolo.us/\", waiting until \"load\"","flaky":true,"newFailed":false,"newBroken":true,"newPassed":false,"retriesCount":2,"retriesStatusChange":true,"beforeStages":[{"name":"base_url","time":{"start":1760664678255,"stop":1760664678255,"duration":0},"status":"passed","steps":[],"attachments":[],"parameters":[],"shouldDisplayMessage":false,"stepsCount":0,"attachmentsCount":0,"hasContent":false,"attachmentStep":false},{"name":"delete_output_dir","time":{"start":1760664678256,"stop":1760664678256,"duration":0},"status":"passed","steps":[],"attachments":[],"parameters":[],"shouldDisplayMessage":false,"stepsCount":0,"attachmentsCount":0,"hasContent":false,"attachmentStep":false},{"name":"pytestconfig","time":{"start":1760664678256,"stop":1760664678256,"duration":0},"status":"passed","steps":[],"attachments":[],"parameters":[],"shouldDisplayMessage":false,"stepsCount":0,"attachmentsCount":0,"hasContent":false,"attachmentStep":false},{"name":"event_loop_policy","time":{"start":1760664678256,"stop":1760664678256,"duration":0},"status":"passed","steps":[],"attachments":[],"parameters":[],"shouldDisplayMessage":false,"stepsCount":0,"attachmentsCount":0,"hasContent":false,"attachmentStep":false},{"name":"_verify_url","time":{"start":1760664678256,"stop":1760664678256,"duration":0},"status":"passed","steps":[],"attachments":[],"parameters":[],"shouldDisplayMessage":false,"stepsCount":0,"attachmentsCount":0,"hasContent":false,"attachmentStep":false},{"name":"ensure_storage_directories","time":{"start":1760664678256,"stop":1760664678257,"duration":1},"status":"passed","steps":[],"attachments":[],"parameters":[],"shouldDisplayMessage":false,"stepsCount":0,"attachmentsCount":0,"hasContent":false,"attachmentStep":false},{"name":"delay_worker_start","time":{"start":1760664678256,"stop":1760664678256,"duration":0},"status":"passed","steps":[],"attachments":[],"parameters":[],"shouldDisplayMessage":false,"stepsCount":0,"attachmentsCount":0,"hasContent":false,"attachmentStep":false},{"name":"test_config","time":{"start":1760668689537,"stop":1760668689541,"duration":4},"status":"passed","steps":[],"attachments":[],"parameters":[],"shouldDisplayMessage":false,"stepsCount":0,"attachmentsCount":0,"hasContent":false,"attachmentStep":false},{"name":"page_manager","time":{"start":1760668689541,"stop":1760668719953,"duration":30412},"status":"broken","statusMessage":"playwright._impl._errors.TimeoutError: Page.goto: Timeout 30000ms exceeded.\nCall log:\n  - navigating to \"https://console.dev.apolo.us/\", waiting until \"load\"\n\n","statusTrace":"  File \"/home/runner/work/apolo-test-automation/apolo-test-automation/.venv/lib/python3.13/site-packages/pluggy/_callers.py\", line 38, in run_old_style_hookwrapper\n    res = yield\n          ^^^^^\n  File \"/home/runner/work/apolo-test-automation/apolo-test-automation/.venv/lib/python3.13/site-packages/pluggy/_callers.py\", line 139, in _multicall\n    teardown.throw(exception)\n    ~~~~~~~~~~~~~~^^^^^^^^^^^\n  File \"/home/runner/work/apolo-test-automation/apolo-test-automation/.venv/lib/python3.13/site-packages/pytest_asyncio/plugin.py\", line 748, in pytest_fixture_setup\n    hook_result = yield\n                  ^^^^^\n  File \"/home/runner/work/apolo-test-automation/apolo-test-automation/.venv/lib/python3.13/site-packages/pluggy/_callers.py\", line 139, in _multicall\n    teardown.throw(exception)\n    ~~~~~~~~~~~~~~^^^^^^^^^^^\n  File \"/home/runner/work/apolo-test-automation/apolo-test-automation/.venv/lib/python3.13/site-packages/_pytest/setuponly.py\", line 36, in pytest_fixture_setup\n    return (yield)\n            ^^^^^\n  File \"/home/runner/work/apolo-test-automation/apolo-test-automation/.venv/lib/python3.13/site-packages/pluggy/_callers.py\", line 121, in _multicall\n    res = hook_impl.function(*args)\n  File \"/home/runner/work/apolo-test-automation/apolo-test-automation/.venv/lib/python3.13/site-packages/_pytest/fixtures.py\", line 1196, in pytest_fixture_setup\n    result = call_fixture_func(fixturefunc, request, kwargs)\n  File \"/home/runner/work/apolo-test-automation/apolo-test-automation/.venv/lib/python3.13/site-packages/_pytest/fixtures.py\", line 930, in call_fixture_func\n    fixture_result = fixturefunc(**kwargs)\n  File \"/home/runner/work/apolo-test-automation/apolo-test-automation/.venv/lib/python3.13/site-packages/pytest_asyncio/plugin.py\", line 366, in _async_fixture_wrapper\n    result = runner.run(setup(), context=context)\n  File \"/opt/hostedtoolcache/Python/3.13.7/x64/lib/python3.13/asyncio/runners.py\", line 118, in run\n    return self._loop.run_until_complete(task)\n           ~~~~~~~~~~~~~~~~~~~~~~~~~~~~~^^^^^^\n  File \"/opt/hostedtoolcache/Python/3.13.7/x64/lib/python3.13/asyncio/base_events.py\", line 725, in run_until_complete\n    return future.result()\n           ~~~~~~~~~~~~~^^\n  File \"/home/runner/work/apolo-test-automation/apolo-test-automation/.venv/lib/python3.13/site-packages/pytest_asyncio/plugin.py\", line 362, in setup\n    res = await fixture_function(*args, **kwargs)\n          ^^^^^^^^^^^^^^^^^^^^^^^^^^^^^^^^^^^^^^^\n  File \"/home/runner/work/apolo-test-automation/apolo-test-automation/tests/test_cases/conftest.py\", line 59, in page_manager\n    pm = await _create_page_manager(test_config, request)\n         ^^^^^^^^^^^^^^^^^^^^^^^^^^^^^^^^^^^^^^^^^^^^^^^^\n  File \"/home/runner/work/apolo-test-automation/apolo-test-automation/tests/test_cases/conftest.py\", line 397, in _create_page_manager\n    await page.goto(test_config.base_url)\n  File \"/home/runner/work/apolo-test-automation/apolo-test-automation/.venv/lib/python3.13/site-packages/playwright/async_api/_generated.py\", line 8992, in goto\n    await self._impl_obj.goto(\n        url=url, timeout=timeout, waitUntil=wait_until, referer=referer\n    )\n  File \"/home/runner/work/apolo-test-automation/apolo-test-automation/.venv/lib/python3.13/site-packages/playwright/_impl/_page.py\", line 556, in goto\n    return await self._main_frame.goto(**locals_to_params(locals()))\n           ^^^^^^^^^^^^^^^^^^^^^^^^^^^^^^^^^^^^^^^^^^^^^^^^^^^^^^^^^\n  File \"/home/runner/work/apolo-test-automation/apolo-test-automation/.venv/lib/python3.13/site-packages/playwright/_impl/_frame.py\", line 153, in goto\n    await self._channel.send(\n        \"goto\", self._navigation_timeout, locals_to_params(locals())\n    )\n  File \"/home/runner/work/apolo-test-automation/apolo-test-automation/.venv/lib/python3.13/site-packages/playwright/_impl/_connection.py\", line 69, in send\n    return await self._connection.wrap_api_call(\n           ^^^^^^^^^^^^^^^^^^^^^^^^^^^^^^^^^^^^^\n    ...<3 lines>...\n    )\n    ^\n  File \"/home/runner/work/apolo-test-automation/apolo-test-automation/.venv/lib/python3.13/site-packages/playwright/_impl/_connection.py\", line 558, in wrap_api_call\n    raise rewrite_error(error, f\"{parsed_st['apiName']}: {error}\") from None\n","steps":[],"attachments":[],"parameters":[],"shouldDisplayMessage":true,"stepsCount":0,"attachmentsCount":0,"hasContent":true,"attachmentStep":false},{"name":"_function_scoped_runner","time":{"start":1760668689541,"stop":1760668689541,"duration":0},"status":"passed","steps":[],"attachments":[],"parameters":[],"shouldDisplayMessage":false,"stepsCount":0,"attachmentsCount":0,"hasContent":false,"attachmentStep":false},{"name":"api_helper","time":{"start":1760668722579,"stop":1760668722580,"duration":1},"status":"passed","steps":[],"attachments":[],"parameters":[],"shouldDisplayMessage":false,"stepsCount":0,"attachmentsCount":0,"hasContent":false,"attachmentStep":false},{"name":"data_manager","time":{"start":1760668722579,"stop":1760668722579,"duration":0},"status":"passed","steps":[],"attachments":[],"parameters":[],"shouldDisplayMessage":false,"stepsCount":0,"attachmentsCount":0,"hasContent":false,"attachmentStep":false},{"name":"users_manager","time":{"start":1760668722579,"stop":1760668722579,"duration":0},"status":"passed","steps":[],"attachments":[],"parameters":[],"shouldDisplayMessage":false,"stepsCount":0,"attachmentsCount":0,"hasContent":false,"attachmentStep":false},{"name":"setup_cleanup","time":{"start":1760668722580,"stop":1760668722580,"duration":0},"status":"passed","steps":[],"attachments":[],"parameters":[],"shouldDisplayMessage":false,"stepsCount":0,"attachmentsCount":0,"hasContent":false,"attachmentStep":false},{"name":"apolo_cli","time":{"start":1760668722580,"stop":1760668722580,"duration":0},"status":"passed","steps":[],"attachments":[],"parameters":[],"shouldDisplayMessage":false,"stepsCount":0,"attachmentsCount":0,"hasContent":false,"attachmentStep":false},{"name":"setup","time":{"start":1760668722581,"stop":1760668723114,"duration":533},"status":"passed","steps":[{"name":"Verify Apolo CLI client is installed","time":{"start":1760668722581,"stop":1760668723114,"duration":533},"status":"passed","steps":[],"attachments":[{"uid":"439a614516acd019","name":"Executed CLI command","source":"439a614516acd019.txt","type":"text/plain","size":15},{"uid":"a0c414aa5fc9f8e6","name":"Executed CLI command output","source":"a0c414aa5fc9f8e6.txt","type":"text/plain","size":28}],"parameters":[],"shouldDisplayMessage":false,"stepsCount":0,"attachmentsCount":2,"hasContent":true,"attachmentStep":false}],"attachments":[],"parameters":[],"shouldDisplayMessage":false,"stepsCount":1,"attachmentsCount":2,"hasContent":true,"attachmentStep":false},{"name":"_inject_fixtures","time":{"start":1760668722581,"stop":1760668722581,"duration":0},"status":"passed","steps":[],"attachments":[],"parameters":[],"shouldDisplayMessage":false,"stepsCount":0,"attachmentsCount":0,"hasContent":false,"attachmentStep":false},{"name":"add_page_manager","time":{"start":1760668722581,"stop":1760668722581,"duration":0},"status":"passed","steps":[],"attachments":[],"parameters":[],"shouldDisplayMessage":false,"stepsCount":0,"attachmentsCount":0,"hasContent":false,"attachmentStep":false}],"testStage":{"description":"\n- Login with valid credentials via **UI**.\n- Get Bearer auth token from Playwright local storage.\n- Create new organization via **API**.\n- Signup `second user` via **UI**.\n- Login with Bearer auth token via **CLI**.\n- Create new project via **CLI**.\n- Add `second user` to organization via **CLI**.\n- Add `second user` to project with `Reader` role via **CLI**.\n\n### Verify that:\n\n- `Admin` can remove `Reader` from project via **CLI**.\n","descriptionHtml":"<div style='line-height:1.6;'><ul>\n<li>Login with valid credentials via <strong>UI</strong>.</li>\n<li>Get Bearer auth token from Playwright local storage.</li>\n<li>Create new organization via <strong>API</strong>.</li>\n<li>Signup <span style='background-color:#D3D3D3; padding:2px 4px; border-radius:3px; font-family:monospace;'>second user</span> via <strong>UI</strong>.</li>\n<li>Login with Bearer auth token via <strong>CLI</strong>.</li>\n<li>Create new project via <strong>CLI</strong>.</li>\n<li>Add <span style='background-color:#D3D3D3; padding:2px 4px; border-radius:3px; font-family:monospace;'>second user</span> to organization via <strong>CLI</strong>.</li>\n<li>Add <span style='background-color:#D3D3D3; padding:2px 4px; border-radius:3px; font-family:monospace;'>second user</span> to project with <span style='background-color:#D3D3D3; padding:2px 4px; border-radius:3px; font-family:monospace;'>Reader</span> role via <strong>CLI</strong>.</li>\n</ul>\n<h3>Verify that:</h3>\n<ul>\n<li><span style='background-color:#D3D3D3; padding:2px 4px; border-radius:3px; font-family:monospace;'>Admin</span> can remove <span style='background-color:#D3D3D3; padding:2px 4px; border-radius:3px; font-family:monospace;'>Reader</span> from project via <strong>CLI</strong>.</li>\n</ul></div>","status":"broken","statusMessage":"playwright._impl._errors.TimeoutError: Page.goto: Timeout 30000ms exceeded.\nCall log:\n  - navigating to \"https://console.dev.apolo.us/\", waiting until \"load\"","statusTrace":".venv/lib/python3.13/site-packages/pytest_asyncio/plugin.py:463: in setup\n    return super().setup()\n           ^^^^^^^^^^^^^^^\n.venv/lib/python3.13/site-packages/pytest_asyncio/plugin.py:748: in pytest_fixture_setup\n    hook_result = yield\n                  ^^^^^\n.venv/lib/python3.13/site-packages/pytest_asyncio/plugin.py:366: in _async_fixture_wrapper\n    result = runner.run(setup(), context=context)\n             ^^^^^^^^^^^^^^^^^^^^^^^^^^^^^^^^^^^^\n/opt/hostedtoolcache/Python/3.13.7/x64/lib/python3.13/asyncio/runners.py:118: in run\n    return self._loop.run_until_complete(task)\n           ^^^^^^^^^^^^^^^^^^^^^^^^^^^^^^^^^^^\n/opt/hostedtoolcache/Python/3.13.7/x64/lib/python3.13/asyncio/base_events.py:725: in run_until_complete\n    return future.result()\n           ^^^^^^^^^^^^^^^\n.venv/lib/python3.13/site-packages/pytest_asyncio/plugin.py:362: in setup\n    res = await fixture_function(*args, **kwargs)\n          ^^^^^^^^^^^^^^^^^^^^^^^^^^^^^^^^^^^^^^^\ntests/test_cases/conftest.py:59: in page_manager\n    pm = await _create_page_manager(test_config, request)\n         ^^^^^^^^^^^^^^^^^^^^^^^^^^^^^^^^^^^^^^^^^^^^^^^^\ntests/test_cases/conftest.py:397: in _create_page_manager\n    await page.goto(test_config.base_url)\n.venv/lib/python3.13/site-packages/playwright/async_api/_generated.py:8992: in goto\n    await self._impl_obj.goto(\n.venv/lib/python3.13/site-packages/playwright/_impl/_page.py:556: in goto\n    return await self._main_frame.goto(**locals_to_params(locals()))\n           ^^^^^^^^^^^^^^^^^^^^^^^^^^^^^^^^^^^^^^^^^^^^^^^^^^^^^^^^^\n.venv/lib/python3.13/site-packages/playwright/_impl/_frame.py:153: in goto\n    await self._channel.send(\n.venv/lib/python3.13/site-packages/playwright/_impl/_connection.py:69: in send\n    return await self._connection.wrap_api_call(\n.venv/lib/python3.13/site-packages/playwright/_impl/_connection.py:558: in wrap_api_call\n    raise rewrite_error(error, f\"{parsed_st['apiName']}: {error}\") from None\nE   playwright._impl._errors.TimeoutError: Page.goto: Timeout 30000ms exceeded.\nE   Call log:\nE     - navigating to \"https://console.dev.apolo.us/\", waiting until \"load\"","steps":[],"attachments":[{"uid":"a0138cd03af86ba5","name":"log","source":"a0138cd03af86ba5.txt","type":"text/plain","size":12348}],"parameters":[],"shouldDisplayMessage":true,"stepsCount":0,"attachmentsCount":1,"hasContent":true,"attachmentStep":false},"afterStages":[{"name":"_function_scoped_runner::0","time":{"start":1760668720142,"stop":1760668720142,"duration":0},"status":"passed","steps":[],"attachments":[],"parameters":[],"shouldDisplayMessage":false,"stepsCount":0,"attachmentsCount":0,"hasContent":false,"attachmentStep":false},{"name":"setup_cleanup::finalizer","time":{"start":1760668777797,"stop":1760668777798,"duration":1},"status":"passed","steps":[],"attachments":[],"parameters":[],"shouldDisplayMessage":false,"stepsCount":0,"attachmentsCount":0,"hasContent":false,"attachmentStep":false},{"name":"add_page_manager::finalizer","time":{"start":1760668777797,"stop":1760668777797,"duration":0},"status":"passed","steps":[],"attachments":[],"parameters":[],"shouldDisplayMessage":false,"stepsCount":0,"attachmentsCount":0,"hasContent":false,"attachmentStep":false},{"name":"setup_cleanup::finalizer","time":{"start":1760668777798,"stop":1760668787264,"duration":9466},"status":"passed","steps":[{"name":"Post-test cleanup","time":{"start":1760668777798,"stop":1760668787264,"duration":9466},"status":"passed","steps":[{"name":"Delete organisation: regression-org-1yy5j9b95o6c","time":{"start":1760668780869,"stop":1760668781173,"duration":304},"status":"passed","steps":[],"attachments":[],"parameters":[],"shouldDisplayMessage":false,"stepsCount":0,"attachmentsCount":0,"hasContent":false,"attachmentStep":false}],"attachments":[],"parameters":[],"shouldDisplayMessage":false,"stepsCount":1,"attachmentsCount":0,"hasContent":true,"attachmentStep":false}],"attachments":[],"parameters":[],"shouldDisplayMessage":false,"stepsCount":2,"attachmentsCount":0,"hasContent":true,"attachmentStep":false},{"name":"api_helper::finalizer","time":{"start":1760668787264,"stop":1760668787265,"duration":1},"status":"passed","steps":[],"attachments":[],"parameters":[],"shouldDisplayMessage":false,"stepsCount":0,"attachmentsCount":0,"hasContent":false,"attachmentStep":false}],"labels":[{"name":"parentSuite","value":"CLI Tests"},{"name":"suite","value":"CLI Project Remove Members"},{"name":"tag","value":"asyncio"},{"name":"subSuite","value":"TestCLIProjectStructureSetup"},{"name":"host","value":"runnervmwhb2z"},{"name":"thread","value":"3578-MainThread"},{"name":"framework","value":"pytest"},{"name":"language","value":"cpython3"},{"name":"package","value":"tests.test_cases.tests_cli.test_project_remove_members"},{"name":"resultFormat","value":"allure2"}],"parameters":[],"links":[],"hidden":false,"retry":false,"extra":{"severity":"normal","retries":[{"uid":"6c2dca1b0f1f2f2","status":"failed","statusDetails":"AssertionError: [AssertionError] during step: Add organization via API and reload page\nMessage: [TimeoutError] during step: Reload page\nMessage: Page.reload: Timeout 30000ms exceeded.\nCall log:\n  - waiting for navigation until \"load\"\n\nNote: Playwright Timeout. Element not found or action took too long.","time":{"start":1760668562264,"stop":1760668669559,"duration":107295}},{"uid":"3dc7c61ade3961a7","status":"broken","statusDetails":"playwright._impl._errors.TimeoutError: Page.goto: Timeout 30000ms exceeded.\nCall log:\n  - navigating to \"https://console.dev.apolo.us/\", waiting until \"load\"","time":{"start":1760668518564,"stop":1760668518564,"duration":0}}],"categories":[{"name":"Test defects","matchedStatuses":[],"flaky":false}],"history":{"statistic":{"failed":3,"broken":1,"skipped":0,"passed":55,"unknown":0,"total":59},"items":[{"uid":"1fd34d1620239e23","status":"passed","time":{"start":1759545363155,"stop":1759545409814,"duration":46659}},{"uid":"f0b7d996a50f9f5d","status":"passed","time":{"start":1759459140883,"stop":1759459194273,"duration":53390}},{"uid":"1ebaa1ac6f1f9d61","status":"failed","statusDetails":"AssertionError: [AssertionError] during step: Add new project via apolo CLI\nMessage: ERROR: Illegal argument(s) (upstream request timeout)","time":{"start":1759374192756,"stop":1759374263676,"duration":70920}},{"uid":"1a67a75c34d50f36","status":"passed","time":{"start":1759285237203,"stop":1759285279598,"duration":42395}},{"uid":"c103add630bbe177","status":"passed","time":{"start":1759198619544,"stop":1759198675550,"duration":56006}},{"uid":"3015a5f6daccfb72","status":"passed","time":{"start":1759156040794,"stop":1759156085694,"duration":44900}},{"uid":"6c7b443b7315e304","status":"passed","time":{"start":1759112102960,"stop":1759112146606,"duration":43646}},{"uid":"afdf1af176338072","status":"passed","time":{"start":1759025696709,"stop":1759025741280,"duration":44571}},{"uid":"288504c0f0deb46f","status":"passed","time":{"start":1758939086946,"stop":1758939138109,"duration":51163}},{"uid":"43d798465089a559","status":"passed","time":{"start":1758852592107,"stop":1758852629072,"duration":36965}},{"uid":"409380babcfdaf2e","status":"passed","time":{"start":1758766379570,"stop":1758766423607,"duration":44037}},{"uid":"e32dfce9309a7da5","status":"passed","time":{"start":1758708422611,"stop":1758708468534,"duration":45923}},{"uid":"6f79833df7909006","status":"passed","time":{"start":1758692104694,"stop":1758692148970,"duration":44276}},{"uid":"628dfe5d0a75f3d9","status":"passed","time":{"start":1758679933651,"stop":1758679978898,"duration":45247}},{"uid":"365060f00d79a093","status":"passed","time":{"start":1758593640023,"stop":1758593699074,"duration":59051}},{"uid":"8cf6d2da77b52e41","status":"passed","time":{"start":1758507206266,"stop":1758507238799,"duration":32533}},{"uid":"540e0b3dcfc32362","status":"passed","time":{"start":1758420943108,"stop":1758420983387,"duration":40279}},{"uid":"7733fa6d8b785f73","status":"passed","time":{"start":1758334611524,"stop":1758334665284,"duration":53760}},{"uid":"1d3d0c7ecc90a0c8","status":"passed","time":{"start":1758247964687,"stop":1758248004288,"duration":39601}},{"uid":"6e2ca71cd183e4fc","status":"passed","time":{"start":1758161507605,"stop":1758161552293,"duration":44688}}]},"tags":["asyncio"]},"source":"4f6ac4a410b115fd.json","parameterValues":[]}