{"uid":"570533a126a329a8","name":"Invite registered user without organization to organization with default project via UI","fullName":"tests.test_cases.tests_ui.test_organization_structure_setup.TestUIOrganizationStructureSetup#test_invite_registered_user_without_org_default_proj_via_ui","historyId":"db479dafb1959d247c047cab0957fa3b","time":{"start":1763090536672,"stop":1763090608019,"duration":71347},"description":"\n- Login with valid credentials.\n- Create new organization via **API**.\n- Create new project with `default` option.\n- Signup `second user`.\n\n### Verify that:\n\n- User can invite to organization another user that is registered but **doesn't have organization**.\n- Newly invited user is member of the `default` project.\n","descriptionHtml":"<div style='line-height:1.6;'><ul>\n<li>Login with valid credentials.</li>\n<li>Create new organization via <strong>API</strong>.</li>\n<li>Create new project with <span style='background-color:#D3D3D3; padding:2px 4px; border-radius:3px; font-family:monospace;'>default</span> option.</li>\n<li>Signup <span style='background-color:#D3D3D3; padding:2px 4px; border-radius:3px; font-family:monospace;'>second user</span>.</li>\n</ul>\n<h3>Verify that:</h3>\n<ul>\n<li>User can invite to organization another user that is registered but <strong>doesn't have organization</strong>.</li>\n<li>Newly invited user is member of the <span style='background-color:#D3D3D3; padding:2px 4px; border-radius:3px; font-family:monospace;'>default</span> project.</li>\n</ul></div>","status":"failed","statusMessage":"AssertionError: [AssertionError] during step: Create first project from main page\nMessage: [TimeoutError] during step: Wait for Create project popup disappear\nMessage: Locator.wait_for: Timeout 60ms exceeded.\nCall log:\n  - waiting for locator(\"h2\").filter(has_text=\"Create Project\") to be detached\n    3 × locator resolved to visible <h2 class=\"p-8 text-h4\">Create Project</h2>\n\nNote: Playwright Timeout. Element not found or action took too long.","statusTrace":"tests/reporting_hooks/reporting.py:49: in wrapper\n    result = await func(*args, **kwargs)\n             ^^^^^^^^^^^^^^^^^^^^^^^^^^^\ntests/test_cases/steps/ui_steps/page_steps_impl/create_proj_popup_steps.py:36: in ui_wait_to_disappear\n    await self._pm.create_proj_popup.wait_to_disappear(org_name=org_name)\ntests/components/ui/pages/create_project_popup.py:83: in wait_to_disappear\n    await self._get_create_proj_title().locator.wait_for(\n.venv/lib/python3.13/site-packages/playwright/async_api/_generated.py:17906: in wait_for\n    await self._impl_obj.wait_for(timeout=timeout, state=state)\n.venv/lib/python3.13/site-packages/playwright/_impl/_locator.py:692: in wait_for\n    await self._frame.wait_for_selector(\n.venv/lib/python3.13/site-packages/playwright/_impl/_frame.py:369: in wait_for_selector\n    await self._channel.send(\n.venv/lib/python3.13/site-packages/playwright/_impl/_connection.py:69: in send\n    return await self._connection.wrap_api_call(\n.venv/lib/python3.13/site-packages/playwright/_impl/_connection.py:559: in wrap_api_call\n    raise rewrite_error(error, f\"{parsed_st['apiName']}: {error}\") from None\nE   playwright._impl._errors.TimeoutError: Locator.wait_for: Timeout 60ms exceeded.\nE   Call log:\nE     - waiting for locator(\"h2\").filter(has_text=\"Create Project\") to be detached\nE       3 × locator resolved to visible <h2 class=\"p-8 text-h4\">Create Project</h2>\n\nThe above exception was the direct cause of the following exception:\ntests/reporting_hooks/reporting.py:49: in wrapper\n    result = await func(*args, **kwargs)\n             ^^^^^^^^^^^^^^^^^^^^^^^^^^^\ntests/test_cases/steps/ui_steps/ui_steps.py:247: in ui_create_first_proj_from_main_page\n    await self.create_proj_popup.ui_wait_to_disappear(org_name=org_name)\ntests/reporting_hooks/reporting.py:58: in wrapper\n    raise AssertionError(formatted_msg) from e\nE   AssertionError: [TimeoutError] during step: Wait for Create project popup disappear\nE   Message: Locator.wait_for: Timeout 60ms exceeded.\nE   Call log:\nE     - waiting for locator(\"h2\").filter(has_text=\"Create Project\") to be detached\nE       3 × locator resolved to visible <h2 class=\"p-8 text-h4\">Create Project</h2>\nE   \nE   Note: Playwright Timeout. Element not found or action took too long.\n\nThe above exception was the direct cause of the following exception:\ntests/test_cases/tests_ui/test_organization_structure_setup.py:338: in test_invite_registered_user_without_org_default_proj_via_ui\n    await steps.ui_create_first_proj_from_main_page(\ntests/reporting_hooks/reporting.py:58: in wrapper\n    raise AssertionError(formatted_msg) from e\nE   AssertionError: [AssertionError] during step: Create first project from main page\nE   Message: [TimeoutError] during step: Wait for Create project popup disappear\nE   Message: Locator.wait_for: Timeout 60ms exceeded.\nE   Call log:\nE     - waiting for locator(\"h2\").filter(has_text=\"Create Project\") to be detached\nE       3 × locator resolved to visible <h2 class=\"p-8 text-h4\">Create Project</h2>\nE   \nE   Note: Playwright Timeout. Element not found or action took too long.","flaky":false,"newFailed":false,"newBroken":false,"newPassed":false,"retriesCount":1,"retriesStatusChange":false,"beforeStages":[{"name":"_verify_url","time":{"start":1763083918302,"stop":1763083918302,"duration":0},"status":"passed","steps":[],"attachments":[],"parameters":[],"shouldDisplayMessage":false,"stepsCount":0,"attachmentsCount":0,"hasContent":false,"attachmentStep":false},{"name":"event_loop_policy","time":{"start":1763083918302,"stop":1763083918303,"duration":1},"status":"passed","steps":[],"attachments":[],"parameters":[],"shouldDisplayMessage":false,"stepsCount":0,"attachmentsCount":0,"hasContent":false,"attachmentStep":false},{"name":"base_url","time":{"start":1763083918302,"stop":1763083918302,"duration":0},"status":"passed","steps":[],"attachments":[],"parameters":[],"shouldDisplayMessage":false,"stepsCount":0,"attachmentsCount":0,"hasContent":false,"attachmentStep":false},{"name":"delay_worker_start","time":{"start":1763083918303,"stop":1763083918303,"duration":0},"status":"passed","steps":[],"attachments":[],"parameters":[],"shouldDisplayMessage":false,"stepsCount":0,"attachmentsCount":0,"hasContent":false,"attachmentStep":false},{"name":"delete_output_dir","time":{"start":1763083918303,"stop":1763083918303,"duration":0},"status":"passed","steps":[],"attachments":[],"parameters":[],"shouldDisplayMessage":false,"stepsCount":0,"attachmentsCount":0,"hasContent":false,"attachmentStep":false},{"name":"pytestconfig","time":{"start":1763083918303,"stop":1763083918303,"duration":0},"status":"passed","steps":[],"attachments":[],"parameters":[],"shouldDisplayMessage":false,"stepsCount":0,"attachmentsCount":0,"hasContent":false,"attachmentStep":false},{"name":"ensure_storage_directories","time":{"start":1763083918303,"stop":1763083918303,"duration":0},"status":"passed","steps":[],"attachments":[],"parameters":[],"shouldDisplayMessage":false,"stepsCount":0,"attachmentsCount":0,"hasContent":false,"attachmentStep":false},{"name":"test_config","time":{"start":1763090535296,"stop":1763090535300,"duration":4},"status":"passed","steps":[],"attachments":[],"parameters":[],"shouldDisplayMessage":false,"stepsCount":0,"attachmentsCount":0,"hasContent":false,"attachmentStep":false},{"name":"page_manager","time":{"start":1763090535300,"stop":1763090536669,"duration":1369},"status":"passed","steps":[],"attachments":[],"parameters":[],"shouldDisplayMessage":false,"stepsCount":0,"attachmentsCount":0,"hasContent":false,"attachmentStep":false},{"name":"_function_scoped_runner","time":{"start":1763090535300,"stop":1763090535300,"duration":0},"status":"passed","steps":[],"attachments":[],"parameters":[],"shouldDisplayMessage":false,"stepsCount":0,"attachmentsCount":0,"hasContent":false,"attachmentStep":false},{"name":"data_manager","time":{"start":1763090536669,"stop":1763090536669,"duration":0},"status":"passed","steps":[],"attachments":[],"parameters":[],"shouldDisplayMessage":false,"stepsCount":0,"attachmentsCount":0,"hasContent":false,"attachmentStep":false},{"name":"users_manager","time":{"start":1763090536669,"stop":1763090536669,"duration":0},"status":"passed","steps":[],"attachments":[],"parameters":[],"shouldDisplayMessage":false,"stepsCount":0,"attachmentsCount":0,"hasContent":false,"attachmentStep":false},{"name":"api_helper","time":{"start":1763090536669,"stop":1763090536670,"duration":1},"status":"passed","steps":[],"attachments":[],"parameters":[],"shouldDisplayMessage":false,"stepsCount":0,"attachmentsCount":0,"hasContent":false,"attachmentStep":false},{"name":"apolo_cli","time":{"start":1763090536670,"stop":1763090536670,"duration":0},"status":"passed","steps":[],"attachments":[],"parameters":[],"shouldDisplayMessage":false,"stepsCount":0,"attachmentsCount":0,"hasContent":false,"attachmentStep":false},{"name":"setup_cleanup","time":{"start":1763090536670,"stop":1763090536670,"duration":0},"status":"passed","steps":[],"attachments":[],"parameters":[],"shouldDisplayMessage":false,"stepsCount":0,"attachmentsCount":0,"hasContent":false,"attachmentStep":false},{"name":"add_page_manager","time":{"start":1763090536671,"stop":1763090536671,"duration":0},"status":"passed","steps":[],"attachments":[],"parameters":[],"shouldDisplayMessage":false,"stepsCount":0,"attachmentsCount":0,"hasContent":false,"attachmentStep":false},{"name":"_inject_fixtures","time":{"start":1763090536671,"stop":1763090536671,"duration":0},"status":"passed","steps":[],"attachments":[],"parameters":[],"shouldDisplayMessage":false,"stepsCount":0,"attachmentsCount":0,"hasContent":false,"attachmentStep":false},{"name":"setup","time":{"start":1763090536671,"stop":1763090536671,"duration":0},"status":"passed","steps":[],"attachments":[],"parameters":[],"shouldDisplayMessage":false,"stepsCount":0,"attachmentsCount":0,"hasContent":false,"attachmentStep":false}],"testStage":{"description":"\n- Login with valid credentials.\n- Create new organization via **API**.\n- Create new project with `default` option.\n- Signup `second user`.\n\n### Verify that:\n\n- User can invite to organization another user that is registered but **doesn't have organization**.\n- Newly invited user is member of the `default` project.\n","descriptionHtml":"<div style='line-height:1.6;'><ul>\n<li>Login with valid credentials.</li>\n<li>Create new organization via <strong>API</strong>.</li>\n<li>Create new project with <span style='background-color:#D3D3D3; padding:2px 4px; border-radius:3px; font-family:monospace;'>default</span> option.</li>\n<li>Signup <span style='background-color:#D3D3D3; padding:2px 4px; border-radius:3px; font-family:monospace;'>second user</span>.</li>\n</ul>\n<h3>Verify that:</h3>\n<ul>\n<li>User can invite to organization another user that is registered but <strong>doesn't have organization</strong>.</li>\n<li>Newly invited user is member of the <span style='background-color:#D3D3D3; padding:2px 4px; border-radius:3px; font-family:monospace;'>default</span> project.</li>\n</ul></div>","status":"failed","statusMessage":"AssertionError: [AssertionError] during step: Create first project from main page\nMessage: [TimeoutError] during step: Wait for Create project popup disappear\nMessage: Locator.wait_for: Timeout 60ms exceeded.\nCall log:\n  - waiting for locator(\"h2\").filter(has_text=\"Create Project\") to be detached\n    3 × locator resolved to visible <h2 class=\"p-8 text-h4\">Create Project</h2>\n\nNote: Playwright Timeout. Element not found or action took too long.","statusTrace":"tests/reporting_hooks/reporting.py:49: in wrapper\n    result = await func(*args, **kwargs)\n             ^^^^^^^^^^^^^^^^^^^^^^^^^^^\ntests/test_cases/steps/ui_steps/page_steps_impl/create_proj_popup_steps.py:36: in ui_wait_to_disappear\n    await self._pm.create_proj_popup.wait_to_disappear(org_name=org_name)\ntests/components/ui/pages/create_project_popup.py:83: in wait_to_disappear\n    await self._get_create_proj_title().locator.wait_for(\n.venv/lib/python3.13/site-packages/playwright/async_api/_generated.py:17906: in wait_for\n    await self._impl_obj.wait_for(timeout=timeout, state=state)\n.venv/lib/python3.13/site-packages/playwright/_impl/_locator.py:692: in wait_for\n    await self._frame.wait_for_selector(\n.venv/lib/python3.13/site-packages/playwright/_impl/_frame.py:369: in wait_for_selector\n    await self._channel.send(\n.venv/lib/python3.13/site-packages/playwright/_impl/_connection.py:69: in send\n    return await self._connection.wrap_api_call(\n.venv/lib/python3.13/site-packages/playwright/_impl/_connection.py:559: in wrap_api_call\n    raise rewrite_error(error, f\"{parsed_st['apiName']}: {error}\") from None\nE   playwright._impl._errors.TimeoutError: Locator.wait_for: Timeout 60ms exceeded.\nE   Call log:\nE     - waiting for locator(\"h2\").filter(has_text=\"Create Project\") to be detached\nE       3 × locator resolved to visible <h2 class=\"p-8 text-h4\">Create Project</h2>\n\nThe above exception was the direct cause of the following exception:\ntests/reporting_hooks/reporting.py:49: in wrapper\n    result = await func(*args, **kwargs)\n             ^^^^^^^^^^^^^^^^^^^^^^^^^^^\ntests/test_cases/steps/ui_steps/ui_steps.py:247: in ui_create_first_proj_from_main_page\n    await self.create_proj_popup.ui_wait_to_disappear(org_name=org_name)\ntests/reporting_hooks/reporting.py:58: in wrapper\n    raise AssertionError(formatted_msg) from e\nE   AssertionError: [TimeoutError] during step: Wait for Create project popup disappear\nE   Message: Locator.wait_for: Timeout 60ms exceeded.\nE   Call log:\nE     - waiting for locator(\"h2\").filter(has_text=\"Create Project\") to be detached\nE       3 × locator resolved to visible <h2 class=\"p-8 text-h4\">Create Project</h2>\nE   \nE   Note: Playwright Timeout. Element not found or action took too long.\n\nThe above exception was the direct cause of the following exception:\ntests/test_cases/tests_ui/test_organization_structure_setup.py:338: in test_invite_registered_user_without_org_default_proj_via_ui\n    await steps.ui_create_first_proj_from_main_page(\ntests/reporting_hooks/reporting.py:58: in wrapper\n    raise AssertionError(formatted_msg) from e\nE   AssertionError: [AssertionError] during step: Create first project from main page\nE   Message: [TimeoutError] during step: Wait for Create project popup disappear\nE   Message: Locator.wait_for: Timeout 60ms exceeded.\nE   Call log:\nE     - waiting for locator(\"h2\").filter(has_text=\"Create Project\") to be detached\nE       3 × locator resolved to visible <h2 class=\"p-8 text-h4\">Create Project</h2>\nE   \nE   Note: Playwright Timeout. Element not found or action took too long.","steps":[{"name":"Login via UI","time":{"start":1763090536672,"stop":1763090543526,"duration":6854},"status":"passed","steps":[{"name":"Verify that Auth page displayed","time":{"start":1763090536673,"stop":1763090537761,"duration":1088},"status":"passed","steps":[],"attachments":[{"uid":"7db36e84b1a7c094","name":"Page URL","source":"7db36e84b1a7c094.txt","type":"text/plain","size":29},{"uid":"ecda35fd91f4af4d","name":"HTTP 200 - GET config","source":"ecda35fd91f4af4d.txt","type":"text/plain","size":673},{"uid":"5d9241ebd893ca83","name":"Screenshot: Verify that Auth page displayed (success)","source":"5d9241ebd893ca83.png","type":"image/png","size":88563}],"parameters":[],"shouldDisplayMessage":false,"stepsCount":0,"attachmentsCount":3,"hasContent":true,"attachmentStep":false},{"name":"Click login button","time":{"start":1763090537761,"stop":1763090538945,"duration":1184},"status":"passed","steps":[],"attachments":[{"uid":"ab0dba2f2d715603","name":"Page URL","source":"ab0dba2f2d715603.txt","type":"text/plain","size":33},{"uid":"d6e0b303f3fa9064","name":"Screenshot: Click login button (success)","source":"d6e0b303f3fa9064.png","type":"image/png","size":41524}],"parameters":[],"shouldDisplayMessage":false,"stepsCount":0,"attachmentsCount":2,"hasContent":true,"attachmentStep":false},{"name":"Verify that Login page displayed","time":{"start":1763090538945,"stop":1763090539060,"duration":115},"status":"passed","steps":[],"attachments":[{"uid":"da132f0bedcb4142","name":"Page URL","source":"da132f0bedcb4142.txt","type":"text/plain","size":215},{"uid":"11b96388ed9de473","name":"Screenshot: Verify that Login page displayed (success)","source":"11b96388ed9de473.png","type":"image/png","size":41614}],"parameters":[],"shouldDisplayMessage":false,"stepsCount":0,"attachmentsCount":2,"hasContent":true,"attachmentStep":false},{"name":"Enter email","time":{"start":1763090539060,"stop":1763090539378,"duration":318},"status":"passed","steps":[],"attachments":[{"uid":"5f49949e81c40d2e","name":"Page URL","source":"5f49949e81c40d2e.txt","type":"text/plain","size":215},{"uid":"4b3f5217e7cd38fc","name":"Screenshot: Enter email (success)","source":"4b3f5217e7cd38fc.png","type":"image/png","size":45237}],"parameters":[],"shouldDisplayMessage":false,"stepsCount":0,"attachmentsCount":2,"hasContent":true,"attachmentStep":false},{"name":"Enter password","time":{"start":1763090539378,"stop":1763090539696,"duration":318},"status":"passed","steps":[],"attachments":[{"uid":"32cc6f405bb1834b","name":"Page URL","source":"32cc6f405bb1834b.txt","type":"text/plain","size":215},{"uid":"61d70898872f6d86","name":"Screenshot: Enter password (success)","source":"61d70898872f6d86.png","type":"image/png","size":45379}],"parameters":[],"shouldDisplayMessage":false,"stepsCount":0,"attachmentsCount":2,"hasContent":true,"attachmentStep":false},{"name":"Click Continue button","time":{"start":1763090539696,"stop":1763090542332,"duration":2636},"status":"passed","steps":[],"attachments":[{"uid":"423d940651277e00","name":"Page URL","source":"423d940651277e00.txt","type":"text/plain","size":215},{"uid":"c0ac78b6b1ca2b2","name":"HTTP 200 - GET config","source":"c0ac78b6b1ca2b2.txt","type":"text/plain","size":771},{"uid":"7ed620f323b8b90a","name":"HTTP 200 - GET permissions?uri=blob:","source":"7ed620f323b8b90a.txt","type":"text/plain","size":182},{"uid":"935f6cc1b9aa4241","name":"HTTP 200 - GET incoming","source":"935f6cc1b9aa4241.txt","type":"text/plain","size":156},{"uid":"b1552448b8f2f3c4","name":"HTTP 200 - GET regression-tjfnhhtppe?include=orgs","source":"b1552448b8f2f3c4.txt","type":"text/plain","size":379},{"uid":"a1cad1d5fd30474e","name":"HTTP 200 - GET regression-tjfnhhtppe?include=clusters&include=system_role","source":"a1cad1d5fd30474e.txt","type":"text/plain","size":407},{"uid":"963817a9ecf840b0","name":"Screenshot: Click Continue button (success)","source":"963817a9ecf840b0.png","type":"image/png","size":8511}],"parameters":[],"shouldDisplayMessage":false,"stepsCount":0,"attachmentsCount":7,"hasContent":true,"attachmentStep":false},{"name":"Verify that Welcome new user page displayed","time":{"start":1763090542345,"stop":1763090543443,"duration":1098},"status":"passed","steps":[],"attachments":[{"uid":"640576e045317825","name":"Page URL","source":"640576e045317825.txt","type":"text/plain","size":44},{"uid":"e2eb0e8bf53644ba","name":"Screenshot: Verify that Welcome new user page displayed (success)","source":"e2eb0e8bf53644ba.png","type":"image/png","size":158341}],"parameters":[],"shouldDisplayMessage":false,"stepsCount":0,"attachmentsCount":2,"hasContent":true,"attachmentStep":false}],"attachments":[{"uid":"9b7a4d184435b3ac","name":"Page URL","source":"9b7a4d184435b3ac.txt","type":"text/plain","size":29},{"uid":"a0268aa0d5f7c1d5","name":"Screenshot: Login via UI (success)","source":"a0268aa0d5f7c1d5.png","type":"image/png","size":158341}],"parameters":[],"shouldDisplayMessage":false,"stepsCount":7,"attachmentsCount":22,"hasContent":true,"attachmentStep":false},{"name":"<<User2>> :: Get second user","time":{"start":1763090544737,"stop":1763090544841,"duration":104},"status":"passed","steps":[],"attachments":[{"uid":"fe4a797c9f530096","name":"Page URL","source":"fe4a797c9f530096.txt","type":"text/plain","size":29},{"uid":"3ca53e9f616a80b6","name":"Screenshot: <<User2>> :: Get second user (success)","source":"3ca53e9f616a80b6.png","type":"image/png","size":11162}],"parameters":[],"shouldDisplayMessage":false,"stepsCount":0,"attachmentsCount":2,"hasContent":true,"attachmentStep":false},{"name":"<<User2>> :: Login via UI","time":{"start":1763090544841,"stop":1763090561508,"duration":16667},"status":"passed","steps":[{"name":"<<User2>> :: Verify that Auth page displayed","time":{"start":1763090544841,"stop":1763090545926,"duration":1085},"status":"passed","steps":[],"attachments":[{"uid":"f7712b7854414493","name":"Page URL","source":"f7712b7854414493.txt","type":"text/plain","size":29},{"uid":"92e08af3822a6d26","name":"HTTP 200 - GET config","source":"92e08af3822a6d26.txt","type":"text/plain","size":673},{"uid":"d33f2d4382e03d1","name":"Screenshot: <<User2>> :: Verify that Auth page displayed (success)","source":"d33f2d4382e03d1.png","type":"image/png","size":88563}],"parameters":[],"shouldDisplayMessage":false,"stepsCount":0,"attachmentsCount":3,"hasContent":true,"attachmentStep":false},{"name":"<<User2>> :: Click login button","time":{"start":1763090545926,"stop":1763090547027,"duration":1101},"status":"passed","steps":[],"attachments":[{"uid":"aea2b8b8bb97ff83","name":"Page URL","source":"aea2b8b8bb97ff83.txt","type":"text/plain","size":33},{"uid":"6ddb0ffa8adc9068","name":"Screenshot: <<User2>> :: Click login button (success)","source":"6ddb0ffa8adc9068.png","type":"image/png","size":41524}],"parameters":[],"shouldDisplayMessage":false,"stepsCount":0,"attachmentsCount":2,"hasContent":true,"attachmentStep":false},{"name":"<<User2>> :: Verify that Login page displayed","time":{"start":1763090547027,"stop":1763090547125,"duration":98},"status":"passed","steps":[],"attachments":[{"uid":"3f838e287b778b17","name":"Page URL","source":"3f838e287b778b17.txt","type":"text/plain","size":215},{"uid":"270d1a1b5c757aaf","name":"Screenshot: <<User2>> :: Verify that Login page displayed (success)","source":"270d1a1b5c757aaf.png","type":"image/png","size":41637}],"parameters":[],"shouldDisplayMessage":false,"stepsCount":0,"attachmentsCount":2,"hasContent":true,"attachmentStep":false},{"name":"<<User2>> :: Enter email","time":{"start":1763090547125,"stop":1763090547445,"duration":320},"status":"passed","steps":[],"attachments":[{"uid":"ef30313671bcd82b","name":"Page URL","source":"ef30313671bcd82b.txt","type":"text/plain","size":215},{"uid":"d480abe4f9bb358b","name":"Screenshot: <<User2>> :: Enter email (success)","source":"d480abe4f9bb358b.png","type":"image/png","size":45289}],"parameters":[],"shouldDisplayMessage":false,"stepsCount":0,"attachmentsCount":2,"hasContent":true,"attachmentStep":false},{"name":"<<User2>> :: Enter password","time":{"start":1763090547445,"stop":1763090547761,"duration":316},"status":"passed","steps":[],"attachments":[{"uid":"f82d438baafaeba1","name":"Page URL","source":"f82d438baafaeba1.txt","type":"text/plain","size":215},{"uid":"c137dc16b9ff4133","name":"Screenshot: <<User2>> :: Enter password (success)","source":"c137dc16b9ff4133.png","type":"image/png","size":45441}],"parameters":[],"shouldDisplayMessage":false,"stepsCount":0,"attachmentsCount":2,"hasContent":true,"attachmentStep":false},{"name":"<<User2>> :: Click Continue button","time":{"start":1763090547761,"stop":1763090560325,"duration":12564},"status":"passed","steps":[],"attachments":[{"uid":"985a1bc9c677d02f","name":"Page URL","source":"985a1bc9c677d02f.txt","type":"text/plain","size":215},{"uid":"ba60c882db721965","name":"HTTP 200 - GET config","source":"ba60c882db721965.txt","type":"text/plain","size":771},{"uid":"818848df781da9ab","name":"HTTP 200 - GET permissions?uri=blob:","source":"818848df781da9ab.txt","type":"text/plain","size":182},{"uid":"4719dd1f9d00310d","name":"HTTP 200 - GET incoming","source":"4719dd1f9d00310d.txt","type":"text/plain","size":156},{"uid":"7d0d504064facdd4","name":"HTTP 200 - GET regression-konrlqsrkf?include=orgs","source":"7d0d504064facdd4.txt","type":"text/plain","size":379},{"uid":"2f247896d8d2aa9f","name":"HTTP 200 - GET regression-konrlqsrkf?include=clusters&include=system_role","source":"2f247896d8d2aa9f.txt","type":"text/plain","size":407},{"uid":"463d3dc1bc672a51","name":"Screenshot: <<User2>> :: Click Continue button (success)","source":"463d3dc1bc672a51.png","type":"image/png","size":158622}],"parameters":[],"shouldDisplayMessage":false,"stepsCount":0,"attachmentsCount":7,"hasContent":true,"attachmentStep":false},{"name":"<<User2>> :: Verify that Welcome new user page displayed","time":{"start":1763090560333,"stop":1763090561424,"duration":1091},"status":"passed","steps":[],"attachments":[{"uid":"cbab4156be306ec0","name":"Page URL","source":"cbab4156be306ec0.txt","type":"text/plain","size":44},{"uid":"b70fcb9043c45aff","name":"Screenshot: <<User2>> :: Verify that Welcome new user page displayed (success)","source":"b70fcb9043c45aff.png","type":"image/png","size":158622}],"parameters":[],"shouldDisplayMessage":false,"stepsCount":0,"attachmentsCount":2,"hasContent":true,"attachmentStep":false}],"attachments":[{"uid":"8d05f15070f7d62","name":"Page URL","source":"8d05f15070f7d62.txt","type":"text/plain","size":29},{"uid":"ef4efce4ec9e2e65","name":"Screenshot: <<User2>> :: Login via UI (success)","source":"ef4efce4ec9e2e65.png","type":"image/png","size":158622}],"parameters":[],"shouldDisplayMessage":false,"stepsCount":7,"attachmentsCount":22,"hasContent":true,"attachmentStep":false},{"name":"Add organization via API and reload page","time":{"start":1763090561508,"stop":1763090604775,"duration":43267},"status":"passed","steps":[{"name":"Reload page","time":{"start":1763090575942,"stop":1763090604710,"duration":28768},"status":"passed","steps":[{"name":"Reload page","time":{"start":1763090575942,"stop":1763090604633,"duration":28691},"status":"passed","steps":[],"attachments":[{"uid":"f2086e46d3e24619","name":"Page URL","source":"f2086e46d3e24619.txt","type":"text/plain","size":44},{"uid":"860c4cf5ecbae81b","name":"HTTP 200 - GET config","source":"860c4cf5ecbae81b.txt","type":"text/plain","size":2137},{"uid":"9580fd0b4e25ad0b","name":"HTTP 200 - GET permissions?uri=blob:","source":"9580fd0b4e25ad0b.txt","type":"text/plain","size":255},{"uid":"1869336a0c9bd444","name":"HTTP 200 - GET regression-tjfnhhtppe?include=clusters&include=system_role","source":"1869336a0c9bd444.txt","type":"text/plain","size":529},{"uid":"2dbe7d2ee775a8c0","name":"HTTP 200 - GET incoming","source":"2dbe7d2ee775a8c0.txt","type":"text/plain","size":156},{"uid":"d9720bd4955f40c9","name":"HTTP 200 - GET regression-tjfnhhtppe?include=orgs","source":"d9720bd4955f40c9.txt","type":"text/plain","size":474},{"uid":"2151c3f279190927","name":"HTTP 200 - GET regression-org-4jbszy1tfn5t","source":"2151c3f279190927.txt","type":"text/plain","size":444},{"uid":"6daf2e71fae0235f","name":"HTTP 200 - GET tags","source":"6daf2e71fae0235f.txt","type":"text/plain","size":864},{"uid":"93a486c90e5df1d0","name":"Screenshot: Reload page (success)","source":"93a486c90e5df1d0.png","type":"image/png","size":55382}],"parameters":[],"shouldDisplayMessage":false,"stepsCount":0,"attachmentsCount":9,"hasContent":true,"attachmentStep":false}],"attachments":[{"uid":"428bf8c88b94cee5","name":"Page URL","source":"428bf8c88b94cee5.txt","type":"text/plain","size":44},{"uid":"1f78f1b69d66a9a7","name":"Screenshot: Reload page (success)","source":"1f78f1b69d66a9a7.png","type":"image/png","size":57165}],"parameters":[],"shouldDisplayMessage":false,"stepsCount":1,"attachmentsCount":11,"hasContent":true,"attachmentStep":false}],"attachments":[{"uid":"4a385b2ec0d0c93e","name":"Page URL","source":"4a385b2ec0d0c93e.txt","type":"text/plain","size":44},{"uid":"e9fdd1445cebaa27","name":"Screenshot: Add organization via API and reload page (success)","source":"e9fdd1445cebaa27.png","type":"image/png","size":57165}],"parameters":[],"shouldDisplayMessage":false,"stepsCount":2,"attachmentsCount":13,"hasContent":true,"attachmentStep":false},{"name":"Create first project from main page","time":{"start":1763090604775,"stop":1763090608018,"duration":3243},"status":"failed","statusMessage":"AssertionError: [AssertionError] during step: Create first project from main page\nMessage: [TimeoutError] during step: Wait for Create project popup disappear\nMessage: Locator.wait_for: Timeout 60ms exceeded.\nCall log:\n  - waiting for locator(\"h2\").filter(has_text=\"Create Project\") to be detached\n    3 × locator resolved to visible <h2 class=\"p-8 text-h4\">Create Project</h2>\n\nNote: Playwright Timeout. Element not found or action took too long.\n","statusTrace":"  File \"/home/runner/work/apolo-test-automation/apolo-test-automation/tests/reporting_hooks/reporting.py\", line 58, in wrapper\n    raise AssertionError(formatted_msg) from e\n","steps":[{"name":"Click Create project button on the main page","time":{"start":1763090604775,"stop":1763090605721,"duration":946},"status":"passed","steps":[],"attachments":[{"uid":"784204d91f2aca52","name":"Page URL","source":"784204d91f2aca52.txt","type":"text/plain","size":81},{"uid":"1df2cfb9fcba03cb","name":"Screenshot: Click Create project button on the main page (success)","source":"1df2cfb9fcba03cb.png","type":"image/png","size":78498}],"parameters":[],"shouldDisplayMessage":false,"stepsCount":0,"attachmentsCount":2,"hasContent":true,"attachmentStep":false},{"name":"Verify Create project popup displayed","time":{"start":1763090605721,"stop":1763090605819,"duration":98},"status":"passed","steps":[],"attachments":[{"uid":"7946d26a11020342","name":"Page URL","source":"7946d26a11020342.txt","type":"text/plain","size":81},{"uid":"10b78d83d47451b3","name":"Screenshot: Verify Create project popup displayed (success)","source":"10b78d83d47451b3.png","type":"image/png","size":78510}],"parameters":[],"shouldDisplayMessage":false,"stepsCount":0,"attachmentsCount":2,"hasContent":true,"attachmentStep":false},{"name":"Enter project name","time":{"start":1763090605819,"stop":1763090606156,"duration":337},"status":"passed","steps":[],"attachments":[{"uid":"9a5b0653e85de288","name":"Page URL","source":"9a5b0653e85de288.txt","type":"text/plain","size":81},{"uid":"bad9e0808d576bf","name":"Screenshot: Enter project name (success)","source":"bad9e0808d576bf.png","type":"image/png","size":81839}],"parameters":[],"shouldDisplayMessage":false,"stepsCount":0,"attachmentsCount":2,"hasContent":true,"attachmentStep":false},{"name":"Select user role","time":{"start":1763090606156,"stop":1763090606234,"duration":78},"status":"passed","steps":[],"attachments":[{"uid":"bfff45a82912b6c5","name":"Page URL","source":"bfff45a82912b6c5.txt","type":"text/plain","size":81},{"uid":"857e795f189c44b2","name":"Screenshot: Select user role (success)","source":"857e795f189c44b2.png","type":"image/png","size":81849}],"parameters":[],"shouldDisplayMessage":false,"stepsCount":0,"attachmentsCount":2,"hasContent":true,"attachmentStep":false},{"name":"Click project default checkbox","time":{"start":1763090606235,"stop":1763090606856,"duration":621},"status":"passed","steps":[],"attachments":[{"uid":"7f8f51caafa493f1","name":"Page URL","source":"7f8f51caafa493f1.txt","type":"text/plain","size":81},{"uid":"11b3ff36e4804175","name":"HTTP 404 - GET regression-proj-ern45ca5cm","source":"11b3ff36e4804175.txt","type":"text/plain","size":340},{"uid":"c60d20972c7167bd","name":"Screenshot: Click project default checkbox (success)","source":"c60d20972c7167bd.png","type":"image/png","size":81851}],"parameters":[],"shouldDisplayMessage":false,"stepsCount":0,"attachmentsCount":3,"hasContent":true,"attachmentStep":false},{"name":"Click Create button","time":{"start":1763090606857,"stop":1763090607789,"duration":932},"status":"passed","steps":[],"attachments":[{"uid":"7932225158af6eac","name":"Page URL","source":"7932225158af6eac.txt","type":"text/plain","size":81},{"uid":"6aac099a68569bdb","name":"Screenshot: Click Create button (success)","source":"6aac099a68569bdb.png","type":"image/png","size":81062}],"parameters":[],"shouldDisplayMessage":false,"stepsCount":0,"attachmentsCount":2,"hasContent":true,"attachmentStep":false},{"name":"Wait for Create project popup disappear","time":{"start":1763090607789,"stop":1763090607940,"duration":151},"status":"failed","statusMessage":"AssertionError: [TimeoutError] during step: Wait for Create project popup disappear\nMessage: Locator.wait_for: Timeout 60ms exceeded.\nCall log:\n  - waiting for locator(\"h2\").filter(has_text=\"Create Project\") to be detached\n    3 × locator resolved to visible <h2 class=\"p-8 text-h4\">Create Project</h2>\n\nNote: Playwright Timeout. Element not found or action took too long.\n","statusTrace":"  File \"/home/runner/work/apolo-test-automation/apolo-test-automation/tests/reporting_hooks/reporting.py\", line 58, in wrapper\n    raise AssertionError(formatted_msg) from e\n","steps":[],"attachments":[{"uid":"3bc32267a4718a72","name":"Page URL","source":"3bc32267a4718a72.txt","type":"text/plain","size":81},{"uid":"ebabc9e8a39f5da2","name":"Screenshot: Wait for Create project popup disappear (fail)","source":"ebabc9e8a39f5da2.png","type":"image/png","size":81025}],"parameters":[],"shouldDisplayMessage":true,"stepsCount":0,"attachmentsCount":2,"hasContent":true,"attachmentStep":false}],"attachments":[{"uid":"c62246648288123e","name":"Page URL","source":"c62246648288123e.txt","type":"text/plain","size":81},{"uid":"1e067c0f27a254d6","name":"Screenshot: Create first project from main page (fail)","source":"1e067c0f27a254d6.png","type":"image/png","size":81002}],"parameters":[],"shouldDisplayMessage":true,"stepsCount":7,"attachmentsCount":17,"hasContent":true,"attachmentStep":false}],"attachments":[{"uid":"56729582c656222d","name":"log","source":"56729582c656222d.txt","type":"text/plain","size":70570}],"parameters":[],"shouldDisplayMessage":true,"stepsCount":28,"attachmentsCount":77,"hasContent":true,"attachmentStep":false},"afterStages":[{"name":"add_page_manager::finalizer","time":{"start":1763090608169,"stop":1763090608169,"duration":0},"status":"passed","steps":[],"attachments":[],"parameters":[],"shouldDisplayMessage":false,"stepsCount":0,"attachmentsCount":0,"hasContent":false,"attachmentStep":false},{"name":"setup_cleanup::finalizer","time":{"start":1763090608169,"stop":1763090608169,"duration":0},"status":"passed","steps":[],"attachments":[],"parameters":[],"shouldDisplayMessage":false,"stepsCount":0,"attachmentsCount":0,"hasContent":false,"attachmentStep":false},{"name":"setup_cleanup::finalizer","time":{"start":1763090608169,"stop":1763090612239,"duration":4070},"status":"passed","steps":[{"name":"Post-test cleanup","time":{"start":1763090608170,"stop":1763090612239,"duration":4069},"status":"passed","steps":[{"name":"Delete organisation: regression-org-4jbszy1tfn5t","time":{"start":1763090611362,"stop":1763090612164,"duration":802},"status":"passed","steps":[],"attachments":[{"uid":"4b6a64c2fb28e9e2","name":"HTTP 201 - POST projects","source":"4b6a64c2fb28e9e2.txt","type":"text/plain","size":467},{"uid":"c40c5b978b8bc4d4","name":"HTTP 200 - GET config","source":"c40c5b978b8bc4d4.txt","type":"text/plain","size":2137}],"parameters":[],"shouldDisplayMessage":false,"stepsCount":0,"attachmentsCount":2,"hasContent":true,"attachmentStep":false}],"attachments":[{"uid":"da2bb3b743e6ba39","name":"HTTP 200 - GET templates","source":"da2bb3b743e6ba39.txt","type":"text/plain","size":159}],"parameters":[],"shouldDisplayMessage":false,"stepsCount":1,"attachmentsCount":3,"hasContent":true,"attachmentStep":false}],"attachments":[],"parameters":[],"shouldDisplayMessage":false,"stepsCount":2,"attachmentsCount":3,"hasContent":true,"attachmentStep":false},{"name":"api_helper::finalizer","time":{"start":1763090612239,"stop":1763090612240,"duration":1},"status":"passed","steps":[],"attachments":[],"parameters":[],"shouldDisplayMessage":false,"stepsCount":0,"attachmentsCount":0,"hasContent":false,"attachmentStep":false},{"name":"_function_scoped_runner::0","time":{"start":1763090612241,"stop":1763090612241,"duration":0},"status":"passed","steps":[],"attachments":[],"parameters":[],"shouldDisplayMessage":false,"stepsCount":0,"attachmentsCount":0,"hasContent":false,"attachmentStep":false}],"labels":[{"name":"suite","value":"UI Organization Structure Setup"},{"name":"parentSuite","value":"UI Tests"},{"name":"tag","value":"asyncio"},{"name":"subSuite","value":"TestUIOrganizationStructureSetup"},{"name":"host","value":"runnervmw9dnm"},{"name":"thread","value":"3535-MainThread"},{"name":"framework","value":"pytest"},{"name":"language","value":"cpython3"},{"name":"package","value":"tests.test_cases.tests_ui.test_organization_structure_setup"},{"name":"resultFormat","value":"allure2"}],"parameters":[],"links":[],"hidden":false,"retry":false,"extra":{"severity":"normal","retries":[{"uid":"e9ed225fa6899f38","status":"failed","statusDetails":"AssertionError: [AssertionError] during step: Create first project from main page\nMessage: [TimeoutError] during step: Wait for Create project popup disappear\nMessage: Locator.wait_for: Timeout 60ms exceeded.\nCall log:\n  - waiting for locator(\"h2\").filter(has_text=\"Create Project\") to be detached\n    3 × locator resolved to visible <h2 class=\"p-8 text-h4\">Create Project</h2>\n\nNote: Playwright Timeout. Element not found or action took too long.","time":{"start":1763090466558,"stop":1763090520428,"duration":53870}}],"categories":[{"name":"Product defects","matchedStatuses":[],"flaky":false}],"history":{"statistic":{"failed":23,"broken":0,"skipped":0,"passed":84,"unknown":0,"total":107},"items":[{"uid":"9b0d4989c2b0deec","status":"failed","statusDetails":"AssertionError: [AssertionError] during step: Create first project from main page\nMessage: [TimeoutError] during step: Wait for Create project popup disappear\nMessage: Locator.wait_for: Timeout 60ms exceeded.\nCall log:\n  - waiting for locator(\"h2\").filter(has_text=\"Create Project\") to be detached\n    3 × locator resolved to visible <h2 class=\"p-8 text-h4\">Create Project</h2>\n\nNote: Playwright Timeout. Element not found or action took too long.","time":{"start":1763005187266,"stop":1763005238906,"duration":51640}},{"uid":"90221411b0fa208b","status":"failed","statusDetails":"AssertionError: [AssertionError] during step: Login via UI\nMessage: [AssertionError] during step: Verify that Welcome new user page displayed\nMessage: Locator expected to be visible\nActual value: <element(s) not found> \nCall log:\n  - Expect \"to_be_visible\" with timeout 5000ms\n  - waiting for locator(\"h3.truncate.text-h3\").filter(has_text=\"Welcome, regression-fwd4fvffgs@apolo.us\")","time":{"start":1762920034492,"stop":1762920047028,"duration":12536}},{"uid":"f39a504535607580","status":"failed","statusDetails":"AssertionError: [AssertionError] during step: Create first project from main page\nMessage: [TimeoutError] during step: Wait for Create project popup disappear\nMessage: Locator.wait_for: Timeout 60ms exceeded.\nCall log:\n  - waiting for locator(\"h2\").filter(has_text=\"Create Project\") to be detached\n    3 × locator resolved to visible <h2 class=\"p-8 text-h4\">Create Project</h2>\n\nNote: Playwright Timeout. Element not found or action took too long.","time":{"start":1762832436604,"stop":1762832480990,"duration":44386}},{"uid":"e60249b3d3d10de9","status":"failed","statusDetails":"AssertionError: [AssertionError] during step: Create first project from main page\nMessage: [TimeoutError] during step: Wait for Create project popup disappear\nMessage: Locator.wait_for: Timeout 60ms exceeded.\nCall log:\n  - waiting for locator(\"h2\").filter(has_text=\"Create Project\") to be detached\n    3 × locator resolved to visible <h2 class=\"p-8 text-h4\">Create Project</h2>\n\nNote: Playwright Timeout. Element not found or action took too long.","time":{"start":1762747147550,"stop":1762747189961,"duration":42411}},{"uid":"92506d179ea60383","status":"failed","statusDetails":"AssertionError: [AssertionError] during step: Create first project from main page\nMessage: [TimeoutError] during step: Wait for Create project popup disappear\nMessage: Locator.wait_for: Timeout 60ms exceeded.\nCall log:\n  - waiting for locator(\"h2\").filter(has_text=\"Create Project\") to be detached\n    3 × locator resolved to visible <h2 class=\"p-8 text-h4\">Create Project</h2>\n\nNote: Playwright Timeout. Element not found or action took too long.","time":{"start":1762659060170,"stop":1762659102507,"duration":42337}},{"uid":"37381326290eeac6","status":"failed","statusDetails":"AssertionError: [AssertionError] during step: Create first project from main page\nMessage: [TimeoutError] during step: Wait for Create project popup disappear\nMessage: Locator.wait_for: Timeout 60ms exceeded.\nCall log:\n  - waiting for locator(\"h2\").filter(has_text=\"Create Project\") to be detached\n    3 × locator resolved to visible <h2 class=\"p-8 text-h4\">Create Project</h2>\n\nNote: Playwright Timeout. Element not found or action took too long.","time":{"start":1762573542803,"stop":1762573596005,"duration":53202}},{"uid":"67463b8b5886684c","status":"failed","statusDetails":"AssertionError: [AssertionError] during step: Create first project from main page\nMessage: [TimeoutError] during step: Wait for Create project popup disappear\nMessage: Locator.wait_for: Timeout 60ms exceeded.\nCall log:\n  - waiting for locator(\"h2\").filter(has_text=\"Create Project\") to be detached\n    3 × locator resolved to visible <h2 class=\"p-8 text-h4\">Create Project</h2>\n\nNote: Playwright Timeout. Element not found or action took too long.","time":{"start":1762487567938,"stop":1762487640484,"duration":72546}},{"uid":"7f6486c9df7b44c8","status":"failed","statusDetails":"AssertionError: [AssertionError] during step: Create first project from main page\nMessage: [TimeoutError] during step: Wait for Create project popup disappear\nMessage: Locator.wait_for: Timeout 60ms exceeded.\nCall log:\n  - waiting for locator(\"h2\").filter(has_text=\"Create Project\") to be detached\n    3 × locator resolved to visible <h2 class=\"p-8 text-h4\">Create Project</h2>\n\nNote: Playwright Timeout. Element not found or action took too long.","time":{"start":1762400203053,"stop":1762400255056,"duration":52003}},{"uid":"4d7887f3c0845a0","status":"failed","statusDetails":"AssertionError: [AssertionError] during step: Create first project from main page\nMessage: [TimeoutError] during step: Wait for Create project popup disappear\nMessage: Locator.wait_for: Timeout 60ms exceeded.\nCall log:\n  - waiting for locator(\"h2\").filter(has_text=\"Create Project\") to be detached\n    3 × locator resolved to visible <h2 class=\"p-8 text-h4\">Create Project</h2>\n\nNote: Playwright Timeout. Element not found or action took too long.","time":{"start":1762314092689,"stop":1762314143510,"duration":50821}},{"uid":"b61dab242f2ce6d9","status":"failed","statusDetails":"AssertionError: [AssertionError] during step: Create first project from main page\nMessage: [TimeoutError] during step: Wait for Create project popup disappear\nMessage: Locator.wait_for: Timeout 60ms exceeded.\nCall log:\n  - waiting for locator(\"h2\").filter(has_text=\"Create Project\") to be detached\n    3 × locator resolved to visible <h2 class=\"p-8 text-h4\">Create Project</h2>\n\nNote: Playwright Timeout. Element not found or action took too long.","time":{"start":1762226189861,"stop":1762226252215,"duration":62354}},{"uid":"7401f91c14c65f53","status":"failed","statusDetails":"AssertionError: [AssertionError] during step: Login via UI\nMessage: [AssertionError] during step: Verify that Welcome new user page displayed\nMessage: Locator expected to be visible\nActual value: <element(s) not found> \nCall log:\n  - Expect \"to_be_visible\" with timeout 5000ms\n  - waiting for locator(\"h3.truncate.text-h3\").filter(has_text=\"Welcome, regression-fj4lqrjfg6@apolo.us\")","time":{"start":1762137105119,"stop":1762137126378,"duration":21259}},{"uid":"67c03a0f718cf245","status":"failed","statusDetails":"AssertionError: [AssertionError] during step: Create first project from main page\nMessage: [TimeoutError] during step: Wait for Create project popup disappear\nMessage: Locator.wait_for: Timeout 60ms exceeded.\nCall log:\n  - waiting for locator(\"h2\").filter(has_text=\"Create Project\") to be detached\n    3 × locator resolved to visible <h2 class=\"p-8 text-h4\">Create Project</h2>\n\nNote: Playwright Timeout. Element not found or action took too long.","time":{"start":1762053436046,"stop":1762053507954,"duration":71908}},{"uid":"8776b7c22a10d0e1","status":"failed","statusDetails":"AssertionError: [AssertionError] during step: Create first project from main page\nMessage: [TimeoutError] during step: Wait for Create project popup disappear\nMessage: Locator.wait_for: Timeout 60ms exceeded.\nCall log:\n  - waiting for locator(\"h2\").filter(has_text=\"Create Project\") to be detached\n    3 × locator resolved to visible <h2 class=\"p-8 text-h4\">Create Project</h2>\n\nNote: Playwright Timeout. Element not found or action took too long.","time":{"start":1761968387698,"stop":1761968460241,"duration":72543}},{"uid":"8c7bca4717974aaf","status":"failed","statusDetails":"AssertionError: [AssertionError] during step: Create first project from main page\nMessage: [TimeoutError] during step: Wait for Create project popup disappear\nMessage: Locator.wait_for: Timeout 60ms exceeded.\nCall log:\n  - waiting for locator(\"h2\").filter(has_text=\"Create Project\") to be detached\n    3 × locator resolved to visible <h2 class=\"p-8 text-h4\">Create Project</h2>\n\nNote: Playwright Timeout. Element not found or action took too long.","time":{"start":1761880873547,"stop":1761880927314,"duration":53767}},{"uid":"e168e3740ce43577","status":"failed","statusDetails":"AssertionError: [AssertionError] during step: Login via UI\nMessage: [AssertionError] during step: Verify that Welcome new user page displayed\nMessage: Locator expected to be visible\nActual value: <element(s) not found> \nCall log:\n  - Expect \"to_be_visible\" with timeout 5000ms\n  - waiting for locator(\"h3.truncate.text-h3\").filter(has_text=\"Welcome, regression-mftc8uj8dt@apolo.us\")","time":{"start":1761795964716,"stop":1761795976803,"duration":12087}},{"uid":"ad85475cc9f26589","status":"failed","statusDetails":"AssertionError: [AssertionError] during step: Login via UI\nMessage: [AssertionError] during step: Verify that Welcome new user page displayed\nMessage: Locator expected to be visible\nActual value: <element(s) not found> \nCall log:\n  - Expect \"to_be_visible\" with timeout 5000ms\n  - waiting for locator(\"h3.truncate.text-h3\").filter(has_text=\"Welcome, regression-ialeyagx7x@apolo.us\")","time":{"start":1761710245388,"stop":1761710256992,"duration":11604}},{"uid":"3b84041435b61eee","status":"failed","statusDetails":"AssertionError: [AssertionError] during step: Create first project from main page\nMessage: [TimeoutError] during step: Wait for Create project popup disappear\nMessage: Locator.wait_for: Timeout 60ms exceeded.\nCall log:\n  - waiting for locator(\"h2\").filter(has_text=\"Create Project\") to be detached\n    3 × locator resolved to visible <h2 class=\"p-8 text-h4\">Create Project</h2>\n\nNote: Playwright Timeout. Element not found or action took too long.","time":{"start":1761620654491,"stop":1761620705562,"duration":51071}},{"uid":"e986376d8109a5b4","status":"failed","statusDetails":"AssertionError: [AssertionError] during step: Create first project from main page\nMessage: [TimeoutError] during step: Wait for Create project popup disappear\nMessage: Locator.wait_for: Timeout 60ms exceeded.\nCall log:\n  - waiting for locator(\"h2\").filter(has_text=\"Create Project\") to be detached\n    3 × locator resolved to visible <h2 class=\"p-8 text-h4\">Create Project</h2>\n\nNote: Playwright Timeout. Element not found or action took too long.","time":{"start":1761600417793,"stop":1761600469059,"duration":51266}},{"uid":"7e482a93855bf0d9","status":"failed","statusDetails":"AssertionError: [AssertionError] during step: Login via UI\nMessage: [AssertionError] during step: Verify that Welcome new user page displayed\nMessage: Locator expected to be visible\nActual value: <element(s) not found> \nCall log:\n  - Expect \"to_be_visible\" with timeout 5000ms\n  - waiting for locator(\"h3.truncate.text-h3\").filter(has_text=\"Welcome, regression-j0rzwz9cm3@apolo.us\")","time":{"start":1761565682176,"stop":1761565694193,"duration":12017}},{"uid":"46556ede22818989","status":"passed","time":{"start":1759548392133,"stop":1759548460128,"duration":67995}}]},"tags":["asyncio"]},"source":"570533a126a329a8.json","parameterValues":[]}