{"uid":"685e2391ef3452de","name":"Invite member that NOT in organization to project via UI","fullName":"tests.test_cases.tests_ui.test_project_structure_setup.TestUIProjectStructureSetup#test_invite_not_org_member_to_proj_via_ui","historyId":"a949c0b55d0235a80abfe0157af30788","time":{"start":1764903029722,"stop":1764903062900,"duration":33178},"description":"\n- Login with valid credentials.\n- Create new organization via **API**.\n- Create new project.\n- Signup `second user`.\n- DO NOT invite `second user` to organization.\n\n### Verify that:\n\n- User **cannot** invite to project another user which is **not member of organization**.\n","descriptionHtml":"<div style='line-height:1.6;'><ul>\n<li>Login with valid credentials.</li>\n<li>Create new organization via <strong>API</strong>.</li>\n<li>Create new project.</li>\n<li>Signup <span style='background-color:#D3D3D3; padding:2px 4px; border-radius:3px; font-family:monospace;'>second user</span>.</li>\n<li>DO NOT invite <span style='background-color:#D3D3D3; padding:2px 4px; border-radius:3px; font-family:monospace;'>second user</span> to organization.</li>\n</ul>\n<h3>Verify that:</h3>\n<ul>\n<li>User <strong>cannot</strong> invite to project another user which is <strong>not member of organization</strong>.</li>\n</ul></div>","status":"failed","statusMessage":"AssertionError: [AssertionError] during step: Create first project from main page\nMessage: [TimeoutError] during step: Wait for Create project popup disappear\nMessage: Locator.wait_for: Timeout 60ms exceeded.\nCall log:\n  - waiting for locator(\"h2\").filter(has_text=\"Create Project\") to be detached\n    3 × locator resolved to visible <h2 class=\"p-8 text-h4\">Create Project</h2>\n\nNote: Playwright Timeout. Element not found or action took too long.","statusTrace":"tests/reporting_hooks/reporting.py:49: in wrapper\n    result = await func(*args, **kwargs)\n             ^^^^^^^^^^^^^^^^^^^^^^^^^^^\ntests/test_cases/steps/ui_steps/page_steps_impl/create_proj_popup_steps.py:36: in ui_wait_to_disappear\n    await self._pm.create_proj_popup.wait_to_disappear(org_name=org_name)\ntests/components/ui/pages/create_project_popup.py:83: in wait_to_disappear\n    await self._get_create_proj_title().locator.wait_for(\n.venv/lib/python3.13/site-packages/playwright/async_api/_generated.py:17906: in wait_for\n    await self._impl_obj.wait_for(timeout=timeout, state=state)\n.venv/lib/python3.13/site-packages/playwright/_impl/_locator.py:692: in wait_for\n    await self._frame.wait_for_selector(\n.venv/lib/python3.13/site-packages/playwright/_impl/_frame.py:369: in wait_for_selector\n    await self._channel.send(\n.venv/lib/python3.13/site-packages/playwright/_impl/_connection.py:69: in send\n    return await self._connection.wrap_api_call(\n.venv/lib/python3.13/site-packages/playwright/_impl/_connection.py:559: in wrap_api_call\n    raise rewrite_error(error, f\"{parsed_st['apiName']}: {error}\") from None\nE   playwright._impl._errors.TimeoutError: Locator.wait_for: Timeout 60ms exceeded.\nE   Call log:\nE     - waiting for locator(\"h2\").filter(has_text=\"Create Project\") to be detached\nE       3 × locator resolved to visible <h2 class=\"p-8 text-h4\">Create Project</h2>\n\nThe above exception was the direct cause of the following exception:\ntests/reporting_hooks/reporting.py:49: in wrapper\n    result = await func(*args, **kwargs)\n             ^^^^^^^^^^^^^^^^^^^^^^^^^^^\ntests/test_cases/steps/ui_steps/ui_steps.py:247: in ui_create_first_proj_from_main_page\n    await self.create_proj_popup.ui_wait_to_disappear(org_name=org_name)\ntests/reporting_hooks/reporting.py:58: in wrapper\n    raise AssertionError(formatted_msg) from e\nE   AssertionError: [TimeoutError] during step: Wait for Create project popup disappear\nE   Message: Locator.wait_for: Timeout 60ms exceeded.\nE   Call log:\nE     - waiting for locator(\"h2\").filter(has_text=\"Create Project\") to be detached\nE       3 × locator resolved to visible <h2 class=\"p-8 text-h4\">Create Project</h2>\nE   \nE   Note: Playwright Timeout. Element not found or action took too long.\n\nThe above exception was the direct cause of the following exception:\ntests/test_cases/tests_ui/test_project_structure_setup.py:259: in test_invite_not_org_member_to_proj_via_ui\n    await steps.ui_create_first_proj_from_main_page(\ntests/reporting_hooks/reporting.py:58: in wrapper\n    raise AssertionError(formatted_msg) from e\nE   AssertionError: [AssertionError] during step: Create first project from main page\nE   Message: [TimeoutError] during step: Wait for Create project popup disappear\nE   Message: Locator.wait_for: Timeout 60ms exceeded.\nE   Call log:\nE     - waiting for locator(\"h2\").filter(has_text=\"Create Project\") to be detached\nE       3 × locator resolved to visible <h2 class=\"p-8 text-h4\">Create Project</h2>\nE   \nE   Note: Playwright Timeout. Element not found or action took too long.","flaky":false,"newFailed":false,"newBroken":false,"newPassed":false,"retriesCount":0,"retriesStatusChange":false,"beforeStages":[{"name":"event_loop_policy","time":{"start":1764898302214,"stop":1764898302214,"duration":0},"status":"passed","steps":[],"attachments":[],"parameters":[],"shouldDisplayMessage":false,"stepsCount":0,"attachmentsCount":0,"hasContent":false,"attachmentStep":false},{"name":"delay_worker_start","time":{"start":1764898302214,"stop":1764898302215,"duration":1},"status":"passed","steps":[],"attachments":[],"parameters":[],"shouldDisplayMessage":false,"stepsCount":0,"attachmentsCount":0,"hasContent":false,"attachmentStep":false},{"name":"base_url","time":{"start":1764898302214,"stop":1764898302214,"duration":0},"status":"passed","steps":[],"attachments":[],"parameters":[],"shouldDisplayMessage":false,"stepsCount":0,"attachmentsCount":0,"hasContent":false,"attachmentStep":false},{"name":"pytestconfig","time":{"start":1764898302214,"stop":1764898302214,"duration":0},"status":"passed","steps":[],"attachments":[],"parameters":[],"shouldDisplayMessage":false,"stepsCount":0,"attachmentsCount":0,"hasContent":false,"attachmentStep":false},{"name":"delete_output_dir","time":{"start":1764898302214,"stop":1764898302214,"duration":0},"status":"passed","steps":[],"attachments":[],"parameters":[],"shouldDisplayMessage":false,"stepsCount":0,"attachmentsCount":0,"hasContent":false,"attachmentStep":false},{"name":"_verify_url","time":{"start":1764898302214,"stop":1764898302214,"duration":0},"status":"passed","steps":[],"attachments":[],"parameters":[],"shouldDisplayMessage":false,"stepsCount":0,"attachmentsCount":0,"hasContent":false,"attachmentStep":false},{"name":"ensure_storage_directories","time":{"start":1764898302215,"stop":1764898302215,"duration":0},"status":"passed","steps":[],"attachments":[],"parameters":[],"shouldDisplayMessage":false,"stepsCount":0,"attachmentsCount":0,"hasContent":false,"attachmentStep":false},{"name":"test_config","time":{"start":1764903029134,"stop":1764903029137,"duration":3},"status":"passed","steps":[],"attachments":[],"parameters":[],"shouldDisplayMessage":false,"stepsCount":0,"attachmentsCount":0,"hasContent":false,"attachmentStep":false},{"name":"page_manager","time":{"start":1764903029138,"stop":1764903029719,"duration":581},"status":"passed","steps":[],"attachments":[],"parameters":[],"shouldDisplayMessage":false,"stepsCount":0,"attachmentsCount":0,"hasContent":false,"attachmentStep":false},{"name":"_function_scoped_runner","time":{"start":1764903029138,"stop":1764903029138,"duration":0},"status":"passed","steps":[],"attachments":[],"parameters":[],"shouldDisplayMessage":false,"stepsCount":0,"attachmentsCount":0,"hasContent":false,"attachmentStep":false},{"name":"data_manager","time":{"start":1764903029719,"stop":1764903029720,"duration":1},"status":"passed","steps":[],"attachments":[],"parameters":[],"shouldDisplayMessage":false,"stepsCount":0,"attachmentsCount":0,"hasContent":false,"attachmentStep":false},{"name":"users_manager","time":{"start":1764903029720,"stop":1764903029720,"duration":0},"status":"passed","steps":[],"attachments":[],"parameters":[],"shouldDisplayMessage":false,"stepsCount":0,"attachmentsCount":0,"hasContent":false,"attachmentStep":false},{"name":"apolo_cli","time":{"start":1764903029720,"stop":1764903029720,"duration":0},"status":"passed","steps":[],"attachments":[],"parameters":[],"shouldDisplayMessage":false,"stepsCount":0,"attachmentsCount":0,"hasContent":false,"attachmentStep":false},{"name":"setup_cleanup","time":{"start":1764903029720,"stop":1764903029721,"duration":1},"status":"passed","steps":[],"attachments":[],"parameters":[],"shouldDisplayMessage":false,"stepsCount":0,"attachmentsCount":0,"hasContent":false,"attachmentStep":false},{"name":"api_helper","time":{"start":1764903029720,"stop":1764903029720,"duration":0},"status":"passed","steps":[],"attachments":[],"parameters":[],"shouldDisplayMessage":false,"stepsCount":0,"attachmentsCount":0,"hasContent":false,"attachmentStep":false},{"name":"_inject_fixtures","time":{"start":1764903029721,"stop":1764903029721,"duration":0},"status":"passed","steps":[],"attachments":[],"parameters":[],"shouldDisplayMessage":false,"stepsCount":0,"attachmentsCount":0,"hasContent":false,"attachmentStep":false},{"name":"setup","time":{"start":1764903029721,"stop":1764903029721,"duration":0},"status":"passed","steps":[],"attachments":[],"parameters":[],"shouldDisplayMessage":false,"stepsCount":0,"attachmentsCount":0,"hasContent":false,"attachmentStep":false},{"name":"add_page_manager","time":{"start":1764903029721,"stop":1764903029721,"duration":0},"status":"passed","steps":[],"attachments":[],"parameters":[],"shouldDisplayMessage":false,"stepsCount":0,"attachmentsCount":0,"hasContent":false,"attachmentStep":false}],"testStage":{"description":"\n- Login with valid credentials.\n- Create new organization via **API**.\n- Create new project.\n- Signup `second user`.\n- DO NOT invite `second user` to organization.\n\n### Verify that:\n\n- User **cannot** invite to project another user which is **not member of organization**.\n","descriptionHtml":"<div style='line-height:1.6;'><ul>\n<li>Login with valid credentials.</li>\n<li>Create new organization via <strong>API</strong>.</li>\n<li>Create new project.</li>\n<li>Signup <span style='background-color:#D3D3D3; padding:2px 4px; border-radius:3px; font-family:monospace;'>second user</span>.</li>\n<li>DO NOT invite <span style='background-color:#D3D3D3; padding:2px 4px; border-radius:3px; font-family:monospace;'>second user</span> to organization.</li>\n</ul>\n<h3>Verify that:</h3>\n<ul>\n<li>User <strong>cannot</strong> invite to project another user which is <strong>not member of organization</strong>.</li>\n</ul></div>","status":"failed","statusMessage":"AssertionError: [AssertionError] during step: Create first project from main page\nMessage: [TimeoutError] during step: Wait for Create project popup disappear\nMessage: Locator.wait_for: Timeout 60ms exceeded.\nCall log:\n  - waiting for locator(\"h2\").filter(has_text=\"Create Project\") to be detached\n    3 × locator resolved to visible <h2 class=\"p-8 text-h4\">Create Project</h2>\n\nNote: Playwright Timeout. Element not found or action took too long.","statusTrace":"tests/reporting_hooks/reporting.py:49: in wrapper\n    result = await func(*args, **kwargs)\n             ^^^^^^^^^^^^^^^^^^^^^^^^^^^\ntests/test_cases/steps/ui_steps/page_steps_impl/create_proj_popup_steps.py:36: in ui_wait_to_disappear\n    await self._pm.create_proj_popup.wait_to_disappear(org_name=org_name)\ntests/components/ui/pages/create_project_popup.py:83: in wait_to_disappear\n    await self._get_create_proj_title().locator.wait_for(\n.venv/lib/python3.13/site-packages/playwright/async_api/_generated.py:17906: in wait_for\n    await self._impl_obj.wait_for(timeout=timeout, state=state)\n.venv/lib/python3.13/site-packages/playwright/_impl/_locator.py:692: in wait_for\n    await self._frame.wait_for_selector(\n.venv/lib/python3.13/site-packages/playwright/_impl/_frame.py:369: in wait_for_selector\n    await self._channel.send(\n.venv/lib/python3.13/site-packages/playwright/_impl/_connection.py:69: in send\n    return await self._connection.wrap_api_call(\n.venv/lib/python3.13/site-packages/playwright/_impl/_connection.py:559: in wrap_api_call\n    raise rewrite_error(error, f\"{parsed_st['apiName']}: {error}\") from None\nE   playwright._impl._errors.TimeoutError: Locator.wait_for: Timeout 60ms exceeded.\nE   Call log:\nE     - waiting for locator(\"h2\").filter(has_text=\"Create Project\") to be detached\nE       3 × locator resolved to visible <h2 class=\"p-8 text-h4\">Create Project</h2>\n\nThe above exception was the direct cause of the following exception:\ntests/reporting_hooks/reporting.py:49: in wrapper\n    result = await func(*args, **kwargs)\n             ^^^^^^^^^^^^^^^^^^^^^^^^^^^\ntests/test_cases/steps/ui_steps/ui_steps.py:247: in ui_create_first_proj_from_main_page\n    await self.create_proj_popup.ui_wait_to_disappear(org_name=org_name)\ntests/reporting_hooks/reporting.py:58: in wrapper\n    raise AssertionError(formatted_msg) from e\nE   AssertionError: [TimeoutError] during step: Wait for Create project popup disappear\nE   Message: Locator.wait_for: Timeout 60ms exceeded.\nE   Call log:\nE     - waiting for locator(\"h2\").filter(has_text=\"Create Project\") to be detached\nE       3 × locator resolved to visible <h2 class=\"p-8 text-h4\">Create Project</h2>\nE   \nE   Note: Playwright Timeout. Element not found or action took too long.\n\nThe above exception was the direct cause of the following exception:\ntests/test_cases/tests_ui/test_project_structure_setup.py:259: in test_invite_not_org_member_to_proj_via_ui\n    await steps.ui_create_first_proj_from_main_page(\ntests/reporting_hooks/reporting.py:58: in wrapper\n    raise AssertionError(formatted_msg) from e\nE   AssertionError: [AssertionError] during step: Create first project from main page\nE   Message: [TimeoutError] during step: Wait for Create project popup disappear\nE   Message: Locator.wait_for: Timeout 60ms exceeded.\nE   Call log:\nE     - waiting for locator(\"h2\").filter(has_text=\"Create Project\") to be detached\nE       3 × locator resolved to visible <h2 class=\"p-8 text-h4\">Create Project</h2>\nE   \nE   Note: Playwright Timeout. Element not found or action took too long.","steps":[{"name":"Login via UI","time":{"start":1764903029723,"stop":1764903039088,"duration":9365},"status":"passed","steps":[{"name":"Verify that Auth page displayed","time":{"start":1764903029723,"stop":1764903030809,"duration":1086},"status":"passed","steps":[],"attachments":[{"uid":"d9f0b1481e99f9a","name":"Page URL","source":"d9f0b1481e99f9a.txt","type":"text/plain","size":29},{"uid":"1a9429dfa92efb27","name":"HTTP 200 - GET config","source":"1a9429dfa92efb27.txt","type":"text/plain","size":673},{"uid":"1ea4707884a1c02c","name":"Screenshot: Verify that Auth page displayed (success)","source":"1ea4707884a1c02c.png","type":"image/png","size":88563}],"parameters":[],"shouldDisplayMessage":false,"stepsCount":0,"attachmentsCount":3,"hasContent":true,"attachmentStep":false},{"name":"Click login button","time":{"start":1764903030809,"stop":1764903031921,"duration":1112},"status":"passed","steps":[],"attachments":[{"uid":"3ff2f34f96a8e0c5","name":"Page URL","source":"3ff2f34f96a8e0c5.txt","type":"text/plain","size":33},{"uid":"ce3d8464107dfe37","name":"Screenshot: Click login button (success)","source":"ce3d8464107dfe37.png","type":"image/png","size":41885}],"parameters":[],"shouldDisplayMessage":false,"stepsCount":0,"attachmentsCount":2,"hasContent":true,"attachmentStep":false},{"name":"Verify that Login page displayed","time":{"start":1764903031921,"stop":1764903032020,"duration":99},"status":"passed","steps":[],"attachments":[{"uid":"174bca9d616109a8","name":"Page URL","source":"174bca9d616109a8.txt","type":"text/plain","size":215},{"uid":"e3988b731a6a8275","name":"Screenshot: Verify that Login page displayed (success)","source":"e3988b731a6a8275.png","type":"image/png","size":41838}],"parameters":[],"shouldDisplayMessage":false,"stepsCount":0,"attachmentsCount":2,"hasContent":true,"attachmentStep":false},{"name":"Enter email","time":{"start":1764903032020,"stop":1764903032339,"duration":319},"status":"passed","steps":[],"attachments":[{"uid":"925afce6ab8645dd","name":"Page URL","source":"925afce6ab8645dd.txt","type":"text/plain","size":215},{"uid":"74e06dfca6f4824f","name":"Screenshot: Enter email (success)","source":"74e06dfca6f4824f.png","type":"image/png","size":45975}],"parameters":[],"shouldDisplayMessage":false,"stepsCount":0,"attachmentsCount":2,"hasContent":true,"attachmentStep":false},{"name":"Enter password","time":{"start":1764903032339,"stop":1764903032656,"duration":317},"status":"passed","steps":[],"attachments":[{"uid":"f279311d55fc4522","name":"Page URL","source":"f279311d55fc4522.txt","type":"text/plain","size":215},{"uid":"c227bbd80d04b4f5","name":"Screenshot: Enter password (success)","source":"c227bbd80d04b4f5.png","type":"image/png","size":46101}],"parameters":[],"shouldDisplayMessage":false,"stepsCount":0,"attachmentsCount":2,"hasContent":true,"attachmentStep":false},{"name":"Click Continue button","time":{"start":1764903032656,"stop":1764903037907,"duration":5251},"status":"passed","steps":[],"attachments":[{"uid":"8136a4011d357f5f","name":"Page URL","source":"8136a4011d357f5f.txt","type":"text/plain","size":215},{"uid":"c9766f5a6592fb","name":"HTTP 200 - GET config","source":"c9766f5a6592fb.txt","type":"text/plain","size":771},{"uid":"f0008b03f724c275","name":"HTTP 200 - GET permissions?uri=blob:","source":"f0008b03f724c275.txt","type":"text/plain","size":182},{"uid":"500419c1781c2b6","name":"HTTP 200 - GET incoming","source":"500419c1781c2b6.txt","type":"text/plain","size":156},{"uid":"9480bbc5abefa17","name":"HTTP 200 - GET regression-i2fdns9ore?include=clusters&include=system_role","source":"9480bbc5abefa17.txt","type":"text/plain","size":407},{"uid":"951bd70bc323a883","name":"HTTP 200 - GET regression-i2fdns9ore?include=orgs","source":"951bd70bc323a883.txt","type":"text/plain","size":379},{"uid":"b4427fd97d2a386b","name":"Screenshot: Click Continue button (success)","source":"b4427fd97d2a386b.png","type":"image/png","size":159762}],"parameters":[],"shouldDisplayMessage":false,"stepsCount":0,"attachmentsCount":7,"hasContent":true,"attachmentStep":false},{"name":"Verify that Welcome new user page displayed","time":{"start":1764903037914,"stop":1764903039004,"duration":1090},"status":"passed","steps":[],"attachments":[{"uid":"206754cd5356fa0","name":"Page URL","source":"206754cd5356fa0.txt","type":"text/plain","size":44},{"uid":"db107c285475abd5","name":"Screenshot: Verify that Welcome new user page displayed (success)","source":"db107c285475abd5.png","type":"image/png","size":159762}],"parameters":[],"shouldDisplayMessage":false,"stepsCount":0,"attachmentsCount":2,"hasContent":true,"attachmentStep":false}],"attachments":[{"uid":"ff1b4d34e8d2e45d","name":"Page URL","source":"ff1b4d34e8d2e45d.txt","type":"text/plain","size":29},{"uid":"f1f671c4c34f1be0","name":"Screenshot: Login via UI (success)","source":"f1f671c4c34f1be0.png","type":"image/png","size":159762}],"parameters":[],"shouldDisplayMessage":false,"stepsCount":7,"attachmentsCount":22,"hasContent":true,"attachmentStep":false},{"name":"Add organization via API and reload page","time":{"start":1764903039088,"stop":1764903059206,"duration":20118},"status":"passed","steps":[{"name":"Reload page","time":{"start":1764903058338,"stop":1764903059139,"duration":801},"status":"passed","steps":[{"name":"Reload page","time":{"start":1764903058339,"stop":1764903059074,"duration":735},"status":"passed","steps":[],"attachments":[{"uid":"63cca2258ec8852b","name":"Page URL","source":"63cca2258ec8852b.txt","type":"text/plain","size":44},{"uid":"df793c827f5a4a56","name":"HTTP 200 - GET config","source":"df793c827f5a4a56.txt","type":"text/plain","size":2137},{"uid":"3cc51df4cb4383a0","name":"HTTP 200 - GET regression-i2fdns9ore?include=orgs","source":"3cc51df4cb4383a0.txt","type":"text/plain","size":474},{"uid":"125d6c54a2eac8aa","name":"HTTP 200 - GET permissions?uri=blob:","source":"125d6c54a2eac8aa.txt","type":"text/plain","size":255},{"uid":"8cfaa5369f190943","name":"HTTP 200 - GET incoming","source":"8cfaa5369f190943.txt","type":"text/plain","size":156},{"uid":"f0aa229f8074af61","name":"HTTP 200 - GET regression-i2fdns9ore?include=clusters&include=system_role","source":"f0aa229f8074af61.txt","type":"text/plain","size":529},{"uid":"1b9515ad10ce3858","name":"HTTP 200 - GET regression-org-k7hpyop96vtc","source":"1b9515ad10ce3858.txt","type":"text/plain","size":444},{"uid":"57c86c92940b78b1","name":"HTTP 200 - GET tags","source":"57c86c92940b78b1.txt","type":"text/plain","size":948},{"uid":"b8b9e48f78fdd12a","name":"Screenshot: Reload page (success)","source":"b8b9e48f78fdd12a.png","type":"image/png","size":58205}],"parameters":[],"shouldDisplayMessage":false,"stepsCount":0,"attachmentsCount":9,"hasContent":true,"attachmentStep":false}],"attachments":[{"uid":"fd6b5b654da9e8e2","name":"Page URL","source":"fd6b5b654da9e8e2.txt","type":"text/plain","size":44},{"uid":"ea495bc9e58a7604","name":"Screenshot: Reload page (success)","source":"ea495bc9e58a7604.png","type":"image/png","size":58205}],"parameters":[],"shouldDisplayMessage":false,"stepsCount":1,"attachmentsCount":11,"hasContent":true,"attachmentStep":false}],"attachments":[{"uid":"d75150db82484eba","name":"Page URL","source":"d75150db82484eba.txt","type":"text/plain","size":44},{"uid":"939408bc1bb161c2","name":"Screenshot: Add organization via API and reload page (success)","source":"939408bc1bb161c2.png","type":"image/png","size":58205}],"parameters":[],"shouldDisplayMessage":false,"stepsCount":2,"attachmentsCount":13,"hasContent":true,"attachmentStep":false},{"name":"Create first project from main page","time":{"start":1764903059206,"stop":1764903062899,"duration":3693},"status":"failed","statusMessage":"AssertionError: [AssertionError] during step: Create first project from main page\nMessage: [TimeoutError] during step: Wait for Create project popup disappear\nMessage: Locator.wait_for: Timeout 60ms exceeded.\nCall log:\n  - waiting for locator(\"h2\").filter(has_text=\"Create Project\") to be detached\n    3 × locator resolved to visible <h2 class=\"p-8 text-h4\">Create Project</h2>\n\nNote: Playwright Timeout. Element not found or action took too long.\n","statusTrace":"  File \"/home/runner/work/apolo-test-automation/apolo-test-automation/tests/reporting_hooks/reporting.py\", line 58, in wrapper\n    raise AssertionError(formatted_msg) from e\n","steps":[{"name":"Click Create project button on the main page","time":{"start":1764903059206,"stop":1764903060168,"duration":962},"status":"passed","steps":[],"attachments":[{"uid":"9768a5df7775561d","name":"Page URL","source":"9768a5df7775561d.txt","type":"text/plain","size":81},{"uid":"99dcc5e4d76cb365","name":"Screenshot: Click Create project button on the main page (success)","source":"99dcc5e4d76cb365.png","type":"image/png","size":79348}],"parameters":[],"shouldDisplayMessage":false,"stepsCount":0,"attachmentsCount":2,"hasContent":true,"attachmentStep":false},{"name":"Verify Create project popup displayed","time":{"start":1764903060168,"stop":1764903060265,"duration":97},"status":"passed","steps":[],"attachments":[{"uid":"21c91c7bbf9ea892","name":"Page URL","source":"21c91c7bbf9ea892.txt","type":"text/plain","size":81},{"uid":"a2d3c813ca31848f","name":"Screenshot: Verify Create project popup displayed (success)","source":"a2d3c813ca31848f.png","type":"image/png","size":79359}],"parameters":[],"shouldDisplayMessage":false,"stepsCount":0,"attachmentsCount":2,"hasContent":true,"attachmentStep":false},{"name":"Enter project name","time":{"start":1764903060265,"stop":1764903060600,"duration":335},"status":"passed","steps":[],"attachments":[{"uid":"4a661370a2e4487c","name":"Page URL","source":"4a661370a2e4487c.txt","type":"text/plain","size":81},{"uid":"5baa393d24cdf796","name":"Screenshot: Enter project name (success)","source":"5baa393d24cdf796.png","type":"image/png","size":83167}],"parameters":[],"shouldDisplayMessage":false,"stepsCount":0,"attachmentsCount":2,"hasContent":true,"attachmentStep":false},{"name":"Select user role","time":{"start":1764903060600,"stop":1764903060679,"duration":79},"status":"passed","steps":[],"attachments":[{"uid":"1552121f6b5d802f","name":"Page URL","source":"1552121f6b5d802f.txt","type":"text/plain","size":81},{"uid":"21d3586d188f54b1","name":"Screenshot: Select user role (success)","source":"21d3586d188f54b1.png","type":"image/png","size":83162}],"parameters":[],"shouldDisplayMessage":false,"stepsCount":0,"attachmentsCount":2,"hasContent":true,"attachmentStep":false},{"name":"Click Create button","time":{"start":1764903060679,"stop":1764903062665,"duration":1986},"status":"passed","steps":[],"attachments":[{"uid":"f9da98a60eed737a","name":"Page URL","source":"f9da98a60eed737a.txt","type":"text/plain","size":81},{"uid":"88fdd46ff7737a34","name":"HTTP 404 - GET regression-proj-ycfweemz2n","source":"88fdd46ff7737a34.txt","type":"text/plain","size":340},{"uid":"e4980067d9f8222c","name":"Screenshot: Click Create button (success)","source":"e4980067d9f8222c.png","type":"image/png","size":82079}],"parameters":[],"shouldDisplayMessage":false,"stepsCount":0,"attachmentsCount":3,"hasContent":true,"attachmentStep":false},{"name":"Wait for Create project popup disappear","time":{"start":1764903062666,"stop":1764903062815,"duration":149},"status":"failed","statusMessage":"AssertionError: [TimeoutError] during step: Wait for Create project popup disappear\nMessage: Locator.wait_for: Timeout 60ms exceeded.\nCall log:\n  - waiting for locator(\"h2\").filter(has_text=\"Create Project\") to be detached\n    3 × locator resolved to visible <h2 class=\"p-8 text-h4\">Create Project</h2>\n\nNote: Playwright Timeout. Element not found or action took too long.\n","statusTrace":"  File \"/home/runner/work/apolo-test-automation/apolo-test-automation/tests/reporting_hooks/reporting.py\", line 58, in wrapper\n    raise AssertionError(formatted_msg) from e\n","steps":[],"attachments":[{"uid":"ad6fc9235a9879cf","name":"Page URL","source":"ad6fc9235a9879cf.txt","type":"text/plain","size":81},{"uid":"3d9c8665b33a4313","name":"Screenshot: Wait for Create project popup disappear (fail)","source":"3d9c8665b33a4313.png","type":"image/png","size":82035}],"parameters":[],"shouldDisplayMessage":true,"stepsCount":0,"attachmentsCount":2,"hasContent":true,"attachmentStep":false}],"attachments":[{"uid":"b953d6aed91f0ef7","name":"Page URL","source":"b953d6aed91f0ef7.txt","type":"text/plain","size":81},{"uid":"cae0e824f8a85904","name":"Screenshot: Create first project from main page (fail)","source":"cae0e824f8a85904.png","type":"image/png","size":82015}],"parameters":[],"shouldDisplayMessage":true,"stepsCount":6,"attachmentsCount":15,"hasContent":true,"attachmentStep":false}],"attachments":[{"uid":"9e3835be72b9e99c","name":"log","source":"9e3835be72b9e99c.txt","type":"text/plain","size":21791}],"parameters":[],"shouldDisplayMessage":true,"stepsCount":18,"attachmentsCount":51,"hasContent":true,"attachmentStep":false},"afterStages":[{"name":"add_page_manager::finalizer","time":{"start":1764903063051,"stop":1764903063052,"duration":1},"status":"passed","steps":[],"attachments":[],"parameters":[],"shouldDisplayMessage":false,"stepsCount":0,"attachmentsCount":0,"hasContent":false,"attachmentStep":false},{"name":"setup_cleanup::finalizer","time":{"start":1764903063052,"stop":1764903063052,"duration":0},"status":"passed","steps":[],"attachments":[],"parameters":[],"shouldDisplayMessage":false,"stepsCount":0,"attachmentsCount":0,"hasContent":false,"attachmentStep":false},{"name":"setup_cleanup::finalizer","time":{"start":1764903063052,"stop":1764903070719,"duration":7667},"status":"passed","steps":[{"name":"Post-test cleanup","time":{"start":1764903063052,"stop":1764903070719,"duration":7667},"status":"passed","steps":[{"name":"Delete organisation: regression-org-k7hpyop96vtc","time":{"start":1764903069521,"stop":1764903070677,"duration":1156},"status":"passed","steps":[],"attachments":[],"parameters":[],"shouldDisplayMessage":false,"stepsCount":0,"attachmentsCount":0,"hasContent":false,"attachmentStep":false}],"attachments":[],"parameters":[],"shouldDisplayMessage":false,"stepsCount":1,"attachmentsCount":0,"hasContent":true,"attachmentStep":false}],"attachments":[],"parameters":[],"shouldDisplayMessage":false,"stepsCount":2,"attachmentsCount":0,"hasContent":true,"attachmentStep":false},{"name":"api_helper::finalizer","time":{"start":1764903070719,"stop":1764903070720,"duration":1},"status":"passed","steps":[],"attachments":[],"parameters":[],"shouldDisplayMessage":false,"stepsCount":0,"attachmentsCount":0,"hasContent":false,"attachmentStep":false},{"name":"_function_scoped_runner::0","time":{"start":1764903070720,"stop":1764903070721,"duration":1},"status":"passed","steps":[],"attachments":[],"parameters":[],"shouldDisplayMessage":false,"stepsCount":0,"attachmentsCount":0,"hasContent":false,"attachmentStep":false}],"labels":[{"name":"parentSuite","value":"UI Tests"},{"name":"suite","value":"UI Project Structure Setup"},{"name":"tag","value":"asyncio"},{"name":"subSuite","value":"TestUIProjectStructureSetup"},{"name":"host","value":"runnervmoqczp"},{"name":"thread","value":"3312-MainThread"},{"name":"framework","value":"pytest"},{"name":"language","value":"cpython3"},{"name":"package","value":"tests.test_cases.tests_ui.test_project_structure_setup"},{"name":"resultFormat","value":"allure2"}],"parameters":[],"links":[],"hidden":true,"retry":true,"extra":{"categories":[],"tags":["asyncio"]},"source":"685e2391ef3452de.json","parameterValues":[]}