{"uid":"6c4b945fd640167a","name":"Invite not registered user to organization with default project via UI","fullName":"tests.test_cases.tests_ui.test_ui_signup.TestUISignup#test_invite_not_registered_user_to_org_with_default_proj","historyId":"205044e1a315fe03fbd376342afa1037","time":{"start":1762483487042,"stop":1762483531174,"duration":44132},"description":"\n- Login with valid credentials.\n- Create new organization.\n- Create project with `default` option.\n- Invite **not registered** user to organization.\n\n### Verify that:\n\n- Newly invited user automatically is member of default project.\n","descriptionHtml":"<div style='line-height:1.6;'><ul>\n<li>Login with valid credentials.</li>\n<li>Create new organization.</li>\n<li>Create project with <span style='background-color:#D3D3D3; padding:2px 4px; border-radius:3px; font-family:monospace;'>default</span> option.</li>\n<li>Invite <strong>not registered</strong> user to organization.</li>\n</ul>\n<h3>Verify that:</h3>\n<ul>\n<li>Newly invited user automatically is member of default project.</li>\n</ul></div>","status":"failed","statusMessage":"AssertionError: [AssertionError] during step: Create first project from main page\nMessage: [TimeoutError] during step: Wait for Create project popup disappear\nMessage: Locator.wait_for: Timeout 60ms exceeded.\nCall log:\n  - waiting for locator(\"h2\").filter(has_text=\"Create Project\") to be detached\n    3 × locator resolved to visible <h2 class=\"p-8 text-h4\">Create Project</h2>\n\nNote: Playwright Timeout. Element not found or action took too long.","statusTrace":"tests/reporting_hooks/reporting.py:49: in wrapper\n    result = await func(*args, **kwargs)\n             ^^^^^^^^^^^^^^^^^^^^^^^^^^^\ntests/test_cases/steps/ui_steps/page_steps_impl/create_proj_popup_steps.py:36: in ui_wait_to_disappear\n    await self._pm.create_proj_popup.wait_to_disappear(org_name=org_name)\ntests/components/ui/pages/create_project_popup.py:83: in wait_to_disappear\n    await self._get_create_proj_title().locator.wait_for(\n.venv/lib/python3.13/site-packages/playwright/async_api/_generated.py:17876: in wait_for\n    await self._impl_obj.wait_for(timeout=timeout, state=state)\n.venv/lib/python3.13/site-packages/playwright/_impl/_locator.py:692: in wait_for\n    await self._frame.wait_for_selector(\n.venv/lib/python3.13/site-packages/playwright/_impl/_frame.py:369: in wait_for_selector\n    await self._channel.send(\n.venv/lib/python3.13/site-packages/playwright/_impl/_connection.py:69: in send\n    return await self._connection.wrap_api_call(\n.venv/lib/python3.13/site-packages/playwright/_impl/_connection.py:558: in wrap_api_call\n    raise rewrite_error(error, f\"{parsed_st['apiName']}: {error}\") from None\nE   playwright._impl._errors.TimeoutError: Locator.wait_for: Timeout 60ms exceeded.\nE   Call log:\nE     - waiting for locator(\"h2\").filter(has_text=\"Create Project\") to be detached\nE       3 × locator resolved to visible <h2 class=\"p-8 text-h4\">Create Project</h2>\n\nThe above exception was the direct cause of the following exception:\ntests/reporting_hooks/reporting.py:49: in wrapper\n    result = await func(*args, **kwargs)\n             ^^^^^^^^^^^^^^^^^^^^^^^^^^^\ntests/test_cases/steps/ui_steps/ui_steps.py:247: in ui_create_first_proj_from_main_page\n    await self.create_proj_popup.ui_wait_to_disappear(org_name=org_name)\ntests/reporting_hooks/reporting.py:58: in wrapper\n    raise AssertionError(formatted_msg) from e\nE   AssertionError: [TimeoutError] during step: Wait for Create project popup disappear\nE   Message: Locator.wait_for: Timeout 60ms exceeded.\nE   Call log:\nE     - waiting for locator(\"h2\").filter(has_text=\"Create Project\") to be detached\nE       3 × locator resolved to visible <h2 class=\"p-8 text-h4\">Create Project</h2>\nE   \nE   Note: Playwright Timeout. Element not found or action took too long.\n\nThe above exception was the direct cause of the following exception:\ntests/test_cases/tests_ui/test_ui_signup.py:145: in test_invite_not_registered_user_to_org_with_default_proj\n    await steps.ui_create_first_proj_from_main_page(\ntests/reporting_hooks/reporting.py:58: in wrapper\n    raise AssertionError(formatted_msg) from e\nE   AssertionError: [AssertionError] during step: Create first project from main page\nE   Message: [TimeoutError] during step: Wait for Create project popup disappear\nE   Message: Locator.wait_for: Timeout 60ms exceeded.\nE   Call log:\nE     - waiting for locator(\"h2\").filter(has_text=\"Create Project\") to be detached\nE       3 × locator resolved to visible <h2 class=\"p-8 text-h4\">Create Project</h2>\nE   \nE   Note: Playwright Timeout. Element not found or action took too long.","flaky":false,"newFailed":false,"newBroken":false,"newPassed":false,"retriesCount":1,"retriesStatusChange":false,"beforeStages":[{"name":"_verify_url","time":{"start":1762479094805,"stop":1762479094805,"duration":0},"status":"passed","steps":[],"attachments":[],"parameters":[],"shouldDisplayMessage":false,"stepsCount":0,"attachmentsCount":0,"hasContent":false,"attachmentStep":false},{"name":"event_loop_policy","time":{"start":1762479094805,"stop":1762479094806,"duration":1},"status":"passed","steps":[],"attachments":[],"parameters":[],"shouldDisplayMessage":false,"stepsCount":0,"attachmentsCount":0,"hasContent":false,"attachmentStep":false},{"name":"base_url","time":{"start":1762479094805,"stop":1762479094805,"duration":0},"status":"passed","steps":[],"attachments":[],"parameters":[],"shouldDisplayMessage":false,"stepsCount":0,"attachmentsCount":0,"hasContent":false,"attachmentStep":false},{"name":"delete_output_dir","time":{"start":1762479094806,"stop":1762479094806,"duration":0},"status":"passed","steps":[],"attachments":[],"parameters":[],"shouldDisplayMessage":false,"stepsCount":0,"attachmentsCount":0,"hasContent":false,"attachmentStep":false},{"name":"ensure_storage_directories","time":{"start":1762479094806,"stop":1762479094806,"duration":0},"status":"passed","steps":[],"attachments":[],"parameters":[],"shouldDisplayMessage":false,"stepsCount":0,"attachmentsCount":0,"hasContent":false,"attachmentStep":false},{"name":"delay_worker_start","time":{"start":1762479094806,"stop":1762479094806,"duration":0},"status":"passed","steps":[],"attachments":[],"parameters":[],"shouldDisplayMessage":false,"stepsCount":0,"attachmentsCount":0,"hasContent":false,"attachmentStep":false},{"name":"pytestconfig","time":{"start":1762479094806,"stop":1762479094806,"duration":0},"status":"passed","steps":[],"attachments":[],"parameters":[],"shouldDisplayMessage":false,"stepsCount":0,"attachmentsCount":0,"hasContent":false,"attachmentStep":false},{"name":"test_config","time":{"start":1762483486293,"stop":1762483486297,"duration":4},"status":"passed","steps":[],"attachments":[],"parameters":[],"shouldDisplayMessage":false,"stepsCount":0,"attachmentsCount":0,"hasContent":false,"attachmentStep":false},{"name":"_function_scoped_runner","time":{"start":1762483486297,"stop":1762483486297,"duration":0},"status":"passed","steps":[],"attachments":[],"parameters":[],"shouldDisplayMessage":false,"stepsCount":0,"attachmentsCount":0,"hasContent":false,"attachmentStep":false},{"name":"page_manager","time":{"start":1762483486297,"stop":1762483487039,"duration":742},"status":"passed","steps":[],"attachments":[],"parameters":[],"shouldDisplayMessage":false,"stepsCount":0,"attachmentsCount":0,"hasContent":false,"attachmentStep":false},{"name":"data_manager","time":{"start":1762483487039,"stop":1762483487040,"duration":1},"status":"passed","steps":[],"attachments":[],"parameters":[],"shouldDisplayMessage":false,"stepsCount":0,"attachmentsCount":0,"hasContent":false,"attachmentStep":false},{"name":"api_helper","time":{"start":1762483487040,"stop":1762483487040,"duration":0},"status":"passed","steps":[],"attachments":[],"parameters":[],"shouldDisplayMessage":false,"stepsCount":0,"attachmentsCount":0,"hasContent":false,"attachmentStep":false},{"name":"apolo_cli","time":{"start":1762483487040,"stop":1762483487040,"duration":0},"status":"passed","steps":[],"attachments":[],"parameters":[],"shouldDisplayMessage":false,"stepsCount":0,"attachmentsCount":0,"hasContent":false,"attachmentStep":false},{"name":"users_manager","time":{"start":1762483487040,"stop":1762483487040,"duration":0},"status":"passed","steps":[],"attachments":[],"parameters":[],"shouldDisplayMessage":false,"stepsCount":0,"attachmentsCount":0,"hasContent":false,"attachmentStep":false},{"name":"setup_cleanup","time":{"start":1762483487040,"stop":1762483487041,"duration":1},"status":"passed","steps":[],"attachments":[],"parameters":[],"shouldDisplayMessage":false,"stepsCount":0,"attachmentsCount":0,"hasContent":false,"attachmentStep":false},{"name":"add_page_manager","time":{"start":1762483487041,"stop":1762483487041,"duration":0},"status":"passed","steps":[],"attachments":[],"parameters":[],"shouldDisplayMessage":false,"stepsCount":0,"attachmentsCount":0,"hasContent":false,"attachmentStep":false},{"name":"_inject_fixtures","time":{"start":1762483487041,"stop":1762483487041,"duration":0},"status":"passed","steps":[],"attachments":[],"parameters":[],"shouldDisplayMessage":false,"stepsCount":0,"attachmentsCount":0,"hasContent":false,"attachmentStep":false},{"name":"setup","time":{"start":1762483487041,"stop":1762483487041,"duration":0},"status":"passed","steps":[],"attachments":[],"parameters":[],"shouldDisplayMessage":false,"stepsCount":0,"attachmentsCount":0,"hasContent":false,"attachmentStep":false}],"testStage":{"description":"\n- Login with valid credentials.\n- Create new organization.\n- Create project with `default` option.\n- Invite **not registered** user to organization.\n\n### Verify that:\n\n- Newly invited user automatically is member of default project.\n","descriptionHtml":"<div style='line-height:1.6;'><ul>\n<li>Login with valid credentials.</li>\n<li>Create new organization.</li>\n<li>Create project with <span style='background-color:#D3D3D3; padding:2px 4px; border-radius:3px; font-family:monospace;'>default</span> option.</li>\n<li>Invite <strong>not registered</strong> user to organization.</li>\n</ul>\n<h3>Verify that:</h3>\n<ul>\n<li>Newly invited user automatically is member of default project.</li>\n</ul></div>","status":"failed","statusMessage":"AssertionError: [AssertionError] during step: Create first project from main page\nMessage: [TimeoutError] during step: Wait for Create project popup disappear\nMessage: Locator.wait_for: Timeout 60ms exceeded.\nCall log:\n  - waiting for locator(\"h2\").filter(has_text=\"Create Project\") to be detached\n    3 × locator resolved to visible <h2 class=\"p-8 text-h4\">Create Project</h2>\n\nNote: Playwright Timeout. Element not found or action took too long.","statusTrace":"tests/reporting_hooks/reporting.py:49: in wrapper\n    result = await func(*args, **kwargs)\n             ^^^^^^^^^^^^^^^^^^^^^^^^^^^\ntests/test_cases/steps/ui_steps/page_steps_impl/create_proj_popup_steps.py:36: in ui_wait_to_disappear\n    await self._pm.create_proj_popup.wait_to_disappear(org_name=org_name)\ntests/components/ui/pages/create_project_popup.py:83: in wait_to_disappear\n    await self._get_create_proj_title().locator.wait_for(\n.venv/lib/python3.13/site-packages/playwright/async_api/_generated.py:17876: in wait_for\n    await self._impl_obj.wait_for(timeout=timeout, state=state)\n.venv/lib/python3.13/site-packages/playwright/_impl/_locator.py:692: in wait_for\n    await self._frame.wait_for_selector(\n.venv/lib/python3.13/site-packages/playwright/_impl/_frame.py:369: in wait_for_selector\n    await self._channel.send(\n.venv/lib/python3.13/site-packages/playwright/_impl/_connection.py:69: in send\n    return await self._connection.wrap_api_call(\n.venv/lib/python3.13/site-packages/playwright/_impl/_connection.py:558: in wrap_api_call\n    raise rewrite_error(error, f\"{parsed_st['apiName']}: {error}\") from None\nE   playwright._impl._errors.TimeoutError: Locator.wait_for: Timeout 60ms exceeded.\nE   Call log:\nE     - waiting for locator(\"h2\").filter(has_text=\"Create Project\") to be detached\nE       3 × locator resolved to visible <h2 class=\"p-8 text-h4\">Create Project</h2>\n\nThe above exception was the direct cause of the following exception:\ntests/reporting_hooks/reporting.py:49: in wrapper\n    result = await func(*args, **kwargs)\n             ^^^^^^^^^^^^^^^^^^^^^^^^^^^\ntests/test_cases/steps/ui_steps/ui_steps.py:247: in ui_create_first_proj_from_main_page\n    await self.create_proj_popup.ui_wait_to_disappear(org_name=org_name)\ntests/reporting_hooks/reporting.py:58: in wrapper\n    raise AssertionError(formatted_msg) from e\nE   AssertionError: [TimeoutError] during step: Wait for Create project popup disappear\nE   Message: Locator.wait_for: Timeout 60ms exceeded.\nE   Call log:\nE     - waiting for locator(\"h2\").filter(has_text=\"Create Project\") to be detached\nE       3 × locator resolved to visible <h2 class=\"p-8 text-h4\">Create Project</h2>\nE   \nE   Note: Playwright Timeout. Element not found or action took too long.\n\nThe above exception was the direct cause of the following exception:\ntests/test_cases/tests_ui/test_ui_signup.py:145: in test_invite_not_registered_user_to_org_with_default_proj\n    await steps.ui_create_first_proj_from_main_page(\ntests/reporting_hooks/reporting.py:58: in wrapper\n    raise AssertionError(formatted_msg) from e\nE   AssertionError: [AssertionError] during step: Create first project from main page\nE   Message: [TimeoutError] during step: Wait for Create project popup disappear\nE   Message: Locator.wait_for: Timeout 60ms exceeded.\nE   Call log:\nE     - waiting for locator(\"h2\").filter(has_text=\"Create Project\") to be detached\nE       3 × locator resolved to visible <h2 class=\"p-8 text-h4\">Create Project</h2>\nE   \nE   Note: Playwright Timeout. Element not found or action took too long.","steps":[{"name":"Login via UI","time":{"start":1762483487042,"stop":1762483502682,"duration":15640},"status":"passed","steps":[{"name":"Verify that Auth page displayed","time":{"start":1762483487043,"stop":1762483487557,"duration":514},"status":"passed","steps":[],"attachments":[{"uid":"6c59db8017ceba0b","name":"Page URL","source":"6c59db8017ceba0b.txt","type":"text/plain","size":29},{"uid":"7fa525abd263e34f","name":"HTTP 200 - GET config","source":"7fa525abd263e34f.txt","type":"text/plain","size":673},{"uid":"cb3538be1be75a4a","name":"Screenshot: Verify that Auth page displayed (success)","source":"cb3538be1be75a4a.png","type":"image/png","size":88563}],"parameters":[],"shouldDisplayMessage":false,"stepsCount":0,"attachmentsCount":3,"hasContent":true,"attachmentStep":false},{"name":"Click login button","time":{"start":1762483487557,"stop":1762483488485,"duration":928},"status":"passed","steps":[],"attachments":[{"uid":"122ceba23613be6a","name":"Page URL","source":"122ceba23613be6a.txt","type":"text/plain","size":33},{"uid":"79ff4419623f57af","name":"Screenshot: Click login button (success)","source":"79ff4419623f57af.png","type":"image/png","size":88570}],"parameters":[],"shouldDisplayMessage":false,"stepsCount":0,"attachmentsCount":2,"hasContent":true,"attachmentStep":false},{"name":"Verify that Login page displayed","time":{"start":1762483488486,"stop":1762483488652,"duration":166},"status":"passed","steps":[],"attachments":[{"uid":"913a4c6c62f53bc4","name":"Page URL","source":"913a4c6c62f53bc4.txt","type":"text/plain","size":215},{"uid":"4f994dae7e4eaf7f","name":"Screenshot: Verify that Login page displayed (success)","source":"4f994dae7e4eaf7f.png","type":"image/png","size":41852}],"parameters":[],"shouldDisplayMessage":false,"stepsCount":0,"attachmentsCount":2,"hasContent":true,"attachmentStep":false},{"name":"Enter email","time":{"start":1762483488652,"stop":1762483488984,"duration":332},"status":"passed","steps":[],"attachments":[{"uid":"d705a387df018d53","name":"Page URL","source":"d705a387df018d53.txt","type":"text/plain","size":215},{"uid":"9ed47732d3bcc398","name":"Screenshot: Enter email (success)","source":"9ed47732d3bcc398.png","type":"image/png","size":46605}],"parameters":[],"shouldDisplayMessage":false,"stepsCount":0,"attachmentsCount":2,"hasContent":true,"attachmentStep":false},{"name":"Enter password","time":{"start":1762483488984,"stop":1762483489317,"duration":333},"status":"passed","steps":[],"attachments":[{"uid":"c0498478b49bbb2e","name":"Page URL","source":"c0498478b49bbb2e.txt","type":"text/plain","size":215},{"uid":"9a8fafa09d1b2fac","name":"Screenshot: Enter password (success)","source":"9a8fafa09d1b2fac.png","type":"image/png","size":46729}],"parameters":[],"shouldDisplayMessage":false,"stepsCount":0,"attachmentsCount":2,"hasContent":true,"attachmentStep":false},{"name":"Click Continue button","time":{"start":1762483489317,"stop":1762483501500,"duration":12183},"status":"passed","steps":[],"attachments":[{"uid":"52f3d26c44dd7a1b","name":"Page URL","source":"52f3d26c44dd7a1b.txt","type":"text/plain","size":215},{"uid":"d97729af1e73a6b3","name":"HTTP 200 - GET config","source":"d97729af1e73a6b3.txt","type":"text/plain","size":771},{"uid":"5af49e83ff2fba30","name":"HTTP 200 - GET permissions?uri=blob:","source":"5af49e83ff2fba30.txt","type":"text/plain","size":182},{"uid":"1ab2423d26928bcc","name":"HTTP 200 - GET incoming","source":"1ab2423d26928bcc.txt","type":"text/plain","size":156},{"uid":"66cbe10253b5df9e","name":"HTTP 200 - GET regression-854cg2j9mh?include=orgs","source":"66cbe10253b5df9e.txt","type":"text/plain","size":379},{"uid":"a88f4149723508","name":"HTTP 200 - GET regression-854cg2j9mh?include=clusters&include=system_role","source":"a88f4149723508.txt","type":"text/plain","size":407},{"uid":"28435887d38e07a6","name":"Screenshot: Click Continue button (success)","source":"28435887d38e07a6.png","type":"image/png","size":161270}],"parameters":[],"shouldDisplayMessage":false,"stepsCount":0,"attachmentsCount":7,"hasContent":true,"attachmentStep":false},{"name":"Verify that Welcome new user page displayed","time":{"start":1762483501509,"stop":1762483502599,"duration":1090},"status":"passed","steps":[],"attachments":[{"uid":"74e1569e98e41c11","name":"Page URL","source":"74e1569e98e41c11.txt","type":"text/plain","size":44},{"uid":"3fc3e1716fedb54e","name":"Screenshot: Verify that Welcome new user page displayed (success)","source":"3fc3e1716fedb54e.png","type":"image/png","size":161270}],"parameters":[],"shouldDisplayMessage":false,"stepsCount":0,"attachmentsCount":2,"hasContent":true,"attachmentStep":false}],"attachments":[{"uid":"58974362e0dcc3d7","name":"Page URL","source":"58974362e0dcc3d7.txt","type":"text/plain","size":29},{"uid":"dd487b5b7fdc2713","name":"Screenshot: Login via UI (success)","source":"dd487b5b7fdc2713.png","type":"image/png","size":161270}],"parameters":[],"shouldDisplayMessage":false,"stepsCount":7,"attachmentsCount":22,"hasContent":true,"attachmentStep":false},{"name":"Add organization via API and reload page","time":{"start":1762483503510,"stop":1762483527734,"duration":24224},"status":"passed","steps":[{"name":"Reload page","time":{"start":1762483526395,"stop":1762483527653,"duration":1258},"status":"passed","steps":[{"name":"Reload page","time":{"start":1762483526395,"stop":1762483527569,"duration":1174},"status":"passed","steps":[],"attachments":[{"uid":"64de38de99fc175e","name":"Page URL","source":"64de38de99fc175e.txt","type":"text/plain","size":44},{"uid":"1a9cd3cf33b38225","name":"HTTP 200 - GET config","source":"1a9cd3cf33b38225.txt","type":"text/plain","size":2137},{"uid":"13538696fabfa573","name":"HTTP 200 - GET incoming","source":"13538696fabfa573.txt","type":"text/plain","size":156},{"uid":"6c58d8a68169469d","name":"HTTP 200 - GET regression-854cg2j9mh?include=clusters&include=system_role","source":"6c58d8a68169469d.txt","type":"text/plain","size":529},{"uid":"e4d184c30caee479","name":"HTTP 200 - GET permissions?uri=blob:","source":"e4d184c30caee479.txt","type":"text/plain","size":255},{"uid":"de6e4d55a1dd3ad8","name":"HTTP 200 - GET regression-org-1h6zzas5qq9s","source":"de6e4d55a1dd3ad8.txt","type":"text/plain","size":444},{"uid":"2843e9ac85bfa34","name":"HTTP 200 - GET regression-854cg2j9mh?include=orgs","source":"2843e9ac85bfa34.txt","type":"text/plain","size":474},{"uid":"57eaf1bf11aac17b","name":"HTTP 200 - GET tags","source":"57eaf1bf11aac17b.txt","type":"text/plain","size":878},{"uid":"2f24fea42bc624d9","name":"Screenshot: Reload page (success)","source":"2f24fea42bc624d9.png","type":"image/png","size":58021}],"parameters":[],"shouldDisplayMessage":false,"stepsCount":0,"attachmentsCount":9,"hasContent":true,"attachmentStep":false}],"attachments":[{"uid":"a894aeeee1c411c9","name":"Page URL","source":"a894aeeee1c411c9.txt","type":"text/plain","size":44},{"uid":"67eaf011f86f762b","name":"Screenshot: Reload page (success)","source":"67eaf011f86f762b.png","type":"image/png","size":58021}],"parameters":[],"shouldDisplayMessage":false,"stepsCount":1,"attachmentsCount":11,"hasContent":true,"attachmentStep":false}],"attachments":[{"uid":"7e35ac277a31a850","name":"Page URL","source":"7e35ac277a31a850.txt","type":"text/plain","size":44},{"uid":"8893ecf123e9dd7e","name":"HTTP 200 - GET config","source":"8893ecf123e9dd7e.txt","type":"text/plain","size":673},{"uid":"1cf89f6f2f8128c3","name":"Screenshot: Add organization via API and reload page (success)","source":"1cf89f6f2f8128c3.png","type":"image/png","size":58021}],"parameters":[],"shouldDisplayMessage":false,"stepsCount":2,"attachmentsCount":14,"hasContent":true,"attachmentStep":false},{"name":"Create first project from main page","time":{"start":1762483527734,"stop":1762483531173,"duration":3439},"status":"failed","statusMessage":"AssertionError: [AssertionError] during step: Create first project from main page\nMessage: [TimeoutError] during step: Wait for Create project popup disappear\nMessage: Locator.wait_for: Timeout 60ms exceeded.\nCall log:\n  - waiting for locator(\"h2\").filter(has_text=\"Create Project\") to be detached\n    3 × locator resolved to visible <h2 class=\"p-8 text-h4\">Create Project</h2>\n\nNote: Playwright Timeout. Element not found or action took too long.\n","statusTrace":"  File \"/home/runner/work/apolo-test-automation/apolo-test-automation/tests/reporting_hooks/reporting.py\", line 58, in wrapper\n    raise AssertionError(formatted_msg) from e\n","steps":[{"name":"Click Create project button on the main page","time":{"start":1762483527734,"stop":1762483528691,"duration":957},"status":"passed","steps":[],"attachments":[{"uid":"1fd71ab0994b2051","name":"Page URL","source":"1fd71ab0994b2051.txt","type":"text/plain","size":81},{"uid":"e31c1d205bfa70c4","name":"Screenshot: Click Create project button on the main page (success)","source":"e31c1d205bfa70c4.png","type":"image/png","size":79996}],"parameters":[],"shouldDisplayMessage":false,"stepsCount":0,"attachmentsCount":2,"hasContent":true,"attachmentStep":false},{"name":"Verify Create project popup displayed","time":{"start":1762483528691,"stop":1762483528823,"duration":132},"status":"passed","steps":[],"attachments":[{"uid":"97cad188aec4d185","name":"Page URL","source":"97cad188aec4d185.txt","type":"text/plain","size":81},{"uid":"3e05b98b5184e992","name":"Screenshot: Verify Create project popup displayed (success)","source":"3e05b98b5184e992.png","type":"image/png","size":80010}],"parameters":[],"shouldDisplayMessage":false,"stepsCount":0,"attachmentsCount":2,"hasContent":true,"attachmentStep":false},{"name":"Enter project name","time":{"start":1762483528823,"stop":1762483529175,"duration":352},"status":"passed","steps":[],"attachments":[{"uid":"fcc82e5fd4517b2e","name":"Page URL","source":"fcc82e5fd4517b2e.txt","type":"text/plain","size":81},{"uid":"afbdb7a333b80d6","name":"Screenshot: Enter project name (success)","source":"afbdb7a333b80d6.png","type":"image/png","size":83347}],"parameters":[],"shouldDisplayMessage":false,"stepsCount":0,"attachmentsCount":2,"hasContent":true,"attachmentStep":false},{"name":"Select user role","time":{"start":1762483529175,"stop":1762483529274,"duration":99},"status":"passed","steps":[],"attachments":[{"uid":"c40df249cd268243","name":"Page URL","source":"c40df249cd268243.txt","type":"text/plain","size":81},{"uid":"15528b341d947937","name":"Screenshot: Select user role (success)","source":"15528b341d947937.png","type":"image/png","size":83347}],"parameters":[],"shouldDisplayMessage":false,"stepsCount":0,"attachmentsCount":2,"hasContent":true,"attachmentStep":false},{"name":"Click project default checkbox","time":{"start":1762483529275,"stop":1762483529925,"duration":650},"status":"passed","steps":[],"attachments":[{"uid":"e372edf7bd62eae8","name":"Page URL","source":"e372edf7bd62eae8.txt","type":"text/plain","size":81},{"uid":"fd4ebab9773d599a","name":"HTTP 404 - GET regression-proj-zucbiqn2tr","source":"fd4ebab9773d599a.txt","type":"text/plain","size":340},{"uid":"8dbd7d493b179873","name":"Screenshot: Click project default checkbox (success)","source":"8dbd7d493b179873.png","type":"image/png","size":83378}],"parameters":[],"shouldDisplayMessage":false,"stepsCount":0,"attachmentsCount":3,"hasContent":true,"attachmentStep":false},{"name":"Click Create button","time":{"start":1762483529925,"stop":1762483530890,"duration":965},"status":"passed","steps":[],"attachments":[{"uid":"9795e9360451e8ed","name":"Page URL","source":"9795e9360451e8ed.txt","type":"text/plain","size":81},{"uid":"4cf7ea1089a2e012","name":"Screenshot: Click Create button (success)","source":"4cf7ea1089a2e012.png","type":"image/png","size":82432}],"parameters":[],"shouldDisplayMessage":false,"stepsCount":0,"attachmentsCount":2,"hasContent":true,"attachmentStep":false},{"name":"Wait for Create project popup disappear","time":{"start":1762483530890,"stop":1762483531059,"duration":169},"status":"failed","statusMessage":"AssertionError: [TimeoutError] during step: Wait for Create project popup disappear\nMessage: Locator.wait_for: Timeout 60ms exceeded.\nCall log:\n  - waiting for locator(\"h2\").filter(has_text=\"Create Project\") to be detached\n    3 × locator resolved to visible <h2 class=\"p-8 text-h4\">Create Project</h2>\n\nNote: Playwright Timeout. Element not found or action took too long.\n","statusTrace":"  File \"/home/runner/work/apolo-test-automation/apolo-test-automation/tests/reporting_hooks/reporting.py\", line 58, in wrapper\n    raise AssertionError(formatted_msg) from e\n","steps":[],"attachments":[{"uid":"3ba6981975dd7378","name":"Page URL","source":"3ba6981975dd7378.txt","type":"text/plain","size":81},{"uid":"268a2fda26a1410f","name":"Screenshot: Wait for Create project popup disappear (fail)","source":"268a2fda26a1410f.png","type":"image/png","size":82368}],"parameters":[],"shouldDisplayMessage":true,"stepsCount":0,"attachmentsCount":2,"hasContent":true,"attachmentStep":false}],"attachments":[{"uid":"f73d09b0e67acb8f","name":"Page URL","source":"f73d09b0e67acb8f.txt","type":"text/plain","size":81},{"uid":"8805fe1788c3930d","name":"Screenshot: Create first project from main page (fail)","source":"8805fe1788c3930d.png","type":"image/png","size":82295}],"parameters":[],"shouldDisplayMessage":true,"stepsCount":7,"attachmentsCount":17,"hasContent":true,"attachmentStep":false}],"attachments":[{"uid":"ca2dbc32d035626f","name":"log","source":"ca2dbc32d035626f.txt","type":"text/plain","size":63455}],"parameters":[],"shouldDisplayMessage":true,"stepsCount":19,"attachmentsCount":54,"hasContent":true,"attachmentStep":false},"afterStages":[{"name":"add_page_manager::finalizer","time":{"start":1762483531435,"stop":1762483531435,"duration":0},"status":"passed","steps":[],"attachments":[],"parameters":[],"shouldDisplayMessage":false,"stepsCount":0,"attachmentsCount":0,"hasContent":false,"attachmentStep":false},{"name":"setup_cleanup::finalizer","time":{"start":1762483531436,"stop":1762483531436,"duration":0},"status":"passed","steps":[],"attachments":[],"parameters":[],"shouldDisplayMessage":false,"stepsCount":0,"attachmentsCount":0,"hasContent":false,"attachmentStep":false},{"name":"setup_cleanup::finalizer","time":{"start":1762483531436,"stop":1762483536958,"duration":5522},"status":"passed","steps":[{"name":"Post-test cleanup","time":{"start":1762483531436,"stop":1762483536958,"duration":5522},"status":"passed","steps":[{"name":"Delete organisation: regression-org-1h6zzas5qq9s","time":{"start":1762483536281,"stop":1762483536867,"duration":586},"status":"passed","steps":[{"name":"Delete project: regression-proj-zucbiqn2tr","time":{"start":1762483536355,"stop":1762483536522,"duration":167},"status":"passed","steps":[],"attachments":[{"uid":"ddc58637ebe3287c","name":"HTTP 200 - GET config","source":"ddc58637ebe3287c.txt","type":"text/plain","size":2137}],"parameters":[],"shouldDisplayMessage":false,"stepsCount":0,"attachmentsCount":1,"hasContent":true,"attachmentStep":false}],"attachments":[{"uid":"f66ca324efcda303","name":"HTTP 200 - GET templates?page=1&size=50","source":"f66ca324efcda303.txt","type":"text/plain","size":2161}],"parameters":[],"shouldDisplayMessage":false,"stepsCount":1,"attachmentsCount":2,"hasContent":true,"attachmentStep":false}],"attachments":[{"uid":"15efc8e483106335","name":"HTTP 201 - POST projects","source":"15efc8e483106335.txt","type":"text/plain","size":467},{"uid":"643f4def8b4a1c88","name":"HTTP 200 - GET instances?org=regression-org-1h6zzas5qq9s&project=regression-proj-zucbiqn2tr&cluster=default&size=100","source":"643f4def8b4a1c88.txt","type":"text/plain","size":290},{"uid":"79b41520aeac0e0c","name":"HTTP 200 - GET templates","source":"79b41520aeac0e0c.txt","type":"text/plain","size":2146}],"parameters":[],"shouldDisplayMessage":false,"stepsCount":2,"attachmentsCount":5,"hasContent":true,"attachmentStep":false}],"attachments":[],"parameters":[],"shouldDisplayMessage":false,"stepsCount":3,"attachmentsCount":5,"hasContent":true,"attachmentStep":false},{"name":"api_helper::finalizer","time":{"start":1762483536959,"stop":1762483536960,"duration":1},"status":"passed","steps":[],"attachments":[],"parameters":[],"shouldDisplayMessage":false,"stepsCount":0,"attachmentsCount":0,"hasContent":false,"attachmentStep":false},{"name":"_function_scoped_runner::0","time":{"start":1762483536960,"stop":1762483536961,"duration":1},"status":"passed","steps":[],"attachments":[],"parameters":[],"shouldDisplayMessage":false,"stepsCount":0,"attachmentsCount":0,"hasContent":false,"attachmentStep":false}],"labels":[{"name":"parentSuite","value":"UI Tests"},{"name":"suite","value":"UI Signup"},{"name":"tag","value":"asyncio"},{"name":"subSuite","value":"TestUISignup"},{"name":"host","value":"runnervmf2e7y"},{"name":"thread","value":"3569-MainThread"},{"name":"framework","value":"pytest"},{"name":"language","value":"cpython3"},{"name":"package","value":"tests.test_cases.tests_ui.test_ui_signup"},{"name":"resultFormat","value":"allure2"}],"parameters":[],"links":[],"hidden":false,"retry":false,"extra":{"severity":"normal","retries":[{"uid":"b7a98ba4bb45dbf9","status":"failed","statusDetails":"AssertionError: [AssertionError] during step: Create first project from main page\nMessage: [TimeoutError] during step: Wait for Create project popup disappear\nMessage: Locator.wait_for: Timeout 60ms exceeded.\nCall log:\n  - waiting for locator(\"h2\").filter(has_text=\"Create Project\") to be detached\n    3 × locator resolved to visible <h2 class=\"p-8 text-h4\">Create Project</h2>\n\nNote: Playwright Timeout. Element not found or action took too long.","time":{"start":1762483435128,"stop":1762483471081,"duration":35953}}],"categories":[{"name":"Product defects","matchedStatuses":[],"flaky":false}],"history":{"statistic":{"failed":16,"broken":0,"skipped":0,"passed":84,"unknown":0,"total":100},"items":[{"uid":"7ac4095a3f47b5ec","status":"failed","statusDetails":"AssertionError: [AssertionError] during step: Create first project from main page\nMessage: [TimeoutError] during step: Wait for Create project popup disappear\nMessage: Locator.wait_for: Timeout 60ms exceeded.\nCall log:\n  - waiting for locator(\"h2\").filter(has_text=\"Create Project\") to be detached\n    3 × locator resolved to visible <h2 class=\"p-8 text-h4\">Create Project</h2>\n\nNote: Playwright Timeout. Element not found or action took too long.","time":{"start":1762396473401,"stop":1762396499800,"duration":26399}},{"uid":"5561c2e89b888f8c","status":"failed","statusDetails":"AssertionError: [AssertionError] during step: Create first project from main page\nMessage: [TimeoutError] during step: Wait for Create project popup disappear\nMessage: Locator.wait_for: Timeout 60ms exceeded.\nCall log:\n  - waiting for locator(\"h2\").filter(has_text=\"Create Project\") to be detached\n    3 × locator resolved to visible <h2 class=\"p-8 text-h4\">Create Project</h2>\n\nNote: Playwright Timeout. Element not found or action took too long.","time":{"start":1762311019255,"stop":1762311073568,"duration":54313}},{"uid":"d809a0742598e949","status":"failed","statusDetails":"AssertionError: [AssertionError] during step: Create first project from main page\nMessage: [TimeoutError] during step: Wait for Create project popup disappear\nMessage: Locator.wait_for: Timeout 60ms exceeded.\nCall log:\n  - waiting for locator(\"h2\").filter(has_text=\"Create Project\") to be detached\n    3 × locator resolved to visible <h2 class=\"p-8 text-h4\">Create Project</h2>\n\nNote: Playwright Timeout. Element not found or action took too long.","time":{"start":1762225577456,"stop":1762225609933,"duration":32477}},{"uid":"f5f72b9a9999a9b7","status":"failed","statusDetails":"AssertionError: [AssertionError] during step: Login via UI\nMessage: [AssertionError] during step: Verify that Welcome new user page displayed\nMessage: Locator expected to be visible\nActual value: <element(s) not found> \nCall log:\n  - Expect \"to_be_visible\" with timeout 5000ms\n  - waiting for locator(\"h3.truncate.text-h3\").filter(has_text=\"Welcome, regression-illnoz6hdk@apolo.us\")","time":{"start":1762135684610,"stop":1762135705976,"duration":21366}},{"uid":"336c19455ec29cda","status":"failed","statusDetails":"AssertionError: [AssertionError] during step: Create first project from main page\nMessage: [TimeoutError] during step: Wait for Create project popup disappear\nMessage: Locator.wait_for: Timeout 60ms exceeded.\nCall log:\n  - waiting for locator(\"h2\").filter(has_text=\"Create Project\") to be detached\n    3 × locator resolved to visible <h2 class=\"p-8 text-h4\">Create Project</h2>\n\nNote: Playwright Timeout. Element not found or action took too long.","time":{"start":1762053426999,"stop":1762053461253,"duration":34254}},{"uid":"a4bd2999c91bd8e3","status":"failed","statusDetails":"AssertionError: [AssertionError] during step: Create first project from main page\nMessage: [TimeoutError] during step: Wait for Create project popup disappear\nMessage: Locator.wait_for: Timeout 60ms exceeded.\nCall log:\n  - waiting for locator(\"h2\").filter(has_text=\"Create Project\") to be detached\n    3 × locator resolved to visible <h2 class=\"p-8 text-h4\">Create Project</h2>\n\nNote: Playwright Timeout. Element not found or action took too long.","time":{"start":1761966448579,"stop":1761966484391,"duration":35812}},{"uid":"5b791d24df503514","status":"failed","statusDetails":"AssertionError: [AssertionError] during step: Login via UI\nMessage: [AssertionError] during step: Verify that Welcome new user page displayed\nMessage: Locator expected to be visible\nActual value: <element(s) not found> \nCall log:\n  - Expect \"to_be_visible\" with timeout 5000ms\n  - waiting for locator(\"h3.truncate.text-h3\").filter(has_text=\"Welcome, regression-u2rki5qmmm@apolo.us\")","time":{"start":1761880700464,"stop":1761880711493,"duration":11029}},{"uid":"32a3b3b260f80866","status":"failed","statusDetails":"AssertionError: [AssertionError] during step: Create first project from main page\nMessage: [TimeoutError] during step: Wait for Create project popup disappear\nMessage: Locator.wait_for: Timeout 60ms exceeded.\nCall log:\n  - waiting for locator(\"h2\").filter(has_text=\"Create Project\") to be detached\n    3 × locator resolved to visible <h2 class=\"p-8 text-h4\">Create Project</h2>\n\nNote: Playwright Timeout. Element not found or action took too long.","time":{"start":1761793960152,"stop":1761793990290,"duration":30138}},{"uid":"6912c051e505ce8e","status":"failed","statusDetails":"AssertionError: [AssertionError] during step: Login via UI\nMessage: [AssertionError] during step: Verify that Welcome new user page displayed\nMessage: Locator expected to be visible\nActual value: <element(s) not found> \nCall log:\n  - Expect \"to_be_visible\" with timeout 5000ms\n  - waiting for locator(\"h3.truncate.text-h3\").filter(has_text=\"Welcome, regression-9oenju5xz8@apolo.us\")","time":{"start":1761707736195,"stop":1761707853585,"duration":117390}},{"uid":"f2496081181afd25","status":"failed","statusDetails":"AssertionError: [AssertionError] during step: Create first project from main page\nMessage: [TimeoutError] during step: Wait for Create project popup disappear\nMessage: Locator.wait_for: Timeout 60ms exceeded.\nCall log:\n  - waiting for locator(\"h2\").filter(has_text=\"Create Project\") to be detached\n    3 × locator resolved to visible <h2 class=\"p-8 text-h4\">Create Project</h2>\n\nNote: Playwright Timeout. Element not found or action took too long.","time":{"start":1761622246764,"stop":1761622287533,"duration":40769}},{"uid":"77d5edc80a6e729d","status":"failed","statusDetails":"AssertionError: [AssertionError] during step: Create first project from main page\nMessage: [TimeoutError] during step: Wait for Create project popup disappear\nMessage: Locator.wait_for: Timeout 60ms exceeded.\nCall log:\n  - waiting for locator(\"h2\").filter(has_text=\"Create Project\") to be detached\n    3 × locator resolved to visible <h2 class=\"p-8 text-h4\">Create Project</h2>\n\nNote: Playwright Timeout. Element not found or action took too long.","time":{"start":1761599438307,"stop":1761599474930,"duration":36623}},{"uid":"7ade715aacd6ff0","status":"failed","statusDetails":"AssertionError: [AssertionError] during step: Create first project from main page\nMessage: [TimeoutError] during step: Wait for Create project popup disappear\nMessage: Locator.wait_for: Timeout 60ms exceeded.\nCall log:\n  - waiting for locator(\"h2\").filter(has_text=\"Create Project\") to be detached\n    3 × locator resolved to visible <h2 class=\"p-8 text-h4\">Create Project</h2>\n\nNote: Playwright Timeout. Element not found or action took too long.","time":{"start":1761571285365,"stop":1761571325455,"duration":40090}},{"uid":"dacbab7975e96e44","status":"passed","time":{"start":1759550847397,"stop":1759550982809,"duration":135412}},{"uid":"8925b7ea0e6de53c","status":"passed","time":{"start":1759464384337,"stop":1759464468711,"duration":84374}},{"uid":"40aac97df80c64a1","status":"failed","statusDetails":"AssertionError: [AssertionError] during step: Create first project from main page\nMessage: [TimeoutError] during step: Wait for Create project popup disappear\nMessage: Locator.wait_for: Timeout 30000ms exceeded.\nCall log:\n  - waiting for locator(\"h2\").filter(has_text=\"Create Project\") to be detached\n    65 × locator resolved to visible <h2 class=\"p-8 text-h4\">Create Project</h2>\n\nNote: Playwright Timeout. Element not found or action took too long.","time":{"start":1759381030863,"stop":1759381090244,"duration":59381}},{"uid":"d47d46e44efc28da","status":"passed","time":{"start":1759288548576,"stop":1759288630549,"duration":81973}},{"uid":"cd0b268d2b668e2a","status":"passed","time":{"start":1759202105283,"stop":1759202180776,"duration":75493}},{"uid":"f8e588d3b9d660d9","status":"passed","time":{"start":1759159875668,"stop":1759159953882,"duration":78214}},{"uid":"547a4e1856b55f81","status":"passed","time":{"start":1759116429645,"stop":1759116497876,"duration":68231}},{"uid":"c1cb73dc3d30da3f","status":"passed","time":{"start":1759030126851,"stop":1759030214832,"duration":87981}}]},"tags":["asyncio"]},"source":"6c4b945fd640167a.json","parameterValues":[]}