{"uid":"6d46a6f648effe5d","name":"Invite not registered user to project via UI","fullName":"tests.test_cases.tests_ui.test_project_structure_setup.TestUIProjectStructureSetup#test_invite_not_registered_to_proj_via_ui","historyId":"ce8d1af4e980f4180f818bd2dd3406fa","time":{"start":1760845927791,"stop":1760845954269,"duration":26478},"description":"\n- Login with valid credentials.\n- Create new organization via **API**.\n- Create new project.\n\n### Verify that:\n\n- User **cannot** invite to project another user which is **not registered**.\n","descriptionHtml":"<div style='line-height:1.6;'><ul>\n<li>Login with valid credentials.</li>\n<li>Create new organization via <strong>API</strong>.</li>\n<li>Create new project.</li>\n</ul>\n<h3>Verify that:</h3>\n<ul>\n<li>User <strong>cannot</strong> invite to project another user which is <strong>not registered</strong>.</li>\n</ul></div>","status":"failed","statusMessage":"AssertionError: [AssertionError] during step: Create first project from main page\nMessage: [TimeoutError] during step: Wait for Create project popup disappear\nMessage: Locator.wait_for: Timeout 60ms exceeded.\nCall log:\n  - waiting for locator(\"h2\").filter(has_text=\"Create Project\") to be detached\n    3 × locator resolved to visible <h2 class=\"p-8 text-h4\">Create Project</h2>\n\nNote: Playwright Timeout. Element not found or action took too long.","statusTrace":"tests/reporting_hooks/reporting.py:49: in wrapper\n    result = await func(*args, **kwargs)\n             ^^^^^^^^^^^^^^^^^^^^^^^^^^^\ntests/test_cases/steps/ui_steps/page_steps_impl/create_proj_popup_steps.py:36: in ui_wait_to_disappear\n    await self._pm.create_proj_popup.wait_to_disappear(org_name=org_name)\ntests/components/ui/pages/create_project_popup.py:83: in wait_to_disappear\n    await self._get_create_proj_title().locator.wait_for(\n.venv/lib/python3.13/site-packages/playwright/async_api/_generated.py:17876: in wait_for\n    await self._impl_obj.wait_for(timeout=timeout, state=state)\n.venv/lib/python3.13/site-packages/playwright/_impl/_locator.py:692: in wait_for\n    await self._frame.wait_for_selector(\n.venv/lib/python3.13/site-packages/playwright/_impl/_frame.py:369: in wait_for_selector\n    await self._channel.send(\n.venv/lib/python3.13/site-packages/playwright/_impl/_connection.py:69: in send\n    return await self._connection.wrap_api_call(\n.venv/lib/python3.13/site-packages/playwright/_impl/_connection.py:558: in wrap_api_call\n    raise rewrite_error(error, f\"{parsed_st['apiName']}: {error}\") from None\nE   playwright._impl._errors.TimeoutError: Locator.wait_for: Timeout 60ms exceeded.\nE   Call log:\nE     - waiting for locator(\"h2\").filter(has_text=\"Create Project\") to be detached\nE       3 × locator resolved to visible <h2 class=\"p-8 text-h4\">Create Project</h2>\n\nThe above exception was the direct cause of the following exception:\ntests/reporting_hooks/reporting.py:49: in wrapper\n    result = await func(*args, **kwargs)\n             ^^^^^^^^^^^^^^^^^^^^^^^^^^^\ntests/test_cases/steps/ui_steps/ui_steps.py:245: in ui_create_first_proj_from_main_page\n    await self.create_proj_popup.ui_wait_to_disappear(org_name=org_name)\ntests/reporting_hooks/reporting.py:58: in wrapper\n    raise AssertionError(formatted_msg) from e\nE   AssertionError: [TimeoutError] during step: Wait for Create project popup disappear\nE   Message: Locator.wait_for: Timeout 60ms exceeded.\nE   Call log:\nE     - waiting for locator(\"h2\").filter(has_text=\"Create Project\") to be detached\nE       3 × locator resolved to visible <h2 class=\"p-8 text-h4\">Create Project</h2>\nE   \nE   Note: Playwright Timeout. Element not found or action took too long.\n\nThe above exception was the direct cause of the following exception:\ntests/test_cases/tests_ui/test_project_structure_setup.py:309: in test_invite_not_registered_to_proj_via_ui\n    await steps.ui_create_first_proj_from_main_page(\ntests/reporting_hooks/reporting.py:58: in wrapper\n    raise AssertionError(formatted_msg) from e\nE   AssertionError: [AssertionError] during step: Create first project from main page\nE   Message: [TimeoutError] during step: Wait for Create project popup disappear\nE   Message: Locator.wait_for: Timeout 60ms exceeded.\nE   Call log:\nE     - waiting for locator(\"h2\").filter(has_text=\"Create Project\") to be detached\nE       3 × locator resolved to visible <h2 class=\"p-8 text-h4\">Create Project</h2>\nE   \nE   Note: Playwright Timeout. Element not found or action took too long.","flaky":false,"newFailed":false,"newBroken":false,"newPassed":false,"retriesCount":0,"retriesStatusChange":false,"beforeStages":[{"name":"event_loop_policy","time":{"start":1760837510073,"stop":1760837510074,"duration":1},"status":"passed","steps":[],"attachments":[],"parameters":[],"shouldDisplayMessage":false,"stepsCount":0,"attachmentsCount":0,"hasContent":false,"attachmentStep":false},{"name":"_verify_url","time":{"start":1760837510073,"stop":1760837510073,"duration":0},"status":"passed","steps":[],"attachments":[],"parameters":[],"shouldDisplayMessage":false,"stepsCount":0,"attachmentsCount":0,"hasContent":false,"attachmentStep":false},{"name":"pytestconfig","time":{"start":1760837510073,"stop":1760837510073,"duration":0},"status":"passed","steps":[],"attachments":[],"parameters":[],"shouldDisplayMessage":false,"stepsCount":0,"attachmentsCount":0,"hasContent":false,"attachmentStep":false},{"name":"delete_output_dir","time":{"start":1760837510073,"stop":1760837510073,"duration":0},"status":"passed","steps":[],"attachments":[],"parameters":[],"shouldDisplayMessage":false,"stepsCount":0,"attachmentsCount":0,"hasContent":false,"attachmentStep":false},{"name":"base_url","time":{"start":1760837510073,"stop":1760837510073,"duration":0},"status":"passed","steps":[],"attachments":[],"parameters":[],"shouldDisplayMessage":false,"stepsCount":0,"attachmentsCount":0,"hasContent":false,"attachmentStep":false},{"name":"delay_worker_start","time":{"start":1760837510074,"stop":1760837525074,"duration":15000},"status":"passed","steps":[],"attachments":[],"parameters":[],"shouldDisplayMessage":false,"stepsCount":0,"attachmentsCount":0,"hasContent":false,"attachmentStep":false},{"name":"ensure_storage_directories","time":{"start":1760837525074,"stop":1760837525075,"duration":1},"status":"passed","steps":[],"attachments":[],"parameters":[],"shouldDisplayMessage":false,"stepsCount":0,"attachmentsCount":0,"hasContent":false,"attachmentStep":false},{"name":"test_config","time":{"start":1760845925313,"stop":1760845925316,"duration":3},"status":"passed","steps":[],"attachments":[],"parameters":[],"shouldDisplayMessage":false,"stepsCount":0,"attachmentsCount":0,"hasContent":false,"attachmentStep":false},{"name":"page_manager","time":{"start":1760845925316,"stop":1760845927787,"duration":2471},"status":"passed","steps":[],"attachments":[{"uid":"fff5c798681fd91f","name":"HTTP 200 - GET config","source":"fff5c798681fd91f.txt","type":"text/plain","size":673}],"parameters":[],"shouldDisplayMessage":false,"stepsCount":0,"attachmentsCount":1,"hasContent":true,"attachmentStep":false},{"name":"_function_scoped_runner","time":{"start":1760845925316,"stop":1760845925316,"duration":0},"status":"passed","steps":[],"attachments":[],"parameters":[],"shouldDisplayMessage":false,"stepsCount":0,"attachmentsCount":0,"hasContent":false,"attachmentStep":false},{"name":"data_manager","time":{"start":1760845927787,"stop":1760845927788,"duration":1},"status":"passed","steps":[],"attachments":[],"parameters":[],"shouldDisplayMessage":false,"stepsCount":0,"attachmentsCount":0,"hasContent":false,"attachmentStep":false},{"name":"users_manager","time":{"start":1760845927788,"stop":1760845927788,"duration":0},"status":"passed","steps":[],"attachments":[],"parameters":[],"shouldDisplayMessage":false,"stepsCount":0,"attachmentsCount":0,"hasContent":false,"attachmentStep":false},{"name":"api_helper","time":{"start":1760845927788,"stop":1760845927788,"duration":0},"status":"passed","steps":[],"attachments":[],"parameters":[],"shouldDisplayMessage":false,"stepsCount":0,"attachmentsCount":0,"hasContent":false,"attachmentStep":false},{"name":"apolo_cli","time":{"start":1760845927789,"stop":1760845927789,"duration":0},"status":"passed","steps":[],"attachments":[],"parameters":[],"shouldDisplayMessage":false,"stepsCount":0,"attachmentsCount":0,"hasContent":false,"attachmentStep":false},{"name":"setup_cleanup","time":{"start":1760845927789,"stop":1760845927789,"duration":0},"status":"passed","steps":[],"attachments":[],"parameters":[],"shouldDisplayMessage":false,"stepsCount":0,"attachmentsCount":0,"hasContent":false,"attachmentStep":false},{"name":"add_page_manager","time":{"start":1760845927789,"stop":1760845927790,"duration":1},"status":"passed","steps":[],"attachments":[],"parameters":[],"shouldDisplayMessage":false,"stepsCount":0,"attachmentsCount":0,"hasContent":false,"attachmentStep":false},{"name":"setup","time":{"start":1760845927790,"stop":1760845927790,"duration":0},"status":"passed","steps":[],"attachments":[],"parameters":[],"shouldDisplayMessage":false,"stepsCount":0,"attachmentsCount":0,"hasContent":false,"attachmentStep":false},{"name":"_inject_fixtures","time":{"start":1760845927790,"stop":1760845927790,"duration":0},"status":"passed","steps":[],"attachments":[],"parameters":[],"shouldDisplayMessage":false,"stepsCount":0,"attachmentsCount":0,"hasContent":false,"attachmentStep":false}],"testStage":{"description":"\n- Login with valid credentials.\n- Create new organization via **API**.\n- Create new project.\n\n### Verify that:\n\n- User **cannot** invite to project another user which is **not registered**.\n","descriptionHtml":"<div style='line-height:1.6;'><ul>\n<li>Login with valid credentials.</li>\n<li>Create new organization via <strong>API</strong>.</li>\n<li>Create new project.</li>\n</ul>\n<h3>Verify that:</h3>\n<ul>\n<li>User <strong>cannot</strong> invite to project another user which is <strong>not registered</strong>.</li>\n</ul></div>","status":"failed","statusMessage":"AssertionError: [AssertionError] during step: Create first project from main page\nMessage: [TimeoutError] during step: Wait for Create project popup disappear\nMessage: Locator.wait_for: Timeout 60ms exceeded.\nCall log:\n  - waiting for locator(\"h2\").filter(has_text=\"Create Project\") to be detached\n    3 × locator resolved to visible <h2 class=\"p-8 text-h4\">Create Project</h2>\n\nNote: Playwright Timeout. Element not found or action took too long.","statusTrace":"tests/reporting_hooks/reporting.py:49: in wrapper\n    result = await func(*args, **kwargs)\n             ^^^^^^^^^^^^^^^^^^^^^^^^^^^\ntests/test_cases/steps/ui_steps/page_steps_impl/create_proj_popup_steps.py:36: in ui_wait_to_disappear\n    await self._pm.create_proj_popup.wait_to_disappear(org_name=org_name)\ntests/components/ui/pages/create_project_popup.py:83: in wait_to_disappear\n    await self._get_create_proj_title().locator.wait_for(\n.venv/lib/python3.13/site-packages/playwright/async_api/_generated.py:17876: in wait_for\n    await self._impl_obj.wait_for(timeout=timeout, state=state)\n.venv/lib/python3.13/site-packages/playwright/_impl/_locator.py:692: in wait_for\n    await self._frame.wait_for_selector(\n.venv/lib/python3.13/site-packages/playwright/_impl/_frame.py:369: in wait_for_selector\n    await self._channel.send(\n.venv/lib/python3.13/site-packages/playwright/_impl/_connection.py:69: in send\n    return await self._connection.wrap_api_call(\n.venv/lib/python3.13/site-packages/playwright/_impl/_connection.py:558: in wrap_api_call\n    raise rewrite_error(error, f\"{parsed_st['apiName']}: {error}\") from None\nE   playwright._impl._errors.TimeoutError: Locator.wait_for: Timeout 60ms exceeded.\nE   Call log:\nE     - waiting for locator(\"h2\").filter(has_text=\"Create Project\") to be detached\nE       3 × locator resolved to visible <h2 class=\"p-8 text-h4\">Create Project</h2>\n\nThe above exception was the direct cause of the following exception:\ntests/reporting_hooks/reporting.py:49: in wrapper\n    result = await func(*args, **kwargs)\n             ^^^^^^^^^^^^^^^^^^^^^^^^^^^\ntests/test_cases/steps/ui_steps/ui_steps.py:245: in ui_create_first_proj_from_main_page\n    await self.create_proj_popup.ui_wait_to_disappear(org_name=org_name)\ntests/reporting_hooks/reporting.py:58: in wrapper\n    raise AssertionError(formatted_msg) from e\nE   AssertionError: [TimeoutError] during step: Wait for Create project popup disappear\nE   Message: Locator.wait_for: Timeout 60ms exceeded.\nE   Call log:\nE     - waiting for locator(\"h2\").filter(has_text=\"Create Project\") to be detached\nE       3 × locator resolved to visible <h2 class=\"p-8 text-h4\">Create Project</h2>\nE   \nE   Note: Playwright Timeout. Element not found or action took too long.\n\nThe above exception was the direct cause of the following exception:\ntests/test_cases/tests_ui/test_project_structure_setup.py:309: in test_invite_not_registered_to_proj_via_ui\n    await steps.ui_create_first_proj_from_main_page(\ntests/reporting_hooks/reporting.py:58: in wrapper\n    raise AssertionError(formatted_msg) from e\nE   AssertionError: [AssertionError] during step: Create first project from main page\nE   Message: [TimeoutError] during step: Wait for Create project popup disappear\nE   Message: Locator.wait_for: Timeout 60ms exceeded.\nE   Call log:\nE     - waiting for locator(\"h2\").filter(has_text=\"Create Project\") to be detached\nE       3 × locator resolved to visible <h2 class=\"p-8 text-h4\">Create Project</h2>\nE   \nE   Note: Playwright Timeout. Element not found or action took too long.","steps":[{"name":"Login via UI","time":{"start":1760845927791,"stop":1760845933869,"duration":6078},"status":"passed","steps":[{"name":"Click login button","time":{"start":1760845927791,"stop":1760845929106,"duration":1315},"status":"passed","steps":[],"attachments":[{"uid":"77bb65812f331bfc","name":"Page URL","source":"77bb65812f331bfc.txt","type":"text/plain","size":33},{"uid":"8179b233c4079837","name":"Screenshot: Click login button (success)","source":"8179b233c4079837.png","type":"image/png","size":41961}],"parameters":[],"shouldDisplayMessage":false,"stepsCount":0,"attachmentsCount":2,"hasContent":true,"attachmentStep":false},{"name":"Enter email","time":{"start":1760845929106,"stop":1760845929444,"duration":338},"status":"passed","steps":[],"attachments":[{"uid":"f2d0672ae7adb148","name":"Page URL","source":"f2d0672ae7adb148.txt","type":"text/plain","size":215},{"uid":"89d756d96f56781e","name":"Screenshot: Enter email (success)","source":"89d756d96f56781e.png","type":"image/png","size":46027}],"parameters":[],"shouldDisplayMessage":false,"stepsCount":0,"attachmentsCount":2,"hasContent":true,"attachmentStep":false},{"name":"Enter password","time":{"start":1760845929445,"stop":1760845929802,"duration":357},"status":"passed","steps":[],"attachments":[{"uid":"253be875000880f9","name":"Page URL","source":"253be875000880f9.txt","type":"text/plain","size":215},{"uid":"a227dc0acc254a1b","name":"Screenshot: Enter password (success)","source":"a227dc0acc254a1b.png","type":"image/png","size":46151}],"parameters":[],"shouldDisplayMessage":false,"stepsCount":0,"attachmentsCount":2,"hasContent":true,"attachmentStep":false},{"name":"Click Continue button","time":{"start":1760845929802,"stop":1760845932658,"duration":2856},"status":"passed","steps":[],"attachments":[{"uid":"a340a31181ad97db","name":"Page URL","source":"a340a31181ad97db.txt","type":"text/plain","size":215},{"uid":"fdbace85a43bb7df","name":"HTTP 200 - GET config","source":"fdbace85a43bb7df.txt","type":"text/plain","size":771},{"uid":"e82813d5fa99cf56","name":"HTTP 200 - GET incoming","source":"e82813d5fa99cf56.txt","type":"text/plain","size":156},{"uid":"c0d008847b87133a","name":"HTTP 200 - GET regression-anghcyy3fz?include=orgs","source":"c0d008847b87133a.txt","type":"text/plain","size":379},{"uid":"15772fc254cba807","name":"HTTP 200 - GET regression-anghcyy3fz?include=clusters&include=system_role","source":"15772fc254cba807.txt","type":"text/plain","size":407},{"uid":"2b5a7db21ff749cf","name":"HTTP 200 - GET permissions?uri=blob:","source":"2b5a7db21ff749cf.txt","type":"text/plain","size":182},{"uid":"cf7354ebb8df8c05","name":"Screenshot: Click Continue button (success)","source":"cf7354ebb8df8c05.png","type":"image/png","size":159565}],"parameters":[],"shouldDisplayMessage":false,"stepsCount":0,"attachmentsCount":7,"hasContent":true,"attachmentStep":false},{"name":"Verify that Welcome new user page displayed","time":{"start":1760845932674,"stop":1760845933775,"duration":1101},"status":"passed","steps":[],"attachments":[{"uid":"ec7051f97e066bf4","name":"Page URL","source":"ec7051f97e066bf4.txt","type":"text/plain","size":44},{"uid":"535f8ead6b93754e","name":"Screenshot: Verify that Welcome new user page displayed (success)","source":"535f8ead6b93754e.png","type":"image/png","size":159565}],"parameters":[],"shouldDisplayMessage":false,"stepsCount":0,"attachmentsCount":2,"hasContent":true,"attachmentStep":false}],"attachments":[{"uid":"233d8162e5668502","name":"Page URL","source":"233d8162e5668502.txt","type":"text/plain","size":33},{"uid":"c3ae4900eeacf525","name":"Screenshot: Login via UI (success)","source":"c3ae4900eeacf525.png","type":"image/png","size":159565}],"parameters":[],"shouldDisplayMessage":false,"stepsCount":5,"attachmentsCount":17,"hasContent":true,"attachmentStep":false},{"name":"Add organization via API and reload page","time":{"start":1760845933869,"stop":1760845951403,"duration":17534},"status":"passed","steps":[{"name":"Reload page","time":{"start":1760845943835,"stop":1760845951319,"duration":7484},"status":"passed","steps":[],"attachments":[{"uid":"a91300dfa4b4fee0","name":"Page URL","source":"a91300dfa4b4fee0.txt","type":"text/plain","size":44},{"uid":"665433d5a21c48dd","name":"HTTP 200 - GET config","source":"665433d5a21c48dd.txt","type":"text/plain","size":2137},{"uid":"2d53ee37c9dd9d2b","name":"HTTP 200 - GET permissions?uri=blob:","source":"2d53ee37c9dd9d2b.txt","type":"text/plain","size":255},{"uid":"fa4f030c694850db","name":"HTTP 200 - GET incoming","source":"fa4f030c694850db.txt","type":"text/plain","size":156},{"uid":"7081fa15fb2648d8","name":"HTTP 200 - GET regression-org-rxj4gmllrjxk","source":"7081fa15fb2648d8.txt","type":"text/plain","size":444},{"uid":"6b39a8a79935d8e0","name":"HTTP 200 - GET regression-anghcyy3fz?include=clusters&include=system_role","source":"6b39a8a79935d8e0.txt","type":"text/plain","size":529},{"uid":"ca7d49674b89ec1c","name":"HTTP 200 - GET regression-anghcyy3fz?include=orgs","source":"ca7d49674b89ec1c.txt","type":"text/plain","size":474},{"uid":"2175ce23824fa6f2","name":"HTTP 200 - GET tags","source":"2175ce23824fa6f2.txt","type":"text/plain","size":867},{"uid":"258dcd69927232dc","name":"Screenshot: Reload page (success)","source":"258dcd69927232dc.png","type":"image/png","size":56096}],"parameters":[],"shouldDisplayMessage":false,"stepsCount":0,"attachmentsCount":9,"hasContent":true,"attachmentStep":false}],"attachments":[{"uid":"ab7f0d098ca4ed78","name":"Page URL","source":"ab7f0d098ca4ed78.txt","type":"text/plain","size":44},{"uid":"c18690b3b8e5b715","name":"Screenshot: Add organization via API and reload page (success)","source":"c18690b3b8e5b715.png","type":"image/png","size":56096}],"parameters":[],"shouldDisplayMessage":false,"stepsCount":1,"attachmentsCount":11,"hasContent":true,"attachmentStep":false},{"name":"Create first project from main page","time":{"start":1760845951403,"stop":1760845954267,"duration":2864},"status":"failed","statusMessage":"AssertionError: [AssertionError] during step: Create first project from main page\nMessage: [TimeoutError] during step: Wait for Create project popup disappear\nMessage: Locator.wait_for: Timeout 60ms exceeded.\nCall log:\n  - waiting for locator(\"h2\").filter(has_text=\"Create Project\") to be detached\n    3 × locator resolved to visible <h2 class=\"p-8 text-h4\">Create Project</h2>\n\nNote: Playwright Timeout. Element not found or action took too long.\n","statusTrace":"  File \"/home/runner/work/apolo-test-automation/apolo-test-automation/tests/reporting_hooks/reporting.py\", line 58, in wrapper\n    raise AssertionError(formatted_msg) from e\n","steps":[{"name":"Click Create project button on the main page","time":{"start":1760845951403,"stop":1760845952393,"duration":990},"status":"passed","steps":[],"attachments":[{"uid":"5d5cffe303a7d5d5","name":"Page URL","source":"5d5cffe303a7d5d5.txt","type":"text/plain","size":81},{"uid":"8bb5f61b7e30002f","name":"Screenshot: Click Create project button on the main page (success)","source":"8bb5f61b7e30002f.png","type":"image/png","size":74201}],"parameters":[],"shouldDisplayMessage":false,"stepsCount":0,"attachmentsCount":2,"hasContent":true,"attachmentStep":false},{"name":"Verify Create project popup displayed","time":{"start":1760845952393,"stop":1760845952524,"duration":131},"status":"passed","steps":[],"attachments":[{"uid":"6fefb0d28b75919b","name":"Page URL","source":"6fefb0d28b75919b.txt","type":"text/plain","size":81},{"uid":"c9ca75ffcdcd40db","name":"Screenshot: Verify Create project popup displayed (success)","source":"c9ca75ffcdcd40db.png","type":"image/png","size":74222}],"parameters":[],"shouldDisplayMessage":false,"stepsCount":0,"attachmentsCount":2,"hasContent":true,"attachmentStep":false},{"name":"Enter project name","time":{"start":1760845952524,"stop":1760845952891,"duration":367},"status":"passed","steps":[],"attachments":[{"uid":"699245dcd9783303","name":"Page URL","source":"699245dcd9783303.txt","type":"text/plain","size":81},{"uid":"399af0b3e240df59","name":"Screenshot: Enter project name (success)","source":"399af0b3e240df59.png","type":"image/png","size":77894}],"parameters":[],"shouldDisplayMessage":false,"stepsCount":0,"attachmentsCount":2,"hasContent":true,"attachmentStep":false},{"name":"Select user role","time":{"start":1760845952891,"stop":1760845952991,"duration":100},"status":"passed","steps":[],"attachments":[{"uid":"ca3e8a65bcc4bb49","name":"Page URL","source":"ca3e8a65bcc4bb49.txt","type":"text/plain","size":81},{"uid":"a54e23e6c78b9c8d","name":"Screenshot: Select user role (success)","source":"a54e23e6c78b9c8d.png","type":"image/png","size":77894}],"parameters":[],"shouldDisplayMessage":false,"stepsCount":0,"attachmentsCount":2,"hasContent":true,"attachmentStep":false},{"name":"Click Create button","time":{"start":1760845952991,"stop":1760845953962,"duration":971},"status":"passed","steps":[],"attachments":[{"uid":"671e0368864b33a9","name":"Page URL","source":"671e0368864b33a9.txt","type":"text/plain","size":81},{"uid":"81ad039ce896de7e","name":"HTTP 404 - GET regression-proj-d1qqv4ias9","source":"81ad039ce896de7e.txt","type":"text/plain","size":340},{"uid":"559d6a8fda9d6c40","name":"Screenshot: Click Create button (success)","source":"559d6a8fda9d6c40.png","type":"image/png","size":76858}],"parameters":[],"shouldDisplayMessage":false,"stepsCount":0,"attachmentsCount":3,"hasContent":true,"attachmentStep":false},{"name":"Wait for Create project popup disappear","time":{"start":1760845953962,"stop":1760845954153,"duration":191},"status":"failed","statusMessage":"AssertionError: [TimeoutError] during step: Wait for Create project popup disappear\nMessage: Locator.wait_for: Timeout 60ms exceeded.\nCall log:\n  - waiting for locator(\"h2\").filter(has_text=\"Create Project\") to be detached\n    3 × locator resolved to visible <h2 class=\"p-8 text-h4\">Create Project</h2>\n\nNote: Playwright Timeout. Element not found or action took too long.\n","statusTrace":"  File \"/home/runner/work/apolo-test-automation/apolo-test-automation/tests/reporting_hooks/reporting.py\", line 58, in wrapper\n    raise AssertionError(formatted_msg) from e\n","steps":[],"attachments":[{"uid":"1af66c90377080a5","name":"Page URL","source":"1af66c90377080a5.txt","type":"text/plain","size":81},{"uid":"50bab7082f811696","name":"Screenshot: Wait for Create project popup disappear (fail)","source":"50bab7082f811696.png","type":"image/png","size":76790}],"parameters":[],"shouldDisplayMessage":true,"stepsCount":0,"attachmentsCount":2,"hasContent":true,"attachmentStep":false}],"attachments":[{"uid":"4053e11880189d7f","name":"Page URL","source":"4053e11880189d7f.txt","type":"text/plain","size":81},{"uid":"739ce75d4921b993","name":"Screenshot: Create first project from main page (fail)","source":"739ce75d4921b993.png","type":"image/png","size":76716}],"parameters":[],"shouldDisplayMessage":true,"stepsCount":6,"attachmentsCount":15,"hasContent":true,"attachmentStep":false}],"attachments":[{"uid":"279062cd86ba77c9","name":"log","source":"279062cd86ba77c9.txt","type":"text/plain","size":27879}],"parameters":[],"shouldDisplayMessage":true,"stepsCount":15,"attachmentsCount":44,"hasContent":true,"attachmentStep":false},"afterStages":[{"name":"setup_cleanup::finalizer","time":{"start":1760845954437,"stop":1760845954438,"duration":1},"status":"passed","steps":[],"attachments":[],"parameters":[],"shouldDisplayMessage":false,"stepsCount":0,"attachmentsCount":0,"hasContent":false,"attachmentStep":false},{"name":"add_page_manager::finalizer","time":{"start":1760845954437,"stop":1760845954437,"duration":0},"status":"passed","steps":[],"attachments":[],"parameters":[],"shouldDisplayMessage":false,"stepsCount":0,"attachmentsCount":0,"hasContent":false,"attachmentStep":false},{"name":"setup_cleanup::finalizer","time":{"start":1760845954438,"stop":1760845968326,"duration":13888},"status":"passed","steps":[{"name":"Post-test cleanup","time":{"start":1760845954438,"stop":1760845968326,"duration":13888},"status":"passed","steps":[{"name":"Delete organisation: regression-org-rxj4gmllrjxk","time":{"start":1760845958087,"stop":1760845962276,"duration":4189},"status":"passed","steps":[],"attachments":[{"uid":"15526e3102f0be11","name":"HTTP 201 - POST projects","source":"15526e3102f0be11.txt","type":"text/plain","size":444}],"parameters":[],"shouldDisplayMessage":false,"stepsCount":0,"attachmentsCount":1,"hasContent":true,"attachmentStep":false}],"attachments":[{"uid":"8f371e60db4bf4a8","name":"HTTP 200 - GET config","source":"8f371e60db4bf4a8.txt","type":"text/plain","size":2137},{"uid":"ac63b47587e2bde8","name":"HTTP 200 - GET templates","source":"ac63b47587e2bde8.txt","type":"text/plain","size":2146},{"uid":"6e69062d5fd8db41","name":"HTTP 200 - GET instances?org=regression-org-rxj4gmllrjxk&project=regression-proj-d1qqv4ias9&cluster=default&size=100","source":"6e69062d5fd8db41.txt","type":"text/plain","size":290},{"uid":"d21dedbbad0a9627","name":"HTTP 200 - GET templates?page=1&size=50","source":"d21dedbbad0a9627.txt","type":"text/plain","size":2161}],"parameters":[],"shouldDisplayMessage":false,"stepsCount":1,"attachmentsCount":5,"hasContent":true,"attachmentStep":false}],"attachments":[],"parameters":[],"shouldDisplayMessage":false,"stepsCount":2,"attachmentsCount":5,"hasContent":true,"attachmentStep":false},{"name":"api_helper::finalizer","time":{"start":1760845968326,"stop":1760845968327,"duration":1},"status":"passed","steps":[],"attachments":[],"parameters":[],"shouldDisplayMessage":false,"stepsCount":0,"attachmentsCount":0,"hasContent":false,"attachmentStep":false},{"name":"_function_scoped_runner::0","time":{"start":1760845968328,"stop":1760845968329,"duration":1},"status":"passed","steps":[],"attachments":[],"parameters":[],"shouldDisplayMessage":false,"stepsCount":0,"attachmentsCount":0,"hasContent":false,"attachmentStep":false}],"labels":[{"name":"suite","value":"UI Project Structure Setup"},{"name":"parentSuite","value":"UI Tests"},{"name":"tag","value":"asyncio"},{"name":"subSuite","value":"TestUIProjectStructureSetup"},{"name":"host","value":"runnervmzdgdc"},{"name":"thread","value":"3600-MainThread"},{"name":"framework","value":"pytest"},{"name":"language","value":"cpython3"},{"name":"package","value":"tests.test_cases.tests_ui.test_project_structure_setup"},{"name":"resultFormat","value":"allure2"}],"parameters":[],"links":[],"hidden":true,"retry":true,"extra":{"categories":[],"tags":["asyncio"]},"source":"6d46a6f648effe5d.json","parameterValues":[]}