{"uid":"70b5b5928ccb082b","name":"Verify User can uninstall app via UI","fullName":"tests.test_cases.tests_e2e.test_shell_app.TestE2EShellApp#test_app_uninstall_via_ui","historyId":"ec8630ba60cb6c4fd03fba61ed186f34","time":{"start":1767759542254,"stop":1767759542254,"duration":0},"description":"\n### Pre-conditions:\n- Shell app installed.\n\n### Steps:\n- Login with valid credentials.\n- Click `Installed Apps` button.\n- Click `Details` button on installed app container.\n- Click `Uninstall` button.\n\n### Verify that:\n\n- Shell app uninstalled.\n","descriptionHtml":"<div style='line-height:1.6;'><h3>Pre-conditions:</h3>\n<ul>\n<li>Shell app installed.</li>\n</ul>\n<h3>Steps:</h3>\n<ul>\n<li>Login with valid credentials.</li>\n<li>Click <span style='background-color:#D3D3D3; padding:2px 4px; border-radius:3px; font-family:monospace;'>Installed Apps</span> button.</li>\n<li>Click <span style='background-color:#D3D3D3; padding:2px 4px; border-radius:3px; font-family:monospace;'>Details</span> button on installed app container.</li>\n<li>Click <span style='background-color:#D3D3D3; padding:2px 4px; border-radius:3px; font-family:monospace;'>Uninstall</span> button.</li>\n</ul>\n<h3>Verify that:</h3>\n<ul>\n<li>Shell app uninstalled.</li>\n</ul></div>","status":"skipped","statusMessage":"Skipped: Shell app was not installed successfully","statusTrace":"('/home/runner/work/apolo-test-automation/apolo-test-automation/tests/test_cases/tests_e2e/test_shell_app.py', 510, 'Skipped: Shell app was not installed successfully')","flaky":false,"newFailed":false,"newBroken":false,"newPassed":false,"retriesCount":0,"retriesStatusChange":false,"beforeStages":[{"name":"base_url","time":{"start":1767749531339,"stop":1767749531339,"duration":0},"status":"passed","steps":[],"attachments":[],"parameters":[],"shouldDisplayMessage":false,"stepsCount":0,"attachmentsCount":0,"hasContent":false,"attachmentStep":false},{"name":"_verify_url","time":{"start":1767749531339,"stop":1767749531339,"duration":0},"status":"passed","steps":[],"attachments":[],"parameters":[],"shouldDisplayMessage":false,"stepsCount":0,"attachmentsCount":0,"hasContent":false,"attachmentStep":false},{"name":"event_loop_policy","time":{"start":1767749531340,"stop":1767749531340,"duration":0},"status":"passed","steps":[],"attachments":[],"parameters":[],"shouldDisplayMessage":false,"stepsCount":0,"attachmentsCount":0,"hasContent":false,"attachmentStep":false},{"name":"ensure_storage_directories","time":{"start":1767749531340,"stop":1767749531340,"duration":0},"status":"passed","steps":[],"attachments":[],"parameters":[],"shouldDisplayMessage":false,"stepsCount":0,"attachmentsCount":0,"hasContent":false,"attachmentStep":false},{"name":"delay_worker_start","time":{"start":1767749531340,"stop":1767749531340,"duration":0},"status":"passed","steps":[],"attachments":[],"parameters":[],"shouldDisplayMessage":false,"stepsCount":0,"attachmentsCount":0,"hasContent":false,"attachmentStep":false},{"name":"pytestconfig","time":{"start":1767749531340,"stop":1767749531340,"duration":0},"status":"passed","steps":[],"attachments":[],"parameters":[],"shouldDisplayMessage":false,"stepsCount":0,"attachmentsCount":0,"hasContent":false,"attachmentStep":false},{"name":"delete_output_dir","time":{"start":1767749531340,"stop":1767749531340,"duration":0},"status":"passed","steps":[],"attachments":[],"parameters":[],"shouldDisplayMessage":false,"stepsCount":0,"attachmentsCount":0,"hasContent":false,"attachmentStep":false},{"name":"test_config","time":{"start":1767759542255,"stop":1767759542258,"duration":3},"status":"passed","steps":[],"attachments":[],"parameters":[],"shouldDisplayMessage":false,"stepsCount":0,"attachmentsCount":0,"hasContent":false,"attachmentStep":false},{"name":"_function_scoped_runner","time":{"start":1767759542258,"stop":1767759542258,"duration":0},"status":"passed","steps":[],"attachments":[],"parameters":[],"shouldDisplayMessage":false,"stepsCount":0,"attachmentsCount":0,"hasContent":false,"attachmentStep":false},{"name":"page_manager","time":{"start":1767759542258,"stop":1767759542990,"duration":732},"status":"passed","steps":[],"attachments":[],"parameters":[],"shouldDisplayMessage":false,"stepsCount":0,"attachmentsCount":0,"hasContent":false,"attachmentStep":false},{"name":"users_manager","time":{"start":1767759542990,"stop":1767759542991,"duration":1},"status":"passed","steps":[],"attachments":[],"parameters":[],"shouldDisplayMessage":false,"stepsCount":0,"attachmentsCount":0,"hasContent":false,"attachmentStep":false},{"name":"data_manager","time":{"start":1767759542990,"stop":1767759542990,"duration":0},"status":"passed","steps":[],"attachments":[],"parameters":[],"shouldDisplayMessage":false,"stepsCount":0,"attachmentsCount":0,"hasContent":false,"attachmentStep":false},{"name":"api_helper","time":{"start":1767759542991,"stop":1767759542991,"duration":0},"status":"passed","steps":[],"attachments":[],"parameters":[],"shouldDisplayMessage":false,"stepsCount":0,"attachmentsCount":0,"hasContent":false,"attachmentStep":false},{"name":"apolo_cli","time":{"start":1767759542991,"stop":1767759542992,"duration":1},"status":"passed","steps":[],"attachments":[],"parameters":[],"shouldDisplayMessage":false,"stepsCount":0,"attachmentsCount":0,"hasContent":false,"attachmentStep":false},{"name":"add_page_manager","time":{"start":1767759542992,"stop":1767759542993,"duration":1},"status":"passed","steps":[],"attachments":[],"parameters":[],"shouldDisplayMessage":false,"stepsCount":0,"attachmentsCount":0,"hasContent":false,"attachmentStep":false},{"name":"setup_cleanup","time":{"start":1767759542992,"stop":1767759542992,"duration":0},"status":"passed","steps":[],"attachments":[],"parameters":[],"shouldDisplayMessage":false,"stepsCount":0,"attachmentsCount":0,"hasContent":false,"attachmentStep":false},{"name":"setup","time":{"start":1767759542993,"stop":1767759542993,"duration":0},"status":"passed","steps":[],"attachments":[],"parameters":[],"shouldDisplayMessage":false,"stepsCount":0,"attachmentsCount":0,"hasContent":false,"attachmentStep":false},{"name":"shell_status","time":{"start":1767759542993,"stop":1767759542993,"duration":0},"status":"skipped","statusMessage":"Skipped: Shell app was not installed successfully\n","statusTrace":"  File \"/home/runner/work/apolo-test-automation/apolo-test-automation/.venv/lib/python3.13/site-packages/pluggy/_callers.py\", line 38, in run_old_style_hookwrapper\n    res = yield\n          ^^^^^\n  File \"/home/runner/work/apolo-test-automation/apolo-test-automation/.venv/lib/python3.13/site-packages/pluggy/_callers.py\", line 139, in _multicall\n    teardown.throw(exception)\n    ~~~~~~~~~~~~~~^^^^^^^^^^^\n  File \"/home/runner/work/apolo-test-automation/apolo-test-automation/.venv/lib/python3.13/site-packages/pytest_asyncio/plugin.py\", line 730, in pytest_fixture_setup\n    return (yield)\n            ^^^^^\n  File \"/home/runner/work/apolo-test-automation/apolo-test-automation/.venv/lib/python3.13/site-packages/pluggy/_callers.py\", line 139, in _multicall\n    teardown.throw(exception)\n    ~~~~~~~~~~~~~~^^^^^^^^^^^\n  File \"/home/runner/work/apolo-test-automation/apolo-test-automation/.venv/lib/python3.13/site-packages/_pytest/setuponly.py\", line 36, in pytest_fixture_setup\n    return (yield)\n            ^^^^^\n  File \"/home/runner/work/apolo-test-automation/apolo-test-automation/.venv/lib/python3.13/site-packages/pluggy/_callers.py\", line 121, in _multicall\n    res = hook_impl.function(*args)\n  File \"/home/runner/work/apolo-test-automation/apolo-test-automation/.venv/lib/python3.13/site-packages/_pytest/fixtures.py\", line 1202, in pytest_fixture_setup\n    result = call_fixture_func(fixturefunc, request, kwargs)\n  File \"/home/runner/work/apolo-test-automation/apolo-test-automation/.venv/lib/python3.13/site-packages/_pytest/fixtures.py\", line 915, in call_fixture_func\n    fixture_result = fixturefunc(**kwargs)\n  File \"/home/runner/work/apolo-test-automation/apolo-test-automation/tests/test_cases/tests_e2e/test_shell_app.py\", line 32, in shell_status\n    pytest.skip(\"Shell app was not installed successfully\")\n    ~~~~~~~~~~~^^^^^^^^^^^^^^^^^^^^^^^^^^^^^^^^^^^^^^^^^^^^\n  File \"/home/runner/work/apolo-test-automation/apolo-test-automation/.venv/lib/python3.13/site-packages/_pytest/outcomes.py\", line 139, in __call__\n    raise Skipped(msg=reason, allow_module_level=allow_module_level)\n","steps":[],"attachments":[],"parameters":[],"shouldDisplayMessage":true,"stepsCount":0,"attachmentsCount":0,"hasContent":true,"attachmentStep":false},{"name":"_inject_fixtures","time":{"start":1767759542993,"stop":1767759542993,"duration":0},"status":"passed","steps":[],"attachments":[],"parameters":[],"shouldDisplayMessage":false,"stepsCount":0,"attachmentsCount":0,"hasContent":false,"attachmentStep":false}],"testStage":{"description":"\n### Pre-conditions:\n- Shell app installed.\n\n### Steps:\n- Login with valid credentials.\n- Click `Installed Apps` button.\n- Click `Details` button on installed app container.\n- Click `Uninstall` button.\n\n### Verify that:\n\n- Shell app uninstalled.\n","descriptionHtml":"<div style='line-height:1.6;'><h3>Pre-conditions:</h3>\n<ul>\n<li>Shell app installed.</li>\n</ul>\n<h3>Steps:</h3>\n<ul>\n<li>Login with valid credentials.</li>\n<li>Click <span style='background-color:#D3D3D3; padding:2px 4px; border-radius:3px; font-family:monospace;'>Installed Apps</span> button.</li>\n<li>Click <span style='background-color:#D3D3D3; padding:2px 4px; border-radius:3px; font-family:monospace;'>Details</span> button on installed app container.</li>\n<li>Click <span style='background-color:#D3D3D3; padding:2px 4px; border-radius:3px; font-family:monospace;'>Uninstall</span> button.</li>\n</ul>\n<h3>Verify that:</h3>\n<ul>\n<li>Shell app uninstalled.</li>\n</ul></div>","status":"skipped","statusMessage":"Skipped: Shell app was not installed successfully","statusTrace":"('/home/runner/work/apolo-test-automation/apolo-test-automation/tests/test_cases/tests_e2e/test_shell_app.py', 510, 'Skipped: Shell app was not installed successfully')","steps":[],"attachments":[{"uid":"ceef9cd5f78560aa","name":"log","source":"ceef9cd5f78560aa.txt","type":"text/plain","size":954}],"parameters":[],"shouldDisplayMessage":true,"stepsCount":0,"attachmentsCount":1,"hasContent":true,"attachmentStep":false},"afterStages":[{"name":"add_page_manager::finalizer","time":{"start":1767759542997,"stop":1767759542997,"duration":0},"status":"passed","steps":[],"attachments":[],"parameters":[],"shouldDisplayMessage":false,"stepsCount":0,"attachmentsCount":0,"hasContent":false,"attachmentStep":false},{"name":"setup_cleanup::finalizer","time":{"start":1767759542998,"stop":1767759542998,"duration":0},"status":"passed","steps":[],"attachments":[],"parameters":[],"shouldDisplayMessage":false,"stepsCount":0,"attachmentsCount":0,"hasContent":false,"attachmentStep":false},{"name":"setup_cleanup::finalizer","time":{"start":1767759542998,"stop":1767759542998,"duration":0},"status":"passed","steps":[],"attachments":[],"parameters":[],"shouldDisplayMessage":false,"stepsCount":0,"attachmentsCount":0,"hasContent":false,"attachmentStep":false},{"name":"api_helper::finalizer","time":{"start":1767759542999,"stop":1767759542999,"duration":0},"status":"passed","steps":[],"attachments":[],"parameters":[],"shouldDisplayMessage":false,"stepsCount":0,"attachmentsCount":0,"hasContent":false,"attachmentStep":false},{"name":"_function_scoped_runner::0","time":{"start":1767759543000,"stop":1767759543001,"duration":1},"status":"passed","steps":[],"attachments":[],"parameters":[],"shouldDisplayMessage":false,"stepsCount":0,"attachmentsCount":0,"hasContent":false,"attachmentStep":false}],"labels":[{"name":"parentSuite","value":"E2E Tests"},{"name":"suite","value":"Shell App"},{"name":"tag","value":"asyncio"},{"name":"tag","value":"class_setup"},{"name":"subSuite","value":"TestE2EShellApp"},{"name":"host","value":"runnervmh13bl"},{"name":"thread","value":"2985-MainThread"},{"name":"framework","value":"pytest"},{"name":"language","value":"cpython3"},{"name":"package","value":"tests.test_cases.tests_e2e.test_shell_app"},{"name":"resultFormat","value":"allure2"}],"parameters":[],"links":[],"hidden":false,"retry":false,"extra":{"severity":"normal","retries":[],"categories":[],"history":{"statistic":{"failed":24,"broken":0,"skipped":33,"passed":51,"unknown":0,"total":108},"items":[{"uid":"f1a294cdc9fff126","status":"passed","time":{"start":1767673407622,"stop":1767673487924,"duration":80302}},{"uid":"f4cd6136ba02b581","status":"passed","time":{"start":1767586626284,"stop":1767586667299,"duration":41015}},{"uid":"fa16a69a043814a1","status":"passed","time":{"start":1767500121676,"stop":1767500182680,"duration":61004}},{"uid":"3c514bf900129068","status":"passed","time":{"start":1767412512837,"stop":1767412576140,"duration":63303}},{"uid":"5b4562d3e4971085","status":"skipped","statusDetails":"Skipped: Shell app was not installed successfully","time":{"start":1767327062313,"stop":1767327062313,"duration":0}},{"uid":"869079be8dd4f8f7","status":"passed","time":{"start":1767239869888,"stop":1767239910873,"duration":40985}},{"uid":"484052bd07183f61","status":"skipped","statusDetails":"Skipped: Shell app was not installed successfully","time":{"start":1767153204153,"stop":1767153204153,"duration":0}},{"uid":"187fb881eab8f107","status":"passed","time":{"start":1767067166304,"stop":1767067238556,"duration":72252}},{"uid":"4f02e03c1cbccb9a","status":"failed","statusDetails":"Failed: Timeout (>240.0s) from pytest-timeout.","time":{"start":1766981249875,"stop":1766981489347,"duration":239472}},{"uid":"4f7dfecf5a32c56d","status":"failed","statusDetails":"Failed: Timeout (>240.0s) from pytest-timeout.","time":{"start":1766894755140,"stop":1766894994313,"duration":239173}},{"uid":"7e878016f7672e6a","status":"skipped","statusDetails":"Skipped: Shell app was not installed successfully","time":{"start":1766807472852,"stop":1766807472852,"duration":0}},{"uid":"aa74ee8ad18367b9","status":"passed","time":{"start":1766721181839,"stop":1766721232858,"duration":51019}},{"uid":"bbab5d83a8f8399d","status":"skipped","statusDetails":"Skipped: Shell app was not installed successfully","time":{"start":1766634902839,"stop":1766634902839,"duration":0}},{"uid":"86e40455159cbe74","status":"failed","statusDetails":"Failed: Timeout (>240.0s) from pytest-timeout.","time":{"start":1766548721852,"stop":1766548961202,"duration":239350}},{"uid":"a923087b2fd02a58","status":"skipped","statusDetails":"Skipped: Shell app was not installed successfully","time":{"start":1766462197244,"stop":1766462197244,"duration":0}},{"uid":"46fa415eef53383f","status":"passed","time":{"start":1766377240987,"stop":1766377304423,"duration":63436}},{"uid":"400df3be278f17f5","status":"skipped","statusDetails":"Skipped: Shell app was not installed successfully","time":{"start":1766289856012,"stop":1766289856012,"duration":0}},{"uid":"e48604ffd1ead266","status":"failed","statusDetails":"AssertionError: [AssertionError] during step: Open product base page\nMessage: [TimeoutError] during step: Navigate to URL\nMessage: Page.goto: Timeout 30000ms exceeded.\nCall log:\n  - navigating to \"https://console.dev.apolo.us/\", waiting until \"load\"\n\nNote: Playwright Timeout. Element not found or action took too long.","time":{"start":1766203133017,"stop":1766203238399,"duration":105382}},{"uid":"f29641b70c2c6e90","status":"passed","time":{"start":1766117375290,"stop":1766117436632,"duration":61342}},{"uid":"236f236b6dfc6143","status":"passed","time":{"start":1766030652935,"stop":1766030711002,"duration":58067}}]},"tags":["asyncio","class_setup"]},"source":"70b5b5928ccb082b.json","parameterValues":[]}