{"uid":"70c680af4692a06a","name":"Import PostgreSQL app config via UI","fullName":"tests.test_cases.tests_e2e.test_postgres_app.TestE2EPostgresApp#test_import_app_config_via_ui","historyId":"6027e8cd2644334624ebc9112e34068b","time":{"start":1764214258663,"stop":1764214318433,"duration":59770},"description":"\n- Login with valid credentials.\n- Create new organization via **API**.\n- Create new project via **API**.\n- Import PostgreSQL app config via UI.\n\n### Verify that:\n\n- Install required data is the same as in imported config.\n","descriptionHtml":"<div style='line-height:1.6;'><ul>\n<li>Login with valid credentials.</li>\n<li>Create new organization via <strong>API</strong>.</li>\n<li>Create new project via <strong>API</strong>.</li>\n<li>Import PostgreSQL app config via UI.</li>\n</ul>\n<h3>Verify that:</h3>\n<ul>\n<li>Install required data is the same as in imported config.</li>\n</ul></div>","status":"failed","statusMessage":"AssertionError: [AssertionError] during step: Verify that Postgres install page displayed\nMessage: Postgres Install page should be displayed!","statusTrace":"tests/reporting_hooks/reporting.py:49: in wrapper\n    result = await func(*args, **kwargs)\n             ^^^^^^^^^^^^^^^^^^^^^^^^^^^\ntests/test_cases/steps/ui_steps/page_steps_impl/apps/postgress_install_page_steps.py:19: in verify_ui_page_displayed\n    assert await self._pm.postgres_install_page.is_loaded(), (\n           ^^^^^^^^^^^^^^^^^^^^^^^^^^^^^^^^^^^^^^^^^^^^^^^^\nE   AssertionError: Postgres Install page should be displayed!\n\nThe above exception was the direct cause of the following exception:\ntests/test_cases/tests_e2e/test_postgres_app.py:773: in test_import_app_config_via_ui\n    await ui_steps.postgres_install_page.verify_ui_page_displayed()\ntests/reporting_hooks/reporting.py:58: in wrapper\n    raise AssertionError(formatted_msg) from e\nE   AssertionError: [AssertionError] during step: Verify that Postgres install page displayed\nE   Message: Postgres Install page should be displayed!","flaky":false,"newFailed":false,"newBroken":false,"newPassed":false,"retriesCount":0,"retriesStatusChange":false,"beforeStages":[{"name":"pytestconfig","time":{"start":1764207087858,"stop":1764207087858,"duration":0},"status":"passed","steps":[],"attachments":[],"parameters":[],"shouldDisplayMessage":false,"stepsCount":0,"attachmentsCount":0,"hasContent":false,"attachmentStep":false},{"name":"_verify_url","time":{"start":1764207087858,"stop":1764207087858,"duration":0},"status":"passed","steps":[],"attachments":[],"parameters":[],"shouldDisplayMessage":false,"stepsCount":0,"attachmentsCount":0,"hasContent":false,"attachmentStep":false},{"name":"base_url","time":{"start":1764207087858,"stop":1764207087858,"duration":0},"status":"passed","steps":[],"attachments":[],"parameters":[],"shouldDisplayMessage":false,"stepsCount":0,"attachmentsCount":0,"hasContent":false,"attachmentStep":false},{"name":"delay_worker_start","time":{"start":1764207087859,"stop":1764207087859,"duration":0},"status":"passed","steps":[],"attachments":[],"parameters":[],"shouldDisplayMessage":false,"stepsCount":0,"attachmentsCount":0,"hasContent":false,"attachmentStep":false},{"name":"ensure_storage_directories","time":{"start":1764207087859,"stop":1764207087859,"duration":0},"status":"passed","steps":[],"attachments":[],"parameters":[],"shouldDisplayMessage":false,"stepsCount":0,"attachmentsCount":0,"hasContent":false,"attachmentStep":false},{"name":"delete_output_dir","time":{"start":1764207087859,"stop":1764207087859,"duration":0},"status":"passed","steps":[],"attachments":[],"parameters":[],"shouldDisplayMessage":false,"stepsCount":0,"attachmentsCount":0,"hasContent":false,"attachmentStep":false},{"name":"event_loop_policy","time":{"start":1764207087859,"stop":1764207087859,"duration":0},"status":"passed","steps":[],"attachments":[],"parameters":[],"shouldDisplayMessage":false,"stepsCount":0,"attachmentsCount":0,"hasContent":false,"attachmentStep":false},{"name":"test_config","time":{"start":1764214257992,"stop":1764214257995,"duration":3},"status":"passed","steps":[],"attachments":[],"parameters":[],"shouldDisplayMessage":false,"stepsCount":0,"attachmentsCount":0,"hasContent":false,"attachmentStep":false},{"name":"page_manager","time":{"start":1764214257995,"stop":1764214258659,"duration":664},"status":"passed","steps":[],"attachments":[],"parameters":[],"shouldDisplayMessage":false,"stepsCount":0,"attachmentsCount":0,"hasContent":false,"attachmentStep":false},{"name":"_function_scoped_runner","time":{"start":1764214257995,"stop":1764214257996,"duration":1},"status":"passed","steps":[],"attachments":[],"parameters":[],"shouldDisplayMessage":false,"stepsCount":0,"attachmentsCount":0,"hasContent":false,"attachmentStep":false},{"name":"data_manager","time":{"start":1764214258659,"stop":1764214258660,"duration":1},"status":"passed","steps":[],"attachments":[],"parameters":[],"shouldDisplayMessage":false,"stepsCount":0,"attachmentsCount":0,"hasContent":false,"attachmentStep":false},{"name":"users_manager","time":{"start":1764214258660,"stop":1764214258660,"duration":0},"status":"passed","steps":[],"attachments":[],"parameters":[],"shouldDisplayMessage":false,"stepsCount":0,"attachmentsCount":0,"hasContent":false,"attachmentStep":false},{"name":"api_helper","time":{"start":1764214258660,"stop":1764214258660,"duration":0},"status":"passed","steps":[],"attachments":[],"parameters":[],"shouldDisplayMessage":false,"stepsCount":0,"attachmentsCount":0,"hasContent":false,"attachmentStep":false},{"name":"apolo_cli","time":{"start":1764214258660,"stop":1764214258661,"duration":1},"status":"passed","steps":[],"attachments":[],"parameters":[],"shouldDisplayMessage":false,"stepsCount":0,"attachmentsCount":0,"hasContent":false,"attachmentStep":false},{"name":"add_page_manager","time":{"start":1764214258661,"stop":1764214258662,"duration":1},"status":"passed","steps":[],"attachments":[],"parameters":[],"shouldDisplayMessage":false,"stepsCount":0,"attachmentsCount":0,"hasContent":false,"attachmentStep":false},{"name":"setup_cleanup","time":{"start":1764214258661,"stop":1764214258661,"duration":0},"status":"passed","steps":[],"attachments":[],"parameters":[],"shouldDisplayMessage":false,"stepsCount":0,"attachmentsCount":0,"hasContent":false,"attachmentStep":false},{"name":"setup","time":{"start":1764214258662,"stop":1764214258662,"duration":0},"status":"passed","steps":[],"attachments":[],"parameters":[],"shouldDisplayMessage":false,"stepsCount":0,"attachmentsCount":0,"hasContent":false,"attachmentStep":false},{"name":"_inject_fixtures","time":{"start":1764214258662,"stop":1764214258662,"duration":0},"status":"passed","steps":[],"attachments":[],"parameters":[],"shouldDisplayMessage":false,"stepsCount":0,"attachmentsCount":0,"hasContent":false,"attachmentStep":false}],"testStage":{"description":"\n- Login with valid credentials.\n- Create new organization via **API**.\n- Create new project via **API**.\n- Import PostgreSQL app config via UI.\n\n### Verify that:\n\n- Install required data is the same as in imported config.\n","descriptionHtml":"<div style='line-height:1.6;'><ul>\n<li>Login with valid credentials.</li>\n<li>Create new organization via <strong>API</strong>.</li>\n<li>Create new project via <strong>API</strong>.</li>\n<li>Import PostgreSQL app config via UI.</li>\n</ul>\n<h3>Verify that:</h3>\n<ul>\n<li>Install required data is the same as in imported config.</li>\n</ul></div>","status":"failed","statusMessage":"AssertionError: [AssertionError] during step: Verify that Postgres install page displayed\nMessage: Postgres Install page should be displayed!","statusTrace":"tests/reporting_hooks/reporting.py:49: in wrapper\n    result = await func(*args, **kwargs)\n             ^^^^^^^^^^^^^^^^^^^^^^^^^^^\ntests/test_cases/steps/ui_steps/page_steps_impl/apps/postgress_install_page_steps.py:19: in verify_ui_page_displayed\n    assert await self._pm.postgres_install_page.is_loaded(), (\n           ^^^^^^^^^^^^^^^^^^^^^^^^^^^^^^^^^^^^^^^^^^^^^^^^\nE   AssertionError: Postgres Install page should be displayed!\n\nThe above exception was the direct cause of the following exception:\ntests/test_cases/tests_e2e/test_postgres_app.py:773: in test_import_app_config_via_ui\n    await ui_steps.postgres_install_page.verify_ui_page_displayed()\ntests/reporting_hooks/reporting.py:58: in wrapper\n    raise AssertionError(formatted_msg) from e\nE   AssertionError: [AssertionError] during step: Verify that Postgres install page displayed\nE   Message: Postgres Install page should be displayed!","steps":[{"name":"Login via UI","time":{"start":1764214258664,"stop":1764214264876,"duration":6212},"status":"passed","steps":[{"name":"Verify that Auth page displayed","time":{"start":1764214258665,"stop":1764214259748,"duration":1083},"status":"passed","steps":[],"attachments":[{"uid":"39c96d538b8b0b70","name":"Page URL","source":"39c96d538b8b0b70.txt","type":"text/plain","size":29},{"uid":"3c0aa5052bb5e39f","name":"HTTP 200 - GET config","source":"3c0aa5052bb5e39f.txt","type":"text/plain","size":673},{"uid":"76027c6c9d391b87","name":"Screenshot: Verify that Auth page displayed (success)","source":"76027c6c9d391b87.png","type":"image/png","size":88563}],"parameters":[],"shouldDisplayMessage":false,"stepsCount":0,"attachmentsCount":3,"hasContent":true,"attachmentStep":false},{"name":"Click login button","time":{"start":1764214259748,"stop":1764214260941,"duration":1193},"status":"passed","steps":[],"attachments":[{"uid":"b0585e8e0970b4a2","name":"Page URL","source":"b0585e8e0970b4a2.txt","type":"text/plain","size":33},{"uid":"d1ac7ff978983a0b","name":"Screenshot: Click login button (success)","source":"d1ac7ff978983a0b.png","type":"image/png","size":41965}],"parameters":[],"shouldDisplayMessage":false,"stepsCount":0,"attachmentsCount":2,"hasContent":true,"attachmentStep":false},{"name":"Verify that Login page displayed","time":{"start":1764214260941,"stop":1764214261040,"duration":99},"status":"passed","steps":[],"attachments":[{"uid":"bcb17a3b19c7523d","name":"Page URL","source":"bcb17a3b19c7523d.txt","type":"text/plain","size":215},{"uid":"56c87c770ffd2381","name":"Screenshot: Verify that Login page displayed (success)","source":"56c87c770ffd2381.png","type":"image/png","size":41790}],"parameters":[],"shouldDisplayMessage":false,"stepsCount":0,"attachmentsCount":2,"hasContent":true,"attachmentStep":false},{"name":"Enter email","time":{"start":1764214261040,"stop":1764214261358,"duration":318},"status":"passed","steps":[],"attachments":[{"uid":"ff44bef72d9f2361","name":"Page URL","source":"ff44bef72d9f2361.txt","type":"text/plain","size":215},{"uid":"5ae7e564f15bdac","name":"Screenshot: Enter email (success)","source":"5ae7e564f15bdac.png","type":"image/png","size":45658}],"parameters":[],"shouldDisplayMessage":false,"stepsCount":0,"attachmentsCount":2,"hasContent":true,"attachmentStep":false},{"name":"Enter password","time":{"start":1764214261358,"stop":1764214261676,"duration":318},"status":"passed","steps":[],"attachments":[{"uid":"968c80001092539e","name":"Page URL","source":"968c80001092539e.txt","type":"text/plain","size":215},{"uid":"1cc18e065e56b913","name":"Screenshot: Enter password (success)","source":"1cc18e065e56b913.png","type":"image/png","size":45783}],"parameters":[],"shouldDisplayMessage":false,"stepsCount":0,"attachmentsCount":2,"hasContent":true,"attachmentStep":false},{"name":"Click Continue button","time":{"start":1764214261676,"stop":1764214264658,"duration":2982},"status":"passed","steps":[],"attachments":[{"uid":"5f4d7573e1f82ba6","name":"Page URL","source":"5f4d7573e1f82ba6.txt","type":"text/plain","size":215},{"uid":"f6fd1f7398413136","name":"HTTP 200 - GET config","source":"f6fd1f7398413136.txt","type":"text/plain","size":2137},{"uid":"2369825b52f201d8","name":"HTTP 200 - GET permissions?uri=blob:","source":"2369825b52f201d8.txt","type":"text/plain","size":255},{"uid":"ec6e24b10a9b7509","name":"HTTP 200 - GET regression-org-fsslecjpek68","source":"ec6e24b10a9b7509.txt","type":"text/plain","size":444},{"uid":"47ccb25ad3f45ece","name":"HTTP 200 - GET instances?org=regression-org-fsslecjpek68&project=regression-proj-vglc5exqhx&cluster=default&size=100","source":"47ccb25ad3f45ece.txt","type":"text/plain","size":290},{"uid":"54cd4bafbdfc5734","name":"HTTP 200 - GET regression-ej1c9fl1qj?include=clusters&include=system_role","source":"54cd4bafbdfc5734.txt","type":"text/plain","size":529},{"uid":"abae8727f2ef10d8","name":"HTTP 200 - GET incoming","source":"abae8727f2ef10d8.txt","type":"text/plain","size":156},{"uid":"1099c374c6da36f1","name":"HTTP 200 - GET regression-ej1c9fl1qj?include=orgs","source":"1099c374c6da36f1.txt","type":"text/plain","size":474},{"uid":"5ccc87a9606c3371","name":"HTTP 200 - GET templates","source":"5ccc87a9606c3371.txt","type":"text/plain","size":2146},{"uid":"ca2a7c1754854062","name":"HTTP 200 - GET tags","source":"ca2a7c1754854062.txt","type":"text/plain","size":948},{"uid":"c3bc49a96a729224","name":"HTTP 200 - GET templates?page=1&size=50","source":"c3bc49a96a729224.txt","type":"text/plain","size":2161},{"uid":"84d5ea7c810e0d87","name":"Screenshot: Click Continue button (success)","source":"84d5ea7c810e0d87.png","type":"image/png","size":141486}],"parameters":[],"shouldDisplayMessage":false,"stepsCount":0,"attachmentsCount":12,"hasContent":true,"attachmentStep":false},{"name":"Verify Apps page displayed","time":{"start":1764214264666,"stop":1764214264775,"duration":109},"status":"passed","steps":[],"attachments":[{"uid":"dc4dee7abbf11535","name":"Page URL","source":"dc4dee7abbf11535.txt","type":"text/plain","size":116},{"uid":"8ccf350fea828e60","name":"Screenshot: Verify Apps page displayed (success)","source":"8ccf350fea828e60.png","type":"image/png","size":151161}],"parameters":[],"shouldDisplayMessage":false,"stepsCount":0,"attachmentsCount":2,"hasContent":true,"attachmentStep":false}],"attachments":[{"uid":"6927a559fc8d9eed","name":"Page URL","source":"6927a559fc8d9eed.txt","type":"text/plain","size":29},{"uid":"2c737c649057f051","name":"Screenshot: Login via UI (success)","source":"2c737c649057f051.png","type":"image/png","size":151176}],"parameters":[],"shouldDisplayMessage":false,"stepsCount":7,"attachmentsCount":27,"hasContent":true,"attachmentStep":false},{"name":"Verify PostgreSQL app container displayed on the main page","time":{"start":1764214264876,"stop":1764214305645,"duration":40769},"status":"passed","steps":[],"attachments":[{"uid":"a7ac92174032499f","name":"Page URL","source":"a7ac92174032499f.txt","type":"text/plain","size":116},{"uid":"ca5755f51c0840f3","name":"HTTP 200 - GET instances?org=regression-org-fsslecjpek68&project=regression-proj-vglc5exqhx&cluster=default&size=100","source":"ca5755f51c0840f3.txt","type":"text/plain","size":290},{"uid":"5d4b952b92098387","name":"HTTP 200 - GET instances?org=regression-org-fsslecjpek68&project=regression-proj-vglc5exqhx&cluster=default&size=100","source":"5d4b952b92098387.txt","type":"text/plain","size":290},{"uid":"c759df0c33b1566a","name":"Screenshot: Verify PostgreSQL app container displayed on the main page (success)","source":"c759df0c33b1566a.png","type":"image/png","size":160675}],"parameters":[],"shouldDisplayMessage":false,"stepsCount":0,"attachmentsCount":4,"hasContent":true,"attachmentStep":false},{"name":"Click Install button on the PostgreSQL container","time":{"start":1764214305645,"stop":1764214308316,"duration":2671},"status":"passed","steps":[],"attachments":[{"uid":"d45f3e4acf304f88","name":"Page URL","source":"d45f3e4acf304f88.txt","type":"text/plain","size":116},{"uid":"1105f29837a953f7","name":"HTTP 200 - GET test-psql","source":"1105f29837a953f7.txt","type":"text/plain","size":2239},{"uid":"44d85bbe567fae9c","name":"Screenshot: Click Install button on the PostgreSQL container (success)","source":"44d85bbe567fae9c.png","type":"image/png","size":88005}],"parameters":[],"shouldDisplayMessage":false,"stepsCount":0,"attachmentsCount":3,"hasContent":true,"attachmentStep":false},{"name":"Verify that Postgres install page displayed","time":{"start":1764214308316,"stop":1764214318432,"duration":10116},"status":"failed","statusMessage":"AssertionError: [AssertionError] during step: Verify that Postgres install page displayed\nMessage: Postgres Install page should be displayed!\n","statusTrace":"  File \"/home/runner/work/apolo-test-automation/apolo-test-automation/tests/reporting_hooks/reporting.py\", line 58, in wrapper\n    raise AssertionError(formatted_msg) from e\n","steps":[],"attachments":[{"uid":"8290d699c17b0da6","name":"Page URL","source":"8290d699c17b0da6.txt","type":"text/plain","size":134},{"uid":"d7a6209053ff64de","name":"HTTP 200 - GET instances?org=regression-org-fsslecjpek68&project=regression-proj-vglc5exqhx&cluster=default&size=100","source":"d7a6209053ff64de.txt","type":"text/plain","size":290},{"uid":"f4a228e3d82fc714","name":"Screenshot: Verify that Postgres install page displayed (fail)","source":"f4a228e3d82fc714.png","type":"image/png","size":88005}],"parameters":[],"shouldDisplayMessage":true,"stepsCount":0,"attachmentsCount":3,"hasContent":true,"attachmentStep":false}],"attachments":[{"uid":"5180d089ad7085e1","name":"log","source":"5180d089ad7085e1.txt","type":"text/plain","size":30016}],"parameters":[],"shouldDisplayMessage":true,"stepsCount":11,"attachmentsCount":38,"hasContent":true,"attachmentStep":false},"afterStages":[{"name":"add_page_manager::finalizer","time":{"start":1764214318452,"stop":1764214318452,"duration":0},"status":"passed","steps":[],"attachments":[],"parameters":[],"shouldDisplayMessage":false,"stepsCount":0,"attachmentsCount":0,"hasContent":false,"attachmentStep":false},{"name":"setup_cleanup::finalizer","time":{"start":1764214318453,"stop":1764214318453,"duration":0},"status":"passed","steps":[],"attachments":[],"parameters":[],"shouldDisplayMessage":false,"stepsCount":0,"attachmentsCount":0,"hasContent":false,"attachmentStep":false},{"name":"setup_cleanup::finalizer","time":{"start":1764214318453,"stop":1764214423659,"duration":105206},"status":"passed","steps":[{"name":"Post-test cleanup","time":{"start":1764214318453,"stop":1764214423659,"duration":105206},"status":"passed","steps":[{"name":"Delete organisation: regression-org-fsslecjpek68","time":{"start":1764214326611,"stop":1764214327509,"duration":898},"status":"passed","steps":[{"name":"Delete project: regression-proj-vglc5exqhx","time":{"start":1764214326691,"stop":1764214326926,"duration":235},"status":"passed","steps":[],"attachments":[],"parameters":[],"shouldDisplayMessage":false,"stepsCount":0,"attachmentsCount":0,"hasContent":false,"attachmentStep":false}],"attachments":[],"parameters":[],"shouldDisplayMessage":false,"stepsCount":1,"attachmentsCount":0,"hasContent":true,"attachmentStep":false}],"attachments":[{"uid":"e7d0de15d550286f","name":"HTTP 200 - GET instances?org=regression-org-fsslecjpek68&project=regression-proj-vglc5exqhx&cluster=default&size=100","source":"e7d0de15d550286f.txt","type":"text/plain","size":290},{"uid":"8f6a9e37c0f4b249","name":"HTTP 401 - GET instances?org=regression-org-fsslecjpek68&project=regression-proj-vglc5exqhx&cluster=default&size=100","source":"8f6a9e37c0f4b249.txt","type":"text/plain","size":357},{"uid":"a1fb231859c6a474","name":"HTTP 401 - GET instances?org=regression-org-fsslecjpek68&project=regression-proj-vglc5exqhx&cluster=default&size=100","source":"a1fb231859c6a474.txt","type":"text/plain","size":357},{"uid":"30308cde8d6a4b2a","name":"HTTP 401 - GET instances?org=regression-org-fsslecjpek68&project=regression-proj-vglc5exqhx&cluster=default&size=100","source":"30308cde8d6a4b2a.txt","type":"text/plain","size":357},{"uid":"e1d98d52cbb286d7","name":"HTTP 401 - GET instances?org=regression-org-fsslecjpek68&project=regression-proj-vglc5exqhx&cluster=default&size=100","source":"e1d98d52cbb286d7.txt","type":"text/plain","size":357},{"uid":"e837e7337ed4582b","name":"HTTP 401 - GET instances?org=regression-org-fsslecjpek68&project=regression-proj-vglc5exqhx&cluster=default&size=100","source":"e837e7337ed4582b.txt","type":"text/plain","size":357},{"uid":"f27303c896db9573","name":"HTTP 401 - GET instances?org=regression-org-fsslecjpek68&project=regression-proj-vglc5exqhx&cluster=default&size=100","source":"f27303c896db9573.txt","type":"text/plain","size":357}],"parameters":[],"shouldDisplayMessage":false,"stepsCount":2,"attachmentsCount":7,"hasContent":true,"attachmentStep":false}],"attachments":[],"parameters":[],"shouldDisplayMessage":false,"stepsCount":3,"attachmentsCount":7,"hasContent":true,"attachmentStep":false},{"name":"api_helper::finalizer","time":{"start":1764214423660,"stop":1764214423660,"duration":0},"status":"passed","steps":[],"attachments":[],"parameters":[],"shouldDisplayMessage":false,"stepsCount":0,"attachmentsCount":0,"hasContent":false,"attachmentStep":false},{"name":"_function_scoped_runner::0","time":{"start":1764214423661,"stop":1764214423662,"duration":1},"status":"passed","steps":[],"attachments":[],"parameters":[],"shouldDisplayMessage":false,"stepsCount":0,"attachmentsCount":0,"hasContent":false,"attachmentStep":false}],"labels":[{"name":"parentSuite","value":"E2E Tests"},{"name":"suite","value":"PostgreSQL App"},{"name":"tag","value":"asyncio"},{"name":"tag","value":"class_setup"},{"name":"subSuite","value":"TestE2EPostgresApp"},{"name":"host","value":"runnervmg1sw1"},{"name":"thread","value":"3120-MainThread"},{"name":"framework","value":"pytest"},{"name":"language","value":"cpython3"},{"name":"package","value":"tests.test_cases.tests_e2e.test_postgres_app"},{"name":"resultFormat","value":"allure2"}],"parameters":[],"links":[],"hidden":false,"retry":false,"extra":{"severity":"normal","retries":[],"categories":[{"name":"Product defects","matchedStatuses":[],"flaky":false}],"history":{"statistic":{"failed":18,"broken":0,"skipped":0,"passed":17,"unknown":0,"total":35},"items":[{"uid":"f9765f73000d87d8","status":"failed","statusDetails":"AssertionError: [AssertionError] during step: Verify that Postgres install page displayed\nMessage: Postgres Install page should be displayed!","time":{"start":1764127386698,"stop":1764127455884,"duration":69186}},{"uid":"8b88b4741c4e455c","status":"failed","statusDetails":"AssertionError: [AssertionError] during step: Verify that Postgres install page displayed\nMessage: Postgres Install page should be displayed!","time":{"start":1764041522511,"stop":1764041591586,"duration":69075}},{"uid":"8ac681b24a31fcf9","status":"failed","statusDetails":"AssertionError: [AssertionError] during step: Verify that Postgres install page displayed\nMessage: Postgres Install page should be displayed!","time":{"start":1763954959552,"stop":1763955028679,"duration":69127}},{"uid":"5b55e9d10bf2667c","status":"failed","statusDetails":"AssertionError: [AssertionError] during step: Verify that Postgres install page displayed\nMessage: Postgres Install page should be displayed!","time":{"start":1763868435556,"stop":1763868504838,"duration":69282}},{"uid":"7235077e67cf81d1","status":"failed","statusDetails":"AssertionError: [AssertionError] during step: Verify that Postgres install page displayed\nMessage: Postgres Install page should be displayed!","time":{"start":1763781697944,"stop":1763781756914,"duration":58970}},{"uid":"1ac43ad7a3f48ffe","status":"failed","statusDetails":"AssertionError: [TimeoutError] during step: Click Apply config button\nMessage: Element not ready for click after 10000ms: <Locator frame=<Frame name= url='https://console.dev.apolo.us/apps/postgres/install?cluster=default&project=regression-proj-w6kojx63a4&org=regression-org-n7oc6ust9aw2'> selector='internal:role=button[name=\"Apply config\"i]'>\nLast error: Locator expected to be enabled\nActual value: disabled \nCall log:\n  - Expect \"to_be_enabled\" with timeout 500ms\n  - waiting for get_by_role(\"button\", name=\"Apply config\")\n    4 × locator resolved to <button disabled type=\"button\" class=\"relative inline-flex cursor-pointer items-center justify-center rounded-xl py-1 transition-colors text-button h-12 gap-2 bg-primary text-white hover:bg-primary-medium active:bg-primary-dark disabled:bg-neural-01 disabled:text-neural-03 px-10 capitalize pointer-events-none\">Apply config</button>\n      - unexpected value \"disabled\"","time":{"start":1763696573570,"stop":1763696626814,"duration":53244}},{"uid":"129c9c89eb21b79c","status":"failed","statusDetails":"AssertionError: [TimeoutError] during step: Click Apply config button\nMessage: Element not ready for click after 10000ms: <Locator frame=<Frame name= url='https://console.dev.apolo.us/apps/postgres/install?cluster=default&project=regression-proj-hg6iety7jd&org=regression-org-wzg8cwdpy1tu'> selector='internal:role=button[name=\"Apply config\"i]'>\nLast error: Locator expected to be enabled\nActual value: disabled \nCall log:\n  - Expect \"to_be_enabled\" with timeout 500ms\n  - waiting for get_by_role(\"button\", name=\"Apply config\")\n    4 × locator resolved to <button disabled type=\"button\" class=\"relative inline-flex cursor-pointer items-center justify-center rounded-xl py-1 transition-colors text-button h-12 gap-2 bg-primary text-white hover:bg-primary-medium active:bg-primary-dark disabled:bg-neural-01 disabled:text-neural-03 px-10 capitalize pointer-events-none\">Apply config</button>\n      - unexpected value \"disabled\"","time":{"start":1763610530467,"stop":1763610581294,"duration":50827}},{"uid":"289565c0f231a1d4","status":"failed","statusDetails":"AssertionError: [TimeoutError] during step: Click Apply config button\nMessage: Element not ready for click after 10000ms: <Locator frame=<Frame name= url='https://console.dev.apolo.us/apps/postgres/install?cluster=default&project=regression-proj-g29fkycjgw&org=regression-org-2hxbaybq7jsy'> selector='internal:role=button[name=\"Apply config\"i]'>\nLast error: Locator expected to be enabled\nActual value: disabled \nCall log:\n  - Expect \"to_be_enabled\" with timeout 500ms\n  - waiting for get_by_role(\"button\", name=\"Apply config\")\n    4 × locator resolved to <button disabled type=\"button\" class=\"relative inline-flex cursor-pointer items-center justify-center rounded-xl py-1 transition-colors text-button h-12 gap-2 bg-primary text-white hover:bg-primary-medium active:bg-primary-dark disabled:bg-neural-01 disabled:text-neural-03 px-10 capitalize pointer-events-none\">Apply config</button>\n      - unexpected value \"disabled\"","time":{"start":1763523523694,"stop":1763523576699,"duration":53005}},{"uid":"a8c4e8d87ee96673","status":"failed","statusDetails":"AssertionError: [TimeoutError] during step: Click Apply config button\nMessage: Element not ready for click after 10000ms: <Locator frame=<Frame name= url='https://console.dev.apolo.us/apps/postgres/install?cluster=default&project=regression-proj-18309nrt4g&org=regression-org-29wh52ka0dpa'> selector='internal:role=button[name=\"Apply config\"i]'>\nLast error: Locator expected to be enabled\nActual value: disabled \nCall log:\n  - Expect \"to_be_enabled\" with timeout 500ms\n  - waiting for get_by_role(\"button\", name=\"Apply config\")\n    4 × locator resolved to <button disabled type=\"button\" class=\"relative inline-flex cursor-pointer items-center justify-center rounded-xl py-1 transition-colors text-button h-12 gap-2 bg-primary text-white hover:bg-primary-medium active:bg-primary-dark disabled:bg-neural-01 disabled:text-neural-03 px-10 capitalize pointer-events-none\">Apply config</button>\n      - unexpected value \"disabled\"","time":{"start":1763437034153,"stop":1763437085127,"duration":50974}},{"uid":"ef9061ac0f1de6f0","status":"failed","statusDetails":"AssertionError: [TimeoutError] during step: Click Apply config button\nMessage: Element not ready for click after 10000ms: <Locator frame=<Frame name= url='https://console.dev.apolo.us/apps/postgres/install?cluster=default&project=regression-proj-lhcig0un2j&org=regression-org-knifn4qwi0oq'> selector='internal:role=button[name=\"Apply config\"i]'>\nLast error: Locator expected to be enabled\nActual value: disabled \nCall log:\n  - Expect \"to_be_enabled\" with timeout 500ms\n  - waiting for get_by_role(\"button\", name=\"Apply config\")\n    4 × locator resolved to <button disabled type=\"button\" class=\"relative inline-flex cursor-pointer items-center justify-center rounded-xl py-1 transition-colors text-button h-12 gap-2 bg-primary text-white hover:bg-primary-medium active:bg-primary-dark disabled:bg-neural-01 disabled:text-neural-03 px-10 capitalize pointer-events-none\">Apply config</button>\n      - unexpected value \"disabled\"","time":{"start":1763350498914,"stop":1763350550307,"duration":51393}},{"uid":"436ba7532afcb1f6","status":"failed","statusDetails":"AssertionError: [TimeoutError] during step: Click Apply config button\nMessage: Element not ready for click after 10000ms: <Locator frame=<Frame name= url='https://console.dev.apolo.us/apps/postgres/install?cluster=default&project=regression-proj-12eukawll4&org=regression-org-zpt9kqoir4nn'> selector='internal:role=button[name=\"Apply config\"i]'>\nLast error: Locator expected to be enabled\nActual value: disabled \nCall log:\n  - Expect \"to_be_enabled\" with timeout 500ms\n  - waiting for get_by_role(\"button\", name=\"Apply config\")\n    4 × locator resolved to <button disabled type=\"button\" class=\"relative inline-flex cursor-pointer items-center justify-center rounded-xl py-1 transition-colors text-button h-12 gap-2 bg-primary text-white hover:bg-primary-medium active:bg-primary-dark disabled:bg-neural-01 disabled:text-neural-03 px-10 capitalize pointer-events-none\">Apply config</button>\n      - unexpected value \"disabled\"","time":{"start":1763264091950,"stop":1763264142867,"duration":50917}},{"uid":"711e7bdac4817868","status":"failed","statusDetails":"AssertionError: [TimeoutError] during step: Click Apply config button\nMessage: Element not ready for click after 10000ms: <Locator frame=<Frame name= url='https://console.dev.apolo.us/apps/postgres/install?cluster=default&project=regression-proj-83nh95rcqv&org=regression-org-866ezezqix1z'> selector='internal:role=button[name=\"Apply config\"i]'>\nLast error: Locator expected to be enabled\nActual value: disabled \nCall log:\n  - Expect \"to_be_enabled\" with timeout 500ms\n  - waiting for get_by_role(\"button\", name=\"Apply config\")\n    4 × locator resolved to <button disabled type=\"button\" class=\"relative inline-flex cursor-pointer items-center justify-center rounded-xl py-1 transition-colors text-button h-12 gap-2 bg-primary text-white hover:bg-primary-medium active:bg-primary-dark disabled:bg-neural-01 disabled:text-neural-03 px-10 capitalize pointer-events-none\">Apply config</button>\n      - unexpected value \"disabled\"","time":{"start":1763177600158,"stop":1763177651391,"duration":51233}},{"uid":"eec1af8d985a640a","status":"failed","statusDetails":"AssertionError: [TimeoutError] during step: Click Apply config button\nMessage: Element not ready for click after 10000ms: <Locator frame=<Frame name= url='https://console.dev.apolo.us/apps/postgres/install?cluster=default&project=regression-proj-3bnece5nms&org=regression-org-vj2tm34fru21'> selector='internal:role=button[name=\"Apply config\"i]'>\nLast error: Locator expected to be enabled\nActual value: disabled \nCall log:\n  - Expect \"to_be_enabled\" with timeout 500ms\n  - waiting for get_by_role(\"button\", name=\"Apply config\")\n    4 × locator resolved to <button disabled type=\"button\" class=\"relative inline-flex cursor-pointer items-center justify-center rounded-xl py-1 transition-colors text-button h-12 gap-2 bg-primary text-white hover:bg-primary-medium active:bg-primary-dark disabled:bg-neural-01 disabled:text-neural-03 px-10 capitalize pointer-events-none\">Apply config</button>\n      - unexpected value \"disabled\"","time":{"start":1763090891517,"stop":1763090942484,"duration":50967}},{"uid":"d54f8a8de739b0c2","status":"passed","time":{"start":1763005143862,"stop":1763005182539,"duration":38677}},{"uid":"e814139d8923646d","status":"passed","time":{"start":1762918137289,"stop":1762918170320,"duration":33031}},{"uid":"2a2f44fde65ccdce","status":"passed","time":{"start":1762831436284,"stop":1762831469343,"duration":33059}},{"uid":"d14eb4deb491372f","status":"passed","time":{"start":1762744736165,"stop":1762744759896,"duration":23731}},{"uid":"91fde70d34f90970","status":"passed","time":{"start":1762658195937,"stop":1762658218673,"duration":22736}},{"uid":"c9daab177ff6c912","status":"passed","time":{"start":1762571756589,"stop":1762571780357,"duration":23768}},{"uid":"244c26bb5a87c208","status":"failed","statusDetails":"AssertionError: [AssertionError] during step: Verify that Postgres install page displayed\nMessage: Postgres Install page should be displayed!","time":{"start":1762485459926,"stop":1762485529312,"duration":69386}}]},"tags":["asyncio","class_setup"]},"source":"70c680af4692a06a.json","parameterValues":[]}