{"uid":"75a1e1f608810949","name":"Verify User can reach Installed apps page from app container via UI","fullName":"tests.test_cases.tests_e2e.test_service_deployment_app.TestE2EServiceDeploymentApp#test_serv_depl_installed_apps_from_container_via_ui","historyId":"2dc22cd29899aa11179fb86c69b9e775","time":{"start":1767152670974,"stop":1767152670974,"duration":0},"description":"\n### Pre-conditions:\n- Service Deployment app installed.\n\n### Steps:\n- Login with valid credentials.\n- Click `Show All` button on Service Deployment App container.\n\n### Verify that:\n\n- Service Deployment app displayed in Installed Apps.\n","descriptionHtml":"<div style='line-height:1.6;'><h3>Pre-conditions:</h3>\n<ul>\n<li>Service Deployment app installed.</li>\n</ul>\n<h3>Steps:</h3>\n<ul>\n<li>Login with valid credentials.</li>\n<li>Click <span style='background-color:#D3D3D3; padding:2px 4px; border-radius:3px; font-family:monospace;'>Show All</span> button on Service Deployment App container.</li>\n</ul>\n<h3>Verify that:</h3>\n<ul>\n<li>Service Deployment app displayed in Installed Apps.</li>\n</ul></div>","status":"skipped","statusMessage":"Skipped: Service Deployment app was not installed successfully","statusTrace":"('/home/runner/work/apolo-test-automation/apolo-test-automation/tests/test_cases/tests_e2e/test_service_deployment_app.py', 334, 'Skipped: Service Deployment app was not installed successfully')","flaky":false,"newFailed":false,"newBroken":false,"newPassed":false,"retriesCount":0,"retriesStatusChange":false,"beforeStages":[{"name":"_verify_url","time":{"start":1767144721021,"stop":1767144721021,"duration":0},"status":"passed","steps":[],"attachments":[],"parameters":[],"shouldDisplayMessage":false,"stepsCount":0,"attachmentsCount":0,"hasContent":false,"attachmentStep":false},{"name":"base_url","time":{"start":1767144721021,"stop":1767144721021,"duration":0},"status":"passed","steps":[],"attachments":[],"parameters":[],"shouldDisplayMessage":false,"stepsCount":0,"attachmentsCount":0,"hasContent":false,"attachmentStep":false},{"name":"ensure_storage_directories","time":{"start":1767144721022,"stop":1767144721022,"duration":0},"status":"passed","steps":[],"attachments":[],"parameters":[],"shouldDisplayMessage":false,"stepsCount":0,"attachmentsCount":0,"hasContent":false,"attachmentStep":false},{"name":"pytestconfig","time":{"start":1767144721022,"stop":1767144721022,"duration":0},"status":"passed","steps":[],"attachments":[],"parameters":[],"shouldDisplayMessage":false,"stepsCount":0,"attachmentsCount":0,"hasContent":false,"attachmentStep":false},{"name":"delay_worker_start","time":{"start":1767144721022,"stop":1767144721022,"duration":0},"status":"passed","steps":[],"attachments":[],"parameters":[],"shouldDisplayMessage":false,"stepsCount":0,"attachmentsCount":0,"hasContent":false,"attachmentStep":false},{"name":"delete_output_dir","time":{"start":1767144721022,"stop":1767144721022,"duration":0},"status":"passed","steps":[],"attachments":[],"parameters":[],"shouldDisplayMessage":false,"stepsCount":0,"attachmentsCount":0,"hasContent":false,"attachmentStep":false},{"name":"event_loop_policy","time":{"start":1767144721022,"stop":1767144721022,"duration":0},"status":"passed","steps":[],"attachments":[],"parameters":[],"shouldDisplayMessage":false,"stepsCount":0,"attachmentsCount":0,"hasContent":false,"attachmentStep":false},{"name":"test_config","time":{"start":1767152670975,"stop":1767152670981,"duration":6},"status":"passed","steps":[],"attachments":[],"parameters":[],"shouldDisplayMessage":false,"stepsCount":0,"attachmentsCount":0,"hasContent":false,"attachmentStep":false},{"name":"page_manager","time":{"start":1767152670981,"stop":1767152671669,"duration":688},"status":"passed","steps":[],"attachments":[],"parameters":[],"shouldDisplayMessage":false,"stepsCount":0,"attachmentsCount":0,"hasContent":false,"attachmentStep":false},{"name":"_function_scoped_runner","time":{"start":1767152670981,"stop":1767152670981,"duration":0},"status":"passed","steps":[],"attachments":[],"parameters":[],"shouldDisplayMessage":false,"stepsCount":0,"attachmentsCount":0,"hasContent":false,"attachmentStep":false},{"name":"users_manager","time":{"start":1767152671669,"stop":1767152671669,"duration":0},"status":"passed","steps":[],"attachments":[],"parameters":[],"shouldDisplayMessage":false,"stepsCount":0,"attachmentsCount":0,"hasContent":false,"attachmentStep":false},{"name":"data_manager","time":{"start":1767152671669,"stop":1767152671669,"duration":0},"status":"passed","steps":[],"attachments":[],"parameters":[],"shouldDisplayMessage":false,"stepsCount":0,"attachmentsCount":0,"hasContent":false,"attachmentStep":false},{"name":"setup_cleanup","time":{"start":1767152671670,"stop":1767152671671,"duration":1},"status":"passed","steps":[],"attachments":[],"parameters":[],"shouldDisplayMessage":false,"stepsCount":0,"attachmentsCount":0,"hasContent":false,"attachmentStep":false},{"name":"apolo_cli","time":{"start":1767152671670,"stop":1767152671670,"duration":0},"status":"passed","steps":[],"attachments":[],"parameters":[],"shouldDisplayMessage":false,"stepsCount":0,"attachmentsCount":0,"hasContent":false,"attachmentStep":false},{"name":"api_helper","time":{"start":1767152671670,"stop":1767152671670,"duration":0},"status":"passed","steps":[],"attachments":[],"parameters":[],"shouldDisplayMessage":false,"stepsCount":0,"attachmentsCount":0,"hasContent":false,"attachmentStep":false},{"name":"add_page_manager","time":{"start":1767152671671,"stop":1767152671672,"duration":1},"status":"passed","steps":[],"attachments":[],"parameters":[],"shouldDisplayMessage":false,"stepsCount":0,"attachmentsCount":0,"hasContent":false,"attachmentStep":false},{"name":"setup","time":{"start":1767152671672,"stop":1767152671672,"duration":0},"status":"passed","steps":[],"attachments":[],"parameters":[],"shouldDisplayMessage":false,"stepsCount":0,"attachmentsCount":0,"hasContent":false,"attachmentStep":false},{"name":"_inject_fixtures","time":{"start":1767152671672,"stop":1767152671672,"duration":0},"status":"passed","steps":[],"attachments":[],"parameters":[],"shouldDisplayMessage":false,"stepsCount":0,"attachmentsCount":0,"hasContent":false,"attachmentStep":false},{"name":"serv_depl_status","time":{"start":1767152671672,"stop":1767152671672,"duration":0},"status":"skipped","statusMessage":"Skipped: Service Deployment app was not installed successfully\n","statusTrace":"  File \"/home/runner/work/apolo-test-automation/apolo-test-automation/.venv/lib/python3.13/site-packages/pluggy/_callers.py\", line 38, in run_old_style_hookwrapper\n    res = yield\n          ^^^^^\n  File \"/home/runner/work/apolo-test-automation/apolo-test-automation/.venv/lib/python3.13/site-packages/pluggy/_callers.py\", line 139, in _multicall\n    teardown.throw(exception)\n    ~~~~~~~~~~~~~~^^^^^^^^^^^\n  File \"/home/runner/work/apolo-test-automation/apolo-test-automation/.venv/lib/python3.13/site-packages/pytest_asyncio/plugin.py\", line 730, in pytest_fixture_setup\n    return (yield)\n            ^^^^^\n  File \"/home/runner/work/apolo-test-automation/apolo-test-automation/.venv/lib/python3.13/site-packages/pluggy/_callers.py\", line 139, in _multicall\n    teardown.throw(exception)\n    ~~~~~~~~~~~~~~^^^^^^^^^^^\n  File \"/home/runner/work/apolo-test-automation/apolo-test-automation/.venv/lib/python3.13/site-packages/_pytest/setuponly.py\", line 36, in pytest_fixture_setup\n    return (yield)\n            ^^^^^\n  File \"/home/runner/work/apolo-test-automation/apolo-test-automation/.venv/lib/python3.13/site-packages/pluggy/_callers.py\", line 121, in _multicall\n    res = hook_impl.function(*args)\n  File \"/home/runner/work/apolo-test-automation/apolo-test-automation/.venv/lib/python3.13/site-packages/_pytest/fixtures.py\", line 1202, in pytest_fixture_setup\n    result = call_fixture_func(fixturefunc, request, kwargs)\n  File \"/home/runner/work/apolo-test-automation/apolo-test-automation/.venv/lib/python3.13/site-packages/_pytest/fixtures.py\", line 915, in call_fixture_func\n    fixture_result = fixturefunc(**kwargs)\n  File \"/home/runner/work/apolo-test-automation/apolo-test-automation/tests/test_cases/tests_e2e/test_service_deployment_app.py\", line 32, in serv_depl_status\n    pytest.skip(\"Service Deployment app was not installed successfully\")\n    ~~~~~~~~~~~^^^^^^^^^^^^^^^^^^^^^^^^^^^^^^^^^^^^^^^^^^^^^^^^^^^^^^^^^\n  File \"/home/runner/work/apolo-test-automation/apolo-test-automation/.venv/lib/python3.13/site-packages/_pytest/outcomes.py\", line 139, in __call__\n    raise Skipped(msg=reason, allow_module_level=allow_module_level)\n","steps":[],"attachments":[],"parameters":[],"shouldDisplayMessage":true,"stepsCount":0,"attachmentsCount":0,"hasContent":true,"attachmentStep":false}],"testStage":{"description":"\n### Pre-conditions:\n- Service Deployment app installed.\n\n### Steps:\n- Login with valid credentials.\n- Click `Show All` button on Service Deployment App container.\n\n### Verify that:\n\n- Service Deployment app displayed in Installed Apps.\n","descriptionHtml":"<div style='line-height:1.6;'><h3>Pre-conditions:</h3>\n<ul>\n<li>Service Deployment app installed.</li>\n</ul>\n<h3>Steps:</h3>\n<ul>\n<li>Login with valid credentials.</li>\n<li>Click <span style='background-color:#D3D3D3; padding:2px 4px; border-radius:3px; font-family:monospace;'>Show All</span> button on Service Deployment App container.</li>\n</ul>\n<h3>Verify that:</h3>\n<ul>\n<li>Service Deployment app displayed in Installed Apps.</li>\n</ul></div>","status":"skipped","statusMessage":"Skipped: Service Deployment app was not installed successfully","statusTrace":"('/home/runner/work/apolo-test-automation/apolo-test-automation/tests/test_cases/tests_e2e/test_service_deployment_app.py', 334, 'Skipped: Service Deployment app was not installed successfully')","steps":[],"attachments":[{"uid":"45843029d8116995","name":"log","source":"45843029d8116995.txt","type":"text/plain","size":954}],"parameters":[],"shouldDisplayMessage":true,"stepsCount":0,"attachmentsCount":1,"hasContent":true,"attachmentStep":false},"afterStages":[{"name":"add_page_manager::finalizer","time":{"start":1767152671676,"stop":1767152671676,"duration":0},"status":"passed","steps":[],"attachments":[],"parameters":[],"shouldDisplayMessage":false,"stepsCount":0,"attachmentsCount":0,"hasContent":false,"attachmentStep":false},{"name":"setup_cleanup::finalizer","time":{"start":1767152671677,"stop":1767152671677,"duration":0},"status":"passed","steps":[],"attachments":[],"parameters":[],"shouldDisplayMessage":false,"stepsCount":0,"attachmentsCount":0,"hasContent":false,"attachmentStep":false},{"name":"setup_cleanup::finalizer","time":{"start":1767152671677,"stop":1767152671677,"duration":0},"status":"passed","steps":[],"attachments":[],"parameters":[],"shouldDisplayMessage":false,"stepsCount":0,"attachmentsCount":0,"hasContent":false,"attachmentStep":false},{"name":"api_helper::finalizer","time":{"start":1767152671678,"stop":1767152671678,"duration":0},"status":"passed","steps":[],"attachments":[],"parameters":[],"shouldDisplayMessage":false,"stepsCount":0,"attachmentsCount":0,"hasContent":false,"attachmentStep":false},{"name":"_function_scoped_runner::0","time":{"start":1767152671679,"stop":1767152671680,"duration":1},"status":"passed","steps":[],"attachments":[],"parameters":[],"shouldDisplayMessage":false,"stepsCount":0,"attachmentsCount":0,"hasContent":false,"attachmentStep":false}],"labels":[{"name":"parentSuite","value":"E2E Tests"},{"name":"suite","value":"Service Deployment App"},{"name":"tag","value":"asyncio"},{"name":"tag","value":"class_setup"},{"name":"subSuite","value":"TestE2EServiceDeploymentApp"},{"name":"host","value":"runnervmh13bl"},{"name":"thread","value":"3051-MainThread"},{"name":"framework","value":"pytest"},{"name":"language","value":"cpython3"},{"name":"package","value":"tests.test_cases.tests_e2e.test_service_deployment_app"},{"name":"resultFormat","value":"allure2"}],"parameters":[],"links":[],"hidden":false,"retry":false,"extra":{"severity":"normal","retries":[],"categories":[],"history":{"statistic":{"failed":32,"broken":0,"skipped":29,"passed":5,"unknown":0,"total":66},"items":[{"uid":"6f13ef19aaa88d2c","status":"failed","statusDetails":"AssertionError: [TimeoutError] during step: Click `Show All` button on the Service Deployment app container\nMessage: Element not ready for click after 10000ms: <Locator frame=<Frame name= url='https://console.dev.apolo.us/apps?project=regression-proj-qne88e4vps&cluster=default&org=regression-org-w1c3vhsit1tq'> selector='a[href=\"/apps/installed/service-deployment-argocd\"].inline-flex:has-text(\"Show All\")'>\nLast error: Locator.wait_for: Timeout 500ms exceeded.\nCall log:\n  - waiting for locator(\"a[href=\\\"/apps/installed/service-deployment-argocd\\\"].inline-flex:has-text(\\\"Show All\\\")\")","time":{"start":1767065958570,"stop":1767066035306,"duration":76736}},{"uid":"234426d1dcba1b40","status":"failed","statusDetails":"AssertionError: [TimeoutError] during step: Click `Show All` button on the Service Deployment app container\nMessage: Element not ready for click after 10000ms: <Locator frame=<Frame name= url='https://console.dev.apolo.us/apps?project=regression-proj-cjkae330dg&cluster=default&org=regression-org-lt3sa8u4hgai'> selector='a[href=\"/apps/installed/service-deployment-argocd\"].inline-flex:has-text(\"Show All\")'>\nLast error: Locator.wait_for: Timeout 500ms exceeded.\nCall log:\n  - waiting for locator(\"a[href=\\\"/apps/installed/service-deployment-argocd\\\"].inline-flex:has-text(\\\"Show All\\\")\")","time":{"start":1766979734129,"stop":1766979820528,"duration":86399}},{"uid":"53740c0881d71a6c","status":"failed","statusDetails":"AssertionError: [TimeoutError] during step: Click `Show All` button on the Service Deployment app container\nMessage: Element not ready for click after 10000ms: <Locator frame=<Frame name= url='https://console.dev.apolo.us/apps?project=regression-proj-8wf67p6e4q&cluster=default&org=regression-org-4ghpzxz8d4qk'> selector='a[href=\"/apps/installed/service-deployment-argocd\"].inline-flex:has-text(\"Show All\")'>\nLast error: Locator.wait_for: Timeout 500ms exceeded.\nCall log:\n  - waiting for locator(\"a[href=\\\"/apps/installed/service-deployment-argocd\\\"].inline-flex:has-text(\\\"Show All\\\")\")","time":{"start":1766893768496,"stop":1766893845115,"duration":76619}},{"uid":"6be3e0021e6dd2d7","status":"failed","statusDetails":"AssertionError: [TimeoutError] during step: Click `Show All` button on the Service Deployment app container\nMessage: Element not ready for click after 10000ms: <Locator frame=<Frame name= url='https://console.dev.apolo.us/apps?project=regression-proj-4bcgu8kfpg&cluster=default&org=regression-org-7601btc6sooi'> selector='a[href=\"/apps/installed/service-deployment-argocd\"].inline-flex:has-text(\"Show All\")'>\nLast error: Locator.wait_for: Timeout 500ms exceeded.\nCall log:\n  - waiting for locator(\"a[href=\\\"/apps/installed/service-deployment-argocd\\\"].inline-flex:has-text(\\\"Show All\\\")\")","time":{"start":1766806871964,"stop":1766806958503,"duration":86539}},{"uid":"51fd6007f04e6a1","status":"skipped","statusDetails":"Skipped: Service Deployment app was not installed successfully","time":{"start":1766720325020,"stop":1766720325020,"duration":0}},{"uid":"b4e238895d38ebbf","status":"failed","statusDetails":"AssertionError: [TimeoutError] during step: Click `Show All` button on the Service Deployment app container\nMessage: Element not ready for click after 10000ms: <Locator frame=<Frame name= url='https://console.dev.apolo.us/apps?project=regression-proj-vgv3g0zbqi&cluster=default&org=regression-org-c1hlx8j2p8wj'> selector='a[href=\"/apps/installed/service-deployment-argocd\"].inline-flex:has-text(\"Show All\")'>\nLast error: Locator.wait_for: Timeout 500ms exceeded.\nCall log:\n  - waiting for locator(\"a[href=\\\"/apps/installed/service-deployment-argocd\\\"].inline-flex:has-text(\\\"Show All\\\")\")","time":{"start":1766634091689,"stop":1766634168298,"duration":76609}},{"uid":"a9c6be33e7d7ffc3","status":"failed","statusDetails":"AssertionError: [TimeoutError] during step: Click `Show All` button on the Service Deployment app container\nMessage: Element not ready for click after 10000ms: <Locator frame=<Frame name= url='https://console.dev.apolo.us/apps?project=regression-proj-7dg1b3r4ry&cluster=default&org=regression-org-zhkofvvkc26v'> selector='a[href=\"/apps/installed/service-deployment-argocd\"].inline-flex:has-text(\"Show All\")'>\nLast error: Locator.wait_for: Timeout 500ms exceeded.\nCall log:\n  - waiting for locator(\"a[href=\\\"/apps/installed/service-deployment-argocd\\\"].inline-flex:has-text(\\\"Show All\\\")\")","time":{"start":1766547490851,"stop":1766547577058,"duration":86207}},{"uid":"d83ed70c7ee3b935","status":"failed","statusDetails":"AssertionError: [TimeoutError] during step: Click `Show All` button on the Service Deployment app container\nMessage: Element not ready for click after 10000ms: <Locator frame=<Frame name= url='https://console.dev.apolo.us/apps?project=regression-proj-1iqz666w2p&cluster=default&org=regression-org-zme67iet673p'> selector='a[href=\"/apps/installed/service-deployment-argocd\"].inline-flex:has-text(\"Show All\")'>\nLast error: Locator.wait_for: Timeout 500ms exceeded.\nCall log:\n  - waiting for locator(\"a[href=\\\"/apps/installed/service-deployment-argocd\\\"].inline-flex:has-text(\\\"Show All\\\")\")","time":{"start":1766461397069,"stop":1766461474042,"duration":76973}},{"uid":"af08a393ff6d88fb","status":"failed","statusDetails":"AssertionError: [TimeoutError] during step: Click `Show All` button on the Service Deployment app container\nMessage: Element not ready for click after 10000ms: <Locator frame=<Frame name= url='https://console.dev.apolo.us/apps?project=regression-proj-ior4wpmsxh&cluster=default&org=regression-org-a6230xyt3fa3'> selector='a[href=\"/apps/installed/service-deployment-argocd\"].inline-flex:has-text(\"Show All\")'>\nLast error: Locator.wait_for: Timeout 500ms exceeded.\nCall log:\n  - waiting for locator(\"a[href=\\\"/apps/installed/service-deployment-argocd\\\"].inline-flex:has-text(\\\"Show All\\\")\")","time":{"start":1766376056953,"stop":1766376133956,"duration":77003}},{"uid":"f97e975616a55f5b","status":"failed","statusDetails":"AssertionError: [TimeoutError] during step: Click `Show All` button on the Service Deployment app container\nMessage: Element not ready for click after 10000ms: <Locator frame=<Frame name= url='https://console.dev.apolo.us/apps?project=regression-proj-ph6wty4sdc&cluster=default&org=regression-org-bhhpdpt398te'> selector='a[href=\"/apps/installed/service-deployment-argocd\"].inline-flex:has-text(\"Show All\")'>\nLast error: Locator.wait_for: Timeout 500ms exceeded.\nCall log:\n  - waiting for locator(\"a[href=\\\"/apps/installed/service-deployment-argocd\\\"].inline-flex:has-text(\\\"Show All\\\")\")","time":{"start":1766289152753,"stop":1766289239076,"duration":86323}},{"uid":"1152bffd1cf33f25","status":"skipped","statusDetails":"Skipped: Service Deployment app was not installed successfully","time":{"start":1766202349211,"stop":1766202349211,"duration":0}},{"uid":"61aa69138910d56","status":"failed","statusDetails":"AssertionError: [TimeoutError] during step: Click `Show All` button on the Service Deployment app container\nMessage: Element not ready for click after 10000ms: <Locator frame=<Frame name= url='https://console.dev.apolo.us/apps?project=regression-proj-6ry66nkq0q&cluster=default&org=regression-org-f5fldeaiuvrr'> selector='a[href=\"/apps/installed/service-deployment-argocd\"].inline-flex:has-text(\"Show All\")'>\nLast error: Locator.wait_for: Timeout 500ms exceeded.\nCall log:\n  - waiting for locator(\"a[href=\\\"/apps/installed/service-deployment-argocd\\\"].inline-flex:has-text(\\\"Show All\\\")\")","time":{"start":1766116394080,"stop":1766116480171,"duration":86091}},{"uid":"25b9ca2c0c96000d","status":"failed","statusDetails":"AssertionError: [TimeoutError] during step: Click `Show All` button on the Service Deployment app container\nMessage: Element not ready for click after 10000ms: <Locator frame=<Frame name= url='https://console.dev.apolo.us/apps?project=regression-proj-gmq3u4f71s&cluster=default&org=regression-org-k1ds3p2hml5w'> selector='a[href=\"/apps/installed/service-deployment-argocd\"].inline-flex:has-text(\"Show All\")'>\nLast error: Locator.wait_for: Timeout 500ms exceeded.\nCall log:\n  - waiting for locator(\"a[href=\\\"/apps/installed/service-deployment-argocd\\\"].inline-flex:has-text(\\\"Show All\\\")\")","time":{"start":1766029685410,"stop":1766029764560,"duration":79150}},{"uid":"3bdf6682d04704","status":"failed","statusDetails":"AssertionError: [TimeoutError] during step: Click `Show All` button on the Service Deployment app container\nMessage: Element not ready for click after 10000ms: <Locator frame=<Frame name= url='https://console.dev.apolo.us/apps?project=regression-proj-s5lq4whw9o&cluster=default&org=regression-org-00jj33kpbmz2'> selector='a[href=\"/apps/installed/service-deployment-argocd\"].inline-flex:has-text(\"Show All\")'>\nLast error: Locator.wait_for: Timeout 500ms exceeded.\nCall log:\n  - waiting for locator(\"a[href=\\\"/apps/installed/service-deployment-argocd\\\"].inline-flex:has-text(\\\"Show All\\\")\")","time":{"start":1765944120067,"stop":1765944197416,"duration":77349}},{"uid":"a7e5c99a94b11615","status":"skipped","statusDetails":"Skipped: Service Deployment app was not installed successfully","time":{"start":1765858207372,"stop":1765858207372,"duration":0}},{"uid":"cd62ab7a0967c099","status":"failed","statusDetails":"AssertionError: [TimeoutError] during step: Click `Show All` button on the Service Deployment app container\nMessage: Element not ready for click after 10000ms: <Locator frame=<Frame name= url='https://console.dev.apolo.us/apps?project=regression-proj-oq8h93vxgr&cluster=default&org=regression-org-5xh1akm3rt1s'> selector='a[href=\"/apps/installed/service-deployment-argocd\"].inline-flex:has-text(\"Show All\")'>\nLast error: Locator.wait_for: Timeout 500ms exceeded.\nCall log:\n  - waiting for locator(\"a[href=\\\"/apps/installed/service-deployment-argocd\\\"].inline-flex:has-text(\\\"Show All\\\")\")","time":{"start":1765771523323,"stop":1765771600444,"duration":77121}},{"uid":"e67bd4cebadb4c41","status":"failed","statusDetails":"AssertionError: [TimeoutError] during step: Click `Show All` button on the Service Deployment app container\nMessage: Element not ready for click after 10000ms: <Locator frame=<Frame name= url='https://console.dev.apolo.us/apps?project=regression-proj-0tkq05cdx0&cluster=default&org=regression-org-f4gopjsxhkpg'> selector='a[href=\"/apps/installed/service-deployment-argocd\"].inline-flex:has-text(\"Show All\")'>\nLast error: Locator.wait_for: Timeout 500ms exceeded.\nCall log:\n  - waiting for locator(\"a[href=\\\"/apps/installed/service-deployment-argocd\\\"].inline-flex:has-text(\\\"Show All\\\")\")","time":{"start":1765685012883,"stop":1765685098943,"duration":86060}},{"uid":"de917aad203642aa","status":"failed","statusDetails":"AssertionError: [TimeoutError] during step: Click `Show All` button on the Service Deployment app container\nMessage: Element not ready for click after 10000ms: <Locator frame=<Frame name= url='https://console.dev.apolo.us/apps?project=regression-proj-ndy65fb7ai&cluster=default&org=regression-org-v3nmskc2am4d'> selector='a[href=\"/apps/installed/service-deployment-argocd\"].inline-flex:has-text(\"Show All\")'>\nLast error: Locator.wait_for: Timeout 500ms exceeded.\nCall log:\n  - waiting for locator(\"a[href=\\\"/apps/installed/service-deployment-argocd\\\"].inline-flex:has-text(\\\"Show All\\\")\")","time":{"start":1765599082180,"stop":1765599168288,"duration":86108}},{"uid":"b4d20139f72b3066","status":"failed","statusDetails":"AssertionError: [TimeoutError] during step: Click `Show All` button on the Service Deployment app container\nMessage: Element not ready for click after 10000ms: <Locator frame=<Frame name= url='https://console.dev.apolo.us/apps?project=regression-proj-tlgfzbfw7f&cluster=default&org=regression-org-sxqdl2h14fno'> selector='a[href=\"/apps/installed/service-deployment-argocd\"].inline-flex:has-text(\"Show All\")'>\nLast error: Locator.wait_for: Timeout 500ms exceeded.\nCall log:\n  - waiting for locator(\"a[href=\\\"/apps/installed/service-deployment-argocd\\\"].inline-flex:has-text(\\\"Show All\\\")\")","time":{"start":1765512746892,"stop":1765512833353,"duration":86461}},{"uid":"90dca44ad72ab1f8","status":"failed","statusDetails":"AssertionError: [TimeoutError] during step: Click `Show All` button on the Service Deployment app container\nMessage: Element not ready for click after 10000ms: <Locator frame=<Frame name= url='https://console.dev.apolo.us/apps?project=regression-proj-5us34llmjx&cluster=default&org=regression-org-jsr06wv64ybe'> selector='a[href=\"/apps/installed/service-deployment-argocd\"].inline-flex:has-text(\"Show All\")'>\nLast error: Locator.wait_for: Timeout 500ms exceeded.\nCall log:\n  - waiting for locator(\"a[href=\\\"/apps/installed/service-deployment-argocd\\\"].inline-flex:has-text(\\\"Show All\\\")\")","time":{"start":1765338564134,"stop":1765338640998,"duration":76864}}]},"tags":["asyncio","class_setup"]},"source":"75a1e1f608810949.json","parameterValues":[]}