{"uid":"760a4b7ca6ae64fe","name":"Verify installed Service Deployment app info displayed on the app container via UI","fullName":"tests.test_cases.tests_e2e.test_service_deployment_app.TestE2EServiceDeploymentApp#test_serv_depl_container_installed_info_via_ui","historyId":"d035302d13b80d03bf04686b20814327","time":{"start":1761184997427,"stop":1761185017770,"duration":20343},"description":"\n### Pre-conditions:\n- Service Deployment app installed.\n\n### Steps:\n- Login with valid credentials.\n\n### Verify that:\n\n- Label `Installed` is displayed on the Service Deployment app container.\n- `Show All` button displayed on the Service Deployment app container.\n","descriptionHtml":"<div style='line-height:1.6;'><h3>Pre-conditions:</h3>\n<ul>\n<li>Service Deployment app installed.</li>\n</ul>\n<h3>Steps:</h3>\n<ul>\n<li>Login with valid credentials.</li>\n</ul>\n<h3>Verify that:</h3>\n<ul>\n<li>Label <span style='background-color:#D3D3D3; padding:2px 4px; border-radius:3px; font-family:monospace;'>Installed</span> is displayed on the Service Deployment app container.</li>\n<li><span style='background-color:#D3D3D3; padding:2px 4px; border-radius:3px; font-family:monospace;'>Show All</span> button displayed on the Service Deployment app container.</li>\n</ul></div>","status":"failed","statusMessage":"AssertionError: [AssertionError] during step: Login via UI\nMessage: [AssertionError] during step: Verify Apps page displayed\nMessage: Apps page should be displayed!","statusTrace":"tests/reporting_hooks/reporting.py:49: in wrapper\n    result = await func(*args, **kwargs)\n             ^^^^^^^^^^^^^^^^^^^^^^^^^^^\ntests/test_cases/steps/ui_steps/page_steps_impl/apps_page_steps.py:14: in verify_ui_page_displayed\n    assert await self._pm.apps_page.is_loaded(), \"Apps page should be displayed!\"\n           ^^^^^^^^^^^^^^^^^^^^^^^^^^^^^^^^^^^^\nE   AssertionError: Apps page should be displayed!\n\nThe above exception was the direct cause of the following exception:\ntests/reporting_hooks/reporting.py:49: in wrapper\n    result = await func(*args, **kwargs)\n             ^^^^^^^^^^^^^^^^^^^^^^^^^^^\ntests/test_cases/steps/ui_steps/ui_steps.py:86: in ui_login\n    await self.apps_page.verify_ui_page_displayed()\ntests/reporting_hooks/reporting.py:58: in wrapper\n    raise AssertionError(formatted_msg) from e\nE   AssertionError: [AssertionError] during step: Verify Apps page displayed\nE   Message: Apps page should be displayed!\n\nThe above exception was the direct cause of the following exception:\ntests/test_cases/tests_e2e/test_service_deployment_app.py:327: in test_serv_depl_container_installed_info_via_ui\n    await ui_steps.ui_login(user, fresh_login=False)\ntests/reporting_hooks/reporting.py:58: in wrapper\n    raise AssertionError(formatted_msg) from e\nE   AssertionError: [AssertionError] during step: Login via UI\nE   Message: [AssertionError] during step: Verify Apps page displayed\nE   Message: Apps page should be displayed!","flaky":false,"newFailed":false,"newBroken":false,"newPassed":false,"retriesCount":0,"retriesStatusChange":false,"beforeStages":[{"name":"base_url","time":{"start":1761183183368,"stop":1761183183368,"duration":0},"status":"passed","steps":[],"attachments":[],"parameters":[],"shouldDisplayMessage":false,"stepsCount":0,"attachmentsCount":0,"hasContent":false,"attachmentStep":false},{"name":"_verify_url","time":{"start":1761183183368,"stop":1761183183368,"duration":0},"status":"passed","steps":[],"attachments":[],"parameters":[],"shouldDisplayMessage":false,"stepsCount":0,"attachmentsCount":0,"hasContent":false,"attachmentStep":false},{"name":"event_loop_policy","time":{"start":1761183183368,"stop":1761183183368,"duration":0},"status":"passed","steps":[],"attachments":[],"parameters":[],"shouldDisplayMessage":false,"stepsCount":0,"attachmentsCount":0,"hasContent":false,"attachmentStep":false},{"name":"pytestconfig","time":{"start":1761183183369,"stop":1761183183369,"duration":0},"status":"passed","steps":[],"attachments":[],"parameters":[],"shouldDisplayMessage":false,"stepsCount":0,"attachmentsCount":0,"hasContent":false,"attachmentStep":false},{"name":"delay_worker_start","time":{"start":1761183183369,"stop":1761183213369,"duration":30000},"status":"passed","steps":[],"attachments":[],"parameters":[],"shouldDisplayMessage":false,"stepsCount":0,"attachmentsCount":0,"hasContent":false,"attachmentStep":false},{"name":"delete_output_dir","time":{"start":1761183183369,"stop":1761183183369,"duration":0},"status":"passed","steps":[],"attachments":[],"parameters":[],"shouldDisplayMessage":false,"stepsCount":0,"attachmentsCount":0,"hasContent":false,"attachmentStep":false},{"name":"ensure_storage_directories","time":{"start":1761183213369,"stop":1761183213370,"duration":1},"status":"passed","steps":[],"attachments":[],"parameters":[],"shouldDisplayMessage":false,"stepsCount":0,"attachmentsCount":0,"hasContent":false,"attachmentStep":false},{"name":"test_config","time":{"start":1761184995617,"stop":1761184995621,"duration":4},"status":"passed","steps":[],"attachments":[],"parameters":[],"shouldDisplayMessage":false,"stepsCount":0,"attachmentsCount":0,"hasContent":false,"attachmentStep":false},{"name":"page_manager","time":{"start":1761184995621,"stop":1761184997424,"duration":1803},"status":"passed","steps":[],"attachments":[{"uid":"a58308ff2bf33c71","name":"HTTP 200 - GET config","source":"a58308ff2bf33c71.txt","type":"text/plain","size":673}],"parameters":[],"shouldDisplayMessage":false,"stepsCount":0,"attachmentsCount":1,"hasContent":true,"attachmentStep":false},{"name":"_function_scoped_runner","time":{"start":1761184995622,"stop":1761184995622,"duration":0},"status":"passed","steps":[],"attachments":[],"parameters":[],"shouldDisplayMessage":false,"stepsCount":0,"attachmentsCount":0,"hasContent":false,"attachmentStep":false},{"name":"data_manager","time":{"start":1761184997424,"stop":1761184997424,"duration":0},"status":"passed","steps":[],"attachments":[],"parameters":[],"shouldDisplayMessage":false,"stepsCount":0,"attachmentsCount":0,"hasContent":false,"attachmentStep":false},{"name":"setup_cleanup","time":{"start":1761184997425,"stop":1761184997426,"duration":1},"status":"passed","steps":[],"attachments":[],"parameters":[],"shouldDisplayMessage":false,"stepsCount":0,"attachmentsCount":0,"hasContent":false,"attachmentStep":false},{"name":"api_helper","time":{"start":1761184997425,"stop":1761184997425,"duration":0},"status":"passed","steps":[],"attachments":[],"parameters":[],"shouldDisplayMessage":false,"stepsCount":0,"attachmentsCount":0,"hasContent":false,"attachmentStep":false},{"name":"apolo_cli","time":{"start":1761184997425,"stop":1761184997425,"duration":0},"status":"passed","steps":[],"attachments":[],"parameters":[],"shouldDisplayMessage":false,"stepsCount":0,"attachmentsCount":0,"hasContent":false,"attachmentStep":false},{"name":"users_manager","time":{"start":1761184997425,"stop":1761184997425,"duration":0},"status":"passed","steps":[],"attachments":[],"parameters":[],"shouldDisplayMessage":false,"stepsCount":0,"attachmentsCount":0,"hasContent":false,"attachmentStep":false},{"name":"add_page_manager","time":{"start":1761184997426,"stop":1761184997426,"duration":0},"status":"passed","steps":[],"attachments":[],"parameters":[],"shouldDisplayMessage":false,"stepsCount":0,"attachmentsCount":0,"hasContent":false,"attachmentStep":false},{"name":"_inject_fixtures","time":{"start":1761184997426,"stop":1761184997426,"duration":0},"status":"passed","steps":[],"attachments":[],"parameters":[],"shouldDisplayMessage":false,"stepsCount":0,"attachmentsCount":0,"hasContent":false,"attachmentStep":false},{"name":"setup","time":{"start":1761184997426,"stop":1761184997426,"duration":0},"status":"passed","steps":[],"attachments":[],"parameters":[],"shouldDisplayMessage":false,"stepsCount":0,"attachmentsCount":0,"hasContent":false,"attachmentStep":false},{"name":"serv_depl_status","time":{"start":1761184997427,"stop":1761184997427,"duration":0},"status":"passed","steps":[],"attachments":[],"parameters":[],"shouldDisplayMessage":false,"stepsCount":0,"attachmentsCount":0,"hasContent":false,"attachmentStep":false}],"testStage":{"description":"\n### Pre-conditions:\n- Service Deployment app installed.\n\n### Steps:\n- Login with valid credentials.\n\n### Verify that:\n\n- Label `Installed` is displayed on the Service Deployment app container.\n- `Show All` button displayed on the Service Deployment app container.\n","descriptionHtml":"<div style='line-height:1.6;'><h3>Pre-conditions:</h3>\n<ul>\n<li>Service Deployment app installed.</li>\n</ul>\n<h3>Steps:</h3>\n<ul>\n<li>Login with valid credentials.</li>\n</ul>\n<h3>Verify that:</h3>\n<ul>\n<li>Label <span style='background-color:#D3D3D3; padding:2px 4px; border-radius:3px; font-family:monospace;'>Installed</span> is displayed on the Service Deployment app container.</li>\n<li><span style='background-color:#D3D3D3; padding:2px 4px; border-radius:3px; font-family:monospace;'>Show All</span> button displayed on the Service Deployment app container.</li>\n</ul></div>","status":"failed","statusMessage":"AssertionError: [AssertionError] during step: Login via UI\nMessage: [AssertionError] during step: Verify Apps page displayed\nMessage: Apps page should be displayed!","statusTrace":"tests/reporting_hooks/reporting.py:49: in wrapper\n    result = await func(*args, **kwargs)\n             ^^^^^^^^^^^^^^^^^^^^^^^^^^^\ntests/test_cases/steps/ui_steps/page_steps_impl/apps_page_steps.py:14: in verify_ui_page_displayed\n    assert await self._pm.apps_page.is_loaded(), \"Apps page should be displayed!\"\n           ^^^^^^^^^^^^^^^^^^^^^^^^^^^^^^^^^^^^\nE   AssertionError: Apps page should be displayed!\n\nThe above exception was the direct cause of the following exception:\ntests/reporting_hooks/reporting.py:49: in wrapper\n    result = await func(*args, **kwargs)\n             ^^^^^^^^^^^^^^^^^^^^^^^^^^^\ntests/test_cases/steps/ui_steps/ui_steps.py:86: in ui_login\n    await self.apps_page.verify_ui_page_displayed()\ntests/reporting_hooks/reporting.py:58: in wrapper\n    raise AssertionError(formatted_msg) from e\nE   AssertionError: [AssertionError] during step: Verify Apps page displayed\nE   Message: Apps page should be displayed!\n\nThe above exception was the direct cause of the following exception:\ntests/test_cases/tests_e2e/test_service_deployment_app.py:327: in test_serv_depl_container_installed_info_via_ui\n    await ui_steps.ui_login(user, fresh_login=False)\ntests/reporting_hooks/reporting.py:58: in wrapper\n    raise AssertionError(formatted_msg) from e\nE   AssertionError: [AssertionError] during step: Login via UI\nE   Message: [AssertionError] during step: Verify Apps page displayed\nE   Message: Apps page should be displayed!","steps":[{"name":"Login via UI","time":{"start":1761184997427,"stop":1761185017770,"duration":20343},"status":"failed","statusMessage":"AssertionError: [AssertionError] during step: Login via UI\nMessage: [AssertionError] during step: Verify Apps page displayed\nMessage: Apps page should be displayed!\n","statusTrace":"  File \"/home/runner/work/apolo-test-automation/apolo-test-automation/tests/reporting_hooks/reporting.py\", line 58, in wrapper\n    raise AssertionError(formatted_msg) from e\n","steps":[{"name":"Click login button","time":{"start":1761184997428,"stop":1761184998354,"duration":926},"status":"passed","steps":[],"attachments":[{"uid":"e2db0ee963f03d30","name":"Page URL","source":"e2db0ee963f03d30.txt","type":"text/plain","size":33},{"uid":"f0966db6561902b8","name":"Screenshot: Click login button (success)","source":"f0966db6561902b8.png","type":"image/png","size":88578}],"parameters":[],"shouldDisplayMessage":false,"stepsCount":0,"attachmentsCount":2,"hasContent":true,"attachmentStep":false},{"name":"Enter email","time":{"start":1761184998354,"stop":1761184998755,"duration":401},"status":"passed","steps":[],"attachments":[{"uid":"ab855a0b90c863ce","name":"Page URL","source":"ab855a0b90c863ce.txt","type":"text/plain","size":33},{"uid":"a9cfae989905438c","name":"Screenshot: Enter email (success)","source":"a9cfae989905438c.png","type":"image/png","size":46227}],"parameters":[],"shouldDisplayMessage":false,"stepsCount":0,"attachmentsCount":2,"hasContent":true,"attachmentStep":false},{"name":"Enter password","time":{"start":1761184998756,"stop":1761184999114,"duration":358},"status":"passed","steps":[],"attachments":[{"uid":"33bfc5c2d1ee0d05","name":"Page URL","source":"33bfc5c2d1ee0d05.txt","type":"text/plain","size":215},{"uid":"7926f49ed318883e","name":"Screenshot: Enter password (success)","source":"7926f49ed318883e.png","type":"image/png","size":46370}],"parameters":[],"shouldDisplayMessage":false,"stepsCount":0,"attachmentsCount":2,"hasContent":true,"attachmentStep":false},{"name":"Click Continue button","time":{"start":1761184999114,"stop":1761185007512,"duration":8398},"status":"passed","steps":[],"attachments":[{"uid":"de299c587bc02f18","name":"Page URL","source":"de299c587bc02f18.txt","type":"text/plain","size":215},{"uid":"89083d475307f8b4","name":"HTTP 200 - GET config","source":"89083d475307f8b4.txt","type":"text/plain","size":771},{"uid":"1e7fe8e90904ef63","name":"HTTP 200 - GET permissions?uri=blob:","source":"1e7fe8e90904ef63.txt","type":"text/plain","size":182},{"uid":"96c90cf164eb4a3e","name":"HTTP 200 - GET regression-wcu4j9k6ot?include=orgs","source":"96c90cf164eb4a3e.txt","type":"text/plain","size":379},{"uid":"81e75d9581a3ec5","name":"HTTP 200 - GET incoming","source":"81e75d9581a3ec5.txt","type":"text/plain","size":156},{"uid":"721a74a093805de1","name":"HTTP 200 - GET regression-wcu4j9k6ot?include=clusters&include=system_role","source":"721a74a093805de1.txt","type":"text/plain","size":407},{"uid":"70701a9372850fe2","name":"Screenshot: Click Continue button (success)","source":"70701a9372850fe2.png","type":"image/png","size":161146}],"parameters":[],"shouldDisplayMessage":false,"stepsCount":0,"attachmentsCount":7,"hasContent":true,"attachmentStep":false},{"name":"Verify Apps page displayed","time":{"start":1761185007524,"stop":1761185017685,"duration":10161},"status":"failed","statusMessage":"AssertionError: [AssertionError] during step: Verify Apps page displayed\nMessage: Apps page should be displayed!\n","statusTrace":"  File \"/home/runner/work/apolo-test-automation/apolo-test-automation/tests/reporting_hooks/reporting.py\", line 58, in wrapper\n    raise AssertionError(formatted_msg) from e\n","steps":[],"attachments":[{"uid":"b8f0bc0179f4711","name":"Page URL","source":"b8f0bc0179f4711.txt","type":"text/plain","size":44},{"uid":"92e85c384004195f","name":"Screenshot: Verify Apps page displayed (fail)","source":"92e85c384004195f.png","type":"image/png","size":161146}],"parameters":[],"shouldDisplayMessage":true,"stepsCount":0,"attachmentsCount":2,"hasContent":true,"attachmentStep":false}],"attachments":[{"uid":"2227fe55ef8e3b09","name":"Page URL","source":"2227fe55ef8e3b09.txt","type":"text/plain","size":33},{"uid":"24b3d76ba19180fd","name":"Screenshot: Login via UI (fail)","source":"24b3d76ba19180fd.png","type":"image/png","size":161146}],"parameters":[],"shouldDisplayMessage":true,"stepsCount":5,"attachmentsCount":17,"hasContent":true,"attachmentStep":false}],"attachments":[{"uid":"20991794c179c661","name":"log","source":"20991794c179c661.txt","type":"text/plain","size":7099}],"parameters":[],"shouldDisplayMessage":true,"stepsCount":6,"attachmentsCount":18,"hasContent":true,"attachmentStep":false},"afterStages":[{"name":"add_page_manager::finalizer","time":{"start":1761185017794,"stop":1761185017795,"duration":1},"status":"passed","steps":[],"attachments":[],"parameters":[],"shouldDisplayMessage":false,"stepsCount":0,"attachmentsCount":0,"hasContent":false,"attachmentStep":false},{"name":"setup_cleanup::finalizer","time":{"start":1761185017795,"stop":1761185017795,"duration":0},"status":"passed","steps":[],"attachments":[],"parameters":[],"shouldDisplayMessage":false,"stepsCount":0,"attachmentsCount":0,"hasContent":false,"attachmentStep":false},{"name":"setup_cleanup::finalizer","time":{"start":1761185017795,"stop":1761185017795,"duration":0},"status":"passed","steps":[],"attachments":[],"parameters":[],"shouldDisplayMessage":false,"stepsCount":0,"attachmentsCount":0,"hasContent":false,"attachmentStep":false},{"name":"api_helper::finalizer","time":{"start":1761185017795,"stop":1761185017795,"duration":0},"status":"passed","steps":[],"attachments":[],"parameters":[],"shouldDisplayMessage":false,"stepsCount":0,"attachmentsCount":0,"hasContent":false,"attachmentStep":false},{"name":"_function_scoped_runner::0","time":{"start":1761185017796,"stop":1761185017797,"duration":1},"status":"passed","steps":[],"attachments":[],"parameters":[],"shouldDisplayMessage":false,"stepsCount":0,"attachmentsCount":0,"hasContent":false,"attachmentStep":false}],"labels":[{"name":"parentSuite","value":"E2E Tests"},{"name":"suite","value":"Service Deployment App"},{"name":"tag","value":"asyncio"},{"name":"tag","value":"class_setup"},{"name":"subSuite","value":"TestE2EServiceDeploymentApp"},{"name":"host","value":"runnervmwhb2z"},{"name":"thread","value":"3616-MainThread"},{"name":"framework","value":"pytest"},{"name":"language","value":"cpython3"},{"name":"package","value":"tests.test_cases.tests_e2e.test_service_deployment_app"},{"name":"resultFormat","value":"allure2"}],"parameters":[],"links":[],"hidden":false,"retry":false,"extra":{"severity":"normal","retries":[],"categories":[{"name":"Product defects","matchedStatuses":[],"flaky":false}],"tags":["asyncio","class_setup"]},"source":"760a4b7ca6ae64fe.json","parameterValues":[]}