{"uid":"7671a1751729694f","name":"Import PostgreSQL app config via UI","fullName":"tests.test_cases.tests_e2e.test_postgres_app.TestE2EPostgresApp#test_import_app_config_via_ui","historyId":"6027e8cd2644334624ebc9112e34068b","time":{"start":1769099060657,"stop":1769099126028,"duration":65371},"description":"\n- Login with valid credentials.\n- Create new organization via **API**.\n- Create new project via **API**.\n- Import PostgreSQL app config via UI.\n\n### Verify that:\n\n- Install required data is the same as in imported config.\n","descriptionHtml":"<div style='line-height:1.6;'><ul>\n<li>Login with valid credentials.</li>\n<li>Create new organization via <strong>API</strong>.</li>\n<li>Create new project via <strong>API</strong>.</li>\n<li>Import PostgreSQL app config via UI.</li>\n</ul>\n<h3>Verify that:</h3>\n<ul>\n<li>Install required data is the same as in imported config.</li>\n</ul></div>","status":"failed","statusMessage":"AssertionError: [AssertionError] during step: Verify that Postgres install page displayed\nMessage: Postgres Install page should be displayed!","statusTrace":"tests/reporting_hooks/reporting.py:49: in wrapper\n    result = await func(*args, **kwargs)\n             ^^^^^^^^^^^^^^^^^^^^^^^^^^^\ntests/test_cases/steps/ui_steps/page_steps_impl/apps/postgress_install_page_steps.py:19: in verify_ui_page_displayed\n    assert await self._pm.postgres_install_page.is_loaded(), (\n           ^^^^^^^^^^^^^^^^^^^^^^^^^^^^^^^^^^^^^^^^^^^^^^^^\nE   AssertionError: Postgres Install page should be displayed!\n\nThe above exception was the direct cause of the following exception:\ntests/test_cases/tests_e2e/test_postgres_app.py:773: in test_import_app_config_via_ui\n    await ui_steps.postgres_install_page.verify_ui_page_displayed()\ntests/reporting_hooks/reporting.py:58: in wrapper\n    raise AssertionError(formatted_msg) from e\nE   AssertionError: [AssertionError] during step: Verify that Postgres install page displayed\nE   Message: Postgres Install page should be displayed!","flaky":false,"newFailed":false,"newBroken":false,"newPassed":false,"retriesCount":0,"retriesStatusChange":false,"beforeStages":[{"name":"base_url","time":{"start":1769091478886,"stop":1769091478886,"duration":0},"status":"passed","steps":[],"attachments":[],"parameters":[],"shouldDisplayMessage":false,"stepsCount":0,"attachmentsCount":0,"hasContent":false,"attachmentStep":false},{"name":"_verify_url","time":{"start":1769091478886,"stop":1769091478886,"duration":0},"status":"passed","steps":[],"attachments":[],"parameters":[],"shouldDisplayMessage":false,"stepsCount":0,"attachmentsCount":0,"hasContent":false,"attachmentStep":false},{"name":"pytestconfig","time":{"start":1769091478886,"stop":1769091478887,"duration":1},"status":"passed","steps":[],"attachments":[],"parameters":[],"shouldDisplayMessage":false,"stepsCount":0,"attachmentsCount":0,"hasContent":false,"attachmentStep":false},{"name":"delete_output_dir","time":{"start":1769091478887,"stop":1769091478887,"duration":0},"status":"passed","steps":[],"attachments":[],"parameters":[],"shouldDisplayMessage":false,"stepsCount":0,"attachmentsCount":0,"hasContent":false,"attachmentStep":false},{"name":"ensure_storage_directories","time":{"start":1769091478887,"stop":1769091478887,"duration":0},"status":"passed","steps":[],"attachments":[],"parameters":[],"shouldDisplayMessage":false,"stepsCount":0,"attachmentsCount":0,"hasContent":false,"attachmentStep":false},{"name":"delay_worker_start","time":{"start":1769091478887,"stop":1769091478887,"duration":0},"status":"passed","steps":[],"attachments":[],"parameters":[],"shouldDisplayMessage":false,"stepsCount":0,"attachmentsCount":0,"hasContent":false,"attachmentStep":false},{"name":"event_loop_policy","time":{"start":1769091478887,"stop":1769091478887,"duration":0},"status":"passed","steps":[],"attachments":[],"parameters":[],"shouldDisplayMessage":false,"stepsCount":0,"attachmentsCount":0,"hasContent":false,"attachmentStep":false},{"name":"test_config","time":{"start":1769099030260,"stop":1769099030263,"duration":3},"status":"passed","steps":[],"attachments":[],"parameters":[],"shouldDisplayMessage":false,"stepsCount":0,"attachmentsCount":0,"hasContent":false,"attachmentStep":false},{"name":"page_manager","time":{"start":1769099030263,"stop":1769099060654,"duration":30391},"status":"passed","steps":[],"attachments":[],"parameters":[],"shouldDisplayMessage":false,"stepsCount":0,"attachmentsCount":0,"hasContent":false,"attachmentStep":false},{"name":"_function_scoped_runner","time":{"start":1769099030264,"stop":1769099030264,"duration":0},"status":"passed","steps":[],"attachments":[],"parameters":[],"shouldDisplayMessage":false,"stepsCount":0,"attachmentsCount":0,"hasContent":false,"attachmentStep":false},{"name":"data_manager","time":{"start":1769099060654,"stop":1769099060655,"duration":1},"status":"passed","steps":[],"attachments":[],"parameters":[],"shouldDisplayMessage":false,"stepsCount":0,"attachmentsCount":0,"hasContent":false,"attachmentStep":false},{"name":"apolo_cli","time":{"start":1769099060655,"stop":1769099060656,"duration":1},"status":"passed","steps":[],"attachments":[],"parameters":[],"shouldDisplayMessage":false,"stepsCount":0,"attachmentsCount":0,"hasContent":false,"attachmentStep":false},{"name":"api_helper","time":{"start":1769099060655,"stop":1769099060655,"duration":0},"status":"passed","steps":[],"attachments":[],"parameters":[],"shouldDisplayMessage":false,"stepsCount":0,"attachmentsCount":0,"hasContent":false,"attachmentStep":false},{"name":"users_manager","time":{"start":1769099060655,"stop":1769099060655,"duration":0},"status":"passed","steps":[],"attachments":[],"parameters":[],"shouldDisplayMessage":false,"stepsCount":0,"attachmentsCount":0,"hasContent":false,"attachmentStep":false},{"name":"add_page_manager","time":{"start":1769099060656,"stop":1769099060656,"duration":0},"status":"passed","steps":[],"attachments":[],"parameters":[],"shouldDisplayMessage":false,"stepsCount":0,"attachmentsCount":0,"hasContent":false,"attachmentStep":false},{"name":"_inject_fixtures","time":{"start":1769099060656,"stop":1769099060656,"duration":0},"status":"passed","steps":[],"attachments":[],"parameters":[],"shouldDisplayMessage":false,"stepsCount":0,"attachmentsCount":0,"hasContent":false,"attachmentStep":false},{"name":"setup","time":{"start":1769099060656,"stop":1769099060657,"duration":1},"status":"passed","steps":[],"attachments":[],"parameters":[],"shouldDisplayMessage":false,"stepsCount":0,"attachmentsCount":0,"hasContent":false,"attachmentStep":false},{"name":"setup_cleanup","time":{"start":1769099060656,"stop":1769099060656,"duration":0},"status":"passed","steps":[],"attachments":[],"parameters":[],"shouldDisplayMessage":false,"stepsCount":0,"attachmentsCount":0,"hasContent":false,"attachmentStep":false}],"testStage":{"description":"\n- Login with valid credentials.\n- Create new organization via **API**.\n- Create new project via **API**.\n- Import PostgreSQL app config via UI.\n\n### Verify that:\n\n- Install required data is the same as in imported config.\n","descriptionHtml":"<div style='line-height:1.6;'><ul>\n<li>Login with valid credentials.</li>\n<li>Create new organization via <strong>API</strong>.</li>\n<li>Create new project via <strong>API</strong>.</li>\n<li>Import PostgreSQL app config via UI.</li>\n</ul>\n<h3>Verify that:</h3>\n<ul>\n<li>Install required data is the same as in imported config.</li>\n</ul></div>","status":"failed","statusMessage":"AssertionError: [AssertionError] during step: Verify that Postgres install page displayed\nMessage: Postgres Install page should be displayed!","statusTrace":"tests/reporting_hooks/reporting.py:49: in wrapper\n    result = await func(*args, **kwargs)\n             ^^^^^^^^^^^^^^^^^^^^^^^^^^^\ntests/test_cases/steps/ui_steps/page_steps_impl/apps/postgress_install_page_steps.py:19: in verify_ui_page_displayed\n    assert await self._pm.postgres_install_page.is_loaded(), (\n           ^^^^^^^^^^^^^^^^^^^^^^^^^^^^^^^^^^^^^^^^^^^^^^^^\nE   AssertionError: Postgres Install page should be displayed!\n\nThe above exception was the direct cause of the following exception:\ntests/test_cases/tests_e2e/test_postgres_app.py:773: in test_import_app_config_via_ui\n    await ui_steps.postgres_install_page.verify_ui_page_displayed()\ntests/reporting_hooks/reporting.py:58: in wrapper\n    raise AssertionError(formatted_msg) from e\nE   AssertionError: [AssertionError] during step: Verify that Postgres install page displayed\nE   Message: Postgres Install page should be displayed!","steps":[{"name":"Login via UI","time":{"start":1769099060657,"stop":1769099072425,"duration":11768},"status":"passed","steps":[{"name":"Verify that Auth page displayed","time":{"start":1769099060658,"stop":1769099067779,"duration":7121},"status":"passed","steps":[],"attachments":[{"uid":"2e4f487abb172e40","name":"Page URL","source":"2e4f487abb172e40.txt","type":"text/plain","size":11},{"uid":"31f0d3d42abd2ef7","name":"HTTP 200 - GET config","source":"31f0d3d42abd2ef7.txt","type":"text/plain","size":673},{"uid":"cb5ba46b79aae504","name":"Screenshot: Verify that Auth page displayed (success)","source":"cb5ba46b79aae504.png","type":"image/png","size":88563}],"parameters":[],"shouldDisplayMessage":false,"stepsCount":0,"attachmentsCount":3,"hasContent":true,"attachmentStep":false},{"name":"Click login button","time":{"start":1769099067779,"stop":1769099068820,"duration":1041},"status":"passed","steps":[],"attachments":[{"uid":"30cf3a831c5d3bbb","name":"Page URL","source":"30cf3a831c5d3bbb.txt","type":"text/plain","size":33},{"uid":"97ed414ca84e3c8c","name":"Screenshot: Click login button (success)","source":"97ed414ca84e3c8c.png","type":"image/png","size":41524}],"parameters":[],"shouldDisplayMessage":false,"stepsCount":0,"attachmentsCount":2,"hasContent":true,"attachmentStep":false},{"name":"Verify that Login page displayed","time":{"start":1769099068820,"stop":1769099068919,"duration":99},"status":"passed","steps":[],"attachments":[{"uid":"a232cb6255dd17bb","name":"Page URL","source":"a232cb6255dd17bb.txt","type":"text/plain","size":215},{"uid":"5c43523ac12fd81c","name":"Screenshot: Verify that Login page displayed (success)","source":"5c43523ac12fd81c.png","type":"image/png","size":41637}],"parameters":[],"shouldDisplayMessage":false,"stepsCount":0,"attachmentsCount":2,"hasContent":true,"attachmentStep":false},{"name":"Enter email","time":{"start":1769099068920,"stop":1769099069236,"duration":316},"status":"passed","steps":[],"attachments":[{"uid":"99918808ac3c662d","name":"Page URL","source":"99918808ac3c662d.txt","type":"text/plain","size":215},{"uid":"ce4e5a75e41e492a","name":"Screenshot: Enter email (success)","source":"ce4e5a75e41e492a.png","type":"image/png","size":45748}],"parameters":[],"shouldDisplayMessage":false,"stepsCount":0,"attachmentsCount":2,"hasContent":true,"attachmentStep":false},{"name":"Enter password","time":{"start":1769099069236,"stop":1769099069553,"duration":317},"status":"passed","steps":[],"attachments":[{"uid":"1fd8ed7198e2ca54","name":"Page URL","source":"1fd8ed7198e2ca54.txt","type":"text/plain","size":215},{"uid":"a8d4b3f3bb35b738","name":"Screenshot: Enter password (success)","source":"a8d4b3f3bb35b738.png","type":"image/png","size":45895}],"parameters":[],"shouldDisplayMessage":false,"stepsCount":0,"attachmentsCount":2,"hasContent":true,"attachmentStep":false},{"name":"Click Continue button","time":{"start":1769099069554,"stop":1769099072175,"duration":2621},"status":"passed","steps":[],"attachments":[{"uid":"b31ddfeae32af527","name":"Page URL","source":"b31ddfeae32af527.txt","type":"text/plain","size":215},{"uid":"af8ee8a5a0a558e1","name":"HTTP 200 - GET config","source":"af8ee8a5a0a558e1.txt","type":"text/plain","size":2137},{"uid":"b41be6d6c53221a1","name":"HTTP 200 - GET permissions?uri=blob:","source":"b41be6d6c53221a1.txt","type":"text/plain","size":255},{"uid":"af7aaf67bc5bbe7e","name":"HTTP 200 - GET regression-org-ys40to33xu5s","source":"af7aaf67bc5bbe7e.txt","type":"text/plain","size":444},{"uid":"206636bd659732c8","name":"HTTP 200 - GET instances?org=regression-org-ys40to33xu5s&project=regression-proj-prh2kxy9xj&cluster=default&size=100&exclude_states=uninstalled","source":"206636bd659732c8.txt","type":"text/plain","size":317},{"uid":"96c2d6d6c4f03532","name":"HTTP 200 - GET regression-aln5o6voxg?include=orgs","source":"96c2d6d6c4f03532.txt","type":"text/plain","size":474},{"uid":"790ecc9f9a2a21cd","name":"HTTP 200 - GET incoming","source":"790ecc9f9a2a21cd.txt","type":"text/plain","size":156},{"uid":"9b155c1f8c560cbc","name":"HTTP 200 - GET regression-aln5o6voxg?include=clusters&include=system_role","source":"9b155c1f8c560cbc.txt","type":"text/plain","size":529},{"uid":"9997a73d7ac0d549","name":"HTTP 200 - GET templates","source":"9997a73d7ac0d549.txt","type":"text/plain","size":2146},{"uid":"34e16cf39535b8c0","name":"HTTP 200 - GET instances?org=regression-org-ys40to33xu5s&project=regression-proj-prh2kxy9xj&cluster=default&size=100&exclude_states=uninstalled","source":"34e16cf39535b8c0.txt","type":"text/plain","size":317},{"uid":"6e6921305767e91a","name":"HTTP 200 - GET tags","source":"6e6921305767e91a.txt","type":"text/plain","size":948},{"uid":"4ea4be70a398cc97","name":"HTTP 200 - GET templates?page=1&size=50","source":"4ea4be70a398cc97.txt","type":"text/plain","size":2161},{"uid":"605b4da92da84fd5","name":"Screenshot: Click Continue button (success)","source":"605b4da92da84fd5.png","type":"image/png","size":155898}],"parameters":[],"shouldDisplayMessage":false,"stepsCount":0,"attachmentsCount":13,"hasContent":true,"attachmentStep":false},{"name":"Verify Apps page displayed","time":{"start":1769099072182,"stop":1769099072308,"duration":126},"status":"passed","steps":[],"attachments":[{"uid":"8ad78c028ac3861a","name":"Page URL","source":"8ad78c028ac3861a.txt","type":"text/plain","size":116},{"uid":"4b9fd1976998b7ac","name":"Screenshot: Verify Apps page displayed (success)","source":"4b9fd1976998b7ac.png","type":"image/png","size":156941}],"parameters":[],"shouldDisplayMessage":false,"stepsCount":0,"attachmentsCount":2,"hasContent":true,"attachmentStep":false}],"attachments":[{"uid":"418c8dbc11a7fdbf","name":"Page URL","source":"418c8dbc11a7fdbf.txt","type":"text/plain","size":11},{"uid":"d6fb908ca39c7bc1","name":"Screenshot: Login via UI (success)","source":"d6fb908ca39c7bc1.png","type":"image/png","size":156968}],"parameters":[],"shouldDisplayMessage":false,"stepsCount":7,"attachmentsCount":28,"hasContent":true,"attachmentStep":false},{"name":"Verify PostgreSQL app container displayed on the main page","time":{"start":1769099072425,"stop":1769099113276,"duration":40851},"status":"passed","steps":[],"attachments":[{"uid":"af617af500dac62a","name":"Page URL","source":"af617af500dac62a.txt","type":"text/plain","size":116},{"uid":"a79f214ec75b1511","name":"Screenshot: Verify PostgreSQL app container displayed on the main page (success)","source":"a79f214ec75b1511.png","type":"image/png","size":165147}],"parameters":[],"shouldDisplayMessage":false,"stepsCount":0,"attachmentsCount":2,"hasContent":true,"attachmentStep":false},{"name":"Click Install button on the PostgreSQL container","time":{"start":1769099113277,"stop":1769099115929,"duration":2652},"status":"passed","steps":[],"attachments":[{"uid":"3c509e7700b6e020","name":"Page URL","source":"3c509e7700b6e020.txt","type":"text/plain","size":116},{"uid":"d9237d6b18915b6c","name":"HTTP 200 - GET instances?org=regression-org-ys40to33xu5s&project=regression-proj-prh2kxy9xj&cluster=default&size=100&exclude_states=uninstalled","source":"d9237d6b18915b6c.txt","type":"text/plain","size":317},{"uid":"d83ea88dd803c9cd","name":"Screenshot: Click Install button on the PostgreSQL container (success)","source":"d83ea88dd803c9cd.png","type":"image/png","size":8511}],"parameters":[],"shouldDisplayMessage":false,"stepsCount":0,"attachmentsCount":3,"hasContent":true,"attachmentStep":false},{"name":"Verify that Postgres install page displayed","time":{"start":1769099115929,"stop":1769099126027,"duration":10098},"status":"failed","statusMessage":"AssertionError: [AssertionError] during step: Verify that Postgres install page displayed\nMessage: Postgres Install page should be displayed!\n","statusTrace":"  File \"/home/runner/work/apolo-test-automation/apolo-test-automation/tests/reporting_hooks/reporting.py\", line 58, in wrapper\n    raise AssertionError(formatted_msg) from e\n","steps":[],"attachments":[{"uid":"8ade3557c484e2c0","name":"Page URL","source":"8ade3557c484e2c0.txt","type":"text/plain","size":134},{"uid":"bd18bae0ef6bd335","name":"Screenshot: Verify that Postgres install page displayed (fail)","source":"bd18bae0ef6bd335.png","type":"image/png","size":8511}],"parameters":[],"shouldDisplayMessage":true,"stepsCount":0,"attachmentsCount":2,"hasContent":true,"attachmentStep":false}],"attachments":[{"uid":"969843ae26e0a163","name":"log","source":"969843ae26e0a163.txt","type":"text/plain","size":25232}],"parameters":[],"shouldDisplayMessage":true,"stepsCount":11,"attachmentsCount":36,"hasContent":true,"attachmentStep":false},"afterStages":[{"name":"add_page_manager::finalizer","time":{"start":1769099126049,"stop":1769099126049,"duration":0},"status":"passed","steps":[],"attachments":[],"parameters":[],"shouldDisplayMessage":false,"stepsCount":0,"attachmentsCount":0,"hasContent":false,"attachmentStep":false},{"name":"setup_cleanup::finalizer","time":{"start":1769099126049,"stop":1769099126049,"duration":0},"status":"passed","steps":[],"attachments":[],"parameters":[],"shouldDisplayMessage":false,"stepsCount":0,"attachmentsCount":0,"hasContent":false,"attachmentStep":false},{"name":"setup_cleanup::finalizer","time":{"start":1769099126049,"stop":1769099226437,"duration":100388},"status":"passed","steps":[{"name":"Post-test cleanup","time":{"start":1769099126049,"stop":1769099226437,"duration":100388},"status":"passed","steps":[{"name":"Delete organisation: regression-org-ys40to33xu5s","time":{"start":1769099129518,"stop":1769099130269,"duration":751},"status":"passed","steps":[{"name":"Delete project: regression-proj-prh2kxy9xj","time":{"start":1769099129595,"stop":1769099129727,"duration":132},"status":"passed","steps":[],"attachments":[],"parameters":[],"shouldDisplayMessage":false,"stepsCount":0,"attachmentsCount":0,"hasContent":false,"attachmentStep":false}],"attachments":[],"parameters":[],"shouldDisplayMessage":false,"stepsCount":1,"attachmentsCount":0,"hasContent":true,"attachmentStep":false}],"attachments":[{"uid":"89ca89404df5a5","name":"HTTP 401 - GET test-psql","source":"89ca89404df5a5.txt","type":"text/plain","size":358}],"parameters":[],"shouldDisplayMessage":false,"stepsCount":2,"attachmentsCount":1,"hasContent":true,"attachmentStep":false}],"attachments":[],"parameters":[],"shouldDisplayMessage":false,"stepsCount":3,"attachmentsCount":1,"hasContent":true,"attachmentStep":false},{"name":"api_helper::finalizer","time":{"start":1769099226438,"stop":1769099226438,"duration":0},"status":"passed","steps":[],"attachments":[],"parameters":[],"shouldDisplayMessage":false,"stepsCount":0,"attachmentsCount":0,"hasContent":false,"attachmentStep":false},{"name":"_function_scoped_runner::0","time":{"start":1769099226439,"stop":1769099226440,"duration":1},"status":"passed","steps":[],"attachments":[],"parameters":[],"shouldDisplayMessage":false,"stepsCount":0,"attachmentsCount":0,"hasContent":false,"attachmentStep":false}],"labels":[{"name":"parentSuite","value":"E2E Tests"},{"name":"suite","value":"PostgreSQL App"},{"name":"tag","value":"asyncio"},{"name":"tag","value":"class_setup"},{"name":"subSuite","value":"TestE2EPostgresApp"},{"name":"host","value":"runnervmmtnos"},{"name":"thread","value":"2981-MainThread"},{"name":"framework","value":"pytest"},{"name":"language","value":"cpython3"},{"name":"package","value":"tests.test_cases.tests_e2e.test_postgres_app"},{"name":"resultFormat","value":"allure2"}],"parameters":[],"links":[],"hidden":false,"retry":false,"extra":{"severity":"normal","retries":[],"categories":[{"name":"Product defects","matchedStatuses":[],"flaky":false}],"history":{"statistic":{"failed":70,"broken":0,"skipped":0,"passed":17,"unknown":0,"total":87},"items":[{"uid":"fc22c6f8920aaf4e","status":"failed","statusDetails":"AssertionError: [AssertionError] during step: Verify that Postgres install page displayed\nMessage: Postgres Install page should be displayed!","time":{"start":1769037088670,"stop":1769037157663,"duration":68993}},{"uid":"106f4ad0b0b6bc26","status":"failed","statusDetails":"AssertionError: [AssertionError] during step: Verify that Postgres install page displayed\nMessage: Postgres Install page should be displayed!","time":{"start":1769006001898,"stop":1769006071187,"duration":69289}},{"uid":"7360ce9cfe31bfc8","status":"failed","statusDetails":"AssertionError: [AssertionError] during step: Verify that Postgres install page displayed\nMessage: Postgres Install page should be displayed!","time":{"start":1768937265310,"stop":1768937325409,"duration":60099}},{"uid":"9a87285bcc8f931f","status":"failed","statusDetails":"AssertionError: [AssertionError] during step: Verify that Postgres install page displayed\nMessage: Postgres Install page should be displayed!","time":{"start":1768876165431,"stop":1768876226509,"duration":61078}},{"uid":"84a3557674e1d0fb","status":"failed","statusDetails":"AssertionError: [AssertionError] during step: Verify that Postgres install page displayed\nMessage: Postgres Install page should be displayed!","time":{"start":1768567513925,"stop":1768567583227,"duration":69302}},{"uid":"77121909d9f8dc30","status":"failed","statusDetails":"AssertionError: [AssertionError] during step: Verify that Postgres install page displayed\nMessage: Postgres Install page should be displayed!","time":{"start":1768400604966,"stop":1768400663989,"duration":59023}},{"uid":"26ae2ac67e4e23bd","status":"failed","statusDetails":"AssertionError: [AssertionError] during step: Verify that Postgres install page displayed\nMessage: Postgres Install page should be displayed!","time":{"start":1768189003355,"stop":1768189062495,"duration":59140}},{"uid":"91f8ebb45c8c5ec6","status":"failed","statusDetails":"AssertionError: [AssertionError] during step: Verify that Postgres install page displayed\nMessage: Postgres Install page should be displayed!","time":{"start":1768102559882,"stop":1768102619620,"duration":59738}},{"uid":"2441b34014d27d64","status":"failed","statusDetails":"AssertionError: [AssertionError] during step: Verify that Postgres install page displayed\nMessage: Postgres Install page should be displayed!","time":{"start":1768016611151,"stop":1768016680182,"duration":69031}},{"uid":"32b7d3eb63d74bbc","status":"failed","statusDetails":"AssertionError: [AssertionError] during step: Verify that Postgres install page displayed\nMessage: Postgres Install page should be displayed!","time":{"start":1767930492997,"stop":1767930552430,"duration":59433}},{"uid":"cfb16b5569843dba","status":"failed","statusDetails":"AssertionError: [AssertionError] during step: Verify that Postgres install page displayed\nMessage: Postgres Install page should be displayed!","time":{"start":1767844419074,"stop":1767844479722,"duration":60648}},{"uid":"89c74fa75b44bf30","status":"failed","statusDetails":"AssertionError: [AssertionError] during step: Verify that Postgres install page displayed\nMessage: Postgres Install page should be displayed!","time":{"start":1767758186234,"stop":1767758254591,"duration":68357}},{"uid":"20a507a7211bae8f","status":"failed","statusDetails":"AssertionError: [AssertionError] during step: Verify that Postgres install page displayed\nMessage: Postgres Install page should be displayed!","time":{"start":1767671718445,"stop":1767671787527,"duration":69082}},{"uid":"22d2aaa06792cd9d","status":"failed","statusDetails":"AssertionError: [AssertionError] during step: Verify that Postgres install page displayed\nMessage: Postgres Install page should be displayed!","time":{"start":1767585103756,"stop":1767585275489,"duration":171733}},{"uid":"1d709f275d41138e","status":"failed","statusDetails":"AssertionError: [AssertionError] during step: Verify that Postgres install page displayed\nMessage: Postgres Install page should be displayed!","time":{"start":1767498133997,"stop":1767498306265,"duration":172268}},{"uid":"ace28289e9bc12","status":"failed","statusDetails":"AssertionError: [AssertionError] during step: Verify that Postgres install page displayed\nMessage: Postgres Install page should be displayed!","time":{"start":1767411027354,"stop":1767411096251,"duration":68897}},{"uid":"fb46dca7f02908b4","status":"failed","statusDetails":"AssertionError: [AssertionError] during step: Verify that Postgres install page displayed\nMessage: Postgres Install page should be displayed!","time":{"start":1767325266699,"stop":1767325325279,"duration":58580}},{"uid":"18c187f8c304aaef","status":"failed","statusDetails":"AssertionError: [AssertionError] during step: Verify that Postgres install page displayed\nMessage: Postgres Install page should be displayed!","time":{"start":1767238471006,"stop":1767238530390,"duration":59384}},{"uid":"2493befa23d2ca7f","status":"failed","statusDetails":"AssertionError: [AssertionError] during step: Verify that Postgres install page displayed\nMessage: Postgres Install page should be displayed!","time":{"start":1767152384482,"stop":1767152443936,"duration":59454}},{"uid":"d9c466efcd5b77fd","status":"failed","statusDetails":"AssertionError: [AssertionError] during step: Verify that Postgres install page displayed\nMessage: Postgres Install page should be displayed!","time":{"start":1767065457440,"stop":1767065517126,"duration":59686}}]},"tags":["asyncio","class_setup"]},"source":"7671a1751729694f.json","parameterValues":[]}