{"uid":"791668355878360d","name":"Verify User can reach Installed apps page from app container via UI","fullName":"tests.test_cases.tests_e2e.test_service_deployment_app.TestE2EServiceDeploymentApp#test_serv_depl_installed_apps_from_container_via_ui","historyId":"2dc22cd29899aa11179fb86c69b9e775","time":{"start":1768103425930,"stop":1768103425930,"duration":0},"description":"\n### Pre-conditions:\n- Service Deployment app installed.\n\n### Steps:\n- Login with valid credentials.\n- Click `Show All` button on Service Deployment App container.\n\n### Verify that:\n\n- Service Deployment app displayed in Installed Apps.\n","descriptionHtml":"<div style='line-height:1.6;'><h3>Pre-conditions:</h3>\n<ul>\n<li>Service Deployment app installed.</li>\n</ul>\n<h3>Steps:</h3>\n<ul>\n<li>Login with valid credentials.</li>\n<li>Click <span style='background-color:#D3D3D3; padding:2px 4px; border-radius:3px; font-family:monospace;'>Show All</span> button on Service Deployment App container.</li>\n</ul>\n<h3>Verify that:</h3>\n<ul>\n<li>Service Deployment app displayed in Installed Apps.</li>\n</ul></div>","status":"skipped","statusMessage":"Skipped: Service Deployment app was not installed successfully","statusTrace":"('/home/runner/work/apolo-test-automation/apolo-test-automation/tests/test_cases/tests_e2e/test_service_deployment_app.py', 334, 'Skipped: Service Deployment app was not installed successfully')","flaky":false,"newFailed":false,"newBroken":false,"newPassed":false,"retriesCount":0,"retriesStatusChange":false,"beforeStages":[{"name":"_verify_url","time":{"start":1768095153014,"stop":1768095153014,"duration":0},"status":"passed","steps":[],"attachments":[],"parameters":[],"shouldDisplayMessage":false,"stepsCount":0,"attachmentsCount":0,"hasContent":false,"attachmentStep":false},{"name":"base_url","time":{"start":1768095153014,"stop":1768095153014,"duration":0},"status":"passed","steps":[],"attachments":[],"parameters":[],"shouldDisplayMessage":false,"stepsCount":0,"attachmentsCount":0,"hasContent":false,"attachmentStep":false},{"name":"delete_output_dir","time":{"start":1768095153015,"stop":1768095153015,"duration":0},"status":"passed","steps":[],"attachments":[],"parameters":[],"shouldDisplayMessage":false,"stepsCount":0,"attachmentsCount":0,"hasContent":false,"attachmentStep":false},{"name":"delay_worker_start","time":{"start":1768095153015,"stop":1768095153015,"duration":0},"status":"passed","steps":[],"attachments":[],"parameters":[],"shouldDisplayMessage":false,"stepsCount":0,"attachmentsCount":0,"hasContent":false,"attachmentStep":false},{"name":"ensure_storage_directories","time":{"start":1768095153015,"stop":1768095153015,"duration":0},"status":"passed","steps":[],"attachments":[],"parameters":[],"shouldDisplayMessage":false,"stepsCount":0,"attachmentsCount":0,"hasContent":false,"attachmentStep":false},{"name":"event_loop_policy","time":{"start":1768095153015,"stop":1768095153015,"duration":0},"status":"passed","steps":[],"attachments":[],"parameters":[],"shouldDisplayMessage":false,"stepsCount":0,"attachmentsCount":0,"hasContent":false,"attachmentStep":false},{"name":"pytestconfig","time":{"start":1768095153015,"stop":1768095153015,"duration":0},"status":"passed","steps":[],"attachments":[],"parameters":[],"shouldDisplayMessage":false,"stepsCount":0,"attachmentsCount":0,"hasContent":false,"attachmentStep":false},{"name":"test_config","time":{"start":1768103425931,"stop":1768103425935,"duration":4},"status":"passed","steps":[],"attachments":[],"parameters":[],"shouldDisplayMessage":false,"stepsCount":0,"attachmentsCount":0,"hasContent":false,"attachmentStep":false},{"name":"_function_scoped_runner","time":{"start":1768103425935,"stop":1768103425936,"duration":1},"status":"passed","steps":[],"attachments":[],"parameters":[],"shouldDisplayMessage":false,"stepsCount":0,"attachmentsCount":0,"hasContent":false,"attachmentStep":false},{"name":"page_manager","time":{"start":1768103425935,"stop":1768103426537,"duration":602},"status":"passed","steps":[],"attachments":[],"parameters":[],"shouldDisplayMessage":false,"stepsCount":0,"attachmentsCount":0,"hasContent":false,"attachmentStep":false},{"name":"data_manager","time":{"start":1768103426537,"stop":1768103426537,"duration":0},"status":"passed","steps":[],"attachments":[],"parameters":[],"shouldDisplayMessage":false,"stepsCount":0,"attachmentsCount":0,"hasContent":false,"attachmentStep":false},{"name":"users_manager","time":{"start":1768103426537,"stop":1768103426537,"duration":0},"status":"passed","steps":[],"attachments":[],"parameters":[],"shouldDisplayMessage":false,"stepsCount":0,"attachmentsCount":0,"hasContent":false,"attachmentStep":false},{"name":"api_helper","time":{"start":1768103426537,"stop":1768103426538,"duration":1},"status":"passed","steps":[],"attachments":[],"parameters":[],"shouldDisplayMessage":false,"stepsCount":0,"attachmentsCount":0,"hasContent":false,"attachmentStep":false},{"name":"setup_cleanup","time":{"start":1768103426538,"stop":1768103426538,"duration":0},"status":"passed","steps":[],"attachments":[],"parameters":[],"shouldDisplayMessage":false,"stepsCount":0,"attachmentsCount":0,"hasContent":false,"attachmentStep":false},{"name":"add_page_manager","time":{"start":1768103426538,"stop":1768103426539,"duration":1},"status":"passed","steps":[],"attachments":[],"parameters":[],"shouldDisplayMessage":false,"stepsCount":0,"attachmentsCount":0,"hasContent":false,"attachmentStep":false},{"name":"apolo_cli","time":{"start":1768103426538,"stop":1768103426538,"duration":0},"status":"passed","steps":[],"attachments":[],"parameters":[],"shouldDisplayMessage":false,"stepsCount":0,"attachmentsCount":0,"hasContent":false,"attachmentStep":false},{"name":"serv_depl_status","time":{"start":1768103426539,"stop":1768103426539,"duration":0},"status":"skipped","statusMessage":"Skipped: Service Deployment app was not installed successfully\n","statusTrace":"  File \"/home/runner/work/apolo-test-automation/apolo-test-automation/.venv/lib/python3.13/site-packages/pluggy/_callers.py\", line 38, in run_old_style_hookwrapper\n    res = yield\n          ^^^^^\n  File \"/home/runner/work/apolo-test-automation/apolo-test-automation/.venv/lib/python3.13/site-packages/pluggy/_callers.py\", line 139, in _multicall\n    teardown.throw(exception)\n    ~~~~~~~~~~~~~~^^^^^^^^^^^\n  File \"/home/runner/work/apolo-test-automation/apolo-test-automation/.venv/lib/python3.13/site-packages/pytest_asyncio/plugin.py\", line 730, in pytest_fixture_setup\n    return (yield)\n            ^^^^^\n  File \"/home/runner/work/apolo-test-automation/apolo-test-automation/.venv/lib/python3.13/site-packages/pluggy/_callers.py\", line 139, in _multicall\n    teardown.throw(exception)\n    ~~~~~~~~~~~~~~^^^^^^^^^^^\n  File \"/home/runner/work/apolo-test-automation/apolo-test-automation/.venv/lib/python3.13/site-packages/_pytest/setuponly.py\", line 36, in pytest_fixture_setup\n    return (yield)\n            ^^^^^\n  File \"/home/runner/work/apolo-test-automation/apolo-test-automation/.venv/lib/python3.13/site-packages/pluggy/_callers.py\", line 121, in _multicall\n    res = hook_impl.function(*args)\n  File \"/home/runner/work/apolo-test-automation/apolo-test-automation/.venv/lib/python3.13/site-packages/_pytest/fixtures.py\", line 1202, in pytest_fixture_setup\n    result = call_fixture_func(fixturefunc, request, kwargs)\n  File \"/home/runner/work/apolo-test-automation/apolo-test-automation/.venv/lib/python3.13/site-packages/_pytest/fixtures.py\", line 915, in call_fixture_func\n    fixture_result = fixturefunc(**kwargs)\n  File \"/home/runner/work/apolo-test-automation/apolo-test-automation/tests/test_cases/tests_e2e/test_service_deployment_app.py\", line 32, in serv_depl_status\n    pytest.skip(\"Service Deployment app was not installed successfully\")\n    ~~~~~~~~~~~^^^^^^^^^^^^^^^^^^^^^^^^^^^^^^^^^^^^^^^^^^^^^^^^^^^^^^^^^\n  File \"/home/runner/work/apolo-test-automation/apolo-test-automation/.venv/lib/python3.13/site-packages/_pytest/outcomes.py\", line 139, in __call__\n    raise Skipped(msg=reason, allow_module_level=allow_module_level)\n","steps":[],"attachments":[],"parameters":[],"shouldDisplayMessage":true,"stepsCount":0,"attachmentsCount":0,"hasContent":true,"attachmentStep":false},{"name":"_inject_fixtures","time":{"start":1768103426539,"stop":1768103426539,"duration":0},"status":"passed","steps":[],"attachments":[],"parameters":[],"shouldDisplayMessage":false,"stepsCount":0,"attachmentsCount":0,"hasContent":false,"attachmentStep":false},{"name":"setup","time":{"start":1768103426539,"stop":1768103426539,"duration":0},"status":"passed","steps":[],"attachments":[],"parameters":[],"shouldDisplayMessage":false,"stepsCount":0,"attachmentsCount":0,"hasContent":false,"attachmentStep":false}],"testStage":{"description":"\n### Pre-conditions:\n- Service Deployment app installed.\n\n### Steps:\n- Login with valid credentials.\n- Click `Show All` button on Service Deployment App container.\n\n### Verify that:\n\n- Service Deployment app displayed in Installed Apps.\n","descriptionHtml":"<div style='line-height:1.6;'><h3>Pre-conditions:</h3>\n<ul>\n<li>Service Deployment app installed.</li>\n</ul>\n<h3>Steps:</h3>\n<ul>\n<li>Login with valid credentials.</li>\n<li>Click <span style='background-color:#D3D3D3; padding:2px 4px; border-radius:3px; font-family:monospace;'>Show All</span> button on Service Deployment App container.</li>\n</ul>\n<h3>Verify that:</h3>\n<ul>\n<li>Service Deployment app displayed in Installed Apps.</li>\n</ul></div>","status":"skipped","statusMessage":"Skipped: Service Deployment app was not installed successfully","statusTrace":"('/home/runner/work/apolo-test-automation/apolo-test-automation/tests/test_cases/tests_e2e/test_service_deployment_app.py', 334, 'Skipped: Service Deployment app was not installed successfully')","steps":[],"attachments":[{"uid":"befcc752c92ae35f","name":"log","source":"befcc752c92ae35f.txt","type":"text/plain","size":954}],"parameters":[],"shouldDisplayMessage":true,"stepsCount":0,"attachmentsCount":1,"hasContent":true,"attachmentStep":false},"afterStages":[{"name":"setup_cleanup::finalizer","time":{"start":1768103426542,"stop":1768103426543,"duration":1},"status":"passed","steps":[],"attachments":[],"parameters":[],"shouldDisplayMessage":false,"stepsCount":0,"attachmentsCount":0,"hasContent":false,"attachmentStep":false},{"name":"add_page_manager::finalizer","time":{"start":1768103426542,"stop":1768103426542,"duration":0},"status":"passed","steps":[],"attachments":[],"parameters":[],"shouldDisplayMessage":false,"stepsCount":0,"attachmentsCount":0,"hasContent":false,"attachmentStep":false},{"name":"setup_cleanup::finalizer","time":{"start":1768103426543,"stop":1768103426543,"duration":0},"status":"passed","steps":[],"attachments":[],"parameters":[],"shouldDisplayMessage":false,"stepsCount":0,"attachmentsCount":0,"hasContent":false,"attachmentStep":false},{"name":"api_helper::finalizer","time":{"start":1768103426543,"stop":1768103426543,"duration":0},"status":"passed","steps":[],"attachments":[],"parameters":[],"shouldDisplayMessage":false,"stepsCount":0,"attachmentsCount":0,"hasContent":false,"attachmentStep":false},{"name":"_function_scoped_runner::0","time":{"start":1768103426544,"stop":1768103426545,"duration":1},"status":"passed","steps":[],"attachments":[],"parameters":[],"shouldDisplayMessage":false,"stepsCount":0,"attachmentsCount":0,"hasContent":false,"attachmentStep":false}],"labels":[{"name":"parentSuite","value":"E2E Tests"},{"name":"suite","value":"Service Deployment App"},{"name":"tag","value":"asyncio"},{"name":"tag","value":"class_setup"},{"name":"subSuite","value":"TestE2EServiceDeploymentApp"},{"name":"host","value":"runnervmi13qx"},{"name":"thread","value":"3017-MainThread"},{"name":"framework","value":"pytest"},{"name":"language","value":"cpython3"},{"name":"package","value":"tests.test_cases.tests_e2e.test_service_deployment_app"},{"name":"resultFormat","value":"allure2"}],"parameters":[],"links":[],"hidden":false,"retry":false,"extra":{"severity":"normal","retries":[],"categories":[],"history":{"statistic":{"failed":41,"broken":0,"skipped":31,"passed":5,"unknown":0,"total":77},"items":[{"uid":"105e52345c8ac7d6","status":"skipped","statusDetails":"Skipped: Service Deployment app was not installed successfully","time":{"start":1768017013942,"stop":1768017013942,"duration":0}},{"uid":"7c40467c26e67e8f","status":"failed","statusDetails":"AssertionError: [TimeoutError] during step: Click `Show All` button on the Service Deployment app container\nMessage: Element not ready for click after 10000ms: <Locator frame=<Frame name= url='https://console.dev.apolo.us/apps?project=regression-proj-x8celwgbi1&cluster=default&org=regression-org-r177c899egk3'> selector='a[href=\"/apps/installed/service-deployment-argocd\"].inline-flex:has-text(\"Show All\")'>\nLast error: Locator.wait_for: Timeout 500ms exceeded.\nCall log:\n  - waiting for locator(\"a[href=\\\"/apps/installed/service-deployment-argocd\\\"].inline-flex:has-text(\\\"Show All\\\")\")","time":{"start":1767930974567,"stop":1767931051389,"duration":76822}},{"uid":"b9655c6626df7280","status":"failed","statusDetails":"AssertionError: [TimeoutError] during step: Click `Show All` button on the Service Deployment app container\nMessage: Element not ready for click after 10000ms: <Locator frame=<Frame name= url='https://console.dev.apolo.us/apps?project=regression-proj-i6xqori232&cluster=default&org=regression-org-bla6cfzyx3xr'> selector='a[href=\"/apps/installed/service-deployment-argocd\"].inline-flex:has-text(\"Show All\")'>\nLast error: Locator.wait_for: Timeout 500ms exceeded.\nCall log:\n  - waiting for locator(\"a[href=\\\"/apps/installed/service-deployment-argocd\\\"].inline-flex:has-text(\\\"Show All\\\")\")","time":{"start":1767844994473,"stop":1767845080862,"duration":86389}},{"uid":"57e7745516ddb497","status":"failed","statusDetails":"AssertionError: [TimeoutError] during step: Click `Show All` button on the Service Deployment app container\nMessage: Element not ready for click after 10000ms: <Locator frame=<Frame name= url='https://console.dev.apolo.us/apps?project=regression-proj-065bjr25da&cluster=default&org=regression-org-npl2n8e6t6l6'> selector='a[href=\"/apps/installed/service-deployment-argocd\"].inline-flex:has-text(\"Show All\")'>\nLast error: Locator.wait_for: Timeout 500ms exceeded.\nCall log:\n  - waiting for locator(\"a[href=\\\"/apps/installed/service-deployment-argocd\\\"].inline-flex:has-text(\\\"Show All\\\")\")","time":{"start":1767758736333,"stop":1767758813137,"duration":76804}},{"uid":"7593c8cd2f9a1bce","status":"failed","statusDetails":"AssertionError: [TimeoutError] during step: Click `Show All` button on the Service Deployment app container\nMessage: Element not ready for click after 10000ms: <Locator frame=<Frame name= url='https://console.dev.apolo.us/apps?project=regression-proj-1rjl12lt2f&cluster=default&org=regression-org-mihxmxtw9y1k'> selector='a[href=\"/apps/installed/service-deployment-argocd\"].inline-flex:has-text(\"Show All\")'>\nLast error: Locator.wait_for: Timeout 500ms exceeded.\nCall log:\n  - waiting for locator(\"a[href=\\\"/apps/installed/service-deployment-argocd\\\"].inline-flex:has-text(\\\"Show All\\\")\")","time":{"start":1767672214435,"stop":1767672301219,"duration":86784}},{"uid":"168d65c61a769610","status":"failed","statusDetails":"AssertionError: [TimeoutError] during step: Click `Show All` button on the Service Deployment app container\nMessage: Element not ready for click after 10000ms: <Locator frame=<Frame name= url='https://console.dev.apolo.us/apps?project=regression-proj-onxfrgtm0c&cluster=default&org=regression-org-dlcucddvjmpf'> selector='a[href=\"/apps/installed/service-deployment-argocd\"].inline-flex:has-text(\"Show All\")'>\nLast error: Locator.wait_for: Timeout 500ms exceeded.\nCall log:\n  - waiting for locator(\"a[href=\\\"/apps/installed/service-deployment-argocd\\\"].inline-flex:has-text(\\\"Show All\\\")\")","time":{"start":1767585703049,"stop":1767585789632,"duration":86583}},{"uid":"5c7a4c3f0f877c9e","status":"failed","statusDetails":"AssertionError: [TimeoutError] during step: Click `Show All` button on the Service Deployment app container\nMessage: Element not ready for click after 10000ms: <Locator frame=<Frame name= url='https://console.dev.apolo.us/apps?project=regression-proj-sfv0n4ql7g&cluster=default&org=regression-org-3zmmcnuaoqos'> selector='a[href=\"/apps/installed/service-deployment-argocd\"].inline-flex:has-text(\"Show All\")'>\nLast error: Locator.wait_for: Timeout 500ms exceeded.\nCall log:\n  - waiting for locator(\"a[href=\\\"/apps/installed/service-deployment-argocd\\\"].inline-flex:has-text(\\\"Show All\\\")\")","time":{"start":1767498787103,"stop":1767498873394,"duration":86291}},{"uid":"1aca23a7d5046083","status":"failed","statusDetails":"AssertionError: [TimeoutError] during step: Click `Show All` button on the Service Deployment app container\nMessage: Element not ready for click after 10000ms: <Locator frame=<Frame name= url='https://console.dev.apolo.us/apps?project=regression-proj-tbeavxnaud&cluster=default&org=regression-org-o9okqryqayfh'> selector='a[href=\"/apps/installed/service-deployment-argocd\"].inline-flex:has-text(\"Show All\")'>\nLast error: Locator.wait_for: Timeout 500ms exceeded.\nCall log:\n  - waiting for locator(\"a[href=\\\"/apps/installed/service-deployment-argocd\\\"].inline-flex:has-text(\\\"Show All\\\")\")","time":{"start":1767411528796,"stop":1767411605212,"duration":76416}},{"uid":"16475567e699b1e","status":"failed","statusDetails":"AssertionError: [TimeoutError] during step: Click `Show All` button on the Service Deployment app container\nMessage: Element not ready for click after 10000ms: <Locator frame=<Frame name= url='https://console.dev.apolo.us/apps?project=regression-proj-o71nnbt1rk&cluster=default&org=regression-org-r5g1kojzcjw1'> selector='a[href=\"/apps/installed/service-deployment-argocd\"].inline-flex:has-text(\"Show All\")'>\nLast error: Locator.wait_for: Timeout 500ms exceeded.\nCall log:\n  - waiting for locator(\"a[href=\\\"/apps/installed/service-deployment-argocd\\\"].inline-flex:has-text(\\\"Show All\\\")\")","time":{"start":1767325934283,"stop":1767326020118,"duration":85835}},{"uid":"f40a4800cd294efa","status":"failed","statusDetails":"AssertionError: [TimeoutError] during step: Click `Show All` button on the Service Deployment app container\nMessage: Element not ready for click after 10000ms: <Locator frame=<Frame name= url='https://console.dev.apolo.us/apps?project=regression-proj-dkryo9n75f&cluster=default&org=regression-org-26tc04fut5jy'> selector='a[href=\"/apps/installed/service-deployment-argocd\"].inline-flex:has-text(\"Show All\")'>\nLast error: Locator.wait_for: Timeout 500ms exceeded.\nCall log:\n  - waiting for locator(\"a[href=\\\"/apps/installed/service-deployment-argocd\\\"].inline-flex:has-text(\\\"Show All\\\")\")","time":{"start":1767238967804,"stop":1767239044214,"duration":76410}},{"uid":"75a1e1f608810949","status":"skipped","statusDetails":"Skipped: Service Deployment app was not installed successfully","time":{"start":1767152670974,"stop":1767152670974,"duration":0}},{"uid":"6f13ef19aaa88d2c","status":"failed","statusDetails":"AssertionError: [TimeoutError] during step: Click `Show All` button on the Service Deployment app container\nMessage: Element not ready for click after 10000ms: <Locator frame=<Frame name= url='https://console.dev.apolo.us/apps?project=regression-proj-qne88e4vps&cluster=default&org=regression-org-w1c3vhsit1tq'> selector='a[href=\"/apps/installed/service-deployment-argocd\"].inline-flex:has-text(\"Show All\")'>\nLast error: Locator.wait_for: Timeout 500ms exceeded.\nCall log:\n  - waiting for locator(\"a[href=\\\"/apps/installed/service-deployment-argocd\\\"].inline-flex:has-text(\\\"Show All\\\")\")","time":{"start":1767065958570,"stop":1767066035306,"duration":76736}},{"uid":"234426d1dcba1b40","status":"failed","statusDetails":"AssertionError: [TimeoutError] during step: Click `Show All` button on the Service Deployment app container\nMessage: Element not ready for click after 10000ms: <Locator frame=<Frame name= url='https://console.dev.apolo.us/apps?project=regression-proj-cjkae330dg&cluster=default&org=regression-org-lt3sa8u4hgai'> selector='a[href=\"/apps/installed/service-deployment-argocd\"].inline-flex:has-text(\"Show All\")'>\nLast error: Locator.wait_for: Timeout 500ms exceeded.\nCall log:\n  - waiting for locator(\"a[href=\\\"/apps/installed/service-deployment-argocd\\\"].inline-flex:has-text(\\\"Show All\\\")\")","time":{"start":1766979734129,"stop":1766979820528,"duration":86399}},{"uid":"53740c0881d71a6c","status":"failed","statusDetails":"AssertionError: [TimeoutError] during step: Click `Show All` button on the Service Deployment app container\nMessage: Element not ready for click after 10000ms: <Locator frame=<Frame name= url='https://console.dev.apolo.us/apps?project=regression-proj-8wf67p6e4q&cluster=default&org=regression-org-4ghpzxz8d4qk'> selector='a[href=\"/apps/installed/service-deployment-argocd\"].inline-flex:has-text(\"Show All\")'>\nLast error: Locator.wait_for: Timeout 500ms exceeded.\nCall log:\n  - waiting for locator(\"a[href=\\\"/apps/installed/service-deployment-argocd\\\"].inline-flex:has-text(\\\"Show All\\\")\")","time":{"start":1766893768496,"stop":1766893845115,"duration":76619}},{"uid":"6be3e0021e6dd2d7","status":"failed","statusDetails":"AssertionError: [TimeoutError] during step: Click `Show All` button on the Service Deployment app container\nMessage: Element not ready for click after 10000ms: <Locator frame=<Frame name= url='https://console.dev.apolo.us/apps?project=regression-proj-4bcgu8kfpg&cluster=default&org=regression-org-7601btc6sooi'> selector='a[href=\"/apps/installed/service-deployment-argocd\"].inline-flex:has-text(\"Show All\")'>\nLast error: Locator.wait_for: Timeout 500ms exceeded.\nCall log:\n  - waiting for locator(\"a[href=\\\"/apps/installed/service-deployment-argocd\\\"].inline-flex:has-text(\\\"Show All\\\")\")","time":{"start":1766806871964,"stop":1766806958503,"duration":86539}},{"uid":"51fd6007f04e6a1","status":"skipped","statusDetails":"Skipped: Service Deployment app was not installed successfully","time":{"start":1766720325020,"stop":1766720325020,"duration":0}},{"uid":"b4e238895d38ebbf","status":"failed","statusDetails":"AssertionError: [TimeoutError] during step: Click `Show All` button on the Service Deployment app container\nMessage: Element not ready for click after 10000ms: <Locator frame=<Frame name= url='https://console.dev.apolo.us/apps?project=regression-proj-vgv3g0zbqi&cluster=default&org=regression-org-c1hlx8j2p8wj'> selector='a[href=\"/apps/installed/service-deployment-argocd\"].inline-flex:has-text(\"Show All\")'>\nLast error: Locator.wait_for: Timeout 500ms exceeded.\nCall log:\n  - waiting for locator(\"a[href=\\\"/apps/installed/service-deployment-argocd\\\"].inline-flex:has-text(\\\"Show All\\\")\")","time":{"start":1766634091689,"stop":1766634168298,"duration":76609}},{"uid":"a9c6be33e7d7ffc3","status":"failed","statusDetails":"AssertionError: [TimeoutError] during step: Click `Show All` button on the Service Deployment app container\nMessage: Element not ready for click after 10000ms: <Locator frame=<Frame name= url='https://console.dev.apolo.us/apps?project=regression-proj-7dg1b3r4ry&cluster=default&org=regression-org-zhkofvvkc26v'> selector='a[href=\"/apps/installed/service-deployment-argocd\"].inline-flex:has-text(\"Show All\")'>\nLast error: Locator.wait_for: Timeout 500ms exceeded.\nCall log:\n  - waiting for locator(\"a[href=\\\"/apps/installed/service-deployment-argocd\\\"].inline-flex:has-text(\\\"Show All\\\")\")","time":{"start":1766547490851,"stop":1766547577058,"duration":86207}},{"uid":"d83ed70c7ee3b935","status":"failed","statusDetails":"AssertionError: [TimeoutError] during step: Click `Show All` button on the Service Deployment app container\nMessage: Element not ready for click after 10000ms: <Locator frame=<Frame name= url='https://console.dev.apolo.us/apps?project=regression-proj-1iqz666w2p&cluster=default&org=regression-org-zme67iet673p'> selector='a[href=\"/apps/installed/service-deployment-argocd\"].inline-flex:has-text(\"Show All\")'>\nLast error: Locator.wait_for: Timeout 500ms exceeded.\nCall log:\n  - waiting for locator(\"a[href=\\\"/apps/installed/service-deployment-argocd\\\"].inline-flex:has-text(\\\"Show All\\\")\")","time":{"start":1766461397069,"stop":1766461474042,"duration":76973}},{"uid":"af08a393ff6d88fb","status":"failed","statusDetails":"AssertionError: [TimeoutError] during step: Click `Show All` button on the Service Deployment app container\nMessage: Element not ready for click after 10000ms: <Locator frame=<Frame name= url='https://console.dev.apolo.us/apps?project=regression-proj-ior4wpmsxh&cluster=default&org=regression-org-a6230xyt3fa3'> selector='a[href=\"/apps/installed/service-deployment-argocd\"].inline-flex:has-text(\"Show All\")'>\nLast error: Locator.wait_for: Timeout 500ms exceeded.\nCall log:\n  - waiting for locator(\"a[href=\\\"/apps/installed/service-deployment-argocd\\\"].inline-flex:has-text(\\\"Show All\\\")\")","time":{"start":1766376056953,"stop":1766376133956,"duration":77003}}]},"tags":["asyncio","class_setup"]},"source":"791668355878360d.json","parameterValues":[]}