{"uid":"7e6e6f95323952f6","name":"User download bin file","fullName":"tests.test_cases.tests_ui.test_files.TestUIFiles#test_download_bin_file","historyId":"f1b5c487f52a48261f001b31cc5186a2","time":{"start":1766628512377,"stop":1766628533101,"duration":20724},"description":"\n- Login with valid credentials.\n- Create new organization via **API**.\n- Create new project via **API**.\n- Upload `bin` file.\n\n### Verify that:\n\n- User can download `bin` file via UI.\n- Downloaded `bin` file md5 hash matches expected file.\n","descriptionHtml":"<div style='line-height:1.6;'><ul>\n<li>Login with valid credentials.</li>\n<li>Create new organization via <strong>API</strong>.</li>\n<li>Create new project via <strong>API</strong>.</li>\n<li>Upload <span style='background-color:#D3D3D3; padding:2px 4px; border-radius:3px; font-family:monospace;'>bin</span> file.</li>\n</ul>\n<h3>Verify that:</h3>\n<ul>\n<li>User can download <span style='background-color:#D3D3D3; padding:2px 4px; border-radius:3px; font-family:monospace;'>bin</span> file via UI.</li>\n<li>Downloaded <span style='background-color:#D3D3D3; padding:2px 4px; border-radius:3px; font-family:monospace;'>bin</span> file md5 hash matches expected file.</li>\n</ul></div>","status":"failed","statusMessage":"AssertionError: [AssertionError] during step: Login via UI\nMessage: [AssertionError] during step: Verify that Welcome new user page displayed\nMessage: Locator expected to be visible\nActual value: None\nError: element(s) not found \nCall log:\n  - Expect \"to_be_visible\" with timeout 5000ms\n  - waiting for locator(\"h3.truncate.text-h3\").filter(has_text=\"Welcome, regression-6e6p0ilahi@apolo.us\")","statusTrace":"tests/reporting_hooks/reporting.py:49: in wrapper\n    result = await func(*args, **kwargs)\n             ^^^^^^^^^^^^^^^^^^^^^^^^^^^\ntests/test_cases/steps/ui_steps/page_steps_impl/welcome_new_user_page_steps.py:14: in verify_ui_page_displayed\n    assert await self._pm.welcome_new_user_page.is_loaded(email=email), (\n           ^^^^^^^^^^^^^^^^^^^^^^^^^^^^^^^^^^^^^^^^^^^^^^^^^^^^^^^^^^^\ntests/components/ui/pages/onboarding_pages/welcome_new_user_page.py:27: in is_loaded\n    await self._get_welcome_user_message(email).expect_to_be_loaded()\ntests/components/ui/pages/base_element.py:51: in expect_to_be_loaded\n    await expect(self.locator).to_be_visible(timeout=timeout)\nE   AssertionError: Locator expected to be visible\nE   Actual value: None\nE   Error: element(s) not found \nE   Call log:\nE     - Expect \"to_be_visible\" with timeout 5000ms\nE     - waiting for locator(\"h3.truncate.text-h3\").filter(has_text=\"Welcome, regression-6e6p0ilahi@apolo.us\")\n\nThe above exception was the direct cause of the following exception:\ntests/reporting_hooks/reporting.py:49: in wrapper\n    result = await func(*args, **kwargs)\n             ^^^^^^^^^^^^^^^^^^^^^^^^^^^\ntests/test_cases/steps/ui_steps/ui_steps.py:84: in ui_login\n    await self.welcome_new_user_page.verify_ui_page_displayed(\ntests/reporting_hooks/reporting.py:58: in wrapper\n    raise AssertionError(formatted_msg) from e\nE   AssertionError: [AssertionError] during step: Verify that Welcome new user page displayed\nE   Message: Locator expected to be visible\nE   Actual value: None\nE   Error: element(s) not found \nE   Call log:\nE     - Expect \"to_be_visible\" with timeout 5000ms\nE     - waiting for locator(\"h3.truncate.text-h3\").filter(has_text=\"Welcome, regression-6e6p0ilahi@apolo.us\")\n\nThe above exception was the direct cause of the following exception:\ntests/test_cases/tests_ui/test_files.py:611: in test_download_bin_file\n    await steps.ui_login(user)\ntests/reporting_hooks/reporting.py:58: in wrapper\n    raise AssertionError(formatted_msg) from e\nE   AssertionError: [AssertionError] during step: Login via UI\nE   Message: [AssertionError] during step: Verify that Welcome new user page displayed\nE   Message: Locator expected to be visible\nE   Actual value: None\nE   Error: element(s) not found \nE   Call log:\nE     - Expect \"to_be_visible\" with timeout 5000ms\nE     - waiting for locator(\"h3.truncate.text-h3\").filter(has_text=\"Welcome, regression-6e6p0ilahi@apolo.us\")","flaky":false,"newFailed":false,"newBroken":false,"newPassed":false,"retriesCount":1,"retriesStatusChange":false,"beforeStages":[{"name":"base_url","time":{"start":1766626332454,"stop":1766626332454,"duration":0},"status":"passed","steps":[],"attachments":[],"parameters":[],"shouldDisplayMessage":false,"stepsCount":0,"attachmentsCount":0,"hasContent":false,"attachmentStep":false},{"name":"pytestconfig","time":{"start":1766626332454,"stop":1766626332454,"duration":0},"status":"passed","steps":[],"attachments":[],"parameters":[],"shouldDisplayMessage":false,"stepsCount":0,"attachmentsCount":0,"hasContent":false,"attachmentStep":false},{"name":"_verify_url","time":{"start":1766626332454,"stop":1766626332454,"duration":0},"status":"passed","steps":[],"attachments":[],"parameters":[],"shouldDisplayMessage":false,"stepsCount":0,"attachmentsCount":0,"hasContent":false,"attachmentStep":false},{"name":"delete_output_dir","time":{"start":1766626332455,"stop":1766626332455,"duration":0},"status":"passed","steps":[],"attachments":[],"parameters":[],"shouldDisplayMessage":false,"stepsCount":0,"attachmentsCount":0,"hasContent":false,"attachmentStep":false},{"name":"event_loop_policy","time":{"start":1766626332455,"stop":1766626332455,"duration":0},"status":"passed","steps":[],"attachments":[],"parameters":[],"shouldDisplayMessage":false,"stepsCount":0,"attachmentsCount":0,"hasContent":false,"attachmentStep":false},{"name":"delay_worker_start","time":{"start":1766626332455,"stop":1766626332455,"duration":0},"status":"passed","steps":[],"attachments":[],"parameters":[],"shouldDisplayMessage":false,"stepsCount":0,"attachmentsCount":0,"hasContent":false,"attachmentStep":false},{"name":"ensure_storage_directories","time":{"start":1766626332455,"stop":1766626332455,"duration":0},"status":"passed","steps":[],"attachments":[],"parameters":[],"shouldDisplayMessage":false,"stepsCount":0,"attachmentsCount":0,"hasContent":false,"attachmentStep":false},{"name":"test_config","time":{"start":1766628511796,"stop":1766628511799,"duration":3},"status":"passed","steps":[],"attachments":[],"parameters":[],"shouldDisplayMessage":false,"stepsCount":0,"attachmentsCount":0,"hasContent":false,"attachmentStep":false},{"name":"_function_scoped_runner","time":{"start":1766628511799,"stop":1766628511799,"duration":0},"status":"passed","steps":[],"attachments":[],"parameters":[],"shouldDisplayMessage":false,"stepsCount":0,"attachmentsCount":0,"hasContent":false,"attachmentStep":false},{"name":"page_manager","time":{"start":1766628511799,"stop":1766628512374,"duration":575},"status":"passed","steps":[],"attachments":[],"parameters":[],"shouldDisplayMessage":false,"stepsCount":0,"attachmentsCount":0,"hasContent":false,"attachmentStep":false},{"name":"data_manager","time":{"start":1766628512374,"stop":1766628512375,"duration":1},"status":"passed","steps":[],"attachments":[],"parameters":[],"shouldDisplayMessage":false,"stepsCount":0,"attachmentsCount":0,"hasContent":false,"attachmentStep":false},{"name":"apolo_cli","time":{"start":1766628512375,"stop":1766628512376,"duration":1},"status":"passed","steps":[],"attachments":[],"parameters":[],"shouldDisplayMessage":false,"stepsCount":0,"attachmentsCount":0,"hasContent":false,"attachmentStep":false},{"name":"api_helper","time":{"start":1766628512375,"stop":1766628512375,"duration":0},"status":"passed","steps":[],"attachments":[],"parameters":[],"shouldDisplayMessage":false,"stepsCount":0,"attachmentsCount":0,"hasContent":false,"attachmentStep":false},{"name":"users_manager","time":{"start":1766628512375,"stop":1766628512375,"duration":0},"status":"passed","steps":[],"attachments":[],"parameters":[],"shouldDisplayMessage":false,"stepsCount":0,"attachmentsCount":0,"hasContent":false,"attachmentStep":false},{"name":"add_page_manager","time":{"start":1766628512376,"stop":1766628512376,"duration":0},"status":"passed","steps":[],"attachments":[],"parameters":[],"shouldDisplayMessage":false,"stepsCount":0,"attachmentsCount":0,"hasContent":false,"attachmentStep":false},{"name":"setup_cleanup","time":{"start":1766628512376,"stop":1766628512376,"duration":0},"status":"passed","steps":[],"attachments":[],"parameters":[],"shouldDisplayMessage":false,"stepsCount":0,"attachmentsCount":0,"hasContent":false,"attachmentStep":false},{"name":"_inject_fixtures","time":{"start":1766628512376,"stop":1766628512377,"duration":1},"status":"passed","steps":[],"attachments":[],"parameters":[],"shouldDisplayMessage":false,"stepsCount":0,"attachmentsCount":0,"hasContent":false,"attachmentStep":false},{"name":"setup","time":{"start":1766628512377,"stop":1766628512377,"duration":0},"status":"passed","steps":[],"attachments":[],"parameters":[],"shouldDisplayMessage":false,"stepsCount":0,"attachmentsCount":0,"hasContent":false,"attachmentStep":false}],"testStage":{"description":"\n- Login with valid credentials.\n- Create new organization via **API**.\n- Create new project via **API**.\n- Upload `bin` file.\n\n### Verify that:\n\n- User can download `bin` file via UI.\n- Downloaded `bin` file md5 hash matches expected file.\n","descriptionHtml":"<div style='line-height:1.6;'><ul>\n<li>Login with valid credentials.</li>\n<li>Create new organization via <strong>API</strong>.</li>\n<li>Create new project via <strong>API</strong>.</li>\n<li>Upload <span style='background-color:#D3D3D3; padding:2px 4px; border-radius:3px; font-family:monospace;'>bin</span> file.</li>\n</ul>\n<h3>Verify that:</h3>\n<ul>\n<li>User can download <span style='background-color:#D3D3D3; padding:2px 4px; border-radius:3px; font-family:monospace;'>bin</span> file via UI.</li>\n<li>Downloaded <span style='background-color:#D3D3D3; padding:2px 4px; border-radius:3px; font-family:monospace;'>bin</span> file md5 hash matches expected file.</li>\n</ul></div>","status":"failed","statusMessage":"AssertionError: [AssertionError] during step: Login via UI\nMessage: [AssertionError] during step: Verify that Welcome new user page displayed\nMessage: Locator expected to be visible\nActual value: None\nError: element(s) not found \nCall log:\n  - Expect \"to_be_visible\" with timeout 5000ms\n  - waiting for locator(\"h3.truncate.text-h3\").filter(has_text=\"Welcome, regression-6e6p0ilahi@apolo.us\")","statusTrace":"tests/reporting_hooks/reporting.py:49: in wrapper\n    result = await func(*args, **kwargs)\n             ^^^^^^^^^^^^^^^^^^^^^^^^^^^\ntests/test_cases/steps/ui_steps/page_steps_impl/welcome_new_user_page_steps.py:14: in verify_ui_page_displayed\n    assert await self._pm.welcome_new_user_page.is_loaded(email=email), (\n           ^^^^^^^^^^^^^^^^^^^^^^^^^^^^^^^^^^^^^^^^^^^^^^^^^^^^^^^^^^^\ntests/components/ui/pages/onboarding_pages/welcome_new_user_page.py:27: in is_loaded\n    await self._get_welcome_user_message(email).expect_to_be_loaded()\ntests/components/ui/pages/base_element.py:51: in expect_to_be_loaded\n    await expect(self.locator).to_be_visible(timeout=timeout)\nE   AssertionError: Locator expected to be visible\nE   Actual value: None\nE   Error: element(s) not found \nE   Call log:\nE     - Expect \"to_be_visible\" with timeout 5000ms\nE     - waiting for locator(\"h3.truncate.text-h3\").filter(has_text=\"Welcome, regression-6e6p0ilahi@apolo.us\")\n\nThe above exception was the direct cause of the following exception:\ntests/reporting_hooks/reporting.py:49: in wrapper\n    result = await func(*args, **kwargs)\n             ^^^^^^^^^^^^^^^^^^^^^^^^^^^\ntests/test_cases/steps/ui_steps/ui_steps.py:84: in ui_login\n    await self.welcome_new_user_page.verify_ui_page_displayed(\ntests/reporting_hooks/reporting.py:58: in wrapper\n    raise AssertionError(formatted_msg) from e\nE   AssertionError: [AssertionError] during step: Verify that Welcome new user page displayed\nE   Message: Locator expected to be visible\nE   Actual value: None\nE   Error: element(s) not found \nE   Call log:\nE     - Expect \"to_be_visible\" with timeout 5000ms\nE     - waiting for locator(\"h3.truncate.text-h3\").filter(has_text=\"Welcome, regression-6e6p0ilahi@apolo.us\")\n\nThe above exception was the direct cause of the following exception:\ntests/test_cases/tests_ui/test_files.py:611: in test_download_bin_file\n    await steps.ui_login(user)\ntests/reporting_hooks/reporting.py:58: in wrapper\n    raise AssertionError(formatted_msg) from e\nE   AssertionError: [AssertionError] during step: Login via UI\nE   Message: [AssertionError] during step: Verify that Welcome new user page displayed\nE   Message: Locator expected to be visible\nE   Actual value: None\nE   Error: element(s) not found \nE   Call log:\nE     - Expect \"to_be_visible\" with timeout 5000ms\nE     - waiting for locator(\"h3.truncate.text-h3\").filter(has_text=\"Welcome, regression-6e6p0ilahi@apolo.us\")","steps":[{"name":"Login via UI","time":{"start":1766628512378,"stop":1766628533100,"duration":20722},"status":"failed","statusMessage":"AssertionError: [AssertionError] during step: Login via UI\nMessage: [AssertionError] during step: Verify that Welcome new user page displayed\nMessage: Locator expected to be visible\nActual value: None\nError: element(s) not found \nCall log:\n  - Expect \"to_be_visible\" with timeout 5000ms\n  - waiting for locator(\"h3.truncate.text-h3\").filter(has_text=\"Welcome, regression-6e6p0ilahi@apolo.us\")\n\n","statusTrace":"  File \"/home/runner/work/apolo-test-automation/apolo-test-automation/tests/reporting_hooks/reporting.py\", line 58, in wrapper\n    raise AssertionError(formatted_msg) from e\n","steps":[{"name":"Verify that Auth page displayed","time":{"start":1766628512378,"stop":1766628513465,"duration":1087},"status":"passed","steps":[],"attachments":[{"uid":"a0f6ed868e26d0c2","name":"Page URL","source":"a0f6ed868e26d0c2.txt","type":"text/plain","size":29},{"uid":"cf1e2b2d12d33d96","name":"HTTP 200 - GET config","source":"cf1e2b2d12d33d96.txt","type":"text/plain","size":673},{"uid":"c505b05d9bcb51f2","name":"Screenshot: Verify that Auth page displayed (success)","source":"c505b05d9bcb51f2.png","type":"image/png","size":88563}],"parameters":[],"shouldDisplayMessage":false,"stepsCount":0,"attachmentsCount":3,"hasContent":true,"attachmentStep":false},{"name":"Click login button","time":{"start":1766628513465,"stop":1766628514377,"duration":912},"status":"passed","steps":[],"attachments":[{"uid":"2e0fbfbdf59fd2f","name":"Page URL","source":"2e0fbfbdf59fd2f.txt","type":"text/plain","size":33},{"uid":"5ef3c9818dfcbe98","name":"Screenshot: Click login button (success)","source":"5ef3c9818dfcbe98.png","type":"image/png","size":41524}],"parameters":[],"shouldDisplayMessage":false,"stepsCount":0,"attachmentsCount":2,"hasContent":true,"attachmentStep":false},{"name":"Verify that Login page displayed","time":{"start":1766628514377,"stop":1766628514474,"duration":97},"status":"passed","steps":[],"attachments":[{"uid":"1c48a0b4425f4a57","name":"Page URL","source":"1c48a0b4425f4a57.txt","type":"text/plain","size":215},{"uid":"4434ab9030b16900","name":"Screenshot: Verify that Login page displayed (success)","source":"4434ab9030b16900.png","type":"image/png","size":41637}],"parameters":[],"shouldDisplayMessage":false,"stepsCount":0,"attachmentsCount":2,"hasContent":true,"attachmentStep":false},{"name":"Enter email","time":{"start":1766628514474,"stop":1766628514794,"duration":320},"status":"passed","steps":[],"attachments":[{"uid":"23e831d32260ec9f","name":"Page URL","source":"23e831d32260ec9f.txt","type":"text/plain","size":215},{"uid":"34487f17aa7bec86","name":"Screenshot: Enter email (success)","source":"34487f17aa7bec86.png","type":"image/png","size":45982}],"parameters":[],"shouldDisplayMessage":false,"stepsCount":0,"attachmentsCount":2,"hasContent":true,"attachmentStep":false},{"name":"Enter password","time":{"start":1766628514794,"stop":1766628515112,"duration":318},"status":"passed","steps":[],"attachments":[{"uid":"67ae55a17b8d03bb","name":"Page URL","source":"67ae55a17b8d03bb.txt","type":"text/plain","size":215},{"uid":"75edff656ffeb780","name":"Screenshot: Enter password (success)","source":"75edff656ffeb780.png","type":"image/png","size":46128}],"parameters":[],"shouldDisplayMessage":false,"stepsCount":0,"attachmentsCount":2,"hasContent":true,"attachmentStep":false},{"name":"Click Continue button","time":{"start":1766628515112,"stop":1766628526972,"duration":11860},"status":"passed","steps":[],"attachments":[{"uid":"678564a1f422d67c","name":"Page URL","source":"678564a1f422d67c.txt","type":"text/plain","size":215},{"uid":"d6c76c9bc24ec16c","name":"Screenshot: Click Continue button (success)","source":"d6c76c9bc24ec16c.png","type":"image/png","size":10158}],"parameters":[],"shouldDisplayMessage":false,"stepsCount":0,"attachmentsCount":2,"hasContent":true,"attachmentStep":false},{"name":"Verify that Welcome new user page displayed","time":{"start":1766628526977,"stop":1766628533035,"duration":6058},"status":"failed","statusMessage":"AssertionError: [AssertionError] during step: Verify that Welcome new user page displayed\nMessage: Locator expected to be visible\nActual value: None\nError: element(s) not found \nCall log:\n  - Expect \"to_be_visible\" with timeout 5000ms\n  - waiting for locator(\"h3.truncate.text-h3\").filter(has_text=\"Welcome, regression-6e6p0ilahi@apolo.us\")\n\n","statusTrace":"  File \"/home/runner/work/apolo-test-automation/apolo-test-automation/tests/reporting_hooks/reporting.py\", line 58, in wrapper\n    raise AssertionError(formatted_msg) from e\n","steps":[],"attachments":[{"uid":"a76ab2e876941f91","name":"Page URL","source":"a76ab2e876941f91.txt","type":"text/plain","size":215},{"uid":"29306acfd631bccc","name":"Screenshot: Verify that Welcome new user page displayed (fail)","source":"29306acfd631bccc.png","type":"image/png","size":10158}],"parameters":[],"shouldDisplayMessage":true,"stepsCount":0,"attachmentsCount":2,"hasContent":true,"attachmentStep":false}],"attachments":[{"uid":"8c7739484404a242","name":"Page URL","source":"8c7739484404a242.txt","type":"text/plain","size":29},{"uid":"e4ebc44fbd5155a8","name":"Screenshot: Login via UI (fail)","source":"e4ebc44fbd5155a8.png","type":"image/png","size":10158}],"parameters":[],"shouldDisplayMessage":true,"stepsCount":7,"attachmentsCount":17,"hasContent":true,"attachmentStep":false}],"attachments":[{"uid":"7b79fe417451373f","name":"log","source":"7b79fe417451373f.txt","type":"text/plain","size":50527}],"parameters":[],"shouldDisplayMessage":true,"stepsCount":8,"attachmentsCount":18,"hasContent":true,"attachmentStep":false},"afterStages":[{"name":"add_page_manager::finalizer","time":{"start":1766628533135,"stop":1766628533135,"duration":0},"status":"passed","steps":[],"attachments":[],"parameters":[],"shouldDisplayMessage":false,"stepsCount":0,"attachmentsCount":0,"hasContent":false,"attachmentStep":false},{"name":"setup_cleanup::finalizer","time":{"start":1766628533136,"stop":1766628533136,"duration":0},"status":"passed","steps":[],"attachments":[],"parameters":[],"shouldDisplayMessage":false,"stepsCount":0,"attachmentsCount":0,"hasContent":false,"attachmentStep":false},{"name":"setup_cleanup::finalizer","time":{"start":1766628533136,"stop":1766628533981,"duration":845},"status":"passed","steps":[{"name":"Post-test cleanup","time":{"start":1766628533136,"stop":1766628533981,"duration":845},"status":"passed","steps":[],"attachments":[{"uid":"4c272c03253d759e","name":"Cleanup note","source":"4c272c03253d759e.txt","type":"text/plain","size":29}],"parameters":[],"shouldDisplayMessage":false,"stepsCount":0,"attachmentsCount":1,"hasContent":true,"attachmentStep":false}],"attachments":[],"parameters":[],"shouldDisplayMessage":false,"stepsCount":1,"attachmentsCount":1,"hasContent":true,"attachmentStep":false},{"name":"api_helper::finalizer","time":{"start":1766628533982,"stop":1766628533983,"duration":1},"status":"passed","steps":[],"attachments":[],"parameters":[],"shouldDisplayMessage":false,"stepsCount":0,"attachmentsCount":0,"hasContent":false,"attachmentStep":false},{"name":"_function_scoped_runner::0","time":{"start":1766628533984,"stop":1766628533984,"duration":0},"status":"passed","steps":[],"attachments":[],"parameters":[],"shouldDisplayMessage":false,"stepsCount":0,"attachmentsCount":0,"hasContent":false,"attachmentStep":false}],"labels":[{"name":"suite","value":"UI Files"},{"name":"parentSuite","value":"UI Tests"},{"name":"tag","value":"asyncio"},{"name":"subSuite","value":"TestUIFiles"},{"name":"host","value":"runnervmh13bl"},{"name":"thread","value":"3053-MainThread"},{"name":"framework","value":"pytest"},{"name":"language","value":"cpython3"},{"name":"package","value":"tests.test_cases.tests_ui.test_files"},{"name":"resultFormat","value":"allure2"}],"parameters":[],"links":[],"hidden":false,"retry":false,"extra":{"severity":"normal","retries":[{"uid":"ddf21246fc4fb955","status":"failed","statusDetails":"AssertionError: [AssertionError] during step: Verify File action bar displayed\nMessage: File action bar for regression-bin-file-aRTcGNsV.bin should be displayed!","time":{"start":1766628438869,"stop":1766628497315,"duration":58446}}],"categories":[{"name":"Product defects","matchedStatuses":[],"flaky":false}],"history":{"statistic":{"failed":64,"broken":0,"skipped":0,"passed":72,"unknown":0,"total":136},"items":[{"uid":"8f0957a0274bf634","status":"failed","statusDetails":"AssertionError: [AssertionError] during step: Verify File action bar displayed\nMessage: File action bar for regression-bin-file-baTYQpKo.bin should be displayed!","time":{"start":1766543153891,"stop":1766543231779,"duration":77888}},{"uid":"f054eb7ba1308826","status":"failed","statusDetails":"AssertionError: [AssertionError] during step: Verify File action bar displayed\nMessage: File action bar for regression-bin-file-fGTAv7qf.bin should be displayed!","time":{"start":1766455998856,"stop":1766456090775,"duration":91919}},{"uid":"dd9b2dc2e33bc586","status":"failed","statusDetails":"AssertionError: [AssertionError] during step: Verify File action bar displayed\nMessage: File action bar for regression-bin-file-uOmkppxP.bin should be displayed!","time":{"start":1766369457573,"stop":1766369550890,"duration":93317}},{"uid":"b6a000a462dd1aa3","status":"failed","statusDetails":"AssertionError: [AssertionError] during step: Verify File action bar displayed\nMessage: File action bar for regression-bin-file-ikEiNVBo.bin should be displayed!","time":{"start":1766282995817,"stop":1766283069860,"duration":74043}},{"uid":"e80641bb9a33864c","status":"failed","statusDetails":"AssertionError: [AssertionError] during step: Verify File action bar displayed\nMessage: File action bar for regression-bin-file-SfODhNp2.bin should be displayed!","time":{"start":1766196609634,"stop":1766196657373,"duration":47739}},{"uid":"239e689c37cdfe30","status":"failed","statusDetails":"AssertionError: [AssertionError] during step: Verify File action bar displayed\nMessage: File action bar for regression-bin-file-fai8irQQ.bin should be displayed!","time":{"start":1766109923987,"stop":1766109979238,"duration":55251}},{"uid":"e80dd6f54957a399","status":"failed","statusDetails":"AssertionError: [AssertionError] during step: Verify File action bar displayed\nMessage: File action bar for regression-bin-file-Q4QULz2x.bin should be displayed!","time":{"start":1766023893683,"stop":1766023987138,"duration":93455}},{"uid":"2b1655ce73845bfc","status":"failed","statusDetails":"AssertionError: [AssertionError] during step: Login via UI\nMessage: [TimeoutError] during step: Click Continue button\nMessage: Locator.click: Timeout 30000ms exceeded.\nCall log:\n  - waiting for locator(\"button[type='submit'][name='action'][value='default']\")\n\nNote: Playwright Timeout. Element not found or action took too long.","time":{"start":1765937335324,"stop":1765937398932,"duration":63608}},{"uid":"54ea2f72503462b2","status":"failed","statusDetails":"AssertionError: [AssertionError] during step: Verify File action bar displayed\nMessage: File action bar for regression-bin-file-PLfEmGyX.bin should be displayed!","time":{"start":1765851801555,"stop":1765851888890,"duration":87335}},{"uid":"3bc69eb7c80cdc64","status":"failed","statusDetails":"AssertionError: [AssertionError] during step: Verify File action bar displayed\nMessage: File action bar for regression-bin-file-LW17TgFL.bin should be displayed!","time":{"start":1765764877702,"stop":1765764954564,"duration":76862}},{"uid":"1a27850ede92e369","status":"failed","statusDetails":"AssertionError: [AssertionError] during step: Verify File action bar displayed\nMessage: File action bar for regression-bin-file-nwqjOTGd.bin should be displayed!","time":{"start":1765678531320,"stop":1765678613599,"duration":82279}},{"uid":"3e276527d755e0d9","status":"failed","statusDetails":"AssertionError: [AssertionError] during step: Verify File action bar displayed\nMessage: File action bar for regression-bin-file-505Lw88v.bin should be displayed!","time":{"start":1765591983205,"stop":1765592072317,"duration":89112}},{"uid":"70499ba205b40a85","status":"failed","statusDetails":"AssertionError: [AssertionError] during step: Verify File action bar displayed\nMessage: File action bar for regression-bin-file-1YLpYbBA.bin should be displayed!","time":{"start":1765505328981,"stop":1765505392206,"duration":63225}},{"uid":"25ee6bba43139c59","status":"failed","statusDetails":"AssertionError: [AssertionError] during step: Verify File action bar displayed\nMessage: File action bar for regression-bin-file-AVh1NJUL.bin should be displayed!","time":{"start":1765332514885,"stop":1765332583241,"duration":68356}},{"uid":"29434e86631cc88a","status":"failed","statusDetails":"AssertionError: [AssertionError] during step: Verify File action bar displayed\nMessage: File action bar for regression-bin-file-nl7vZIxr.bin should be displayed!","time":{"start":1765246644705,"stop":1765246713075,"duration":68370}},{"uid":"9a794480816805f6","status":"failed","statusDetails":"AssertionError: [AssertionError] during step: Verify File action bar displayed\nMessage: File action bar for regression-bin-file-GplbQduD.bin should be displayed!","time":{"start":1765159899696,"stop":1765159960769,"duration":61073}},{"uid":"a53e6fcb1298047c","status":"failed","statusDetails":"AssertionError: [AssertionError] during step: Verify File action bar displayed\nMessage: File action bar for regression-bin-file-5k9GprB8.bin should be displayed!","time":{"start":1765073307467,"stop":1765073365513,"duration":58046}},{"uid":"228883608473b347","status":"failed","statusDetails":"AssertionError: [AssertionError] during step: Verify File action bar displayed\nMessage: File action bar for regression-bin-file-mQqdCdMv.bin should be displayed!","time":{"start":1764986981807,"stop":1764987051324,"duration":69517}},{"uid":"ae8df06d4114135b","status":"failed","statusDetails":"AssertionError: [AssertionError] during step: Verify File action bar displayed\nMessage: File action bar for regression-bin-file-WIcHuKTZ.bin should be displayed!","time":{"start":1764900232841,"stop":1764900295769,"duration":62928}},{"uid":"50a5ff0c1679ee51","status":"failed","statusDetails":"AssertionError: [AssertionError] during step: Verify File action bar displayed\nMessage: File action bar for regression-bin-file-aYCeHNDY.bin should be displayed!","time":{"start":1764813966173,"stop":1764814013923,"duration":47750}}]},"tags":["asyncio"]},"source":"7e6e6f95323952f6.json","parameterValues":[]}