{"uid":"8052adb253098b8a","name":"Invite not registered user to organization with default project via UI","fullName":"tests.test_cases.tests_ui.test_ui_signup.TestUISignup#test_invite_not_registered_user_to_org_with_default_proj","historyId":"205044e1a315fe03fbd376342afa1037","time":{"start":1763781076378,"stop":1763781112142,"duration":35764},"description":"\n- Login with valid credentials.\n- Create new organization.\n- Create project with `default` option.\n- Invite **not registered** user to organization.\n\n### Verify that:\n\n- Newly invited user automatically is member of default project.\n","descriptionHtml":"<div style='line-height:1.6;'><ul>\n<li>Login with valid credentials.</li>\n<li>Create new organization.</li>\n<li>Create project with <span style='background-color:#D3D3D3; padding:2px 4px; border-radius:3px; font-family:monospace;'>default</span> option.</li>\n<li>Invite <strong>not registered</strong> user to organization.</li>\n</ul>\n<h3>Verify that:</h3>\n<ul>\n<li>Newly invited user automatically is member of default project.</li>\n</ul></div>","status":"failed","statusMessage":"AssertionError: [AssertionError] during step: Create first project from main page\nMessage: [TimeoutError] during step: Wait for Create project popup disappear\nMessage: Locator.wait_for: Timeout 60ms exceeded.\nCall log:\n  - waiting for locator(\"h2\").filter(has_text=\"Create Project\") to be detached\n    3 × locator resolved to visible <h2 class=\"p-8 text-h4\">Create Project</h2>\n\nNote: Playwright Timeout. Element not found or action took too long.","statusTrace":"tests/reporting_hooks/reporting.py:49: in wrapper\n    result = await func(*args, **kwargs)\n             ^^^^^^^^^^^^^^^^^^^^^^^^^^^\ntests/test_cases/steps/ui_steps/page_steps_impl/create_proj_popup_steps.py:36: in ui_wait_to_disappear\n    await self._pm.create_proj_popup.wait_to_disappear(org_name=org_name)\ntests/components/ui/pages/create_project_popup.py:83: in wait_to_disappear\n    await self._get_create_proj_title().locator.wait_for(\n.venv/lib/python3.13/site-packages/playwright/async_api/_generated.py:17906: in wait_for\n    await self._impl_obj.wait_for(timeout=timeout, state=state)\n.venv/lib/python3.13/site-packages/playwright/_impl/_locator.py:692: in wait_for\n    await self._frame.wait_for_selector(\n.venv/lib/python3.13/site-packages/playwright/_impl/_frame.py:369: in wait_for_selector\n    await self._channel.send(\n.venv/lib/python3.13/site-packages/playwright/_impl/_connection.py:69: in send\n    return await self._connection.wrap_api_call(\n.venv/lib/python3.13/site-packages/playwright/_impl/_connection.py:559: in wrap_api_call\n    raise rewrite_error(error, f\"{parsed_st['apiName']}: {error}\") from None\nE   playwright._impl._errors.TimeoutError: Locator.wait_for: Timeout 60ms exceeded.\nE   Call log:\nE     - waiting for locator(\"h2\").filter(has_text=\"Create Project\") to be detached\nE       3 × locator resolved to visible <h2 class=\"p-8 text-h4\">Create Project</h2>\n\nThe above exception was the direct cause of the following exception:\ntests/reporting_hooks/reporting.py:49: in wrapper\n    result = await func(*args, **kwargs)\n             ^^^^^^^^^^^^^^^^^^^^^^^^^^^\ntests/test_cases/steps/ui_steps/ui_steps.py:247: in ui_create_first_proj_from_main_page\n    await self.create_proj_popup.ui_wait_to_disappear(org_name=org_name)\ntests/reporting_hooks/reporting.py:58: in wrapper\n    raise AssertionError(formatted_msg) from e\nE   AssertionError: [TimeoutError] during step: Wait for Create project popup disappear\nE   Message: Locator.wait_for: Timeout 60ms exceeded.\nE   Call log:\nE     - waiting for locator(\"h2\").filter(has_text=\"Create Project\") to be detached\nE       3 × locator resolved to visible <h2 class=\"p-8 text-h4\">Create Project</h2>\nE   \nE   Note: Playwright Timeout. Element not found or action took too long.\n\nThe above exception was the direct cause of the following exception:\ntests/test_cases/tests_ui/test_ui_signup.py:145: in test_invite_not_registered_user_to_org_with_default_proj\n    await steps.ui_create_first_proj_from_main_page(\ntests/reporting_hooks/reporting.py:58: in wrapper\n    raise AssertionError(formatted_msg) from e\nE   AssertionError: [AssertionError] during step: Create first project from main page\nE   Message: [TimeoutError] during step: Wait for Create project popup disappear\nE   Message: Locator.wait_for: Timeout 60ms exceeded.\nE   Call log:\nE     - waiting for locator(\"h2\").filter(has_text=\"Create Project\") to be detached\nE       3 × locator resolved to visible <h2 class=\"p-8 text-h4\">Create Project</h2>\nE   \nE   Note: Playwright Timeout. Element not found or action took too long.","flaky":false,"newFailed":false,"newBroken":false,"newPassed":false,"retriesCount":1,"retriesStatusChange":false,"beforeStages":[{"name":"_verify_url","time":{"start":1763775058723,"stop":1763775058723,"duration":0},"status":"passed","steps":[],"attachments":[],"parameters":[],"shouldDisplayMessage":false,"stepsCount":0,"attachmentsCount":0,"hasContent":false,"attachmentStep":false},{"name":"pytestconfig","time":{"start":1763775058723,"stop":1763775058723,"duration":0},"status":"passed","steps":[],"attachments":[],"parameters":[],"shouldDisplayMessage":false,"stepsCount":0,"attachmentsCount":0,"hasContent":false,"attachmentStep":false},{"name":"delete_output_dir","time":{"start":1763775058723,"stop":1763775058723,"duration":0},"status":"passed","steps":[],"attachments":[],"parameters":[],"shouldDisplayMessage":false,"stepsCount":0,"attachmentsCount":0,"hasContent":false,"attachmentStep":false},{"name":"event_loop_policy","time":{"start":1763775058723,"stop":1763775058723,"duration":0},"status":"passed","steps":[],"attachments":[],"parameters":[],"shouldDisplayMessage":false,"stepsCount":0,"attachmentsCount":0,"hasContent":false,"attachmentStep":false},{"name":"base_url","time":{"start":1763775058723,"stop":1763775058723,"duration":0},"status":"passed","steps":[],"attachments":[],"parameters":[],"shouldDisplayMessage":false,"stepsCount":0,"attachmentsCount":0,"hasContent":false,"attachmentStep":false},{"name":"ensure_storage_directories","time":{"start":1763775058724,"stop":1763775058724,"duration":0},"status":"passed","steps":[],"attachments":[],"parameters":[],"shouldDisplayMessage":false,"stepsCount":0,"attachmentsCount":0,"hasContent":false,"attachmentStep":false},{"name":"delay_worker_start","time":{"start":1763775058724,"stop":1763775058724,"duration":0},"status":"passed","steps":[],"attachments":[],"parameters":[],"shouldDisplayMessage":false,"stepsCount":0,"attachmentsCount":0,"hasContent":false,"attachmentStep":false},{"name":"test_config","time":{"start":1763781075414,"stop":1763781075417,"duration":3},"status":"passed","steps":[],"attachments":[],"parameters":[],"shouldDisplayMessage":false,"stepsCount":0,"attachmentsCount":0,"hasContent":false,"attachmentStep":false},{"name":"_function_scoped_runner","time":{"start":1763781075417,"stop":1763781075417,"duration":0},"status":"passed","steps":[],"attachments":[],"parameters":[],"shouldDisplayMessage":false,"stepsCount":0,"attachmentsCount":0,"hasContent":false,"attachmentStep":false},{"name":"page_manager","time":{"start":1763781075417,"stop":1763781076376,"duration":959},"status":"passed","steps":[],"attachments":[],"parameters":[],"shouldDisplayMessage":false,"stepsCount":0,"attachmentsCount":0,"hasContent":false,"attachmentStep":false},{"name":"data_manager","time":{"start":1763781076376,"stop":1763781076376,"duration":0},"status":"passed","steps":[],"attachments":[],"parameters":[],"shouldDisplayMessage":false,"stepsCount":0,"attachmentsCount":0,"hasContent":false,"attachmentStep":false},{"name":"api_helper","time":{"start":1763781076376,"stop":1763781076376,"duration":0},"status":"passed","steps":[],"attachments":[],"parameters":[],"shouldDisplayMessage":false,"stepsCount":0,"attachmentsCount":0,"hasContent":false,"attachmentStep":false},{"name":"apolo_cli","time":{"start":1763781076376,"stop":1763781076377,"duration":1},"status":"passed","steps":[],"attachments":[],"parameters":[],"shouldDisplayMessage":false,"stepsCount":0,"attachmentsCount":0,"hasContent":false,"attachmentStep":false},{"name":"users_manager","time":{"start":1763781076376,"stop":1763781076376,"duration":0},"status":"passed","steps":[],"attachments":[],"parameters":[],"shouldDisplayMessage":false,"stepsCount":0,"attachmentsCount":0,"hasContent":false,"attachmentStep":false},{"name":"_inject_fixtures","time":{"start":1763781076377,"stop":1763781076378,"duration":1},"status":"passed","steps":[],"attachments":[],"parameters":[],"shouldDisplayMessage":false,"stepsCount":0,"attachmentsCount":0,"hasContent":false,"attachmentStep":false},{"name":"add_page_manager","time":{"start":1763781076377,"stop":1763781076377,"duration":0},"status":"passed","steps":[],"attachments":[],"parameters":[],"shouldDisplayMessage":false,"stepsCount":0,"attachmentsCount":0,"hasContent":false,"attachmentStep":false},{"name":"setup_cleanup","time":{"start":1763781076377,"stop":1763781076377,"duration":0},"status":"passed","steps":[],"attachments":[],"parameters":[],"shouldDisplayMessage":false,"stepsCount":0,"attachmentsCount":0,"hasContent":false,"attachmentStep":false},{"name":"setup","time":{"start":1763781076378,"stop":1763781076378,"duration":0},"status":"passed","steps":[],"attachments":[],"parameters":[],"shouldDisplayMessage":false,"stepsCount":0,"attachmentsCount":0,"hasContent":false,"attachmentStep":false}],"testStage":{"description":"\n- Login with valid credentials.\n- Create new organization.\n- Create project with `default` option.\n- Invite **not registered** user to organization.\n\n### Verify that:\n\n- Newly invited user automatically is member of default project.\n","descriptionHtml":"<div style='line-height:1.6;'><ul>\n<li>Login with valid credentials.</li>\n<li>Create new organization.</li>\n<li>Create project with <span style='background-color:#D3D3D3; padding:2px 4px; border-radius:3px; font-family:monospace;'>default</span> option.</li>\n<li>Invite <strong>not registered</strong> user to organization.</li>\n</ul>\n<h3>Verify that:</h3>\n<ul>\n<li>Newly invited user automatically is member of default project.</li>\n</ul></div>","status":"failed","statusMessage":"AssertionError: [AssertionError] during step: Create first project from main page\nMessage: [TimeoutError] during step: Wait for Create project popup disappear\nMessage: Locator.wait_for: Timeout 60ms exceeded.\nCall log:\n  - waiting for locator(\"h2\").filter(has_text=\"Create Project\") to be detached\n    3 × locator resolved to visible <h2 class=\"p-8 text-h4\">Create Project</h2>\n\nNote: Playwright Timeout. Element not found or action took too long.","statusTrace":"tests/reporting_hooks/reporting.py:49: in wrapper\n    result = await func(*args, **kwargs)\n             ^^^^^^^^^^^^^^^^^^^^^^^^^^^\ntests/test_cases/steps/ui_steps/page_steps_impl/create_proj_popup_steps.py:36: in ui_wait_to_disappear\n    await self._pm.create_proj_popup.wait_to_disappear(org_name=org_name)\ntests/components/ui/pages/create_project_popup.py:83: in wait_to_disappear\n    await self._get_create_proj_title().locator.wait_for(\n.venv/lib/python3.13/site-packages/playwright/async_api/_generated.py:17906: in wait_for\n    await self._impl_obj.wait_for(timeout=timeout, state=state)\n.venv/lib/python3.13/site-packages/playwright/_impl/_locator.py:692: in wait_for\n    await self._frame.wait_for_selector(\n.venv/lib/python3.13/site-packages/playwright/_impl/_frame.py:369: in wait_for_selector\n    await self._channel.send(\n.venv/lib/python3.13/site-packages/playwright/_impl/_connection.py:69: in send\n    return await self._connection.wrap_api_call(\n.venv/lib/python3.13/site-packages/playwright/_impl/_connection.py:559: in wrap_api_call\n    raise rewrite_error(error, f\"{parsed_st['apiName']}: {error}\") from None\nE   playwright._impl._errors.TimeoutError: Locator.wait_for: Timeout 60ms exceeded.\nE   Call log:\nE     - waiting for locator(\"h2\").filter(has_text=\"Create Project\") to be detached\nE       3 × locator resolved to visible <h2 class=\"p-8 text-h4\">Create Project</h2>\n\nThe above exception was the direct cause of the following exception:\ntests/reporting_hooks/reporting.py:49: in wrapper\n    result = await func(*args, **kwargs)\n             ^^^^^^^^^^^^^^^^^^^^^^^^^^^\ntests/test_cases/steps/ui_steps/ui_steps.py:247: in ui_create_first_proj_from_main_page\n    await self.create_proj_popup.ui_wait_to_disappear(org_name=org_name)\ntests/reporting_hooks/reporting.py:58: in wrapper\n    raise AssertionError(formatted_msg) from e\nE   AssertionError: [TimeoutError] during step: Wait for Create project popup disappear\nE   Message: Locator.wait_for: Timeout 60ms exceeded.\nE   Call log:\nE     - waiting for locator(\"h2\").filter(has_text=\"Create Project\") to be detached\nE       3 × locator resolved to visible <h2 class=\"p-8 text-h4\">Create Project</h2>\nE   \nE   Note: Playwright Timeout. Element not found or action took too long.\n\nThe above exception was the direct cause of the following exception:\ntests/test_cases/tests_ui/test_ui_signup.py:145: in test_invite_not_registered_user_to_org_with_default_proj\n    await steps.ui_create_first_proj_from_main_page(\ntests/reporting_hooks/reporting.py:58: in wrapper\n    raise AssertionError(formatted_msg) from e\nE   AssertionError: [AssertionError] during step: Create first project from main page\nE   Message: [TimeoutError] during step: Wait for Create project popup disappear\nE   Message: Locator.wait_for: Timeout 60ms exceeded.\nE   Call log:\nE     - waiting for locator(\"h2\").filter(has_text=\"Create Project\") to be detached\nE       3 × locator resolved to visible <h2 class=\"p-8 text-h4\">Create Project</h2>\nE   \nE   Note: Playwright Timeout. Element not found or action took too long.","steps":[{"name":"Login via UI","time":{"start":1763781076379,"stop":1763781091996,"duration":15617},"status":"passed","steps":[{"name":"Verify that Auth page displayed","time":{"start":1763781076379,"stop":1763781076887,"duration":508},"status":"passed","steps":[],"attachments":[{"uid":"d905d1ae96b8eb88","name":"Page URL","source":"d905d1ae96b8eb88.txt","type":"text/plain","size":29},{"uid":"5cbcf9646592c31b","name":"HTTP 200 - GET config","source":"5cbcf9646592c31b.txt","type":"text/plain","size":673},{"uid":"3a465c8bd20ee3ac","name":"Screenshot: Verify that Auth page displayed (success)","source":"3a465c8bd20ee3ac.png","type":"image/png","size":88563}],"parameters":[],"shouldDisplayMessage":false,"stepsCount":0,"attachmentsCount":3,"hasContent":true,"attachmentStep":false},{"name":"Click login button","time":{"start":1763781076887,"stop":1763781077880,"duration":993},"status":"passed","steps":[],"attachments":[{"uid":"263a8ee1983185b4","name":"Page URL","source":"263a8ee1983185b4.txt","type":"text/plain","size":33},{"uid":"23bb1b17cf7447db","name":"Screenshot: Click login button (success)","source":"23bb1b17cf7447db.png","type":"image/png","size":41524}],"parameters":[],"shouldDisplayMessage":false,"stepsCount":0,"attachmentsCount":2,"hasContent":true,"attachmentStep":false},{"name":"Verify that Login page displayed","time":{"start":1763781077880,"stop":1763781077980,"duration":100},"status":"passed","steps":[],"attachments":[{"uid":"ca5ad0e9ec6fd270","name":"Page URL","source":"ca5ad0e9ec6fd270.txt","type":"text/plain","size":215},{"uid":"b921b1c712e3425b","name":"Screenshot: Verify that Login page displayed (success)","source":"b921b1c712e3425b.png","type":"image/png","size":41637}],"parameters":[],"shouldDisplayMessage":false,"stepsCount":0,"attachmentsCount":2,"hasContent":true,"attachmentStep":false},{"name":"Enter email","time":{"start":1763781077980,"stop":1763781078298,"duration":318},"status":"passed","steps":[],"attachments":[{"uid":"62c50d418bd463d","name":"Page URL","source":"62c50d418bd463d.txt","type":"text/plain","size":215},{"uid":"8ca2dd156fb598e1","name":"Screenshot: Enter email (success)","source":"8ca2dd156fb598e1.png","type":"image/png","size":45398}],"parameters":[],"shouldDisplayMessage":false,"stepsCount":0,"attachmentsCount":2,"hasContent":true,"attachmentStep":false},{"name":"Enter password","time":{"start":1763781078298,"stop":1763781078615,"duration":317},"status":"passed","steps":[],"attachments":[{"uid":"dc97b35aa076ad96","name":"Page URL","source":"dc97b35aa076ad96.txt","type":"text/plain","size":215},{"uid":"c71f2f4bf6d78323","name":"Screenshot: Enter password (success)","source":"c71f2f4bf6d78323.png","type":"image/png","size":45528}],"parameters":[],"shouldDisplayMessage":false,"stepsCount":0,"attachmentsCount":2,"hasContent":true,"attachmentStep":false},{"name":"Click Continue button","time":{"start":1763781078615,"stop":1763781090813,"duration":12198},"status":"passed","steps":[],"attachments":[{"uid":"cfe84aedd8e9ef9","name":"Page URL","source":"cfe84aedd8e9ef9.txt","type":"text/plain","size":215},{"uid":"1f1deb635efc17b5","name":"HTTP 200 - GET config","source":"1f1deb635efc17b5.txt","type":"text/plain","size":771},{"uid":"1c618c88680c8c8c","name":"HTTP 200 - GET permissions?uri=blob:","source":"1c618c88680c8c8c.txt","type":"text/plain","size":182},{"uid":"109f89b9e38bf1fc","name":"HTTP 200 - GET regression-srlpi7cgzc?include=clusters&include=system_role","source":"109f89b9e38bf1fc.txt","type":"text/plain","size":407},{"uid":"bfd8867d212abe67","name":"HTTP 200 - GET incoming","source":"bfd8867d212abe67.txt","type":"text/plain","size":156},{"uid":"cc7167bcac605e5b","name":"HTTP 200 - GET regression-srlpi7cgzc?include=orgs","source":"cc7167bcac605e5b.txt","type":"text/plain","size":379},{"uid":"1d04832a9abc91f7","name":"Screenshot: Click Continue button (success)","source":"1d04832a9abc91f7.png","type":"image/png","size":158448}],"parameters":[],"shouldDisplayMessage":false,"stepsCount":0,"attachmentsCount":7,"hasContent":true,"attachmentStep":false},{"name":"Verify that Welcome new user page displayed","time":{"start":1763781090821,"stop":1763781091912,"duration":1091},"status":"passed","steps":[],"attachments":[{"uid":"6bb3c924cb45f19f","name":"Page URL","source":"6bb3c924cb45f19f.txt","type":"text/plain","size":44},{"uid":"d030972875323894","name":"Screenshot: Verify that Welcome new user page displayed (success)","source":"d030972875323894.png","type":"image/png","size":158448}],"parameters":[],"shouldDisplayMessage":false,"stepsCount":0,"attachmentsCount":2,"hasContent":true,"attachmentStep":false}],"attachments":[{"uid":"f87438d8dd322144","name":"Page URL","source":"f87438d8dd322144.txt","type":"text/plain","size":29},{"uid":"584da05d905d123e","name":"Screenshot: Login via UI (success)","source":"584da05d905d123e.png","type":"image/png","size":158448}],"parameters":[],"shouldDisplayMessage":false,"stepsCount":7,"attachmentsCount":22,"hasContent":true,"attachmentStep":false},{"name":"Add organization via API and reload page","time":{"start":1763781092686,"stop":1763781108898,"duration":16212},"status":"passed","steps":[{"name":"Reload page","time":{"start":1763781107580,"stop":1763781108832,"duration":1252},"status":"passed","steps":[{"name":"Reload page","time":{"start":1763781107581,"stop":1763781108765,"duration":1184},"status":"passed","steps":[],"attachments":[{"uid":"2644c1d89bd76c07","name":"Page URL","source":"2644c1d89bd76c07.txt","type":"text/plain","size":44},{"uid":"499ce8ab0ddde248","name":"HTTP 200 - GET config","source":"499ce8ab0ddde248.txt","type":"text/plain","size":2137},{"uid":"5c0baa1f870b24da","name":"HTTP 200 - GET permissions?uri=blob:","source":"5c0baa1f870b24da.txt","type":"text/plain","size":255},{"uid":"cbfb5b1f79737066","name":"HTTP 200 - GET incoming","source":"cbfb5b1f79737066.txt","type":"text/plain","size":156},{"uid":"42f4b81806721830","name":"HTTP 200 - GET regression-srlpi7cgzc?include=orgs","source":"42f4b81806721830.txt","type":"text/plain","size":474},{"uid":"89742196323f31c0","name":"HTTP 200 - GET regression-srlpi7cgzc?include=clusters&include=system_role","source":"89742196323f31c0.txt","type":"text/plain","size":529},{"uid":"30e402f9cc57a762","name":"HTTP 200 - GET regression-org-mzzkv17m9k5a","source":"30e402f9cc57a762.txt","type":"text/plain","size":444},{"uid":"f764d91cdd717c69","name":"HTTP 200 - GET tags","source":"f764d91cdd717c69.txt","type":"text/plain","size":948},{"uid":"6bb98eb2918cd77f","name":"Screenshot: Reload page (success)","source":"6bb98eb2918cd77f.png","type":"image/png","size":57438}],"parameters":[],"shouldDisplayMessage":false,"stepsCount":0,"attachmentsCount":9,"hasContent":true,"attachmentStep":false}],"attachments":[{"uid":"40d36ed1d1dfe121","name":"Page URL","source":"40d36ed1d1dfe121.txt","type":"text/plain","size":44},{"uid":"9621f917d7bfbd29","name":"Screenshot: Reload page (success)","source":"9621f917d7bfbd29.png","type":"image/png","size":57438}],"parameters":[],"shouldDisplayMessage":false,"stepsCount":1,"attachmentsCount":11,"hasContent":true,"attachmentStep":false}],"attachments":[{"uid":"55acbaf792686869","name":"Page URL","source":"55acbaf792686869.txt","type":"text/plain","size":44},{"uid":"64258db243e481e1","name":"HTTP 200 - GET config","source":"64258db243e481e1.txt","type":"text/plain","size":673},{"uid":"d120549d0ff976a7","name":"Screenshot: Add organization via API and reload page (success)","source":"d120549d0ff976a7.png","type":"image/png","size":57438}],"parameters":[],"shouldDisplayMessage":false,"stepsCount":2,"attachmentsCount":14,"hasContent":true,"attachmentStep":false},{"name":"Create first project from main page","time":{"start":1763781108898,"stop":1763781112141,"duration":3243},"status":"failed","statusMessage":"AssertionError: [AssertionError] during step: Create first project from main page\nMessage: [TimeoutError] during step: Wait for Create project popup disappear\nMessage: Locator.wait_for: Timeout 60ms exceeded.\nCall log:\n  - waiting for locator(\"h2\").filter(has_text=\"Create Project\") to be detached\n    3 × locator resolved to visible <h2 class=\"p-8 text-h4\">Create Project</h2>\n\nNote: Playwright Timeout. Element not found or action took too long.\n","statusTrace":"  File \"/home/runner/work/apolo-test-automation/apolo-test-automation/tests/reporting_hooks/reporting.py\", line 58, in wrapper\n    raise AssertionError(formatted_msg) from e\n","steps":[{"name":"Click Create project button on the main page","time":{"start":1763781108898,"stop":1763781109859,"duration":961},"status":"passed","steps":[],"attachments":[{"uid":"aa09663533e35e6f","name":"Page URL","source":"aa09663533e35e6f.txt","type":"text/plain","size":81},{"uid":"a9ecaa902a0acf6d","name":"Screenshot: Click Create project button on the main page (success)","source":"a9ecaa902a0acf6d.png","type":"image/png","size":79513}],"parameters":[],"shouldDisplayMessage":false,"stepsCount":0,"attachmentsCount":2,"hasContent":true,"attachmentStep":false},{"name":"Verify Create project popup displayed","time":{"start":1763781109859,"stop":1763781109965,"duration":106},"status":"passed","steps":[],"attachments":[{"uid":"8afe51e3f1cf5242","name":"Page URL","source":"8afe51e3f1cf5242.txt","type":"text/plain","size":81},{"uid":"6d814102444bf109","name":"Screenshot: Verify Create project popup displayed (success)","source":"6d814102444bf109.png","type":"image/png","size":79523}],"parameters":[],"shouldDisplayMessage":false,"stepsCount":0,"attachmentsCount":2,"hasContent":true,"attachmentStep":false},{"name":"Enter project name","time":{"start":1763781109965,"stop":1763781110291,"duration":326},"status":"passed","steps":[],"attachments":[{"uid":"7884b05063b89e68","name":"Page URL","source":"7884b05063b89e68.txt","type":"text/plain","size":81},{"uid":"d6a5fc6166f5a990","name":"Screenshot: Enter project name (success)","source":"d6a5fc6166f5a990.png","type":"image/png","size":83124}],"parameters":[],"shouldDisplayMessage":false,"stepsCount":0,"attachmentsCount":2,"hasContent":true,"attachmentStep":false},{"name":"Select user role","time":{"start":1763781110291,"stop":1763781110372,"duration":81},"status":"passed","steps":[],"attachments":[{"uid":"8a53bb32075df66c","name":"Page URL","source":"8a53bb32075df66c.txt","type":"text/plain","size":81},{"uid":"c75abe54d469f1f5","name":"Screenshot: Select user role (success)","source":"c75abe54d469f1f5.png","type":"image/png","size":83132}],"parameters":[],"shouldDisplayMessage":false,"stepsCount":0,"attachmentsCount":2,"hasContent":true,"attachmentStep":false},{"name":"Click project default checkbox","time":{"start":1763781110372,"stop":1763781110992,"duration":620},"status":"passed","steps":[],"attachments":[{"uid":"f3297c86a8f16920","name":"Page URL","source":"f3297c86a8f16920.txt","type":"text/plain","size":81},{"uid":"152aa2114d2363b6","name":"HTTP 404 - GET regression-proj-nouxzgtvkr","source":"152aa2114d2363b6.txt","type":"text/plain","size":340},{"uid":"5907bf793e82bc3","name":"Screenshot: Click project default checkbox (success)","source":"5907bf793e82bc3.png","type":"image/png","size":83136}],"parameters":[],"shouldDisplayMessage":false,"stepsCount":0,"attachmentsCount":3,"hasContent":true,"attachmentStep":false},{"name":"Click Create button","time":{"start":1763781110992,"stop":1763781111923,"duration":931},"status":"passed","steps":[],"attachments":[{"uid":"16773016b94b3daa","name":"Page URL","source":"16773016b94b3daa.txt","type":"text/plain","size":81},{"uid":"7c8020e12ccd7ecb","name":"Screenshot: Click Create button (success)","source":"7c8020e12ccd7ecb.png","type":"image/png","size":82211}],"parameters":[],"shouldDisplayMessage":false,"stepsCount":0,"attachmentsCount":2,"hasContent":true,"attachmentStep":false},{"name":"Wait for Create project popup disappear","time":{"start":1763781111923,"stop":1763781112059,"duration":136},"status":"failed","statusMessage":"AssertionError: [TimeoutError] during step: Wait for Create project popup disappear\nMessage: Locator.wait_for: Timeout 60ms exceeded.\nCall log:\n  - waiting for locator(\"h2\").filter(has_text=\"Create Project\") to be detached\n    3 × locator resolved to visible <h2 class=\"p-8 text-h4\">Create Project</h2>\n\nNote: Playwright Timeout. Element not found or action took too long.\n","statusTrace":"  File \"/home/runner/work/apolo-test-automation/apolo-test-automation/tests/reporting_hooks/reporting.py\", line 58, in wrapper\n    raise AssertionError(formatted_msg) from e\n","steps":[],"attachments":[{"uid":"9fb99ca6fe672c49","name":"Page URL","source":"9fb99ca6fe672c49.txt","type":"text/plain","size":81},{"uid":"7915cf205b736c51","name":"Screenshot: Wait for Create project popup disappear (fail)","source":"7915cf205b736c51.png","type":"image/png","size":82198}],"parameters":[],"shouldDisplayMessage":true,"stepsCount":0,"attachmentsCount":2,"hasContent":true,"attachmentStep":false}],"attachments":[{"uid":"8d87931951840482","name":"Page URL","source":"8d87931951840482.txt","type":"text/plain","size":81},{"uid":"b77e2dee9dfa7bca","name":"Screenshot: Create first project from main page (fail)","source":"b77e2dee9dfa7bca.png","type":"image/png","size":82158}],"parameters":[],"shouldDisplayMessage":true,"stepsCount":7,"attachmentsCount":17,"hasContent":true,"attachmentStep":false}],"attachments":[{"uid":"358de2ede5f3a033","name":"log","source":"358de2ede5f3a033.txt","type":"text/plain","size":55738}],"parameters":[],"shouldDisplayMessage":true,"stepsCount":19,"attachmentsCount":54,"hasContent":true,"attachmentStep":false},"afterStages":[{"name":"add_page_manager::finalizer","time":{"start":1763781112286,"stop":1763781112286,"duration":0},"status":"passed","steps":[],"attachments":[],"parameters":[],"shouldDisplayMessage":false,"stepsCount":0,"attachmentsCount":0,"hasContent":false,"attachmentStep":false},{"name":"setup_cleanup::finalizer","time":{"start":1763781112286,"stop":1763781112286,"duration":0},"status":"passed","steps":[],"attachments":[],"parameters":[],"shouldDisplayMessage":false,"stepsCount":0,"attachmentsCount":0,"hasContent":false,"attachmentStep":false},{"name":"setup_cleanup::finalizer","time":{"start":1763781112286,"stop":1763781116911,"duration":4625},"status":"passed","steps":[{"name":"Post-test cleanup","time":{"start":1763781112286,"stop":1763781116911,"duration":4625},"status":"passed","steps":[{"name":"Delete organisation: regression-org-mzzkv17m9k5a","time":{"start":1763781116008,"stop":1763781116828,"duration":820},"status":"passed","steps":[],"attachments":[],"parameters":[],"shouldDisplayMessage":false,"stepsCount":0,"attachmentsCount":0,"hasContent":false,"attachmentStep":false}],"attachments":[],"parameters":[],"shouldDisplayMessage":false,"stepsCount":1,"attachmentsCount":0,"hasContent":true,"attachmentStep":false}],"attachments":[],"parameters":[],"shouldDisplayMessage":false,"stepsCount":2,"attachmentsCount":0,"hasContent":true,"attachmentStep":false},{"name":"api_helper::finalizer","time":{"start":1763781116912,"stop":1763781116912,"duration":0},"status":"passed","steps":[],"attachments":[],"parameters":[],"shouldDisplayMessage":false,"stepsCount":0,"attachmentsCount":0,"hasContent":false,"attachmentStep":false},{"name":"_function_scoped_runner::0","time":{"start":1763781116913,"stop":1763781116914,"duration":1},"status":"passed","steps":[],"attachments":[],"parameters":[],"shouldDisplayMessage":false,"stepsCount":0,"attachmentsCount":0,"hasContent":false,"attachmentStep":false}],"labels":[{"name":"parentSuite","value":"UI Tests"},{"name":"suite","value":"UI Signup"},{"name":"tag","value":"asyncio"},{"name":"subSuite","value":"TestUISignup"},{"name":"host","value":"runnervmg1sw1"},{"name":"thread","value":"3049-MainThread"},{"name":"framework","value":"pytest"},{"name":"language","value":"cpython3"},{"name":"package","value":"tests.test_cases.tests_ui.test_ui_signup"},{"name":"resultFormat","value":"allure2"}],"parameters":[],"links":[],"hidden":false,"retry":false,"extra":{"severity":"normal","retries":[{"uid":"24da231486e37232","status":"failed","statusDetails":"AssertionError: [AssertionError] during step: Create first project from main page\nMessage: [TimeoutError] during step: Wait for Create project popup disappear\nMessage: Locator.wait_for: Timeout 60ms exceeded.\nCall log:\n  - waiting for locator(\"h2\").filter(has_text=\"Create Project\") to be detached\n    3 × locator resolved to visible <h2 class=\"p-8 text-h4\">Create Project</h2>\n\nNote: Playwright Timeout. Element not found or action took too long.","time":{"start":1763781030214,"stop":1763781057211,"duration":26997}}],"categories":[{"name":"Product defects","matchedStatuses":[],"flaky":false}],"history":{"statistic":{"failed":30,"broken":0,"skipped":0,"passed":84,"unknown":0,"total":114},"items":[{"uid":"fada98c1f318de4a","status":"failed","statusDetails":"AssertionError: [AssertionError] during step: Login via UI\nMessage: [AssertionError] during step: Verify that Welcome new user page displayed\nMessage: Locator expected to be visible\nActual value: None\nError: element(s) not found \nCall log:\n  - Expect \"to_be_visible\" with timeout 5000ms\n  - waiting for locator(\"h3.truncate.text-h3\").filter(has_text=\"Welcome, regression-z9xoxx02nb@apolo.us\")","time":{"start":1763694413477,"stop":1763694425477,"duration":12000}},{"uid":"7c82688f32f5c153","status":"failed","statusDetails":"AssertionError: [AssertionError] during step: Create first project from main page\nMessage: [TimeoutError] during step: Wait for Create project popup disappear\nMessage: Locator.wait_for: Timeout 60ms exceeded.\nCall log:\n  - waiting for locator(\"h2\").filter(has_text=\"Create Project\") to be detached\n    3 × locator resolved to visible <h2 class=\"p-8 text-h4\">Create Project</h2>\n\nNote: Playwright Timeout. Element not found or action took too long.","time":{"start":1763608264363,"stop":1763608335894,"duration":71531}},{"uid":"439ddecf2fb4750b","status":"failed","statusDetails":"AssertionError: [AssertionError] during step: Login via UI\nMessage: [AssertionError] during step: Verify that Welcome new user page displayed\nMessage: Locator expected to be visible\nActual value: None\nError: element(s) not found \nCall log:\n  - Expect \"to_be_visible\" with timeout 5000ms\n  - waiting for locator(\"h3.truncate.text-h3\").filter(has_text=\"Welcome, regression-r9rayuhmsy@apolo.us\")","time":{"start":1763523038437,"stop":1763523050659,"duration":12222}},{"uid":"618123839e3debac","status":"failed","statusDetails":"AssertionError: [AssertionError] during step: Create first project from main page\nMessage: [TimeoutError] during step: Wait for Create project popup disappear\nMessage: Locator.wait_for: Timeout 60ms exceeded.\nCall log:\n  - waiting for locator(\"h2\").filter(has_text=\"Create Project\") to be detached\n    3 × locator resolved to visible <h2 class=\"p-8 text-h4\">Create Project</h2>\n\nNote: Playwright Timeout. Element not found or action took too long.","time":{"start":1763434937234,"stop":1763434971882,"duration":34648}},{"uid":"5a63c626549d4fa2","status":"failed","statusDetails":"AssertionError: [AssertionError] during step: Create first project from main page\nMessage: [TimeoutError] during step: Wait for Create project popup disappear\nMessage: Locator.wait_for: Timeout 60ms exceeded.\nCall log:\n  - waiting for locator(\"h2\").filter(has_text=\"Create Project\") to be detached\n    3 × locator resolved to visible <h2 class=\"p-8 text-h4\">Create Project</h2>\n\nNote: Playwright Timeout. Element not found or action took too long.","time":{"start":1763347452769,"stop":1763347603925,"duration":151156}},{"uid":"c2ef9c1214120aa4","status":"failed","statusDetails":"AssertionError: [AssertionError] during step: Create first project from main page\nMessage: [TimeoutError] during step: Wait for Create project popup disappear\nMessage: Locator.wait_for: Timeout 60ms exceeded.\nCall log:\n  - waiting for locator(\"h2\").filter(has_text=\"Create Project\") to be detached\n    3 × locator resolved to visible <h2 class=\"p-8 text-h4\">Create Project</h2>\n\nNote: Playwright Timeout. Element not found or action took too long.","time":{"start":1763263084019,"stop":1763263115375,"duration":31356}},{"uid":"ec6dbc6162c09645","status":"failed","statusDetails":"AssertionError: [AssertionError] during step: Login via UI\nMessage: [AssertionError] during step: Verify that Welcome new user page displayed\nMessage: Locator expected to be visible\nActual value: None\nError: element(s) not found \nCall log:\n  - Expect \"to_be_visible\" with timeout 5000ms\n  - waiting for locator(\"h3.truncate.text-h3\").filter(has_text=\"Welcome, regression-ixehhlkusx@apolo.us\")","time":{"start":1763175572749,"stop":1763175586159,"duration":13410}},{"uid":"4ddb0cded92d98ab","status":"failed","statusDetails":"AssertionError: [AssertionError] during step: Create first project from main page\nMessage: [TimeoutError] during step: Wait for Create project popup disappear\nMessage: Locator.wait_for: Timeout 60ms exceeded.\nCall log:\n  - waiting for locator(\"h2\").filter(has_text=\"Create Project\") to be detached\n    3 × locator resolved to visible <h2 class=\"p-8 text-h4\">Create Project</h2>\n\nNote: Playwright Timeout. Element not found or action took too long.","time":{"start":1763088886313,"stop":1763089026646,"duration":140333}},{"uid":"1f628e439800e666","status":"failed","statusDetails":"AssertionError: [AssertionError] during step: Create first project from main page\nMessage: [TimeoutError] during step: Wait for Create project popup disappear\nMessage: Locator.wait_for: Timeout 60ms exceeded.\nCall log:\n  - waiting for locator(\"h2\").filter(has_text=\"Create Project\") to be detached\n    3 × locator resolved to visible <h2 class=\"p-8 text-h4\">Create Project</h2>\n\nNote: Playwright Timeout. Element not found or action took too long.","time":{"start":1763003535794,"stop":1763003570987,"duration":35193}},{"uid":"4a7e0b87e5127915","status":"failed","statusDetails":"AssertionError: [AssertionError] during step: Create first project from main page\nMessage: [TimeoutError] during step: Wait for Create project popup disappear\nMessage: Locator.wait_for: Timeout 60ms exceeded.\nCall log:\n  - waiting for locator(\"h2\").filter(has_text=\"Create Project\") to be detached\n    3 × locator resolved to visible <h2 class=\"p-8 text-h4\">Create Project</h2>\n\nNote: Playwright Timeout. Element not found or action took too long.","time":{"start":1762918692128,"stop":1762918720314,"duration":28186}},{"uid":"8e24dbc56ab6f77f","status":"failed","statusDetails":"AssertionError: [AssertionError] during step: Create first project from main page\nMessage: [TimeoutError] during step: Wait for Create project popup disappear\nMessage: Locator.wait_for: Timeout 60ms exceeded.\nCall log:\n  - waiting for locator(\"h2\").filter(has_text=\"Create Project\") to be detached\n    3 × locator resolved to visible <h2 class=\"p-8 text-h4\">Create Project</h2>\n\nNote: Playwright Timeout. Element not found or action took too long.","time":{"start":1762829963656,"stop":1762830003165,"duration":39509}},{"uid":"eed1f36204ac592c","status":"failed","statusDetails":"AssertionError: [AssertionError] during step: Create first project from main page\nMessage: [TimeoutError] during step: Wait for Create project popup disappear\nMessage: Locator.wait_for: Timeout 60ms exceeded.\nCall log:\n  - waiting for locator(\"h2\").filter(has_text=\"Create Project\") to be detached\n    3 × locator resolved to visible <h2 class=\"p-8 text-h4\">Create Project</h2>\n\nNote: Playwright Timeout. Element not found or action took too long.","time":{"start":1762743010094,"stop":1762743048743,"duration":38649}},{"uid":"5697b9faa3d15de","status":"failed","statusDetails":"AssertionError: [AssertionError] during step: Create first project from main page\nMessage: [TimeoutError] during step: Wait for Create project popup disappear\nMessage: Locator.wait_for: Timeout 60ms exceeded.\nCall log:\n  - waiting for locator(\"h2\").filter(has_text=\"Create Project\") to be detached\n    3 × locator resolved to visible <h2 class=\"p-8 text-h4\">Create Project</h2>\n\nNote: Playwright Timeout. Element not found or action took too long.","time":{"start":1762571140856,"stop":1762571168390,"duration":27534}},{"uid":"6c4b945fd640167a","status":"failed","statusDetails":"AssertionError: [AssertionError] during step: Create first project from main page\nMessage: [TimeoutError] during step: Wait for Create project popup disappear\nMessage: Locator.wait_for: Timeout 60ms exceeded.\nCall log:\n  - waiting for locator(\"h2\").filter(has_text=\"Create Project\") to be detached\n    3 × locator resolved to visible <h2 class=\"p-8 text-h4\">Create Project</h2>\n\nNote: Playwright Timeout. Element not found or action took too long.","time":{"start":1762483487042,"stop":1762483531174,"duration":44132}},{"uid":"7ac4095a3f47b5ec","status":"failed","statusDetails":"AssertionError: [AssertionError] during step: Create first project from main page\nMessage: [TimeoutError] during step: Wait for Create project popup disappear\nMessage: Locator.wait_for: Timeout 60ms exceeded.\nCall log:\n  - waiting for locator(\"h2\").filter(has_text=\"Create Project\") to be detached\n    3 × locator resolved to visible <h2 class=\"p-8 text-h4\">Create Project</h2>\n\nNote: Playwright Timeout. Element not found or action took too long.","time":{"start":1762396473401,"stop":1762396499800,"duration":26399}},{"uid":"5561c2e89b888f8c","status":"failed","statusDetails":"AssertionError: [AssertionError] during step: Create first project from main page\nMessage: [TimeoutError] during step: Wait for Create project popup disappear\nMessage: Locator.wait_for: Timeout 60ms exceeded.\nCall log:\n  - waiting for locator(\"h2\").filter(has_text=\"Create Project\") to be detached\n    3 × locator resolved to visible <h2 class=\"p-8 text-h4\">Create Project</h2>\n\nNote: Playwright Timeout. Element not found or action took too long.","time":{"start":1762311019255,"stop":1762311073568,"duration":54313}},{"uid":"d809a0742598e949","status":"failed","statusDetails":"AssertionError: [AssertionError] during step: Create first project from main page\nMessage: [TimeoutError] during step: Wait for Create project popup disappear\nMessage: Locator.wait_for: Timeout 60ms exceeded.\nCall log:\n  - waiting for locator(\"h2\").filter(has_text=\"Create Project\") to be detached\n    3 × locator resolved to visible <h2 class=\"p-8 text-h4\">Create Project</h2>\n\nNote: Playwright Timeout. Element not found or action took too long.","time":{"start":1762225577456,"stop":1762225609933,"duration":32477}},{"uid":"f5f72b9a9999a9b7","status":"failed","statusDetails":"AssertionError: [AssertionError] during step: Login via UI\nMessage: [AssertionError] during step: Verify that Welcome new user page displayed\nMessage: Locator expected to be visible\nActual value: <element(s) not found> \nCall log:\n  - Expect \"to_be_visible\" with timeout 5000ms\n  - waiting for locator(\"h3.truncate.text-h3\").filter(has_text=\"Welcome, regression-illnoz6hdk@apolo.us\")","time":{"start":1762135684610,"stop":1762135705976,"duration":21366}},{"uid":"336c19455ec29cda","status":"failed","statusDetails":"AssertionError: [AssertionError] during step: Create first project from main page\nMessage: [TimeoutError] during step: Wait for Create project popup disappear\nMessage: Locator.wait_for: Timeout 60ms exceeded.\nCall log:\n  - waiting for locator(\"h2\").filter(has_text=\"Create Project\") to be detached\n    3 × locator resolved to visible <h2 class=\"p-8 text-h4\">Create Project</h2>\n\nNote: Playwright Timeout. Element not found or action took too long.","time":{"start":1762053426999,"stop":1762053461253,"duration":34254}},{"uid":"a4bd2999c91bd8e3","status":"failed","statusDetails":"AssertionError: [AssertionError] during step: Create first project from main page\nMessage: [TimeoutError] during step: Wait for Create project popup disappear\nMessage: Locator.wait_for: Timeout 60ms exceeded.\nCall log:\n  - waiting for locator(\"h2\").filter(has_text=\"Create Project\") to be detached\n    3 × locator resolved to visible <h2 class=\"p-8 text-h4\">Create Project</h2>\n\nNote: Playwright Timeout. Element not found or action took too long.","time":{"start":1761966448579,"stop":1761966484391,"duration":35812}}]},"tags":["asyncio"]},"source":"8052adb253098b8a.json","parameterValues":[]}