{"uid":"8240fbf2345cd229","name":"Verify Admin can remove Reader from project","fullName":"tests.test_cases.tests_ui.test_project_remove_members.TestUIProjectRemoveMembers#test_admin_remove_reader_from_proj","historyId":"ebf80bd5e404fb3ec79a7817c6109d41","time":{"start":1762306367261,"stop":1762306367261,"duration":0},"description":"\n- Login with valid credentials.\n- Create new organization via **API**.\n- Create new project via **API**.\n- Signup `second user`.\n- Invite `second user` to organization via **API**.\n- Invite `second user` to project with `Reader` role.\n\n### Verify that:\n\n- `Admin` can remove `Reader` from `project`.\n","descriptionHtml":"<div style='line-height:1.6;'><ul>\n<li>Login with valid credentials.</li>\n<li>Create new organization via <strong>API</strong>.</li>\n<li>Create new project via <strong>API</strong>.</li>\n<li>Signup <span style='background-color:#D3D3D3; padding:2px 4px; border-radius:3px; font-family:monospace;'>second user</span>.</li>\n<li>Invite <span style='background-color:#D3D3D3; padding:2px 4px; border-radius:3px; font-family:monospace;'>second user</span> to organization via <strong>API</strong>.</li>\n<li>Invite <span style='background-color:#D3D3D3; padding:2px 4px; border-radius:3px; font-family:monospace;'>second user</span> to project with <span style='background-color:#D3D3D3; padding:2px 4px; border-radius:3px; font-family:monospace;'>Reader</span> role.</li>\n</ul>\n<h3>Verify that:</h3>\n<ul>\n<li><span style='background-color:#D3D3D3; padding:2px 4px; border-radius:3px; font-family:monospace;'>Admin</span> can remove <span style='background-color:#D3D3D3; padding:2px 4px; border-radius:3px; font-family:monospace;'>Reader</span> from <span style='background-color:#D3D3D3; padding:2px 4px; border-radius:3px; font-family:monospace;'>project</span>.</li>\n</ul></div>","status":"broken","statusMessage":"RuntimeError: Aborting test session: default user signup failed.","statusTrace":"tests/reporting_hooks/reporting.py:49: in wrapper\n    result = await func(*args, **kwargs)\n             ^^^^^^^^^^^^^^^^^^^^^^^^^^^\ntests/test_cases/steps/ui_steps/page_steps_impl/main_page_steps.py:31: in verify_ui_terms_of_agreement_displayed\n    assert await self._pm.main_page.is_user_agreement_title_displayed(), (\n           ^^^^^^^^^^^^^^^^^^^^^^^^^^^^^^^^^^^^^^^^^^^^^^^^^^^^^^^^^^^^\nE   AssertionError: User agreement popup should be displayed!\n\nThe above exception was the direct cause of the following exception:\ntests/reporting_hooks/reporting.py:49: in wrapper\n    result = await func(*args, **kwargs)\n             ^^^^^^^^^^^^^^^^^^^^^^^^^^^\ntests/test_cases/steps/ui_steps/ui_steps.py:133: in ui_signup_new_user_ver_link\n    await self.main_page.verify_ui_terms_of_agreement_displayed()\ntests/reporting_hooks/reporting.py:58: in wrapper\n    raise AssertionError(formatted_msg) from e\nE   AssertionError: [AssertionError] during step: Verify that User agreement pop up displayed\nE   Message: User agreement popup should be displayed!\n\nThe above exception was the direct cause of the following exception:\ntests/test_cases/conftest.py:220: in _do_full_setup_logic\n    main_user = await ui_steps.ui_signup_new_user_ver_link()\n                ^^^^^^^^^^^^^^^^^^^^^^^^^^^^^^^^^^^^^^^^^^^^\ntests/reporting_hooks/reporting.py:58: in wrapper\n    raise AssertionError(formatted_msg) from e\nE   AssertionError: [AssertionError] during step: Signup new user via UI and activate email verification link\nE   Message: [AssertionError] during step: Verify that User agreement pop up displayed\nE   Message: User agreement popup should be displayed!\n\nDuring handling of the above exception, another exception occurred:\n.venv/lib/python3.13/site-packages/pytest_asyncio/plugin.py:463: in setup\n    return super().setup()\n           ^^^^^^^^^^^^^^^\n.venv/lib/python3.13/site-packages/pytest_asyncio/plugin.py:748: in pytest_fixture_setup\n    hook_result = yield\n                  ^^^^^\n.venv/lib/python3.13/site-packages/pytest_asyncio/plugin.py:318: in _asyncgen_fixture_wrapper\n    result = runner.run(setup(), context=context)\n             ^^^^^^^^^^^^^^^^^^^^^^^^^^^^^^^^^^^^\n/opt/hostedtoolcache/Python/3.13.9/x64/lib/python3.13/asyncio/runners.py:118: in run\n    return self._loop.run_until_complete(task)\n           ^^^^^^^^^^^^^^^^^^^^^^^^^^^^^^^^^^^\n/opt/hostedtoolcache/Python/3.13.9/x64/lib/python3.13/asyncio/base_events.py:725: in run_until_complete\n    return future.result()\n           ^^^^^^^^^^^^^^^\n.venv/lib/python3.13/site-packages/pytest_asyncio/plugin.py:314: in setup\n    res = await gen_obj.__anext__()\n          ^^^^^^^^^^^^^^^^^^^^^^^^^\ntests/test_cases/conftest.py:183: in setup_cleanup\n    await _do_full_setup_logic(\ntests/test_cases/conftest.py:230: in _do_full_setup_logic\n    raise RuntimeError(\nE   RuntimeError: Aborting test session: default user signup failed.","flaky":false,"newFailed":false,"newBroken":false,"newPassed":false,"retriesCount":0,"retriesStatusChange":false,"beforeStages":[{"name":"event_loop_policy","time":{"start":1762306367262,"stop":1762306367262,"duration":0},"status":"passed","steps":[],"attachments":[],"parameters":[],"shouldDisplayMessage":false,"stepsCount":0,"attachmentsCount":0,"hasContent":false,"attachmentStep":false},{"name":"base_url","time":{"start":1762306367262,"stop":1762306367262,"duration":0},"status":"passed","steps":[],"attachments":[],"parameters":[],"shouldDisplayMessage":false,"stepsCount":0,"attachmentsCount":0,"hasContent":false,"attachmentStep":false},{"name":"_verify_url","time":{"start":1762306367262,"stop":1762306367262,"duration":0},"status":"passed","steps":[],"attachments":[],"parameters":[],"shouldDisplayMessage":false,"stepsCount":0,"attachmentsCount":0,"hasContent":false,"attachmentStep":false},{"name":"pytestconfig","time":{"start":1762306367263,"stop":1762306367263,"duration":0},"status":"passed","steps":[],"attachments":[],"parameters":[],"shouldDisplayMessage":false,"stepsCount":0,"attachmentsCount":0,"hasContent":false,"attachmentStep":false},{"name":"delete_output_dir","time":{"start":1762306367263,"stop":1762306367263,"duration":0},"status":"passed","steps":[],"attachments":[],"parameters":[],"shouldDisplayMessage":false,"stepsCount":0,"attachmentsCount":0,"hasContent":false,"attachmentStep":false},{"name":"ensure_storage_directories","time":{"start":1762306367263,"stop":1762306367263,"duration":0},"status":"passed","steps":[],"attachments":[],"parameters":[],"shouldDisplayMessage":false,"stepsCount":0,"attachmentsCount":0,"hasContent":false,"attachmentStep":false},{"name":"test_config","time":{"start":1762306367263,"stop":1762306367267,"duration":4},"status":"passed","steps":[],"attachments":[],"parameters":[],"shouldDisplayMessage":false,"stepsCount":0,"attachmentsCount":0,"hasContent":false,"attachmentStep":false},{"name":"delay_worker_start","time":{"start":1762306367263,"stop":1762306367263,"duration":0},"status":"passed","steps":[],"attachments":[],"parameters":[],"shouldDisplayMessage":false,"stepsCount":0,"attachmentsCount":0,"hasContent":false,"attachmentStep":false},{"name":"_function_scoped_runner","time":{"start":1762306367267,"stop":1762306367268,"duration":1},"status":"passed","steps":[],"attachments":[],"parameters":[],"shouldDisplayMessage":false,"stepsCount":0,"attachmentsCount":0,"hasContent":false,"attachmentStep":false},{"name":"page_manager","time":{"start":1762306367267,"stop":1762306368237,"duration":970},"status":"passed","steps":[],"attachments":[],"parameters":[],"shouldDisplayMessage":false,"stepsCount":0,"attachmentsCount":0,"hasContent":false,"attachmentStep":false},{"name":"data_manager","time":{"start":1762306368238,"stop":1762306368238,"duration":0},"status":"passed","steps":[],"attachments":[],"parameters":[],"shouldDisplayMessage":false,"stepsCount":0,"attachmentsCount":0,"hasContent":false,"attachmentStep":false},{"name":"api_helper","time":{"start":1762306368238,"stop":1762306368238,"duration":0},"status":"passed","steps":[],"attachments":[],"parameters":[],"shouldDisplayMessage":false,"stepsCount":0,"attachmentsCount":0,"hasContent":false,"attachmentStep":false},{"name":"users_manager","time":{"start":1762306368238,"stop":1762306368238,"duration":0},"status":"passed","steps":[],"attachments":[],"parameters":[],"shouldDisplayMessage":false,"stepsCount":0,"attachmentsCount":0,"hasContent":false,"attachmentStep":false},{"name":"apolo_cli","time":{"start":1762306368239,"stop":1762306368239,"duration":0},"status":"passed","steps":[],"attachments":[],"parameters":[],"shouldDisplayMessage":false,"stepsCount":0,"attachmentsCount":0,"hasContent":false,"attachmentStep":false},{"name":"setup_cleanup","time":{"start":1762306368239,"stop":1762306442419,"duration":74180},"status":"broken","statusMessage":"RuntimeError: Aborting test session: default user signup failed.\n","statusTrace":"  File \"/home/runner/work/apolo-test-automation/apolo-test-automation/.venv/lib/python3.13/site-packages/pluggy/_callers.py\", line 38, in run_old_style_hookwrapper\n    res = yield\n          ^^^^^\n  File \"/home/runner/work/apolo-test-automation/apolo-test-automation/.venv/lib/python3.13/site-packages/pluggy/_callers.py\", line 139, in _multicall\n    teardown.throw(exception)\n    ~~~~~~~~~~~~~~^^^^^^^^^^^\n  File \"/home/runner/work/apolo-test-automation/apolo-test-automation/.venv/lib/python3.13/site-packages/pytest_asyncio/plugin.py\", line 748, in pytest_fixture_setup\n    hook_result = yield\n                  ^^^^^\n  File \"/home/runner/work/apolo-test-automation/apolo-test-automation/.venv/lib/python3.13/site-packages/pluggy/_callers.py\", line 139, in _multicall\n    teardown.throw(exception)\n    ~~~~~~~~~~~~~~^^^^^^^^^^^\n  File \"/home/runner/work/apolo-test-automation/apolo-test-automation/.venv/lib/python3.13/site-packages/_pytest/setuponly.py\", line 36, in pytest_fixture_setup\n    return (yield)\n            ^^^^^\n  File \"/home/runner/work/apolo-test-automation/apolo-test-automation/.venv/lib/python3.13/site-packages/pluggy/_callers.py\", line 121, in _multicall\n    res = hook_impl.function(*args)\n  File \"/home/runner/work/apolo-test-automation/apolo-test-automation/.venv/lib/python3.13/site-packages/_pytest/fixtures.py\", line 1196, in pytest_fixture_setup\n    result = call_fixture_func(fixturefunc, request, kwargs)\n  File \"/home/runner/work/apolo-test-automation/apolo-test-automation/.venv/lib/python3.13/site-packages/_pytest/fixtures.py\", line 930, in call_fixture_func\n    fixture_result = fixturefunc(**kwargs)\n  File \"/home/runner/work/apolo-test-automation/apolo-test-automation/.venv/lib/python3.13/site-packages/pytest_asyncio/plugin.py\", line 318, in _asyncgen_fixture_wrapper\n    result = runner.run(setup(), context=context)\n  File \"/opt/hostedtoolcache/Python/3.13.9/x64/lib/python3.13/asyncio/runners.py\", line 118, in run\n    return self._loop.run_until_complete(task)\n           ~~~~~~~~~~~~~~~~~~~~~~~~~~~~~^^^^^^\n  File \"/opt/hostedtoolcache/Python/3.13.9/x64/lib/python3.13/asyncio/base_events.py\", line 725, in run_until_complete\n    return future.result()\n           ~~~~~~~~~~~~~^^\n  File \"/home/runner/work/apolo-test-automation/apolo-test-automation/.venv/lib/python3.13/site-packages/pytest_asyncio/plugin.py\", line 314, in setup\n    res = await gen_obj.__anext__()\n          ^^^^^^^^^^^^^^^^^^^^^^^^^\n  File \"/home/runner/work/apolo-test-automation/apolo-test-automation/tests/test_cases/conftest.py\", line 183, in setup_cleanup\n    await _do_full_setup_logic(\n        request, test_config, data_manager, users_manager, api_helper\n    )\n  File \"/home/runner/work/apolo-test-automation/apolo-test-automation/tests/test_cases/conftest.py\", line 230, in _do_full_setup_logic\n    raise RuntimeError(\n        \"Aborting test session: default user signup failed.\"\n    )\n","steps":[{"name":"Signup new user via UI and activate email verification link","time":{"start":1762306368887,"stop":1762306405860,"duration":36973},"status":"failed","statusMessage":"AssertionError: [AssertionError] during step: Signup new user via UI and activate email verification link\nMessage: [AssertionError] during step: Verify that User agreement pop up displayed\nMessage: User agreement popup should be displayed!\n","statusTrace":"  File \"/home/runner/work/apolo-test-automation/apolo-test-automation/tests/reporting_hooks/reporting.py\", line 58, in wrapper\n    raise AssertionError(formatted_msg) from e\n","steps":[{"name":"Click signup button","time":{"start":1762306368888,"stop":1762306370208,"duration":1320},"status":"passed","steps":[],"attachments":[{"uid":"3141d1fa13ede9b4","name":"Page URL","source":"3141d1fa13ede9b4.txt","type":"text/plain","size":29},{"uid":"a9c982c50af89e8e","name":"HTTP 200 - GET config","source":"a9c982c50af89e8e.txt","type":"text/plain","size":673},{"uid":"b24b577d8026673e","name":"Screenshot: Click signup button (success)","source":"b24b577d8026673e.png","type":"image/png","size":39018}],"parameters":[],"shouldDisplayMessage":false,"stepsCount":0,"attachmentsCount":3,"hasContent":true,"attachmentStep":false},{"name":"Enter email","time":{"start":1762306370208,"stop":1762306370532,"duration":324},"status":"passed","steps":[],"attachments":[{"uid":"c177e371801fff1","name":"Page URL","source":"c177e371801fff1.txt","type":"text/plain","size":216},{"uid":"e344fb7798ec47d8","name":"Screenshot: Enter email (success)","source":"e344fb7798ec47d8.png","type":"image/png","size":43105}],"parameters":[],"shouldDisplayMessage":false,"stepsCount":0,"attachmentsCount":2,"hasContent":true,"attachmentStep":false},{"name":"Enter password","time":{"start":1762306370532,"stop":1762306370884,"duration":352},"status":"passed","steps":[],"attachments":[{"uid":"56b75075a8138d90","name":"Page URL","source":"56b75075a8138d90.txt","type":"text/plain","size":216},{"uid":"f5969f017cb1d732","name":"Screenshot: Enter password (success)","source":"f5969f017cb1d732.png","type":"image/png","size":62590}],"parameters":[],"shouldDisplayMessage":false,"stepsCount":0,"attachmentsCount":2,"hasContent":true,"attachmentStep":false},{"name":"Click continue button","time":{"start":1762306370884,"stop":1762306373128,"duration":2244},"status":"passed","steps":[],"attachments":[{"uid":"30e0dd0f3d59dd20","name":"Page URL","source":"30e0dd0f3d59dd20.txt","type":"text/plain","size":216},{"uid":"62462cc130df2858","name":"Screenshot: Click continue button (success)","source":"62462cc130df2858.png","type":"image/png","size":11162}],"parameters":[],"shouldDisplayMessage":false,"stepsCount":0,"attachmentsCount":2,"hasContent":true,"attachmentStep":false},{"name":"Verify that Verify email message displayed","time":{"start":1762306373128,"stop":1762306374213,"duration":1085},"status":"passed","steps":[],"attachments":[{"uid":"9a36ee12165d7","name":"Page URL","source":"9a36ee12165d7.txt","type":"text/plain","size":192},{"uid":"a244b0fbfd736873","name":"HTTP 200 - GET config","source":"a244b0fbfd736873.txt","type":"text/plain","size":673},{"uid":"ff8546d5466164c6","name":"Screenshot: Verify that Verify email message displayed (success)","source":"ff8546d5466164c6.png","type":"image/png","size":28211}],"parameters":[],"shouldDisplayMessage":false,"stepsCount":0,"attachmentsCount":3,"hasContent":true,"attachmentStep":false},{"name":"Verify user email with the activation link","time":{"start":1762306374214,"stop":1762306376072,"duration":1858},"status":"passed","steps":[{"name":"Navigate to URL","time":{"start":1762306374822,"stop":1762306375861,"duration":1039},"status":"passed","steps":[],"attachments":[{"uid":"722645c6432b9494","name":"Page URL","source":"722645c6432b9494.txt","type":"text/plain","size":182},{"uid":"5b82a364b711a038","name":"Screenshot: Navigate to URL (success)","source":"5b82a364b711a038.png","type":"image/png","size":22507}],"parameters":[],"shouldDisplayMessage":false,"stepsCount":0,"attachmentsCount":2,"hasContent":true,"attachmentStep":false}],"attachments":[],"parameters":[],"shouldDisplayMessage":false,"stepsCount":1,"attachmentsCount":2,"hasContent":true,"attachmentStep":false},{"name":"Navigate to URL","time":{"start":1762306376072,"stop":1762306378187,"duration":2115},"status":"passed","steps":[],"attachments":[{"uid":"d667da5cc9723eea","name":"Page URL","source":"d667da5cc9723eea.txt","type":"text/plain","size":87},{"uid":"479bfe7447e8516a","name":"HTTP 200 - GET config","source":"479bfe7447e8516a.txt","type":"text/plain","size":673},{"uid":"35ab892ca2ba3a60","name":"Screenshot: Navigate to URL (success)","source":"35ab892ca2ba3a60.png","type":"image/png","size":88563}],"parameters":[],"shouldDisplayMessage":false,"stepsCount":0,"attachmentsCount":3,"hasContent":true,"attachmentStep":false},{"name":"Verify that Auth page displayed","time":{"start":1762306378187,"stop":1762306378287,"duration":100},"status":"passed","steps":[],"attachments":[{"uid":"772b3e60933549ae","name":"Page URL","source":"772b3e60933549ae.txt","type":"text/plain","size":33},{"uid":"87297cde11ad5356","name":"Screenshot: Verify that Auth page displayed (success)","source":"87297cde11ad5356.png","type":"image/png","size":88563}],"parameters":[],"shouldDisplayMessage":false,"stepsCount":0,"attachmentsCount":2,"hasContent":true,"attachmentStep":false},{"name":"Click login button","time":{"start":1762306378287,"stop":1762306379550,"duration":1263},"status":"passed","steps":[],"attachments":[{"uid":"2759b212a864087e","name":"Page URL","source":"2759b212a864087e.txt","type":"text/plain","size":33},{"uid":"93f7874b0b8a900b","name":"Screenshot: Click login button (success)","source":"93f7874b0b8a900b.png","type":"image/png","size":88570}],"parameters":[],"shouldDisplayMessage":false,"stepsCount":0,"attachmentsCount":2,"hasContent":true,"attachmentStep":false},{"name":"Verify that Signup username page displayed","time":{"start":1762306379550,"stop":1762306380646,"duration":1096},"status":"passed","steps":[],"attachments":[{"uid":"65848649085c2899","name":"Page URL","source":"65848649085c2899.txt","type":"text/plain","size":33},{"uid":"16d932a864485863","name":"HTTP 404 - HEAD regression-kvddifndnz","source":"16d932a864485863.txt","type":"text/plain","size":179},{"uid":"ed3d2baaef7dfe13","name":"Screenshot: Verify that Signup username page displayed (success)","source":"ed3d2baaef7dfe13.png","type":"image/png","size":36750}],"parameters":[],"shouldDisplayMessage":false,"stepsCount":0,"attachmentsCount":3,"hasContent":true,"attachmentStep":false},{"name":"Enter username","time":{"start":1762306380646,"stop":1762306381497,"duration":851},"status":"passed","steps":[],"attachments":[{"uid":"b124bb323971a200","name":"Page URL","source":"b124bb323971a200.txt","type":"text/plain","size":362},{"uid":"8307655dad696555","name":"HTTP 404 - HEAD ","source":"8307655dad696555.txt","type":"text/plain","size":158},{"uid":"6fa992db65564df9","name":"HTTP 404 - HEAD regression-kvddifndnz","source":"6fa992db65564df9.txt","type":"text/plain","size":179},{"uid":"4bbcb93805004dcc","name":"Screenshot: Enter username (success)","source":"4bbcb93805004dcc.png","type":"image/png","size":37035}],"parameters":[],"shouldDisplayMessage":false,"stepsCount":0,"attachmentsCount":4,"hasContent":true,"attachmentStep":false},{"name":"Click signup button on Signup username page","time":{"start":1762306381497,"stop":1762306395677,"duration":14180},"status":"passed","steps":[],"attachments":[{"uid":"47f5c7728e4ce884","name":"Page URL","source":"47f5c7728e4ce884.txt","type":"text/plain","size":362},{"uid":"27bd8a27d11c8720","name":"HTTP 200 - GET config","source":"27bd8a27d11c8720.txt","type":"text/plain","size":673},{"uid":"98c95d062abf7b74","name":"HTTP 200 - GET config","source":"98c95d062abf7b74.txt","type":"text/plain","size":673},{"uid":"ff6cd9c71b8953c","name":"Screenshot: Click signup button on Signup username page (success)","source":"ff6cd9c71b8953c.png","type":"image/png","size":28633}],"parameters":[],"shouldDisplayMessage":false,"stepsCount":0,"attachmentsCount":4,"hasContent":true,"attachmentStep":false},{"name":"Verify that User agreement pop up displayed","time":{"start":1762306395677,"stop":1762306405793,"duration":10116},"status":"failed","statusMessage":"AssertionError: [AssertionError] during step: Verify that User agreement pop up displayed\nMessage: User agreement popup should be displayed!\n","statusTrace":"  File \"/home/runner/work/apolo-test-automation/apolo-test-automation/tests/reporting_hooks/reporting.py\", line 58, in wrapper\n    raise AssertionError(formatted_msg) from e\n","steps":[],"attachments":[{"uid":"23a6729f7d39a42a","name":"Page URL","source":"23a6729f7d39a42a.txt","type":"text/plain","size":222},{"uid":"6e6814166b8b3215","name":"Screenshot: Verify that User agreement pop up displayed (fail)","source":"6e6814166b8b3215.png","type":"image/png","size":28633}],"parameters":[],"shouldDisplayMessage":true,"stepsCount":0,"attachmentsCount":2,"hasContent":true,"attachmentStep":false}],"attachments":[{"uid":"e84e56fdbcce3d9e","name":"Page URL","source":"e84e56fdbcce3d9e.txt","type":"text/plain","size":29},{"uid":"13d95e32cd169a4a","name":"Screenshot: Signup new user via UI and activate email verification link (fail)","source":"13d95e32cd169a4a.png","type":"image/png","size":28633}],"parameters":[],"shouldDisplayMessage":true,"stepsCount":14,"attachmentsCount":36,"hasContent":true,"attachmentStep":false},{"name":"Signup new user via UI and activate email verification link","time":{"start":1762306406563,"stop":1762306442376,"duration":35813},"status":"failed","statusMessage":"AssertionError: [AssertionError] during step: Signup new user via UI and activate email verification link\nMessage: [AssertionError] during step: Verify that User agreement pop up displayed\nMessage: User agreement popup should be displayed!\n","statusTrace":"  File \"/home/runner/work/apolo-test-automation/apolo-test-automation/tests/reporting_hooks/reporting.py\", line 58, in wrapper\n    raise AssertionError(formatted_msg) from e\n","steps":[{"name":"Click signup button","time":{"start":1762306406563,"stop":1762306407648,"duration":1085},"status":"passed","steps":[],"attachments":[{"uid":"2936f81e3247d3bb","name":"Page URL","source":"2936f81e3247d3bb.txt","type":"text/plain","size":29},{"uid":"4ffe800d037ff935","name":"HTTP 200 - GET config","source":"4ffe800d037ff935.txt","type":"text/plain","size":673},{"uid":"4a01702fe98e53f6","name":"Screenshot: Click signup button (success)","source":"4a01702fe98e53f6.png","type":"image/png","size":88589}],"parameters":[],"shouldDisplayMessage":false,"stepsCount":0,"attachmentsCount":3,"hasContent":true,"attachmentStep":false},{"name":"Enter email","time":{"start":1762306407648,"stop":1762306408013,"duration":365},"status":"passed","steps":[],"attachments":[{"uid":"bc1f0a873243bea5","name":"Page URL","source":"bc1f0a873243bea5.txt","type":"text/plain","size":216},{"uid":"fb6e4f5f75ab228","name":"Screenshot: Enter email (success)","source":"fb6e4f5f75ab228.png","type":"image/png","size":43519}],"parameters":[],"shouldDisplayMessage":false,"stepsCount":0,"attachmentsCount":2,"hasContent":true,"attachmentStep":false},{"name":"Enter password","time":{"start":1762306408013,"stop":1762306408384,"duration":371},"status":"passed","steps":[],"attachments":[{"uid":"9593f4f92919dbe","name":"Page URL","source":"9593f4f92919dbe.txt","type":"text/plain","size":216},{"uid":"17878ecea29a2ed9","name":"Screenshot: Enter password (success)","source":"17878ecea29a2ed9.png","type":"image/png","size":63305}],"parameters":[],"shouldDisplayMessage":false,"stepsCount":0,"attachmentsCount":2,"hasContent":true,"attachmentStep":false},{"name":"Click continue button","time":{"start":1762306408384,"stop":1762306410860,"duration":2476},"status":"passed","steps":[],"attachments":[{"uid":"6a14b0619647521c","name":"Page URL","source":"6a14b0619647521c.txt","type":"text/plain","size":216},{"uid":"2fee80275fae1ddf","name":"Screenshot: Click continue button (success)","source":"2fee80275fae1ddf.png","type":"image/png","size":11959}],"parameters":[],"shouldDisplayMessage":false,"stepsCount":0,"attachmentsCount":2,"hasContent":true,"attachmentStep":false},{"name":"Verify that Verify email message displayed","time":{"start":1762306410860,"stop":1762306411295,"duration":435},"status":"passed","steps":[],"attachments":[{"uid":"176054d3ad84eb95","name":"Page URL","source":"176054d3ad84eb95.txt","type":"text/plain","size":192},{"uid":"2d93f3023d21d86e","name":"HTTP 200 - GET config","source":"2d93f3023d21d86e.txt","type":"text/plain","size":673},{"uid":"8786457970d7c2be","name":"Screenshot: Verify that Verify email message displayed (success)","source":"8786457970d7c2be.png","type":"image/png","size":28211}],"parameters":[],"shouldDisplayMessage":false,"stepsCount":0,"attachmentsCount":3,"hasContent":true,"attachmentStep":false},{"name":"Verify user email with the activation link","time":{"start":1762306411295,"stop":1762306413023,"duration":1728},"status":"passed","steps":[{"name":"Navigate to URL","time":{"start":1762306411726,"stop":1762306412743,"duration":1017},"status":"passed","steps":[],"attachments":[{"uid":"e5f0251636465d91","name":"Page URL","source":"e5f0251636465d91.txt","type":"text/plain","size":182},{"uid":"fc4ea7b485f8b13","name":"Screenshot: Navigate to URL (success)","source":"fc4ea7b485f8b13.png","type":"image/png","size":22507}],"parameters":[],"shouldDisplayMessage":false,"stepsCount":0,"attachmentsCount":2,"hasContent":true,"attachmentStep":false}],"attachments":[],"parameters":[],"shouldDisplayMessage":false,"stepsCount":1,"attachmentsCount":2,"hasContent":true,"attachmentStep":false},{"name":"Navigate to URL","time":{"start":1762306413023,"stop":1762306414703,"duration":1680},"status":"passed","steps":[],"attachments":[{"uid":"c1a8659f3d8b691e","name":"Page URL","source":"c1a8659f3d8b691e.txt","type":"text/plain","size":87},{"uid":"7164d4cb863f0a78","name":"HTTP 200 - GET config","source":"7164d4cb863f0a78.txt","type":"text/plain","size":673},{"uid":"7059c80ff5bd2049","name":"Screenshot: Navigate to URL (success)","source":"7059c80ff5bd2049.png","type":"image/png","size":88563}],"parameters":[],"shouldDisplayMessage":false,"stepsCount":0,"attachmentsCount":3,"hasContent":true,"attachmentStep":false},{"name":"Verify that Auth page displayed","time":{"start":1762306414703,"stop":1762306414802,"duration":99},"status":"passed","steps":[],"attachments":[{"uid":"d645a7a5b5e543dd","name":"Page URL","source":"d645a7a5b5e543dd.txt","type":"text/plain","size":33},{"uid":"e4efbf2a4212e234","name":"Screenshot: Verify that Auth page displayed (success)","source":"e4efbf2a4212e234.png","type":"image/png","size":88563}],"parameters":[],"shouldDisplayMessage":false,"stepsCount":0,"attachmentsCount":2,"hasContent":true,"attachmentStep":false},{"name":"Click login button","time":{"start":1762306414802,"stop":1762306416063,"duration":1261},"status":"passed","steps":[],"attachments":[{"uid":"fe1984a65e292524","name":"Page URL","source":"fe1984a65e292524.txt","type":"text/plain","size":33},{"uid":"434cbe7bb24156a","name":"Screenshot: Click login button (success)","source":"434cbe7bb24156a.png","type":"image/png","size":88570}],"parameters":[],"shouldDisplayMessage":false,"stepsCount":0,"attachmentsCount":2,"hasContent":true,"attachmentStep":false},{"name":"Verify that Signup username page displayed","time":{"start":1762306416063,"stop":1762306417163,"duration":1100},"status":"passed","steps":[],"attachments":[{"uid":"4d14eb0c5972ece4","name":"Page URL","source":"4d14eb0c5972ece4.txt","type":"text/plain","size":33},{"uid":"538076d2676ea6c6","name":"HTTP 404 - HEAD regression-tohmotsie8","source":"538076d2676ea6c6.txt","type":"text/plain","size":179},{"uid":"be817cfaaf04bf7","name":"Screenshot: Verify that Signup username page displayed (success)","source":"be817cfaaf04bf7.png","type":"image/png","size":36966}],"parameters":[],"shouldDisplayMessage":false,"stepsCount":0,"attachmentsCount":3,"hasContent":true,"attachmentStep":false},{"name":"Enter username","time":{"start":1762306417163,"stop":1762306418012,"duration":849},"status":"passed","steps":[],"attachments":[{"uid":"dba1d9eb0d5c8407","name":"Page URL","source":"dba1d9eb0d5c8407.txt","type":"text/plain","size":362},{"uid":"c824a7bf3c4f6a5b","name":"HTTP 404 - HEAD ","source":"c824a7bf3c4f6a5b.txt","type":"text/plain","size":158},{"uid":"4ae76c3221e65cc5","name":"HTTP 404 - HEAD regression-tohmotsie8","source":"4ae76c3221e65cc5.txt","type":"text/plain","size":179},{"uid":"e54e59fa0941e3ff","name":"Screenshot: Enter username (success)","source":"e54e59fa0941e3ff.png","type":"image/png","size":37289}],"parameters":[],"shouldDisplayMessage":false,"stepsCount":0,"attachmentsCount":4,"hasContent":true,"attachmentStep":false},{"name":"Click signup button on Signup username page","time":{"start":1762306418012,"stop":1762306432160,"duration":14148},"status":"passed","steps":[],"attachments":[{"uid":"933260ae2725382b","name":"Page URL","source":"933260ae2725382b.txt","type":"text/plain","size":362},{"uid":"35a26b2e6cdf26e1","name":"HTTP 200 - GET config","source":"35a26b2e6cdf26e1.txt","type":"text/plain","size":673},{"uid":"4762981820825722","name":"HTTP 200 - GET config","source":"4762981820825722.txt","type":"text/plain","size":673},{"uid":"55a0ef535351fc81","name":"Screenshot: Click signup button on Signup username page (success)","source":"55a0ef535351fc81.png","type":"image/png","size":28633}],"parameters":[],"shouldDisplayMessage":false,"stepsCount":0,"attachmentsCount":4,"hasContent":true,"attachmentStep":false},{"name":"Verify that User agreement pop up displayed","time":{"start":1762306432160,"stop":1762306442310,"duration":10150},"status":"failed","statusMessage":"AssertionError: [AssertionError] during step: Verify that User agreement pop up displayed\nMessage: User agreement popup should be displayed!\n","statusTrace":"  File \"/home/runner/work/apolo-test-automation/apolo-test-automation/tests/reporting_hooks/reporting.py\", line 58, in wrapper\n    raise AssertionError(formatted_msg) from e\n","steps":[],"attachments":[{"uid":"3c9f9a17c6f9869f","name":"Page URL","source":"3c9f9a17c6f9869f.txt","type":"text/plain","size":222},{"uid":"cbc22723420a53a9","name":"Screenshot: Verify that User agreement pop up displayed (fail)","source":"cbc22723420a53a9.png","type":"image/png","size":28633}],"parameters":[],"shouldDisplayMessage":true,"stepsCount":0,"attachmentsCount":2,"hasContent":true,"attachmentStep":false}],"attachments":[{"uid":"4066a5dfba801643","name":"Page URL","source":"4066a5dfba801643.txt","type":"text/plain","size":29},{"uid":"c1643c47a81a2e03","name":"Screenshot: Signup new user via UI and activate email verification link (fail)","source":"c1643c47a81a2e03.png","type":"image/png","size":28633}],"parameters":[],"shouldDisplayMessage":true,"stepsCount":14,"attachmentsCount":36,"hasContent":true,"attachmentStep":false}],"attachments":[{"uid":"34e342e3b5ece88e","name":"HTTP 200 - GET config","source":"34e342e3b5ece88e.txt","type":"text/plain","size":673}],"parameters":[],"shouldDisplayMessage":true,"stepsCount":30,"attachmentsCount":73,"hasContent":true,"attachmentStep":false},{"name":"add_page_manager","time":{"start":1762306501307,"stop":1762306501308,"duration":1},"status":"passed","steps":[],"attachments":[],"parameters":[],"shouldDisplayMessage":false,"stepsCount":0,"attachmentsCount":0,"hasContent":false,"attachmentStep":false},{"name":"setup","time":{"start":1762306501308,"stop":1762306501308,"duration":0},"status":"passed","steps":[],"attachments":[],"parameters":[],"shouldDisplayMessage":false,"stepsCount":0,"attachmentsCount":0,"hasContent":false,"attachmentStep":false},{"name":"_inject_fixtures","time":{"start":1762306501308,"stop":1762306501308,"duration":0},"status":"passed","steps":[],"attachments":[],"parameters":[],"shouldDisplayMessage":false,"stepsCount":0,"attachmentsCount":0,"hasContent":false,"attachmentStep":false}],"testStage":{"description":"\n- Login with valid credentials.\n- Create new organization via **API**.\n- Create new project via **API**.\n- Signup `second user`.\n- Invite `second user` to organization via **API**.\n- Invite `second user` to project with `Reader` role.\n\n### Verify that:\n\n- `Admin` can remove `Reader` from `project`.\n","descriptionHtml":"<div style='line-height:1.6;'><ul>\n<li>Login with valid credentials.</li>\n<li>Create new organization via <strong>API</strong>.</li>\n<li>Create new project via <strong>API</strong>.</li>\n<li>Signup <span style='background-color:#D3D3D3; padding:2px 4px; border-radius:3px; font-family:monospace;'>second user</span>.</li>\n<li>Invite <span style='background-color:#D3D3D3; padding:2px 4px; border-radius:3px; font-family:monospace;'>second user</span> to organization via <strong>API</strong>.</li>\n<li>Invite <span style='background-color:#D3D3D3; padding:2px 4px; border-radius:3px; font-family:monospace;'>second user</span> to project with <span style='background-color:#D3D3D3; padding:2px 4px; border-radius:3px; font-family:monospace;'>Reader</span> role.</li>\n</ul>\n<h3>Verify that:</h3>\n<ul>\n<li><span style='background-color:#D3D3D3; padding:2px 4px; border-radius:3px; font-family:monospace;'>Admin</span> can remove <span style='background-color:#D3D3D3; padding:2px 4px; border-radius:3px; font-family:monospace;'>Reader</span> from <span style='background-color:#D3D3D3; padding:2px 4px; border-radius:3px; font-family:monospace;'>project</span>.</li>\n</ul></div>","status":"broken","statusMessage":"RuntimeError: Aborting test session: default user signup failed.","statusTrace":"tests/reporting_hooks/reporting.py:49: in wrapper\n    result = await func(*args, **kwargs)\n             ^^^^^^^^^^^^^^^^^^^^^^^^^^^\ntests/test_cases/steps/ui_steps/page_steps_impl/main_page_steps.py:31: in verify_ui_terms_of_agreement_displayed\n    assert await self._pm.main_page.is_user_agreement_title_displayed(), (\n           ^^^^^^^^^^^^^^^^^^^^^^^^^^^^^^^^^^^^^^^^^^^^^^^^^^^^^^^^^^^^\nE   AssertionError: User agreement popup should be displayed!\n\nThe above exception was the direct cause of the following exception:\ntests/reporting_hooks/reporting.py:49: in wrapper\n    result = await func(*args, **kwargs)\n             ^^^^^^^^^^^^^^^^^^^^^^^^^^^\ntests/test_cases/steps/ui_steps/ui_steps.py:133: in ui_signup_new_user_ver_link\n    await self.main_page.verify_ui_terms_of_agreement_displayed()\ntests/reporting_hooks/reporting.py:58: in wrapper\n    raise AssertionError(formatted_msg) from e\nE   AssertionError: [AssertionError] during step: Verify that User agreement pop up displayed\nE   Message: User agreement popup should be displayed!\n\nThe above exception was the direct cause of the following exception:\ntests/test_cases/conftest.py:220: in _do_full_setup_logic\n    main_user = await ui_steps.ui_signup_new_user_ver_link()\n                ^^^^^^^^^^^^^^^^^^^^^^^^^^^^^^^^^^^^^^^^^^^^\ntests/reporting_hooks/reporting.py:58: in wrapper\n    raise AssertionError(formatted_msg) from e\nE   AssertionError: [AssertionError] during step: Signup new user via UI and activate email verification link\nE   Message: [AssertionError] during step: Verify that User agreement pop up displayed\nE   Message: User agreement popup should be displayed!\n\nDuring handling of the above exception, another exception occurred:\n.venv/lib/python3.13/site-packages/pytest_asyncio/plugin.py:463: in setup\n    return super().setup()\n           ^^^^^^^^^^^^^^^\n.venv/lib/python3.13/site-packages/pytest_asyncio/plugin.py:748: in pytest_fixture_setup\n    hook_result = yield\n                  ^^^^^\n.venv/lib/python3.13/site-packages/pytest_asyncio/plugin.py:318: in _asyncgen_fixture_wrapper\n    result = runner.run(setup(), context=context)\n             ^^^^^^^^^^^^^^^^^^^^^^^^^^^^^^^^^^^^\n/opt/hostedtoolcache/Python/3.13.9/x64/lib/python3.13/asyncio/runners.py:118: in run\n    return self._loop.run_until_complete(task)\n           ^^^^^^^^^^^^^^^^^^^^^^^^^^^^^^^^^^^\n/opt/hostedtoolcache/Python/3.13.9/x64/lib/python3.13/asyncio/base_events.py:725: in run_until_complete\n    return future.result()\n           ^^^^^^^^^^^^^^^\n.venv/lib/python3.13/site-packages/pytest_asyncio/plugin.py:314: in setup\n    res = await gen_obj.__anext__()\n          ^^^^^^^^^^^^^^^^^^^^^^^^^\ntests/test_cases/conftest.py:183: in setup_cleanup\n    await _do_full_setup_logic(\ntests/test_cases/conftest.py:230: in _do_full_setup_logic\n    raise RuntimeError(\nE   RuntimeError: Aborting test session: default user signup failed.","steps":[],"attachments":[{"uid":"14d3ccd1b051918d","name":"log","source":"14d3ccd1b051918d.txt","type":"text/plain","size":29023}],"parameters":[],"shouldDisplayMessage":true,"stepsCount":0,"attachmentsCount":1,"hasContent":true,"attachmentStep":false},"afterStages":[{"name":"api_helper::finalizer","time":{"start":1762306442542,"stop":1762306442543,"duration":1},"status":"passed","steps":[],"attachments":[],"parameters":[],"shouldDisplayMessage":false,"stepsCount":0,"attachmentsCount":0,"hasContent":false,"attachmentStep":false},{"name":"_function_scoped_runner::0","time":{"start":1762306442544,"stop":1762306442544,"duration":0},"status":"passed","steps":[],"attachments":[],"parameters":[],"shouldDisplayMessage":false,"stepsCount":0,"attachmentsCount":0,"hasContent":false,"attachmentStep":false},{"name":"add_page_manager::finalizer","time":{"start":1762306611259,"stop":1762306611259,"duration":0},"status":"passed","steps":[],"attachments":[],"parameters":[],"shouldDisplayMessage":false,"stepsCount":0,"attachmentsCount":0,"hasContent":false,"attachmentStep":false}],"labels":[{"name":"suite","value":"UI Project Remove Members"},{"name":"parentSuite","value":"UI Tests"},{"name":"tag","value":"asyncio"},{"name":"subSuite","value":"TestUIProjectRemoveMembers"},{"name":"host","value":"runnervmf2e7y"},{"name":"thread","value":"3565-MainThread"},{"name":"framework","value":"pytest"},{"name":"language","value":"cpython3"},{"name":"package","value":"tests.test_cases.tests_ui.test_project_remove_members"},{"name":"resultFormat","value":"allure2"}],"parameters":[],"links":[],"hidden":true,"retry":true,"extra":{"categories":[],"tags":["asyncio"]},"source":"8240fbf2345cd229.json","parameterValues":[]}