{"uid":"84ecbf552509ed19","name":"Verify installed Shell app info displayed on the app container via UI","fullName":"tests.test_cases.tests_e2e.test_shell_app.TestE2EShellApp#test_shell_container_installed_info_via_ui","historyId":"80877076bd5f8041543fe5a2b6b465f6","time":{"start":1761710142506,"stop":1761710142506,"duration":0},"description":"\n### Pre-conditions:\n- Shell app installed.\n\n### Steps:\n- Login with valid credentials.\n\n### Verify that:\n\n- Label `Installed` is displayed on the Shell app container.\n- `Show All` button displayed on the Shell app container.\n","descriptionHtml":"<div style='line-height:1.6;'><h3>Pre-conditions:</h3>\n<ul>\n<li>Shell app installed.</li>\n</ul>\n<h3>Steps:</h3>\n<ul>\n<li>Login with valid credentials.</li>\n</ul>\n<h3>Verify that:</h3>\n<ul>\n<li>Label <span style='background-color:#D3D3D3; padding:2px 4px; border-radius:3px; font-family:monospace;'>Installed</span> is displayed on the Shell app container.</li>\n<li><span style='background-color:#D3D3D3; padding:2px 4px; border-radius:3px; font-family:monospace;'>Show All</span> button displayed on the Shell app container.</li>\n</ul></div>","status":"skipped","statusMessage":"Skipped: Shell app was not installed successfully","statusTrace":"('/home/runner/work/apolo-test-automation/apolo-test-automation/tests/test_cases/tests_e2e/test_shell_app.py', 189, 'Skipped: Shell app was not installed successfully')","flaky":false,"newFailed":false,"newBroken":false,"newPassed":false,"retriesCount":0,"retriesStatusChange":false,"beforeStages":[{"name":"ensure_storage_directories","time":{"start":1761701509981,"stop":1761701509981,"duration":0},"status":"passed","steps":[],"attachments":[],"parameters":[],"shouldDisplayMessage":false,"stepsCount":0,"attachmentsCount":0,"hasContent":false,"attachmentStep":false},{"name":"delay_worker_start","time":{"start":1761701509981,"stop":1761701509981,"duration":0},"status":"passed","steps":[],"attachments":[],"parameters":[],"shouldDisplayMessage":false,"stepsCount":0,"attachmentsCount":0,"hasContent":false,"attachmentStep":false},{"name":"_verify_url","time":{"start":1761701509981,"stop":1761701509981,"duration":0},"status":"passed","steps":[],"attachments":[],"parameters":[],"shouldDisplayMessage":false,"stepsCount":0,"attachmentsCount":0,"hasContent":false,"attachmentStep":false},{"name":"pytestconfig","time":{"start":1761701509981,"stop":1761701509981,"duration":0},"status":"passed","steps":[],"attachments":[],"parameters":[],"shouldDisplayMessage":false,"stepsCount":0,"attachmentsCount":0,"hasContent":false,"attachmentStep":false},{"name":"event_loop_policy","time":{"start":1761701509981,"stop":1761701509981,"duration":0},"status":"passed","steps":[],"attachments":[],"parameters":[],"shouldDisplayMessage":false,"stepsCount":0,"attachmentsCount":0,"hasContent":false,"attachmentStep":false},{"name":"base_url","time":{"start":1761701509981,"stop":1761701509981,"duration":0},"status":"passed","steps":[],"attachments":[],"parameters":[],"shouldDisplayMessage":false,"stepsCount":0,"attachmentsCount":0,"hasContent":false,"attachmentStep":false},{"name":"delete_output_dir","time":{"start":1761701509981,"stop":1761701509981,"duration":0},"status":"passed","steps":[],"attachments":[],"parameters":[],"shouldDisplayMessage":false,"stepsCount":0,"attachmentsCount":0,"hasContent":false,"attachmentStep":false},{"name":"test_config","time":{"start":1761710142507,"stop":1761710142512,"duration":5},"status":"passed","steps":[],"attachments":[],"parameters":[],"shouldDisplayMessage":false,"stepsCount":0,"attachmentsCount":0,"hasContent":false,"attachmentStep":false},{"name":"_function_scoped_runner","time":{"start":1761710142512,"stop":1761710142513,"duration":1},"status":"passed","steps":[],"attachments":[],"parameters":[],"shouldDisplayMessage":false,"stepsCount":0,"attachmentsCount":0,"hasContent":false,"attachmentStep":false},{"name":"page_manager","time":{"start":1761710142512,"stop":1761710143265,"duration":753},"status":"passed","steps":[],"attachments":[],"parameters":[],"shouldDisplayMessage":false,"stepsCount":0,"attachmentsCount":0,"hasContent":false,"attachmentStep":false},{"name":"api_helper","time":{"start":1761710143265,"stop":1761710143265,"duration":0},"status":"passed","steps":[],"attachments":[],"parameters":[],"shouldDisplayMessage":false,"stepsCount":0,"attachmentsCount":0,"hasContent":false,"attachmentStep":false},{"name":"users_manager","time":{"start":1761710143265,"stop":1761710143265,"duration":0},"status":"passed","steps":[],"attachments":[],"parameters":[],"shouldDisplayMessage":false,"stepsCount":0,"attachmentsCount":0,"hasContent":false,"attachmentStep":false},{"name":"data_manager","time":{"start":1761710143265,"stop":1761710143265,"duration":0},"status":"passed","steps":[],"attachments":[],"parameters":[],"shouldDisplayMessage":false,"stepsCount":0,"attachmentsCount":0,"hasContent":false,"attachmentStep":false},{"name":"add_page_manager","time":{"start":1761710143266,"stop":1761710143266,"duration":0},"status":"passed","steps":[],"attachments":[],"parameters":[],"shouldDisplayMessage":false,"stepsCount":0,"attachmentsCount":0,"hasContent":false,"attachmentStep":false},{"name":"setup","time":{"start":1761710143266,"stop":1761710143267,"duration":1},"status":"passed","steps":[],"attachments":[],"parameters":[],"shouldDisplayMessage":false,"stepsCount":0,"attachmentsCount":0,"hasContent":false,"attachmentStep":false},{"name":"apolo_cli","time":{"start":1761710143266,"stop":1761710143266,"duration":0},"status":"passed","steps":[],"attachments":[],"parameters":[],"shouldDisplayMessage":false,"stepsCount":0,"attachmentsCount":0,"hasContent":false,"attachmentStep":false},{"name":"_inject_fixtures","time":{"start":1761710143266,"stop":1761710143266,"duration":0},"status":"passed","steps":[],"attachments":[],"parameters":[],"shouldDisplayMessage":false,"stepsCount":0,"attachmentsCount":0,"hasContent":false,"attachmentStep":false},{"name":"setup_cleanup","time":{"start":1761710143266,"stop":1761710143266,"duration":0},"status":"passed","steps":[],"attachments":[],"parameters":[],"shouldDisplayMessage":false,"stepsCount":0,"attachmentsCount":0,"hasContent":false,"attachmentStep":false},{"name":"shell_status","time":{"start":1761710143267,"stop":1761710143267,"duration":0},"status":"skipped","statusMessage":"Skipped: Shell app was not installed successfully\n","statusTrace":"  File \"/home/runner/work/apolo-test-automation/apolo-test-automation/.venv/lib/python3.13/site-packages/pluggy/_callers.py\", line 38, in run_old_style_hookwrapper\n    res = yield\n          ^^^^^\n  File \"/home/runner/work/apolo-test-automation/apolo-test-automation/.venv/lib/python3.13/site-packages/pluggy/_callers.py\", line 139, in _multicall\n    teardown.throw(exception)\n    ~~~~~~~~~~~~~~^^^^^^^^^^^\n  File \"/home/runner/work/apolo-test-automation/apolo-test-automation/.venv/lib/python3.13/site-packages/pytest_asyncio/plugin.py\", line 735, in pytest_fixture_setup\n    return (yield)\n            ^^^^^\n  File \"/home/runner/work/apolo-test-automation/apolo-test-automation/.venv/lib/python3.13/site-packages/pluggy/_callers.py\", line 139, in _multicall\n    teardown.throw(exception)\n    ~~~~~~~~~~~~~~^^^^^^^^^^^\n  File \"/home/runner/work/apolo-test-automation/apolo-test-automation/.venv/lib/python3.13/site-packages/_pytest/setuponly.py\", line 36, in pytest_fixture_setup\n    return (yield)\n            ^^^^^\n  File \"/home/runner/work/apolo-test-automation/apolo-test-automation/.venv/lib/python3.13/site-packages/pluggy/_callers.py\", line 121, in _multicall\n    res = hook_impl.function(*args)\n  File \"/home/runner/work/apolo-test-automation/apolo-test-automation/.venv/lib/python3.13/site-packages/_pytest/fixtures.py\", line 1196, in pytest_fixture_setup\n    result = call_fixture_func(fixturefunc, request, kwargs)\n  File \"/home/runner/work/apolo-test-automation/apolo-test-automation/.venv/lib/python3.13/site-packages/_pytest/fixtures.py\", line 930, in call_fixture_func\n    fixture_result = fixturefunc(**kwargs)\n  File \"/home/runner/work/apolo-test-automation/apolo-test-automation/tests/test_cases/tests_e2e/test_shell_app.py\", line 32, in shell_status\n    pytest.skip(\"Shell app was not installed successfully\")\n    ~~~~~~~~~~~^^^^^^^^^^^^^^^^^^^^^^^^^^^^^^^^^^^^^^^^^^^^\n  File \"/home/runner/work/apolo-test-automation/apolo-test-automation/.venv/lib/python3.13/site-packages/_pytest/outcomes.py\", line 159, in skip\n    raise Skipped(msg=reason, allow_module_level=allow_module_level)\n","steps":[],"attachments":[],"parameters":[],"shouldDisplayMessage":true,"stepsCount":0,"attachmentsCount":0,"hasContent":true,"attachmentStep":false}],"testStage":{"description":"\n### Pre-conditions:\n- Shell app installed.\n\n### Steps:\n- Login with valid credentials.\n\n### Verify that:\n\n- Label `Installed` is displayed on the Shell app container.\n- `Show All` button displayed on the Shell app container.\n","descriptionHtml":"<div style='line-height:1.6;'><h3>Pre-conditions:</h3>\n<ul>\n<li>Shell app installed.</li>\n</ul>\n<h3>Steps:</h3>\n<ul>\n<li>Login with valid credentials.</li>\n</ul>\n<h3>Verify that:</h3>\n<ul>\n<li>Label <span style='background-color:#D3D3D3; padding:2px 4px; border-radius:3px; font-family:monospace;'>Installed</span> is displayed on the Shell app container.</li>\n<li><span style='background-color:#D3D3D3; padding:2px 4px; border-radius:3px; font-family:monospace;'>Show All</span> button displayed on the Shell app container.</li>\n</ul></div>","status":"skipped","statusMessage":"Skipped: Shell app was not installed successfully","statusTrace":"('/home/runner/work/apolo-test-automation/apolo-test-automation/tests/test_cases/tests_e2e/test_shell_app.py', 189, 'Skipped: Shell app was not installed successfully')","steps":[],"attachments":[{"uid":"cdc8c1cc4d812490","name":"log","source":"cdc8c1cc4d812490.txt","type":"text/plain","size":954}],"parameters":[],"shouldDisplayMessage":true,"stepsCount":0,"attachmentsCount":1,"hasContent":true,"attachmentStep":false},"afterStages":[{"name":"add_page_manager::finalizer","time":{"start":1761710143270,"stop":1761710143270,"duration":0},"status":"passed","steps":[],"attachments":[],"parameters":[],"shouldDisplayMessage":false,"stepsCount":0,"attachmentsCount":0,"hasContent":false,"attachmentStep":false},{"name":"setup_cleanup::finalizer","time":{"start":1761710143270,"stop":1761710143270,"duration":0},"status":"passed","steps":[],"attachments":[],"parameters":[],"shouldDisplayMessage":false,"stepsCount":0,"attachmentsCount":0,"hasContent":false,"attachmentStep":false},{"name":"setup_cleanup::finalizer","time":{"start":1761710143270,"stop":1761710143270,"duration":0},"status":"passed","steps":[],"attachments":[],"parameters":[],"shouldDisplayMessage":false,"stepsCount":0,"attachmentsCount":0,"hasContent":false,"attachmentStep":false},{"name":"api_helper::finalizer","time":{"start":1761710143271,"stop":1761710143271,"duration":0},"status":"passed","steps":[],"attachments":[],"parameters":[],"shouldDisplayMessage":false,"stepsCount":0,"attachmentsCount":0,"hasContent":false,"attachmentStep":false},{"name":"_function_scoped_runner::0","time":{"start":1761710143271,"stop":1761710143272,"duration":1},"status":"passed","steps":[],"attachments":[],"parameters":[],"shouldDisplayMessage":false,"stepsCount":0,"attachmentsCount":0,"hasContent":false,"attachmentStep":false}],"labels":[{"name":"parentSuite","value":"E2E Tests"},{"name":"suite","value":"Shell App"},{"name":"tag","value":"asyncio"},{"name":"tag","value":"class_setup"},{"name":"subSuite","value":"TestE2EShellApp"},{"name":"host","value":"runnervmwhb2z"},{"name":"thread","value":"3521-MainThread"},{"name":"framework","value":"pytest"},{"name":"language","value":"cpython3"},{"name":"package","value":"tests.test_cases.tests_e2e.test_shell_app"},{"name":"resultFormat","value":"allure2"}],"parameters":[],"links":[],"hidden":false,"retry":false,"extra":{"severity":"normal","retries":[],"categories":[],"history":{"statistic":{"failed":2,"broken":0,"skipped":12,"passed":25,"unknown":0,"total":39},"items":[{"uid":"10cf639b751cb38b","status":"failed","statusDetails":"AssertionError: [AssertionError] during step: Verify 'Installed' label on Shell app container is displayed\nMessage: 'Installed' label should be displayed on the Shell app container!","time":{"start":1761622742188,"stop":1761622808412,"duration":66224}},{"uid":"4b28e138f81259a2","status":"failed","statusDetails":"AssertionError: [AssertionError] during step: Verify 'Installed' label on Shell app container is displayed\nMessage: 'Installed' label should be displayed on the Shell app container!","time":{"start":1761601058831,"stop":1761601124323,"duration":65492}},{"uid":"a9c5b4f81549912f","status":"skipped","statusDetails":"Skipped: Shell app was not installed successfully","time":{"start":1761568417805,"stop":1761568417805,"duration":0}},{"uid":"761df8ddfa172e94","status":"passed","time":{"start":1759543542392,"stop":1759543589580,"duration":47188}},{"uid":"c9924df9c5442d07","status":"passed","time":{"start":1759457039477,"stop":1759457086054,"duration":46577}},{"uid":"6b55cd7928fe7065","status":"skipped","statusDetails":"Skipped: Shell app was not installed successfully","time":{"start":1759370970557,"stop":1759370970557,"duration":0}},{"uid":"a049104c0292703b","status":"passed","time":{"start":1759284981760,"stop":1759285029155,"duration":47395}},{"uid":"2fb73ec6e4916afb","status":"skipped","statusDetails":"Skipped: Shell app was not installed successfully","time":{"start":1759198159260,"stop":1759198159260,"duration":0}},{"uid":"893ea16a797ed368","status":"passed","time":{"start":1759155682372,"stop":1759155734757,"duration":52385}},{"uid":"536ce0389e397101","status":"skipped","statusDetails":"Skipped: Shell app was not installed successfully","time":{"start":1759111991382,"stop":1759111991382,"duration":0}},{"uid":"6e6b28fe677d4d26","status":"skipped","statusDetails":"Skipped: Shell app was not installed successfully","time":{"start":1759025579275,"stop":1759025579275,"duration":0}},{"uid":"50009a31376fc9db","status":"skipped","statusDetails":"Skipped: Shell app was not installed successfully","time":{"start":1758938972361,"stop":1758938972361,"duration":0}},{"uid":"eedf8932ece54cb0","status":"passed","time":{"start":1758852273776,"stop":1758852320814,"duration":47038}},{"uid":"9076e1a1430cfc21","status":"skipped","statusDetails":"Skipped: Shell app was not installed successfully","time":{"start":1758766267556,"stop":1758766267556,"duration":0}},{"uid":"cdd9338aa9648ef3","status":"passed","time":{"start":1758707694943,"stop":1758707741499,"duration":46556}},{"uid":"8cc6d3898a6f3c62","status":"skipped","statusDetails":"Skipped: Shell app was not installed successfully","time":{"start":1758691993867,"stop":1758691993867,"duration":0}},{"uid":"6696e2e10d0b5dc","status":"skipped","statusDetails":"Skipped: Shell app was not installed successfully","time":{"start":1758679823800,"stop":1758679823800,"duration":0}},{"uid":"74b731df69d84c8b","status":"passed","time":{"start":1758595299722,"stop":1758595345835,"duration":46113}},{"uid":"54c4280405f07260","status":"passed","time":{"start":1758508484155,"stop":1758508530976,"duration":46821}},{"uid":"fd1397f1d26fcea3","status":"passed","time":{"start":1758422454317,"stop":1758422500337,"duration":46020}}]},"tags":["asyncio","class_setup"]},"source":"84ecbf552509ed19.json","parameterValues":[]}