{"uid":"851c3cd801eb6b6a","name":"Invite registered user without organization to organization with default project via UI","fullName":"tests.test_cases.tests_ui.test_organization_structure_setup.TestUIOrganizationStructureSetup#test_invite_registered_user_without_org_default_proj_via_ui","historyId":"db479dafb1959d247c047cab0957fa3b","time":{"start":1764214680544,"stop":1764214692869,"duration":12325},"description":"\n- Login with valid credentials.\n- Create new organization via **API**.\n- Create new project with `default` option.\n- Signup `second user`.\n\n### Verify that:\n\n- User can invite to organization another user that is registered but **doesn't have organization**.\n- Newly invited user is member of the `default` project.\n","descriptionHtml":"<div style='line-height:1.6;'><ul>\n<li>Login with valid credentials.</li>\n<li>Create new organization via <strong>API</strong>.</li>\n<li>Create new project with <span style='background-color:#D3D3D3; padding:2px 4px; border-radius:3px; font-family:monospace;'>default</span> option.</li>\n<li>Signup <span style='background-color:#D3D3D3; padding:2px 4px; border-radius:3px; font-family:monospace;'>second user</span>.</li>\n</ul>\n<h3>Verify that:</h3>\n<ul>\n<li>User can invite to organization another user that is registered but <strong>doesn't have organization</strong>.</li>\n<li>Newly invited user is member of the <span style='background-color:#D3D3D3; padding:2px 4px; border-radius:3px; font-family:monospace;'>default</span> project.</li>\n</ul></div>","status":"failed","statusMessage":"AssertionError: [AssertionError] during step: Login via UI\nMessage: [AssertionError] during step: Verify that Welcome new user page displayed\nMessage: Locator expected to be visible\nActual value: None\nError: element(s) not found \nCall log:\n  - Expect \"to_be_visible\" with timeout 5000ms\n  - waiting for locator(\"h3.truncate.text-h3\").filter(has_text=\"Welcome, regression-gwajq9omnm@apolo.us\")","statusTrace":"tests/reporting_hooks/reporting.py:49: in wrapper\n    result = await func(*args, **kwargs)\n             ^^^^^^^^^^^^^^^^^^^^^^^^^^^\ntests/test_cases/steps/ui_steps/page_steps_impl/welcome_new_user_page_steps.py:14: in verify_ui_page_displayed\n    assert await self._pm.welcome_new_user_page.is_loaded(email=email), (\n           ^^^^^^^^^^^^^^^^^^^^^^^^^^^^^^^^^^^^^^^^^^^^^^^^^^^^^^^^^^^\ntests/components/ui/pages/onboarding_pages/welcome_new_user_page.py:27: in is_loaded\n    await self._get_welcome_user_message(email).expect_to_be_loaded()\ntests/components/ui/pages/base_element.py:51: in expect_to_be_loaded\n    await expect(self.locator).to_be_visible(timeout=timeout)\nE   AssertionError: Locator expected to be visible\nE   Actual value: None\nE   Error: element(s) not found \nE   Call log:\nE     - Expect \"to_be_visible\" with timeout 5000ms\nE     - waiting for locator(\"h3.truncate.text-h3\").filter(has_text=\"Welcome, regression-gwajq9omnm@apolo.us\")\n\nThe above exception was the direct cause of the following exception:\ntests/reporting_hooks/reporting.py:49: in wrapper\n    result = await func(*args, **kwargs)\n             ^^^^^^^^^^^^^^^^^^^^^^^^^^^\ntests/test_cases/steps/ui_steps/ui_steps.py:84: in ui_login\n    await self.welcome_new_user_page.verify_ui_page_displayed(\ntests/reporting_hooks/reporting.py:58: in wrapper\n    raise AssertionError(formatted_msg) from e\nE   AssertionError: [AssertionError] during step: Verify that Welcome new user page displayed\nE   Message: Locator expected to be visible\nE   Actual value: None\nE   Error: element(s) not found \nE   Call log:\nE     - Expect \"to_be_visible\" with timeout 5000ms\nE     - waiting for locator(\"h3.truncate.text-h3\").filter(has_text=\"Welcome, regression-gwajq9omnm@apolo.us\")\n\nThe above exception was the direct cause of the following exception:\ntests/test_cases/tests_ui/test_organization_structure_setup.py:328: in test_invite_registered_user_without_org_default_proj_via_ui\n    await steps.ui_login(user)\ntests/reporting_hooks/reporting.py:58: in wrapper\n    raise AssertionError(formatted_msg) from e\nE   AssertionError: [AssertionError] during step: Login via UI\nE   Message: [AssertionError] during step: Verify that Welcome new user page displayed\nE   Message: Locator expected to be visible\nE   Actual value: None\nE   Error: element(s) not found \nE   Call log:\nE     - Expect \"to_be_visible\" with timeout 5000ms\nE     - waiting for locator(\"h3.truncate.text-h3\").filter(has_text=\"Welcome, regression-gwajq9omnm@apolo.us\")","flaky":false,"newFailed":false,"newBroken":false,"newPassed":false,"retriesCount":1,"retriesStatusChange":false,"beforeStages":[{"name":"delete_output_dir","time":{"start":1764207081753,"stop":1764207081753,"duration":0},"status":"passed","steps":[],"attachments":[],"parameters":[],"shouldDisplayMessage":false,"stepsCount":0,"attachmentsCount":0,"hasContent":false,"attachmentStep":false},{"name":"event_loop_policy","time":{"start":1764207081753,"stop":1764207081753,"duration":0},"status":"passed","steps":[],"attachments":[],"parameters":[],"shouldDisplayMessage":false,"stepsCount":0,"attachmentsCount":0,"hasContent":false,"attachmentStep":false},{"name":"ensure_storage_directories","time":{"start":1764207081753,"stop":1764207081753,"duration":0},"status":"passed","steps":[],"attachments":[],"parameters":[],"shouldDisplayMessage":false,"stepsCount":0,"attachmentsCount":0,"hasContent":false,"attachmentStep":false},{"name":"base_url","time":{"start":1764207081753,"stop":1764207081753,"duration":0},"status":"passed","steps":[],"attachments":[],"parameters":[],"shouldDisplayMessage":false,"stepsCount":0,"attachmentsCount":0,"hasContent":false,"attachmentStep":false},{"name":"pytestconfig","time":{"start":1764207081753,"stop":1764207081753,"duration":0},"status":"passed","steps":[],"attachments":[],"parameters":[],"shouldDisplayMessage":false,"stepsCount":0,"attachmentsCount":0,"hasContent":false,"attachmentStep":false},{"name":"_verify_url","time":{"start":1764207081753,"stop":1764207081753,"duration":0},"status":"passed","steps":[],"attachments":[],"parameters":[],"shouldDisplayMessage":false,"stepsCount":0,"attachmentsCount":0,"hasContent":false,"attachmentStep":false},{"name":"delay_worker_start","time":{"start":1764207081753,"stop":1764207081753,"duration":0},"status":"passed","steps":[],"attachments":[],"parameters":[],"shouldDisplayMessage":false,"stepsCount":0,"attachmentsCount":0,"hasContent":false,"attachmentStep":false},{"name":"test_config","time":{"start":1764214679770,"stop":1764214679773,"duration":3},"status":"passed","steps":[],"attachments":[],"parameters":[],"shouldDisplayMessage":false,"stepsCount":0,"attachmentsCount":0,"hasContent":false,"attachmentStep":false},{"name":"page_manager","time":{"start":1764214679773,"stop":1764214680541,"duration":768},"status":"passed","steps":[],"attachments":[],"parameters":[],"shouldDisplayMessage":false,"stepsCount":0,"attachmentsCount":0,"hasContent":false,"attachmentStep":false},{"name":"_function_scoped_runner","time":{"start":1764214679773,"stop":1764214679774,"duration":1},"status":"passed","steps":[],"attachments":[],"parameters":[],"shouldDisplayMessage":false,"stepsCount":0,"attachmentsCount":0,"hasContent":false,"attachmentStep":false},{"name":"api_helper","time":{"start":1764214680541,"stop":1764214680542,"duration":1},"status":"passed","steps":[],"attachments":[],"parameters":[],"shouldDisplayMessage":false,"stepsCount":0,"attachmentsCount":0,"hasContent":false,"attachmentStep":false},{"name":"data_manager","time":{"start":1764214680541,"stop":1764214680541,"duration":0},"status":"passed","steps":[],"attachments":[],"parameters":[],"shouldDisplayMessage":false,"stepsCount":0,"attachmentsCount":0,"hasContent":false,"attachmentStep":false},{"name":"users_manager","time":{"start":1764214680541,"stop":1764214680541,"duration":0},"status":"passed","steps":[],"attachments":[],"parameters":[],"shouldDisplayMessage":false,"stepsCount":0,"attachmentsCount":0,"hasContent":false,"attachmentStep":false},{"name":"apolo_cli","time":{"start":1764214680542,"stop":1764214680542,"duration":0},"status":"passed","steps":[],"attachments":[],"parameters":[],"shouldDisplayMessage":false,"stepsCount":0,"attachmentsCount":0,"hasContent":false,"attachmentStep":false},{"name":"setup_cleanup","time":{"start":1764214680542,"stop":1764214680542,"duration":0},"status":"passed","steps":[],"attachments":[],"parameters":[],"shouldDisplayMessage":false,"stepsCount":0,"attachmentsCount":0,"hasContent":false,"attachmentStep":false},{"name":"add_page_manager","time":{"start":1764214680542,"stop":1764214680543,"duration":1},"status":"passed","steps":[],"attachments":[],"parameters":[],"shouldDisplayMessage":false,"stepsCount":0,"attachmentsCount":0,"hasContent":false,"attachmentStep":false},{"name":"setup","time":{"start":1764214680543,"stop":1764214680543,"duration":0},"status":"passed","steps":[],"attachments":[],"parameters":[],"shouldDisplayMessage":false,"stepsCount":0,"attachmentsCount":0,"hasContent":false,"attachmentStep":false},{"name":"_inject_fixtures","time":{"start":1764214680543,"stop":1764214680543,"duration":0},"status":"passed","steps":[],"attachments":[],"parameters":[],"shouldDisplayMessage":false,"stepsCount":0,"attachmentsCount":0,"hasContent":false,"attachmentStep":false}],"testStage":{"description":"\n- Login with valid credentials.\n- Create new organization via **API**.\n- Create new project with `default` option.\n- Signup `second user`.\n\n### Verify that:\n\n- User can invite to organization another user that is registered but **doesn't have organization**.\n- Newly invited user is member of the `default` project.\n","descriptionHtml":"<div style='line-height:1.6;'><ul>\n<li>Login with valid credentials.</li>\n<li>Create new organization via <strong>API</strong>.</li>\n<li>Create new project with <span style='background-color:#D3D3D3; padding:2px 4px; border-radius:3px; font-family:monospace;'>default</span> option.</li>\n<li>Signup <span style='background-color:#D3D3D3; padding:2px 4px; border-radius:3px; font-family:monospace;'>second user</span>.</li>\n</ul>\n<h3>Verify that:</h3>\n<ul>\n<li>User can invite to organization another user that is registered but <strong>doesn't have organization</strong>.</li>\n<li>Newly invited user is member of the <span style='background-color:#D3D3D3; padding:2px 4px; border-radius:3px; font-family:monospace;'>default</span> project.</li>\n</ul></div>","status":"failed","statusMessage":"AssertionError: [AssertionError] during step: Login via UI\nMessage: [AssertionError] during step: Verify that Welcome new user page displayed\nMessage: Locator expected to be visible\nActual value: None\nError: element(s) not found \nCall log:\n  - Expect \"to_be_visible\" with timeout 5000ms\n  - waiting for locator(\"h3.truncate.text-h3\").filter(has_text=\"Welcome, regression-gwajq9omnm@apolo.us\")","statusTrace":"tests/reporting_hooks/reporting.py:49: in wrapper\n    result = await func(*args, **kwargs)\n             ^^^^^^^^^^^^^^^^^^^^^^^^^^^\ntests/test_cases/steps/ui_steps/page_steps_impl/welcome_new_user_page_steps.py:14: in verify_ui_page_displayed\n    assert await self._pm.welcome_new_user_page.is_loaded(email=email), (\n           ^^^^^^^^^^^^^^^^^^^^^^^^^^^^^^^^^^^^^^^^^^^^^^^^^^^^^^^^^^^\ntests/components/ui/pages/onboarding_pages/welcome_new_user_page.py:27: in is_loaded\n    await self._get_welcome_user_message(email).expect_to_be_loaded()\ntests/components/ui/pages/base_element.py:51: in expect_to_be_loaded\n    await expect(self.locator).to_be_visible(timeout=timeout)\nE   AssertionError: Locator expected to be visible\nE   Actual value: None\nE   Error: element(s) not found \nE   Call log:\nE     - Expect \"to_be_visible\" with timeout 5000ms\nE     - waiting for locator(\"h3.truncate.text-h3\").filter(has_text=\"Welcome, regression-gwajq9omnm@apolo.us\")\n\nThe above exception was the direct cause of the following exception:\ntests/reporting_hooks/reporting.py:49: in wrapper\n    result = await func(*args, **kwargs)\n             ^^^^^^^^^^^^^^^^^^^^^^^^^^^\ntests/test_cases/steps/ui_steps/ui_steps.py:84: in ui_login\n    await self.welcome_new_user_page.verify_ui_page_displayed(\ntests/reporting_hooks/reporting.py:58: in wrapper\n    raise AssertionError(formatted_msg) from e\nE   AssertionError: [AssertionError] during step: Verify that Welcome new user page displayed\nE   Message: Locator expected to be visible\nE   Actual value: None\nE   Error: element(s) not found \nE   Call log:\nE     - Expect \"to_be_visible\" with timeout 5000ms\nE     - waiting for locator(\"h3.truncate.text-h3\").filter(has_text=\"Welcome, regression-gwajq9omnm@apolo.us\")\n\nThe above exception was the direct cause of the following exception:\ntests/test_cases/tests_ui/test_organization_structure_setup.py:328: in test_invite_registered_user_without_org_default_proj_via_ui\n    await steps.ui_login(user)\ntests/reporting_hooks/reporting.py:58: in wrapper\n    raise AssertionError(formatted_msg) from e\nE   AssertionError: [AssertionError] during step: Login via UI\nE   Message: [AssertionError] during step: Verify that Welcome new user page displayed\nE   Message: Locator expected to be visible\nE   Actual value: None\nE   Error: element(s) not found \nE   Call log:\nE     - Expect \"to_be_visible\" with timeout 5000ms\nE     - waiting for locator(\"h3.truncate.text-h3\").filter(has_text=\"Welcome, regression-gwajq9omnm@apolo.us\")","steps":[{"name":"Login via UI","time":{"start":1764214680544,"stop":1764214692868,"duration":12324},"status":"failed","statusMessage":"AssertionError: [AssertionError] during step: Login via UI\nMessage: [AssertionError] during step: Verify that Welcome new user page displayed\nMessage: Locator expected to be visible\nActual value: None\nError: element(s) not found \nCall log:\n  - Expect \"to_be_visible\" with timeout 5000ms\n  - waiting for locator(\"h3.truncate.text-h3\").filter(has_text=\"Welcome, regression-gwajq9omnm@apolo.us\")\n\n","statusTrace":"  File \"/home/runner/work/apolo-test-automation/apolo-test-automation/tests/reporting_hooks/reporting.py\", line 58, in wrapper\n    raise AssertionError(formatted_msg) from e\n","steps":[{"name":"Verify that Auth page displayed","time":{"start":1764214680544,"stop":1764214681055,"duration":511},"status":"passed","steps":[],"attachments":[{"uid":"3298a9e8b928c9e8","name":"Page URL","source":"3298a9e8b928c9e8.txt","type":"text/plain","size":29},{"uid":"73703080de5bccac","name":"HTTP 200 - GET config","source":"73703080de5bccac.txt","type":"text/plain","size":673},{"uid":"4b7d0855513318b1","name":"Screenshot: Verify that Auth page displayed (success)","source":"4b7d0855513318b1.png","type":"image/png","size":88563}],"parameters":[],"shouldDisplayMessage":false,"stepsCount":0,"attachmentsCount":3,"hasContent":true,"attachmentStep":false},{"name":"Click login button","time":{"start":1764214681055,"stop":1764214682164,"duration":1109},"status":"passed","steps":[],"attachments":[{"uid":"7d7ed6b7b6d55151","name":"Page URL","source":"7d7ed6b7b6d55151.txt","type":"text/plain","size":33},{"uid":"59284acb6481efdf","name":"Screenshot: Click login button (success)","source":"59284acb6481efdf.png","type":"image/png","size":41524}],"parameters":[],"shouldDisplayMessage":false,"stepsCount":0,"attachmentsCount":2,"hasContent":true,"attachmentStep":false},{"name":"Verify that Login page displayed","time":{"start":1764214682164,"stop":1764214682262,"duration":98},"status":"passed","steps":[],"attachments":[{"uid":"9d320c433441a8d7","name":"Page URL","source":"9d320c433441a8d7.txt","type":"text/plain","size":215},{"uid":"36bc74a2a1b4247a","name":"Screenshot: Verify that Login page displayed (success)","source":"36bc74a2a1b4247a.png","type":"image/png","size":41637}],"parameters":[],"shouldDisplayMessage":false,"stepsCount":0,"attachmentsCount":2,"hasContent":true,"attachmentStep":false},{"name":"Enter email","time":{"start":1764214682263,"stop":1764214682581,"duration":318},"status":"passed","steps":[],"attachments":[{"uid":"1ec4a53cd6c17f7d","name":"Page URL","source":"1ec4a53cd6c17f7d.txt","type":"text/plain","size":215},{"uid":"820897fb35040c8","name":"Screenshot: Enter email (success)","source":"820897fb35040c8.png","type":"image/png","size":45941}],"parameters":[],"shouldDisplayMessage":false,"stepsCount":0,"attachmentsCount":2,"hasContent":true,"attachmentStep":false},{"name":"Enter password","time":{"start":1764214682581,"stop":1764214682898,"duration":317},"status":"passed","steps":[],"attachments":[{"uid":"5e763472b2cad8bc","name":"Page URL","source":"5e763472b2cad8bc.txt","type":"text/plain","size":215},{"uid":"f9693b68106ef780","name":"Screenshot: Enter password (success)","source":"f9693b68106ef780.png","type":"image/png","size":46068}],"parameters":[],"shouldDisplayMessage":false,"stepsCount":0,"attachmentsCount":2,"hasContent":true,"attachmentStep":false},{"name":"Click Continue button","time":{"start":1764214682898,"stop":1764214686683,"duration":3785},"status":"passed","steps":[],"attachments":[{"uid":"e7e41071811b2244","name":"Page URL","source":"e7e41071811b2244.txt","type":"text/plain","size":215},{"uid":"2cfd95b1bf8dd181","name":"HTTP 200 - GET config","source":"2cfd95b1bf8dd181.txt","type":"text/plain","size":2137},{"uid":"cf23569429d68876","name":"HTTP 200 - GET regression-org-oygze2yr5154","source":"cf23569429d68876.txt","type":"text/plain","size":444},{"uid":"972a8791a7978202","name":"HTTP 200 - GET incoming","source":"972a8791a7978202.txt","type":"text/plain","size":156},{"uid":"91403460237caa97","name":"HTTP 200 - GET instances?org=regression-org-oygze2yr5154&project=regression-proj-ticf2xfd7o&cluster=default&size=100","source":"91403460237caa97.txt","type":"text/plain","size":290},{"uid":"f1b4417d4bfe9ca9","name":"HTTP 200 - GET permissions?uri=blob:","source":"f1b4417d4bfe9ca9.txt","type":"text/plain","size":255},{"uid":"d3831e8229161ebe","name":"HTTP 200 - GET regression-gwajq9omnm?include=orgs","source":"d3831e8229161ebe.txt","type":"text/plain","size":474},{"uid":"128f7986bd873b7d","name":"HTTP 200 - GET regression-gwajq9omnm?include=clusters&include=system_role","source":"128f7986bd873b7d.txt","type":"text/plain","size":529},{"uid":"8fcdc267dfb909fc","name":"HTTP 200 - GET templates","source":"8fcdc267dfb909fc.txt","type":"text/plain","size":2146},{"uid":"2b6d2de93f408f20","name":"HTTP 200 - GET tags","source":"2b6d2de93f408f20.txt","type":"text/plain","size":948},{"uid":"4128e4170dbce3c4","name":"HTTP 200 - GET templates?page=1&size=50","source":"4128e4170dbce3c4.txt","type":"text/plain","size":2161},{"uid":"1f2827361eaefc54","name":"Screenshot: Click Continue button (success)","source":"1f2827361eaefc54.png","type":"image/png","size":151153}],"parameters":[],"shouldDisplayMessage":false,"stepsCount":0,"attachmentsCount":12,"hasContent":true,"attachmentStep":false},{"name":"Verify that Welcome new user page displayed","time":{"start":1764214686691,"stop":1764214692785,"duration":6094},"status":"failed","statusMessage":"AssertionError: [AssertionError] during step: Verify that Welcome new user page displayed\nMessage: Locator expected to be visible\nActual value: None\nError: element(s) not found \nCall log:\n  - Expect \"to_be_visible\" with timeout 5000ms\n  - waiting for locator(\"h3.truncate.text-h3\").filter(has_text=\"Welcome, regression-gwajq9omnm@apolo.us\")\n\n","statusTrace":"  File \"/home/runner/work/apolo-test-automation/apolo-test-automation/tests/reporting_hooks/reporting.py\", line 58, in wrapper\n    raise AssertionError(formatted_msg) from e\n","steps":[],"attachments":[{"uid":"accb86b9b5419366","name":"Page URL","source":"accb86b9b5419366.txt","type":"text/plain","size":116},{"uid":"ae3503722c28b23b","name":"Screenshot: Verify that Welcome new user page displayed (fail)","source":"ae3503722c28b23b.png","type":"image/png","size":151101}],"parameters":[],"shouldDisplayMessage":true,"stepsCount":0,"attachmentsCount":2,"hasContent":true,"attachmentStep":false}],"attachments":[{"uid":"57f9864be01c870e","name":"Page URL","source":"57f9864be01c870e.txt","type":"text/plain","size":29},{"uid":"1a6bbdd007d18039","name":"Screenshot: Login via UI (fail)","source":"1a6bbdd007d18039.png","type":"image/png","size":151101}],"parameters":[],"shouldDisplayMessage":true,"stepsCount":7,"attachmentsCount":27,"hasContent":true,"attachmentStep":false}],"attachments":[{"uid":"21c4e0b24c20bfd3","name":"log","source":"21c4e0b24c20bfd3.txt","type":"text/plain","size":49253}],"parameters":[],"shouldDisplayMessage":true,"stepsCount":8,"attachmentsCount":28,"hasContent":true,"attachmentStep":false},"afterStages":[{"name":"setup_cleanup::finalizer","time":{"start":1764214692900,"stop":1764214692900,"duration":0},"status":"passed","steps":[],"attachments":[],"parameters":[],"shouldDisplayMessage":false,"stepsCount":0,"attachmentsCount":0,"hasContent":false,"attachmentStep":false},{"name":"setup_cleanup::finalizer","time":{"start":1764214692900,"stop":1764214696836,"duration":3936},"status":"passed","steps":[{"name":"Post-test cleanup","time":{"start":1764214692900,"stop":1764214696836,"duration":3936},"status":"passed","steps":[{"name":"Delete organisation: regression-org-oygze2yr5154","time":{"start":1764214696181,"stop":1764214696790,"duration":609},"status":"passed","steps":[{"name":"Delete project: regression-proj-ticf2xfd7o","time":{"start":1764214696240,"stop":1764214696341,"duration":101},"status":"passed","steps":[],"attachments":[],"parameters":[],"shouldDisplayMessage":false,"stepsCount":0,"attachmentsCount":0,"hasContent":false,"attachmentStep":false}],"attachments":[],"parameters":[],"shouldDisplayMessage":false,"stepsCount":1,"attachmentsCount":0,"hasContent":true,"attachmentStep":false}],"attachments":[],"parameters":[],"shouldDisplayMessage":false,"stepsCount":2,"attachmentsCount":0,"hasContent":true,"attachmentStep":false}],"attachments":[],"parameters":[],"shouldDisplayMessage":false,"stepsCount":3,"attachmentsCount":0,"hasContent":true,"attachmentStep":false},{"name":"add_page_manager::finalizer","time":{"start":1764214692900,"stop":1764214692900,"duration":0},"status":"passed","steps":[],"attachments":[],"parameters":[],"shouldDisplayMessage":false,"stepsCount":0,"attachmentsCount":0,"hasContent":false,"attachmentStep":false},{"name":"api_helper::finalizer","time":{"start":1764214696837,"stop":1764214696837,"duration":0},"status":"passed","steps":[],"attachments":[],"parameters":[],"shouldDisplayMessage":false,"stepsCount":0,"attachmentsCount":0,"hasContent":false,"attachmentStep":false},{"name":"_function_scoped_runner::0","time":{"start":1764214696838,"stop":1764214696839,"duration":1},"status":"passed","steps":[],"attachments":[],"parameters":[],"shouldDisplayMessage":false,"stepsCount":0,"attachmentsCount":0,"hasContent":false,"attachmentStep":false}],"labels":[{"name":"parentSuite","value":"UI Tests"},{"name":"suite","value":"UI Organization Structure Setup"},{"name":"tag","value":"asyncio"},{"name":"subSuite","value":"TestUIOrganizationStructureSetup"},{"name":"host","value":"runnervmg1sw1"},{"name":"thread","value":"3051-MainThread"},{"name":"framework","value":"pytest"},{"name":"language","value":"cpython3"},{"name":"package","value":"tests.test_cases.tests_ui.test_organization_structure_setup"},{"name":"resultFormat","value":"allure2"}],"parameters":[],"links":[],"hidden":false,"retry":false,"extra":{"severity":"normal","retries":[{"uid":"103d0beb105544a8","status":"failed","statusDetails":"AssertionError: [AssertionError] during step: Create first project from main page\nMessage: [TimeoutError] during step: Wait for Create project popup disappear\nMessage: Locator.wait_for: Timeout 60ms exceeded.\nCall log:\n  - waiting for locator(\"h2\").filter(has_text=\"Create Project\") to be detached\n    3 × locator resolved to visible <h2 class=\"p-8 text-h4\">Create Project</h2>\n\nNote: Playwright Timeout. Element not found or action took too long.","time":{"start":1764214609707,"stop":1764214664895,"duration":55188}}],"categories":[{"name":"Product defects","matchedStatuses":[],"flaky":false}],"history":{"statistic":{"failed":36,"broken":0,"skipped":0,"passed":84,"unknown":0,"total":120},"items":[{"uid":"60f427ea38261b2f","status":"failed","statusDetails":"AssertionError: [AssertionError] during step: Login via UI\nMessage: [AssertionError] during step: Verify that Welcome new user page displayed\nMessage: Locator expected to be visible\nActual value: None\nError: element(s) not found \nCall log:\n  - Expect \"to_be_visible\" with timeout 5000ms\n  - waiting for locator(\"h3.truncate.text-h3\").filter(has_text=\"Welcome, regression-euxlxaygth@apolo.us\")","time":{"start":1764128091801,"stop":1764128103950,"duration":12149}},{"uid":"6cb2029aaea6b38b","status":"failed","statusDetails":"AssertionError: [AssertionError] during step: Create first project from main page\nMessage: [TimeoutError] during step: Wait for Create project popup disappear\nMessage: Locator.wait_for: Timeout 60ms exceeded.\nCall log:\n  - waiting for locator(\"h2\").filter(has_text=\"Create Project\") to be detached\n    3 × locator resolved to visible <h2 class=\"p-8 text-h4\">Create Project</h2>\n\nNote: Playwright Timeout. Element not found or action took too long.","time":{"start":1764041483614,"stop":1764041555221,"duration":71607}},{"uid":"b26e75cbf537d9b5","status":"failed","statusDetails":"AssertionError: [AssertionError] during step: Login via UI\nMessage: [AssertionError] during step: Verify that Welcome new user page displayed\nMessage: Locator expected to be visible\nActual value: None\nError: element(s) not found \nCall log:\n  - Expect \"to_be_visible\" with timeout 5000ms\n  - waiting for locator(\"h3.truncate.text-h3\").filter(has_text=\"Welcome, regression-cirnhmm2te@apolo.us\")","time":{"start":1763956587575,"stop":1763956609070,"duration":21495}},{"uid":"4caafa98deb06075","status":"failed","statusDetails":"AssertionError: [AssertionError] during step: Login via UI\nMessage: [AssertionError] during step: Verify that Welcome new user page displayed\nMessage: Locator expected to be visible\nActual value: None\nError: element(s) not found \nCall log:\n  - Expect \"to_be_visible\" with timeout 5000ms\n  - waiting for locator(\"h3.truncate.text-h3\").filter(has_text=\"Welcome, regression-cog0c2pkxm@apolo.us\")","time":{"start":1763871864931,"stop":1763871886467,"duration":21536}},{"uid":"8646a3d0b6e5abd3","status":"failed","statusDetails":"AssertionError: [AssertionError] during step: Login via UI\nMessage: [AssertionError] during step: Verify that Welcome new user page displayed\nMessage: Locator expected to be visible\nActual value: None\nError: element(s) not found \nCall log:\n  - Expect \"to_be_visible\" with timeout 5000ms\n  - waiting for locator(\"h3.truncate.text-h3\").filter(has_text=\"Welcome, regression-24kqk2m7w4@apolo.us\")","time":{"start":1763784351171,"stop":1763784363176,"duration":12005}},{"uid":"ad44cccc2db7d78c","status":"failed","statusDetails":"AssertionError: [AssertionError] during step: Create first project from main page\nMessage: [TimeoutError] during step: Wait for Create project popup disappear\nMessage: Locator.wait_for: Timeout 60ms exceeded.\nCall log:\n  - waiting for locator(\"h2\").filter(has_text=\"Create Project\") to be detached\n    3 × locator resolved to visible <h2 class=\"p-8 text-h4\">Create Project</h2>\n\nNote: Playwright Timeout. Element not found or action took too long.","time":{"start":1763697410413,"stop":1763697462480,"duration":52067}},{"uid":"296f32d839fc96a5","status":"failed","statusDetails":"AssertionError: [AssertionError] during step: Login via UI\nMessage: [AssertionError] during step: Verify that Welcome new user page displayed\nMessage: Locator expected to be visible\nActual value: None\nError: element(s) not found \nCall log:\n  - Expect \"to_be_visible\" with timeout 5000ms\n  - waiting for locator(\"h3.truncate.text-h3\").filter(has_text=\"Welcome, regression-kr4svr853p@apolo.us\")","time":{"start":1763612440671,"stop":1763612452394,"duration":11723}},{"uid":"d0131f04f35fadc3","status":"failed","statusDetails":"AssertionError: [AssertionError] during step: Login via UI\nMessage: [AssertionError] during step: Verify that Welcome new user page displayed\nMessage: Locator expected to be visible\nActual value: None\nError: element(s) not found \nCall log:\n  - Expect \"to_be_visible\" with timeout 5000ms\n  - waiting for locator(\"h3.truncate.text-h3\").filter(has_text=\"Welcome, regression-j7fz8drev7@apolo.us\")","time":{"start":1763522981693,"stop":1763523003276,"duration":21583}},{"uid":"c82966165b2d85ce","status":"failed","statusDetails":"AssertionError: [AssertionError] during step: Create first project from main page\nMessage: [TimeoutError] during step: Wait for Create project popup disappear\nMessage: Locator.wait_for: Timeout 60ms exceeded.\nCall log:\n  - waiting for locator(\"h2\").filter(has_text=\"Create Project\") to be detached\n    3 × locator resolved to visible <h2 class=\"p-8 text-h4\">Create Project</h2>\n\nNote: Playwright Timeout. Element not found or action took too long.","time":{"start":1763437506849,"stop":1763437570365,"duration":63516}},{"uid":"40e4ffaa5ab8b683","status":"failed","statusDetails":"AssertionError: [AssertionError] during step: Login via UI\nMessage: [AssertionError] during step: Verify that Welcome new user page displayed\nMessage: Locator expected to be visible\nActual value: None\nError: element(s) not found \nCall log:\n  - Expect \"to_be_visible\" with timeout 5000ms\n  - waiting for locator(\"h3.truncate.text-h3\").filter(has_text=\"Welcome, regression-5lfsbguuco@apolo.us\")","time":{"start":1763350459165,"stop":1763350471651,"duration":12486}},{"uid":"a3bd944381b172be","status":"failed","statusDetails":"AssertionError: [AssertionError] during step: Create first project from main page\nMessage: [TimeoutError] during step: Wait for Create project popup disappear\nMessage: Locator.wait_for: Timeout 60ms exceeded.\nCall log:\n  - waiting for locator(\"h2\").filter(has_text=\"Create Project\") to be detached\n    3 × locator resolved to visible <h2 class=\"p-8 text-h4\">Create Project</h2>\n\nNote: Playwright Timeout. Element not found or action took too long.","time":{"start":1763264072290,"stop":1763264144300,"duration":72010}},{"uid":"83caf21c284775d4","status":"failed","statusDetails":"AssertionError: [AssertionError] during step: Login via UI\nMessage: [AssertionError] during step: Verify that Welcome new user page displayed\nMessage: Locator expected to be visible\nActual value: None\nError: element(s) not found \nCall log:\n  - Expect \"to_be_visible\" with timeout 5000ms\n  - waiting for locator(\"h3.truncate.text-h3\").filter(has_text=\"Welcome, regression-a4xku5zhdr@apolo.us\")","time":{"start":1763178080985,"stop":1763178093994,"duration":13009}},{"uid":"570533a126a329a8","status":"failed","statusDetails":"AssertionError: [AssertionError] during step: Create first project from main page\nMessage: [TimeoutError] during step: Wait for Create project popup disappear\nMessage: Locator.wait_for: Timeout 60ms exceeded.\nCall log:\n  - waiting for locator(\"h2\").filter(has_text=\"Create Project\") to be detached\n    3 × locator resolved to visible <h2 class=\"p-8 text-h4\">Create Project</h2>\n\nNote: Playwright Timeout. Element not found or action took too long.","time":{"start":1763090536672,"stop":1763090608019,"duration":71347}},{"uid":"9b0d4989c2b0deec","status":"failed","statusDetails":"AssertionError: [AssertionError] during step: Create first project from main page\nMessage: [TimeoutError] during step: Wait for Create project popup disappear\nMessage: Locator.wait_for: Timeout 60ms exceeded.\nCall log:\n  - waiting for locator(\"h2\").filter(has_text=\"Create Project\") to be detached\n    3 × locator resolved to visible <h2 class=\"p-8 text-h4\">Create Project</h2>\n\nNote: Playwright Timeout. Element not found or action took too long.","time":{"start":1763005187266,"stop":1763005238906,"duration":51640}},{"uid":"90221411b0fa208b","status":"failed","statusDetails":"AssertionError: [AssertionError] during step: Login via UI\nMessage: [AssertionError] during step: Verify that Welcome new user page displayed\nMessage: Locator expected to be visible\nActual value: <element(s) not found> \nCall log:\n  - Expect \"to_be_visible\" with timeout 5000ms\n  - waiting for locator(\"h3.truncate.text-h3\").filter(has_text=\"Welcome, regression-fwd4fvffgs@apolo.us\")","time":{"start":1762920034492,"stop":1762920047028,"duration":12536}},{"uid":"f39a504535607580","status":"failed","statusDetails":"AssertionError: [AssertionError] during step: Create first project from main page\nMessage: [TimeoutError] during step: Wait for Create project popup disappear\nMessage: Locator.wait_for: Timeout 60ms exceeded.\nCall log:\n  - waiting for locator(\"h2\").filter(has_text=\"Create Project\") to be detached\n    3 × locator resolved to visible <h2 class=\"p-8 text-h4\">Create Project</h2>\n\nNote: Playwright Timeout. Element not found or action took too long.","time":{"start":1762832436604,"stop":1762832480990,"duration":44386}},{"uid":"e60249b3d3d10de9","status":"failed","statusDetails":"AssertionError: [AssertionError] during step: Create first project from main page\nMessage: [TimeoutError] during step: Wait for Create project popup disappear\nMessage: Locator.wait_for: Timeout 60ms exceeded.\nCall log:\n  - waiting for locator(\"h2\").filter(has_text=\"Create Project\") to be detached\n    3 × locator resolved to visible <h2 class=\"p-8 text-h4\">Create Project</h2>\n\nNote: Playwright Timeout. Element not found or action took too long.","time":{"start":1762747147550,"stop":1762747189961,"duration":42411}},{"uid":"92506d179ea60383","status":"failed","statusDetails":"AssertionError: [AssertionError] during step: Create first project from main page\nMessage: [TimeoutError] during step: Wait for Create project popup disappear\nMessage: Locator.wait_for: Timeout 60ms exceeded.\nCall log:\n  - waiting for locator(\"h2\").filter(has_text=\"Create Project\") to be detached\n    3 × locator resolved to visible <h2 class=\"p-8 text-h4\">Create Project</h2>\n\nNote: Playwright Timeout. Element not found or action took too long.","time":{"start":1762659060170,"stop":1762659102507,"duration":42337}},{"uid":"37381326290eeac6","status":"failed","statusDetails":"AssertionError: [AssertionError] during step: Create first project from main page\nMessage: [TimeoutError] during step: Wait for Create project popup disappear\nMessage: Locator.wait_for: Timeout 60ms exceeded.\nCall log:\n  - waiting for locator(\"h2\").filter(has_text=\"Create Project\") to be detached\n    3 × locator resolved to visible <h2 class=\"p-8 text-h4\">Create Project</h2>\n\nNote: Playwright Timeout. Element not found or action took too long.","time":{"start":1762573542803,"stop":1762573596005,"duration":53202}},{"uid":"67463b8b5886684c","status":"failed","statusDetails":"AssertionError: [AssertionError] during step: Create first project from main page\nMessage: [TimeoutError] during step: Wait for Create project popup disappear\nMessage: Locator.wait_for: Timeout 60ms exceeded.\nCall log:\n  - waiting for locator(\"h2\").filter(has_text=\"Create Project\") to be detached\n    3 × locator resolved to visible <h2 class=\"p-8 text-h4\">Create Project</h2>\n\nNote: Playwright Timeout. Element not found or action took too long.","time":{"start":1762487567938,"stop":1762487640484,"duration":72546}}]},"tags":["asyncio"]},"source":"851c3cd801eb6b6a.json","parameterValues":[]}