{"uid":"896e5e3b059ae28c","name":"Invite not registered user to organization with default project via UI","fullName":"tests.test_cases.tests_ui.test_ui_signup.TestUISignup#test_invite_not_registered_user_to_org_with_default_proj","historyId":"205044e1a315fe03fbd376342afa1037","time":{"start":1766372066238,"stop":1766372097497,"duration":31259},"description":"\n- Login with valid credentials.\n- Create new organization.\n- Create project with `default` option.\n- Invite **not registered** user to organization.\n\n### Verify that:\n\n- Newly invited user automatically is member of default project.\n","descriptionHtml":"<div style='line-height:1.6;'><ul>\n<li>Login with valid credentials.</li>\n<li>Create new organization.</li>\n<li>Create project with <span style='background-color:#D3D3D3; padding:2px 4px; border-radius:3px; font-family:monospace;'>default</span> option.</li>\n<li>Invite <strong>not registered</strong> user to organization.</li>\n</ul>\n<h3>Verify that:</h3>\n<ul>\n<li>Newly invited user automatically is member of default project.</li>\n</ul></div>","status":"failed","statusMessage":"AssertionError: [AssertionError] during step: Create first project from main page\nMessage: [TimeoutError] during step: Wait for Create project popup disappear\nMessage: Locator.wait_for: Timeout 60ms exceeded.\nCall log:\n  - waiting for locator(\"h2\").filter(has_text=\"Create Project\") to be detached\n    3 × locator resolved to visible <h2 class=\"p-8 text-h4\">Create Project</h2>\n\nNote: Playwright Timeout. Element not found or action took too long.","statusTrace":"tests/reporting_hooks/reporting.py:49: in wrapper\n    result = await func(*args, **kwargs)\n             ^^^^^^^^^^^^^^^^^^^^^^^^^^^\ntests/test_cases/steps/ui_steps/page_steps_impl/create_proj_popup_steps.py:36: in ui_wait_to_disappear\n    await self._pm.create_proj_popup.wait_to_disappear(org_name=org_name)\ntests/components/ui/pages/create_project_popup.py:83: in wait_to_disappear\n    await self._get_create_proj_title().locator.wait_for(\n.venv/lib/python3.13/site-packages/playwright/async_api/_generated.py:17999: in wait_for\n    await self._impl_obj.wait_for(timeout=timeout, state=state)\n.venv/lib/python3.13/site-packages/playwright/_impl/_locator.py:710: in wait_for\n    await self._frame.wait_for_selector(\n.venv/lib/python3.13/site-packages/playwright/_impl/_frame.py:369: in wait_for_selector\n    await self._channel.send(\n.venv/lib/python3.13/site-packages/playwright/_impl/_connection.py:69: in send\n    return await self._connection.wrap_api_call(\n.venv/lib/python3.13/site-packages/playwright/_impl/_connection.py:559: in wrap_api_call\n    raise rewrite_error(error, f\"{parsed_st['apiName']}: {error}\") from None\nE   playwright._impl._errors.TimeoutError: Locator.wait_for: Timeout 60ms exceeded.\nE   Call log:\nE     - waiting for locator(\"h2\").filter(has_text=\"Create Project\") to be detached\nE       3 × locator resolved to visible <h2 class=\"p-8 text-h4\">Create Project</h2>\n\nThe above exception was the direct cause of the following exception:\ntests/reporting_hooks/reporting.py:49: in wrapper\n    result = await func(*args, **kwargs)\n             ^^^^^^^^^^^^^^^^^^^^^^^^^^^\ntests/test_cases/steps/ui_steps/ui_steps.py:247: in ui_create_first_proj_from_main_page\n    await self.create_proj_popup.ui_wait_to_disappear(org_name=org_name)\ntests/reporting_hooks/reporting.py:58: in wrapper\n    raise AssertionError(formatted_msg) from e\nE   AssertionError: [TimeoutError] during step: Wait for Create project popup disappear\nE   Message: Locator.wait_for: Timeout 60ms exceeded.\nE   Call log:\nE     - waiting for locator(\"h2\").filter(has_text=\"Create Project\") to be detached\nE       3 × locator resolved to visible <h2 class=\"p-8 text-h4\">Create Project</h2>\nE   \nE   Note: Playwright Timeout. Element not found or action took too long.\n\nThe above exception was the direct cause of the following exception:\ntests/test_cases/tests_ui/test_ui_signup.py:145: in test_invite_not_registered_user_to_org_with_default_proj\n    await steps.ui_create_first_proj_from_main_page(\ntests/reporting_hooks/reporting.py:58: in wrapper\n    raise AssertionError(formatted_msg) from e\nE   AssertionError: [AssertionError] during step: Create first project from main page\nE   Message: [TimeoutError] during step: Wait for Create project popup disappear\nE   Message: Locator.wait_for: Timeout 60ms exceeded.\nE   Call log:\nE     - waiting for locator(\"h2\").filter(has_text=\"Create Project\") to be detached\nE       3 × locator resolved to visible <h2 class=\"p-8 text-h4\">Create Project</h2>\nE   \nE   Note: Playwright Timeout. Element not found or action took too long.","flaky":false,"newFailed":false,"newBroken":false,"newPassed":false,"retriesCount":1,"retriesStatusChange":false,"beforeStages":[{"name":"_verify_url","time":{"start":1766367132401,"stop":1766367132401,"duration":0},"status":"passed","steps":[],"attachments":[],"parameters":[],"shouldDisplayMessage":false,"stepsCount":0,"attachmentsCount":0,"hasContent":false,"attachmentStep":false},{"name":"pytestconfig","time":{"start":1766367132401,"stop":1766367132401,"duration":0},"status":"passed","steps":[],"attachments":[],"parameters":[],"shouldDisplayMessage":false,"stepsCount":0,"attachmentsCount":0,"hasContent":false,"attachmentStep":false},{"name":"base_url","time":{"start":1766367132401,"stop":1766367132401,"duration":0},"status":"passed","steps":[],"attachments":[],"parameters":[],"shouldDisplayMessage":false,"stepsCount":0,"attachmentsCount":0,"hasContent":false,"attachmentStep":false},{"name":"delete_output_dir","time":{"start":1766367132401,"stop":1766367132402,"duration":1},"status":"passed","steps":[],"attachments":[],"parameters":[],"shouldDisplayMessage":false,"stepsCount":0,"attachmentsCount":0,"hasContent":false,"attachmentStep":false},{"name":"delay_worker_start","time":{"start":1766367132402,"stop":1766367132402,"duration":0},"status":"passed","steps":[],"attachments":[],"parameters":[],"shouldDisplayMessage":false,"stepsCount":0,"attachmentsCount":0,"hasContent":false,"attachmentStep":false},{"name":"event_loop_policy","time":{"start":1766367132402,"stop":1766367132402,"duration":0},"status":"passed","steps":[],"attachments":[],"parameters":[],"shouldDisplayMessage":false,"stepsCount":0,"attachmentsCount":0,"hasContent":false,"attachmentStep":false},{"name":"ensure_storage_directories","time":{"start":1766367132402,"stop":1766367132402,"duration":0},"status":"passed","steps":[],"attachments":[],"parameters":[],"shouldDisplayMessage":false,"stepsCount":0,"attachmentsCount":0,"hasContent":false,"attachmentStep":false},{"name":"test_config","time":{"start":1766372065383,"stop":1766372065387,"duration":4},"status":"passed","steps":[],"attachments":[],"parameters":[],"shouldDisplayMessage":false,"stepsCount":0,"attachmentsCount":0,"hasContent":false,"attachmentStep":false},{"name":"page_manager","time":{"start":1766372065387,"stop":1766372066234,"duration":847},"status":"passed","steps":[],"attachments":[],"parameters":[],"shouldDisplayMessage":false,"stepsCount":0,"attachmentsCount":0,"hasContent":false,"attachmentStep":false},{"name":"_function_scoped_runner","time":{"start":1766372065387,"stop":1766372065387,"duration":0},"status":"passed","steps":[],"attachments":[],"parameters":[],"shouldDisplayMessage":false,"stepsCount":0,"attachmentsCount":0,"hasContent":false,"attachmentStep":false},{"name":"data_manager","time":{"start":1766372066234,"stop":1766372066235,"duration":1},"status":"passed","steps":[],"attachments":[],"parameters":[],"shouldDisplayMessage":false,"stepsCount":0,"attachmentsCount":0,"hasContent":false,"attachmentStep":false},{"name":"users_manager","time":{"start":1766372066235,"stop":1766372066235,"duration":0},"status":"passed","steps":[],"attachments":[],"parameters":[],"shouldDisplayMessage":false,"stepsCount":0,"attachmentsCount":0,"hasContent":false,"attachmentStep":false},{"name":"apolo_cli","time":{"start":1766372066235,"stop":1766372066236,"duration":1},"status":"passed","steps":[],"attachments":[],"parameters":[],"shouldDisplayMessage":false,"stepsCount":0,"attachmentsCount":0,"hasContent":false,"attachmentStep":false},{"name":"api_helper","time":{"start":1766372066235,"stop":1766372066235,"duration":0},"status":"passed","steps":[],"attachments":[],"parameters":[],"shouldDisplayMessage":false,"stepsCount":0,"attachmentsCount":0,"hasContent":false,"attachmentStep":false},{"name":"setup_cleanup","time":{"start":1766372066236,"stop":1766372066236,"duration":0},"status":"passed","steps":[],"attachments":[],"parameters":[],"shouldDisplayMessage":false,"stepsCount":0,"attachmentsCount":0,"hasContent":false,"attachmentStep":false},{"name":"add_page_manager","time":{"start":1766372066236,"stop":1766372066236,"duration":0},"status":"passed","steps":[],"attachments":[],"parameters":[],"shouldDisplayMessage":false,"stepsCount":0,"attachmentsCount":0,"hasContent":false,"attachmentStep":false},{"name":"_inject_fixtures","time":{"start":1766372066236,"stop":1766372066237,"duration":1},"status":"passed","steps":[],"attachments":[],"parameters":[],"shouldDisplayMessage":false,"stepsCount":0,"attachmentsCount":0,"hasContent":false,"attachmentStep":false},{"name":"setup","time":{"start":1766372066237,"stop":1766372066237,"duration":0},"status":"passed","steps":[],"attachments":[],"parameters":[],"shouldDisplayMessage":false,"stepsCount":0,"attachmentsCount":0,"hasContent":false,"attachmentStep":false}],"testStage":{"description":"\n- Login with valid credentials.\n- Create new organization.\n- Create project with `default` option.\n- Invite **not registered** user to organization.\n\n### Verify that:\n\n- Newly invited user automatically is member of default project.\n","descriptionHtml":"<div style='line-height:1.6;'><ul>\n<li>Login with valid credentials.</li>\n<li>Create new organization.</li>\n<li>Create project with <span style='background-color:#D3D3D3; padding:2px 4px; border-radius:3px; font-family:monospace;'>default</span> option.</li>\n<li>Invite <strong>not registered</strong> user to organization.</li>\n</ul>\n<h3>Verify that:</h3>\n<ul>\n<li>Newly invited user automatically is member of default project.</li>\n</ul></div>","status":"failed","statusMessage":"AssertionError: [AssertionError] during step: Create first project from main page\nMessage: [TimeoutError] during step: Wait for Create project popup disappear\nMessage: Locator.wait_for: Timeout 60ms exceeded.\nCall log:\n  - waiting for locator(\"h2\").filter(has_text=\"Create Project\") to be detached\n    3 × locator resolved to visible <h2 class=\"p-8 text-h4\">Create Project</h2>\n\nNote: Playwright Timeout. Element not found or action took too long.","statusTrace":"tests/reporting_hooks/reporting.py:49: in wrapper\n    result = await func(*args, **kwargs)\n             ^^^^^^^^^^^^^^^^^^^^^^^^^^^\ntests/test_cases/steps/ui_steps/page_steps_impl/create_proj_popup_steps.py:36: in ui_wait_to_disappear\n    await self._pm.create_proj_popup.wait_to_disappear(org_name=org_name)\ntests/components/ui/pages/create_project_popup.py:83: in wait_to_disappear\n    await self._get_create_proj_title().locator.wait_for(\n.venv/lib/python3.13/site-packages/playwright/async_api/_generated.py:17999: in wait_for\n    await self._impl_obj.wait_for(timeout=timeout, state=state)\n.venv/lib/python3.13/site-packages/playwright/_impl/_locator.py:710: in wait_for\n    await self._frame.wait_for_selector(\n.venv/lib/python3.13/site-packages/playwright/_impl/_frame.py:369: in wait_for_selector\n    await self._channel.send(\n.venv/lib/python3.13/site-packages/playwright/_impl/_connection.py:69: in send\n    return await self._connection.wrap_api_call(\n.venv/lib/python3.13/site-packages/playwright/_impl/_connection.py:559: in wrap_api_call\n    raise rewrite_error(error, f\"{parsed_st['apiName']}: {error}\") from None\nE   playwright._impl._errors.TimeoutError: Locator.wait_for: Timeout 60ms exceeded.\nE   Call log:\nE     - waiting for locator(\"h2\").filter(has_text=\"Create Project\") to be detached\nE       3 × locator resolved to visible <h2 class=\"p-8 text-h4\">Create Project</h2>\n\nThe above exception was the direct cause of the following exception:\ntests/reporting_hooks/reporting.py:49: in wrapper\n    result = await func(*args, **kwargs)\n             ^^^^^^^^^^^^^^^^^^^^^^^^^^^\ntests/test_cases/steps/ui_steps/ui_steps.py:247: in ui_create_first_proj_from_main_page\n    await self.create_proj_popup.ui_wait_to_disappear(org_name=org_name)\ntests/reporting_hooks/reporting.py:58: in wrapper\n    raise AssertionError(formatted_msg) from e\nE   AssertionError: [TimeoutError] during step: Wait for Create project popup disappear\nE   Message: Locator.wait_for: Timeout 60ms exceeded.\nE   Call log:\nE     - waiting for locator(\"h2\").filter(has_text=\"Create Project\") to be detached\nE       3 × locator resolved to visible <h2 class=\"p-8 text-h4\">Create Project</h2>\nE   \nE   Note: Playwright Timeout. Element not found or action took too long.\n\nThe above exception was the direct cause of the following exception:\ntests/test_cases/tests_ui/test_ui_signup.py:145: in test_invite_not_registered_user_to_org_with_default_proj\n    await steps.ui_create_first_proj_from_main_page(\ntests/reporting_hooks/reporting.py:58: in wrapper\n    raise AssertionError(formatted_msg) from e\nE   AssertionError: [AssertionError] during step: Create first project from main page\nE   Message: [TimeoutError] during step: Wait for Create project popup disappear\nE   Message: Locator.wait_for: Timeout 60ms exceeded.\nE   Call log:\nE     - waiting for locator(\"h2\").filter(has_text=\"Create Project\") to be detached\nE       3 × locator resolved to visible <h2 class=\"p-8 text-h4\">Create Project</h2>\nE   \nE   Note: Playwright Timeout. Element not found or action took too long.","steps":[{"name":"Login via UI","time":{"start":1766372066238,"stop":1766372073038,"duration":6800},"status":"passed","steps":[{"name":"Verify that Auth page displayed","time":{"start":1766372066238,"stop":1766372067324,"duration":1086},"status":"passed","steps":[],"attachments":[{"uid":"fab6114370f9dd43","name":"Page URL","source":"fab6114370f9dd43.txt","type":"text/plain","size":29},{"uid":"e18f38750773d49d","name":"HTTP 200 - GET config","source":"e18f38750773d49d.txt","type":"text/plain","size":673},{"uid":"520ce1c7470e1a6a","name":"Screenshot: Verify that Auth page displayed (success)","source":"520ce1c7470e1a6a.png","type":"image/png","size":88563}],"parameters":[],"shouldDisplayMessage":false,"stepsCount":0,"attachmentsCount":3,"hasContent":true,"attachmentStep":false},{"name":"Click login button","time":{"start":1766372067324,"stop":1766372068535,"duration":1211},"status":"passed","steps":[],"attachments":[{"uid":"4898aba9e7ddb7fd","name":"Page URL","source":"4898aba9e7ddb7fd.txt","type":"text/plain","size":33},{"uid":"2503749234a30848","name":"Screenshot: Click login button (success)","source":"2503749234a30848.png","type":"image/png","size":41524}],"parameters":[],"shouldDisplayMessage":false,"stepsCount":0,"attachmentsCount":2,"hasContent":true,"attachmentStep":false},{"name":"Verify that Login page displayed","time":{"start":1766372068535,"stop":1766372068634,"duration":99},"status":"passed","steps":[],"attachments":[{"uid":"db441db40042f0c1","name":"Page URL","source":"db441db40042f0c1.txt","type":"text/plain","size":215},{"uid":"e4a5de487eefd4f3","name":"Screenshot: Verify that Login page displayed (success)","source":"e4a5de487eefd4f3.png","type":"image/png","size":41637}],"parameters":[],"shouldDisplayMessage":false,"stepsCount":0,"attachmentsCount":2,"hasContent":true,"attachmentStep":false},{"name":"Enter email","time":{"start":1766372068634,"stop":1766372068952,"duration":318},"status":"passed","steps":[],"attachments":[{"uid":"835f1810b94bf5a3","name":"Page URL","source":"835f1810b94bf5a3.txt","type":"text/plain","size":215},{"uid":"d2e1ef4fb6d78dcc","name":"Screenshot: Enter email (success)","source":"d2e1ef4fb6d78dcc.png","type":"image/png","size":46345}],"parameters":[],"shouldDisplayMessage":false,"stepsCount":0,"attachmentsCount":2,"hasContent":true,"attachmentStep":false},{"name":"Enter password","time":{"start":1766372068952,"stop":1766372069269,"duration":317},"status":"passed","steps":[],"attachments":[{"uid":"7b35f5ce7fac54ba","name":"Page URL","source":"7b35f5ce7fac54ba.txt","type":"text/plain","size":215},{"uid":"234d754227986f6b","name":"Screenshot: Enter password (success)","source":"234d754227986f6b.png","type":"image/png","size":46470}],"parameters":[],"shouldDisplayMessage":false,"stepsCount":0,"attachmentsCount":2,"hasContent":true,"attachmentStep":false},{"name":"Click Continue button","time":{"start":1766372069269,"stop":1766372071858,"duration":2589},"status":"passed","steps":[],"attachments":[{"uid":"285f98e48d8b0300","name":"Page URL","source":"285f98e48d8b0300.txt","type":"text/plain","size":215},{"uid":"befd946cd240bdaf","name":"HTTP 200 - GET config","source":"befd946cd240bdaf.txt","type":"text/plain","size":830},{"uid":"f782edcdbef4b1eb","name":"HTTP 200 - GET permissions?uri=blob:","source":"f782edcdbef4b1eb.txt","type":"text/plain","size":182},{"uid":"1ccefd1c9158bfce","name":"HTTP 200 - GET incoming","source":"1ccefd1c9158bfce.txt","type":"text/plain","size":156},{"uid":"5895424e796aab49","name":"HTTP 200 - GET regression-ubh349v01z?include=clusters&include=system_role","source":"5895424e796aab49.txt","type":"text/plain","size":407},{"uid":"ab77c39bb65790a0","name":"HTTP 200 - GET regression-ubh349v01z?include=orgs","source":"ab77c39bb65790a0.txt","type":"text/plain","size":379},{"uid":"c9c89fd512421ac8","name":"Screenshot: Click Continue button (success)","source":"c9c89fd512421ac8.png","type":"image/png","size":8511}],"parameters":[],"shouldDisplayMessage":false,"stepsCount":0,"attachmentsCount":7,"hasContent":true,"attachmentStep":false},{"name":"Verify that Welcome new user page displayed","time":{"start":1766372071866,"stop":1766372072956,"duration":1090},"status":"passed","steps":[],"attachments":[{"uid":"d99d6736d9dd3e92","name":"Page URL","source":"d99d6736d9dd3e92.txt","type":"text/plain","size":44},{"uid":"32cbc7817c1a96c5","name":"Screenshot: Verify that Welcome new user page displayed (success)","source":"32cbc7817c1a96c5.png","type":"image/png","size":161184}],"parameters":[],"shouldDisplayMessage":false,"stepsCount":0,"attachmentsCount":2,"hasContent":true,"attachmentStep":false}],"attachments":[{"uid":"7b99e8e8abe5ce24","name":"Page URL","source":"7b99e8e8abe5ce24.txt","type":"text/plain","size":29},{"uid":"53e5b55359b11bf4","name":"Screenshot: Login via UI (success)","source":"53e5b55359b11bf4.png","type":"image/png","size":161184}],"parameters":[],"shouldDisplayMessage":false,"stepsCount":7,"attachmentsCount":22,"hasContent":true,"attachmentStep":false},{"name":"Add organization via API and reload page","time":{"start":1766372073880,"stop":1766372094270,"duration":20390},"status":"passed","steps":[{"name":"Reload page","time":{"start":1766372092839,"stop":1766372094202,"duration":1363},"status":"passed","steps":[{"name":"Reload page","time":{"start":1766372092839,"stop":1766372094138,"duration":1299},"status":"passed","steps":[],"attachments":[{"uid":"3dad3345ead14939","name":"Page URL","source":"3dad3345ead14939.txt","type":"text/plain","size":44},{"uid":"2c0da7885200dba2","name":"HTTP 200 - GET config","source":"2c0da7885200dba2.txt","type":"text/plain","size":2137},{"uid":"d38bd35b1a63b63e","name":"HTTP 200 - GET incoming","source":"d38bd35b1a63b63e.txt","type":"text/plain","size":156},{"uid":"169500bf60fe4f09","name":"HTTP 200 - GET permissions?uri=blob:","source":"169500bf60fe4f09.txt","type":"text/plain","size":255},{"uid":"4668b341c956f528","name":"HTTP 200 - GET regression-ubh349v01z?include=orgs","source":"4668b341c956f528.txt","type":"text/plain","size":474},{"uid":"970bfaecff032d73","name":"HTTP 200 - GET regression-org-l2xqa8x2fi5t","source":"970bfaecff032d73.txt","type":"text/plain","size":444},{"uid":"7dc6ec2ddbe136e1","name":"HTTP 200 - GET regression-ubh349v01z?include=clusters&include=system_role","source":"7dc6ec2ddbe136e1.txt","type":"text/plain","size":529},{"uid":"41a13c5f406d8556","name":"HTTP 200 - GET tags","source":"41a13c5f406d8556.txt","type":"text/plain","size":948},{"uid":"192bd3a8a84f690","name":"Screenshot: Reload page (success)","source":"192bd3a8a84f690.png","type":"image/png","size":58654}],"parameters":[],"shouldDisplayMessage":false,"stepsCount":0,"attachmentsCount":9,"hasContent":true,"attachmentStep":false}],"attachments":[{"uid":"98cb8d6b8af70f62","name":"Page URL","source":"98cb8d6b8af70f62.txt","type":"text/plain","size":44},{"uid":"d738ae63207de092","name":"Screenshot: Reload page (success)","source":"d738ae63207de092.png","type":"image/png","size":58654}],"parameters":[],"shouldDisplayMessage":false,"stepsCount":1,"attachmentsCount":11,"hasContent":true,"attachmentStep":false}],"attachments":[{"uid":"4490ad0223307a1f","name":"Page URL","source":"4490ad0223307a1f.txt","type":"text/plain","size":44},{"uid":"41d35b2745c93ddf","name":"HTTP 200 - GET config","source":"41d35b2745c93ddf.txt","type":"text/plain","size":673},{"uid":"a23ace1975d54d8","name":"Screenshot: Add organization via API and reload page (success)","source":"a23ace1975d54d8.png","type":"image/png","size":58654}],"parameters":[],"shouldDisplayMessage":false,"stepsCount":2,"attachmentsCount":14,"hasContent":true,"attachmentStep":false},{"name":"Create first project from main page","time":{"start":1766372094270,"stop":1766372097496,"duration":3226},"status":"failed","statusMessage":"AssertionError: [AssertionError] during step: Create first project from main page\nMessage: [TimeoutError] during step: Wait for Create project popup disappear\nMessage: Locator.wait_for: Timeout 60ms exceeded.\nCall log:\n  - waiting for locator(\"h2\").filter(has_text=\"Create Project\") to be detached\n    3 × locator resolved to visible <h2 class=\"p-8 text-h4\">Create Project</h2>\n\nNote: Playwright Timeout. Element not found or action took too long.\n","statusTrace":"  File \"/home/runner/work/apolo-test-automation/apolo-test-automation/tests/reporting_hooks/reporting.py\", line 58, in wrapper\n    raise AssertionError(formatted_msg) from e\n","steps":[{"name":"Click Create project button on the main page","time":{"start":1766372094270,"stop":1766372095214,"duration":944},"status":"passed","steps":[],"attachments":[{"uid":"47d013b048b62cd2","name":"Page URL","source":"47d013b048b62cd2.txt","type":"text/plain","size":81},{"uid":"280b3be502a4a1f6","name":"Screenshot: Click Create project button on the main page (success)","source":"280b3be502a4a1f6.png","type":"image/png","size":79504}],"parameters":[],"shouldDisplayMessage":false,"stepsCount":0,"attachmentsCount":2,"hasContent":true,"attachmentStep":false},{"name":"Verify Create project popup displayed","time":{"start":1766372095214,"stop":1766372095312,"duration":98},"status":"passed","steps":[],"attachments":[{"uid":"b309c954ad2e1ccd","name":"Page URL","source":"b309c954ad2e1ccd.txt","type":"text/plain","size":81},{"uid":"9545464c93b2899f","name":"Screenshot: Verify Create project popup displayed (success)","source":"9545464c93b2899f.png","type":"image/png","size":79529}],"parameters":[],"shouldDisplayMessage":false,"stepsCount":0,"attachmentsCount":2,"hasContent":true,"attachmentStep":false},{"name":"Enter project name","time":{"start":1766372095313,"stop":1766372095647,"duration":334},"status":"passed","steps":[],"attachments":[{"uid":"14a0d8eae97315c9","name":"Page URL","source":"14a0d8eae97315c9.txt","type":"text/plain","size":81},{"uid":"7db7e6302fda42a1","name":"Screenshot: Enter project name (success)","source":"7db7e6302fda42a1.png","type":"image/png","size":82646}],"parameters":[],"shouldDisplayMessage":false,"stepsCount":0,"attachmentsCount":2,"hasContent":true,"attachmentStep":false},{"name":"Select user role","time":{"start":1766372095647,"stop":1766372095730,"duration":83},"status":"passed","steps":[],"attachments":[{"uid":"ebd64de17119579b","name":"Page URL","source":"ebd64de17119579b.txt","type":"text/plain","size":81},{"uid":"581dcfda1b7c0a8e","name":"Screenshot: Select user role (success)","source":"581dcfda1b7c0a8e.png","type":"image/png","size":82655}],"parameters":[],"shouldDisplayMessage":false,"stepsCount":0,"attachmentsCount":2,"hasContent":true,"attachmentStep":false},{"name":"Click project default checkbox","time":{"start":1766372095730,"stop":1766372096364,"duration":634},"status":"passed","steps":[],"attachments":[{"uid":"d8db2800877fb470","name":"Page URL","source":"d8db2800877fb470.txt","type":"text/plain","size":81},{"uid":"a2a3f8530a0315fc","name":"HTTP 404 - GET regression-proj-etftpclukk","source":"a2a3f8530a0315fc.txt","type":"text/plain","size":340},{"uid":"6da585d41cbecdb7","name":"Screenshot: Click project default checkbox (success)","source":"6da585d41cbecdb7.png","type":"image/png","size":82652}],"parameters":[],"shouldDisplayMessage":false,"stepsCount":0,"attachmentsCount":3,"hasContent":true,"attachmentStep":false},{"name":"Click Create button","time":{"start":1766372096364,"stop":1766372097280,"duration":916},"status":"passed","steps":[],"attachments":[{"uid":"e48b4bff7d142e9b","name":"Page URL","source":"e48b4bff7d142e9b.txt","type":"text/plain","size":81},{"uid":"93e53dfe5474595c","name":"Screenshot: Click Create button (success)","source":"93e53dfe5474595c.png","type":"image/png","size":81701}],"parameters":[],"shouldDisplayMessage":false,"stepsCount":0,"attachmentsCount":2,"hasContent":true,"attachmentStep":false},{"name":"Wait for Create project popup disappear","time":{"start":1766372097280,"stop":1766372097415,"duration":135},"status":"failed","statusMessage":"AssertionError: [TimeoutError] during step: Wait for Create project popup disappear\nMessage: Locator.wait_for: Timeout 60ms exceeded.\nCall log:\n  - waiting for locator(\"h2\").filter(has_text=\"Create Project\") to be detached\n    3 × locator resolved to visible <h2 class=\"p-8 text-h4\">Create Project</h2>\n\nNote: Playwright Timeout. Element not found or action took too long.\n","statusTrace":"  File \"/home/runner/work/apolo-test-automation/apolo-test-automation/tests/reporting_hooks/reporting.py\", line 58, in wrapper\n    raise AssertionError(formatted_msg) from e\n","steps":[],"attachments":[{"uid":"bbd983e3a036fe0b","name":"Page URL","source":"bbd983e3a036fe0b.txt","type":"text/plain","size":81},{"uid":"d2165a550b7fd19d","name":"Screenshot: Wait for Create project popup disappear (fail)","source":"d2165a550b7fd19d.png","type":"image/png","size":81695}],"parameters":[],"shouldDisplayMessage":true,"stepsCount":0,"attachmentsCount":2,"hasContent":true,"attachmentStep":false}],"attachments":[{"uid":"ca95d4e71dd4ca59","name":"Page URL","source":"ca95d4e71dd4ca59.txt","type":"text/plain","size":81},{"uid":"e4091424a0b69fb5","name":"Screenshot: Create first project from main page (fail)","source":"e4091424a0b69fb5.png","type":"image/png","size":81658}],"parameters":[],"shouldDisplayMessage":true,"stepsCount":7,"attachmentsCount":17,"hasContent":true,"attachmentStep":false}],"attachments":[{"uid":"7810d36bb387af63","name":"log","source":"7810d36bb387af63.txt","type":"text/plain","size":47717}],"parameters":[],"shouldDisplayMessage":true,"stepsCount":19,"attachmentsCount":54,"hasContent":true,"attachmentStep":false},"afterStages":[{"name":"setup_cleanup::finalizer","time":{"start":1766372097646,"stop":1766372097646,"duration":0},"status":"passed","steps":[],"attachments":[],"parameters":[],"shouldDisplayMessage":false,"stepsCount":0,"attachmentsCount":0,"hasContent":false,"attachmentStep":false},{"name":"setup_cleanup::finalizer","time":{"start":1766372097646,"stop":1766372102016,"duration":4370},"status":"passed","steps":[{"name":"Post-test cleanup","time":{"start":1766372097646,"stop":1766372102016,"duration":4370},"status":"passed","steps":[{"name":"Delete organisation: regression-org-l2xqa8x2fi5t","time":{"start":1766372101151,"stop":1766372101938,"duration":787},"status":"passed","steps":[],"attachments":[],"parameters":[],"shouldDisplayMessage":false,"stepsCount":0,"attachmentsCount":0,"hasContent":false,"attachmentStep":false}],"attachments":[],"parameters":[],"shouldDisplayMessage":false,"stepsCount":1,"attachmentsCount":0,"hasContent":true,"attachmentStep":false}],"attachments":[],"parameters":[],"shouldDisplayMessage":false,"stepsCount":2,"attachmentsCount":0,"hasContent":true,"attachmentStep":false},{"name":"add_page_manager::finalizer","time":{"start":1766372097646,"stop":1766372097646,"duration":0},"status":"passed","steps":[],"attachments":[],"parameters":[],"shouldDisplayMessage":false,"stepsCount":0,"attachmentsCount":0,"hasContent":false,"attachmentStep":false},{"name":"api_helper::finalizer","time":{"start":1766372102017,"stop":1766372102018,"duration":1},"status":"passed","steps":[],"attachments":[],"parameters":[],"shouldDisplayMessage":false,"stepsCount":0,"attachmentsCount":0,"hasContent":false,"attachmentStep":false},{"name":"_function_scoped_runner::0","time":{"start":1766372102019,"stop":1766372102019,"duration":0},"status":"passed","steps":[],"attachments":[],"parameters":[],"shouldDisplayMessage":false,"stepsCount":0,"attachmentsCount":0,"hasContent":false,"attachmentStep":false}],"labels":[{"name":"suite","value":"UI Signup"},{"name":"parentSuite","value":"UI Tests"},{"name":"tag","value":"asyncio"},{"name":"subSuite","value":"TestUISignup"},{"name":"host","value":"runnervmh13bl"},{"name":"thread","value":"3058-MainThread"},{"name":"framework","value":"pytest"},{"name":"language","value":"cpython3"},{"name":"package","value":"tests.test_cases.tests_ui.test_ui_signup"},{"name":"resultFormat","value":"allure2"}],"parameters":[],"links":[],"hidden":false,"retry":false,"extra":{"severity":"normal","retries":[{"uid":"882579b8478725a8","status":"failed","statusDetails":"AssertionError: [AssertionError] during step: Create first project from main page\nMessage: [TimeoutError] during step: Wait for Create project popup disappear\nMessage: Locator.wait_for: Timeout 60ms exceeded.\nCall log:\n  - waiting for locator(\"h2\").filter(has_text=\"Create Project\") to be detached\n    3 × locator resolved to visible <h2 class=\"p-8 text-h4\">Create Project</h2>\n\nNote: Playwright Timeout. Element not found or action took too long.","time":{"start":1766372008728,"stop":1766372048438,"duration":39710}}],"categories":[{"name":"Product defects","matchedStatuses":[],"flaky":false}],"history":{"statistic":{"failed":59,"broken":0,"skipped":0,"passed":84,"unknown":0,"total":143},"items":[{"uid":"55a023b5ca917d2b","status":"failed","statusDetails":"AssertionError: [AssertionError] during step: Login via UI\nMessage: [AssertionError] during step: Verify that Welcome new user page displayed\nMessage: Locator expected to be visible\nActual value: None\nError: element(s) not found \nCall log:\n  - Expect \"to_be_visible\" with timeout 5000ms\n  - waiting for locator(\"h3.truncate.text-h3\").filter(has_text=\"Welcome, regression-hvnh54wnf0@apolo.us\")","time":{"start":1766286344728,"stop":1766286365836,"duration":21108}},{"uid":"83e21a00901f6e08","status":"failed","statusDetails":"AssertionError: [AssertionError] during step: Login via UI\nMessage: [AssertionError] during step: Verify that Auth page displayed\nMessage: Auth page should be displayed!","time":{"start":1766199770541,"stop":1766199951059,"duration":180518}},{"uid":"fabc3d84db59c4dd","status":"failed","statusDetails":"AssertionError: [AssertionError] during step: Login via UI\nMessage: [AssertionError] during step: Verify that Welcome new user page displayed\nMessage: Locator expected to be visible\nActual value: None\nError: element(s) not found \nCall log:\n  - Expect \"to_be_visible\" with timeout 5000ms\n  - waiting for locator(\"h3.truncate.text-h3\").filter(has_text=\"Welcome, regression-99fmo3tbgf@apolo.us\")","time":{"start":1766113379391,"stop":1766113391310,"duration":11919}},{"uid":"d81c0ac63c296684","status":"failed","statusDetails":"AssertionError: [AssertionError] during step: Login via UI\nMessage: [AssertionError] during step: Verify that Welcome new user page displayed\nMessage: Locator expected to be visible\nActual value: None\nError: element(s) not found \nCall log:\n  - Expect \"to_be_visible\" with timeout 5000ms\n  - waiting for locator(\"h3.truncate.text-h3\").filter(has_text=\"Welcome, regression-usbb6k5b23@apolo.us\")","time":{"start":1766026417813,"stop":1766026430992,"duration":13179}},{"uid":"672379c03e56269","status":"failed","statusDetails":"AssertionError: [AssertionError] during step: Login via UI\nMessage: [AssertionError] during step: Verify that Welcome new user page displayed\nMessage: Locator expected to be visible\nActual value: None\nError: element(s) not found \nCall log:\n  - Expect \"to_be_visible\" with timeout 5000ms\n  - waiting for locator(\"h3.truncate.text-h3\").filter(has_text=\"Welcome, regression-vpy9azbpqx@apolo.us\")","time":{"start":1765940981224,"stop":1765940993846,"duration":12622}},{"uid":"b1626893a4db8915","status":"failed","statusDetails":"AssertionError: [AssertionError] during step: Create first project from main page\nMessage: [TimeoutError] during step: Wait for Create project popup disappear\nMessage: Locator.wait_for: Timeout 60ms exceeded.\nCall log:\n  - waiting for locator(\"h2\").filter(has_text=\"Create Project\") to be detached\n    3 × locator resolved to visible <h2 class=\"p-8 text-h4\">Create Project</h2>\n\nNote: Playwright Timeout. Element not found or action took too long.","time":{"start":1765854079001,"stop":1765854151204,"duration":72203}},{"uid":"4ef2a3867265dcdf","status":"failed","statusDetails":"AssertionError: [AssertionError] during step: Login via UI\nMessage: [AssertionError] during step: Verify that Welcome new user page displayed\nMessage: Locator expected to be visible\nActual value: None\nError: element(s) not found \nCall log:\n  - Expect \"to_be_visible\" with timeout 5000ms\n  - waiting for locator(\"h3.truncate.text-h3\").filter(has_text=\"Welcome, regression-iqqs1srdl3@apolo.us\")","time":{"start":1765769702134,"stop":1765769714751,"duration":12617}},{"uid":"a2f2e2b8aa7da764","status":"failed","statusDetails":"AssertionError: [AssertionError] during step: Login via UI\nMessage: [AssertionError] during step: Verify that Welcome new user page displayed\nMessage: Locator expected to be visible\nActual value: None\nError: element(s) not found \nCall log:\n  - Expect \"to_be_visible\" with timeout 5000ms\n  - waiting for locator(\"h3.truncate.text-h3\").filter(has_text=\"Welcome, regression-d8naj4zl2m@apolo.us\")","time":{"start":1765683831971,"stop":1765683844101,"duration":12130}},{"uid":"45cf7c5fa64afe78","status":"failed","statusDetails":"AssertionError: [AssertionError] during step: Login via UI\nMessage: [AssertionError] during step: Verify that Welcome new user page displayed\nMessage: Locator expected to be visible\nActual value: None\nError: element(s) not found \nCall log:\n  - Expect \"to_be_visible\" with timeout 5000ms\n  - waiting for locator(\"h3.truncate.text-h3\").filter(has_text=\"Welcome, regression-lqc4ldj7b1@apolo.us\")","time":{"start":1765597430556,"stop":1765597443407,"duration":12851}},{"uid":"55d14a00e735643d","status":"failed","statusDetails":"AssertionError: [AssertionError] during step: Login via UI\nMessage: [AssertionError] during step: Verify that Welcome new user page displayed\nMessage: Locator expected to be visible\nActual value: None\nError: element(s) not found \nCall log:\n  - Expect \"to_be_visible\" with timeout 5000ms\n  - waiting for locator(\"h3.truncate.text-h3\").filter(has_text=\"Welcome, regression-2baxifl7pi@apolo.us\")","time":{"start":1765511077141,"stop":1765511089252,"duration":12111}},{"uid":"178e8858f8c8d459","status":"failed","statusDetails":"AssertionError: [AssertionError] during step: Create first project from main page\nMessage: [TimeoutError] during step: Wait for Create project popup disappear\nMessage: Locator.wait_for: Timeout 60ms exceeded.\nCall log:\n  - waiting for locator(\"h2\").filter(has_text=\"Create Project\") to be detached\n    3 × locator resolved to visible <h2 class=\"p-8 text-h4\">Create Project</h2>\n\nNote: Playwright Timeout. Element not found or action took too long.","time":{"start":1765337025456,"stop":1765337069004,"duration":43548}},{"uid":"d14385d8cb72fac9","status":"failed","statusDetails":"AssertionError: [AssertionError] during step: Create first project from main page\nMessage: [TimeoutError] during step: Wait for Create project popup disappear\nMessage: Locator.wait_for: Timeout 60ms exceeded.\nCall log:\n  - waiting for locator(\"h2\").filter(has_text=\"Create Project\") to be detached\n    3 × locator resolved to visible <h2 class=\"p-8 text-h4\">Create Project</h2>\n\nNote: Playwright Timeout. Element not found or action took too long.","time":{"start":1765249309047,"stop":1765249349022,"duration":39975}},{"uid":"10e9edfe80b8923a","status":"failed","statusDetails":"AssertionError: [AssertionError] during step: Login via UI\nMessage: [AssertionError] during step: Verify that Welcome new user page displayed\nMessage: Locator expected to be visible\nActual value: None\nError: element(s) not found \nCall log:\n  - Expect \"to_be_visible\" with timeout 5000ms\n  - waiting for locator(\"h3.truncate.text-h3\").filter(has_text=\"Welcome, regression-sk9eoyic11@apolo.us\")","time":{"start":1765164110839,"stop":1765164122876,"duration":12037}},{"uid":"c7782f938569370c","status":"failed","statusDetails":"AssertionError: [AssertionError] during step: Create first project from main page\nMessage: [TimeoutError] during step: Wait for Create project popup disappear\nMessage: Locator.wait_for: Timeout 60ms exceeded.\nCall log:\n  - waiting for locator(\"h2\").filter(has_text=\"Create Project\") to be detached\n    3 × locator resolved to visible <h2 class=\"p-8 text-h4\">Create Project</h2>\n\nNote: Playwright Timeout. Element not found or action took too long.","time":{"start":1765077450335,"stop":1765077508136,"duration":57801}},{"uid":"8ef3d76a050aa384","status":"failed","statusDetails":"AssertionError: [AssertionError] during step: Login via UI\nMessage: [AssertionError] during step: Verify that Welcome new user page displayed\nMessage: Locator expected to be visible\nActual value: None\nError: element(s) not found \nCall log:\n  - Expect \"to_be_visible\" with timeout 5000ms\n  - waiting for locator(\"h3.truncate.text-h3\").filter(has_text=\"Welcome, regression-krolx0lfl3@apolo.us\")","time":{"start":1764989495380,"stop":1764989506366,"duration":10986}},{"uid":"affa312f9deac35f","status":"failed","statusDetails":"AssertionError: [AssertionError] during step: Create first project from main page\nMessage: [TimeoutError] during step: Wait for Create project popup disappear\nMessage: Locator.wait_for: Timeout 60ms exceeded.\nCall log:\n  - waiting for locator(\"h2\").filter(has_text=\"Create Project\") to be detached\n    3 × locator resolved to visible <h2 class=\"p-8 text-h4\">Create Project</h2>\n\nNote: Playwright Timeout. Element not found or action took too long.","time":{"start":1764903929093,"stop":1764903983443,"duration":54350}},{"uid":"ed00cabe28620154","status":"failed","statusDetails":"AssertionError: [AssertionError] during step: Create first project from main page\nMessage: [TimeoutError] during step: Wait for Create project popup disappear\nMessage: Locator.wait_for: Timeout 60ms exceeded.\nCall log:\n  - waiting for locator(\"h2\").filter(has_text=\"Create Project\") to be detached\n    3 × locator resolved to visible <h2 class=\"p-8 text-h4\">Create Project</h2>\n\nNote: Playwright Timeout. Element not found or action took too long.","time":{"start":1764818292218,"stop":1764818333473,"duration":41255}},{"uid":"922b2d15bea9c065","status":"failed","statusDetails":"AssertionError: [AssertionError] during step: Login via UI\nMessage: [AssertionError] during step: Verify that Welcome new user page displayed\nMessage: Locator expected to be visible\nActual value: None\nError: element(s) not found \nCall log:\n  - Expect \"to_be_visible\" with timeout 5000ms\n  - waiting for locator(\"h3.truncate.text-h3\").filter(has_text=\"Welcome, regression-dzzersx9xr@apolo.us\")","time":{"start":1764731278007,"stop":1764731299134,"duration":21127}},{"uid":"8a0101e36b59ef43","status":"failed","statusDetails":"AssertionError: [AssertionError] during step: Login via UI\nMessage: [AssertionError] during step: Verify that Welcome new user page displayed\nMessage: Locator expected to be visible\nActual value: None\nError: element(s) not found \nCall log:\n  - Expect \"to_be_visible\" with timeout 5000ms\n  - waiting for locator(\"h3.truncate.text-h3\").filter(has_text=\"Welcome, regression-g27py3wvrj@apolo.us\")","time":{"start":1764644480497,"stop":1764644493814,"duration":13317}},{"uid":"f893876cdd7c3c79","status":"failed","statusDetails":"AssertionError: [AssertionError] during step: Create first project from main page\nMessage: [TimeoutError] during step: Wait for Create project popup disappear\nMessage: Locator.wait_for: Timeout 60ms exceeded.\nCall log:\n  - waiting for locator(\"h2\").filter(has_text=\"Create Project\") to be detached\n    3 × locator resolved to visible <h2 class=\"p-8 text-h4\">Create Project</h2>\n\nNote: Playwright Timeout. Element not found or action took too long.","time":{"start":1764559969956,"stop":1764560020881,"duration":50925}}]},"tags":["asyncio"]},"source":"896e5e3b059ae28c.json","parameterValues":[]}