{"uid":"90af829870f033bf","name":"Import Shell app config via UI","fullName":"tests.test_cases.tests_e2e.test_shell_app.TestE2EShellApp#test_import_shell_app_config_via_ui","historyId":"661c27440c83f762e81af70d1545562f","time":{"start":1767153270253,"stop":1767153351842,"duration":81589},"description":"\n- Login with valid credentials.\n- Create new organization via **API**.\n- Create new project via **API**.\n- Import Shell app config via UI.\n\n### Verify that:\n\n- Install required data is the same as in imported config.\n","descriptionHtml":"<div style='line-height:1.6;'><ul>\n<li>Login with valid credentials.</li>\n<li>Create new organization via <strong>API</strong>.</li>\n<li>Create new project via <strong>API</strong>.</li>\n<li>Import Shell app config via UI.</li>\n</ul>\n<h3>Verify that:</h3>\n<ul>\n<li>Install required data is the same as in imported config.</li>\n</ul></div>","status":"failed","statusMessage":"AssertionError: [TimeoutError] during step: Click Apply config button\nMessage: Element not ready for click after 10000ms: <Locator frame=<Frame name= url='https://console.dev.apolo.us/apps/shell/install?cluster=default&project=regression-proj-bzs3vgqxm6&org=regression-org-va58j7yth9ur'> selector='internal:role=button[name=\"Apply config\"i]'>\nLast error: Locator expected to be enabled\nActual value: disabled \nCall log:\n  - Expect \"to_be_enabled\" with timeout 500ms\n  - waiting for get_by_role(\"button\", name=\"Apply config\")\n    4 × locator resolved to <button disabled type=\"button\" class=\"relative inline-flex cursor-pointer items-center justify-center rounded-xl py-1 transition-colors text-button h-12 gap-2 bg-primary text-white hover:bg-primary-medium active:bg-primary-dark disabled:bg-neural-01 disabled:text-neural-03 px-10 capitalize pointer-events-none\">Apply config</button>\n      - unexpected value \"disabled\"","statusTrace":"tests/reporting_hooks/reporting.py:49: in wrapper\n    result = await func(*args, **kwargs)\n             ^^^^^^^^^^^^^^^^^^^^^^^^^^^\ntests/test_cases/steps/ui_steps/page_steps_impl/apps/app_import_config_popup_steps.py:26: in ui_click_apply_config_btn\n    await self._pm.import_app_config_popup.click_apply_config_btn()\ntests/components/ui/pages/apps/import_app_config_popup.py:73: in click_apply_config_btn\n    await self._get_apply_config_btn().click()\ntests/components/ui/pages/base_element.py:90: in click\n    raise TimeoutError(\nE   TimeoutError: Element not ready for click after 10000ms: <Locator frame=<Frame name= url='https://console.dev.apolo.us/apps/shell/install?cluster=default&project=regression-proj-bzs3vgqxm6&org=regression-org-va58j7yth9ur'> selector='internal:role=button[name=\"Apply config\"i]'>\nE   Last error: Locator expected to be enabled\nE   Actual value: disabled \nE   Call log:\nE     - Expect \"to_be_enabled\" with timeout 500ms\nE     - waiting for get_by_role(\"button\", name=\"Apply config\")\nE       4 × locator resolved to <button disabled type=\"button\" class=\"relative inline-flex cursor-pointer items-center justify-center rounded-xl py-1 transition-colors text-button h-12 gap-2 bg-primary text-white hover:bg-primary-medium active:bg-primary-dark disabled:bg-neural-01 disabled:text-neural-03 px-10 capitalize pointer-events-none\">Apply config</button>\nE         - unexpected value \"disabled\"\n\nThe above exception was the direct cause of the following exception:\ntests/test_cases/tests_e2e/test_shell_app.py:627: in test_import_shell_app_config_via_ui\n    await ui_steps.import_app_config_popup.ui_click_apply_config_btn()\ntests/reporting_hooks/reporting.py:58: in wrapper\n    raise AssertionError(formatted_msg) from e\nE   AssertionError: [TimeoutError] during step: Click Apply config button\nE   Message: Element not ready for click after 10000ms: <Locator frame=<Frame name= url='https://console.dev.apolo.us/apps/shell/install?cluster=default&project=regression-proj-bzs3vgqxm6&org=regression-org-va58j7yth9ur'> selector='internal:role=button[name=\"Apply config\"i]'>\nE   Last error: Locator expected to be enabled\nE   Actual value: disabled \nE   Call log:\nE     - Expect \"to_be_enabled\" with timeout 500ms\nE     - waiting for get_by_role(\"button\", name=\"Apply config\")\nE       4 × locator resolved to <button disabled type=\"button\" class=\"relative inline-flex cursor-pointer items-center justify-center rounded-xl py-1 transition-colors text-button h-12 gap-2 bg-primary text-white hover:bg-primary-medium active:bg-primary-dark disabled:bg-neural-01 disabled:text-neural-03 px-10 capitalize pointer-events-none\">Apply config</button>\nE         - unexpected value \"disabled\"","flaky":false,"newFailed":false,"newBroken":false,"newPassed":false,"retriesCount":0,"retriesStatusChange":false,"beforeStages":[{"name":"_verify_url","time":{"start":1767144721021,"stop":1767144721021,"duration":0},"status":"passed","steps":[],"attachments":[],"parameters":[],"shouldDisplayMessage":false,"stepsCount":0,"attachmentsCount":0,"hasContent":false,"attachmentStep":false},{"name":"base_url","time":{"start":1767144721021,"stop":1767144721021,"duration":0},"status":"passed","steps":[],"attachments":[],"parameters":[],"shouldDisplayMessage":false,"stepsCount":0,"attachmentsCount":0,"hasContent":false,"attachmentStep":false},{"name":"ensure_storage_directories","time":{"start":1767144721022,"stop":1767144721022,"duration":0},"status":"passed","steps":[],"attachments":[],"parameters":[],"shouldDisplayMessage":false,"stepsCount":0,"attachmentsCount":0,"hasContent":false,"attachmentStep":false},{"name":"pytestconfig","time":{"start":1767144721022,"stop":1767144721022,"duration":0},"status":"passed","steps":[],"attachments":[],"parameters":[],"shouldDisplayMessage":false,"stepsCount":0,"attachmentsCount":0,"hasContent":false,"attachmentStep":false},{"name":"delay_worker_start","time":{"start":1767144721022,"stop":1767144721022,"duration":0},"status":"passed","steps":[],"attachments":[],"parameters":[],"shouldDisplayMessage":false,"stepsCount":0,"attachmentsCount":0,"hasContent":false,"attachmentStep":false},{"name":"delete_output_dir","time":{"start":1767144721022,"stop":1767144721022,"duration":0},"status":"passed","steps":[],"attachments":[],"parameters":[],"shouldDisplayMessage":false,"stepsCount":0,"attachmentsCount":0,"hasContent":false,"attachmentStep":false},{"name":"event_loop_policy","time":{"start":1767144721022,"stop":1767144721022,"duration":0},"status":"passed","steps":[],"attachments":[],"parameters":[],"shouldDisplayMessage":false,"stepsCount":0,"attachmentsCount":0,"hasContent":false,"attachmentStep":false},{"name":"test_config","time":{"start":1767153269546,"stop":1767153269549,"duration":3},"status":"passed","steps":[],"attachments":[],"parameters":[],"shouldDisplayMessage":false,"stepsCount":0,"attachmentsCount":0,"hasContent":false,"attachmentStep":false},{"name":"_function_scoped_runner","time":{"start":1767153269550,"stop":1767153269550,"duration":0},"status":"passed","steps":[],"attachments":[],"parameters":[],"shouldDisplayMessage":false,"stepsCount":0,"attachmentsCount":0,"hasContent":false,"attachmentStep":false},{"name":"page_manager","time":{"start":1767153269550,"stop":1767153270249,"duration":699},"status":"passed","steps":[],"attachments":[],"parameters":[],"shouldDisplayMessage":false,"stepsCount":0,"attachmentsCount":0,"hasContent":false,"attachmentStep":false},{"name":"data_manager","time":{"start":1767153270249,"stop":1767153270249,"duration":0},"status":"passed","steps":[],"attachments":[],"parameters":[],"shouldDisplayMessage":false,"stepsCount":0,"attachmentsCount":0,"hasContent":false,"attachmentStep":false},{"name":"users_manager","time":{"start":1767153270249,"stop":1767153270250,"duration":1},"status":"passed","steps":[],"attachments":[],"parameters":[],"shouldDisplayMessage":false,"stepsCount":0,"attachmentsCount":0,"hasContent":false,"attachmentStep":false},{"name":"api_helper","time":{"start":1767153270250,"stop":1767153270250,"duration":0},"status":"passed","steps":[],"attachments":[],"parameters":[],"shouldDisplayMessage":false,"stepsCount":0,"attachmentsCount":0,"hasContent":false,"attachmentStep":false},{"name":"apolo_cli","time":{"start":1767153270250,"stop":1767153270251,"duration":1},"status":"passed","steps":[],"attachments":[],"parameters":[],"shouldDisplayMessage":false,"stepsCount":0,"attachmentsCount":0,"hasContent":false,"attachmentStep":false},{"name":"setup_cleanup","time":{"start":1767153270251,"stop":1767153270251,"duration":0},"status":"passed","steps":[],"attachments":[],"parameters":[],"shouldDisplayMessage":false,"stepsCount":0,"attachmentsCount":0,"hasContent":false,"attachmentStep":false},{"name":"_inject_fixtures","time":{"start":1767153270252,"stop":1767153270252,"duration":0},"status":"passed","steps":[],"attachments":[],"parameters":[],"shouldDisplayMessage":false,"stepsCount":0,"attachmentsCount":0,"hasContent":false,"attachmentStep":false},{"name":"add_page_manager","time":{"start":1767153270252,"stop":1767153270252,"duration":0},"status":"passed","steps":[],"attachments":[],"parameters":[],"shouldDisplayMessage":false,"stepsCount":0,"attachmentsCount":0,"hasContent":false,"attachmentStep":false},{"name":"setup","time":{"start":1767153270252,"stop":1767153270252,"duration":0},"status":"passed","steps":[],"attachments":[],"parameters":[],"shouldDisplayMessage":false,"stepsCount":0,"attachmentsCount":0,"hasContent":false,"attachmentStep":false}],"testStage":{"description":"\n- Login with valid credentials.\n- Create new organization via **API**.\n- Create new project via **API**.\n- Import Shell app config via UI.\n\n### Verify that:\n\n- Install required data is the same as in imported config.\n","descriptionHtml":"<div style='line-height:1.6;'><ul>\n<li>Login with valid credentials.</li>\n<li>Create new organization via <strong>API</strong>.</li>\n<li>Create new project via <strong>API</strong>.</li>\n<li>Import Shell app config via UI.</li>\n</ul>\n<h3>Verify that:</h3>\n<ul>\n<li>Install required data is the same as in imported config.</li>\n</ul></div>","status":"failed","statusMessage":"AssertionError: [TimeoutError] during step: Click Apply config button\nMessage: Element not ready for click after 10000ms: <Locator frame=<Frame name= url='https://console.dev.apolo.us/apps/shell/install?cluster=default&project=regression-proj-bzs3vgqxm6&org=regression-org-va58j7yth9ur'> selector='internal:role=button[name=\"Apply config\"i]'>\nLast error: Locator expected to be enabled\nActual value: disabled \nCall log:\n  - Expect \"to_be_enabled\" with timeout 500ms\n  - waiting for get_by_role(\"button\", name=\"Apply config\")\n    4 × locator resolved to <button disabled type=\"button\" class=\"relative inline-flex cursor-pointer items-center justify-center rounded-xl py-1 transition-colors text-button h-12 gap-2 bg-primary text-white hover:bg-primary-medium active:bg-primary-dark disabled:bg-neural-01 disabled:text-neural-03 px-10 capitalize pointer-events-none\">Apply config</button>\n      - unexpected value \"disabled\"","statusTrace":"tests/reporting_hooks/reporting.py:49: in wrapper\n    result = await func(*args, **kwargs)\n             ^^^^^^^^^^^^^^^^^^^^^^^^^^^\ntests/test_cases/steps/ui_steps/page_steps_impl/apps/app_import_config_popup_steps.py:26: in ui_click_apply_config_btn\n    await self._pm.import_app_config_popup.click_apply_config_btn()\ntests/components/ui/pages/apps/import_app_config_popup.py:73: in click_apply_config_btn\n    await self._get_apply_config_btn().click()\ntests/components/ui/pages/base_element.py:90: in click\n    raise TimeoutError(\nE   TimeoutError: Element not ready for click after 10000ms: <Locator frame=<Frame name= url='https://console.dev.apolo.us/apps/shell/install?cluster=default&project=regression-proj-bzs3vgqxm6&org=regression-org-va58j7yth9ur'> selector='internal:role=button[name=\"Apply config\"i]'>\nE   Last error: Locator expected to be enabled\nE   Actual value: disabled \nE   Call log:\nE     - Expect \"to_be_enabled\" with timeout 500ms\nE     - waiting for get_by_role(\"button\", name=\"Apply config\")\nE       4 × locator resolved to <button disabled type=\"button\" class=\"relative inline-flex cursor-pointer items-center justify-center rounded-xl py-1 transition-colors text-button h-12 gap-2 bg-primary text-white hover:bg-primary-medium active:bg-primary-dark disabled:bg-neural-01 disabled:text-neural-03 px-10 capitalize pointer-events-none\">Apply config</button>\nE         - unexpected value \"disabled\"\n\nThe above exception was the direct cause of the following exception:\ntests/test_cases/tests_e2e/test_shell_app.py:627: in test_import_shell_app_config_via_ui\n    await ui_steps.import_app_config_popup.ui_click_apply_config_btn()\ntests/reporting_hooks/reporting.py:58: in wrapper\n    raise AssertionError(formatted_msg) from e\nE   AssertionError: [TimeoutError] during step: Click Apply config button\nE   Message: Element not ready for click after 10000ms: <Locator frame=<Frame name= url='https://console.dev.apolo.us/apps/shell/install?cluster=default&project=regression-proj-bzs3vgqxm6&org=regression-org-va58j7yth9ur'> selector='internal:role=button[name=\"Apply config\"i]'>\nE   Last error: Locator expected to be enabled\nE   Actual value: disabled \nE   Call log:\nE     - Expect \"to_be_enabled\" with timeout 500ms\nE     - waiting for get_by_role(\"button\", name=\"Apply config\")\nE       4 × locator resolved to <button disabled type=\"button\" class=\"relative inline-flex cursor-pointer items-center justify-center rounded-xl py-1 transition-colors text-button h-12 gap-2 bg-primary text-white hover:bg-primary-medium active:bg-primary-dark disabled:bg-neural-01 disabled:text-neural-03 px-10 capitalize pointer-events-none\">Apply config</button>\nE         - unexpected value \"disabled\"","steps":[{"name":"Login via UI","time":{"start":1767153270254,"stop":1767153275973,"duration":5719},"status":"passed","steps":[{"name":"Verify that Auth page displayed","time":{"start":1767153270254,"stop":1767153271338,"duration":1084},"status":"passed","steps":[],"attachments":[{"uid":"a5aa87ed433eface","name":"Page URL","source":"a5aa87ed433eface.txt","type":"text/plain","size":29},{"uid":"2ae0f355150a7a15","name":"HTTP 200 - GET config","source":"2ae0f355150a7a15.txt","type":"text/plain","size":673},{"uid":"65abdb94358c3fd4","name":"Screenshot: Verify that Auth page displayed (success)","source":"65abdb94358c3fd4.png","type":"image/png","size":88563}],"parameters":[],"shouldDisplayMessage":false,"stepsCount":0,"attachmentsCount":3,"hasContent":true,"attachmentStep":false},{"name":"Click login button","time":{"start":1767153271338,"stop":1767153272371,"duration":1033},"status":"passed","steps":[],"attachments":[{"uid":"7ff6fc11cf20befb","name":"Page URL","source":"7ff6fc11cf20befb.txt","type":"text/plain","size":33},{"uid":"fec7aeab51a8af69","name":"Screenshot: Click login button (success)","source":"fec7aeab51a8af69.png","type":"image/png","size":41524}],"parameters":[],"shouldDisplayMessage":false,"stepsCount":0,"attachmentsCount":2,"hasContent":true,"attachmentStep":false},{"name":"Verify that Login page displayed","time":{"start":1767153272371,"stop":1767153272470,"duration":99},"status":"passed","steps":[],"attachments":[{"uid":"c2c31cd630dfac82","name":"Page URL","source":"c2c31cd630dfac82.txt","type":"text/plain","size":215},{"uid":"25d634ccd6bfd07b","name":"Screenshot: Verify that Login page displayed (success)","source":"25d634ccd6bfd07b.png","type":"image/png","size":41637}],"parameters":[],"shouldDisplayMessage":false,"stepsCount":0,"attachmentsCount":2,"hasContent":true,"attachmentStep":false},{"name":"Enter email","time":{"start":1767153272471,"stop":1767153272789,"duration":318},"status":"passed","steps":[],"attachments":[{"uid":"ac837b1f3cb3b1df","name":"Page URL","source":"ac837b1f3cb3b1df.txt","type":"text/plain","size":215},{"uid":"10532f2804fde3af","name":"Screenshot: Enter email (success)","source":"10532f2804fde3af.png","type":"image/png","size":45933}],"parameters":[],"shouldDisplayMessage":false,"stepsCount":0,"attachmentsCount":2,"hasContent":true,"attachmentStep":false},{"name":"Enter password","time":{"start":1767153272789,"stop":1767153273106,"duration":317},"status":"passed","steps":[],"attachments":[{"uid":"7065863934033eb7","name":"Page URL","source":"7065863934033eb7.txt","type":"text/plain","size":215},{"uid":"7784d99ee6c56966","name":"Screenshot: Enter password (success)","source":"7784d99ee6c56966.png","type":"image/png","size":46059}],"parameters":[],"shouldDisplayMessage":false,"stepsCount":0,"attachmentsCount":2,"hasContent":true,"attachmentStep":false},{"name":"Click Continue button","time":{"start":1767153273106,"stop":1767153275726,"duration":2620},"status":"passed","steps":[],"attachments":[{"uid":"f313e90629ab35a","name":"Page URL","source":"f313e90629ab35a.txt","type":"text/plain","size":215},{"uid":"3ea67b252a3a6778","name":"HTTP 200 - GET config","source":"3ea67b252a3a6778.txt","type":"text/plain","size":2137},{"uid":"b5b72bc56fed2e1a","name":"HTTP 200 - GET permissions?uri=blob:","source":"b5b72bc56fed2e1a.txt","type":"text/plain","size":255},{"uid":"bfeed8c7bc66699d","name":"HTTP 200 - GET regression-org-va58j7yth9ur","source":"bfeed8c7bc66699d.txt","type":"text/plain","size":444},{"uid":"d4e91550ea58f163","name":"HTTP 200 - GET incoming","source":"d4e91550ea58f163.txt","type":"text/plain","size":156},{"uid":"2376b949968b13de","name":"HTTP 200 - GET instances?org=regression-org-va58j7yth9ur&project=regression-proj-bzs3vgqxm6&cluster=default&size=100","source":"2376b949968b13de.txt","type":"text/plain","size":290},{"uid":"316d8539147ee0e6","name":"HTTP 200 - GET regression-0ycctm7ja3?include=orgs","source":"316d8539147ee0e6.txt","type":"text/plain","size":474},{"uid":"3958256c7cc8db4c","name":"HTTP 200 - GET regression-0ycctm7ja3?include=clusters&include=system_role","source":"3958256c7cc8db4c.txt","type":"text/plain","size":529},{"uid":"81f844d53a39d3e6","name":"HTTP 200 - GET templates","source":"81f844d53a39d3e6.txt","type":"text/plain","size":2146},{"uid":"e3282a9b85b2bb7","name":"HTTP 200 - GET instances?org=regression-org-va58j7yth9ur&project=regression-proj-bzs3vgqxm6&cluster=default&size=100","source":"e3282a9b85b2bb7.txt","type":"text/plain","size":290},{"uid":"7479c15f850f4461","name":"HTTP 200 - GET tags","source":"7479c15f850f4461.txt","type":"text/plain","size":948},{"uid":"24c783475bf5ee21","name":"HTTP 200 - GET templates?page=1&size=50","source":"24c783475bf5ee21.txt","type":"text/plain","size":2161},{"uid":"a69d7f3834161c12","name":"Screenshot: Click Continue button (success)","source":"a69d7f3834161c12.png","type":"image/png","size":149705}],"parameters":[],"shouldDisplayMessage":false,"stepsCount":0,"attachmentsCount":13,"hasContent":true,"attachmentStep":false},{"name":"Verify Apps page displayed","time":{"start":1767153275733,"stop":1767153275858,"duration":125},"status":"passed","steps":[],"attachments":[{"uid":"305b902677b5f71e","name":"Page URL","source":"305b902677b5f71e.txt","type":"text/plain","size":116},{"uid":"a8c014f05e0aaa61","name":"Screenshot: Verify Apps page displayed (success)","source":"a8c014f05e0aaa61.png","type":"image/png","size":151923}],"parameters":[],"shouldDisplayMessage":false,"stepsCount":0,"attachmentsCount":2,"hasContent":true,"attachmentStep":false}],"attachments":[{"uid":"95e80cce949ecf31","name":"Page URL","source":"95e80cce949ecf31.txt","type":"text/plain","size":29},{"uid":"1fada865f047a63","name":"Screenshot: Login via UI (success)","source":"1fada865f047a63.png","type":"image/png","size":151871}],"parameters":[],"shouldDisplayMessage":false,"stepsCount":7,"attachmentsCount":28,"hasContent":true,"attachmentStep":false},{"name":"Verify Shell app container displayed on the main page","time":{"start":1767153275973,"stop":1767153316779,"duration":40806},"status":"passed","steps":[],"attachments":[{"uid":"b0a4f5e8ca7eb75","name":"Page URL","source":"b0a4f5e8ca7eb75.txt","type":"text/plain","size":116},{"uid":"3d18d142023756ec","name":"Screenshot: Verify Shell app container displayed on the main page (success)","source":"3d18d142023756ec.png","type":"image/png","size":161418}],"parameters":[],"shouldDisplayMessage":false,"stepsCount":0,"attachmentsCount":2,"hasContent":true,"attachmentStep":false},{"name":"Click Install button on the Shell container","time":{"start":1767153316779,"stop":1767153319450,"duration":2671},"status":"passed","steps":[],"attachments":[{"uid":"ea8dfbbfa2b29d4","name":"Page URL","source":"ea8dfbbfa2b29d4.txt","type":"text/plain","size":116},{"uid":"5b50e520dd9fb380","name":"HTTP 200 - GET instances?org=regression-org-va58j7yth9ur&project=regression-proj-bzs3vgqxm6&cluster=default&size=100","source":"5b50e520dd9fb380.txt","type":"text/plain","size":290},{"uid":"4a63aff8fbda114a","name":"HTTP 200 - GET shell","source":"4a63aff8fbda114a.txt","type":"text/plain","size":2237},{"uid":"dfdcd7b481f8dac0","name":"Screenshot: Click Install button on the Shell container (success)","source":"dfdcd7b481f8dac0.png","type":"image/png","size":107842}],"parameters":[],"shouldDisplayMessage":false,"stepsCount":0,"attachmentsCount":4,"hasContent":true,"attachmentStep":false},{"name":"Verify that Shell install page displayed","time":{"start":1767153319450,"stop":1767153319571,"duration":121},"status":"passed","steps":[],"attachments":[{"uid":"a7a4983b305cf5fc","name":"Page URL","source":"a7a4983b305cf5fc.txt","type":"text/plain","size":130},{"uid":"d2ff0a58236b827c","name":"Screenshot: Verify that Shell install page displayed (success)","source":"d2ff0a58236b827c.png","type":"image/png","size":107842}],"parameters":[],"shouldDisplayMessage":false,"stepsCount":0,"attachmentsCount":2,"hasContent":true,"attachmentStep":false},{"name":"Click Import config button","time":{"start":1767153319571,"stop":1767153320230,"duration":659},"status":"passed","steps":[],"attachments":[{"uid":"b2db58dd9f8419f4","name":"Page URL","source":"b2db58dd9f8419f4.txt","type":"text/plain","size":130},{"uid":"487711499b3f992","name":"Screenshot: Click Import config button (success)","source":"487711499b3f992.png","type":"image/png","size":122565}],"parameters":[],"shouldDisplayMessage":false,"stepsCount":0,"attachmentsCount":2,"hasContent":true,"attachmentStep":false},{"name":"Verify Import app config popup displayed","time":{"start":1767153320230,"stop":1767153320330,"duration":100},"status":"passed","steps":[],"attachments":[{"uid":"16e4c88bddbd5a0e","name":"Page URL","source":"16e4c88bddbd5a0e.txt","type":"text/plain","size":130},{"uid":"752bd80dbb70a3e0","name":"Screenshot: Verify Import app config popup displayed (success)","source":"752bd80dbb70a3e0.png","type":"image/png","size":123452}],"parameters":[],"shouldDisplayMessage":false,"stepsCount":0,"attachmentsCount":2,"hasContent":true,"attachmentStep":false},{"name":"Get Shell app import config file path","time":{"start":1767153320330,"stop":1767153320330,"duration":0},"status":"passed","steps":[],"attachments":[],"parameters":[],"shouldDisplayMessage":false,"stepsCount":0,"attachmentsCount":0,"hasContent":false,"attachmentStep":false},{"name":"Import yaml config","time":{"start":1767153320330,"stop":1767153321430,"duration":1100},"status":"passed","steps":[],"attachments":[{"uid":"9052c4b7a0112285","name":"Page URL","source":"9052c4b7a0112285.txt","type":"text/plain","size":130},{"uid":"91d5c083f6152c8b","name":"Screenshot: Import yaml config (success)","source":"91d5c083f6152c8b.png","type":"image/png","size":101067}],"parameters":[],"shouldDisplayMessage":false,"stepsCount":0,"attachmentsCount":2,"hasContent":true,"attachmentStep":false},{"name":"Click Apply config button","time":{"start":1767153321430,"stop":1767153351842,"duration":30412},"status":"failed","statusMessage":"AssertionError: [TimeoutError] during step: Click Apply config button\nMessage: Element not ready for click after 10000ms: <Locator frame=<Frame name= url='https://console.dev.apolo.us/apps/shell/install?cluster=default&project=regression-proj-bzs3vgqxm6&org=regression-org-va58j7yth9ur'> selector='internal:role=button[name=\"Apply config\"i]'>\nLast error: Locator expected to be enabled\nActual value: disabled \nCall log:\n  - Expect \"to_be_enabled\" with timeout 500ms\n  - waiting for get_by_role(\"button\", name=\"Apply config\")\n    4 × locator resolved to <button disabled type=\"button\" class=\"relative inline-flex cursor-pointer items-center justify-center rounded-xl py-1 transition-colors text-button h-12 gap-2 bg-primary text-white hover:bg-primary-medium active:bg-primary-dark disabled:bg-neural-01 disabled:text-neural-03 px-10 capitalize pointer-events-none\">Apply config</button>\n      - unexpected value \"disabled\"\n\n","statusTrace":"  File \"/home/runner/work/apolo-test-automation/apolo-test-automation/tests/reporting_hooks/reporting.py\", line 58, in wrapper\n    raise AssertionError(formatted_msg) from e\n","steps":[],"attachments":[{"uid":"31000741f3c92112","name":"Page URL","source":"31000741f3c92112.txt","type":"text/plain","size":130},{"uid":"365f44e513dffce8","name":"Screenshot: Click Apply config button (fail)","source":"365f44e513dffce8.png","type":"image/png","size":101067}],"parameters":[],"shouldDisplayMessage":true,"stepsCount":0,"attachmentsCount":2,"hasContent":true,"attachmentStep":false}],"attachments":[{"uid":"4d095dabb48aab91","name":"log","source":"4d095dabb48aab91.txt","type":"text/plain","size":29711}],"parameters":[],"shouldDisplayMessage":true,"stepsCount":16,"attachmentsCount":45,"hasContent":true,"attachmentStep":false},"afterStages":[{"name":"setup_cleanup::finalizer","time":{"start":1767153351862,"stop":1767153351862,"duration":0},"status":"passed","steps":[],"attachments":[],"parameters":[],"shouldDisplayMessage":false,"stepsCount":0,"attachmentsCount":0,"hasContent":false,"attachmentStep":false},{"name":"setup_cleanup::finalizer","time":{"start":1767153351862,"stop":1767153454562,"duration":102700},"status":"passed","steps":[{"name":"Post-test cleanup","time":{"start":1767153351862,"stop":1767153454562,"duration":102700},"status":"passed","steps":[{"name":"Delete organisation: regression-org-va58j7yth9ur","time":{"start":1767153355636,"stop":1767153358407,"duration":2771},"status":"passed","steps":[{"name":"Delete project: regression-proj-bzs3vgqxm6","time":{"start":1767153357651,"stop":1767153357919,"duration":268},"status":"passed","steps":[],"attachments":[],"parameters":[],"shouldDisplayMessage":false,"stepsCount":0,"attachmentsCount":0,"hasContent":false,"attachmentStep":false}],"attachments":[],"parameters":[],"shouldDisplayMessage":false,"stepsCount":1,"attachmentsCount":0,"hasContent":true,"attachmentStep":false}],"attachments":[],"parameters":[],"shouldDisplayMessage":false,"stepsCount":2,"attachmentsCount":0,"hasContent":true,"attachmentStep":false}],"attachments":[],"parameters":[],"shouldDisplayMessage":false,"stepsCount":3,"attachmentsCount":0,"hasContent":true,"attachmentStep":false},{"name":"add_page_manager::finalizer","time":{"start":1767153351862,"stop":1767153351862,"duration":0},"status":"passed","steps":[],"attachments":[],"parameters":[],"shouldDisplayMessage":false,"stepsCount":0,"attachmentsCount":0,"hasContent":false,"attachmentStep":false},{"name":"api_helper::finalizer","time":{"start":1767153454563,"stop":1767153454563,"duration":0},"status":"passed","steps":[],"attachments":[],"parameters":[],"shouldDisplayMessage":false,"stepsCount":0,"attachmentsCount":0,"hasContent":false,"attachmentStep":false},{"name":"_function_scoped_runner::0","time":{"start":1767153454564,"stop":1767153454565,"duration":1},"status":"passed","steps":[],"attachments":[],"parameters":[],"shouldDisplayMessage":false,"stepsCount":0,"attachmentsCount":0,"hasContent":false,"attachmentStep":false}],"labels":[{"name":"parentSuite","value":"E2E Tests"},{"name":"suite","value":"Shell App"},{"name":"tag","value":"asyncio"},{"name":"tag","value":"class_setup"},{"name":"subSuite","value":"TestE2EShellApp"},{"name":"host","value":"runnervmh13bl"},{"name":"thread","value":"3051-MainThread"},{"name":"framework","value":"pytest"},{"name":"language","value":"cpython3"},{"name":"package","value":"tests.test_cases.tests_e2e.test_shell_app"},{"name":"resultFormat","value":"allure2"}],"parameters":[],"links":[],"hidden":false,"retry":false,"extra":{"severity":"normal","retries":[],"categories":[{"name":"Product defects","matchedStatuses":[],"flaky":false}],"history":{"statistic":{"failed":67,"broken":0,"skipped":0,"passed":1,"unknown":0,"total":68},"items":[{"uid":"fd30f828b6a9e434","status":"failed","statusDetails":"AssertionError: [TimeoutError] during step: Click Apply config button\nMessage: Element not ready for click after 10000ms: <Locator frame=<Frame name= url='https://console.dev.apolo.us/apps/shell/install?cluster=default&project=regression-proj-ibq3k9m7bb&org=regression-org-bfzqby4l2651'> selector='internal:role=button[name=\"Apply config\"i]'>\nLast error: Locator expected to be enabled\nActual value: disabled \nCall log:\n  - Expect \"to_be_enabled\" with timeout 500ms\n  - waiting for get_by_role(\"button\", name=\"Apply config\")\n    4 × locator resolved to <button disabled type=\"button\" class=\"relative inline-flex cursor-pointer items-center justify-center rounded-xl py-1 transition-colors text-button h-12 gap-2 bg-primary text-white hover:bg-primary-medium active:bg-primary-dark disabled:bg-neural-01 disabled:text-neural-03 px-10 capitalize pointer-events-none\">Apply config</button>\n      - unexpected value \"disabled\"","time":{"start":1767067296923,"stop":1767067388495,"duration":91572}},{"uid":"66b970a87e0d38cf","status":"failed","statusDetails":"AssertionError: [TimeoutError] during step: Click Apply config button\nMessage: Element not ready for click after 10000ms: <Locator frame=<Frame name= url='https://console.dev.apolo.us/apps/shell/install?cluster=default&project=regression-proj-l5n0tmruvd&org=regression-org-oqaya76iwpmc'> selector='internal:role=button[name=\"Apply config\"i]'>\nLast error: Locator expected to be enabled\nActual value: disabled \nCall log:\n  - Expect \"to_be_enabled\" with timeout 500ms\n  - waiting for get_by_role(\"button\", name=\"Apply config\")\n    4 × locator resolved to <button disabled type=\"button\" class=\"relative inline-flex cursor-pointer items-center justify-center rounded-xl py-1 transition-colors text-button h-12 gap-2 bg-primary text-white hover:bg-primary-medium active:bg-primary-dark disabled:bg-neural-01 disabled:text-neural-03 px-10 capitalize pointer-events-none\">Apply config</button>\n      - unexpected value \"disabled\"","time":{"start":1766981557108,"stop":1766981648299,"duration":91191}},{"uid":"b607fd6151f5bf26","status":"failed","statusDetails":"AssertionError: [AssertionError] during step: Verify that Shell install page displayed\nMessage: Shell Install page should be displayed!","time":{"start":1766895056183,"stop":1766895116220,"duration":60037}},{"uid":"7baa441f4c9f940d","status":"failed","statusDetails":"AssertionError: [TimeoutError] during step: Click Apply config button\nMessage: Element not ready for click after 10000ms: <Locator frame=<Frame name= url='https://console.dev.apolo.us/apps/shell/install?cluster=default&project=regression-proj-43ic9zh6kv&org=regression-org-j9o60lo7p9sd'> selector='internal:role=button[name=\"Apply config\"i]'>\nLast error: Locator expected to be enabled\nActual value: disabled \nCall log:\n  - Expect \"to_be_enabled\" with timeout 500ms\n  - waiting for get_by_role(\"button\", name=\"Apply config\")\n    4 × locator resolved to <button disabled type=\"button\" class=\"relative inline-flex cursor-pointer items-center justify-center rounded-xl py-1 transition-colors text-button h-12 gap-2 bg-primary text-white hover:bg-primary-medium active:bg-primary-dark disabled:bg-neural-01 disabled:text-neural-03 px-10 capitalize pointer-events-none\">Apply config</button>\n      - unexpected value \"disabled\"","time":{"start":1766807533788,"stop":1766807625136,"duration":91348}},{"uid":"c1a84053b1cbe146","status":"failed","statusDetails":"AssertionError: [AssertionError] during step: Login via UI\nMessage: [AssertionError] during step: Verify that Auth page displayed\nMessage: Auth page should be displayed!","time":{"start":1766721333124,"stop":1766721513618,"duration":180494}},{"uid":"1737cf87fdda509","status":"failed","statusDetails":"AssertionError: [AssertionError] during step: Verify that Shell install page displayed\nMessage: Shell Install page should be displayed!","time":{"start":1766634905310,"stop":1766634964648,"duration":59338}},{"uid":"ef9b5d07b7e8f279","status":"failed","statusDetails":"AssertionError: [TimeoutError] during step: Click Apply config button\nMessage: Element not ready for click after 10000ms: <Locator frame=<Frame name= url='https://console.dev.apolo.us/apps/shell/install?cluster=default&project=regression-proj-g13ftbcabv&org=regression-org-jqtbsr6eb6yy'> selector='internal:role=button[name=\"Apply config\"i]'>\nLast error: Locator expected to be enabled\nActual value: disabled \nCall log:\n  - Expect \"to_be_enabled\" with timeout 500ms\n  - waiting for get_by_role(\"button\", name=\"Apply config\")\n    4 × locator resolved to <button disabled type=\"button\" class=\"relative inline-flex cursor-pointer items-center justify-center rounded-xl py-1 transition-colors text-button h-12 gap-2 bg-primary text-white hover:bg-primary-medium active:bg-primary-dark disabled:bg-neural-01 disabled:text-neural-03 px-10 capitalize pointer-events-none\">Apply config</button>\n      - unexpected value \"disabled\"","time":{"start":1766549029264,"stop":1766549120455,"duration":91191}},{"uid":"44f0d7112798812f","status":"failed","statusDetails":"AssertionError: [TimeoutError] during step: Click Apply config button\nMessage: Element not ready for click after 10000ms: <Locator frame=<Frame name= url='https://console.dev.apolo.us/apps/shell/install?cluster=default&project=regression-proj-jwxjllj2kb&org=regression-org-3nc4oxeeenup'> selector='internal:role=button[name=\"Apply config\"i]'>\nLast error: Locator expected to be enabled\nActual value: disabled \nCall log:\n  - Expect \"to_be_enabled\" with timeout 500ms\n  - waiting for get_by_role(\"button\", name=\"Apply config\")\n    4 × locator resolved to <button disabled type=\"button\" class=\"relative inline-flex cursor-pointer items-center justify-center rounded-xl py-1 transition-colors text-button h-12 gap-2 bg-primary text-white hover:bg-primary-medium active:bg-primary-dark disabled:bg-neural-01 disabled:text-neural-03 px-10 capitalize pointer-events-none\">Apply config</button>\n      - unexpected value \"disabled\"","time":{"start":1766462265917,"stop":1766462350199,"duration":84282}},{"uid":"ab9e633c62bdb81f","status":"failed","statusDetails":"AssertionError: [TimeoutError] during step: Click Apply config button\nMessage: Element not ready for click after 10000ms: <Locator frame=<Frame name= url='https://console.dev.apolo.us/apps/shell/install?cluster=default&project=regression-proj-382e4895p8&org=regression-org-u5i0ytbw9j7n'> selector='internal:role=button[name=\"Apply config\"i]'>\nLast error: Locator expected to be enabled\nActual value: disabled \nCall log:\n  - Expect \"to_be_enabled\" with timeout 500ms\n  - waiting for get_by_role(\"button\", name=\"Apply config\")\n    4 × locator resolved to <button disabled type=\"button\" class=\"relative inline-flex cursor-pointer items-center justify-center rounded-xl py-1 transition-colors text-button h-12 gap-2 bg-primary text-white hover:bg-primary-medium active:bg-primary-dark disabled:bg-neural-01 disabled:text-neural-03 px-10 capitalize pointer-events-none\">Apply config</button>\n      - unexpected value \"disabled\"","time":{"start":1766377371007,"stop":1766377452984,"duration":81977}},{"uid":"9fdc1ed5cbc46673","status":"failed","statusDetails":"AssertionError: [TimeoutError] during step: Click Apply config button\nMessage: Element not ready for click after 10000ms: <Locator frame=<Frame name= url='https://console.dev.apolo.us/apps/shell/install?cluster=default&project=regression-proj-mphuhy29kc&org=regression-org-0k5mua9rcrkd'> selector='internal:role=button[name=\"Apply config\"i]'>\nLast error: Locator expected to be enabled\nActual value: disabled \nCall log:\n  - Expect \"to_be_enabled\" with timeout 500ms\n  - waiting for get_by_role(\"button\", name=\"Apply config\")\n    4 × locator resolved to <button disabled type=\"button\" class=\"relative inline-flex cursor-pointer items-center justify-center rounded-xl py-1 transition-colors text-button h-12 gap-2 bg-primary text-white hover:bg-primary-medium active:bg-primary-dark disabled:bg-neural-01 disabled:text-neural-03 px-10 capitalize pointer-events-none\">Apply config</button>\n      - unexpected value \"disabled\"","time":{"start":1766289922980,"stop":1766290006456,"duration":83476}},{"uid":"3ce4f76300147b46","status":"failed","statusDetails":"AssertionError: [AssertionError] during step: Login via UI\nMessage: [AssertionError] during step: Verify that Auth page displayed\nMessage: Auth page should be displayed!","time":{"start":1766203396605,"stop":1766203577114,"duration":180509}},{"uid":"b4be75014b3b39d4","status":"failed","statusDetails":"AssertionError: [TimeoutError] during step: Click Apply config button\nMessage: Element not ready for click after 10000ms: <Locator frame=<Frame name= url='https://console.dev.apolo.us/apps/shell/install?cluster=default&project=regression-proj-yksv69vk41&org=regression-org-0571ncf34yx4'> selector='internal:role=button[name=\"Apply config\"i]'>\nLast error: Locator expected to be enabled\nActual value: disabled \nCall log:\n  - Expect \"to_be_enabled\" with timeout 500ms\n  - waiting for get_by_role(\"button\", name=\"Apply config\")\n    4 × locator resolved to <button disabled type=\"button\" class=\"relative inline-flex cursor-pointer items-center justify-center rounded-xl py-1 transition-colors text-button h-12 gap-2 bg-primary text-white hover:bg-primary-medium active:bg-primary-dark disabled:bg-neural-01 disabled:text-neural-03 px-10 capitalize pointer-events-none\">Apply config</button>\n      - unexpected value \"disabled\"","time":{"start":1766117512431,"stop":1766117612618,"duration":100187}},{"uid":"3b5bf1858fcb3aba","status":"failed","statusDetails":"AssertionError: [AssertionError] during step: Verify that Shell install page displayed\nMessage: Shell Install page should be displayed!","time":{"start":1766030772247,"stop":1766030841399,"duration":69152}},{"uid":"df528fd80cae0bbc","status":"failed","statusDetails":"AssertionError: [AssertionError] during step: Verify that Shell install page displayed\nMessage: Shell Install page should be displayed!","time":{"start":1765945665648,"stop":1765945724954,"duration":59306}},{"uid":"dce231406e7eb655","status":"failed","statusDetails":"AssertionError: [TimeoutError] during step: Click Apply config button\nMessage: Element not ready for click after 10000ms: <Locator frame=<Frame name= url='https://console.dev.apolo.us/apps/shell/install?cluster=default&project=regression-proj-rrg7h1tufw&org=regression-org-2b2m39phwuu1'> selector='internal:role=button[name=\"Apply config\"i]'>\nLast error: Locator expected to be enabled\nActual value: disabled \nCall log:\n  - Expect \"to_be_enabled\" with timeout 500ms\n  - waiting for get_by_role(\"button\", name=\"Apply config\")\n    4 × locator resolved to <button disabled type=\"button\" class=\"relative inline-flex cursor-pointer items-center justify-center rounded-xl py-1 transition-colors text-button h-12 gap-2 bg-primary text-white hover:bg-primary-medium active:bg-primary-dark disabled:bg-neural-01 disabled:text-neural-03 px-10 capitalize pointer-events-none\">Apply config</button>\n      - unexpected value \"disabled\"","time":{"start":1765858788729,"stop":1765858885686,"duration":96957}},{"uid":"4ed6820a70f5900d","status":"failed","statusDetails":"AssertionError: [TimeoutError] during step: Click Apply config button\nMessage: Element not ready for click after 10000ms: <Locator frame=<Frame name= url='https://console.dev.apolo.us/apps/shell/install?cluster=default&project=regression-proj-l1swztxpqd&org=regression-org-68lxnxtr9emu'> selector='internal:role=button[name=\"Apply config\"i]'>\nLast error: Locator expected to be enabled\nActual value: disabled \nCall log:\n  - Expect \"to_be_enabled\" with timeout 500ms\n  - waiting for get_by_role(\"button\", name=\"Apply config\")\n    4 × locator resolved to <button disabled type=\"button\" class=\"relative inline-flex cursor-pointer items-center justify-center rounded-xl py-1 transition-colors text-button h-12 gap-2 bg-primary text-white hover:bg-primary-medium active:bg-primary-dark disabled:bg-neural-01 disabled:text-neural-03 px-10 capitalize pointer-events-none\">Apply config</button>\n      - unexpected value \"disabled\"","time":{"start":1765773031003,"stop":1765773131097,"duration":100094}},{"uid":"e55520af624ccad0","status":"failed","statusDetails":"AssertionError: [TimeoutError] during step: Click Apply config button\nMessage: Element not ready for click after 10000ms: <Locator frame=<Frame name= url='https://console.dev.apolo.us/apps/shell/install?cluster=default&project=regression-proj-xilsxj87xl&org=regression-org-0ms7cxtm3rt4'> selector='internal:role=button[name=\"Apply config\"i]'>\nLast error: Locator expected to be enabled\nActual value: disabled \nCall log:\n  - Expect \"to_be_enabled\" with timeout 500ms\n  - waiting for get_by_role(\"button\", name=\"Apply config\")\n    4 × locator resolved to <button disabled type=\"button\" class=\"relative inline-flex cursor-pointer items-center justify-center rounded-xl py-1 transition-colors text-button h-12 gap-2 bg-primary text-white hover:bg-primary-medium active:bg-primary-dark disabled:bg-neural-01 disabled:text-neural-03 px-10 capitalize pointer-events-none\">Apply config</button>\n      - unexpected value \"disabled\"","time":{"start":1765686454492,"stop":1765686535779,"duration":81287}},{"uid":"f94b216e9eab0fc5","status":"failed","statusDetails":"AssertionError: [TimeoutError] during step: Click Apply config button\nMessage: Element not ready for click after 10000ms: <Locator frame=<Frame name= url='https://console.dev.apolo.us/apps/shell/install?cluster=default&project=regression-proj-d7pvoy12i2&org=regression-org-v0hfmmyhrbe8'> selector='internal:role=button[name=\"Apply config\"i]'>\nLast error: Locator expected to be enabled\nActual value: disabled \nCall log:\n  - Expect \"to_be_enabled\" with timeout 500ms\n  - waiting for get_by_role(\"button\", name=\"Apply config\")\n    4 × locator resolved to <button disabled type=\"button\" class=\"relative inline-flex cursor-pointer items-center justify-center rounded-xl py-1 transition-colors text-button h-12 gap-2 bg-primary text-white hover:bg-primary-medium active:bg-primary-dark disabled:bg-neural-01 disabled:text-neural-03 px-10 capitalize pointer-events-none\">Apply config</button>\n      - unexpected value \"disabled\"","time":{"start":1765600789856,"stop":1765600871552,"duration":81696}},{"uid":"6859fc92fa588082","status":"failed","statusDetails":"AssertionError: [AssertionError] during step: Verify that Shell install page displayed\nMessage: Shell Install page should be displayed!","time":{"start":1765513656026,"stop":1765513715328,"duration":59302}},{"uid":"17eefc23c7f83344","status":"failed","statusDetails":"AssertionError: [AssertionError] during step: Verify that Shell install page displayed\nMessage: Shell Install page should be displayed!","time":{"start":1765339615364,"stop":1765339778354,"duration":162990}}]},"tags":["asyncio","class_setup"]},"source":"90af829870f033bf.json","parameterValues":[]}