{"uid":"927a7e5a66fa121","name":"Import Service Deployment app config via UI","fullName":"tests.test_cases.tests_e2e.test_service_deployment_app.TestE2EServiceDeploymentApp#test_import_app_config_via_ui","historyId":"0ec9874b606d391c772deb1229267005","time":{"start":1767499152699,"stop":1767499243557,"duration":90858},"description":"\n- Login with valid credentials.\n- Create new organization via **API**.\n- Create new project via **API**.\n- Import Service Deployment app config via UI.\n\n### Verify that:\n\n- Install required data is the same as in imported config.\n","descriptionHtml":"<div style='line-height:1.6;'><ul>\n<li>Login with valid credentials.</li>\n<li>Create new organization via <strong>API</strong>.</li>\n<li>Create new project via <strong>API</strong>.</li>\n<li>Import Service Deployment app config via UI.</li>\n</ul>\n<h3>Verify that:</h3>\n<ul>\n<li>Install required data is the same as in imported config.</li>\n</ul></div>","status":"failed","statusMessage":"AssertionError: [TimeoutError] during step: Click Apply config button\nMessage: Element not ready for click after 10000ms: <Locator frame=<Frame name= url='https://console.dev.apolo.us/apps/shell/install?cluster=default&project=regression-proj-sfv0n4ql7g&org=regression-org-3zmmcnuaoqos'> selector='internal:role=button[name=\"Apply config\"i]'>\nLast error: Locator expected to be enabled\nActual value: disabled \nCall log:\n  - Expect \"to_be_enabled\" with timeout 500ms\n  - waiting for get_by_role(\"button\", name=\"Apply config\")\n    4 × locator resolved to <button disabled type=\"button\" class=\"relative inline-flex cursor-pointer items-center justify-center rounded-xl py-1 transition-colors text-button h-12 gap-2 bg-primary text-white hover:bg-primary-medium active:bg-primary-dark disabled:bg-neural-01 disabled:text-neural-03 px-10 capitalize pointer-events-none\">Apply config</button>\n      - unexpected value \"disabled\"","statusTrace":"tests/reporting_hooks/reporting.py:49: in wrapper\n    result = await func(*args, **kwargs)\n             ^^^^^^^^^^^^^^^^^^^^^^^^^^^\ntests/test_cases/steps/ui_steps/page_steps_impl/apps/app_import_config_popup_steps.py:26: in ui_click_apply_config_btn\n    await self._pm.import_app_config_popup.click_apply_config_btn()\ntests/components/ui/pages/apps/import_app_config_popup.py:73: in click_apply_config_btn\n    await self._get_apply_config_btn().click()\ntests/components/ui/pages/base_element.py:90: in click\n    raise TimeoutError(\nE   TimeoutError: Element not ready for click after 10000ms: <Locator frame=<Frame name= url='https://console.dev.apolo.us/apps/shell/install?cluster=default&project=regression-proj-sfv0n4ql7g&org=regression-org-3zmmcnuaoqos'> selector='internal:role=button[name=\"Apply config\"i]'>\nE   Last error: Locator expected to be enabled\nE   Actual value: disabled \nE   Call log:\nE     - Expect \"to_be_enabled\" with timeout 500ms\nE     - waiting for get_by_role(\"button\", name=\"Apply config\")\nE       4 × locator resolved to <button disabled type=\"button\" class=\"relative inline-flex cursor-pointer items-center justify-center rounded-xl py-1 transition-colors text-button h-12 gap-2 bg-primary text-white hover:bg-primary-medium active:bg-primary-dark disabled:bg-neural-01 disabled:text-neural-03 px-10 capitalize pointer-events-none\">Apply config</button>\nE         - unexpected value \"disabled\"\n\nThe above exception was the direct cause of the following exception:\ntests/test_cases/tests_e2e/test_service_deployment_app.py:820: in test_import_app_config_via_ui\n    await ui_steps.import_app_config_popup.ui_click_apply_config_btn()\ntests/reporting_hooks/reporting.py:58: in wrapper\n    raise AssertionError(formatted_msg) from e\nE   AssertionError: [TimeoutError] during step: Click Apply config button\nE   Message: Element not ready for click after 10000ms: <Locator frame=<Frame name= url='https://console.dev.apolo.us/apps/shell/install?cluster=default&project=regression-proj-sfv0n4ql7g&org=regression-org-3zmmcnuaoqos'> selector='internal:role=button[name=\"Apply config\"i]'>\nE   Last error: Locator expected to be enabled\nE   Actual value: disabled \nE   Call log:\nE     - Expect \"to_be_enabled\" with timeout 500ms\nE     - waiting for get_by_role(\"button\", name=\"Apply config\")\nE       4 × locator resolved to <button disabled type=\"button\" class=\"relative inline-flex cursor-pointer items-center justify-center rounded-xl py-1 transition-colors text-button h-12 gap-2 bg-primary text-white hover:bg-primary-medium active:bg-primary-dark disabled:bg-neural-01 disabled:text-neural-03 px-10 capitalize pointer-events-none\">Apply config</button>\nE         - unexpected value \"disabled\"","flaky":false,"newFailed":false,"newBroken":false,"newPassed":false,"retriesCount":0,"retriesStatusChange":false,"beforeStages":[{"name":"_verify_url","time":{"start":1767490354054,"stop":1767490354055,"duration":1},"status":"passed","steps":[],"attachments":[],"parameters":[],"shouldDisplayMessage":false,"stepsCount":0,"attachmentsCount":0,"hasContent":false,"attachmentStep":false},{"name":"base_url","time":{"start":1767490354054,"stop":1767490354054,"duration":0},"status":"passed","steps":[],"attachments":[],"parameters":[],"shouldDisplayMessage":false,"stepsCount":0,"attachmentsCount":0,"hasContent":false,"attachmentStep":false},{"name":"event_loop_policy","time":{"start":1767490354055,"stop":1767490354055,"duration":0},"status":"passed","steps":[],"attachments":[],"parameters":[],"shouldDisplayMessage":false,"stepsCount":0,"attachmentsCount":0,"hasContent":false,"attachmentStep":false},{"name":"delete_output_dir","time":{"start":1767490354055,"stop":1767490354055,"duration":0},"status":"passed","steps":[],"attachments":[],"parameters":[],"shouldDisplayMessage":false,"stepsCount":0,"attachmentsCount":0,"hasContent":false,"attachmentStep":false},{"name":"delay_worker_start","time":{"start":1767490354055,"stop":1767490354055,"duration":0},"status":"passed","steps":[],"attachments":[],"parameters":[],"shouldDisplayMessage":false,"stepsCount":0,"attachmentsCount":0,"hasContent":false,"attachmentStep":false},{"name":"pytestconfig","time":{"start":1767490354055,"stop":1767490354055,"duration":0},"status":"passed","steps":[],"attachments":[],"parameters":[],"shouldDisplayMessage":false,"stepsCount":0,"attachmentsCount":0,"hasContent":false,"attachmentStep":false},{"name":"ensure_storage_directories","time":{"start":1767490354055,"stop":1767490354055,"duration":0},"status":"passed","steps":[],"attachments":[],"parameters":[],"shouldDisplayMessage":false,"stepsCount":0,"attachmentsCount":0,"hasContent":false,"attachmentStep":false},{"name":"test_config","time":{"start":1767499151956,"stop":1767499151960,"duration":4},"status":"passed","steps":[],"attachments":[],"parameters":[],"shouldDisplayMessage":false,"stepsCount":0,"attachmentsCount":0,"hasContent":false,"attachmentStep":false},{"name":"_function_scoped_runner","time":{"start":1767499151960,"stop":1767499151960,"duration":0},"status":"passed","steps":[],"attachments":[],"parameters":[],"shouldDisplayMessage":false,"stepsCount":0,"attachmentsCount":0,"hasContent":false,"attachmentStep":false},{"name":"page_manager","time":{"start":1767499151960,"stop":1767499152695,"duration":735},"status":"passed","steps":[],"attachments":[],"parameters":[],"shouldDisplayMessage":false,"stepsCount":0,"attachmentsCount":0,"hasContent":false,"attachmentStep":false},{"name":"data_manager","time":{"start":1767499152695,"stop":1767499152696,"duration":1},"status":"passed","steps":[],"attachments":[],"parameters":[],"shouldDisplayMessage":false,"stepsCount":0,"attachmentsCount":0,"hasContent":false,"attachmentStep":false},{"name":"api_helper","time":{"start":1767499152696,"stop":1767499152696,"duration":0},"status":"passed","steps":[],"attachments":[],"parameters":[],"shouldDisplayMessage":false,"stepsCount":0,"attachmentsCount":0,"hasContent":false,"attachmentStep":false},{"name":"users_manager","time":{"start":1767499152696,"stop":1767499152696,"duration":0},"status":"passed","steps":[],"attachments":[],"parameters":[],"shouldDisplayMessage":false,"stepsCount":0,"attachmentsCount":0,"hasContent":false,"attachmentStep":false},{"name":"apolo_cli","time":{"start":1767499152696,"stop":1767499152697,"duration":1},"status":"passed","steps":[],"attachments":[],"parameters":[],"shouldDisplayMessage":false,"stepsCount":0,"attachmentsCount":0,"hasContent":false,"attachmentStep":false},{"name":"add_page_manager","time":{"start":1767499152697,"stop":1767499152697,"duration":0},"status":"passed","steps":[],"attachments":[],"parameters":[],"shouldDisplayMessage":false,"stepsCount":0,"attachmentsCount":0,"hasContent":false,"attachmentStep":false},{"name":"setup_cleanup","time":{"start":1767499152697,"stop":1767499152697,"duration":0},"status":"passed","steps":[],"attachments":[],"parameters":[],"shouldDisplayMessage":false,"stepsCount":0,"attachmentsCount":0,"hasContent":false,"attachmentStep":false},{"name":"setup","time":{"start":1767499152698,"stop":1767499152698,"duration":0},"status":"passed","steps":[],"attachments":[],"parameters":[],"shouldDisplayMessage":false,"stepsCount":0,"attachmentsCount":0,"hasContent":false,"attachmentStep":false},{"name":"_inject_fixtures","time":{"start":1767499152698,"stop":1767499152698,"duration":0},"status":"passed","steps":[],"attachments":[],"parameters":[],"shouldDisplayMessage":false,"stepsCount":0,"attachmentsCount":0,"hasContent":false,"attachmentStep":false}],"testStage":{"description":"\n- Login with valid credentials.\n- Create new organization via **API**.\n- Create new project via **API**.\n- Import Service Deployment app config via UI.\n\n### Verify that:\n\n- Install required data is the same as in imported config.\n","descriptionHtml":"<div style='line-height:1.6;'><ul>\n<li>Login with valid credentials.</li>\n<li>Create new organization via <strong>API</strong>.</li>\n<li>Create new project via <strong>API</strong>.</li>\n<li>Import Service Deployment app config via UI.</li>\n</ul>\n<h3>Verify that:</h3>\n<ul>\n<li>Install required data is the same as in imported config.</li>\n</ul></div>","status":"failed","statusMessage":"AssertionError: [TimeoutError] during step: Click Apply config button\nMessage: Element not ready for click after 10000ms: <Locator frame=<Frame name= url='https://console.dev.apolo.us/apps/shell/install?cluster=default&project=regression-proj-sfv0n4ql7g&org=regression-org-3zmmcnuaoqos'> selector='internal:role=button[name=\"Apply config\"i]'>\nLast error: Locator expected to be enabled\nActual value: disabled \nCall log:\n  - Expect \"to_be_enabled\" with timeout 500ms\n  - waiting for get_by_role(\"button\", name=\"Apply config\")\n    4 × locator resolved to <button disabled type=\"button\" class=\"relative inline-flex cursor-pointer items-center justify-center rounded-xl py-1 transition-colors text-button h-12 gap-2 bg-primary text-white hover:bg-primary-medium active:bg-primary-dark disabled:bg-neural-01 disabled:text-neural-03 px-10 capitalize pointer-events-none\">Apply config</button>\n      - unexpected value \"disabled\"","statusTrace":"tests/reporting_hooks/reporting.py:49: in wrapper\n    result = await func(*args, **kwargs)\n             ^^^^^^^^^^^^^^^^^^^^^^^^^^^\ntests/test_cases/steps/ui_steps/page_steps_impl/apps/app_import_config_popup_steps.py:26: in ui_click_apply_config_btn\n    await self._pm.import_app_config_popup.click_apply_config_btn()\ntests/components/ui/pages/apps/import_app_config_popup.py:73: in click_apply_config_btn\n    await self._get_apply_config_btn().click()\ntests/components/ui/pages/base_element.py:90: in click\n    raise TimeoutError(\nE   TimeoutError: Element not ready for click after 10000ms: <Locator frame=<Frame name= url='https://console.dev.apolo.us/apps/shell/install?cluster=default&project=regression-proj-sfv0n4ql7g&org=regression-org-3zmmcnuaoqos'> selector='internal:role=button[name=\"Apply config\"i]'>\nE   Last error: Locator expected to be enabled\nE   Actual value: disabled \nE   Call log:\nE     - Expect \"to_be_enabled\" with timeout 500ms\nE     - waiting for get_by_role(\"button\", name=\"Apply config\")\nE       4 × locator resolved to <button disabled type=\"button\" class=\"relative inline-flex cursor-pointer items-center justify-center rounded-xl py-1 transition-colors text-button h-12 gap-2 bg-primary text-white hover:bg-primary-medium active:bg-primary-dark disabled:bg-neural-01 disabled:text-neural-03 px-10 capitalize pointer-events-none\">Apply config</button>\nE         - unexpected value \"disabled\"\n\nThe above exception was the direct cause of the following exception:\ntests/test_cases/tests_e2e/test_service_deployment_app.py:820: in test_import_app_config_via_ui\n    await ui_steps.import_app_config_popup.ui_click_apply_config_btn()\ntests/reporting_hooks/reporting.py:58: in wrapper\n    raise AssertionError(formatted_msg) from e\nE   AssertionError: [TimeoutError] during step: Click Apply config button\nE   Message: Element not ready for click after 10000ms: <Locator frame=<Frame name= url='https://console.dev.apolo.us/apps/shell/install?cluster=default&project=regression-proj-sfv0n4ql7g&org=regression-org-3zmmcnuaoqos'> selector='internal:role=button[name=\"Apply config\"i]'>\nE   Last error: Locator expected to be enabled\nE   Actual value: disabled \nE   Call log:\nE     - Expect \"to_be_enabled\" with timeout 500ms\nE     - waiting for get_by_role(\"button\", name=\"Apply config\")\nE       4 × locator resolved to <button disabled type=\"button\" class=\"relative inline-flex cursor-pointer items-center justify-center rounded-xl py-1 transition-colors text-button h-12 gap-2 bg-primary text-white hover:bg-primary-medium active:bg-primary-dark disabled:bg-neural-01 disabled:text-neural-03 px-10 capitalize pointer-events-none\">Apply config</button>\nE         - unexpected value \"disabled\"","steps":[{"name":"Login via UI","time":{"start":1767499152699,"stop":1767499167577,"duration":14878},"status":"passed","steps":[{"name":"Verify that Auth page displayed","time":{"start":1767499152699,"stop":1767499153180,"duration":481},"status":"passed","steps":[],"attachments":[{"uid":"57de85472fb18b79","name":"Page URL","source":"57de85472fb18b79.txt","type":"text/plain","size":29},{"uid":"639654f6d10889f","name":"HTTP 200 - GET config","source":"639654f6d10889f.txt","type":"text/plain","size":673},{"uid":"bcf03c906f69807e","name":"Screenshot: Verify that Auth page displayed (success)","source":"bcf03c906f69807e.png","type":"image/png","size":88563}],"parameters":[],"shouldDisplayMessage":false,"stepsCount":0,"attachmentsCount":3,"hasContent":true,"attachmentStep":false},{"name":"Click login button","time":{"start":1767499153181,"stop":1767499154137,"duration":956},"status":"passed","steps":[],"attachments":[{"uid":"b8e71d91c43e8cf2","name":"Page URL","source":"b8e71d91c43e8cf2.txt","type":"text/plain","size":33},{"uid":"5e92abc517fa540e","name":"Screenshot: Click login button (success)","source":"5e92abc517fa540e.png","type":"image/png","size":41524}],"parameters":[],"shouldDisplayMessage":false,"stepsCount":0,"attachmentsCount":2,"hasContent":true,"attachmentStep":false},{"name":"Verify that Login page displayed","time":{"start":1767499154137,"stop":1767499154237,"duration":100},"status":"passed","steps":[],"attachments":[{"uid":"c6e23a49404be9a5","name":"Page URL","source":"c6e23a49404be9a5.txt","type":"text/plain","size":215},{"uid":"d35cb176717e3028","name":"Screenshot: Verify that Login page displayed (success)","source":"d35cb176717e3028.png","type":"image/png","size":41637}],"parameters":[],"shouldDisplayMessage":false,"stepsCount":0,"attachmentsCount":2,"hasContent":true,"attachmentStep":false},{"name":"Enter email","time":{"start":1767499154237,"stop":1767499154553,"duration":316},"status":"passed","steps":[],"attachments":[{"uid":"188b7c8a04a0959b","name":"Page URL","source":"188b7c8a04a0959b.txt","type":"text/plain","size":215},{"uid":"81fb3507a87fa635","name":"Screenshot: Enter email (success)","source":"81fb3507a87fa635.png","type":"image/png","size":46413}],"parameters":[],"shouldDisplayMessage":false,"stepsCount":0,"attachmentsCount":2,"hasContent":true,"attachmentStep":false},{"name":"Enter password","time":{"start":1767499154554,"stop":1767499154879,"duration":325},"status":"passed","steps":[],"attachments":[{"uid":"ba5317aa4799fdb5","name":"Page URL","source":"ba5317aa4799fdb5.txt","type":"text/plain","size":215},{"uid":"7ef849a39487fde6","name":"Screenshot: Enter password (success)","source":"7ef849a39487fde6.png","type":"image/png","size":46555}],"parameters":[],"shouldDisplayMessage":false,"stepsCount":0,"attachmentsCount":2,"hasContent":true,"attachmentStep":false},{"name":"Click Continue button","time":{"start":1767499154879,"stop":1767499167378,"duration":12499},"status":"passed","steps":[],"attachments":[{"uid":"13c3a84f39d7debb","name":"Page URL","source":"13c3a84f39d7debb.txt","type":"text/plain","size":215},{"uid":"ed43a7df18303919","name":"HTTP 200 - GET config","source":"ed43a7df18303919.txt","type":"text/plain","size":2137},{"uid":"f43f11123bac0220","name":"HTTP 200 - GET permissions?uri=blob:","source":"f43f11123bac0220.txt","type":"text/plain","size":255},{"uid":"dfe2d62a13489845","name":"HTTP 200 - GET incoming","source":"dfe2d62a13489845.txt","type":"text/plain","size":156},{"uid":"879741f66b5e88a5","name":"HTTP 200 - GET regression-org-3zmmcnuaoqos","source":"879741f66b5e88a5.txt","type":"text/plain","size":499},{"uid":"36d01401d0681828","name":"HTTP 200 - GET instances?org=regression-org-3zmmcnuaoqos&project=regression-proj-sfv0n4ql7g&cluster=default&size=100","source":"36d01401d0681828.txt","type":"text/plain","size":1186},{"uid":"c1fe2db0efe460fa","name":"HTTP 200 - GET regression-4sv0geim95?include=orgs","source":"c1fe2db0efe460fa.txt","type":"text/plain","size":477},{"uid":"ec4a413f83276a9e","name":"HTTP 200 - GET regression-4sv0geim95?include=clusters&include=system_role","source":"ec4a413f83276a9e.txt","type":"text/plain","size":529},{"uid":"3b6908592f44f8c9","name":"HTTP 200 - GET templates","source":"3b6908592f44f8c9.txt","type":"text/plain","size":2146},{"uid":"5c08910238ff4dc4","name":"HTTP 200 - GET tags","source":"5c08910238ff4dc4.txt","type":"text/plain","size":948},{"uid":"235e1cd513761e8","name":"HTTP 200 - GET instances?org=regression-org-3zmmcnuaoqos&project=regression-proj-sfv0n4ql7g&cluster=default&size=100","source":"235e1cd513761e8.txt","type":"text/plain","size":1186},{"uid":"4fd334e99e02e867","name":"HTTP 200 - GET templates?page=1&size=50","source":"4fd334e99e02e867.txt","type":"text/plain","size":2161},{"uid":"54c91a1daca3db47","name":"Screenshot: Click Continue button (success)","source":"54c91a1daca3db47.png","type":"image/png","size":151923}],"parameters":[],"shouldDisplayMessage":false,"stepsCount":0,"attachmentsCount":13,"hasContent":true,"attachmentStep":false},{"name":"Verify Apps page displayed","time":{"start":1767499167386,"stop":1767499167480,"duration":94},"status":"passed","steps":[],"attachments":[{"uid":"3539ddbb8bf39b63","name":"Page URL","source":"3539ddbb8bf39b63.txt","type":"text/plain","size":116},{"uid":"50862254487306e5","name":"Screenshot: Verify Apps page displayed (success)","source":"50862254487306e5.png","type":"image/png","size":151923}],"parameters":[],"shouldDisplayMessage":false,"stepsCount":0,"attachmentsCount":2,"hasContent":true,"attachmentStep":false}],"attachments":[{"uid":"4905f2728f02d530","name":"Page URL","source":"4905f2728f02d530.txt","type":"text/plain","size":29},{"uid":"2194507f014c9e15","name":"Screenshot: Login via UI (success)","source":"2194507f014c9e15.png","type":"image/png","size":151923}],"parameters":[],"shouldDisplayMessage":false,"stepsCount":7,"attachmentsCount":28,"hasContent":true,"attachmentStep":false},{"name":"Verify Shell app container displayed on the main page","time":{"start":1767499167578,"stop":1767499208462,"duration":40884},"status":"passed","steps":[],"attachments":[{"uid":"8a908bd26f55057","name":"Page URL","source":"8a908bd26f55057.txt","type":"text/plain","size":116},{"uid":"159f891c280f86fe","name":"Screenshot: Verify Shell app container displayed on the main page (success)","source":"159f891c280f86fe.png","type":"image/png","size":161379}],"parameters":[],"shouldDisplayMessage":false,"stepsCount":0,"attachmentsCount":2,"hasContent":true,"attachmentStep":false},{"name":"Click Install button on the Shell container","time":{"start":1767499208462,"stop":1767499211134,"duration":2672},"status":"passed","steps":[],"attachments":[{"uid":"9b3315906310d35","name":"Page URL","source":"9b3315906310d35.txt","type":"text/plain","size":116},{"uid":"dfbd50fcac65e1cc","name":"HTTP 200 - GET instances?org=regression-org-3zmmcnuaoqos&project=regression-proj-sfv0n4ql7g&cluster=default&size=100","source":"dfbd50fcac65e1cc.txt","type":"text/plain","size":1186},{"uid":"eb63f8a80d2527b9","name":"HTTP 200 - GET shell","source":"eb63f8a80d2527b9.txt","type":"text/plain","size":2237},{"uid":"2602f13ac102e5fd","name":"Screenshot: Click Install button on the Shell container (success)","source":"2602f13ac102e5fd.png","type":"image/png","size":107782}],"parameters":[],"shouldDisplayMessage":false,"stepsCount":0,"attachmentsCount":4,"hasContent":true,"attachmentStep":false},{"name":"Verify that Shell install page displayed","time":{"start":1767499211134,"stop":1767499211252,"duration":118},"status":"passed","steps":[],"attachments":[{"uid":"d08636180f289202","name":"Page URL","source":"d08636180f289202.txt","type":"text/plain","size":130},{"uid":"521e56783fc461c0","name":"Screenshot: Verify that Shell install page displayed (success)","source":"521e56783fc461c0.png","type":"image/png","size":107782}],"parameters":[],"shouldDisplayMessage":false,"stepsCount":0,"attachmentsCount":2,"hasContent":true,"attachmentStep":false},{"name":"Click Import config button","time":{"start":1767499211252,"stop":1767499211929,"duration":677},"status":"passed","steps":[],"attachments":[{"uid":"2bee0b02f1d2bde0","name":"Page URL","source":"2bee0b02f1d2bde0.txt","type":"text/plain","size":130},{"uid":"c9a747c3da04d095","name":"Screenshot: Click Import config button (success)","source":"c9a747c3da04d095.png","type":"image/png","size":125237}],"parameters":[],"shouldDisplayMessage":false,"stepsCount":0,"attachmentsCount":2,"hasContent":true,"attachmentStep":false},{"name":"Verify Import app config popup displayed","time":{"start":1767499211929,"stop":1767499212030,"duration":101},"status":"passed","steps":[],"attachments":[{"uid":"7cb6843eea22","name":"Page URL","source":"7cb6843eea22.txt","type":"text/plain","size":130},{"uid":"8d6cf260b6450b80","name":"Screenshot: Verify Import app config popup displayed (success)","source":"8d6cf260b6450b80.png","type":"image/png","size":123337}],"parameters":[],"shouldDisplayMessage":false,"stepsCount":0,"attachmentsCount":2,"hasContent":true,"attachmentStep":false},{"name":"Get Shell app import config file path","time":{"start":1767499212030,"stop":1767499212030,"duration":0},"status":"passed","steps":[],"attachments":[],"parameters":[],"shouldDisplayMessage":false,"stepsCount":0,"attachmentsCount":0,"hasContent":false,"attachmentStep":false},{"name":"Import yaml config","time":{"start":1767499212030,"stop":1767499213120,"duration":1090},"status":"passed","steps":[],"attachments":[{"uid":"73a47dfc34be9c5a","name":"Page URL","source":"73a47dfc34be9c5a.txt","type":"text/plain","size":130},{"uid":"8828080f3e9ca62d","name":"Screenshot: Import yaml config (success)","source":"8828080f3e9ca62d.png","type":"image/png","size":101000}],"parameters":[],"shouldDisplayMessage":false,"stepsCount":0,"attachmentsCount":2,"hasContent":true,"attachmentStep":false},{"name":"Click Apply config button","time":{"start":1767499213120,"stop":1767499243556,"duration":30436},"status":"failed","statusMessage":"AssertionError: [TimeoutError] during step: Click Apply config button\nMessage: Element not ready for click after 10000ms: <Locator frame=<Frame name= url='https://console.dev.apolo.us/apps/shell/install?cluster=default&project=regression-proj-sfv0n4ql7g&org=regression-org-3zmmcnuaoqos'> selector='internal:role=button[name=\"Apply config\"i]'>\nLast error: Locator expected to be enabled\nActual value: disabled \nCall log:\n  - Expect \"to_be_enabled\" with timeout 500ms\n  - waiting for get_by_role(\"button\", name=\"Apply config\")\n    4 × locator resolved to <button disabled type=\"button\" class=\"relative inline-flex cursor-pointer items-center justify-center rounded-xl py-1 transition-colors text-button h-12 gap-2 bg-primary text-white hover:bg-primary-medium active:bg-primary-dark disabled:bg-neural-01 disabled:text-neural-03 px-10 capitalize pointer-events-none\">Apply config</button>\n      - unexpected value \"disabled\"\n\n","statusTrace":"  File \"/home/runner/work/apolo-test-automation/apolo-test-automation/tests/reporting_hooks/reporting.py\", line 58, in wrapper\n    raise AssertionError(formatted_msg) from e\n","steps":[],"attachments":[{"uid":"87760a68d5da4ad8","name":"Page URL","source":"87760a68d5da4ad8.txt","type":"text/plain","size":130},{"uid":"df4c95497fe021f7","name":"Screenshot: Click Apply config button (fail)","source":"df4c95497fe021f7.png","type":"image/png","size":101000}],"parameters":[],"shouldDisplayMessage":true,"stepsCount":0,"attachmentsCount":2,"hasContent":true,"attachmentStep":false}],"attachments":[{"uid":"dafa55ef8557aa5","name":"log","source":"dafa55ef8557aa5.txt","type":"text/plain","size":32590}],"parameters":[],"shouldDisplayMessage":true,"stepsCount":16,"attachmentsCount":45,"hasContent":true,"attachmentStep":false},"afterStages":[{"name":"add_page_manager::finalizer","time":{"start":1767499243580,"stop":1767499243580,"duration":0},"status":"passed","steps":[],"attachments":[],"parameters":[],"shouldDisplayMessage":false,"stepsCount":0,"attachmentsCount":0,"hasContent":false,"attachmentStep":false},{"name":"setup_cleanup::finalizer","time":{"start":1767499243580,"stop":1767499243580,"duration":0},"status":"passed","steps":[],"attachments":[],"parameters":[],"shouldDisplayMessage":false,"stepsCount":0,"attachmentsCount":0,"hasContent":false,"attachmentStep":false},{"name":"setup_cleanup::finalizer","time":{"start":1767499243580,"stop":1767499340101,"duration":96521},"status":"passed","steps":[{"name":"Post-test cleanup","time":{"start":1767499243580,"stop":1767499340101,"duration":96521},"status":"passed","steps":[{"name":"Delete organisation: regression-org-3zmmcnuaoqos","time":{"start":1767499248854,"stop":1767499249946,"duration":1092},"status":"passed","steps":[{"name":"Delete project: regression-proj-sfv0n4ql7g","time":{"start":1767499248902,"stop":1767499249085,"duration":183},"status":"passed","steps":[],"attachments":[],"parameters":[],"shouldDisplayMessage":false,"stepsCount":0,"attachmentsCount":0,"hasContent":false,"attachmentStep":false}],"attachments":[],"parameters":[],"shouldDisplayMessage":false,"stepsCount":1,"attachmentsCount":0,"hasContent":true,"attachmentStep":false}],"attachments":[],"parameters":[],"shouldDisplayMessage":false,"stepsCount":2,"attachmentsCount":0,"hasContent":true,"attachmentStep":false}],"attachments":[],"parameters":[],"shouldDisplayMessage":false,"stepsCount":3,"attachmentsCount":0,"hasContent":true,"attachmentStep":false},{"name":"api_helper::finalizer","time":{"start":1767499340102,"stop":1767499340102,"duration":0},"status":"passed","steps":[],"attachments":[],"parameters":[],"shouldDisplayMessage":false,"stepsCount":0,"attachmentsCount":0,"hasContent":false,"attachmentStep":false},{"name":"_function_scoped_runner::0","time":{"start":1767499340103,"stop":1767499340104,"duration":1},"status":"passed","steps":[],"attachments":[],"parameters":[],"shouldDisplayMessage":false,"stepsCount":0,"attachmentsCount":0,"hasContent":false,"attachmentStep":false}],"labels":[{"name":"suite","value":"Service Deployment App"},{"name":"parentSuite","value":"E2E Tests"},{"name":"tag","value":"asyncio"},{"name":"tag","value":"class_setup"},{"name":"subSuite","value":"TestE2EServiceDeploymentApp"},{"name":"host","value":"runnervmh13bl"},{"name":"thread","value":"3024-MainThread"},{"name":"framework","value":"pytest"},{"name":"language","value":"cpython3"},{"name":"package","value":"tests.test_cases.tests_e2e.test_service_deployment_app"},{"name":"resultFormat","value":"allure2"}],"parameters":[],"links":[],"hidden":false,"retry":false,"extra":{"severity":"normal","retries":[],"categories":[{"name":"Product defects","matchedStatuses":[],"flaky":false}],"history":{"statistic":{"failed":70,"broken":0,"skipped":0,"passed":0,"unknown":0,"total":70},"items":[{"uid":"b8df9ac005e0e85c","status":"failed","statusDetails":"AssertionError: [TimeoutError] during step: Click Apply config button\nMessage: Element not ready for click after 10000ms: <Locator frame=<Frame name= url='https://console.dev.apolo.us/apps/shell/install?cluster=default&project=regression-proj-tbeavxnaud&org=regression-org-o9okqryqayfh'> selector='internal:role=button[name=\"Apply config\"i]'>\nLast error: Locator expected to be enabled\nActual value: disabled \nCall log:\n  - Expect \"to_be_enabled\" with timeout 500ms\n  - waiting for get_by_role(\"button\", name=\"Apply config\")\n    4 × locator resolved to <button disabled type=\"button\" class=\"relative inline-flex cursor-pointer items-center justify-center rounded-xl py-1 transition-colors text-button h-12 gap-2 bg-primary text-white hover:bg-primary-medium active:bg-primary-dark disabled:bg-neural-01 disabled:text-neural-03 px-10 capitalize pointer-events-none\">Apply config</button>\n      - unexpected value \"disabled\"","time":{"start":1767411901692,"stop":1767411982810,"duration":81118}},{"uid":"d6d04544c28d4551","status":"failed","statusDetails":"AssertionError: [AssertionError] during step: Verify that Shell install page displayed\nMessage: Shell Install page should be displayed!","time":{"start":1767326575539,"stop":1767326643760,"duration":68221}},{"uid":"e54871ae23e74419","status":"failed","statusDetails":"AssertionError: [TimeoutError] during step: Click Apply config button\nMessage: Element not ready for click after 10000ms: <Locator frame=<Frame name= url='https://console.dev.apolo.us/apps/shell/install?cluster=default&project=regression-proj-dkryo9n75f&org=regression-org-26tc04fut5jy'> selector='internal:role=button[name=\"Apply config\"i]'>\nLast error: Locator expected to be enabled\nActual value: disabled \nCall log:\n  - Expect \"to_be_enabled\" with timeout 500ms\n  - waiting for get_by_role(\"button\", name=\"Apply config\")\n    4 × locator resolved to <button disabled type=\"button\" class=\"relative inline-flex cursor-pointer items-center justify-center rounded-xl py-1 transition-colors text-button h-12 gap-2 bg-primary text-white hover:bg-primary-medium active:bg-primary-dark disabled:bg-neural-01 disabled:text-neural-03 px-10 capitalize pointer-events-none\">Apply config</button>\n      - unexpected value \"disabled\"","time":{"start":1767239281238,"stop":1767239362812,"duration":81574}},{"uid":"38c8c6ed062cdcc5","status":"failed","statusDetails":"AssertionError: [AssertionError] during step: Verify that Shell install page displayed\nMessage: Shell Install page should be displayed!","time":{"start":1767152799711,"stop":1767152858946,"duration":59235}},{"uid":"1dba0e1c749ac20d","status":"failed","statusDetails":"AssertionError: [TimeoutError] during step: Click Apply config button\nMessage: Element not ready for click after 10000ms: <Locator frame=<Frame name= url='https://console.dev.apolo.us/apps/shell/install?cluster=default&project=regression-proj-qne88e4vps&org=regression-org-w1c3vhsit1tq'> selector='internal:role=button[name=\"Apply config\"i]'>\nLast error: Locator expected to be enabled\nActual value: disabled \nCall log:\n  - Expect \"to_be_enabled\" with timeout 500ms\n  - waiting for get_by_role(\"button\", name=\"Apply config\")\n    4 × locator resolved to <button disabled type=\"button\" class=\"relative inline-flex cursor-pointer items-center justify-center rounded-xl py-1 transition-colors text-button h-12 gap-2 bg-primary text-white hover:bg-primary-medium active:bg-primary-dark disabled:bg-neural-01 disabled:text-neural-03 px-10 capitalize pointer-events-none\">Apply config</button>\n      - unexpected value \"disabled\"","time":{"start":1767066520216,"stop":1767066611644,"duration":91428}},{"uid":"edb518514c008273","status":"failed","statusDetails":"AssertionError: [TimeoutError] during step: Click Apply config button\nMessage: Element not ready for click after 10000ms: <Locator frame=<Frame name= url='https://console.dev.apolo.us/apps/shell/install?cluster=default&project=regression-proj-cjkae330dg&org=regression-org-lt3sa8u4hgai'> selector='internal:role=button[name=\"Apply config\"i]'>\nLast error: Locator expected to be enabled\nActual value: disabled \nCall log:\n  - Expect \"to_be_enabled\" with timeout 500ms\n  - waiting for get_by_role(\"button\", name=\"Apply config\")\n    4 × locator resolved to <button disabled type=\"button\" class=\"relative inline-flex cursor-pointer items-center justify-center rounded-xl py-1 transition-colors text-button h-12 gap-2 bg-primary text-white hover:bg-primary-medium active:bg-primary-dark disabled:bg-neural-01 disabled:text-neural-03 px-10 capitalize pointer-events-none\">Apply config</button>\n      - unexpected value \"disabled\"","time":{"start":1766980141028,"stop":1766980223458,"duration":82430}},{"uid":"d6325ce803151e48","status":"failed","statusDetails":"AssertionError: [TimeoutError] during step: Click Apply config button\nMessage: Element not ready for click after 10000ms: <Locator frame=<Frame name= url='https://console.dev.apolo.us/apps/shell/install?cluster=default&project=regression-proj-8wf67p6e4q&org=regression-org-4ghpzxz8d4qk'> selector='internal:role=button[name=\"Apply config\"i]'>\nLast error: Locator expected to be enabled\nActual value: disabled \nCall log:\n  - Expect \"to_be_enabled\" with timeout 500ms\n  - waiting for get_by_role(\"button\", name=\"Apply config\")\n    4 × locator resolved to <button disabled type=\"button\" class=\"relative inline-flex cursor-pointer items-center justify-center rounded-xl py-1 transition-colors text-button h-12 gap-2 bg-primary text-white hover:bg-primary-medium active:bg-primary-dark disabled:bg-neural-01 disabled:text-neural-03 px-10 capitalize pointer-events-none\">Apply config</button>\n      - unexpected value \"disabled\"","time":{"start":1766894119752,"stop":1766894202084,"duration":82332}},{"uid":"45cba3f467e304f6","status":"failed","statusDetails":"AssertionError: [AssertionError] during step: Verify that Shell install page displayed\nMessage: Shell Install page should be displayed!","time":{"start":1766807207032,"stop":1766807266406,"duration":59374}},{"uid":"50e3279c8ffa56c9","status":"failed","statusDetails":"AssertionError: [TimeoutError] during step: Click Apply config button\nMessage: Element not ready for click after 10000ms: <Locator frame=<Frame name= url='https://console.dev.apolo.us/apps/shell/install?cluster=default&project=regression-proj-kx5z40xav6&org=regression-org-euyp2nu5h9sb'> selector='internal:role=button[name=\"Apply config\"i]'>\nLast error: Locator expected to be enabled\nActual value: disabled \nCall log:\n  - Expect \"to_be_enabled\" with timeout 500ms\n  - waiting for get_by_role(\"button\", name=\"Apply config\")\n    4 × locator resolved to <button disabled type=\"button\" class=\"relative inline-flex cursor-pointer items-center justify-center rounded-xl py-1 transition-colors text-button h-12 gap-2 bg-primary text-white hover:bg-primary-medium active:bg-primary-dark disabled:bg-neural-01 disabled:text-neural-03 px-10 capitalize pointer-events-none\">Apply config</button>\n      - unexpected value \"disabled\"","time":{"start":1766720446909,"stop":1766720528430,"duration":81521}},{"uid":"5ae54d7a402f7ce6","status":"failed","statusDetails":"AssertionError: [AssertionError] during step: Verify that Shell install page displayed\nMessage: Shell Install page should be displayed!","time":{"start":1766634508761,"stop":1766634677026,"duration":168265}},{"uid":"44a8b8d43c0b63ac","status":"failed","statusDetails":"AssertionError: [AssertionError] during step: Login via UI\nMessage: [AssertionError] during step: Verify that Auth page displayed\nMessage: Auth page should be displayed!","time":{"start":1766547914662,"stop":1766548095138,"duration":180476}},{"uid":"5b36209fb29c2488","status":"failed","statusDetails":"AssertionError: [TimeoutError] during step: Click Apply config button\nMessage: Element not ready for click after 10000ms: <Locator frame=<Frame name= url='https://console.dev.apolo.us/apps/shell/install?cluster=default&project=regression-proj-1iqz666w2p&org=regression-org-zme67iet673p'> selector='internal:role=button[name=\"Apply config\"i]'>\nLast error: Locator expected to be enabled\nActual value: disabled \nCall log:\n  - Expect \"to_be_enabled\" with timeout 500ms\n  - waiting for get_by_role(\"button\", name=\"Apply config\")\n    4 × locator resolved to <button disabled type=\"button\" class=\"relative inline-flex cursor-pointer items-center justify-center rounded-xl py-1 transition-colors text-button h-12 gap-2 bg-primary text-white hover:bg-primary-medium active:bg-primary-dark disabled:bg-neural-01 disabled:text-neural-03 px-10 capitalize pointer-events-none\">Apply config</button>\n      - unexpected value \"disabled\"","time":{"start":1766461901411,"stop":1766461992830,"duration":91419}},{"uid":"a5fd477f4cc24041","status":"failed","statusDetails":"AssertionError: [TimeoutError] during step: Click Apply config button\nMessage: Element not ready for click after 10000ms: <Locator frame=<Frame name= url='https://console.dev.apolo.us/apps/shell/install?cluster=default&project=regression-proj-ior4wpmsxh&org=regression-org-a6230xyt3fa3'> selector='internal:role=button[name=\"Apply config\"i]'>\nLast error: Locator expected to be enabled\nActual value: disabled \nCall log:\n  - Expect \"to_be_enabled\" with timeout 500ms\n  - waiting for get_by_role(\"button\", name=\"Apply config\")\n    4 × locator resolved to <button disabled type=\"button\" class=\"relative inline-flex cursor-pointer items-center justify-center rounded-xl py-1 transition-colors text-button h-12 gap-2 bg-primary text-white hover:bg-primary-medium active:bg-primary-dark disabled:bg-neural-01 disabled:text-neural-03 px-10 capitalize pointer-events-none\">Apply config</button>\n      - unexpected value \"disabled\"","time":{"start":1766376590677,"stop":1766376672627,"duration":81950}},{"uid":"a72ac56b2123b28c","status":"failed","statusDetails":"AssertionError: [TimeoutError] during step: Click Apply config button\nMessage: Element not ready for click after 10000ms: <Locator frame=<Frame name= url='https://console.dev.apolo.us/apps/shell/install?cluster=default&project=regression-proj-ph6wty4sdc&org=regression-org-bhhpdpt398te'> selector='internal:role=button[name=\"Apply config\"i]'>\nLast error: Locator expected to be enabled\nActual value: disabled \nCall log:\n  - Expect \"to_be_enabled\" with timeout 500ms\n  - waiting for get_by_role(\"button\", name=\"Apply config\")\n    4 × locator resolved to <button disabled type=\"button\" class=\"relative inline-flex cursor-pointer items-center justify-center rounded-xl py-1 transition-colors text-button h-12 gap-2 bg-primary text-white hover:bg-primary-medium active:bg-primary-dark disabled:bg-neural-01 disabled:text-neural-03 px-10 capitalize pointer-events-none\">Apply config</button>\n      - unexpected value \"disabled\"","time":{"start":1766289546429,"stop":1766289637754,"duration":91325}},{"uid":"7037ac43cd28c365","status":"failed","statusDetails":"AssertionError: [TimeoutError] during step: Click Apply config button\nMessage: Element not ready for click after 10000ms: <Locator frame=<Frame name= url='https://console.dev.apolo.us/apps/shell/install?cluster=default&project=regression-proj-xm9ejyjiiz&org=regression-org-y034vagj7y67'> selector='internal:role=button[name=\"Apply config\"i]'>\nLast error: Locator expected to be enabled\nActual value: disabled \nCall log:\n  - Expect \"to_be_enabled\" with timeout 500ms\n  - waiting for get_by_role(\"button\", name=\"Apply config\")\n    4 × locator resolved to <button disabled type=\"button\" class=\"relative inline-flex cursor-pointer items-center justify-center rounded-xl py-1 transition-colors text-button h-12 gap-2 bg-primary text-white hover:bg-primary-medium active:bg-primary-dark disabled:bg-neural-01 disabled:text-neural-03 px-10 capitalize pointer-events-none\">Apply config</button>\n      - unexpected value \"disabled\"","time":{"start":1766202498259,"stop":1766202595401,"duration":97142}},{"uid":"b8e21f14163baa7c","status":"failed","statusDetails":"AssertionError: [AssertionError] during step: Verify that Shell install page displayed\nMessage: Shell Install page should be displayed!","time":{"start":1766116772884,"stop":1766116832525,"duration":59641}},{"uid":"e016b8d951f7ead1","status":"failed","statusDetails":"AssertionError: [AssertionError] during step: Login via UI\nMessage: [TimeoutError] during step: Click Continue button\nMessage: Locator.click: Timeout 30000ms exceeded.\nCall log:\n  - waiting for locator(\"button[type='submit'][name='action'][value='default']\")\n\nNote: Playwright Timeout. Element not found or action took too long.","time":{"start":1766030068491,"stop":1766030132139,"duration":63648}},{"uid":"69b996c857484144","status":"failed","statusDetails":"AssertionError: [TimeoutError] during step: Click Apply config button\nMessage: Element not ready for click after 10000ms: <Locator frame=<Frame name= url='https://console.dev.apolo.us/apps/shell/install?cluster=default&project=regression-proj-s5lq4whw9o&org=regression-org-00jj33kpbmz2'> selector='internal:role=button[name=\"Apply config\"i]'>\nLast error: Locator expected to be enabled\nActual value: disabled \nCall log:\n  - Expect \"to_be_enabled\" with timeout 500ms\n  - waiting for get_by_role(\"button\", name=\"Apply config\")\n    4 × locator resolved to <button disabled type=\"button\" class=\"relative inline-flex cursor-pointer items-center justify-center rounded-xl py-1 transition-colors text-button h-12 gap-2 bg-primary text-white hover:bg-primary-medium active:bg-primary-dark disabled:bg-neural-01 disabled:text-neural-03 px-10 capitalize pointer-events-none\">Apply config</button>\n      - unexpected value \"disabled\"","time":{"start":1765944774152,"stop":1765944855686,"duration":81534}},{"uid":"e6be5df210a89083","status":"failed","statusDetails":"AssertionError: [AssertionError] during step: Verify that Shell install page displayed\nMessage: Shell Install page should be displayed!","time":{"start":1765858326647,"stop":1765858396409,"duration":69762}},{"uid":"f96391daf5f77289","status":"failed","statusDetails":"AssertionError: [TimeoutError] during step: Click Apply config button\nMessage: Element not ready for click after 10000ms: <Locator frame=<Frame name= url='https://console.dev.apolo.us/apps/shell/install?cluster=default&project=regression-proj-oq8h93vxgr&org=regression-org-5xh1akm3rt1s'> selector='internal:role=button[name=\"Apply config\"i]'>\nLast error: Locator expected to be enabled\nActual value: disabled \nCall log:\n  - Expect \"to_be_enabled\" with timeout 500ms\n  - waiting for get_by_role(\"button\", name=\"Apply config\")\n    4 × locator resolved to <button disabled type=\"button\" class=\"relative inline-flex cursor-pointer items-center justify-center rounded-xl py-1 transition-colors text-button h-12 gap-2 bg-primary text-white hover:bg-primary-medium active:bg-primary-dark disabled:bg-neural-01 disabled:text-neural-03 px-10 capitalize pointer-events-none\">Apply config</button>\n      - unexpected value \"disabled\"","time":{"start":1765772091075,"stop":1765772182132,"duration":91057}}]},"tags":["asyncio","class_setup"]},"source":"927a7e5a66fa121.json","parameterValues":[]}