{"uid":"92cb306757f5dd43","name":"User make single click on Folder","fullName":"tests.test_cases.tests_ui.test_files.TestUIFiles#test_folder_single_click","historyId":"4e3da3aeee0dbea7a1bfe07bdf534f17","time":{"start":1768560993730,"stop":1768561005154,"duration":11424},"description":"\n- Login with valid credentials.\n- Create new organization via **API**.\n- Create new project via **API**.\n- Create new folder.\n- Single click on folder.\n\n### Verify that:\n\n- Folder info section appears.\n- Folder action bar appears.\n","descriptionHtml":"<div style='line-height:1.6;'><ul>\n<li>Login with valid credentials.</li>\n<li>Create new organization via <strong>API</strong>.</li>\n<li>Create new project via <strong>API</strong>.</li>\n<li>Create new folder.</li>\n<li>Single click on folder.</li>\n</ul>\n<h3>Verify that:</h3>\n<ul>\n<li>Folder info section appears.</li>\n<li>Folder action bar appears.</li>\n</ul></div>","status":"failed","statusMessage":"AssertionError: [AssertionError] during step: Login via UI\nMessage: [AssertionError] during step: Verify that Welcome new user page displayed\nMessage: Locator expected to be visible\nActual value: None\nError: element(s) not found \nCall log:\n  - Expect \"to_be_visible\" with timeout 5000ms\n  - waiting for locator(\"h3.truncate.text-h3\").filter(has_text=\"Welcome, regression-9law74fs8p@apolo.us\")","statusTrace":"tests/reporting_hooks/reporting.py:49: in wrapper\n    result = await func(*args, **kwargs)\n             ^^^^^^^^^^^^^^^^^^^^^^^^^^^\ntests/test_cases/steps/ui_steps/page_steps_impl/welcome_new_user_page_steps.py:14: in verify_ui_page_displayed\n    assert await self._pm.welcome_new_user_page.is_loaded(email=email), (\n           ^^^^^^^^^^^^^^^^^^^^^^^^^^^^^^^^^^^^^^^^^^^^^^^^^^^^^^^^^^^\ntests/components/ui/pages/onboarding_pages/welcome_new_user_page.py:27: in is_loaded\n    await self._get_welcome_user_message(email).expect_to_be_loaded()\ntests/components/ui/pages/base_element.py:51: in expect_to_be_loaded\n    await expect(self.locator).to_be_visible(timeout=timeout)\nE   AssertionError: Locator expected to be visible\nE   Actual value: None\nE   Error: element(s) not found \nE   Call log:\nE     - Expect \"to_be_visible\" with timeout 5000ms\nE     - waiting for locator(\"h3.truncate.text-h3\").filter(has_text=\"Welcome, regression-9law74fs8p@apolo.us\")\n\nThe above exception was the direct cause of the following exception:\ntests/reporting_hooks/reporting.py:49: in wrapper\n    result = await func(*args, **kwargs)\n             ^^^^^^^^^^^^^^^^^^^^^^^^^^^\ntests/test_cases/steps/ui_steps/ui_steps.py:84: in ui_login\n    await self.welcome_new_user_page.verify_ui_page_displayed(\ntests/reporting_hooks/reporting.py:58: in wrapper\n    raise AssertionError(formatted_msg) from e\nE   AssertionError: [AssertionError] during step: Verify that Welcome new user page displayed\nE   Message: Locator expected to be visible\nE   Actual value: None\nE   Error: element(s) not found \nE   Call log:\nE     - Expect \"to_be_visible\" with timeout 5000ms\nE     - waiting for locator(\"h3.truncate.text-h3\").filter(has_text=\"Welcome, regression-9law74fs8p@apolo.us\")\n\nThe above exception was the direct cause of the following exception:\ntests/test_cases/tests_ui/test_files.py:258: in test_folder_single_click\n    await steps.ui_login(user)\ntests/reporting_hooks/reporting.py:58: in wrapper\n    raise AssertionError(formatted_msg) from e\nE   AssertionError: [AssertionError] during step: Login via UI\nE   Message: [AssertionError] during step: Verify that Welcome new user page displayed\nE   Message: Locator expected to be visible\nE   Actual value: None\nE   Error: element(s) not found \nE   Call log:\nE     - Expect \"to_be_visible\" with timeout 5000ms\nE     - waiting for locator(\"h3.truncate.text-h3\").filter(has_text=\"Welcome, regression-9law74fs8p@apolo.us\")","flaky":false,"newFailed":false,"newBroken":false,"newPassed":false,"retriesCount":1,"retriesStatusChange":false,"beforeStages":[{"name":"base_url","time":{"start":1768559683016,"stop":1768559683016,"duration":0},"status":"passed","steps":[],"attachments":[],"parameters":[],"shouldDisplayMessage":false,"stepsCount":0,"attachmentsCount":0,"hasContent":false,"attachmentStep":false},{"name":"delay_worker_start","time":{"start":1768559683017,"stop":1768559683017,"duration":0},"status":"passed","steps":[],"attachments":[],"parameters":[],"shouldDisplayMessage":false,"stepsCount":0,"attachmentsCount":0,"hasContent":false,"attachmentStep":false},{"name":"event_loop_policy","time":{"start":1768559683017,"stop":1768559683017,"duration":0},"status":"passed","steps":[],"attachments":[],"parameters":[],"shouldDisplayMessage":false,"stepsCount":0,"attachmentsCount":0,"hasContent":false,"attachmentStep":false},{"name":"_verify_url","time":{"start":1768559683017,"stop":1768559683017,"duration":0},"status":"passed","steps":[],"attachments":[],"parameters":[],"shouldDisplayMessage":false,"stepsCount":0,"attachmentsCount":0,"hasContent":false,"attachmentStep":false},{"name":"pytestconfig","time":{"start":1768559683017,"stop":1768559683017,"duration":0},"status":"passed","steps":[],"attachments":[],"parameters":[],"shouldDisplayMessage":false,"stepsCount":0,"attachmentsCount":0,"hasContent":false,"attachmentStep":false},{"name":"delete_output_dir","time":{"start":1768559683017,"stop":1768559683017,"duration":0},"status":"passed","steps":[],"attachments":[],"parameters":[],"shouldDisplayMessage":false,"stepsCount":0,"attachmentsCount":0,"hasContent":false,"attachmentStep":false},{"name":"ensure_storage_directories","time":{"start":1768559683017,"stop":1768559683017,"duration":0},"status":"passed","steps":[],"attachments":[],"parameters":[],"shouldDisplayMessage":false,"stepsCount":0,"attachmentsCount":0,"hasContent":false,"attachmentStep":false},{"name":"test_config","time":{"start":1768560993056,"stop":1768560993059,"duration":3},"status":"passed","steps":[],"attachments":[],"parameters":[],"shouldDisplayMessage":false,"stepsCount":0,"attachmentsCount":0,"hasContent":false,"attachmentStep":false},{"name":"page_manager","time":{"start":1768560993059,"stop":1768560993727,"duration":668},"status":"passed","steps":[],"attachments":[],"parameters":[],"shouldDisplayMessage":false,"stepsCount":0,"attachmentsCount":0,"hasContent":false,"attachmentStep":false},{"name":"_function_scoped_runner","time":{"start":1768560993060,"stop":1768560993060,"duration":0},"status":"passed","steps":[],"attachments":[],"parameters":[],"shouldDisplayMessage":false,"stepsCount":0,"attachmentsCount":0,"hasContent":false,"attachmentStep":false},{"name":"data_manager","time":{"start":1768560993727,"stop":1768560993728,"duration":1},"status":"passed","steps":[],"attachments":[],"parameters":[],"shouldDisplayMessage":false,"stepsCount":0,"attachmentsCount":0,"hasContent":false,"attachmentStep":false},{"name":"apolo_cli","time":{"start":1768560993728,"stop":1768560993729,"duration":1},"status":"passed","steps":[],"attachments":[],"parameters":[],"shouldDisplayMessage":false,"stepsCount":0,"attachmentsCount":0,"hasContent":false,"attachmentStep":false},{"name":"users_manager","time":{"start":1768560993728,"stop":1768560993728,"duration":0},"status":"passed","steps":[],"attachments":[],"parameters":[],"shouldDisplayMessage":false,"stepsCount":0,"attachmentsCount":0,"hasContent":false,"attachmentStep":false},{"name":"api_helper","time":{"start":1768560993728,"stop":1768560993728,"duration":0},"status":"passed","steps":[],"attachments":[],"parameters":[],"shouldDisplayMessage":false,"stepsCount":0,"attachmentsCount":0,"hasContent":false,"attachmentStep":false},{"name":"setup","time":{"start":1768560993729,"stop":1768560993729,"duration":0},"status":"passed","steps":[],"attachments":[],"parameters":[],"shouldDisplayMessage":false,"stepsCount":0,"attachmentsCount":0,"hasContent":false,"attachmentStep":false},{"name":"setup_cleanup","time":{"start":1768560993729,"stop":1768560993729,"duration":0},"status":"passed","steps":[],"attachments":[],"parameters":[],"shouldDisplayMessage":false,"stepsCount":0,"attachmentsCount":0,"hasContent":false,"attachmentStep":false},{"name":"_inject_fixtures","time":{"start":1768560993729,"stop":1768560993729,"duration":0},"status":"passed","steps":[],"attachments":[],"parameters":[],"shouldDisplayMessage":false,"stepsCount":0,"attachmentsCount":0,"hasContent":false,"attachmentStep":false},{"name":"add_page_manager","time":{"start":1768560993729,"stop":1768560993729,"duration":0},"status":"passed","steps":[],"attachments":[],"parameters":[],"shouldDisplayMessage":false,"stepsCount":0,"attachmentsCount":0,"hasContent":false,"attachmentStep":false}],"testStage":{"description":"\n- Login with valid credentials.\n- Create new organization via **API**.\n- Create new project via **API**.\n- Create new folder.\n- Single click on folder.\n\n### Verify that:\n\n- Folder info section appears.\n- Folder action bar appears.\n","descriptionHtml":"<div style='line-height:1.6;'><ul>\n<li>Login with valid credentials.</li>\n<li>Create new organization via <strong>API</strong>.</li>\n<li>Create new project via <strong>API</strong>.</li>\n<li>Create new folder.</li>\n<li>Single click on folder.</li>\n</ul>\n<h3>Verify that:</h3>\n<ul>\n<li>Folder info section appears.</li>\n<li>Folder action bar appears.</li>\n</ul></div>","status":"failed","statusMessage":"AssertionError: [AssertionError] during step: Login via UI\nMessage: [AssertionError] during step: Verify that Welcome new user page displayed\nMessage: Locator expected to be visible\nActual value: None\nError: element(s) not found \nCall log:\n  - Expect \"to_be_visible\" with timeout 5000ms\n  - waiting for locator(\"h3.truncate.text-h3\").filter(has_text=\"Welcome, regression-9law74fs8p@apolo.us\")","statusTrace":"tests/reporting_hooks/reporting.py:49: in wrapper\n    result = await func(*args, **kwargs)\n             ^^^^^^^^^^^^^^^^^^^^^^^^^^^\ntests/test_cases/steps/ui_steps/page_steps_impl/welcome_new_user_page_steps.py:14: in verify_ui_page_displayed\n    assert await self._pm.welcome_new_user_page.is_loaded(email=email), (\n           ^^^^^^^^^^^^^^^^^^^^^^^^^^^^^^^^^^^^^^^^^^^^^^^^^^^^^^^^^^^\ntests/components/ui/pages/onboarding_pages/welcome_new_user_page.py:27: in is_loaded\n    await self._get_welcome_user_message(email).expect_to_be_loaded()\ntests/components/ui/pages/base_element.py:51: in expect_to_be_loaded\n    await expect(self.locator).to_be_visible(timeout=timeout)\nE   AssertionError: Locator expected to be visible\nE   Actual value: None\nE   Error: element(s) not found \nE   Call log:\nE     - Expect \"to_be_visible\" with timeout 5000ms\nE     - waiting for locator(\"h3.truncate.text-h3\").filter(has_text=\"Welcome, regression-9law74fs8p@apolo.us\")\n\nThe above exception was the direct cause of the following exception:\ntests/reporting_hooks/reporting.py:49: in wrapper\n    result = await func(*args, **kwargs)\n             ^^^^^^^^^^^^^^^^^^^^^^^^^^^\ntests/test_cases/steps/ui_steps/ui_steps.py:84: in ui_login\n    await self.welcome_new_user_page.verify_ui_page_displayed(\ntests/reporting_hooks/reporting.py:58: in wrapper\n    raise AssertionError(formatted_msg) from e\nE   AssertionError: [AssertionError] during step: Verify that Welcome new user page displayed\nE   Message: Locator expected to be visible\nE   Actual value: None\nE   Error: element(s) not found \nE   Call log:\nE     - Expect \"to_be_visible\" with timeout 5000ms\nE     - waiting for locator(\"h3.truncate.text-h3\").filter(has_text=\"Welcome, regression-9law74fs8p@apolo.us\")\n\nThe above exception was the direct cause of the following exception:\ntests/test_cases/tests_ui/test_files.py:258: in test_folder_single_click\n    await steps.ui_login(user)\ntests/reporting_hooks/reporting.py:58: in wrapper\n    raise AssertionError(formatted_msg) from e\nE   AssertionError: [AssertionError] during step: Login via UI\nE   Message: [AssertionError] during step: Verify that Welcome new user page displayed\nE   Message: Locator expected to be visible\nE   Actual value: None\nE   Error: element(s) not found \nE   Call log:\nE     - Expect \"to_be_visible\" with timeout 5000ms\nE     - waiting for locator(\"h3.truncate.text-h3\").filter(has_text=\"Welcome, regression-9law74fs8p@apolo.us\")","steps":[{"name":"Login via UI","time":{"start":1768560993730,"stop":1768561005153,"duration":11423},"status":"failed","statusMessage":"AssertionError: [AssertionError] during step: Login via UI\nMessage: [AssertionError] during step: Verify that Welcome new user page displayed\nMessage: Locator expected to be visible\nActual value: None\nError: element(s) not found \nCall log:\n  - Expect \"to_be_visible\" with timeout 5000ms\n  - waiting for locator(\"h3.truncate.text-h3\").filter(has_text=\"Welcome, regression-9law74fs8p@apolo.us\")\n\n","statusTrace":"  File \"/home/runner/work/apolo-test-automation/apolo-test-automation/tests/reporting_hooks/reporting.py\", line 58, in wrapper\n    raise AssertionError(formatted_msg) from e\n","steps":[{"name":"Verify that Auth page displayed","time":{"start":1768560993731,"stop":1768560994809,"duration":1078},"status":"passed","steps":[],"attachments":[{"uid":"75d5904cc8e55b07","name":"Page URL","source":"75d5904cc8e55b07.txt","type":"text/plain","size":29},{"uid":"7b79f7c4903b6a41","name":"HTTP 200 - GET config","source":"7b79f7c4903b6a41.txt","type":"text/plain","size":673},{"uid":"8b41e24a3191bcb0","name":"Screenshot: Verify that Auth page displayed (success)","source":"8b41e24a3191bcb0.png","type":"image/png","size":88563}],"parameters":[],"shouldDisplayMessage":false,"stepsCount":0,"attachmentsCount":3,"hasContent":true,"attachmentStep":false},{"name":"Click login button","time":{"start":1768560994809,"stop":1768560995756,"duration":947},"status":"passed","steps":[],"attachments":[{"uid":"9e9b5a54514cd099","name":"Page URL","source":"9e9b5a54514cd099.txt","type":"text/plain","size":33},{"uid":"ce5ee69d9a4b4d34","name":"Screenshot: Click login button (success)","source":"ce5ee69d9a4b4d34.png","type":"image/png","size":41341}],"parameters":[],"shouldDisplayMessage":false,"stepsCount":0,"attachmentsCount":2,"hasContent":true,"attachmentStep":false},{"name":"Verify that Login page displayed","time":{"start":1768560995757,"stop":1768560995822,"duration":65},"status":"passed","steps":[],"attachments":[{"uid":"845f7a7f8ff10b9d","name":"Page URL","source":"845f7a7f8ff10b9d.txt","type":"text/plain","size":215},{"uid":"1ddf5c596d2cc552","name":"Screenshot: Verify that Login page displayed (success)","source":"1ddf5c596d2cc552.png","type":"image/png","size":41663}],"parameters":[],"shouldDisplayMessage":false,"stepsCount":0,"attachmentsCount":2,"hasContent":true,"attachmentStep":false},{"name":"Enter email","time":{"start":1768560995822,"stop":1768560996136,"duration":314},"status":"passed","steps":[],"attachments":[{"uid":"b64d4e5669567028","name":"Page URL","source":"b64d4e5669567028.txt","type":"text/plain","size":215},{"uid":"cf41fdb02d7ad2b7","name":"Screenshot: Enter email (success)","source":"cf41fdb02d7ad2b7.png","type":"image/png","size":46049}],"parameters":[],"shouldDisplayMessage":false,"stepsCount":0,"attachmentsCount":2,"hasContent":true,"attachmentStep":false},{"name":"Enter password","time":{"start":1768560996137,"stop":1768560996452,"duration":315},"status":"passed","steps":[],"attachments":[{"uid":"7ed078e463c98c22","name":"Page URL","source":"7ed078e463c98c22.txt","type":"text/plain","size":215},{"uid":"2bb7a6f582699231","name":"Screenshot: Enter password (success)","source":"2bb7a6f582699231.png","type":"image/png","size":46189}],"parameters":[],"shouldDisplayMessage":false,"stepsCount":0,"attachmentsCount":2,"hasContent":true,"attachmentStep":false},{"name":"Click Continue button","time":{"start":1768560996452,"stop":1768560999011,"duration":2559},"status":"passed","steps":[],"attachments":[{"uid":"fc602d1343392e6","name":"Page URL","source":"fc602d1343392e6.txt","type":"text/plain","size":215},{"uid":"438657334f2a7ae4","name":"HTTP 200 - GET config","source":"438657334f2a7ae4.txt","type":"text/plain","size":2137},{"uid":"fda0d2fa93bcb061","name":"HTTP 200 - GET permissions?uri=blob:","source":"fda0d2fa93bcb061.txt","type":"text/plain","size":182},{"uid":"4e8c73b770daccfb","name":"HTTP 200 - GET incoming","source":"4e8c73b770daccfb.txt","type":"text/plain","size":156},{"uid":"7badf60388c0f8","name":"HTTP 200 - GET regression-9law74fs8p?include=orgs","source":"7badf60388c0f8.txt","type":"text/plain","size":474},{"uid":"2cb356ed89d68827","name":"HTTP 200 - GET regression-org-ulap389if5vc","source":"2cb356ed89d68827.txt","type":"text/plain","size":444},{"uid":"ff0b88f4f80e3fc9","name":"HTTP 200 - GET regression-9law74fs8p?include=clusters&include=system_role","source":"ff0b88f4f80e3fc9.txt","type":"text/plain","size":529},{"uid":"a3312de3c5769e9e","name":"Screenshot: Click Continue button (success)","source":"a3312de3c5769e9e.png","type":"image/png","size":61609}],"parameters":[],"shouldDisplayMessage":false,"stepsCount":0,"attachmentsCount":8,"hasContent":true,"attachmentStep":false},{"name":"Verify that Welcome new user page displayed","time":{"start":1768560999017,"stop":1768561005091,"duration":6074},"status":"failed","statusMessage":"AssertionError: [AssertionError] during step: Verify that Welcome new user page displayed\nMessage: Locator expected to be visible\nActual value: None\nError: element(s) not found \nCall log:\n  - Expect \"to_be_visible\" with timeout 5000ms\n  - waiting for locator(\"h3.truncate.text-h3\").filter(has_text=\"Welcome, regression-9law74fs8p@apolo.us\")\n\n","statusTrace":"  File \"/home/runner/work/apolo-test-automation/apolo-test-automation/tests/reporting_hooks/reporting.py\", line 58, in wrapper\n    raise AssertionError(formatted_msg) from e\n","steps":[],"attachments":[{"uid":"1e69e614e2dcbf76","name":"Page URL","source":"1e69e614e2dcbf76.txt","type":"text/plain","size":81},{"uid":"454d24e9371bf0b6","name":"Screenshot: Verify that Welcome new user page displayed (fail)","source":"454d24e9371bf0b6.png","type":"image/png","size":61609}],"parameters":[],"shouldDisplayMessage":true,"stepsCount":0,"attachmentsCount":2,"hasContent":true,"attachmentStep":false}],"attachments":[{"uid":"50f0901890b44133","name":"Page URL","source":"50f0901890b44133.txt","type":"text/plain","size":29},{"uid":"a3f5cc67db389784","name":"HTTP 200 - GET tags","source":"a3f5cc67db389784.txt","type":"text/plain","size":948},{"uid":"a1b313b802bad661","name":"Screenshot: Login via UI (fail)","source":"a1b313b802bad661.png","type":"image/png","size":61609}],"parameters":[],"shouldDisplayMessage":true,"stepsCount":7,"attachmentsCount":24,"hasContent":true,"attachmentStep":false}],"attachments":[{"uid":"7d0548dffec5287b","name":"log","source":"7d0548dffec5287b.txt","type":"text/plain","size":23080}],"parameters":[],"shouldDisplayMessage":true,"stepsCount":8,"attachmentsCount":25,"hasContent":true,"attachmentStep":false},"afterStages":[{"name":"setup_cleanup::finalizer","time":{"start":1768561005186,"stop":1768561005186,"duration":0},"status":"passed","steps":[],"attachments":[],"parameters":[],"shouldDisplayMessage":false,"stepsCount":0,"attachmentsCount":0,"hasContent":false,"attachmentStep":false},{"name":"setup_cleanup::finalizer","time":{"start":1768561005186,"stop":1768561010005,"duration":4819},"status":"passed","steps":[{"name":"Post-test cleanup","time":{"start":1768561005186,"stop":1768561010005,"duration":4819},"status":"passed","steps":[{"name":"Delete organisation: regression-org-ulap389if5vc","time":{"start":1768561009371,"stop":1768561009969,"duration":598},"status":"passed","steps":[],"attachments":[],"parameters":[],"shouldDisplayMessage":false,"stepsCount":0,"attachmentsCount":0,"hasContent":false,"attachmentStep":false}],"attachments":[],"parameters":[],"shouldDisplayMessage":false,"stepsCount":1,"attachmentsCount":0,"hasContent":true,"attachmentStep":false}],"attachments":[],"parameters":[],"shouldDisplayMessage":false,"stepsCount":2,"attachmentsCount":0,"hasContent":true,"attachmentStep":false},{"name":"add_page_manager::finalizer","time":{"start":1768561005186,"stop":1768561005186,"duration":0},"status":"passed","steps":[],"attachments":[],"parameters":[],"shouldDisplayMessage":false,"stepsCount":0,"attachmentsCount":0,"hasContent":false,"attachmentStep":false},{"name":"api_helper::finalizer","time":{"start":1768561010006,"stop":1768561010006,"duration":0},"status":"passed","steps":[],"attachments":[],"parameters":[],"shouldDisplayMessage":false,"stepsCount":0,"attachmentsCount":0,"hasContent":false,"attachmentStep":false},{"name":"_function_scoped_runner::0","time":{"start":1768561010007,"stop":1768561010007,"duration":0},"status":"passed","steps":[],"attachments":[],"parameters":[],"shouldDisplayMessage":false,"stepsCount":0,"attachmentsCount":0,"hasContent":false,"attachmentStep":false}],"labels":[{"name":"parentSuite","value":"UI Tests"},{"name":"suite","value":"UI Files"},{"name":"tag","value":"asyncio"},{"name":"subSuite","value":"TestUIFiles"},{"name":"host","value":"runnervmmtnos"},{"name":"thread","value":"3027-MainThread"},{"name":"framework","value":"pytest"},{"name":"language","value":"cpython3"},{"name":"package","value":"tests.test_cases.tests_ui.test_files"},{"name":"resultFormat","value":"allure2"}],"parameters":[],"links":[],"hidden":false,"retry":false,"extra":{"severity":"normal","retries":[{"uid":"444993efed36cf63","status":"failed","statusDetails":"AssertionError: [TimeoutError] during step: Add organization via API and reload page\nMessage:","time":{"start":1768560909267,"stop":1768560977326,"duration":68059}}],"categories":[{"name":"Product defects","matchedStatuses":[],"flaky":false}],"history":{"statistic":{"failed":86,"broken":0,"skipped":0,"passed":71,"unknown":0,"total":157},"items":[{"uid":"53b0edf7f0ba9be","status":"failed","statusDetails":"AssertionError: [AssertionError] during step: Verify File info section displayed\nMessage: File info section for New Folder 1 should be displayed!","time":{"start":1768393807367,"stop":1768393884246,"duration":76879}},{"uid":"36bbef933ce24f4d","status":"failed","statusDetails":"AssertionError: [AssertionError] during step: Verify File info section displayed\nMessage: File info section for New Folder 1 should be displayed!","time":{"start":1768182883023,"stop":1768182946151,"duration":63128}},{"uid":"f323779b6c6dbd12","status":"failed","statusDetails":"AssertionError: [AssertionError] during step: Verify File info section displayed\nMessage: File info section for New Folder 1 should be displayed!","time":{"start":1768096723899,"stop":1768096778857,"duration":54958}},{"uid":"3ad2f4753945ce66","status":"failed","statusDetails":"AssertionError: [AssertionError] during step: Verify File info section displayed\nMessage: File info section for New Folder 1 should be displayed!","time":{"start":1768009961071,"stop":1768010036902,"duration":75831}},{"uid":"d2d6af960e954bf9","status":"failed","statusDetails":"AssertionError: [AssertionError] during step: Verify File info section displayed\nMessage: File info section for New Folder 1 should be displayed!","time":{"start":1767923539958,"stop":1767923609976,"duration":70018}},{"uid":"41cf9ee0198404cc","status":"failed","statusDetails":"AssertionError: [AssertionError] during step: Verify File info section displayed\nMessage: File info section for New Folder 1 should be displayed!","time":{"start":1767837425201,"stop":1767837483436,"duration":58235}},{"uid":"e3df450c34a75ab4","status":"failed","statusDetails":"AssertionError: [AssertionError] during step: Verify File info section displayed\nMessage: File info section for New Folder 1 should be displayed!","time":{"start":1767751300150,"stop":1767751376776,"duration":76626}},{"uid":"29ac59adfe9a57ea","status":"failed","statusDetails":"AssertionError: [AssertionError] during step: Verify File info section displayed\nMessage: File info section for New Folder 1 should be displayed!","time":{"start":1767665549316,"stop":1767665642768,"duration":93452}},{"uid":"c7ef58fce53f2c6b","status":"failed","statusDetails":"AssertionError: [AssertionError] during step: Verify File info section displayed\nMessage: File info section for New Folder 1 should be displayed!","time":{"start":1767578066476,"stop":1767578139578,"duration":73102}},{"uid":"3d91d9aa1ee821f7","status":"failed","statusDetails":"AssertionError: [AssertionError] during step: Verify File info section displayed\nMessage: File info section for New Folder 1 should be displayed!","time":{"start":1767491831855,"stop":1767491892947,"duration":61092}},{"uid":"38ded8fec45567a5","status":"failed","statusDetails":"AssertionError: [AssertionError] during step: Verify File info section displayed\nMessage: File info section for New Folder 1 should be displayed!","time":{"start":1767405469117,"stop":1767405534724,"duration":65607}},{"uid":"abed8b6799007525","status":"failed","statusDetails":"AssertionError: [AssertionError] during step: Verify File info section displayed\nMessage: File info section for New Folder 1 should be displayed!","time":{"start":1767318793493,"stop":1767318854178,"duration":60685}},{"uid":"9a5354dc4603e4df","status":"failed","statusDetails":"AssertionError: [AssertionError] during step: Verify File info section displayed\nMessage: File info section for New Folder 1 should be displayed!","time":{"start":1767232485896,"stop":1767232565900,"duration":80004}},{"uid":"58f8449bb813d038","status":"failed","statusDetails":"AssertionError: [AssertionError] during step: Verify File info section displayed\nMessage: File info section for New Folder 1 should be displayed!","time":{"start":1767146188460,"stop":1767146259914,"duration":71454}},{"uid":"4d965929c108175d","status":"failed","statusDetails":"AssertionError: [AssertionError] during step: Verify File info section displayed\nMessage: File info section for New Folder 1 should be displayed!","time":{"start":1767059663053,"stop":1767059737618,"duration":74565}},{"uid":"711e27c4d2306759","status":"failed","statusDetails":"AssertionError: [AssertionError] during step: Verify File info section displayed\nMessage: File info section for New Folder 1 should be displayed!","time":{"start":1766973123026,"stop":1766973203019,"duration":79993}},{"uid":"2eda10966627be1c","status":"failed","statusDetails":"AssertionError: [AssertionError] during step: Verify File info section displayed\nMessage: File info section for New Folder 1 should be displayed!","time":{"start":1766886817339,"stop":1766886865642,"duration":48303}},{"uid":"44768282f326bcc2","status":"failed","statusDetails":"AssertionError: [AssertionError] during step: Verify File info section displayed\nMessage: File info section for New Folder 1 should be displayed!","time":{"start":1766800452947,"stop":1766800518405,"duration":65458}},{"uid":"89e8a7b2c4bba1de","status":"failed","statusDetails":"AssertionError: [AssertionError] during step: Verify File info section displayed\nMessage: File info section for New Folder 1 should be displayed!","time":{"start":1766713870142,"stop":1766713935769,"duration":65627}},{"uid":"b8ad09fa6a35146e","status":"failed","statusDetails":"AssertionError: [AssertionError] during step: Verify File info section displayed\nMessage: File info section for New Folder 1 should be displayed!","time":{"start":1766627642939,"stop":1766627705496,"duration":62557}}]},"tags":["asyncio"]},"source":"92cb306757f5dd43.json","parameterValues":[]}