{"uid":"9e1f7135b8d0c","name":"Admin download text file via CLI","fullName":"tests.test_cases.tests_cli.test_storage.TestCLIStorage#test_admin_download_txt_file_cli","historyId":"9825461d6eb2d3538d12d03a61bfe467","time":{"start":1761189063032,"stop":1761189150584,"duration":87552},"description":"\n- Login with valid credentials via **UI**.\n- Get Bearer auth token from Playwright local storage.\n- Create new organization via **API**.\n- Login with Bearer auth token via **CLI**.\n- Create new project via **CLI**.\n- Upload `text` file via **CLI**.\n\n### Verify that:\n\n- User can download `txt` file via **CLI**.\n- downloaded `txt` file md5 hash matches expected file.\n","descriptionHtml":"<div style='line-height:1.6;'><ul>\n<li>Login with valid credentials via <strong>UI</strong>.</li>\n<li>Get Bearer auth token from Playwright local storage.</li>\n<li>Create new organization via <strong>API</strong>.</li>\n<li>Login with Bearer auth token via <strong>CLI</strong>.</li>\n<li>Create new project via <strong>CLI</strong>.</li>\n<li>Upload <span style='background-color:#D3D3D3; padding:2px 4px; border-radius:3px; font-family:monospace;'>text</span> file via <strong>CLI</strong>.</li>\n</ul>\n<h3>Verify that:</h3>\n<ul>\n<li>User can download <span style='background-color:#D3D3D3; padding:2px 4px; border-radius:3px; font-family:monospace;'>txt</span> file via <strong>CLI</strong>.</li>\n<li>downloaded <span style='background-color:#D3D3D3; padding:2px 4px; border-radius:3px; font-family:monospace;'>txt</span> file md5 hash matches expected file.</li>\n</ul></div>","status":"failed","statusMessage":"AssertionError: [AssertionError] during step: Add organization via API and reload page\nMessage: [TimeoutError] during step: Reload page\nMessage: Page.reload: Timeout 30000ms exceeded.\nCall log:\n  - waiting for navigation until \"load\"\n\nNote: Playwright Timeout. Element not found or action took too long.","statusTrace":"tests/reporting_hooks/reporting.py:49: in wrapper\n    result = await func(*args, **kwargs)\n             ^^^^^^^^^^^^^^^^^^^^^^^^^^^\ntests/test_cases/steps/ui_steps/ui_steps.py:31: in ui_reload_page\n    await self._pm.page.reload()\n.venv/lib/python3.13/site-packages/playwright/async_api/_generated.py:9033: in reload\n    await self._impl_obj.reload(timeout=timeout, waitUntil=wait_until)\n.venv/lib/python3.13/site-packages/playwright/_impl/_page.py:564: in reload\n    await self._channel.send(\n.venv/lib/python3.13/site-packages/playwright/_impl/_connection.py:69: in send\n    return await self._connection.wrap_api_call(\n.venv/lib/python3.13/site-packages/playwright/_impl/_connection.py:558: in wrap_api_call\n    raise rewrite_error(error, f\"{parsed_st['apiName']}: {error}\") from None\nE   playwright._impl._errors.TimeoutError: Page.reload: Timeout 30000ms exceeded.\nE   Call log:\nE     - waiting for navigation until \"load\"\n\nThe above exception was the direct cause of the following exception:\ntests/reporting_hooks/reporting.py:49: in wrapper\n    result = await func(*args, **kwargs)\n             ^^^^^^^^^^^^^^^^^^^^^^^^^^^\ntests/test_cases/steps/ui_steps/ui_steps.py:373: in ui_add_org_api\n    await self.ui_reload_page()\ntests/reporting_hooks/reporting.py:58: in wrapper\n    raise AssertionError(formatted_msg) from e\nE   AssertionError: [TimeoutError] during step: Reload page\nE   Message: Page.reload: Timeout 30000ms exceeded.\nE   Call log:\nE     - waiting for navigation until \"load\"\nE   \nE   Note: Playwright Timeout. Element not found or action took too long.\n\nThe above exception was the direct cause of the following exception:\ntests/test_cases/tests_cli/test_storage.py:253: in test_admin_download_txt_file_cli\n    await self._ui_steps.ui_add_org_api(\ntests/reporting_hooks/reporting.py:58: in wrapper\n    raise AssertionError(formatted_msg) from e\nE   AssertionError: [AssertionError] during step: Add organization via API and reload page\nE   Message: [TimeoutError] during step: Reload page\nE   Message: Page.reload: Timeout 30000ms exceeded.\nE   Call log:\nE     - waiting for navigation until \"load\"\nE   \nE   Note: Playwright Timeout. Element not found or action took too long.","flaky":true,"newFailed":true,"newBroken":false,"newPassed":false,"retriesCount":2,"retriesStatusChange":true,"beforeStages":[{"name":"base_url","time":{"start":1761183183368,"stop":1761183183368,"duration":0},"status":"passed","steps":[],"attachments":[],"parameters":[],"shouldDisplayMessage":false,"stepsCount":0,"attachmentsCount":0,"hasContent":false,"attachmentStep":false},{"name":"event_loop_policy","time":{"start":1761183183368,"stop":1761183183368,"duration":0},"status":"passed","steps":[],"attachments":[],"parameters":[],"shouldDisplayMessage":false,"stepsCount":0,"attachmentsCount":0,"hasContent":false,"attachmentStep":false},{"name":"_verify_url","time":{"start":1761183183368,"stop":1761183183368,"duration":0},"status":"passed","steps":[],"attachments":[],"parameters":[],"shouldDisplayMessage":false,"stepsCount":0,"attachmentsCount":0,"hasContent":false,"attachmentStep":false},{"name":"delay_worker_start","time":{"start":1761183183369,"stop":1761183198369,"duration":15000},"status":"passed","steps":[],"attachments":[],"parameters":[],"shouldDisplayMessage":false,"stepsCount":0,"attachmentsCount":0,"hasContent":false,"attachmentStep":false},{"name":"pytestconfig","time":{"start":1761183183369,"stop":1761183183369,"duration":0},"status":"passed","steps":[],"attachments":[],"parameters":[],"shouldDisplayMessage":false,"stepsCount":0,"attachmentsCount":0,"hasContent":false,"attachmentStep":false},{"name":"delete_output_dir","time":{"start":1761183183369,"stop":1761183183369,"duration":0},"status":"passed","steps":[],"attachments":[],"parameters":[],"shouldDisplayMessage":false,"stepsCount":0,"attachmentsCount":0,"hasContent":false,"attachmentStep":false},{"name":"ensure_storage_directories","time":{"start":1761183198370,"stop":1761183198370,"duration":0},"status":"passed","steps":[],"attachments":[],"parameters":[],"shouldDisplayMessage":false,"stepsCount":0,"attachmentsCount":0,"hasContent":false,"attachmentStep":false},{"name":"test_config","time":{"start":1761189060911,"stop":1761189060914,"duration":3},"status":"passed","steps":[],"attachments":[],"parameters":[],"shouldDisplayMessage":false,"stepsCount":0,"attachmentsCount":0,"hasContent":false,"attachmentStep":false},{"name":"page_manager","time":{"start":1761189060914,"stop":1761189062536,"duration":1622},"status":"passed","steps":[],"attachments":[{"uid":"f839be24405587ff","name":"HTTP 200 - GET config","source":"f839be24405587ff.txt","type":"text/plain","size":673}],"parameters":[],"shouldDisplayMessage":false,"stepsCount":0,"attachmentsCount":1,"hasContent":true,"attachmentStep":false},{"name":"_function_scoped_runner","time":{"start":1761189060914,"stop":1761189060914,"duration":0},"status":"passed","steps":[],"attachments":[],"parameters":[],"shouldDisplayMessage":false,"stepsCount":0,"attachmentsCount":0,"hasContent":false,"attachmentStep":false},{"name":"api_helper","time":{"start":1761189062536,"stop":1761189062536,"duration":0},"status":"passed","steps":[],"attachments":[],"parameters":[],"shouldDisplayMessage":false,"stepsCount":0,"attachmentsCount":0,"hasContent":false,"attachmentStep":false},{"name":"users_manager","time":{"start":1761189062536,"stop":1761189062536,"duration":0},"status":"passed","steps":[],"attachments":[],"parameters":[],"shouldDisplayMessage":false,"stepsCount":0,"attachmentsCount":0,"hasContent":false,"attachmentStep":false},{"name":"data_manager","time":{"start":1761189062536,"stop":1761189062536,"duration":0},"status":"passed","steps":[],"attachments":[],"parameters":[],"shouldDisplayMessage":false,"stepsCount":0,"attachmentsCount":0,"hasContent":false,"attachmentStep":false},{"name":"_inject_fixtures","time":{"start":1761189062537,"stop":1761189062538,"duration":1},"status":"passed","steps":[],"attachments":[],"parameters":[],"shouldDisplayMessage":false,"stepsCount":0,"attachmentsCount":0,"hasContent":false,"attachmentStep":false},{"name":"add_page_manager","time":{"start":1761189062537,"stop":1761189062537,"duration":0},"status":"passed","steps":[],"attachments":[],"parameters":[],"shouldDisplayMessage":false,"stepsCount":0,"attachmentsCount":0,"hasContent":false,"attachmentStep":false},{"name":"setup_cleanup","time":{"start":1761189062537,"stop":1761189062537,"duration":0},"status":"passed","steps":[],"attachments":[],"parameters":[],"shouldDisplayMessage":false,"stepsCount":0,"attachmentsCount":0,"hasContent":false,"attachmentStep":false},{"name":"apolo_cli","time":{"start":1761189062537,"stop":1761189062537,"duration":0},"status":"passed","steps":[],"attachments":[],"parameters":[],"shouldDisplayMessage":false,"stepsCount":0,"attachmentsCount":0,"hasContent":false,"attachmentStep":false},{"name":"setup","time":{"start":1761189062538,"stop":1761189063031,"duration":493},"status":"passed","steps":[{"name":"Verify Apolo CLI client is installed","time":{"start":1761189062538,"stop":1761189063031,"duration":493},"status":"passed","steps":[],"attachments":[{"uid":"e51f22fa4e519804","name":"Executed CLI command","source":"e51f22fa4e519804.txt","type":"text/plain","size":15},{"uid":"602011c85d024ad6","name":"Executed CLI command output","source":"602011c85d024ad6.txt","type":"text/plain","size":28}],"parameters":[],"shouldDisplayMessage":false,"stepsCount":0,"attachmentsCount":2,"hasContent":true,"attachmentStep":false}],"attachments":[],"parameters":[],"shouldDisplayMessage":false,"stepsCount":1,"attachmentsCount":2,"hasContent":true,"attachmentStep":false}],"testStage":{"description":"\n- Login with valid credentials via **UI**.\n- Get Bearer auth token from Playwright local storage.\n- Create new organization via **API**.\n- Login with Bearer auth token via **CLI**.\n- Create new project via **CLI**.\n- Upload `text` file via **CLI**.\n\n### Verify that:\n\n- User can download `txt` file via **CLI**.\n- downloaded `txt` file md5 hash matches expected file.\n","descriptionHtml":"<div style='line-height:1.6;'><ul>\n<li>Login with valid credentials via <strong>UI</strong>.</li>\n<li>Get Bearer auth token from Playwright local storage.</li>\n<li>Create new organization via <strong>API</strong>.</li>\n<li>Login with Bearer auth token via <strong>CLI</strong>.</li>\n<li>Create new project via <strong>CLI</strong>.</li>\n<li>Upload <span style='background-color:#D3D3D3; padding:2px 4px; border-radius:3px; font-family:monospace;'>text</span> file via <strong>CLI</strong>.</li>\n</ul>\n<h3>Verify that:</h3>\n<ul>\n<li>User can download <span style='background-color:#D3D3D3; padding:2px 4px; border-radius:3px; font-family:monospace;'>txt</span> file via <strong>CLI</strong>.</li>\n<li>downloaded <span style='background-color:#D3D3D3; padding:2px 4px; border-radius:3px; font-family:monospace;'>txt</span> file md5 hash matches expected file.</li>\n</ul></div>","status":"failed","statusMessage":"AssertionError: [AssertionError] during step: Add organization via API and reload page\nMessage: [TimeoutError] during step: Reload page\nMessage: Page.reload: Timeout 30000ms exceeded.\nCall log:\n  - waiting for navigation until \"load\"\n\nNote: Playwright Timeout. Element not found or action took too long.","statusTrace":"tests/reporting_hooks/reporting.py:49: in wrapper\n    result = await func(*args, **kwargs)\n             ^^^^^^^^^^^^^^^^^^^^^^^^^^^\ntests/test_cases/steps/ui_steps/ui_steps.py:31: in ui_reload_page\n    await self._pm.page.reload()\n.venv/lib/python3.13/site-packages/playwright/async_api/_generated.py:9033: in reload\n    await self._impl_obj.reload(timeout=timeout, waitUntil=wait_until)\n.venv/lib/python3.13/site-packages/playwright/_impl/_page.py:564: in reload\n    await self._channel.send(\n.venv/lib/python3.13/site-packages/playwright/_impl/_connection.py:69: in send\n    return await self._connection.wrap_api_call(\n.venv/lib/python3.13/site-packages/playwright/_impl/_connection.py:558: in wrap_api_call\n    raise rewrite_error(error, f\"{parsed_st['apiName']}: {error}\") from None\nE   playwright._impl._errors.TimeoutError: Page.reload: Timeout 30000ms exceeded.\nE   Call log:\nE     - waiting for navigation until \"load\"\n\nThe above exception was the direct cause of the following exception:\ntests/reporting_hooks/reporting.py:49: in wrapper\n    result = await func(*args, **kwargs)\n             ^^^^^^^^^^^^^^^^^^^^^^^^^^^\ntests/test_cases/steps/ui_steps/ui_steps.py:373: in ui_add_org_api\n    await self.ui_reload_page()\ntests/reporting_hooks/reporting.py:58: in wrapper\n    raise AssertionError(formatted_msg) from e\nE   AssertionError: [TimeoutError] during step: Reload page\nE   Message: Page.reload: Timeout 30000ms exceeded.\nE   Call log:\nE     - waiting for navigation until \"load\"\nE   \nE   Note: Playwright Timeout. Element not found or action took too long.\n\nThe above exception was the direct cause of the following exception:\ntests/test_cases/tests_cli/test_storage.py:253: in test_admin_download_txt_file_cli\n    await self._ui_steps.ui_add_org_api(\ntests/reporting_hooks/reporting.py:58: in wrapper\n    raise AssertionError(formatted_msg) from e\nE   AssertionError: [AssertionError] during step: Add organization via API and reload page\nE   Message: [TimeoutError] during step: Reload page\nE   Message: Page.reload: Timeout 30000ms exceeded.\nE   Call log:\nE     - waiting for navigation until \"load\"\nE   \nE   Note: Playwright Timeout. Element not found or action took too long.","steps":[{"name":"Login via UI","time":{"start":1761189063032,"stop":1761189069590,"duration":6558},"status":"passed","steps":[{"name":"Click login button","time":{"start":1761189063032,"stop":1761189064361,"duration":1329},"status":"passed","steps":[],"attachments":[{"uid":"9c968182aa54bc38","name":"Page URL","source":"9c968182aa54bc38.txt","type":"text/plain","size":33},{"uid":"58b6cf83e5f708d6","name":"Screenshot: Click login button (success)","source":"58b6cf83e5f708d6.png","type":"image/png","size":41538}],"parameters":[],"shouldDisplayMessage":false,"stepsCount":0,"attachmentsCount":2,"hasContent":true,"attachmentStep":false},{"name":"Enter email","time":{"start":1761189064361,"stop":1761189064701,"duration":340},"status":"passed","steps":[],"attachments":[{"uid":"279fdaec94574425","name":"Page URL","source":"279fdaec94574425.txt","type":"text/plain","size":215},{"uid":"99d1e8526fb4ae08","name":"Screenshot: Enter email (success)","source":"99d1e8526fb4ae08.png","type":"image/png","size":46224}],"parameters":[],"shouldDisplayMessage":false,"stepsCount":0,"attachmentsCount":2,"hasContent":true,"attachmentStep":false},{"name":"Enter password","time":{"start":1761189064701,"stop":1761189065041,"duration":340},"status":"passed","steps":[],"attachments":[{"uid":"a2d90a542a7bcfa4","name":"Page URL","source":"a2d90a542a7bcfa4.txt","type":"text/plain","size":215},{"uid":"42fd9774657774ec","name":"Screenshot: Enter password (success)","source":"42fd9774657774ec.png","type":"image/png","size":46364}],"parameters":[],"shouldDisplayMessage":false,"stepsCount":0,"attachmentsCount":2,"hasContent":true,"attachmentStep":false},{"name":"Click Continue button","time":{"start":1761189065041,"stop":1761189068375,"duration":3334},"status":"passed","steps":[],"attachments":[{"uid":"59abd6e08414c75d","name":"Page URL","source":"59abd6e08414c75d.txt","type":"text/plain","size":215},{"uid":"b80b2fe6194bab1e","name":"HTTP 200 - GET config","source":"b80b2fe6194bab1e.txt","type":"text/plain","size":771},{"uid":"6934f851a7b0b16b","name":"HTTP 200 - GET regression-5r0fdjwx8m?include=clusters&include=system_role","source":"6934f851a7b0b16b.txt","type":"text/plain","size":407},{"uid":"478fe3451c4bcdee","name":"HTTP 200 - GET incoming","source":"478fe3451c4bcdee.txt","type":"text/plain","size":156},{"uid":"3692a930a596385c","name":"HTTP 200 - GET permissions?uri=blob:","source":"3692a930a596385c.txt","type":"text/plain","size":182},{"uid":"1f2390f7f8efef0","name":"HTTP 200 - GET regression-5r0fdjwx8m?include=orgs","source":"1f2390f7f8efef0.txt","type":"text/plain","size":379},{"uid":"f8a6ed46c21bc721","name":"Screenshot: Click Continue button (success)","source":"f8a6ed46c21bc721.png","type":"image/png","size":161622}],"parameters":[],"shouldDisplayMessage":false,"stepsCount":0,"attachmentsCount":7,"hasContent":true,"attachmentStep":false},{"name":"Verify that Welcome new user page displayed","time":{"start":1761189068385,"stop":1761189069497,"duration":1112},"status":"passed","steps":[],"attachments":[{"uid":"b48c2d7bdaa981ed","name":"Page URL","source":"b48c2d7bdaa981ed.txt","type":"text/plain","size":44},{"uid":"c4ebf3a3996464e6","name":"Screenshot: Verify that Welcome new user page displayed (success)","source":"c4ebf3a3996464e6.png","type":"image/png","size":161622}],"parameters":[],"shouldDisplayMessage":false,"stepsCount":0,"attachmentsCount":2,"hasContent":true,"attachmentStep":false}],"attachments":[{"uid":"83f8c8d1c7c51708","name":"Page URL","source":"83f8c8d1c7c51708.txt","type":"text/plain","size":33},{"uid":"7cafce5d4010de21","name":"Screenshot: Login via UI (success)","source":"7cafce5d4010de21.png","type":"image/png","size":161622}],"parameters":[],"shouldDisplayMessage":false,"stepsCount":5,"attachmentsCount":17,"hasContent":true,"attachmentStep":false},{"name":"Add organization via API and reload page","time":{"start":1761189069590,"stop":1761189150583,"duration":80993},"status":"failed","statusMessage":"AssertionError: [AssertionError] during step: Add organization via API and reload page\nMessage: [TimeoutError] during step: Reload page\nMessage: Page.reload: Timeout 30000ms exceeded.\nCall log:\n  - waiting for navigation until \"load\"\n\nNote: Playwright Timeout. Element not found or action took too long.\n","statusTrace":"  File \"/home/runner/work/apolo-test-automation/apolo-test-automation/tests/reporting_hooks/reporting.py\", line 58, in wrapper\n    raise AssertionError(formatted_msg) from e\n","steps":[{"name":"Reload page","time":{"start":1761189082316,"stop":1761189142325,"duration":60009},"status":"failed","statusMessage":"AssertionError: [TimeoutError] during step: Reload page\nMessage: Page.reload: Timeout 30000ms exceeded.\nCall log:\n  - waiting for navigation until \"load\"\n\nNote: Playwright Timeout. Element not found or action took too long.\n","statusTrace":"  File \"/home/runner/work/apolo-test-automation/apolo-test-automation/tests/reporting_hooks/reporting.py\", line 58, in wrapper\n    raise AssertionError(formatted_msg) from e\n","steps":[],"attachments":[{"uid":"a21a5a2984000a3a","name":"Page URL","source":"a21a5a2984000a3a.txt","type":"text/plain","size":44}],"parameters":[],"shouldDisplayMessage":true,"stepsCount":0,"attachmentsCount":1,"hasContent":true,"attachmentStep":false}],"attachments":[{"uid":"8dd4fb592b26d250","name":"Page URL","source":"8dd4fb592b26d250.txt","type":"text/plain","size":44},{"uid":"757108f6e411f359","name":"Screenshot: Add organization via API and reload page (fail)","source":"757108f6e411f359.png","type":"image/png","size":12969}],"parameters":[],"shouldDisplayMessage":true,"stepsCount":1,"attachmentsCount":3,"hasContent":true,"attachmentStep":false}],"attachments":[{"uid":"aa089a4ec1b32f1c","name":"log","source":"aa089a4ec1b32f1c.txt","type":"text/plain","size":17648}],"parameters":[],"shouldDisplayMessage":true,"stepsCount":8,"attachmentsCount":21,"hasContent":true,"attachmentStep":false},"afterStages":[{"name":"add_page_manager::finalizer","time":{"start":1761189150725,"stop":1761189150725,"duration":0},"status":"passed","steps":[],"attachments":[],"parameters":[],"shouldDisplayMessage":false,"stepsCount":0,"attachmentsCount":0,"hasContent":false,"attachmentStep":false},{"name":"setup_cleanup::finalizer","time":{"start":1761189150725,"stop":1761189150725,"duration":0},"status":"passed","steps":[],"attachments":[],"parameters":[],"shouldDisplayMessage":false,"stepsCount":0,"attachmentsCount":0,"hasContent":false,"attachmentStep":false},{"name":"setup_cleanup::finalizer","time":{"start":1761189150725,"stop":1761189167188,"duration":16463},"status":"passed","steps":[{"name":"Post-test cleanup","time":{"start":1761189150725,"stop":1761189167187,"duration":16462},"status":"passed","steps":[{"name":"Delete organisation: regression-org-9e9cyrbs4sb7","time":{"start":1761189154697,"stop":1761189155131,"duration":434},"status":"passed","steps":[],"attachments":[],"parameters":[],"shouldDisplayMessage":false,"stepsCount":0,"attachmentsCount":0,"hasContent":false,"attachmentStep":false}],"attachments":[{"uid":"a3d627fdbf7db6b","name":"HTTP 200 - GET config","source":"a3d627fdbf7db6b.txt","type":"text/plain","size":2137},{"uid":"3b27d9618f3d512d","name":"HTTP 200 - GET permissions?uri=blob:","source":"3b27d9618f3d512d.txt","type":"text/plain","size":255},{"uid":"1df325fc89cb6511","name":"HTTP 200 - GET incoming","source":"1df325fc89cb6511.txt","type":"text/plain","size":156},{"uid":"424fbe8607dbe24","name":"HTTP 200 - GET regression-5r0fdjwx8m?include=clusters&include=system_role","source":"424fbe8607dbe24.txt","type":"text/plain","size":529},{"uid":"8a6c66d81358863","name":"HTTP 200 - GET regression-org-9e9cyrbs4sb7","source":"8a6c66d81358863.txt","type":"text/plain","size":444},{"uid":"b254c35b7351664d","name":"HTTP 200 - GET regression-5r0fdjwx8m?include=orgs","source":"b254c35b7351664d.txt","type":"text/plain","size":474},{"uid":"993d8c79f796cfa","name":"HTTP 200 - GET tags","source":"993d8c79f796cfa.txt","type":"text/plain","size":867}],"parameters":[],"shouldDisplayMessage":false,"stepsCount":1,"attachmentsCount":7,"hasContent":true,"attachmentStep":false}],"attachments":[],"parameters":[],"shouldDisplayMessage":false,"stepsCount":2,"attachmentsCount":7,"hasContent":true,"attachmentStep":false},{"name":"api_helper::finalizer","time":{"start":1761189167188,"stop":1761189167189,"duration":1},"status":"passed","steps":[],"attachments":[],"parameters":[],"shouldDisplayMessage":false,"stepsCount":0,"attachmentsCount":0,"hasContent":false,"attachmentStep":false},{"name":"_function_scoped_runner::0","time":{"start":1761189167189,"stop":1761189167190,"duration":1},"status":"passed","steps":[],"attachments":[],"parameters":[],"shouldDisplayMessage":false,"stepsCount":0,"attachmentsCount":0,"hasContent":false,"attachmentStep":false}],"labels":[{"name":"suite","value":"CLI Storage"},{"name":"parentSuite","value":"CLI Tests"},{"name":"tag","value":"asyncio"},{"name":"subSuite","value":"TestCLIStorage"},{"name":"host","value":"runnervmwhb2z"},{"name":"thread","value":"3613-MainThread"},{"name":"framework","value":"pytest"},{"name":"language","value":"cpython3"},{"name":"package","value":"tests.test_cases.tests_cli.test_storage"},{"name":"resultFormat","value":"allure2"}],"parameters":[],"links":[],"hidden":false,"retry":false,"extra":{"severity":"normal","retries":[{"uid":"f6b1058a6801cd59","status":"broken","statusDetails":"playwright._impl._errors.TimeoutError: Timeout 5000ms exceeded.","time":{"start":1761188985319,"stop":1761188985319,"duration":0}},{"uid":"4232e93dbb317708","status":"broken","statusDetails":"playwright._impl._errors.TimeoutError: Timeout 5000ms exceeded.","time":{"start":1761188909726,"stop":1761188909726,"duration":0}}],"categories":[{"name":"Product defects","matchedStatuses":[],"flaky":false}],"history":{"statistic":{"failed":9,"broken":0,"skipped":0,"passed":47,"unknown":0,"total":56},"items":[{"uid":"f3a1e9e6a79c1855","status":"passed","time":{"start":1759546958518,"stop":1759547000291,"duration":41773}},{"uid":"98ef0c7917ae49ed","status":"passed","time":{"start":1759460763749,"stop":1759460828428,"duration":64679}},{"uid":"162b065c941f8522","status":"failed","statusDetails":"AssertionError: [AssertionError] during step: Login via UI\nMessage: [AssertionError] during step: Verify that Welcome new user page displayed\nMessage: Locator expected to be visible\nActual value: <element(s) not found> \nCall log:\n  - Expect \"to_be_visible\" with timeout 5000ms\n  - waiting for locator(\"h3.truncate.text-h3\").filter(has_text=\"Welcome, regression-ys0intr8ln@apolo.us\")","time":{"start":1759375867528,"stop":1759375877891,"duration":10363}},{"uid":"7283beb76eba2c50","status":"passed","time":{"start":1759286352164,"stop":1759286400504,"duration":48340}},{"uid":"9a44a72ddf9526ba","status":"passed","time":{"start":1759199671171,"stop":1759199717951,"duration":46780}},{"uid":"62982397d62aa99d","status":"passed","time":{"start":1759157088742,"stop":1759157123991,"duration":35249}},{"uid":"56036d0d4b676e87","status":"failed","statusDetails":"AssertionError: [AssertionError] during step: Upload file via CLI\nMessage: ERROR: cannot copy file:///home/runner/work/apolo-test-automation/apolo-test-automation/storage_objects/generated_objects/regression-txt-file-gC4rc1lL.txt to storage://default/regression-org-6avc79oq7lbj/regression-proj-tshmw18dhj: [Errno 20] Not a directory: 'storage://default/regression-org-6avc79oq7lbj'","time":{"start":1759113745014,"stop":1759113773247,"duration":28233}},{"uid":"7e42e969d957fa99","status":"failed","statusDetails":"AssertionError: [AssertionError] during step: Upload file via CLI\nMessage: ERROR: cannot copy file:///home/runner/work/apolo-test-automation/apolo-test-automation/storage_objects/generated_objects/regression-txt-file-hEbohWlw.txt to storage://default/regression-org-ttmc56dh7sf8/regression-proj-qamc6qhijv: [Errno 20] Not a directory: 'storage://default/regression-org-ttmc56dh7sf8'","time":{"start":1759027403796,"stop":1759027441401,"duration":37605}},{"uid":"b6886335f72728f8","status":"failed","statusDetails":"AssertionError: [AssertionError] during step: Upload file via CLI\nMessage: ERROR: cannot copy file:///home/runner/work/apolo-test-automation/apolo-test-automation/storage_objects/generated_objects/regression-txt-file-FngA7vxB.txt to storage://default/regression-org-5rvt3r21jk25/regression-proj-wgqprndah3: [Errno 20] Not a directory: 'storage://default/regression-org-5rvt3r21jk25'","time":{"start":1758940715447,"stop":1758940746441,"duration":30994}},{"uid":"17526b074e25879a","status":"passed","time":{"start":1758853475568,"stop":1758853509157,"duration":33589}},{"uid":"1f0559ccc73b73de","status":"passed","time":{"start":1758767386123,"stop":1758767417585,"duration":31462}},{"uid":"fe905ff091715e5c","status":"passed","time":{"start":1758709255068,"stop":1758709289414,"duration":34346}},{"uid":"e77737a60328f2f3","status":"failed","statusDetails":"AssertionError: [AssertionError] during step: Upload file via CLI\nMessage: ERROR: cannot copy file:///home/runner/work/apolo-test-automation/apolo-test-automation/storage_objects/generated_objects/regression-txt-file-c2HqiLhk.txt to storage://default/regression-org-lxd7hc05m5wm/regression-proj-bijaosm4y9: [Errno 20] Not a directory: 'storage://default/regression-org-lxd7hc05m5wm'","time":{"start":1758693707437,"stop":1758693736627,"duration":29190}},{"uid":"a017157e65dd8181","status":"failed","statusDetails":"AssertionError: [AssertionError] during step: Upload file via CLI\nMessage: ERROR: cannot copy file:///home/runner/work/apolo-test-automation/apolo-test-automation/storage_objects/generated_objects/regression-txt-file-5Vkg5pNi.txt to storage://default/regression-org-07l011btmzbx/regression-proj-r65vwokj9a: [Errno 20] Not a directory: 'storage://default/regression-org-07l011btmzbx'","time":{"start":1758681599742,"stop":1758681641215,"duration":41473}},{"uid":"ad782bf63595e90f","status":"passed","time":{"start":1758594191445,"stop":1758594224862,"duration":33417}},{"uid":"293698b70f0cd375","status":"passed","time":{"start":1758507969661,"stop":1758508008918,"duration":39257}},{"uid":"92ddfb54f7ceec90","status":"passed","time":{"start":1758421773593,"stop":1758421820183,"duration":46590}},{"uid":"47d9cb5ead8fa1f2","status":"passed","time":{"start":1758334842031,"stop":1758334873181,"duration":31150}},{"uid":"3a1a1685aa68c47d","status":"passed","time":{"start":1758248781745,"stop":1758248813706,"duration":31961}},{"uid":"f599e1cdc3f26ded","status":"passed","time":{"start":1758162288032,"stop":1758162319029,"duration":30997}}]},"tags":["asyncio"]},"source":"9e1f7135b8d0c.json","parameterValues":[]}