{"uid":"a0ab7fdf711e7c47","name":"Import Shell app config via UI","fullName":"tests.test_cases.tests_e2e.test_shell_app.TestE2EShellApp#test_import_shell_app_config_via_ui","historyId":"661c27440c83f762e81af70d1545562f","time":{"start":1763956191443,"stop":1763956273338,"duration":81895},"description":"\n- Login with valid credentials.\n- Create new organization via **API**.\n- Create new project via **API**.\n- Import Shell app config via UI.\n\n### Verify that:\n\n- Install required data is the same as in imported config.\n","descriptionHtml":"<div style='line-height:1.6;'><ul>\n<li>Login with valid credentials.</li>\n<li>Create new organization via <strong>API</strong>.</li>\n<li>Create new project via <strong>API</strong>.</li>\n<li>Import Shell app config via UI.</li>\n</ul>\n<h3>Verify that:</h3>\n<ul>\n<li>Install required data is the same as in imported config.</li>\n</ul></div>","status":"failed","statusMessage":"AssertionError: [TimeoutError] during step: Click Apply config button\nMessage: Element not ready for click after 10000ms: <Locator frame=<Frame name= url='https://console.dev.apolo.us/apps/shell/install?cluster=default&project=regression-proj-b0vkotc3ok&org=regression-org-cgmai8d5fazu'> selector='internal:role=button[name=\"Apply config\"i]'>\nLast error: Locator expected to be enabled\nActual value: disabled \nCall log:\n  - Expect \"to_be_enabled\" with timeout 500ms\n  - waiting for get_by_role(\"button\", name=\"Apply config\")\n    4 × locator resolved to <button disabled type=\"button\" class=\"relative inline-flex cursor-pointer items-center justify-center rounded-xl py-1 transition-colors text-button h-12 gap-2 bg-primary text-white hover:bg-primary-medium active:bg-primary-dark disabled:bg-neural-01 disabled:text-neural-03 px-10 capitalize pointer-events-none\">Apply config</button>\n      - unexpected value \"disabled\"","statusTrace":"tests/reporting_hooks/reporting.py:49: in wrapper\n    result = await func(*args, **kwargs)\n             ^^^^^^^^^^^^^^^^^^^^^^^^^^^\ntests/test_cases/steps/ui_steps/page_steps_impl/apps/app_import_config_popup_steps.py:26: in ui_click_apply_config_btn\n    await self._pm.import_app_config_popup.click_apply_config_btn()\ntests/components/ui/pages/apps/import_app_config_popup.py:73: in click_apply_config_btn\n    await self._get_apply_config_btn().click()\ntests/components/ui/pages/base_element.py:90: in click\n    raise TimeoutError(\nE   TimeoutError: Element not ready for click after 10000ms: <Locator frame=<Frame name= url='https://console.dev.apolo.us/apps/shell/install?cluster=default&project=regression-proj-b0vkotc3ok&org=regression-org-cgmai8d5fazu'> selector='internal:role=button[name=\"Apply config\"i]'>\nE   Last error: Locator expected to be enabled\nE   Actual value: disabled \nE   Call log:\nE     - Expect \"to_be_enabled\" with timeout 500ms\nE     - waiting for get_by_role(\"button\", name=\"Apply config\")\nE       4 × locator resolved to <button disabled type=\"button\" class=\"relative inline-flex cursor-pointer items-center justify-center rounded-xl py-1 transition-colors text-button h-12 gap-2 bg-primary text-white hover:bg-primary-medium active:bg-primary-dark disabled:bg-neural-01 disabled:text-neural-03 px-10 capitalize pointer-events-none\">Apply config</button>\nE         - unexpected value \"disabled\"\n\nThe above exception was the direct cause of the following exception:\ntests/test_cases/tests_e2e/test_shell_app.py:627: in test_import_shell_app_config_via_ui\n    await ui_steps.import_app_config_popup.ui_click_apply_config_btn()\ntests/reporting_hooks/reporting.py:58: in wrapper\n    raise AssertionError(formatted_msg) from e\nE   AssertionError: [TimeoutError] during step: Click Apply config button\nE   Message: Element not ready for click after 10000ms: <Locator frame=<Frame name= url='https://console.dev.apolo.us/apps/shell/install?cluster=default&project=regression-proj-b0vkotc3ok&org=regression-org-cgmai8d5fazu'> selector='internal:role=button[name=\"Apply config\"i]'>\nE   Last error: Locator expected to be enabled\nE   Actual value: disabled \nE   Call log:\nE     - Expect \"to_be_enabled\" with timeout 500ms\nE     - waiting for get_by_role(\"button\", name=\"Apply config\")\nE       4 × locator resolved to <button disabled type=\"button\" class=\"relative inline-flex cursor-pointer items-center justify-center rounded-xl py-1 transition-colors text-button h-12 gap-2 bg-primary text-white hover:bg-primary-medium active:bg-primary-dark disabled:bg-neural-01 disabled:text-neural-03 px-10 capitalize pointer-events-none\">Apply config</button>\nE         - unexpected value \"disabled\"","flaky":false,"newFailed":false,"newBroken":false,"newPassed":false,"retriesCount":0,"retriesStatusChange":false,"beforeStages":[{"name":"base_url","time":{"start":1763947926255,"stop":1763947926255,"duration":0},"status":"passed","steps":[],"attachments":[],"parameters":[],"shouldDisplayMessage":false,"stepsCount":0,"attachmentsCount":0,"hasContent":false,"attachmentStep":false},{"name":"pytestconfig","time":{"start":1763947926255,"stop":1763947926255,"duration":0},"status":"passed","steps":[],"attachments":[],"parameters":[],"shouldDisplayMessage":false,"stepsCount":0,"attachmentsCount":0,"hasContent":false,"attachmentStep":false},{"name":"delete_output_dir","time":{"start":1763947926255,"stop":1763947926255,"duration":0},"status":"passed","steps":[],"attachments":[],"parameters":[],"shouldDisplayMessage":false,"stepsCount":0,"attachmentsCount":0,"hasContent":false,"attachmentStep":false},{"name":"event_loop_policy","time":{"start":1763947926255,"stop":1763947926255,"duration":0},"status":"passed","steps":[],"attachments":[],"parameters":[],"shouldDisplayMessage":false,"stepsCount":0,"attachmentsCount":0,"hasContent":false,"attachmentStep":false},{"name":"_verify_url","time":{"start":1763947926255,"stop":1763947926255,"duration":0},"status":"passed","steps":[],"attachments":[],"parameters":[],"shouldDisplayMessage":false,"stepsCount":0,"attachmentsCount":0,"hasContent":false,"attachmentStep":false},{"name":"ensure_storage_directories","time":{"start":1763947926256,"stop":1763947926256,"duration":0},"status":"passed","steps":[],"attachments":[],"parameters":[],"shouldDisplayMessage":false,"stepsCount":0,"attachmentsCount":0,"hasContent":false,"attachmentStep":false},{"name":"delay_worker_start","time":{"start":1763947926256,"stop":1763947926256,"duration":0},"status":"passed","steps":[],"attachments":[],"parameters":[],"shouldDisplayMessage":false,"stepsCount":0,"attachmentsCount":0,"hasContent":false,"attachmentStep":false},{"name":"test_config","time":{"start":1763956190877,"stop":1763956190880,"duration":3},"status":"passed","steps":[],"attachments":[],"parameters":[],"shouldDisplayMessage":false,"stepsCount":0,"attachmentsCount":0,"hasContent":false,"attachmentStep":false},{"name":"_function_scoped_runner","time":{"start":1763956190880,"stop":1763956190880,"duration":0},"status":"passed","steps":[],"attachments":[],"parameters":[],"shouldDisplayMessage":false,"stepsCount":0,"attachmentsCount":0,"hasContent":false,"attachmentStep":false},{"name":"page_manager","time":{"start":1763956190880,"stop":1763956191440,"duration":560},"status":"passed","steps":[],"attachments":[],"parameters":[],"shouldDisplayMessage":false,"stepsCount":0,"attachmentsCount":0,"hasContent":false,"attachmentStep":false},{"name":"users_manager","time":{"start":1763956191440,"stop":1763956191440,"duration":0},"status":"passed","steps":[],"attachments":[],"parameters":[],"shouldDisplayMessage":false,"stepsCount":0,"attachmentsCount":0,"hasContent":false,"attachmentStep":false},{"name":"data_manager","time":{"start":1763956191440,"stop":1763956191440,"duration":0},"status":"passed","steps":[],"attachments":[],"parameters":[],"shouldDisplayMessage":false,"stepsCount":0,"attachmentsCount":0,"hasContent":false,"attachmentStep":false},{"name":"api_helper","time":{"start":1763956191440,"stop":1763956191441,"duration":1},"status":"passed","steps":[],"attachments":[],"parameters":[],"shouldDisplayMessage":false,"stepsCount":0,"attachmentsCount":0,"hasContent":false,"attachmentStep":false},{"name":"setup_cleanup","time":{"start":1763956191441,"stop":1763956191441,"duration":0},"status":"passed","steps":[],"attachments":[],"parameters":[],"shouldDisplayMessage":false,"stepsCount":0,"attachmentsCount":0,"hasContent":false,"attachmentStep":false},{"name":"apolo_cli","time":{"start":1763956191441,"stop":1763956191441,"duration":0},"status":"passed","steps":[],"attachments":[],"parameters":[],"shouldDisplayMessage":false,"stepsCount":0,"attachmentsCount":0,"hasContent":false,"attachmentStep":false},{"name":"add_page_manager","time":{"start":1763956191442,"stop":1763956191442,"duration":0},"status":"passed","steps":[],"attachments":[],"parameters":[],"shouldDisplayMessage":false,"stepsCount":0,"attachmentsCount":0,"hasContent":false,"attachmentStep":false},{"name":"setup","time":{"start":1763956191442,"stop":1763956191442,"duration":0},"status":"passed","steps":[],"attachments":[],"parameters":[],"shouldDisplayMessage":false,"stepsCount":0,"attachmentsCount":0,"hasContent":false,"attachmentStep":false},{"name":"_inject_fixtures","time":{"start":1763956191442,"stop":1763956191442,"duration":0},"status":"passed","steps":[],"attachments":[],"parameters":[],"shouldDisplayMessage":false,"stepsCount":0,"attachmentsCount":0,"hasContent":false,"attachmentStep":false}],"testStage":{"description":"\n- Login with valid credentials.\n- Create new organization via **API**.\n- Create new project via **API**.\n- Import Shell app config via UI.\n\n### Verify that:\n\n- Install required data is the same as in imported config.\n","descriptionHtml":"<div style='line-height:1.6;'><ul>\n<li>Login with valid credentials.</li>\n<li>Create new organization via <strong>API</strong>.</li>\n<li>Create new project via <strong>API</strong>.</li>\n<li>Import Shell app config via UI.</li>\n</ul>\n<h3>Verify that:</h3>\n<ul>\n<li>Install required data is the same as in imported config.</li>\n</ul></div>","status":"failed","statusMessage":"AssertionError: [TimeoutError] during step: Click Apply config button\nMessage: Element not ready for click after 10000ms: <Locator frame=<Frame name= url='https://console.dev.apolo.us/apps/shell/install?cluster=default&project=regression-proj-b0vkotc3ok&org=regression-org-cgmai8d5fazu'> selector='internal:role=button[name=\"Apply config\"i]'>\nLast error: Locator expected to be enabled\nActual value: disabled \nCall log:\n  - Expect \"to_be_enabled\" with timeout 500ms\n  - waiting for get_by_role(\"button\", name=\"Apply config\")\n    4 × locator resolved to <button disabled type=\"button\" class=\"relative inline-flex cursor-pointer items-center justify-center rounded-xl py-1 transition-colors text-button h-12 gap-2 bg-primary text-white hover:bg-primary-medium active:bg-primary-dark disabled:bg-neural-01 disabled:text-neural-03 px-10 capitalize pointer-events-none\">Apply config</button>\n      - unexpected value \"disabled\"","statusTrace":"tests/reporting_hooks/reporting.py:49: in wrapper\n    result = await func(*args, **kwargs)\n             ^^^^^^^^^^^^^^^^^^^^^^^^^^^\ntests/test_cases/steps/ui_steps/page_steps_impl/apps/app_import_config_popup_steps.py:26: in ui_click_apply_config_btn\n    await self._pm.import_app_config_popup.click_apply_config_btn()\ntests/components/ui/pages/apps/import_app_config_popup.py:73: in click_apply_config_btn\n    await self._get_apply_config_btn().click()\ntests/components/ui/pages/base_element.py:90: in click\n    raise TimeoutError(\nE   TimeoutError: Element not ready for click after 10000ms: <Locator frame=<Frame name= url='https://console.dev.apolo.us/apps/shell/install?cluster=default&project=regression-proj-b0vkotc3ok&org=regression-org-cgmai8d5fazu'> selector='internal:role=button[name=\"Apply config\"i]'>\nE   Last error: Locator expected to be enabled\nE   Actual value: disabled \nE   Call log:\nE     - Expect \"to_be_enabled\" with timeout 500ms\nE     - waiting for get_by_role(\"button\", name=\"Apply config\")\nE       4 × locator resolved to <button disabled type=\"button\" class=\"relative inline-flex cursor-pointer items-center justify-center rounded-xl py-1 transition-colors text-button h-12 gap-2 bg-primary text-white hover:bg-primary-medium active:bg-primary-dark disabled:bg-neural-01 disabled:text-neural-03 px-10 capitalize pointer-events-none\">Apply config</button>\nE         - unexpected value \"disabled\"\n\nThe above exception was the direct cause of the following exception:\ntests/test_cases/tests_e2e/test_shell_app.py:627: in test_import_shell_app_config_via_ui\n    await ui_steps.import_app_config_popup.ui_click_apply_config_btn()\ntests/reporting_hooks/reporting.py:58: in wrapper\n    raise AssertionError(formatted_msg) from e\nE   AssertionError: [TimeoutError] during step: Click Apply config button\nE   Message: Element not ready for click after 10000ms: <Locator frame=<Frame name= url='https://console.dev.apolo.us/apps/shell/install?cluster=default&project=regression-proj-b0vkotc3ok&org=regression-org-cgmai8d5fazu'> selector='internal:role=button[name=\"Apply config\"i]'>\nE   Last error: Locator expected to be enabled\nE   Actual value: disabled \nE   Call log:\nE     - Expect \"to_be_enabled\" with timeout 500ms\nE     - waiting for get_by_role(\"button\", name=\"Apply config\")\nE       4 × locator resolved to <button disabled type=\"button\" class=\"relative inline-flex cursor-pointer items-center justify-center rounded-xl py-1 transition-colors text-button h-12 gap-2 bg-primary text-white hover:bg-primary-medium active:bg-primary-dark disabled:bg-neural-01 disabled:text-neural-03 px-10 capitalize pointer-events-none\">Apply config</button>\nE         - unexpected value \"disabled\"","steps":[{"name":"Login via UI","time":{"start":1763956191443,"stop":1763956197489,"duration":6046},"status":"passed","steps":[{"name":"Verify that Auth page displayed","time":{"start":1763956191443,"stop":1763956192528,"duration":1085},"status":"passed","steps":[],"attachments":[{"uid":"984320b4d3766f3c","name":"Page URL","source":"984320b4d3766f3c.txt","type":"text/plain","size":29},{"uid":"848455a622f52180","name":"HTTP 200 - GET config","source":"848455a622f52180.txt","type":"text/plain","size":673},{"uid":"c5b1b552af566ebd","name":"Screenshot: Verify that Auth page displayed (success)","source":"c5b1b552af566ebd.png","type":"image/png","size":88563}],"parameters":[],"shouldDisplayMessage":false,"stepsCount":0,"attachmentsCount":3,"hasContent":true,"attachmentStep":false},{"name":"Click login button","time":{"start":1763956192528,"stop":1763956193603,"duration":1075},"status":"passed","steps":[],"attachments":[{"uid":"711dd6c8290c0fd9","name":"Page URL","source":"711dd6c8290c0fd9.txt","type":"text/plain","size":33},{"uid":"fbfb4bbaed6f3895","name":"Screenshot: Click login button (success)","source":"fbfb4bbaed6f3895.png","type":"image/png","size":41524}],"parameters":[],"shouldDisplayMessage":false,"stepsCount":0,"attachmentsCount":2,"hasContent":true,"attachmentStep":false},{"name":"Verify that Login page displayed","time":{"start":1763956193604,"stop":1763956193703,"duration":99},"status":"passed","steps":[],"attachments":[{"uid":"34116e6df644588d","name":"Page URL","source":"34116e6df644588d.txt","type":"text/plain","size":215},{"uid":"e7fcdd14c5402a25","name":"Screenshot: Verify that Login page displayed (success)","source":"e7fcdd14c5402a25.png","type":"image/png","size":41637}],"parameters":[],"shouldDisplayMessage":false,"stepsCount":0,"attachmentsCount":2,"hasContent":true,"attachmentStep":false},{"name":"Enter email","time":{"start":1763956193703,"stop":1763956194022,"duration":319},"status":"passed","steps":[],"attachments":[{"uid":"29d11138a8689f31","name":"Page URL","source":"29d11138a8689f31.txt","type":"text/plain","size":215},{"uid":"f8f409df7d43695b","name":"Screenshot: Enter email (success)","source":"f8f409df7d43695b.png","type":"image/png","size":45731}],"parameters":[],"shouldDisplayMessage":false,"stepsCount":0,"attachmentsCount":2,"hasContent":true,"attachmentStep":false},{"name":"Enter password","time":{"start":1763956194022,"stop":1763956194338,"duration":316},"status":"passed","steps":[],"attachments":[{"uid":"163c031caee6bc38","name":"Page URL","source":"163c031caee6bc38.txt","type":"text/plain","size":215},{"uid":"afdc8a058e1a0df9","name":"Screenshot: Enter password (success)","source":"afdc8a058e1a0df9.png","type":"image/png","size":45857}],"parameters":[],"shouldDisplayMessage":false,"stepsCount":0,"attachmentsCount":2,"hasContent":true,"attachmentStep":false},{"name":"Click Continue button","time":{"start":1763956194338,"stop":1763956197271,"duration":2933},"status":"passed","steps":[],"attachments":[{"uid":"1d11119735aa215d","name":"Page URL","source":"1d11119735aa215d.txt","type":"text/plain","size":215},{"uid":"f6fdab56bd7f0ca4","name":"HTTP 200 - GET config","source":"f6fdab56bd7f0ca4.txt","type":"text/plain","size":2137},{"uid":"308afe7b1f9a9e94","name":"HTTP 200 - GET permissions?uri=blob:","source":"308afe7b1f9a9e94.txt","type":"text/plain","size":255},{"uid":"fb5bcde63c2a0643","name":"HTTP 200 - GET regression-org-cgmai8d5fazu","source":"fb5bcde63c2a0643.txt","type":"text/plain","size":450},{"uid":"28eee070ccd6fb77","name":"HTTP 200 - GET instances?org=regression-org-cgmai8d5fazu&project=regression-proj-b0vkotc3ok&cluster=default&size=100","source":"28eee070ccd6fb77.txt","type":"text/plain","size":1076},{"uid":"e5404f529b453eea","name":"HTTP 200 - GET templates","source":"e5404f529b453eea.txt","type":"text/plain","size":2146},{"uid":"2ca1bd6e253cbfa3","name":"HTTP 200 - GET regression-opsi3k431j?include=orgs","source":"2ca1bd6e253cbfa3.txt","type":"text/plain","size":477},{"uid":"28a1715dbfdff08b","name":"HTTP 200 - GET regression-opsi3k431j?include=clusters&include=system_role","source":"28a1715dbfdff08b.txt","type":"text/plain","size":529},{"uid":"83a0fc8b7f223cdc","name":"HTTP 200 - GET incoming","source":"83a0fc8b7f223cdc.txt","type":"text/plain","size":156},{"uid":"c8981864784502dc","name":"HTTP 200 - GET tags","source":"c8981864784502dc.txt","type":"text/plain","size":948},{"uid":"8ff78bfdbab07d43","name":"HTTP 200 - GET templates?page=1&size=50","source":"8ff78bfdbab07d43.txt","type":"text/plain","size":2161},{"uid":"18dd360f84fcd80e","name":"Screenshot: Click Continue button (success)","source":"18dd360f84fcd80e.png","type":"image/png","size":151272}],"parameters":[],"shouldDisplayMessage":false,"stepsCount":0,"attachmentsCount":12,"hasContent":true,"attachmentStep":false},{"name":"Verify Apps page displayed","time":{"start":1763956197279,"stop":1763956197388,"duration":109},"status":"passed","steps":[],"attachments":[{"uid":"7e6ce9755e290803","name":"Page URL","source":"7e6ce9755e290803.txt","type":"text/plain","size":116},{"uid":"2573fbe9ad1596db","name":"Screenshot: Verify Apps page displayed (success)","source":"2573fbe9ad1596db.png","type":"image/png","size":151598}],"parameters":[],"shouldDisplayMessage":false,"stepsCount":0,"attachmentsCount":2,"hasContent":true,"attachmentStep":false}],"attachments":[{"uid":"b7a9caabd8130914","name":"Page URL","source":"b7a9caabd8130914.txt","type":"text/plain","size":29},{"uid":"3ea6a1b28e162f1a","name":"Screenshot: Login via UI (success)","source":"3ea6a1b28e162f1a.png","type":"image/png","size":151639}],"parameters":[],"shouldDisplayMessage":false,"stepsCount":7,"attachmentsCount":27,"hasContent":true,"attachmentStep":false},{"name":"Verify Shell app container displayed on the main page","time":{"start":1763956197489,"stop":1763956238291,"duration":40802},"status":"passed","steps":[],"attachments":[{"uid":"661721710740963","name":"Page URL","source":"661721710740963.txt","type":"text/plain","size":116},{"uid":"bb9b697bda815c1","name":"HTTP 200 - GET instances?org=regression-org-cgmai8d5fazu&project=regression-proj-b0vkotc3ok&cluster=default&size=100","source":"bb9b697bda815c1.txt","type":"text/plain","size":1076},{"uid":"321d234441f4d08f","name":"HTTP 200 - GET instances?org=regression-org-cgmai8d5fazu&project=regression-proj-b0vkotc3ok&cluster=default&size=100","source":"321d234441f4d08f.txt","type":"text/plain","size":1076},{"uid":"47ed8d21d0285821","name":"Screenshot: Verify Shell app container displayed on the main page (success)","source":"47ed8d21d0285821.png","type":"image/png","size":161529}],"parameters":[],"shouldDisplayMessage":false,"stepsCount":0,"attachmentsCount":4,"hasContent":true,"attachmentStep":false},{"name":"Click Install button on the Shell container","time":{"start":1763956238291,"stop":1763956240982,"duration":2691},"status":"passed","steps":[],"attachments":[{"uid":"9e93fbd636a7fdaf","name":"Page URL","source":"9e93fbd636a7fdaf.txt","type":"text/plain","size":116},{"uid":"11b490a1289f6e5c","name":"HTTP 200 - GET shell","source":"11b490a1289f6e5c.txt","type":"text/plain","size":2237},{"uid":"51c4d57e25402079","name":"Screenshot: Click Install button on the Shell container (success)","source":"51c4d57e25402079.png","type":"image/png","size":107817}],"parameters":[],"shouldDisplayMessage":false,"stepsCount":0,"attachmentsCount":3,"hasContent":true,"attachmentStep":false},{"name":"Verify that Shell install page displayed","time":{"start":1763956240982,"stop":1763956241098,"duration":116},"status":"passed","steps":[],"attachments":[{"uid":"8cec974b3d6c1508","name":"Page URL","source":"8cec974b3d6c1508.txt","type":"text/plain","size":130},{"uid":"972e15a40ac2328b","name":"Screenshot: Verify that Shell install page displayed (success)","source":"972e15a40ac2328b.png","type":"image/png","size":107817}],"parameters":[],"shouldDisplayMessage":false,"stepsCount":0,"attachmentsCount":2,"hasContent":true,"attachmentStep":false},{"name":"Click Import config button","time":{"start":1763956241099,"stop":1763956241758,"duration":659},"status":"passed","steps":[],"attachments":[{"uid":"eb93ab4ea7b8d002","name":"Page URL","source":"eb93ab4ea7b8d002.txt","type":"text/plain","size":130},{"uid":"33c23d46c822390b","name":"HTTP 200 - GET instances?org=regression-org-cgmai8d5fazu&project=regression-proj-b0vkotc3ok&cluster=default&size=100","source":"33c23d46c822390b.txt","type":"text/plain","size":1076},{"uid":"5f6d051ab3fe95f1","name":"Screenshot: Click Import config button (success)","source":"5f6d051ab3fe95f1.png","type":"image/png","size":125299}],"parameters":[],"shouldDisplayMessage":false,"stepsCount":0,"attachmentsCount":3,"hasContent":true,"attachmentStep":false},{"name":"Verify Import app config popup displayed","time":{"start":1763956241758,"stop":1763956241858,"duration":100},"status":"passed","steps":[],"attachments":[{"uid":"2fac8ecf0558c678","name":"Page URL","source":"2fac8ecf0558c678.txt","type":"text/plain","size":130},{"uid":"ea5976b8dc2b1ed3","name":"Screenshot: Verify Import app config popup displayed (success)","source":"ea5976b8dc2b1ed3.png","type":"image/png","size":123387}],"parameters":[],"shouldDisplayMessage":false,"stepsCount":0,"attachmentsCount":2,"hasContent":true,"attachmentStep":false},{"name":"Get Shell app import config file path","time":{"start":1763956241858,"stop":1763956241858,"duration":0},"status":"passed","steps":[],"attachments":[],"parameters":[],"shouldDisplayMessage":false,"stepsCount":0,"attachmentsCount":0,"hasContent":false,"attachmentStep":false},{"name":"Import yaml config","time":{"start":1763956241858,"stop":1763956242949,"duration":1091},"status":"passed","steps":[],"attachments":[{"uid":"d957f131e5c80cd","name":"Page URL","source":"d957f131e5c80cd.txt","type":"text/plain","size":130},{"uid":"6a7fb3c09de8b6bd","name":"Screenshot: Import yaml config (success)","source":"6a7fb3c09de8b6bd.png","type":"image/png","size":101079}],"parameters":[],"shouldDisplayMessage":false,"stepsCount":0,"attachmentsCount":2,"hasContent":true,"attachmentStep":false},{"name":"Click Apply config button","time":{"start":1763956242949,"stop":1763956273337,"duration":30388},"status":"failed","statusMessage":"AssertionError: [TimeoutError] during step: Click Apply config button\nMessage: Element not ready for click after 10000ms: <Locator frame=<Frame name= url='https://console.dev.apolo.us/apps/shell/install?cluster=default&project=regression-proj-b0vkotc3ok&org=regression-org-cgmai8d5fazu'> selector='internal:role=button[name=\"Apply config\"i]'>\nLast error: Locator expected to be enabled\nActual value: disabled \nCall log:\n  - Expect \"to_be_enabled\" with timeout 500ms\n  - waiting for get_by_role(\"button\", name=\"Apply config\")\n    4 × locator resolved to <button disabled type=\"button\" class=\"relative inline-flex cursor-pointer items-center justify-center rounded-xl py-1 transition-colors text-button h-12 gap-2 bg-primary text-white hover:bg-primary-medium active:bg-primary-dark disabled:bg-neural-01 disabled:text-neural-03 px-10 capitalize pointer-events-none\">Apply config</button>\n      - unexpected value \"disabled\"\n\n","statusTrace":"  File \"/home/runner/work/apolo-test-automation/apolo-test-automation/tests/reporting_hooks/reporting.py\", line 58, in wrapper\n    raise AssertionError(formatted_msg) from e\n","steps":[],"attachments":[{"uid":"86557a37e8804619","name":"Page URL","source":"86557a37e8804619.txt","type":"text/plain","size":130},{"uid":"9ff42fc390d61b1e","name":"HTTP 200 - GET instances?org=regression-org-cgmai8d5fazu&project=regression-proj-b0vkotc3ok&cluster=default&size=100","source":"9ff42fc390d61b1e.txt","type":"text/plain","size":1076},{"uid":"59cd30e3dff53de4","name":"HTTP 200 - GET instances?org=regression-org-cgmai8d5fazu&project=regression-proj-b0vkotc3ok&cluster=default&size=100","source":"59cd30e3dff53de4.txt","type":"text/plain","size":1076},{"uid":"d081b6b8ee00ec7f","name":"Screenshot: Click Apply config button (fail)","source":"d081b6b8ee00ec7f.png","type":"image/png","size":101079}],"parameters":[],"shouldDisplayMessage":true,"stepsCount":0,"attachmentsCount":4,"hasContent":true,"attachmentStep":false}],"attachments":[{"uid":"42ae23c0dda115d7","name":"log","source":"42ae23c0dda115d7.txt","type":"text/plain","size":38300}],"parameters":[],"shouldDisplayMessage":true,"stepsCount":16,"attachmentsCount":48,"hasContent":true,"attachmentStep":false},"afterStages":[{"name":"add_page_manager::finalizer","time":{"start":1763956273357,"stop":1763956273358,"duration":1},"status":"passed","steps":[],"attachments":[],"parameters":[],"shouldDisplayMessage":false,"stepsCount":0,"attachmentsCount":0,"hasContent":false,"attachmentStep":false},{"name":"setup_cleanup::finalizer","time":{"start":1763956273358,"stop":1763956273358,"duration":0},"status":"passed","steps":[],"attachments":[],"parameters":[],"shouldDisplayMessage":false,"stepsCount":0,"attachmentsCount":0,"hasContent":false,"attachmentStep":false},{"name":"setup_cleanup::finalizer","time":{"start":1763956273358,"stop":1763956377550,"duration":104192},"status":"passed","steps":[{"name":"Post-test cleanup","time":{"start":1763956273358,"stop":1763956377550,"duration":104192},"status":"passed","steps":[{"name":"Delete organisation: regression-org-cgmai8d5fazu","time":{"start":1763956277614,"stop":1763956281405,"duration":3791},"status":"passed","steps":[{"name":"Delete project: regression-proj-b0vkotc3ok","time":{"start":1763956277804,"stop":1763956280464,"duration":2660},"status":"passed","steps":[],"attachments":[],"parameters":[],"shouldDisplayMessage":false,"stepsCount":0,"attachmentsCount":0,"hasContent":false,"attachmentStep":false}],"attachments":[],"parameters":[],"shouldDisplayMessage":false,"stepsCount":1,"attachmentsCount":0,"hasContent":true,"attachmentStep":false}],"attachments":[{"uid":"788af5c45f8aa095","name":"HTTP 401 - GET instances?org=regression-org-cgmai8d5fazu&project=regression-proj-b0vkotc3ok&cluster=default&size=100","source":"788af5c45f8aa095.txt","type":"text/plain","size":357},{"uid":"818e04061f74064d","name":"HTTP 401 - GET instances?org=regression-org-cgmai8d5fazu&project=regression-proj-b0vkotc3ok&cluster=default&size=100","source":"818e04061f74064d.txt","type":"text/plain","size":357},{"uid":"eb17883e335dec71","name":"HTTP 401 - GET instances?org=regression-org-cgmai8d5fazu&project=regression-proj-b0vkotc3ok&cluster=default&size=100","source":"eb17883e335dec71.txt","type":"text/plain","size":357},{"uid":"1ed5da0c83e12696","name":"HTTP 401 - GET instances?org=regression-org-cgmai8d5fazu&project=regression-proj-b0vkotc3ok&cluster=default&size=100","source":"1ed5da0c83e12696.txt","type":"text/plain","size":357},{"uid":"32e96a292f4ffb18","name":"HTTP 401 - GET instances?org=regression-org-cgmai8d5fazu&project=regression-proj-b0vkotc3ok&cluster=default&size=100","source":"32e96a292f4ffb18.txt","type":"text/plain","size":357},{"uid":"519cf32b2d2cb45b","name":"HTTP 401 - GET instances?org=regression-org-cgmai8d5fazu&project=regression-proj-b0vkotc3ok&cluster=default&size=100","source":"519cf32b2d2cb45b.txt","type":"text/plain","size":357},{"uid":"1a1af3d425fb7e6","name":"HTTP 401 - GET instances?org=regression-org-cgmai8d5fazu&project=regression-proj-b0vkotc3ok&cluster=default&size=100","source":"1a1af3d425fb7e6.txt","type":"text/plain","size":357}],"parameters":[],"shouldDisplayMessage":false,"stepsCount":2,"attachmentsCount":7,"hasContent":true,"attachmentStep":false}],"attachments":[],"parameters":[],"shouldDisplayMessage":false,"stepsCount":3,"attachmentsCount":7,"hasContent":true,"attachmentStep":false},{"name":"api_helper::finalizer","time":{"start":1763956377551,"stop":1763956377551,"duration":0},"status":"passed","steps":[],"attachments":[],"parameters":[],"shouldDisplayMessage":false,"stepsCount":0,"attachmentsCount":0,"hasContent":false,"attachmentStep":false},{"name":"_function_scoped_runner::0","time":{"start":1763956377552,"stop":1763956377553,"duration":1},"status":"passed","steps":[],"attachments":[],"parameters":[],"shouldDisplayMessage":false,"stepsCount":0,"attachmentsCount":0,"hasContent":false,"attachmentStep":false}],"labels":[{"name":"parentSuite","value":"E2E Tests"},{"name":"suite","value":"Shell App"},{"name":"tag","value":"asyncio"},{"name":"tag","value":"class_setup"},{"name":"subSuite","value":"TestE2EShellApp"},{"name":"host","value":"runnervmg1sw1"},{"name":"thread","value":"3051-MainThread"},{"name":"framework","value":"pytest"},{"name":"language","value":"cpython3"},{"name":"package","value":"tests.test_cases.tests_e2e.test_shell_app"},{"name":"resultFormat","value":"allure2"}],"parameters":[],"links":[],"hidden":false,"retry":false,"extra":{"severity":"normal","retries":[],"categories":[{"name":"Product defects","matchedStatuses":[],"flaky":false}],"history":{"statistic":{"failed":31,"broken":0,"skipped":0,"passed":1,"unknown":0,"total":32},"items":[{"uid":"849beea1814d9245","status":"failed","statusDetails":"AssertionError: [TimeoutError] during step: Click Apply config button\nMessage: Element not ready for click after 10000ms: <Locator frame=<Frame name= url='https://console.dev.apolo.us/apps/shell/install?cluster=default&project=regression-proj-jv2wzfyng5&org=regression-org-lqxygm89ew6w'> selector='internal:role=button[name=\"Apply config\"i]'>\nLast error: Locator expected to be enabled\nActual value: disabled \nCall log:\n  - Expect \"to_be_enabled\" with timeout 500ms\n  - waiting for get_by_role(\"button\", name=\"Apply config\")\n    4 × locator resolved to <button disabled type=\"button\" class=\"relative inline-flex cursor-pointer items-center justify-center rounded-xl py-1 transition-colors text-button h-12 gap-2 bg-primary text-white hover:bg-primary-medium active:bg-primary-dark disabled:bg-neural-01 disabled:text-neural-03 px-10 capitalize pointer-events-none\">Apply config</button>\n      - unexpected value \"disabled\"","time":{"start":1763869773784,"stop":1763869865314,"duration":91530}},{"uid":"9f3016f18ac12ddb","status":"failed","statusDetails":"AssertionError: [TimeoutError] during step: Click Apply config button\nMessage: Element not ready for click after 10000ms: <Locator frame=<Frame name= url='https://console.dev.apolo.us/apps/shell/install?cluster=default&project=regression-proj-phxg3gg5ky&org=regression-org-peqxh0pyi92m'> selector='internal:role=button[name=\"Apply config\"i]'>\nLast error: Locator expected to be enabled\nActual value: disabled \nCall log:\n  - Expect \"to_be_enabled\" with timeout 500ms\n  - waiting for get_by_role(\"button\", name=\"Apply config\")\n    4 × locator resolved to <button disabled type=\"button\" class=\"relative inline-flex cursor-pointer items-center justify-center rounded-xl py-1 transition-colors text-button h-12 gap-2 bg-primary text-white hover:bg-primary-medium active:bg-primary-dark disabled:bg-neural-01 disabled:text-neural-03 px-10 capitalize pointer-events-none\">Apply config</button>\n      - unexpected value \"disabled\"","time":{"start":1763783006417,"stop":1763783088058,"duration":81641}},{"uid":"14154baecffb6362","status":"failed","statusDetails":"AssertionError: [TimeoutError] during step: Click Apply config button\nMessage: Element not ready for click after 10000ms: <Locator frame=<Frame name= url='https://console.dev.apolo.us/apps/shell/install?cluster=default&project=regression-proj-4g33jge23e&org=regression-org-uesl8psbl90j'> selector='internal:role=button[name=\"Apply config\"i]'>\nLast error: Locator expected to be enabled\nActual value: disabled \nCall log:\n  - Expect \"to_be_enabled\" with timeout 500ms\n  - waiting for get_by_role(\"button\", name=\"Apply config\")\n    4 × locator resolved to <button disabled type=\"button\" class=\"relative inline-flex cursor-pointer items-center justify-center rounded-xl py-1 transition-colors text-button h-12 gap-2 bg-primary text-white hover:bg-primary-medium active:bg-primary-dark disabled:bg-neural-01 disabled:text-neural-03 px-10 capitalize pointer-events-none\">Apply config</button>\n      - unexpected value \"disabled\"","time":{"start":1763697813771,"stop":1763697895121,"duration":81350}},{"uid":"d2c546f33cc31cec","status":"failed","statusDetails":"AssertionError: [TimeoutError] during step: Click Apply config button\nMessage: Element not ready for click after 10000ms: <Locator frame=<Frame name= url='https://console.dev.apolo.us/apps/shell/install?cluster=default&project=regression-proj-246mjw61j0&org=regression-org-e12dv5stgv9q'> selector='internal:role=button[name=\"Apply config\"i]'>\nLast error: Locator expected to be enabled\nActual value: disabled \nCall log:\n  - Expect \"to_be_enabled\" with timeout 500ms\n  - waiting for get_by_role(\"button\", name=\"Apply config\")\n    4 × locator resolved to <button disabled type=\"button\" class=\"relative inline-flex cursor-pointer items-center justify-center rounded-xl py-1 transition-colors text-button h-12 gap-2 bg-primary text-white hover:bg-primary-medium active:bg-primary-dark disabled:bg-neural-01 disabled:text-neural-03 px-10 capitalize pointer-events-none\">Apply config</button>\n      - unexpected value \"disabled\"","time":{"start":1763611640553,"stop":1763611731862,"duration":91309}},{"uid":"2589e21d6df276eb","status":"failed","statusDetails":"AssertionError: [TimeoutError] during step: Click Apply config button\nMessage: Element not ready for click after 10000ms: <Locator frame=<Frame name= url='https://console.dev.apolo.us/apps/shell/install?cluster=default&project=regression-proj-w1e952yi1h&org=regression-org-bpje6x1d418q'> selector='internal:role=button[name=\"Apply config\"i]'>\nLast error: Locator expected to be enabled\nActual value: disabled \nCall log:\n  - Expect \"to_be_enabled\" with timeout 500ms\n  - waiting for get_by_role(\"button\", name=\"Apply config\")\n    4 × locator resolved to <button disabled type=\"button\" class=\"relative inline-flex cursor-pointer items-center justify-center rounded-xl py-1 transition-colors text-button h-12 gap-2 bg-primary text-white hover:bg-primary-medium active:bg-primary-dark disabled:bg-neural-01 disabled:text-neural-03 px-10 capitalize pointer-events-none\">Apply config</button>\n      - unexpected value \"disabled\"","time":{"start":1763524811897,"stop":1763524893586,"duration":81689}},{"uid":"12d37de962134fa2","status":"failed","statusDetails":"AssertionError: [TimeoutError] during step: Click Apply config button\nMessage: Element not ready for click after 10000ms: <Locator frame=<Frame name= url='https://console.dev.apolo.us/apps/shell/install?cluster=default&project=regression-proj-kqlx491jan&org=regression-org-kiwonfm23q90'> selector='internal:role=button[name=\"Apply config\"i]'>\nLast error: Locator expected to be enabled\nActual value: disabled \nCall log:\n  - Expect \"to_be_enabled\" with timeout 500ms\n  - waiting for get_by_role(\"button\", name=\"Apply config\")\n    4 × locator resolved to <button disabled type=\"button\" class=\"relative inline-flex cursor-pointer items-center justify-center rounded-xl py-1 transition-colors text-button h-12 gap-2 bg-primary text-white hover:bg-primary-medium active:bg-primary-dark disabled:bg-neural-01 disabled:text-neural-03 px-10 capitalize pointer-events-none\">Apply config</button>\n      - unexpected value \"disabled\"","time":{"start":1763438538200,"stop":1763438619684,"duration":81484}},{"uid":"71b208ac672d995a","status":"failed","statusDetails":"AssertionError: [TimeoutError] during step: Click Apply config button\nMessage: Element not ready for click after 10000ms: <Locator frame=<Frame name= url='https://console.dev.apolo.us/apps/shell/install?cluster=default&project=regression-proj-057wb2rkhf&org=regression-org-a359i515qlht'> selector='internal:role=button[name=\"Apply config\"i]'>\nLast error: Locator expected to be enabled\nActual value: disabled \nCall log:\n  - Expect \"to_be_enabled\" with timeout 500ms\n  - waiting for get_by_role(\"button\", name=\"Apply config\")\n    4 × locator resolved to <button disabled type=\"button\" class=\"relative inline-flex cursor-pointer items-center justify-center rounded-xl py-1 transition-colors text-button h-12 gap-2 bg-primary text-white hover:bg-primary-medium active:bg-primary-dark disabled:bg-neural-01 disabled:text-neural-03 px-10 capitalize pointer-events-none\">Apply config</button>\n      - unexpected value \"disabled\"","time":{"start":1763351746419,"stop":1763351837939,"duration":91520}},{"uid":"2a16ea154ab889","status":"failed","statusDetails":"AssertionError: [TimeoutError] during step: Click Apply config button\nMessage: Element not ready for click after 10000ms: <Locator frame=<Frame name= url='https://console.dev.apolo.us/apps/shell/install?cluster=default&project=regression-proj-2dp5t888kc&org=regression-org-ymr1y6xn94fn'> selector='internal:role=button[name=\"Apply config\"i]'>\nLast error: Locator expected to be enabled\nActual value: disabled \nCall log:\n  - Expect \"to_be_enabled\" with timeout 500ms\n  - waiting for get_by_role(\"button\", name=\"Apply config\")\n    4 × locator resolved to <button disabled type=\"button\" class=\"relative inline-flex cursor-pointer items-center justify-center rounded-xl py-1 transition-colors text-button h-12 gap-2 bg-primary text-white hover:bg-primary-medium active:bg-primary-dark disabled:bg-neural-01 disabled:text-neural-03 px-10 capitalize pointer-events-none\">Apply config</button>\n      - unexpected value \"disabled\"","time":{"start":1763265405036,"stop":1763265496072,"duration":91036}},{"uid":"71e7650e0664ae9b","status":"failed","statusDetails":"AssertionError: [AssertionError] during step: Verify that Shell install page displayed\nMessage: Shell Install page should be displayed!","time":{"start":1763179127529,"stop":1763179186793,"duration":59264}},{"uid":"20e0a1ee33c6fe62","status":"failed","statusDetails":"AssertionError: [TimeoutError] during step: Click Apply config button\nMessage: Element not ready for click after 10000ms: <Locator frame=<Frame name= url='https://console.dev.apolo.us/apps/shell/install?cluster=default&project=regression-proj-qryggt98vo&org=regression-org-28hqcjty6yp1'> selector='internal:role=button[name=\"Apply config\"i]'>\nLast error: Locator expected to be enabled\nActual value: disabled \nCall log:\n  - Expect \"to_be_enabled\" with timeout 500ms\n  - waiting for get_by_role(\"button\", name=\"Apply config\")\n    4 × locator resolved to <button disabled type=\"button\" class=\"relative inline-flex cursor-pointer items-center justify-center rounded-xl py-1 transition-colors text-button h-12 gap-2 bg-primary text-white hover:bg-primary-medium active:bg-primary-dark disabled:bg-neural-01 disabled:text-neural-03 px-10 capitalize pointer-events-none\">Apply config</button>\n      - unexpected value \"disabled\"","time":{"start":1763092128782,"stop":1763092210410,"duration":81628}},{"uid":"28c98515f53a7cf9","status":"failed","statusDetails":"AssertionError: [TimeoutError] during step: Click Apply config button\nMessage: Element not ready for click after 10000ms: <Locator frame=<Frame name= url='https://console.dev.apolo.us/apps/shell/install?cluster=default&project=regression-proj-w2jfbyv0c0&org=regression-org-tbnodlo6rsyf'> selector='internal:role=button[name=\"Apply config\"i]'>\nLast error: Locator expected to be enabled\nActual value: disabled \nCall log:\n  - Expect \"to_be_enabled\" with timeout 500ms\n  - waiting for get_by_role(\"button\", name=\"Apply config\")\n    4 × locator resolved to <button disabled type=\"button\" class=\"relative inline-flex cursor-pointer items-center justify-center rounded-xl py-1 transition-colors text-button h-12 gap-2 bg-primary text-white hover:bg-primary-medium active:bg-primary-dark disabled:bg-neural-01 disabled:text-neural-03 px-10 capitalize pointer-events-none\">Apply config</button>\n      - unexpected value \"disabled\"","time":{"start":1763005963511,"stop":1763006046208,"duration":82697}},{"uid":"29547c598a80a5ff","status":"failed","statusDetails":"AssertionError: [TimeoutError] during step: Click Apply config button\nMessage: Element not ready for click after 10000ms: <Locator frame=<Frame name= url='https://console.dev.apolo.us/apps/shell/install?cluster=default&project=regression-proj-eobdwmzgrm&org=regression-org-57p1uwzadmiz'> selector='internal:role=button[name=\"Apply config\"i]'>\nLast error: Locator expected to be enabled\nActual value: disabled \nCall log:\n  - Expect \"to_be_enabled\" with timeout 500ms\n  - waiting for get_by_role(\"button\", name=\"Apply config\")\n    4 × locator resolved to <button disabled type=\"button\" class=\"relative inline-flex cursor-pointer items-center justify-center rounded-xl py-1 transition-colors text-button h-12 gap-2 bg-primary text-white hover:bg-primary-medium active:bg-primary-dark disabled:bg-neural-01 disabled:text-neural-03 px-10 capitalize pointer-events-none\">Apply config</button>\n      - unexpected value \"disabled\"","time":{"start":1762919482236,"stop":1762919677886,"duration":195650}},{"uid":"91138cc5cc54f8e2","status":"failed","statusDetails":"AssertionError: [TimeoutError] during step: Click Apply config button\nMessage: Element not ready for click after 10000ms: <Locator frame=<Frame name= url='https://console.dev.apolo.us/apps/shell/install?cluster=default&project=regression-proj-jjyh52gtyx&org=regression-org-f7x0bf67rfio'> selector='internal:role=button[name=\"Apply config\"i]'>\nLast error: Locator expected to be enabled\nActual value: disabled \nCall log:\n  - Expect \"to_be_enabled\" with timeout 500ms\n  - waiting for get_by_role(\"button\", name=\"Apply config\")\n    4 × locator resolved to <button disabled type=\"button\" class=\"relative inline-flex cursor-pointer items-center justify-center rounded-xl py-1 transition-colors text-button h-12 gap-2 bg-primary text-white hover:bg-primary-medium active:bg-primary-dark disabled:bg-neural-01 disabled:text-neural-03 px-10 capitalize pointer-events-none\">Apply config</button>\n      - unexpected value \"disabled\"","time":{"start":1762832486723,"stop":1762832576652,"duration":89929}},{"uid":"d76d56c35a45a726","status":"failed","statusDetails":"AssertionError: [TimeoutError] during step: Click Apply config button\nMessage: Element not ready for click after 10000ms: <Locator frame=<Frame name= url='https://console.dev.apolo.us/apps/shell/install?cluster=default&project=regression-proj-x7p9few2f8&org=regression-org-ut79l3b9oqwu'> selector='internal:role=button[name=\"Apply config\"i]'>\nLast error: Locator expected to be enabled\nActual value: disabled \nCall log:\n  - Expect \"to_be_enabled\" with timeout 500ms\n  - waiting for get_by_role(\"button\", name=\"Apply config\")\n    4 × locator resolved to <button disabled type=\"button\" class=\"relative inline-flex cursor-pointer items-center justify-center rounded-xl py-1 transition-colors text-button h-12 gap-2 bg-primary text-white hover:bg-primary-medium active:bg-primary-dark disabled:bg-neural-01 disabled:text-neural-03 px-10 capitalize pointer-events-none\">Apply config</button>\n      - unexpected value \"disabled\"","time":{"start":1762746022831,"stop":1762746104212,"duration":81381}},{"uid":"1cbcae44a551ae16","status":"failed","statusDetails":"AssertionError: [TimeoutError] during step: Click Apply config button\nMessage: Element not ready for click after 10000ms: <Locator frame=<Frame name= url='https://console.dev.apolo.us/apps/shell/install?cluster=default&project=regression-proj-lpdjdscf5q&org=regression-org-3h8evqvuy9kx'> selector='internal:role=button[name=\"Apply config\"i]'>\nLast error: Locator expected to be enabled\nActual value: disabled \nCall log:\n  - Expect \"to_be_enabled\" with timeout 500ms\n  - waiting for get_by_role(\"button\", name=\"Apply config\")\n    4 × locator resolved to <button disabled type=\"button\" class=\"relative inline-flex cursor-pointer items-center justify-center rounded-xl py-1 transition-colors text-button h-12 gap-2 bg-primary text-white hover:bg-primary-medium active:bg-primary-dark disabled:bg-neural-01 disabled:text-neural-03 px-10 capitalize pointer-events-none\">Apply config</button>\n      - unexpected value \"disabled\"","time":{"start":1762659508700,"stop":1762659590106,"duration":81406}},{"uid":"cd1de163a2efcd20","status":"failed","statusDetails":"AssertionError: [TimeoutError] during step: Click Apply config button\nMessage: Element not ready for click after 10000ms: <Locator frame=<Frame name= url='https://console.dev.apolo.us/apps/shell/install?cluster=default&project=regression-proj-myc258c4yt&org=regression-org-o1nv4vativhl'> selector='internal:role=button[name=\"Apply config\"i]'>\nLast error: Locator expected to be enabled\nActual value: disabled \nCall log:\n  - Expect \"to_be_enabled\" with timeout 500ms\n  - waiting for get_by_role(\"button\", name=\"Apply config\")\n    4 × locator resolved to <button disabled type=\"button\" class=\"relative inline-flex cursor-pointer items-center justify-center rounded-xl py-1 transition-colors text-button h-12 gap-2 bg-primary text-white hover:bg-primary-medium active:bg-primary-dark disabled:bg-neural-01 disabled:text-neural-03 px-10 capitalize pointer-events-none\">Apply config</button>\n      - unexpected value \"disabled\"","time":{"start":1762573119706,"stop":1762573211216,"duration":91510}},{"uid":"13a0a7580190a657","status":"failed","statusDetails":"AssertionError: [TimeoutError] during step: Click Apply config button\nMessage: Element not ready for click after 10000ms: <Locator frame=<Frame name= url='https://console.dev.apolo.us/apps/shell-argocd/install?cluster=default&project=regression-proj-598lb0pgu2&org=regression-org-xsxlhf99biav'> selector='internal:role=button[name=\"Apply config\"i]'>\nLast error: Locator expected to be enabled\nActual value: disabled \nCall log:\n  - Expect \"to_be_enabled\" with timeout 500ms\n  - waiting for get_by_role(\"button\", name=\"Apply config\")\n    4 × locator resolved to <button disabled type=\"button\" class=\"relative inline-flex cursor-pointer items-center justify-center rounded-xl py-1 transition-colors text-button h-12 gap-2 bg-primary text-white hover:bg-primary-medium active:bg-primary-dark disabled:bg-neural-01 disabled:text-neural-03 px-10 capitalize pointer-events-none\">Apply config</button>\n      - unexpected value \"disabled\"","time":{"start":1762486798569,"stop":1762486889942,"duration":91373}},{"uid":"7c352cc81732550e","status":"failed","statusDetails":"AssertionError: [TimeoutError] during step: Click Apply config button\nMessage: Element not ready for click after 10000ms: <Locator frame=<Frame name= url='https://console.dev.apolo.us/apps/shell-argocd/install?cluster=default&project=regression-proj-ks8kx0jjbk&org=regression-org-aue4nygobzxx'> selector='internal:role=button[name=\"Apply config\"i]'>\nLast error: Locator expected to be enabled\nActual value: disabled \nCall log:\n  - Expect \"to_be_enabled\" with timeout 500ms\n  - waiting for get_by_role(\"button\", name=\"Apply config\")\n    4 × locator resolved to <button disabled type=\"button\" class=\"relative inline-flex cursor-pointer items-center justify-center rounded-xl py-1 transition-colors text-button h-12 gap-2 bg-primary text-white hover:bg-primary-medium active:bg-primary-dark disabled:bg-neural-01 disabled:text-neural-03 px-10 capitalize pointer-events-none\">Apply config</button>\n      - unexpected value \"disabled\"","time":{"start":1762399702423,"stop":1762399784301,"duration":81878}},{"uid":"d782619845600aac","status":"failed","statusDetails":"AssertionError: [TimeoutError] during step: Click Apply config button\nMessage: Element not ready for click after 10000ms: <Locator frame=<Frame name= url='https://console.dev.apolo.us/apps/shell-argocd/install?cluster=default&project=regression-proj-xlzo5sa9qn&org=regression-org-narjrr1wlw6f'> selector='internal:role=button[name=\"Apply config\"i]'>\nLast error: Locator expected to be enabled\nActual value: disabled \nCall log:\n  - Expect \"to_be_enabled\" with timeout 500ms\n  - waiting for get_by_role(\"button\", name=\"Apply config\")\n    4 × locator resolved to <button disabled type=\"button\" class=\"relative inline-flex cursor-pointer items-center justify-center rounded-xl py-1 transition-colors text-button h-12 gap-2 bg-primary text-white hover:bg-primary-medium active:bg-primary-dark disabled:bg-neural-01 disabled:text-neural-03 px-10 capitalize pointer-events-none\">Apply config</button>\n      - unexpected value \"disabled\"","time":{"start":1762313477445,"stop":1762313561447,"duration":84002}},{"uid":"d004052ec62b9ab9","status":"failed","statusDetails":"AssertionError: [TimeoutError] during step: Click Apply config button\nMessage: Element not ready for click after 10000ms: <Locator frame=<Frame name= url='https://console.dev.apolo.us/apps/shell-argocd/install?cluster=default&project=regression-proj-i2smjyzlz8&org=regression-org-warcdeh13xf7'> selector='internal:role=button[name=\"Apply config\"i]'>\nLast error: Locator expected to be enabled\nActual value: disabled \nCall log:\n  - Expect \"to_be_enabled\" with timeout 500ms\n  - waiting for get_by_role(\"button\", name=\"Apply config\")\n    4 × locator resolved to <button disabled type=\"button\" class=\"relative inline-flex cursor-pointer items-center justify-center rounded-xl py-1 transition-colors text-button h-12 gap-2 bg-primary text-white hover:bg-primary-medium active:bg-primary-dark disabled:bg-neural-01 disabled:text-neural-03 px-10 capitalize pointer-events-none\">Apply config</button>\n      - unexpected value \"disabled\"","time":{"start":1762227384540,"stop":1762227466565,"duration":82025}}]},"tags":["asyncio","class_setup"]},"source":"a0ab7fdf711e7c47.json","parameterValues":[]}