{"uid":"a46a1f1b35a2cd40","name":"New user successful login","fullName":"tests.test_cases.tests_ui.test_ui_login.TestUILogin#test_new_user_login","historyId":"f3cf3011fc9c980d41bad2e95c8e1524","time":{"start":1760934127210,"stop":1760934127210,"duration":0},"description":"\n### Verify that:\n\n- User can login with valid credentials.\n","descriptionHtml":"<div style='line-height:1.6;'><h3>Verify that:</h3>\n<ul>\n<li>User can login with valid credentials.</li>\n</ul></div>","status":"failed","statusMessage":"AssertionError: [AssertionError] during step: Signup new user via UI and activate email verification link\nMessage: [AssertionError] during step: Verify that Signup username page displayed\nMessage: Locator expected to be visible\nActual value: None \nCall log:\n  - Expect \"to_be_visible\" with timeout 5000ms\n  - waiting for locator(\"#input\")\n    - waiting for\" https://sign-up.dev.apolo.us/?username=regression-qs0oznncsf&callback_url=https%3A%2F%2Fauth.dev.apolo.us%2Fcontinue&neuro_api_url=https%3A%2F%2Fapi.dev.apolo.us%2Fapis%2Fadmin%2Fv1%2Fusers&state=hKF…\" navigation to finish...","statusTrace":"tests/reporting_hooks/reporting.py:49: in wrapper\n    result = await func(*args, **kwargs)\n             ^^^^^^^^^^^^^^^^^^^^^^^^^^^\ntests/test_cases/steps/ui_steps/page_steps_impl/signup_username_page_steps.py:14: in verify_ui_page_displayed\n    assert await self._pm.signup_username_page.is_loaded(), (\n           ^^^^^^^^^^^^^^^^^^^^^^^^^^^^^^^^^^^^^^^^^^^^^^^\ntests/components/ui/pages/signup_username_page.py:20: in is_loaded\n    await self._username_input.expect_to_be_loaded()\ntests/components/ui/pages/base_element.py:51: in expect_to_be_loaded\n    await expect(self.locator).to_be_visible(timeout=timeout)\nE   AssertionError: Locator expected to be visible\nE   Actual value: None \nE   Call log:\nE     - Expect \"to_be_visible\" with timeout 5000ms\nE     - waiting for locator(\"#input\")\nE       - waiting for\" https://sign-up.dev.apolo.us/?username=regression-qs0oznncsf&callback_url=https%3A%2F%2Fauth.dev.apolo.us%2Fcontinue&neuro_api_url=https%3A%2F%2Fapi.dev.apolo.us%2Fapis%2Fadmin%2Fv1%2Fusers&state=hKF…\" navigation to finish...\n\nThe above exception was the direct cause of the following exception:\ntests/reporting_hooks/reporting.py:49: in wrapper\n    result = await func(*args, **kwargs)\n             ^^^^^^^^^^^^^^^^^^^^^^^^^^^\ntests/test_cases/steps/ui_steps/ui_steps.py:127: in ui_signup_new_user_ver_link\n    await self.signup_username_page.verify_ui_page_displayed()\ntests/reporting_hooks/reporting.py:58: in wrapper\n    raise AssertionError(formatted_msg) from e\nE   AssertionError: [AssertionError] during step: Verify that Signup username page displayed\nE   Message: Locator expected to be visible\nE   Actual value: None \nE   Call log:\nE     - Expect \"to_be_visible\" with timeout 5000ms\nE     - waiting for locator(\"#input\")\nE       - waiting for\" https://sign-up.dev.apolo.us/?username=regression-qs0oznncsf&callback_url=https%3A%2F%2Fauth.dev.apolo.us%2Fcontinue&neuro_api_url=https%3A%2F%2Fapi.dev.apolo.us%2Fapis%2Fadmin%2Fv1%2Fusers&state=hKF…\" navigation to finish...\n\nThe above exception was the direct cause of the following exception:\ntests/test_cases/tests_ui/test_ui_login.py:17: in setup\n    user = await steps.ui_signup_new_user_ver_link()\n           ^^^^^^^^^^^^^^^^^^^^^^^^^^^^^^^^^^^^^^^^^\ntests/reporting_hooks/reporting.py:58: in wrapper\n    raise AssertionError(formatted_msg) from e\nE   AssertionError: [AssertionError] during step: Signup new user via UI and activate email verification link\nE   Message: [AssertionError] during step: Verify that Signup username page displayed\nE   Message: Locator expected to be visible\nE   Actual value: None \nE   Call log:\nE     - Expect \"to_be_visible\" with timeout 5000ms\nE     - waiting for locator(\"#input\")\nE       - waiting for\" https://sign-up.dev.apolo.us/?username=regression-qs0oznncsf&callback_url=https%3A%2F%2Fauth.dev.apolo.us%2Fcontinue&neuro_api_url=https%3A%2F%2Fapi.dev.apolo.us%2Fapis%2Fadmin%2Fv1%2Fusers&state=hKF…\" navigation to finish...","flaky":false,"newFailed":true,"newBroken":false,"newPassed":false,"retriesCount":2,"retriesStatusChange":true,"beforeStages":[{"name":"base_url","time":{"start":1760924010128,"stop":1760924010128,"duration":0},"status":"passed","steps":[],"attachments":[],"parameters":[],"shouldDisplayMessage":false,"stepsCount":0,"attachmentsCount":0,"hasContent":false,"attachmentStep":false},{"name":"_verify_url","time":{"start":1760924010128,"stop":1760924010128,"duration":0},"status":"passed","steps":[],"attachments":[],"parameters":[],"shouldDisplayMessage":false,"stepsCount":0,"attachmentsCount":0,"hasContent":false,"attachmentStep":false},{"name":"pytestconfig","time":{"start":1760924010128,"stop":1760924010128,"duration":0},"status":"passed","steps":[],"attachments":[],"parameters":[],"shouldDisplayMessage":false,"stepsCount":0,"attachmentsCount":0,"hasContent":false,"attachmentStep":false},{"name":"delay_worker_start","time":{"start":1760924010129,"stop":1760924025129,"duration":15000},"status":"passed","steps":[],"attachments":[],"parameters":[],"shouldDisplayMessage":false,"stepsCount":0,"attachmentsCount":0,"hasContent":false,"attachmentStep":false},{"name":"event_loop_policy","time":{"start":1760924010129,"stop":1760924010129,"duration":0},"status":"passed","steps":[],"attachments":[],"parameters":[],"shouldDisplayMessage":false,"stepsCount":0,"attachmentsCount":0,"hasContent":false,"attachmentStep":false},{"name":"delete_output_dir","time":{"start":1760924010129,"stop":1760924010129,"duration":0},"status":"passed","steps":[],"attachments":[],"parameters":[],"shouldDisplayMessage":false,"stepsCount":0,"attachmentsCount":0,"hasContent":false,"attachmentStep":false},{"name":"ensure_storage_directories","time":{"start":1760924025130,"stop":1760924025130,"duration":0},"status":"passed","steps":[],"attachments":[],"parameters":[],"shouldDisplayMessage":false,"stepsCount":0,"attachmentsCount":0,"hasContent":false,"attachmentStep":false},{"name":"test_config","time":{"start":1760934127211,"stop":1760934127214,"duration":3},"status":"passed","steps":[],"attachments":[],"parameters":[],"shouldDisplayMessage":false,"stepsCount":0,"attachmentsCount":0,"hasContent":false,"attachmentStep":false},{"name":"page_manager","time":{"start":1760934127214,"stop":1760934129651,"duration":2437},"status":"passed","steps":[],"attachments":[{"uid":"fb14f6d0e64bf905","name":"HTTP 200 - GET config","source":"fb14f6d0e64bf905.txt","type":"text/plain","size":673}],"parameters":[],"shouldDisplayMessage":false,"stepsCount":0,"attachmentsCount":1,"hasContent":true,"attachmentStep":false},{"name":"_function_scoped_runner","time":{"start":1760934127214,"stop":1760934127214,"duration":0},"status":"passed","steps":[],"attachments":[],"parameters":[],"shouldDisplayMessage":false,"stepsCount":0,"attachmentsCount":0,"hasContent":false,"attachmentStep":false},{"name":"users_manager","time":{"start":1760934129651,"stop":1760934129651,"duration":0},"status":"passed","steps":[],"attachments":[],"parameters":[],"shouldDisplayMessage":false,"stepsCount":0,"attachmentsCount":0,"hasContent":false,"attachmentStep":false},{"name":"data_manager","time":{"start":1760934129651,"stop":1760934129651,"duration":0},"status":"passed","steps":[],"attachments":[],"parameters":[],"shouldDisplayMessage":false,"stepsCount":0,"attachmentsCount":0,"hasContent":false,"attachmentStep":false},{"name":"api_helper","time":{"start":1760934129651,"stop":1760934129652,"duration":1},"status":"passed","steps":[],"attachments":[],"parameters":[],"shouldDisplayMessage":false,"stepsCount":0,"attachmentsCount":0,"hasContent":false,"attachmentStep":false},{"name":"apolo_cli","time":{"start":1760934129652,"stop":1760934129652,"duration":0},"status":"passed","steps":[],"attachments":[],"parameters":[],"shouldDisplayMessage":false,"stepsCount":0,"attachmentsCount":0,"hasContent":false,"attachmentStep":false},{"name":"setup_cleanup","time":{"start":1760934129652,"stop":1760934129652,"duration":0},"status":"passed","steps":[],"attachments":[],"parameters":[],"shouldDisplayMessage":false,"stepsCount":0,"attachmentsCount":0,"hasContent":false,"attachmentStep":false},{"name":"add_page_manager","time":{"start":1760934129652,"stop":1760934129653,"duration":1},"status":"passed","steps":[],"attachments":[],"parameters":[],"shouldDisplayMessage":false,"stepsCount":0,"attachmentsCount":0,"hasContent":false,"attachmentStep":false},{"name":"_inject_fixtures","time":{"start":1760934129653,"stop":1760934129653,"duration":0},"status":"passed","steps":[],"attachments":[],"parameters":[],"shouldDisplayMessage":false,"stepsCount":0,"attachmentsCount":0,"hasContent":false,"attachmentStep":false},{"name":"setup","time":{"start":1760934129653,"stop":1760934206531,"duration":76878},"status":"failed","statusMessage":"AssertionError: [AssertionError] during step: Signup new user via UI and activate email verification link\nMessage: [AssertionError] during step: Verify that Signup username page displayed\nMessage: Locator expected to be visible\nActual value: None \nCall log:\n  - Expect \"to_be_visible\" with timeout 5000ms\n  - waiting for locator(\"#input\")\n    - waiting for\" https://sign-up.dev.apolo.us/?username=regression-qs0oznncsf&callback_url=https%3A%2F%2Fauth.dev.apolo.us%2Fcontinue&neuro_api_url=https%3A%2F%2Fapi.dev.apolo.us%2Fapis%2Fadmin%2Fv1%2Fusers&state=hKF…\" navigation to finish...\n\n","statusTrace":"  File \"/home/runner/work/apolo-test-automation/apolo-test-automation/.venv/lib/python3.13/site-packages/pluggy/_callers.py\", line 38, in run_old_style_hookwrapper\n    res = yield\n          ^^^^^\n  File \"/home/runner/work/apolo-test-automation/apolo-test-automation/.venv/lib/python3.13/site-packages/pluggy/_callers.py\", line 139, in _multicall\n    teardown.throw(exception)\n    ~~~~~~~~~~~~~~^^^^^^^^^^^\n  File \"/home/runner/work/apolo-test-automation/apolo-test-automation/.venv/lib/python3.13/site-packages/pytest_asyncio/plugin.py\", line 748, in pytest_fixture_setup\n    hook_result = yield\n                  ^^^^^\n  File \"/home/runner/work/apolo-test-automation/apolo-test-automation/.venv/lib/python3.13/site-packages/pluggy/_callers.py\", line 139, in _multicall\n    teardown.throw(exception)\n    ~~~~~~~~~~~~~~^^^^^^^^^^^\n  File \"/home/runner/work/apolo-test-automation/apolo-test-automation/.venv/lib/python3.13/site-packages/_pytest/setuponly.py\", line 36, in pytest_fixture_setup\n    return (yield)\n            ^^^^^\n  File \"/home/runner/work/apolo-test-automation/apolo-test-automation/.venv/lib/python3.13/site-packages/pluggy/_callers.py\", line 121, in _multicall\n    res = hook_impl.function(*args)\n  File \"/home/runner/work/apolo-test-automation/apolo-test-automation/.venv/lib/python3.13/site-packages/_pytest/fixtures.py\", line 1196, in pytest_fixture_setup\n    result = call_fixture_func(fixturefunc, request, kwargs)\n  File \"/home/runner/work/apolo-test-automation/apolo-test-automation/.venv/lib/python3.13/site-packages/_pytest/fixtures.py\", line 930, in call_fixture_func\n    fixture_result = fixturefunc(**kwargs)\n  File \"/home/runner/work/apolo-test-automation/apolo-test-automation/.venv/lib/python3.13/site-packages/pytest_asyncio/plugin.py\", line 366, in _async_fixture_wrapper\n    result = runner.run(setup(), context=context)\n  File \"/opt/hostedtoolcache/Python/3.13.8/x64/lib/python3.13/asyncio/runners.py\", line 118, in run\n    return self._loop.run_until_complete(task)\n           ~~~~~~~~~~~~~~~~~~~~~~~~~~~~~^^^^^^\n  File \"/opt/hostedtoolcache/Python/3.13.8/x64/lib/python3.13/asyncio/base_events.py\", line 725, in run_until_complete\n    return future.result()\n           ~~~~~~~~~~~~~^^\n  File \"/home/runner/work/apolo-test-automation/apolo-test-automation/.venv/lib/python3.13/site-packages/pytest_asyncio/plugin.py\", line 362, in setup\n    res = await fixture_function(*args, **kwargs)\n          ^^^^^^^^^^^^^^^^^^^^^^^^^^^^^^^^^^^^^^^\n  File \"/home/runner/work/apolo-test-automation/apolo-test-automation/tests/test_cases/tests_ui/test_ui_login.py\", line 17, in setup\n    user = await steps.ui_signup_new_user_ver_link()\n           ^^^^^^^^^^^^^^^^^^^^^^^^^^^^^^^^^^^^^^^^^\n  File \"/home/runner/work/apolo-test-automation/apolo-test-automation/tests/reporting_hooks/reporting.py\", line 58, in wrapper\n    raise AssertionError(formatted_msg) from e\n","steps":[{"name":"Signup new user via UI and activate email verification link","time":{"start":1760934129653,"stop":1760934206530,"duration":76877},"status":"failed","statusMessage":"AssertionError: [AssertionError] during step: Signup new user via UI and activate email verification link\nMessage: [AssertionError] during step: Verify that Signup username page displayed\nMessage: Locator expected to be visible\nActual value: None \nCall log:\n  - Expect \"to_be_visible\" with timeout 5000ms\n  - waiting for locator(\"#input\")\n    - waiting for\" https://sign-up.dev.apolo.us/?username=regression-qs0oznncsf&callback_url=https%3A%2F%2Fauth.dev.apolo.us%2Fcontinue&neuro_api_url=https%3A%2F%2Fapi.dev.apolo.us%2Fapis%2Fadmin%2Fv1%2Fusers&state=hKF…\" navigation to finish...\n\n","statusTrace":"  File \"/home/runner/work/apolo-test-automation/apolo-test-automation/tests/reporting_hooks/reporting.py\", line 58, in wrapper\n    raise AssertionError(formatted_msg) from e\n","steps":[{"name":"Click signup button","time":{"start":1760934129654,"stop":1760934130787,"duration":1133},"status":"passed","steps":[],"attachments":[{"uid":"d99b7965f273bc61","name":"Page URL","source":"d99b7965f273bc61.txt","type":"text/plain","size":33},{"uid":"1ad3fa00157c25dc","name":"Screenshot: Click signup button (success)","source":"1ad3fa00157c25dc.png","type":"image/png","size":39018}],"parameters":[],"shouldDisplayMessage":false,"stepsCount":0,"attachmentsCount":2,"hasContent":true,"attachmentStep":false},{"name":"Enter email","time":{"start":1760934130787,"stop":1760934131151,"duration":364},"status":"passed","steps":[],"attachments":[{"uid":"57b811c3e897c41","name":"Page URL","source":"57b811c3e897c41.txt","type":"text/plain","size":216},{"uid":"efd18a55cb8d9e70","name":"Screenshot: Enter email (success)","source":"efd18a55cb8d9e70.png","type":"image/png","size":43820}],"parameters":[],"shouldDisplayMessage":false,"stepsCount":0,"attachmentsCount":2,"hasContent":true,"attachmentStep":false},{"name":"Enter password","time":{"start":1760934131151,"stop":1760934131516,"duration":365},"status":"passed","steps":[],"attachments":[{"uid":"f23b87d6c7db97ab","name":"Page URL","source":"f23b87d6c7db97ab.txt","type":"text/plain","size":216},{"uid":"b56579ec0bba66b8","name":"Screenshot: Enter password (success)","source":"b56579ec0bba66b8.png","type":"image/png","size":63585}],"parameters":[],"shouldDisplayMessage":false,"stepsCount":0,"attachmentsCount":2,"hasContent":true,"attachmentStep":false},{"name":"Click continue button","time":{"start":1760934131516,"stop":1760934134010,"duration":2494},"status":"passed","steps":[],"attachments":[{"uid":"90b24e004721c5ab","name":"Page URL","source":"90b24e004721c5ab.txt","type":"text/plain","size":216},{"uid":"c9d72fe29b0af1f0","name":"Screenshot: Click continue button (success)","source":"c9d72fe29b0af1f0.png","type":"image/png","size":11162}],"parameters":[],"shouldDisplayMessage":false,"stepsCount":0,"attachmentsCount":2,"hasContent":true,"attachmentStep":false},{"name":"Verify that Verify email message displayed","time":{"start":1760934134010,"stop":1760934135111,"duration":1101},"status":"passed","steps":[],"attachments":[{"uid":"590d303f96e33650","name":"Page URL","source":"590d303f96e33650.txt","type":"text/plain","size":194},{"uid":"a05c12df68c29831","name":"HTTP 200 - GET config","source":"a05c12df68c29831.txt","type":"text/plain","size":673},{"uid":"34c60f6615406d00","name":"Screenshot: Verify that Verify email message displayed (success)","source":"34c60f6615406d00.png","type":"image/png","size":28211}],"parameters":[],"shouldDisplayMessage":false,"stepsCount":0,"attachmentsCount":3,"hasContent":true,"attachmentStep":false},{"name":"Verify user email with the activation link","time":{"start":1760934135111,"stop":1760934136869,"duration":1758},"status":"passed","steps":[{"name":"Navigate to URL","time":{"start":1760934135578,"stop":1760934136511,"duration":933},"status":"passed","steps":[],"attachments":[{"uid":"ad24e9de62880c9b","name":"Page URL","source":"ad24e9de62880c9b.txt","type":"text/plain","size":184},{"uid":"737068cbc8b5ad5","name":"Screenshot: Navigate to URL (success)","source":"737068cbc8b5ad5.png","type":"image/png","size":22507}],"parameters":[],"shouldDisplayMessage":false,"stepsCount":0,"attachmentsCount":2,"hasContent":true,"attachmentStep":false}],"attachments":[],"parameters":[],"shouldDisplayMessage":false,"stepsCount":1,"attachmentsCount":2,"hasContent":true,"attachmentStep":false},{"name":"Navigate to URL","time":{"start":1760934136869,"stop":1760934139167,"duration":2298},"status":"passed","steps":[],"attachments":[{"uid":"80eb35c95ad9fa49","name":"Page URL","source":"80eb35c95ad9fa49.txt","type":"text/plain","size":87},{"uid":"2ad7994f09c89ba7","name":"HTTP 200 - GET config","source":"2ad7994f09c89ba7.txt","type":"text/plain","size":673},{"uid":"fe0d5ebf24baf4bf","name":"Screenshot: Navigate to URL (success)","source":"fe0d5ebf24baf4bf.png","type":"image/png","size":88563}],"parameters":[],"shouldDisplayMessage":false,"stepsCount":0,"attachmentsCount":3,"hasContent":true,"attachmentStep":false},{"name":"Verify that Auth page displayed","time":{"start":1760934139167,"stop":1760934139252,"duration":85},"status":"passed","steps":[],"attachments":[{"uid":"f0ca3660f64d702a","name":"Page URL","source":"f0ca3660f64d702a.txt","type":"text/plain","size":33},{"uid":"40ac0560e1d0e496","name":"Screenshot: Verify that Auth page displayed (success)","source":"40ac0560e1d0e496.png","type":"image/png","size":88563}],"parameters":[],"shouldDisplayMessage":false,"stepsCount":0,"attachmentsCount":2,"hasContent":true,"attachmentStep":false},{"name":"Click login button","time":{"start":1760934139252,"stop":1760934140511,"duration":1259},"status":"passed","steps":[],"attachments":[{"uid":"52f39dc557a7bd7b","name":"Page URL","source":"52f39dc557a7bd7b.txt","type":"text/plain","size":33},{"uid":"c532e0e4c50ecb2a","name":"Screenshot: Click login button (success)","source":"c532e0e4c50ecb2a.png","type":"image/png","size":88570}],"parameters":[],"shouldDisplayMessage":false,"stepsCount":0,"attachmentsCount":2,"hasContent":true,"attachmentStep":false},{"name":"Verify that Signup username page displayed","time":{"start":1760934140511,"stop":1760934176524,"duration":36013},"status":"failed","statusMessage":"AssertionError: [AssertionError] during step: Verify that Signup username page displayed\nMessage: Locator expected to be visible\nActual value: None \nCall log:\n  - Expect \"to_be_visible\" with timeout 5000ms\n  - waiting for locator(\"#input\")\n    - waiting for\" https://sign-up.dev.apolo.us/?username=regression-qs0oznncsf&callback_url=https%3A%2F%2Fauth.dev.apolo.us%2Fcontinue&neuro_api_url=https%3A%2F%2Fapi.dev.apolo.us%2Fapis%2Fadmin%2Fv1%2Fusers&state=hKF…\" navigation to finish...\n\n","statusTrace":"  File \"/home/runner/work/apolo-test-automation/apolo-test-automation/tests/reporting_hooks/reporting.py\", line 58, in wrapper\n    raise AssertionError(formatted_msg) from e\n","steps":[],"attachments":[{"uid":"b2e47caf0eae8fb4","name":"Page URL","source":"b2e47caf0eae8fb4.txt","type":"text/plain","size":33}],"parameters":[],"shouldDisplayMessage":true,"stepsCount":0,"attachmentsCount":1,"hasContent":true,"attachmentStep":false}],"attachments":[{"uid":"5c31be327101907","name":"Page URL","source":"5c31be327101907.txt","type":"text/plain","size":33}],"parameters":[],"shouldDisplayMessage":true,"stepsCount":11,"attachmentsCount":22,"hasContent":true,"attachmentStep":false}],"attachments":[],"parameters":[],"shouldDisplayMessage":false,"stepsCount":12,"attachmentsCount":22,"hasContent":true,"attachmentStep":false}],"testStage":{"description":"\n### Verify that:\n\n- User can login with valid credentials.\n","descriptionHtml":"<div style='line-height:1.6;'><h3>Verify that:</h3>\n<ul>\n<li>User can login with valid credentials.</li>\n</ul></div>","status":"failed","statusMessage":"AssertionError: [AssertionError] during step: Signup new user via UI and activate email verification link\nMessage: [AssertionError] during step: Verify that Signup username page displayed\nMessage: Locator expected to be visible\nActual value: None \nCall log:\n  - Expect \"to_be_visible\" with timeout 5000ms\n  - waiting for locator(\"#input\")\n    - waiting for\" https://sign-up.dev.apolo.us/?username=regression-qs0oznncsf&callback_url=https%3A%2F%2Fauth.dev.apolo.us%2Fcontinue&neuro_api_url=https%3A%2F%2Fapi.dev.apolo.us%2Fapis%2Fadmin%2Fv1%2Fusers&state=hKF…\" navigation to finish...","statusTrace":"tests/reporting_hooks/reporting.py:49: in wrapper\n    result = await func(*args, **kwargs)\n             ^^^^^^^^^^^^^^^^^^^^^^^^^^^\ntests/test_cases/steps/ui_steps/page_steps_impl/signup_username_page_steps.py:14: in verify_ui_page_displayed\n    assert await self._pm.signup_username_page.is_loaded(), (\n           ^^^^^^^^^^^^^^^^^^^^^^^^^^^^^^^^^^^^^^^^^^^^^^^\ntests/components/ui/pages/signup_username_page.py:20: in is_loaded\n    await self._username_input.expect_to_be_loaded()\ntests/components/ui/pages/base_element.py:51: in expect_to_be_loaded\n    await expect(self.locator).to_be_visible(timeout=timeout)\nE   AssertionError: Locator expected to be visible\nE   Actual value: None \nE   Call log:\nE     - Expect \"to_be_visible\" with timeout 5000ms\nE     - waiting for locator(\"#input\")\nE       - waiting for\" https://sign-up.dev.apolo.us/?username=regression-qs0oznncsf&callback_url=https%3A%2F%2Fauth.dev.apolo.us%2Fcontinue&neuro_api_url=https%3A%2F%2Fapi.dev.apolo.us%2Fapis%2Fadmin%2Fv1%2Fusers&state=hKF…\" navigation to finish...\n\nThe above exception was the direct cause of the following exception:\ntests/reporting_hooks/reporting.py:49: in wrapper\n    result = await func(*args, **kwargs)\n             ^^^^^^^^^^^^^^^^^^^^^^^^^^^\ntests/test_cases/steps/ui_steps/ui_steps.py:127: in ui_signup_new_user_ver_link\n    await self.signup_username_page.verify_ui_page_displayed()\ntests/reporting_hooks/reporting.py:58: in wrapper\n    raise AssertionError(formatted_msg) from e\nE   AssertionError: [AssertionError] during step: Verify that Signup username page displayed\nE   Message: Locator expected to be visible\nE   Actual value: None \nE   Call log:\nE     - Expect \"to_be_visible\" with timeout 5000ms\nE     - waiting for locator(\"#input\")\nE       - waiting for\" https://sign-up.dev.apolo.us/?username=regression-qs0oznncsf&callback_url=https%3A%2F%2Fauth.dev.apolo.us%2Fcontinue&neuro_api_url=https%3A%2F%2Fapi.dev.apolo.us%2Fapis%2Fadmin%2Fv1%2Fusers&state=hKF…\" navigation to finish...\n\nThe above exception was the direct cause of the following exception:\ntests/test_cases/tests_ui/test_ui_login.py:17: in setup\n    user = await steps.ui_signup_new_user_ver_link()\n           ^^^^^^^^^^^^^^^^^^^^^^^^^^^^^^^^^^^^^^^^^\ntests/reporting_hooks/reporting.py:58: in wrapper\n    raise AssertionError(formatted_msg) from e\nE   AssertionError: [AssertionError] during step: Signup new user via UI and activate email verification link\nE   Message: [AssertionError] during step: Verify that Signup username page displayed\nE   Message: Locator expected to be visible\nE   Actual value: None \nE   Call log:\nE     - Expect \"to_be_visible\" with timeout 5000ms\nE     - waiting for locator(\"#input\")\nE       - waiting for\" https://sign-up.dev.apolo.us/?username=regression-qs0oznncsf&callback_url=https%3A%2F%2Fauth.dev.apolo.us%2Fcontinue&neuro_api_url=https%3A%2F%2Fapi.dev.apolo.us%2Fapis%2Fadmin%2Fv1%2Fusers&state=hKF…\" navigation to finish...","steps":[],"attachments":[{"uid":"eed2b34bc72b68d8","name":"log","source":"eed2b34bc72b68d8.txt","type":"text/plain","size":11719}],"parameters":[],"shouldDisplayMessage":true,"stepsCount":0,"attachmentsCount":1,"hasContent":true,"attachmentStep":false},"afterStages":[{"name":"setup_cleanup::finalizer","time":{"start":1760934206560,"stop":1760934206560,"duration":0},"status":"passed","steps":[],"attachments":[],"parameters":[],"shouldDisplayMessage":false,"stepsCount":0,"attachmentsCount":0,"hasContent":false,"attachmentStep":false},{"name":"add_page_manager::finalizer","time":{"start":1760934206560,"stop":1760934206560,"duration":0},"status":"passed","steps":[],"attachments":[],"parameters":[],"shouldDisplayMessage":false,"stepsCount":0,"attachmentsCount":0,"hasContent":false,"attachmentStep":false},{"name":"setup_cleanup::finalizer","time":{"start":1760934206561,"stop":1760934221758,"duration":15197},"status":"passed","steps":[{"name":"Post-test cleanup","time":{"start":1760934206561,"stop":1760934221757,"duration":15196},"status":"passed","steps":[],"attachments":[{"uid":"3fbafa98d6008853","name":"Cleanup note","source":"3fbafa98d6008853.txt","type":"text/plain","size":29},{"uid":"961bf599fd8337e1","name":"HTTP 404 - HEAD regression-qs0oznncsf","source":"961bf599fd8337e1.txt","type":"text/plain","size":179}],"parameters":[],"shouldDisplayMessage":false,"stepsCount":0,"attachmentsCount":2,"hasContent":true,"attachmentStep":false}],"attachments":[],"parameters":[],"shouldDisplayMessage":false,"stepsCount":1,"attachmentsCount":2,"hasContent":true,"attachmentStep":false},{"name":"api_helper::finalizer","time":{"start":1760934221758,"stop":1760934221759,"duration":1},"status":"passed","steps":[],"attachments":[],"parameters":[],"shouldDisplayMessage":false,"stepsCount":0,"attachmentsCount":0,"hasContent":false,"attachmentStep":false},{"name":"_function_scoped_runner::0","time":{"start":1760934221760,"stop":1760934221760,"duration":0},"status":"passed","steps":[],"attachments":[],"parameters":[],"shouldDisplayMessage":false,"stepsCount":0,"attachmentsCount":0,"hasContent":false,"attachmentStep":false}],"labels":[{"name":"parentSuite","value":"UI Tests"},{"name":"suite","value":"UI Login"},{"name":"tag","value":"asyncio"},{"name":"subSuite","value":"TestUILogin"},{"name":"host","value":"runnervmzdgdc"},{"name":"thread","value":"3626-MainThread"},{"name":"framework","value":"pytest"},{"name":"language","value":"cpython3"},{"name":"package","value":"tests.test_cases.tests_ui.test_ui_login"},{"name":"resultFormat","value":"allure2"}],"parameters":[],"links":[],"hidden":false,"retry":false,"extra":{"severity":"normal","retries":[{"uid":"cc911edc6802ed6a","status":"broken","statusDetails":"playwright._impl._errors.TimeoutError: Page.goto: Timeout 30000ms exceeded.\nCall log:\n  - navigating to \"https://console.dev.apolo.us/\", waiting until \"load\"","time":{"start":1760934086359,"stop":1760934086359,"duration":0}},{"uid":"d9c6acc23af234fa","status":"broken","statusDetails":"playwright._impl._errors.TimeoutError: Page.goto: Timeout 30000ms exceeded.\nCall log:\n  - navigating to \"https://console.dev.apolo.us/\", waiting until \"load\"","time":{"start":1760934045719,"stop":1760934045719,"duration":0}}],"categories":[{"name":"Product defects","matchedStatuses":[],"flaky":false}],"history":{"statistic":{"failed":2,"broken":0,"skipped":0,"passed":86,"unknown":0,"total":88},"items":[{"uid":"10d1e66412bebf61","status":"passed","time":{"start":1759551064213,"stop":1759551073490,"duration":9277}},{"uid":"f6f2ed1dca063b76","status":"passed","time":{"start":1759464494624,"stop":1759464503182,"duration":8558}},{"uid":"d3c08cb4fae6169e","status":"passed","time":{"start":1759381149194,"stop":1759381162594,"duration":13400}},{"uid":"923fc8acdab1d8b9","status":"passed","time":{"start":1759288608943,"stop":1759288616666,"duration":7723}},{"uid":"98a2906507df6cf9","status":"passed","time":{"start":1759202148448,"stop":1759202156600,"duration":8152}},{"uid":"7be74fe152907f83","status":"passed","time":{"start":1759159948667,"stop":1759159966480,"duration":17813}},{"uid":"9456d17cf407701f","status":"passed","time":{"start":1759116655262,"stop":1759116668713,"duration":13451}},{"uid":"1ae4781b469c7c25","status":"passed","time":{"start":1759030158047,"stop":1759030166387,"duration":8340}},{"uid":"cecd6211ec808572","status":"passed","time":{"start":1758943712782,"stop":1758943720478,"duration":7696}},{"uid":"7aaa90bccfeefd6b","status":"passed","time":{"start":1758856067150,"stop":1758856080676,"duration":13526}},{"uid":"769c429f8eca7179","status":"passed","time":{"start":1758769993494,"stop":1758770000862,"duration":7368}},{"uid":"89ca77a1a52c0fc9","status":"passed","time":{"start":1758711819784,"stop":1758711832893,"duration":13109}},{"uid":"eed28e0cd54644e3","status":"passed","time":{"start":1758696750971,"stop":1758696763704,"duration":12733}},{"uid":"5b26f39034c9bf09","status":"passed","time":{"start":1758684704392,"stop":1758684717626,"duration":13234}},{"uid":"e9bdfab83a8aae1c","status":"passed","time":{"start":1758596971603,"stop":1758596980336,"duration":8733}},{"uid":"1a276d4c0ea89baf","status":"passed","time":{"start":1758510539385,"stop":1758510548231,"duration":8846}},{"uid":"52db730f2bd7c26e","status":"passed","time":{"start":1758424147185,"stop":1758424159682,"duration":12497}},{"uid":"148e7ffa5083da63","status":"passed","time":{"start":1758338099391,"stop":1758338112440,"duration":13049}},{"uid":"9f943738488dfd6a","status":"passed","time":{"start":1758251400278,"stop":1758251407360,"duration":7082}},{"uid":"e568700eeb008e71","status":"passed","time":{"start":1758164831810,"stop":1758164844896,"duration":13086}}]},"tags":["asyncio"]},"source":"a46a1f1b35a2cd40.json","parameterValues":[]}