{"uid":"a4f2694eff0d0f6b","name":"Create First Secret without project via UI","fullName":"tests.test_cases.tests_ui.test_secrets.TestUISecrets#test_create_first_secret_no_project_via_ui","historyId":"3096856d583a2467d6eb569297c83107","time":{"start":1757992415117,"stop":1757992431025,"duration":15908},"description":"\n- Login with valid credentials.\n- Create new organization via **API**.\n\n### Verify that:\n\n- User **cannot** create first Secret if **no project created** yet.\n","descriptionHtml":"<div style='line-height:1.6;'><ul>\n<li>Login with valid credentials.</li>\n<li>Create new organization via <strong>API</strong>.</li>\n</ul>\n<h3>Verify that:</h3>\n<ul>\n<li>User <strong>cannot</strong> create first Secret if <strong>no project created</strong> yet.</li>\n</ul></div>","status":"failed","statusMessage":"AssertionError: [AssertionError] during step: Login via UI\nMessage: [AssertionError] during step: Verify that Welcome new user page displayed\nMessage: Locator expected to be visible\nActual value: <element(s) not found> \nCall log:\n  - Expect \"to_be_visible\" with timeout 5000ms\n  - waiting for locator(\"h3.truncate.text-h3\").filter(has_text=\"Welcome, regression-hu30kslfn7@apolo.us\")","statusTrace":"tests/reporting_hooks/reporting.py:49: in wrapper\n    result = await func(*args, **kwargs)\n             ^^^^^^^^^^^^^^^^^^^^^^^^^^^\ntests/test_cases/steps/ui_steps/page_steps_impl/welcome_new_user_page_steps.py:14: in verify_ui_page_displayed\n    assert await self._pm.welcome_new_user_page.is_loaded(email=email), (\n           ^^^^^^^^^^^^^^^^^^^^^^^^^^^^^^^^^^^^^^^^^^^^^^^^^^^^^^^^^^^\ntests/components/ui/pages/onboarding_pages/welcome_new_user_page.py:27: in is_loaded\n    await self._get_welcome_user_message(email).expect_to_be_loaded()\ntests/components/ui/pages/base_element.py:43: in expect_to_be_loaded\n    await expect(self.locator).to_be_visible(timeout=timeout)\nE   AssertionError: Locator expected to be visible\nE   Actual value: <element(s) not found> \nE   Call log:\nE     - Expect \"to_be_visible\" with timeout 5000ms\nE     - waiting for locator(\"h3.truncate.text-h3\").filter(has_text=\"Welcome, regression-hu30kslfn7@apolo.us\")\n\nThe above exception was the direct cause of the following exception:\ntests/reporting_hooks/reporting.py:49: in wrapper\n    result = await func(*args, **kwargs)\n             ^^^^^^^^^^^^^^^^^^^^^^^^^^^\ntests/test_cases/steps/ui_steps/ui_steps.py:77: in ui_login\n    await self.welcome_new_user_page.verify_ui_page_displayed(\ntests/reporting_hooks/reporting.py:58: in wrapper\n    raise AssertionError(formatted_msg) from e\nE   AssertionError: [AssertionError] during step: Verify that Welcome new user page displayed\nE   Message: Locator expected to be visible\nE   Actual value: <element(s) not found> \nE   Call log:\nE     - Expect \"to_be_visible\" with timeout 5000ms\nE     - waiting for locator(\"h3.truncate.text-h3\").filter(has_text=\"Welcome, regression-hu30kslfn7@apolo.us\")\n\nThe above exception was the direct cause of the following exception:\ntests/test_cases/tests_ui/test_secrets.py:30: in test_create_first_secret_no_project_via_ui\n    await steps.ui_login(user)\ntests/reporting_hooks/reporting.py:58: in wrapper\n    raise AssertionError(formatted_msg) from e\nE   AssertionError: [AssertionError] during step: Login via UI\nE   Message: [AssertionError] during step: Verify that Welcome new user page displayed\nE   Message: Locator expected to be visible\nE   Actual value: <element(s) not found> \nE   Call log:\nE     - Expect \"to_be_visible\" with timeout 5000ms\nE     - waiting for locator(\"h3.truncate.text-h3\").filter(has_text=\"Welcome, regression-hu30kslfn7@apolo.us\")","flaky":false,"newFailed":false,"newBroken":false,"newPassed":false,"retriesCount":0,"retriesStatusChange":false,"beforeStages":[{"name":"pytestconfig","time":{"start":1757986281310,"stop":1757986281310,"duration":0},"status":"passed","steps":[],"attachments":[],"parameters":[],"shouldDisplayMessage":false,"stepsCount":0,"attachmentsCount":0,"hasContent":false,"attachmentStep":false},{"name":"_verify_url","time":{"start":1757986281311,"stop":1757986281311,"duration":0},"status":"passed","steps":[],"attachments":[],"parameters":[],"shouldDisplayMessage":false,"stepsCount":0,"attachmentsCount":0,"hasContent":false,"attachmentStep":false},{"name":"base_url","time":{"start":1757986281311,"stop":1757986281311,"duration":0},"status":"passed","steps":[],"attachments":[],"parameters":[],"shouldDisplayMessage":false,"stepsCount":0,"attachmentsCount":0,"hasContent":false,"attachmentStep":false},{"name":"event_loop_policy","time":{"start":1757986281311,"stop":1757986281311,"duration":0},"status":"passed","steps":[],"attachments":[],"parameters":[],"shouldDisplayMessage":false,"stepsCount":0,"attachmentsCount":0,"hasContent":false,"attachmentStep":false},{"name":"delete_output_dir","time":{"start":1757986281311,"stop":1757986281311,"duration":0},"status":"passed","steps":[],"attachments":[],"parameters":[],"shouldDisplayMessage":false,"stepsCount":0,"attachmentsCount":0,"hasContent":false,"attachmentStep":false},{"name":"delay_worker_start","time":{"start":1757986281311,"stop":1757986296312,"duration":15001},"status":"passed","steps":[],"attachments":[],"parameters":[],"shouldDisplayMessage":false,"stepsCount":0,"attachmentsCount":0,"hasContent":false,"attachmentStep":false},{"name":"ensure_storage_directories","time":{"start":1757986296312,"stop":1757986296312,"duration":0},"status":"passed","steps":[],"attachments":[],"parameters":[],"shouldDisplayMessage":false,"stepsCount":0,"attachmentsCount":0,"hasContent":false,"attachmentStep":false},{"name":"test_config","time":{"start":1757992412710,"stop":1757992412713,"duration":3},"status":"passed","steps":[],"attachments":[],"parameters":[],"shouldDisplayMessage":false,"stepsCount":0,"attachmentsCount":0,"hasContent":false,"attachmentStep":false},{"name":"page_manager","time":{"start":1757992412713,"stop":1757992415113,"duration":2400},"status":"passed","steps":[],"attachments":[{"uid":"1361853508536156","name":"HTTP 200 - GET config","source":"1361853508536156.txt","type":"text/plain","size":654}],"parameters":[],"shouldDisplayMessage":false,"stepsCount":0,"attachmentsCount":1,"hasContent":true,"attachmentStep":false},{"name":"_function_scoped_runner","time":{"start":1757992412714,"stop":1757992412714,"duration":0},"status":"passed","steps":[],"attachments":[],"parameters":[],"shouldDisplayMessage":false,"stepsCount":0,"attachmentsCount":0,"hasContent":false,"attachmentStep":false},{"name":"data_manager","time":{"start":1757992415113,"stop":1757992415114,"duration":1},"status":"passed","steps":[],"attachments":[],"parameters":[],"shouldDisplayMessage":false,"stepsCount":0,"attachmentsCount":0,"hasContent":false,"attachmentStep":false},{"name":"users_manager","time":{"start":1757992415114,"stop":1757992415114,"duration":0},"status":"passed","steps":[],"attachments":[],"parameters":[],"shouldDisplayMessage":false,"stepsCount":0,"attachmentsCount":0,"hasContent":false,"attachmentStep":false},{"name":"apolo_cli","time":{"start":1757992415114,"stop":1757992415114,"duration":0},"status":"passed","steps":[],"attachments":[],"parameters":[],"shouldDisplayMessage":false,"stepsCount":0,"attachmentsCount":0,"hasContent":false,"attachmentStep":false},{"name":"api_helper","time":{"start":1757992415114,"stop":1757992415114,"duration":0},"status":"passed","steps":[],"attachments":[],"parameters":[],"shouldDisplayMessage":false,"stepsCount":0,"attachmentsCount":0,"hasContent":false,"attachmentStep":false},{"name":"setup_cleanup","time":{"start":1757992415115,"stop":1757992415115,"duration":0},"status":"passed","steps":[],"attachments":[],"parameters":[],"shouldDisplayMessage":false,"stepsCount":0,"attachmentsCount":0,"hasContent":false,"attachmentStep":false},{"name":"add_page_manager","time":{"start":1757992415115,"stop":1757992415115,"duration":0},"status":"passed","steps":[],"attachments":[],"parameters":[],"shouldDisplayMessage":false,"stepsCount":0,"attachmentsCount":0,"hasContent":false,"attachmentStep":false},{"name":"_inject_fixtures","time":{"start":1757992415115,"stop":1757992415115,"duration":0},"status":"passed","steps":[],"attachments":[],"parameters":[],"shouldDisplayMessage":false,"stepsCount":0,"attachmentsCount":0,"hasContent":false,"attachmentStep":false},{"name":"setup","time":{"start":1757992415116,"stop":1757992415116,"duration":0},"status":"passed","steps":[],"attachments":[],"parameters":[],"shouldDisplayMessage":false,"stepsCount":0,"attachmentsCount":0,"hasContent":false,"attachmentStep":false}],"testStage":{"description":"\n- Login with valid credentials.\n- Create new organization via **API**.\n\n### Verify that:\n\n- User **cannot** create first Secret if **no project created** yet.\n","descriptionHtml":"<div style='line-height:1.6;'><ul>\n<li>Login with valid credentials.</li>\n<li>Create new organization via <strong>API</strong>.</li>\n</ul>\n<h3>Verify that:</h3>\n<ul>\n<li>User <strong>cannot</strong> create first Secret if <strong>no project created</strong> yet.</li>\n</ul></div>","status":"failed","statusMessage":"AssertionError: [AssertionError] during step: Login via UI\nMessage: [AssertionError] during step: Verify that Welcome new user page displayed\nMessage: Locator expected to be visible\nActual value: <element(s) not found> \nCall log:\n  - Expect \"to_be_visible\" with timeout 5000ms\n  - waiting for locator(\"h3.truncate.text-h3\").filter(has_text=\"Welcome, regression-hu30kslfn7@apolo.us\")","statusTrace":"tests/reporting_hooks/reporting.py:49: in wrapper\n    result = await func(*args, **kwargs)\n             ^^^^^^^^^^^^^^^^^^^^^^^^^^^\ntests/test_cases/steps/ui_steps/page_steps_impl/welcome_new_user_page_steps.py:14: in verify_ui_page_displayed\n    assert await self._pm.welcome_new_user_page.is_loaded(email=email), (\n           ^^^^^^^^^^^^^^^^^^^^^^^^^^^^^^^^^^^^^^^^^^^^^^^^^^^^^^^^^^^\ntests/components/ui/pages/onboarding_pages/welcome_new_user_page.py:27: in is_loaded\n    await self._get_welcome_user_message(email).expect_to_be_loaded()\ntests/components/ui/pages/base_element.py:43: in expect_to_be_loaded\n    await expect(self.locator).to_be_visible(timeout=timeout)\nE   AssertionError: Locator expected to be visible\nE   Actual value: <element(s) not found> \nE   Call log:\nE     - Expect \"to_be_visible\" with timeout 5000ms\nE     - waiting for locator(\"h3.truncate.text-h3\").filter(has_text=\"Welcome, regression-hu30kslfn7@apolo.us\")\n\nThe above exception was the direct cause of the following exception:\ntests/reporting_hooks/reporting.py:49: in wrapper\n    result = await func(*args, **kwargs)\n             ^^^^^^^^^^^^^^^^^^^^^^^^^^^\ntests/test_cases/steps/ui_steps/ui_steps.py:77: in ui_login\n    await self.welcome_new_user_page.verify_ui_page_displayed(\ntests/reporting_hooks/reporting.py:58: in wrapper\n    raise AssertionError(formatted_msg) from e\nE   AssertionError: [AssertionError] during step: Verify that Welcome new user page displayed\nE   Message: Locator expected to be visible\nE   Actual value: <element(s) not found> \nE   Call log:\nE     - Expect \"to_be_visible\" with timeout 5000ms\nE     - waiting for locator(\"h3.truncate.text-h3\").filter(has_text=\"Welcome, regression-hu30kslfn7@apolo.us\")\n\nThe above exception was the direct cause of the following exception:\ntests/test_cases/tests_ui/test_secrets.py:30: in test_create_first_secret_no_project_via_ui\n    await steps.ui_login(user)\ntests/reporting_hooks/reporting.py:58: in wrapper\n    raise AssertionError(formatted_msg) from e\nE   AssertionError: [AssertionError] during step: Login via UI\nE   Message: [AssertionError] during step: Verify that Welcome new user page displayed\nE   Message: Locator expected to be visible\nE   Actual value: <element(s) not found> \nE   Call log:\nE     - Expect \"to_be_visible\" with timeout 5000ms\nE     - waiting for locator(\"h3.truncate.text-h3\").filter(has_text=\"Welcome, regression-hu30kslfn7@apolo.us\")","steps":[{"name":"Login via UI","time":{"start":1757992415117,"stop":1757992431024,"duration":15907},"status":"failed","statusMessage":"AssertionError: [AssertionError] during step: Login via UI\nMessage: [AssertionError] during step: Verify that Welcome new user page displayed\nMessage: Locator expected to be visible\nActual value: <element(s) not found> \nCall log:\n  - Expect \"to_be_visible\" with timeout 5000ms\n  - waiting for locator(\"h3.truncate.text-h3\").filter(has_text=\"Welcome, regression-hu30kslfn7@apolo.us\")\n\n","statusTrace":"  File \"/home/runner/work/apolo-test-automation/apolo-test-automation/tests/reporting_hooks/reporting.py\", line 58, in wrapper\n    raise AssertionError(formatted_msg) from e\n","steps":[{"name":"Click login button","time":{"start":1757992415117,"stop":1757992416348,"duration":1231},"status":"passed","steps":[],"attachments":[{"uid":"fc22d49d33bddaa5","name":"Page URL","source":"fc22d49d33bddaa5.txt","type":"text/plain","size":33},{"uid":"ac0c21626abcece7","name":"Screenshot: Click login button (success)","source":"ac0c21626abcece7.png","type":"image/png","size":41967}],"parameters":[],"shouldDisplayMessage":false,"stepsCount":0,"attachmentsCount":2,"hasContent":true,"attachmentStep":false},{"name":"Enter email","time":{"start":1757992416348,"stop":1757992416512,"duration":164},"status":"passed","steps":[],"attachments":[{"uid":"cdc6cfad2ae33f2f","name":"Page URL","source":"cdc6cfad2ae33f2f.txt","type":"text/plain","size":215},{"uid":"543c33006fc53dea","name":"Screenshot: Enter email (success)","source":"543c33006fc53dea.png","type":"image/png","size":45558}],"parameters":[],"shouldDisplayMessage":false,"stepsCount":0,"attachmentsCount":2,"hasContent":true,"attachmentStep":false},{"name":"Enter password","time":{"start":1757992416513,"stop":1757992416663,"duration":150},"status":"passed","steps":[],"attachments":[{"uid":"12c39747af05cc47","name":"Page URL","source":"12c39747af05cc47.txt","type":"text/plain","size":215},{"uid":"ceccb819678d1051","name":"Screenshot: Enter password (success)","source":"ceccb819678d1051.png","type":"image/png","size":46069}],"parameters":[],"shouldDisplayMessage":false,"stepsCount":0,"attachmentsCount":2,"hasContent":true,"attachmentStep":false},{"name":"Click Continue button","time":{"start":1757992416663,"stop":1757992424858,"duration":8195},"status":"passed","steps":[],"attachments":[{"uid":"81446481bfe731f0","name":"Page URL","source":"81446481bfe731f0.txt","type":"text/plain","size":215},{"uid":"c8c543506d555901","name":"HTTP 500 - GET config","source":"c8c543506d555901.txt","type":"text/plain","size":366},{"uid":"3b5b22f6430db3bb","name":"HTTP 200 - GET permissions?uri=blob:","source":"3b5b22f6430db3bb.txt","type":"text/plain","size":236},{"uid":"dd94df682e73d7eb","name":"Screenshot: Click Continue button (success)","source":"dd94df682e73d7eb.png","type":"image/png","size":28722}],"parameters":[],"shouldDisplayMessage":false,"stepsCount":0,"attachmentsCount":4,"hasContent":true,"attachmentStep":false},{"name":"Verify that Welcome new user page displayed","time":{"start":1757992424871,"stop":1757992430940,"duration":6069},"status":"failed","statusMessage":"AssertionError: [AssertionError] during step: Verify that Welcome new user page displayed\nMessage: Locator expected to be visible\nActual value: <element(s) not found> \nCall log:\n  - Expect \"to_be_visible\" with timeout 5000ms\n  - waiting for locator(\"h3.truncate.text-h3\").filter(has_text=\"Welcome, regression-hu30kslfn7@apolo.us\")\n\n","statusTrace":"  File \"/home/runner/work/apolo-test-automation/apolo-test-automation/tests/reporting_hooks/reporting.py\", line 58, in wrapper\n    raise AssertionError(formatted_msg) from e\n","steps":[],"attachments":[{"uid":"f60d3295d896e33c","name":"Page URL","source":"f60d3295d896e33c.txt","type":"text/plain","size":29},{"uid":"8e51e394689bdf0c","name":"Screenshot: Verify that Welcome new user page displayed (fail)","source":"8e51e394689bdf0c.png","type":"image/png","size":28722}],"parameters":[],"shouldDisplayMessage":true,"stepsCount":0,"attachmentsCount":2,"hasContent":true,"attachmentStep":false}],"attachments":[{"uid":"eaa986084d57e78","name":"Page URL","source":"eaa986084d57e78.txt","type":"text/plain","size":33},{"uid":"e9f8849b2dfa1415","name":"Screenshot: Login via UI (fail)","source":"e9f8849b2dfa1415.png","type":"image/png","size":28722}],"parameters":[],"shouldDisplayMessage":true,"stepsCount":5,"attachmentsCount":14,"hasContent":true,"attachmentStep":false}],"attachments":[{"uid":"aaa1e965548fc49f","name":"log","source":"aaa1e965548fc49f.txt","type":"text/plain","size":14780}],"parameters":[],"shouldDisplayMessage":true,"stepsCount":6,"attachmentsCount":15,"hasContent":true,"attachmentStep":false},"afterStages":[{"name":"setup_cleanup::finalizer","time":{"start":1757992431054,"stop":1757992431054,"duration":0},"status":"passed","steps":[],"attachments":[],"parameters":[],"shouldDisplayMessage":false,"stepsCount":0,"attachmentsCount":0,"hasContent":false,"attachmentStep":false},{"name":"setup_cleanup::finalizer","time":{"start":1757992431054,"stop":1757992432896,"duration":1842},"status":"passed","steps":[{"name":"Post-test cleanup","time":{"start":1757992431054,"stop":1757992432896,"duration":1842},"status":"passed","steps":[],"attachments":[{"uid":"241c9d4f47bb4b61","name":"Cleanup note","source":"241c9d4f47bb4b61.txt","type":"text/plain","size":29}],"parameters":[],"shouldDisplayMessage":false,"stepsCount":0,"attachmentsCount":1,"hasContent":true,"attachmentStep":false}],"attachments":[],"parameters":[],"shouldDisplayMessage":false,"stepsCount":1,"attachmentsCount":1,"hasContent":true,"attachmentStep":false},{"name":"add_page_manager::finalizer","time":{"start":1757992431054,"stop":1757992431054,"duration":0},"status":"passed","steps":[],"attachments":[],"parameters":[],"shouldDisplayMessage":false,"stepsCount":0,"attachmentsCount":0,"hasContent":false,"attachmentStep":false},{"name":"api_helper::finalizer","time":{"start":1757992432897,"stop":1757992432897,"duration":0},"status":"passed","steps":[],"attachments":[],"parameters":[],"shouldDisplayMessage":false,"stepsCount":0,"attachmentsCount":0,"hasContent":false,"attachmentStep":false},{"name":"_function_scoped_runner::0","time":{"start":1757992432898,"stop":1757992432899,"duration":1},"status":"passed","steps":[],"attachments":[],"parameters":[],"shouldDisplayMessage":false,"stepsCount":0,"attachmentsCount":0,"hasContent":false,"attachmentStep":false}],"labels":[{"name":"suite","value":"UI Secrets"},{"name":"parentSuite","value":"UI Tests"},{"name":"tag","value":"asyncio"},{"name":"subSuite","value":"TestUISecrets"},{"name":"host","value":"runnervmf4ws1"},{"name":"thread","value":"3794-MainThread"},{"name":"framework","value":"pytest"},{"name":"language","value":"cpython3"},{"name":"package","value":"tests.test_cases.tests_ui.test_secrets"},{"name":"resultFormat","value":"allure2"}],"parameters":[],"links":[],"hidden":true,"retry":true,"extra":{"categories":[],"tags":["asyncio"]},"source":"a4f2694eff0d0f6b.json","parameterValues":[]}