{"uid":"a98dac07d22c4b62","name":"Create second project via UI","fullName":"tests.test_cases.tests_ui.test_project_structure_setup.TestUIProjectStructureSetup#test_create_second_proj_via_ui","historyId":"e1cd9465823bc1055ed3a90bc12f4c2b","time":{"start":1763433519948,"stop":1763433557707,"duration":37759},"description":"\n- Login with valid credentials.\n- Create new organization via **API**.\n- Create new project.\n\n### Verify that:\n\n- User can create second project in organization.\n","descriptionHtml":"<div style='line-height:1.6;'><ul>\n<li>Login with valid credentials.</li>\n<li>Create new organization via <strong>API</strong>.</li>\n<li>Create new project.</li>\n</ul>\n<h3>Verify that:</h3>\n<ul>\n<li>User can create second project in organization.</li>\n</ul></div>","status":"failed","statusMessage":"AssertionError: [AssertionError] during step: Create first project from main page\nMessage: [TimeoutError] during step: Wait for Create project popup disappear\nMessage: Locator.wait_for: Timeout 60ms exceeded.\nCall log:\n  - waiting for locator(\"h2\").filter(has_text=\"Create Project\") to be detached\n    3 × locator resolved to visible <h2 class=\"p-8 text-h4\">Create Project</h2>\n\nNote: Playwright Timeout. Element not found or action took too long.","statusTrace":"tests/reporting_hooks/reporting.py:49: in wrapper\n    result = await func(*args, **kwargs)\n             ^^^^^^^^^^^^^^^^^^^^^^^^^^^\ntests/test_cases/steps/ui_steps/page_steps_impl/create_proj_popup_steps.py:36: in ui_wait_to_disappear\n    await self._pm.create_proj_popup.wait_to_disappear(org_name=org_name)\ntests/components/ui/pages/create_project_popup.py:83: in wait_to_disappear\n    await self._get_create_proj_title().locator.wait_for(\n.venv/lib/python3.13/site-packages/playwright/async_api/_generated.py:17906: in wait_for\n    await self._impl_obj.wait_for(timeout=timeout, state=state)\n.venv/lib/python3.13/site-packages/playwright/_impl/_locator.py:692: in wait_for\n    await self._frame.wait_for_selector(\n.venv/lib/python3.13/site-packages/playwright/_impl/_frame.py:369: in wait_for_selector\n    await self._channel.send(\n.venv/lib/python3.13/site-packages/playwright/_impl/_connection.py:69: in send\n    return await self._connection.wrap_api_call(\n.venv/lib/python3.13/site-packages/playwright/_impl/_connection.py:559: in wrap_api_call\n    raise rewrite_error(error, f\"{parsed_st['apiName']}: {error}\") from None\nE   playwright._impl._errors.TimeoutError: Locator.wait_for: Timeout 60ms exceeded.\nE   Call log:\nE     - waiting for locator(\"h2\").filter(has_text=\"Create Project\") to be detached\nE       3 × locator resolved to visible <h2 class=\"p-8 text-h4\">Create Project</h2>\n\nThe above exception was the direct cause of the following exception:\ntests/reporting_hooks/reporting.py:49: in wrapper\n    result = await func(*args, **kwargs)\n             ^^^^^^^^^^^^^^^^^^^^^^^^^^^\ntests/test_cases/steps/ui_steps/ui_steps.py:247: in ui_create_first_proj_from_main_page\n    await self.create_proj_popup.ui_wait_to_disappear(org_name=org_name)\ntests/reporting_hooks/reporting.py:58: in wrapper\n    raise AssertionError(formatted_msg) from e\nE   AssertionError: [TimeoutError] during step: Wait for Create project popup disappear\nE   Message: Locator.wait_for: Timeout 60ms exceeded.\nE   Call log:\nE     - waiting for locator(\"h2\").filter(has_text=\"Create Project\") to be detached\nE       3 × locator resolved to visible <h2 class=\"p-8 text-h4\">Create Project</h2>\nE   \nE   Note: Playwright Timeout. Element not found or action took too long.\n\nThe above exception was the direct cause of the following exception:\ntests/test_cases/tests_ui/test_project_structure_setup.py:113: in test_create_second_proj_via_ui\n    await steps.ui_create_first_proj_from_main_page(\ntests/reporting_hooks/reporting.py:58: in wrapper\n    raise AssertionError(formatted_msg) from e\nE   AssertionError: [AssertionError] during step: Create first project from main page\nE   Message: [TimeoutError] during step: Wait for Create project popup disappear\nE   Message: Locator.wait_for: Timeout 60ms exceeded.\nE   Call log:\nE     - waiting for locator(\"h2\").filter(has_text=\"Create Project\") to be detached\nE       3 × locator resolved to visible <h2 class=\"p-8 text-h4\">Create Project</h2>\nE   \nE   Note: Playwright Timeout. Element not found or action took too long.","flaky":false,"newFailed":false,"newBroken":false,"newPassed":false,"retriesCount":1,"retriesStatusChange":false,"beforeStages":[{"name":"base_url","time":{"start":1763429480186,"stop":1763429480186,"duration":0},"status":"passed","steps":[],"attachments":[],"parameters":[],"shouldDisplayMessage":false,"stepsCount":0,"attachmentsCount":0,"hasContent":false,"attachmentStep":false},{"name":"event_loop_policy","time":{"start":1763429480186,"stop":1763429480186,"duration":0},"status":"passed","steps":[],"attachments":[],"parameters":[],"shouldDisplayMessage":false,"stepsCount":0,"attachmentsCount":0,"hasContent":false,"attachmentStep":false},{"name":"_verify_url","time":{"start":1763429480186,"stop":1763429480186,"duration":0},"status":"passed","steps":[],"attachments":[],"parameters":[],"shouldDisplayMessage":false,"stepsCount":0,"attachmentsCount":0,"hasContent":false,"attachmentStep":false},{"name":"pytestconfig","time":{"start":1763429480186,"stop":1763429480186,"duration":0},"status":"passed","steps":[],"attachments":[],"parameters":[],"shouldDisplayMessage":false,"stepsCount":0,"attachmentsCount":0,"hasContent":false,"attachmentStep":false},{"name":"delete_output_dir","time":{"start":1763429480186,"stop":1763429480187,"duration":1},"status":"passed","steps":[],"attachments":[],"parameters":[],"shouldDisplayMessage":false,"stepsCount":0,"attachmentsCount":0,"hasContent":false,"attachmentStep":false},{"name":"delay_worker_start","time":{"start":1763429480187,"stop":1763429480187,"duration":0},"status":"passed","steps":[],"attachments":[],"parameters":[],"shouldDisplayMessage":false,"stepsCount":0,"attachmentsCount":0,"hasContent":false,"attachmentStep":false},{"name":"ensure_storage_directories","time":{"start":1763429480187,"stop":1763429480187,"duration":0},"status":"passed","steps":[],"attachments":[],"parameters":[],"shouldDisplayMessage":false,"stepsCount":0,"attachmentsCount":0,"hasContent":false,"attachmentStep":false},{"name":"test_config","time":{"start":1763433519359,"stop":1763433519362,"duration":3},"status":"passed","steps":[],"attachments":[],"parameters":[],"shouldDisplayMessage":false,"stepsCount":0,"attachmentsCount":0,"hasContent":false,"attachmentStep":false},{"name":"page_manager","time":{"start":1763433519362,"stop":1763433519946,"duration":584},"status":"passed","steps":[],"attachments":[],"parameters":[],"shouldDisplayMessage":false,"stepsCount":0,"attachmentsCount":0,"hasContent":false,"attachmentStep":false},{"name":"_function_scoped_runner","time":{"start":1763433519362,"stop":1763433519362,"duration":0},"status":"passed","steps":[],"attachments":[],"parameters":[],"shouldDisplayMessage":false,"stepsCount":0,"attachmentsCount":0,"hasContent":false,"attachmentStep":false},{"name":"data_manager","time":{"start":1763433519946,"stop":1763433519946,"duration":0},"status":"passed","steps":[],"attachments":[],"parameters":[],"shouldDisplayMessage":false,"stepsCount":0,"attachmentsCount":0,"hasContent":false,"attachmentStep":false},{"name":"users_manager","time":{"start":1763433519946,"stop":1763433519946,"duration":0},"status":"passed","steps":[],"attachments":[],"parameters":[],"shouldDisplayMessage":false,"stepsCount":0,"attachmentsCount":0,"hasContent":false,"attachmentStep":false},{"name":"api_helper","time":{"start":1763433519946,"stop":1763433519946,"duration":0},"status":"passed","steps":[],"attachments":[],"parameters":[],"shouldDisplayMessage":false,"stepsCount":0,"attachmentsCount":0,"hasContent":false,"attachmentStep":false},{"name":"setup_cleanup","time":{"start":1763433519947,"stop":1763433519947,"duration":0},"status":"passed","steps":[],"attachments":[],"parameters":[],"shouldDisplayMessage":false,"stepsCount":0,"attachmentsCount":0,"hasContent":false,"attachmentStep":false},{"name":"add_page_manager","time":{"start":1763433519947,"stop":1763433519947,"duration":0},"status":"passed","steps":[],"attachments":[],"parameters":[],"shouldDisplayMessage":false,"stepsCount":0,"attachmentsCount":0,"hasContent":false,"attachmentStep":false},{"name":"apolo_cli","time":{"start":1763433519947,"stop":1763433519947,"duration":0},"status":"passed","steps":[],"attachments":[],"parameters":[],"shouldDisplayMessage":false,"stepsCount":0,"attachmentsCount":0,"hasContent":false,"attachmentStep":false},{"name":"_inject_fixtures","time":{"start":1763433519947,"stop":1763433519948,"duration":1},"status":"passed","steps":[],"attachments":[],"parameters":[],"shouldDisplayMessage":false,"stepsCount":0,"attachmentsCount":0,"hasContent":false,"attachmentStep":false},{"name":"setup","time":{"start":1763433519948,"stop":1763433519948,"duration":0},"status":"passed","steps":[],"attachments":[],"parameters":[],"shouldDisplayMessage":false,"stepsCount":0,"attachmentsCount":0,"hasContent":false,"attachmentStep":false}],"testStage":{"description":"\n- Login with valid credentials.\n- Create new organization via **API**.\n- Create new project.\n\n### Verify that:\n\n- User can create second project in organization.\n","descriptionHtml":"<div style='line-height:1.6;'><ul>\n<li>Login with valid credentials.</li>\n<li>Create new organization via <strong>API</strong>.</li>\n<li>Create new project.</li>\n</ul>\n<h3>Verify that:</h3>\n<ul>\n<li>User can create second project in organization.</li>\n</ul></div>","status":"failed","statusMessage":"AssertionError: [AssertionError] during step: Create first project from main page\nMessage: [TimeoutError] during step: Wait for Create project popup disappear\nMessage: Locator.wait_for: Timeout 60ms exceeded.\nCall log:\n  - waiting for locator(\"h2\").filter(has_text=\"Create Project\") to be detached\n    3 × locator resolved to visible <h2 class=\"p-8 text-h4\">Create Project</h2>\n\nNote: Playwright Timeout. Element not found or action took too long.","statusTrace":"tests/reporting_hooks/reporting.py:49: in wrapper\n    result = await func(*args, **kwargs)\n             ^^^^^^^^^^^^^^^^^^^^^^^^^^^\ntests/test_cases/steps/ui_steps/page_steps_impl/create_proj_popup_steps.py:36: in ui_wait_to_disappear\n    await self._pm.create_proj_popup.wait_to_disappear(org_name=org_name)\ntests/components/ui/pages/create_project_popup.py:83: in wait_to_disappear\n    await self._get_create_proj_title().locator.wait_for(\n.venv/lib/python3.13/site-packages/playwright/async_api/_generated.py:17906: in wait_for\n    await self._impl_obj.wait_for(timeout=timeout, state=state)\n.venv/lib/python3.13/site-packages/playwright/_impl/_locator.py:692: in wait_for\n    await self._frame.wait_for_selector(\n.venv/lib/python3.13/site-packages/playwright/_impl/_frame.py:369: in wait_for_selector\n    await self._channel.send(\n.venv/lib/python3.13/site-packages/playwright/_impl/_connection.py:69: in send\n    return await self._connection.wrap_api_call(\n.venv/lib/python3.13/site-packages/playwright/_impl/_connection.py:559: in wrap_api_call\n    raise rewrite_error(error, f\"{parsed_st['apiName']}: {error}\") from None\nE   playwright._impl._errors.TimeoutError: Locator.wait_for: Timeout 60ms exceeded.\nE   Call log:\nE     - waiting for locator(\"h2\").filter(has_text=\"Create Project\") to be detached\nE       3 × locator resolved to visible <h2 class=\"p-8 text-h4\">Create Project</h2>\n\nThe above exception was the direct cause of the following exception:\ntests/reporting_hooks/reporting.py:49: in wrapper\n    result = await func(*args, **kwargs)\n             ^^^^^^^^^^^^^^^^^^^^^^^^^^^\ntests/test_cases/steps/ui_steps/ui_steps.py:247: in ui_create_first_proj_from_main_page\n    await self.create_proj_popup.ui_wait_to_disappear(org_name=org_name)\ntests/reporting_hooks/reporting.py:58: in wrapper\n    raise AssertionError(formatted_msg) from e\nE   AssertionError: [TimeoutError] during step: Wait for Create project popup disappear\nE   Message: Locator.wait_for: Timeout 60ms exceeded.\nE   Call log:\nE     - waiting for locator(\"h2\").filter(has_text=\"Create Project\") to be detached\nE       3 × locator resolved to visible <h2 class=\"p-8 text-h4\">Create Project</h2>\nE   \nE   Note: Playwright Timeout. Element not found or action took too long.\n\nThe above exception was the direct cause of the following exception:\ntests/test_cases/tests_ui/test_project_structure_setup.py:113: in test_create_second_proj_via_ui\n    await steps.ui_create_first_proj_from_main_page(\ntests/reporting_hooks/reporting.py:58: in wrapper\n    raise AssertionError(formatted_msg) from e\nE   AssertionError: [AssertionError] during step: Create first project from main page\nE   Message: [TimeoutError] during step: Wait for Create project popup disappear\nE   Message: Locator.wait_for: Timeout 60ms exceeded.\nE   Call log:\nE     - waiting for locator(\"h2\").filter(has_text=\"Create Project\") to be detached\nE       3 × locator resolved to visible <h2 class=\"p-8 text-h4\">Create Project</h2>\nE   \nE   Note: Playwright Timeout. Element not found or action took too long.","steps":[{"name":"Login via UI","time":{"start":1763433519949,"stop":1763433536427,"duration":16478},"status":"passed","steps":[{"name":"Verify that Auth page displayed","time":{"start":1763433519949,"stop":1763433521034,"duration":1085},"status":"passed","steps":[],"attachments":[{"uid":"9f20d91beb7c3ed4","name":"Page URL","source":"9f20d91beb7c3ed4.txt","type":"text/plain","size":29},{"uid":"9e211cef20674534","name":"HTTP 200 - GET config","source":"9e211cef20674534.txt","type":"text/plain","size":673},{"uid":"bf8a6840022397fc","name":"Screenshot: Verify that Auth page displayed (success)","source":"bf8a6840022397fc.png","type":"image/png","size":88563}],"parameters":[],"shouldDisplayMessage":false,"stepsCount":0,"attachmentsCount":3,"hasContent":true,"attachmentStep":false},{"name":"Click login button","time":{"start":1763433521034,"stop":1763433522130,"duration":1096},"status":"passed","steps":[],"attachments":[{"uid":"fb70fa3927e9b148","name":"Page URL","source":"fb70fa3927e9b148.txt","type":"text/plain","size":33},{"uid":"1a81f0bdaf0d8b86","name":"Screenshot: Click login button (success)","source":"1a81f0bdaf0d8b86.png","type":"image/png","size":41524}],"parameters":[],"shouldDisplayMessage":false,"stepsCount":0,"attachmentsCount":2,"hasContent":true,"attachmentStep":false},{"name":"Verify that Login page displayed","time":{"start":1763433522130,"stop":1763433522228,"duration":98},"status":"passed","steps":[],"attachments":[{"uid":"f2edcbbee40be04c","name":"Page URL","source":"f2edcbbee40be04c.txt","type":"text/plain","size":215},{"uid":"3e19c3574375c950","name":"Screenshot: Verify that Login page displayed (success)","source":"3e19c3574375c950.png","type":"image/png","size":41637}],"parameters":[],"shouldDisplayMessage":false,"stepsCount":0,"attachmentsCount":2,"hasContent":true,"attachmentStep":false},{"name":"Enter email","time":{"start":1763433522228,"stop":1763433522546,"duration":318},"status":"passed","steps":[],"attachments":[{"uid":"6e7872f2ee955919","name":"Page URL","source":"6e7872f2ee955919.txt","type":"text/plain","size":215},{"uid":"39a1bb8598eee6b7","name":"Screenshot: Enter email (success)","source":"39a1bb8598eee6b7.png","type":"image/png","size":46018}],"parameters":[],"shouldDisplayMessage":false,"stepsCount":0,"attachmentsCount":2,"hasContent":true,"attachmentStep":false},{"name":"Enter password","time":{"start":1763433522547,"stop":1763433522864,"duration":317},"status":"passed","steps":[],"attachments":[{"uid":"d93fe850a2894903","name":"Page URL","source":"d93fe850a2894903.txt","type":"text/plain","size":215},{"uid":"b2a83ac723d8c6da","name":"Screenshot: Enter password (success)","source":"b2a83ac723d8c6da.png","type":"image/png","size":46158}],"parameters":[],"shouldDisplayMessage":false,"stepsCount":0,"attachmentsCount":2,"hasContent":true,"attachmentStep":false},{"name":"Click Continue button","time":{"start":1763433522864,"stop":1763433535244,"duration":12380},"status":"passed","steps":[],"attachments":[{"uid":"4cddcc38ea32d05","name":"Page URL","source":"4cddcc38ea32d05.txt","type":"text/plain","size":215},{"uid":"85a81c5922466f64","name":"HTTP 200 - GET config","source":"85a81c5922466f64.txt","type":"text/plain","size":771},{"uid":"75c70f1c141bebc8","name":"HTTP 200 - GET permissions?uri=blob:","source":"75c70f1c141bebc8.txt","type":"text/plain","size":182},{"uid":"7304aa76d4aa8a2b","name":"HTTP 200 - GET incoming","source":"7304aa76d4aa8a2b.txt","type":"text/plain","size":156},{"uid":"536ae8af7f6ba727","name":"HTTP 200 - GET regression-9r88a5mbp6?include=clusters&include=system_role","source":"536ae8af7f6ba727.txt","type":"text/plain","size":407},{"uid":"410edb53db943c1b","name":"HTTP 200 - GET regression-9r88a5mbp6?include=orgs","source":"410edb53db943c1b.txt","type":"text/plain","size":379},{"uid":"495856ae3236e48b","name":"Screenshot: Click Continue button (success)","source":"495856ae3236e48b.png","type":"image/png","size":160909}],"parameters":[],"shouldDisplayMessage":false,"stepsCount":0,"attachmentsCount":7,"hasContent":true,"attachmentStep":false},{"name":"Verify that Welcome new user page displayed","time":{"start":1763433535253,"stop":1763433536343,"duration":1090},"status":"passed","steps":[],"attachments":[{"uid":"488053c35f4f3a90","name":"Page URL","source":"488053c35f4f3a90.txt","type":"text/plain","size":44},{"uid":"257eb1109a33c7bf","name":"Screenshot: Verify that Welcome new user page displayed (success)","source":"257eb1109a33c7bf.png","type":"image/png","size":160909}],"parameters":[],"shouldDisplayMessage":false,"stepsCount":0,"attachmentsCount":2,"hasContent":true,"attachmentStep":false}],"attachments":[{"uid":"fbac3374c8039de6","name":"Page URL","source":"fbac3374c8039de6.txt","type":"text/plain","size":29},{"uid":"ed1ab7b3767beabf","name":"Screenshot: Login via UI (success)","source":"ed1ab7b3767beabf.png","type":"image/png","size":160909}],"parameters":[],"shouldDisplayMessage":false,"stepsCount":7,"attachmentsCount":22,"hasContent":true,"attachmentStep":false},{"name":"Add organization via API and reload page","time":{"start":1763433536427,"stop":1763433555048,"duration":18621},"status":"passed","steps":[{"name":"Reload page","time":{"start":1763433554259,"stop":1763433554983,"duration":724},"status":"passed","steps":[{"name":"Reload page","time":{"start":1763433554259,"stop":1763433554918,"duration":659},"status":"passed","steps":[],"attachments":[{"uid":"206c5dba57ceb5bb","name":"Page URL","source":"206c5dba57ceb5bb.txt","type":"text/plain","size":44},{"uid":"b4f9e2a3aff9aaaa","name":"HTTP 200 - GET config","source":"b4f9e2a3aff9aaaa.txt","type":"text/plain","size":2137},{"uid":"944cb4d2811961fa","name":"HTTP 200 - GET permissions?uri=blob:","source":"944cb4d2811961fa.txt","type":"text/plain","size":255},{"uid":"827b88620d84e778","name":"HTTP 200 - GET incoming","source":"827b88620d84e778.txt","type":"text/plain","size":156},{"uid":"390a577b20f9a8a4","name":"HTTP 200 - GET regression-9r88a5mbp6?include=orgs","source":"390a577b20f9a8a4.txt","type":"text/plain","size":474},{"uid":"82d52cca2c329e8f","name":"HTTP 200 - GET regression-9r88a5mbp6?include=clusters&include=system_role","source":"82d52cca2c329e8f.txt","type":"text/plain","size":529},{"uid":"c5eca1a5c416f6b5","name":"HTTP 200 - GET regression-org-pmgnag1jefu3","source":"c5eca1a5c416f6b5.txt","type":"text/plain","size":444},{"uid":"94242df43e86ff38","name":"HTTP 200 - GET tags","source":"94242df43e86ff38.txt","type":"text/plain","size":864},{"uid":"c30008d331933785","name":"Screenshot: Reload page (success)","source":"c30008d331933785.png","type":"image/png","size":57380}],"parameters":[],"shouldDisplayMessage":false,"stepsCount":0,"attachmentsCount":9,"hasContent":true,"attachmentStep":false}],"attachments":[{"uid":"52837d5fa178c87d","name":"Page URL","source":"52837d5fa178c87d.txt","type":"text/plain","size":44},{"uid":"519b6beb302b22ae","name":"Screenshot: Reload page (success)","source":"519b6beb302b22ae.png","type":"image/png","size":57380}],"parameters":[],"shouldDisplayMessage":false,"stepsCount":1,"attachmentsCount":11,"hasContent":true,"attachmentStep":false}],"attachments":[{"uid":"cfc761de6185785e","name":"Page URL","source":"cfc761de6185785e.txt","type":"text/plain","size":44},{"uid":"2e0dccdf6b14fc4d","name":"Screenshot: Add organization via API and reload page (success)","source":"2e0dccdf6b14fc4d.png","type":"image/png","size":57380}],"parameters":[],"shouldDisplayMessage":false,"stepsCount":2,"attachmentsCount":13,"hasContent":true,"attachmentStep":false},{"name":"Create first project from main page","time":{"start":1763433555048,"stop":1763433557706,"duration":2658},"status":"failed","statusMessage":"AssertionError: [AssertionError] during step: Create first project from main page\nMessage: [TimeoutError] during step: Wait for Create project popup disappear\nMessage: Locator.wait_for: Timeout 60ms exceeded.\nCall log:\n  - waiting for locator(\"h2\").filter(has_text=\"Create Project\") to be detached\n    3 × locator resolved to visible <h2 class=\"p-8 text-h4\">Create Project</h2>\n\nNote: Playwright Timeout. Element not found or action took too long.\n","statusTrace":"  File \"/home/runner/work/apolo-test-automation/apolo-test-automation/tests/reporting_hooks/reporting.py\", line 58, in wrapper\n    raise AssertionError(formatted_msg) from e\n","steps":[{"name":"Click Create project button on the main page","time":{"start":1763433555049,"stop":1763433556016,"duration":967},"status":"passed","steps":[],"attachments":[{"uid":"91ebb0d20c6b8ff4","name":"Page URL","source":"91ebb0d20c6b8ff4.txt","type":"text/plain","size":81},{"uid":"5de307e6bcb109d3","name":"Screenshot: Click Create project button on the main page (success)","source":"5de307e6bcb109d3.png","type":"image/png","size":79244}],"parameters":[],"shouldDisplayMessage":false,"stepsCount":0,"attachmentsCount":2,"hasContent":true,"attachmentStep":false},{"name":"Verify Create project popup displayed","time":{"start":1763433556016,"stop":1763433556121,"duration":105},"status":"passed","steps":[],"attachments":[{"uid":"34c9dda1277b7685","name":"Page URL","source":"34c9dda1277b7685.txt","type":"text/plain","size":81},{"uid":"6718b397097c37c7","name":"Screenshot: Verify Create project popup displayed (success)","source":"6718b397097c37c7.png","type":"image/png","size":79246}],"parameters":[],"shouldDisplayMessage":false,"stepsCount":0,"attachmentsCount":2,"hasContent":true,"attachmentStep":false},{"name":"Enter project name","time":{"start":1763433556121,"stop":1763433556458,"duration":337},"status":"passed","steps":[],"attachments":[{"uid":"331bf06ba7f1dcce","name":"Page URL","source":"331bf06ba7f1dcce.txt","type":"text/plain","size":81},{"uid":"725e32829981edde","name":"Screenshot: Enter project name (success)","source":"725e32829981edde.png","type":"image/png","size":83090}],"parameters":[],"shouldDisplayMessage":false,"stepsCount":0,"attachmentsCount":2,"hasContent":true,"attachmentStep":false},{"name":"Select user role","time":{"start":1763433556458,"stop":1763433556538,"duration":80},"status":"passed","steps":[],"attachments":[{"uid":"d657ee5f9862f34f","name":"Page URL","source":"d657ee5f9862f34f.txt","type":"text/plain","size":81},{"uid":"363591c3733714c4","name":"Screenshot: Select user role (success)","source":"363591c3733714c4.png","type":"image/png","size":83127}],"parameters":[],"shouldDisplayMessage":false,"stepsCount":0,"attachmentsCount":2,"hasContent":true,"attachmentStep":false},{"name":"Click Create button","time":{"start":1763433556538,"stop":1763433557474,"duration":936},"status":"passed","steps":[],"attachments":[{"uid":"fcaf50a3e762d9f3","name":"Page URL","source":"fcaf50a3e762d9f3.txt","type":"text/plain","size":81},{"uid":"5dad0c0871fc8dc8","name":"HTTP 404 - GET regression-proj-wkzmt9yut3","source":"5dad0c0871fc8dc8.txt","type":"text/plain","size":340},{"uid":"b5a76777473e8725","name":"Screenshot: Click Create button (success)","source":"b5a76777473e8725.png","type":"image/png","size":81999}],"parameters":[],"shouldDisplayMessage":false,"stepsCount":0,"attachmentsCount":3,"hasContent":true,"attachmentStep":false},{"name":"Wait for Create project popup disappear","time":{"start":1763433557474,"stop":1763433557622,"duration":148},"status":"failed","statusMessage":"AssertionError: [TimeoutError] during step: Wait for Create project popup disappear\nMessage: Locator.wait_for: Timeout 60ms exceeded.\nCall log:\n  - waiting for locator(\"h2\").filter(has_text=\"Create Project\") to be detached\n    3 × locator resolved to visible <h2 class=\"p-8 text-h4\">Create Project</h2>\n\nNote: Playwright Timeout. Element not found or action took too long.\n","statusTrace":"  File \"/home/runner/work/apolo-test-automation/apolo-test-automation/tests/reporting_hooks/reporting.py\", line 58, in wrapper\n    raise AssertionError(formatted_msg) from e\n","steps":[],"attachments":[{"uid":"1516d0a4a4b0e411","name":"Page URL","source":"1516d0a4a4b0e411.txt","type":"text/plain","size":81},{"uid":"e87669bee6270da1","name":"Screenshot: Wait for Create project popup disappear (fail)","source":"e87669bee6270da1.png","type":"image/png","size":81960}],"parameters":[],"shouldDisplayMessage":true,"stepsCount":0,"attachmentsCount":2,"hasContent":true,"attachmentStep":false}],"attachments":[{"uid":"15c85075eff96fbb","name":"Page URL","source":"15c85075eff96fbb.txt","type":"text/plain","size":81},{"uid":"54bec13523ad01c6","name":"Screenshot: Create first project from main page (fail)","source":"54bec13523ad01c6.png","type":"image/png","size":81939}],"parameters":[],"shouldDisplayMessage":true,"stepsCount":6,"attachmentsCount":15,"hasContent":true,"attachmentStep":false}],"attachments":[{"uid":"82fa1cab2ba9313","name":"log","source":"82fa1cab2ba9313.txt","type":"text/plain","size":59822}],"parameters":[],"shouldDisplayMessage":true,"stepsCount":18,"attachmentsCount":51,"hasContent":true,"attachmentStep":false},"afterStages":[{"name":"setup_cleanup::finalizer","time":{"start":1763433557867,"stop":1763433557867,"duration":0},"status":"passed","steps":[],"attachments":[],"parameters":[],"shouldDisplayMessage":false,"stepsCount":0,"attachmentsCount":0,"hasContent":false,"attachmentStep":false},{"name":"setup_cleanup::finalizer","time":{"start":1763433557867,"stop":1763433562936,"duration":5069},"status":"passed","steps":[{"name":"Post-test cleanup","time":{"start":1763433557867,"stop":1763433562936,"duration":5069},"status":"passed","steps":[{"name":"Delete organisation: regression-org-pmgnag1jefu3","time":{"start":1763433561968,"stop":1763433562885,"duration":917},"status":"passed","steps":[{"name":"Delete project: regression-proj-wkzmt9yut3","time":{"start":1763433562165,"stop":1763433562548,"duration":383},"status":"passed","steps":[],"attachments":[{"uid":"67968d70f2954781","name":"HTTP 200 - GET templates","source":"67968d70f2954781.txt","type":"text/plain","size":2146},{"uid":"4da150a7b063d7a2","name":"HTTP 200 - GET config","source":"4da150a7b063d7a2.txt","type":"text/plain","size":2137},{"uid":"67d9004ad6ab974c","name":"HTTP 200 - GET instances?org=regression-org-pmgnag1jefu3&project=regression-proj-wkzmt9yut3&cluster=default&size=100","source":"67d9004ad6ab974c.txt","type":"text/plain","size":290}],"parameters":[],"shouldDisplayMessage":false,"stepsCount":0,"attachmentsCount":3,"hasContent":true,"attachmentStep":false}],"attachments":[{"uid":"326c18aebaec0470","name":"HTTP 201 - POST projects","source":"326c18aebaec0470.txt","type":"text/plain","size":444},{"uid":"30c523c950ccd707","name":"HTTP 200 - GET templates?page=1&size=50","source":"30c523c950ccd707.txt","type":"text/plain","size":2161}],"parameters":[],"shouldDisplayMessage":false,"stepsCount":1,"attachmentsCount":5,"hasContent":true,"attachmentStep":false}],"attachments":[],"parameters":[],"shouldDisplayMessage":false,"stepsCount":2,"attachmentsCount":5,"hasContent":true,"attachmentStep":false}],"attachments":[],"parameters":[],"shouldDisplayMessage":false,"stepsCount":3,"attachmentsCount":5,"hasContent":true,"attachmentStep":false},{"name":"add_page_manager::finalizer","time":{"start":1763433557867,"stop":1763433557867,"duration":0},"status":"passed","steps":[],"attachments":[],"parameters":[],"shouldDisplayMessage":false,"stepsCount":0,"attachmentsCount":0,"hasContent":false,"attachmentStep":false},{"name":"api_helper::finalizer","time":{"start":1763433562936,"stop":1763433562937,"duration":1},"status":"passed","steps":[],"attachments":[],"parameters":[],"shouldDisplayMessage":false,"stepsCount":0,"attachmentsCount":0,"hasContent":false,"attachmentStep":false},{"name":"_function_scoped_runner::0","time":{"start":1763433562938,"stop":1763433562938,"duration":0},"status":"passed","steps":[],"attachments":[],"parameters":[],"shouldDisplayMessage":false,"stepsCount":0,"attachmentsCount":0,"hasContent":false,"attachmentStep":false}],"labels":[{"name":"parentSuite","value":"UI Tests"},{"name":"suite","value":"UI Project Structure Setup"},{"name":"tag","value":"asyncio"},{"name":"subSuite","value":"TestUIProjectStructureSetup"},{"name":"host","value":"runnervmg1sw1"},{"name":"thread","value":"3013-MainThread"},{"name":"framework","value":"pytest"},{"name":"language","value":"cpython3"},{"name":"package","value":"tests.test_cases.tests_ui.test_project_structure_setup"},{"name":"resultFormat","value":"allure2"}],"parameters":[],"links":[],"hidden":false,"retry":false,"extra":{"severity":"normal","retries":[{"uid":"9aab38e97c3e192f","status":"failed","statusDetails":"AssertionError: [AssertionError] during step: Create first project from main page\nMessage: [TimeoutError] during step: Wait for Create project popup disappear\nMessage: Locator.wait_for: Timeout 60ms exceeded.\nCall log:\n  - waiting for locator(\"h2\").filter(has_text=\"Create Project\") to be detached\n    3 × locator resolved to visible <h2 class=\"p-8 text-h4\">Create Project</h2>\n\nNote: Playwright Timeout. Element not found or action took too long.","time":{"start":1763433458934,"stop":1763433504596,"duration":45662}}],"categories":[{"name":"Product defects","matchedStatuses":[],"flaky":false}],"history":{"statistic":{"failed":29,"broken":0,"skipped":0,"passed":81,"unknown":0,"total":110},"items":[{"uid":"5baa83460f7bcd97","status":"failed","statusDetails":"AssertionError: [AssertionError] during step: Create first project from main page\nMessage: [TimeoutError] during step: Wait for Create project popup disappear\nMessage: Locator.wait_for: Timeout 60ms exceeded.\nCall log:\n  - waiting for locator(\"h2\").filter(has_text=\"Create Project\") to be detached\n    3 × locator resolved to visible <h2 class=\"p-8 text-h4\">Create Project</h2>\n\nNote: Playwright Timeout. Element not found or action took too long.","time":{"start":1763346076006,"stop":1763346116742,"duration":40736}},{"uid":"93d1384c5674e2f","status":"failed","statusDetails":"AssertionError: [AssertionError] during step: Create first project from main page\nMessage: [TimeoutError] during step: Wait for Create project popup disappear\nMessage: Locator.wait_for: Timeout 60ms exceeded.\nCall log:\n  - waiting for locator(\"h2\").filter(has_text=\"Create Project\") to be detached\n    3 × locator resolved to visible <h2 class=\"p-8 text-h4\">Create Project</h2>\n\nNote: Playwright Timeout. Element not found or action took too long.","time":{"start":1763262202562,"stop":1763262242011,"duration":39449}},{"uid":"9fdd377aa5ca75b8","status":"failed","statusDetails":"AssertionError: [AssertionError] during step: Create first project from main page\nMessage: [TimeoutError] during step: Wait for Create project popup disappear\nMessage: Locator.wait_for: Timeout 60ms exceeded.\nCall log:\n  - waiting for locator(\"h2\").filter(has_text=\"Create Project\") to be detached\n    3 × locator resolved to visible <h2 class=\"p-8 text-h4\">Create Project</h2>\n\nNote: Playwright Timeout. Element not found or action took too long.","time":{"start":1763174509148,"stop":1763174552880,"duration":43732}},{"uid":"7fcbb220477f0ac","status":"failed","statusDetails":"AssertionError: [AssertionError] during step: Create first project from main page\nMessage: [TimeoutError] during step: Wait for Create project popup disappear\nMessage: Locator.wait_for: Timeout 60ms exceeded.\nCall log:\n  - waiting for locator(\"h2\").filter(has_text=\"Create Project\") to be detached\n    3 × locator resolved to visible <h2 class=\"p-8 text-h4\">Create Project</h2>\n\nNote: Playwright Timeout. Element not found or action took too long.","time":{"start":1763087760779,"stop":1763087787263,"duration":26484}},{"uid":"5cbf5da4bc6a0fb4","status":"failed","statusDetails":"AssertionError: [AssertionError] during step: Login via UI\nMessage: [AssertionError] during step: Verify that Welcome new user page displayed\nMessage: Locator expected to be visible\nActual value: None\nError: element(s) not found \nCall log:\n  - Expect \"to_be_visible\" with timeout 5000ms\n  - waiting for locator(\"h3.truncate.text-h3\").filter(has_text=\"Welcome, regression-75y80j3nq3@apolo.us\")","time":{"start":1763002633610,"stop":1763002644968,"duration":11358}},{"uid":"9e7c23936afb1f3d","status":"failed","statusDetails":"AssertionError: [AssertionError] during step: Login via UI\nMessage: [AssertionError] during step: Verify that Welcome new user page displayed\nMessage: Locator expected to be visible\nActual value: <element(s) not found> \nCall log:\n  - Expect \"to_be_visible\" with timeout 5000ms\n  - waiting for locator(\"h3.truncate.text-h3\").filter(has_text=\"Welcome, regression-0jqoloxnz9@apolo.us\")","time":{"start":1762917767132,"stop":1762917778707,"duration":11575}},{"uid":"25f8fe2c25735df5","status":"failed","statusDetails":"AssertionError: [AssertionError] during step: Create first project from main page\nMessage: [TimeoutError] during step: Wait for Create project popup disappear\nMessage: Locator.wait_for: Timeout 60ms exceeded.\nCall log:\n  - waiting for locator(\"h2\").filter(has_text=\"Create Project\") to be detached\n    3 × locator resolved to visible <h2 class=\"p-8 text-h4\">Create Project</h2>\n\nNote: Playwright Timeout. Element not found or action took too long.","time":{"start":1762828975564,"stop":1762829010139,"duration":34575}},{"uid":"c14fe621ffdc2a63","status":"failed","statusDetails":"AssertionError: [AssertionError] during step: Create first project from main page\nMessage: [TimeoutError] during step: Wait for Create project popup disappear\nMessage: Locator.wait_for: Timeout 60ms exceeded.\nCall log:\n  - waiting for locator(\"h2\").filter(has_text=\"Create Project\") to be detached\n    3 × locator resolved to visible <h2 class=\"p-8 text-h4\">Create Project</h2>\n\nNote: Playwright Timeout. Element not found or action took too long.","time":{"start":1762741910798,"stop":1762741947738,"duration":36940}},{"uid":"d69cff34422ca015","status":"failed","statusDetails":"AssertionError: [AssertionError] during step: Create first project from main page\nMessage: [TimeoutError] during step: Wait for Create project popup disappear\nMessage: Locator.wait_for: Timeout 60ms exceeded.\nCall log:\n  - waiting for locator(\"h2\").filter(has_text=\"Create Project\") to be detached\n    3 × locator resolved to visible <h2 class=\"p-8 text-h4\">Create Project</h2>\n\nNote: Playwright Timeout. Element not found or action took too long.","time":{"start":1762570269904,"stop":1762570296842,"duration":26938}},{"uid":"5bc988a30f40418b","status":"failed","statusDetails":"AssertionError: [AssertionError] during step: Login via UI\nMessage: [AssertionError] during step: Verify that Welcome new user page displayed\nMessage: Locator expected to be visible\nActual value: <element(s) not found> \nCall log:\n  - Expect \"to_be_visible\" with timeout 5000ms\n  - waiting for locator(\"h3.truncate.text-h3\").filter(has_text=\"Welcome, regression-854cg2j9mh@apolo.us\")","time":{"start":1762482363169,"stop":1762482375301,"duration":12132}},{"uid":"a1b0bc20f6bcb30e","status":"failed","statusDetails":"AssertionError: [AssertionError] during step: Create first project from main page\nMessage: [TimeoutError] during step: Wait for Create project popup disappear\nMessage: Locator.wait_for: Timeout 60ms exceeded.\nCall log:\n  - waiting for locator(\"h2\").filter(has_text=\"Create Project\") to be detached\n    3 × locator resolved to visible <h2 class=\"p-8 text-h4\">Create Project</h2>\n\nNote: Playwright Timeout. Element not found or action took too long.","time":{"start":1762395540908,"stop":1762395578120,"duration":37212}},{"uid":"9ec2ae2a8f429088","status":"failed","statusDetails":"AssertionError: [AssertionError] during step: Create first project from main page\nMessage: [TimeoutError] during step: Wait for Create project popup disappear\nMessage: Locator.wait_for: Timeout 60ms exceeded.\nCall log:\n  - waiting for locator(\"h2\").filter(has_text=\"Create Project\") to be detached\n    3 × locator resolved to visible <h2 class=\"p-8 text-h4\">Create Project</h2>\n\nNote: Playwright Timeout. Element not found or action took too long.","time":{"start":1762310156083,"stop":1762310181420,"duration":25337}},{"uid":"176deba427576c92","status":"failed","statusDetails":"AssertionError: [AssertionError] during step: Create first project from main page\nMessage: [TimeoutError] during step: Wait for Create project popup disappear\nMessage: Locator.wait_for: Timeout 60ms exceeded.\nCall log:\n  - waiting for locator(\"h2\").filter(has_text=\"Create Project\") to be detached\n    3 × locator resolved to visible <h2 class=\"p-8 text-h4\">Create Project</h2>\n\nNote: Playwright Timeout. Element not found or action took too long.","time":{"start":1762224397168,"stop":1762224427519,"duration":30351}},{"uid":"ab6c191966e42131","status":"failed","statusDetails":"AssertionError: [AssertionError] during step: Login via UI\nMessage: [AssertionError] during step: Verify that Welcome new user page displayed\nMessage: Locator expected to be visible\nActual value: <element(s) not found> \nCall log:\n  - Expect \"to_be_visible\" with timeout 5000ms\n  - waiting for locator(\"h3.truncate.text-h3\").filter(has_text=\"Welcome, regression-illnoz6hdk@apolo.us\")","time":{"start":1762135006145,"stop":1762135027335,"duration":21190}},{"uid":"e5f6e6303ee9637e","status":"failed","statusDetails":"AssertionError: [AssertionError] during step: Create first project from main page\nMessage: [TimeoutError] during step: Wait for Create project popup disappear\nMessage: Locator.wait_for: Timeout 60ms exceeded.\nCall log:\n  - waiting for locator(\"h2\").filter(has_text=\"Create Project\") to be detached\n    3 × locator resolved to visible <h2 class=\"p-8 text-h4\">Create Project</h2>\n\nNote: Playwright Timeout. Element not found or action took too long.","time":{"start":1762052520068,"stop":1762052553222,"duration":33154}},{"uid":"d1f0c52f216cb44c","status":"failed","statusDetails":"AssertionError: [AssertionError] during step: Login via UI\nMessage: [AssertionError] during step: Verify that Welcome new user page displayed\nMessage: Locator expected to be visible\nActual value: <element(s) not found> \nCall log:\n  - Expect \"to_be_visible\" with timeout 5000ms\n  - waiting for locator(\"h3.truncate.text-h3\").filter(has_text=\"Welcome, regression-wukshqior4@apolo.us\")","time":{"start":1761965641799,"stop":1761965655500,"duration":13701}},{"uid":"c79ccf08d1a236f3","status":"failed","statusDetails":"AssertionError: [AssertionError] during step: Create first project from main page\nMessage: [TimeoutError] during step: Wait for Create project popup disappear\nMessage: Locator.wait_for: Timeout 60ms exceeded.\nCall log:\n  - waiting for locator(\"h2\").filter(has_text=\"Create Project\") to be detached\n    3 × locator resolved to visible <h2 class=\"p-8 text-h4\">Create Project</h2>\n\nNote: Playwright Timeout. Element not found or action took too long.","time":{"start":1761879596668,"stop":1761879629127,"duration":32459}},{"uid":"6590a9acbc428c66","status":"failed","statusDetails":"AssertionError: [AssertionError] during step: Create first project from main page\nMessage: [TimeoutError] during step: Wait for Create project popup disappear\nMessage: Locator.wait_for: Timeout 60ms exceeded.\nCall log:\n  - waiting for locator(\"h2\").filter(has_text=\"Create Project\") to be detached\n    3 × locator resolved to visible <h2 class=\"p-8 text-h4\">Create Project</h2>\n\nNote: Playwright Timeout. Element not found or action took too long.","time":{"start":1761793002642,"stop":1761793036915,"duration":34273}},{"uid":"399089eca09dceb8","status":"failed","statusDetails":"AssertionError: [AssertionError] during step: Create first project from main page\nMessage: [TimeoutError] during step: Wait for Create project popup disappear\nMessage: Locator.wait_for: Timeout 60ms exceeded.\nCall log:\n  - waiting for locator(\"h2\").filter(has_text=\"Create Project\") to be detached\n    3 × locator resolved to visible <h2 class=\"p-8 text-h4\">Create Project</h2>\n\nNote: Playwright Timeout. Element not found or action took too long.","time":{"start":1761706799872,"stop":1761706845743,"duration":45871}},{"uid":"24ff2cfa9ae34fd1","status":"failed","statusDetails":"AssertionError: [AssertionError] during step: Create first project from main page\nMessage: [TimeoutError] during step: Wait for Create project popup disappear\nMessage: Locator.wait_for: Timeout 60ms exceeded.\nCall log:\n  - waiting for locator(\"h2\").filter(has_text=\"Create Project\") to be detached\n    3 × locator resolved to visible <h2 class=\"p-8 text-h4\">Create Project</h2>\n\nNote: Playwright Timeout. Element not found or action took too long.","time":{"start":1761621251475,"stop":1761621285387,"duration":33912}}]},"tags":["asyncio"]},"source":"a98dac07d22c4b62.json","parameterValues":[]}