{"uid":"ad04103455e55d3f","name":"Verify Writer cannot change member roles","fullName":"tests.test_cases.tests_ui.test_project_change_member_roles.TestUIProjectChangeMemberRoles#test_writer_change_role","historyId":"748de2569494de1410e54f96c815e334","time":{"start":1761203056577,"stop":1761203146772,"duration":90195},"description":"\n- Login with valid credentials.\n- Create new organization via **API**.\n- Create new project via **API**.\n- Signup `second user`.\n- Invite `second user` to organization via **API**.\n- Invite `second user` to project with `Writer` role.\n- Signup `third user`.\n- Invite `third user` to organization via **API**.\n- Invite `third user` to project with `Reader` role.\n\n### Verify that:\n\n- `Writer` **cannot** change member roles.\n","descriptionHtml":"<div style='line-height:1.6;'><ul>\n<li>Login with valid credentials.</li>\n<li>Create new organization via <strong>API</strong>.</li>\n<li>Create new project via <strong>API</strong>.</li>\n<li>Signup <span style='background-color:#D3D3D3; padding:2px 4px; border-radius:3px; font-family:monospace;'>second user</span>.</li>\n<li>Invite <span style='background-color:#D3D3D3; padding:2px 4px; border-radius:3px; font-family:monospace;'>second user</span> to organization via <strong>API</strong>.</li>\n<li>Invite <span style='background-color:#D3D3D3; padding:2px 4px; border-radius:3px; font-family:monospace;'>second user</span> to project with <span style='background-color:#D3D3D3; padding:2px 4px; border-radius:3px; font-family:monospace;'>Writer</span> role.</li>\n<li>Signup <span style='background-color:#D3D3D3; padding:2px 4px; border-radius:3px; font-family:monospace;'>third user</span>.</li>\n<li>Invite <span style='background-color:#D3D3D3; padding:2px 4px; border-radius:3px; font-family:monospace;'>third user</span> to organization via <strong>API</strong>.</li>\n<li>Invite <span style='background-color:#D3D3D3; padding:2px 4px; border-radius:3px; font-family:monospace;'>third user</span> to project with <span style='background-color:#D3D3D3; padding:2px 4px; border-radius:3px; font-family:monospace;'>Reader</span> role.</li>\n</ul>\n<h3>Verify that:</h3>\n<ul>\n<li><span style='background-color:#D3D3D3; padding:2px 4px; border-radius:3px; font-family:monospace;'>Writer</span> <strong>cannot</strong> change member roles.</li>\n</ul></div>","status":"failed","statusMessage":"AssertionError: [AssertionError] during step: Login via UI\nMessage: [TimeoutError] during step: Click login button\nMessage: Element not ready for click after 10000ms: <Locator frame=<Frame name= url='about:blank'> selector=\"button:text('Log in')\">\nLast error: Locator.wait_for: Timeout 500ms exceeded.\nCall log:\n  - waiting for locator(\"button:text('Log in')\")\n    - waiting for\" https://console.dev.apolo.us/\" navigation to finish...","statusTrace":"tests/reporting_hooks/reporting.py:49: in wrapper\n    result = await func(*args, **kwargs)\n             ^^^^^^^^^^^^^^^^^^^^^^^^^^^\ntests/test_cases/steps/ui_steps/page_steps_impl/auth_page_steps.py:22: in ui_click_login_button\n    await self._pm.auth_page.click_log_in_button()\ntests/components/ui/pages/auth_page.py:25: in click_log_in_button\n    await self._log_in_button.click()\ntests/components/ui/pages/base_element.py:90: in click\n    raise TimeoutError(\nE   TimeoutError: Element not ready for click after 10000ms: <Locator frame=<Frame name= url='about:blank'> selector=\"button:text('Log in')\">\nE   Last error: Locator.wait_for: Timeout 500ms exceeded.\nE   Call log:\nE     - waiting for locator(\"button:text('Log in')\")\nE       - waiting for\" https://console.dev.apolo.us/\" navigation to finish...\n\nThe above exception was the direct cause of the following exception:\ntests/reporting_hooks/reporting.py:49: in wrapper\n    result = await func(*args, **kwargs)\n             ^^^^^^^^^^^^^^^^^^^^^^^^^^^\ntests/test_cases/steps/ui_steps/ui_steps.py:71: in ui_login\n    await self.auth_page.ui_click_login_button()\ntests/reporting_hooks/reporting.py:58: in wrapper\n    raise AssertionError(formatted_msg) from e\nE   AssertionError: [TimeoutError] during step: Click login button\nE   Message: Element not ready for click after 10000ms: <Locator frame=<Frame name= url='about:blank'> selector=\"button:text('Log in')\">\nE   Last error: Locator.wait_for: Timeout 500ms exceeded.\nE   Call log:\nE     - waiting for locator(\"button:text('Log in')\")\nE       - waiting for\" https://console.dev.apolo.us/\" navigation to finish...\n\nThe above exception was the direct cause of the following exception:\ntests/test_cases/tests_ui/test_project_change_member_roles.py:1741: in test_writer_change_role\n    await steps.ui_login(user)\ntests/reporting_hooks/reporting.py:58: in wrapper\n    raise AssertionError(formatted_msg) from e\nE   AssertionError: [AssertionError] during step: Login via UI\nE   Message: [TimeoutError] during step: Click login button\nE   Message: Element not ready for click after 10000ms: <Locator frame=<Frame name= url='about:blank'> selector=\"button:text('Log in')\">\nE   Last error: Locator.wait_for: Timeout 500ms exceeded.\nE   Call log:\nE     - waiting for locator(\"button:text('Log in')\")\nE       - waiting for\" https://console.dev.apolo.us/\" navigation to finish...","flaky":true,"newFailed":true,"newBroken":false,"newPassed":false,"retriesCount":2,"retriesStatusChange":false,"beforeStages":[{"name":"base_url","time":{"start":1761195823461,"stop":1761195823462,"duration":1},"status":"passed","steps":[],"attachments":[],"parameters":[],"shouldDisplayMessage":false,"stepsCount":0,"attachmentsCount":0,"hasContent":false,"attachmentStep":false},{"name":"delay_worker_start","time":{"start":1761195823462,"stop":1761195823462,"duration":0},"status":"passed","steps":[],"attachments":[],"parameters":[],"shouldDisplayMessage":false,"stepsCount":0,"attachmentsCount":0,"hasContent":false,"attachmentStep":false},{"name":"pytestconfig","time":{"start":1761195823462,"stop":1761195823462,"duration":0},"status":"passed","steps":[],"attachments":[],"parameters":[],"shouldDisplayMessage":false,"stepsCount":0,"attachmentsCount":0,"hasContent":false,"attachmentStep":false},{"name":"event_loop_policy","time":{"start":1761195823462,"stop":1761195823462,"duration":0},"status":"passed","steps":[],"attachments":[],"parameters":[],"shouldDisplayMessage":false,"stepsCount":0,"attachmentsCount":0,"hasContent":false,"attachmentStep":false},{"name":"_verify_url","time":{"start":1761195823462,"stop":1761195823462,"duration":0},"status":"passed","steps":[],"attachments":[],"parameters":[],"shouldDisplayMessage":false,"stepsCount":0,"attachmentsCount":0,"hasContent":false,"attachmentStep":false},{"name":"delete_output_dir","time":{"start":1761195823462,"stop":1761195823462,"duration":0},"status":"passed","steps":[],"attachments":[],"parameters":[],"shouldDisplayMessage":false,"stepsCount":0,"attachmentsCount":0,"hasContent":false,"attachmentStep":false},{"name":"ensure_storage_directories","time":{"start":1761195823463,"stop":1761195823463,"duration":0},"status":"passed","steps":[],"attachments":[],"parameters":[],"shouldDisplayMessage":false,"stepsCount":0,"attachmentsCount":0,"hasContent":false,"attachmentStep":false},{"name":"test_config","time":{"start":1761202996132,"stop":1761202996138,"duration":6},"status":"passed","steps":[],"attachments":[],"parameters":[],"shouldDisplayMessage":false,"stepsCount":0,"attachmentsCount":0,"hasContent":false,"attachmentStep":false},{"name":"page_manager","time":{"start":1761202996138,"stop":1761203056574,"duration":60436},"status":"passed","steps":[],"attachments":[],"parameters":[],"shouldDisplayMessage":false,"stepsCount":0,"attachmentsCount":0,"hasContent":false,"attachmentStep":false},{"name":"_function_scoped_runner","time":{"start":1761202996138,"stop":1761202996138,"duration":0},"status":"passed","steps":[],"attachments":[],"parameters":[],"shouldDisplayMessage":false,"stepsCount":0,"attachmentsCount":0,"hasContent":false,"attachmentStep":false},{"name":"data_manager","time":{"start":1761203056574,"stop":1761203056575,"duration":1},"status":"passed","steps":[],"attachments":[],"parameters":[],"shouldDisplayMessage":false,"stepsCount":0,"attachmentsCount":0,"hasContent":false,"attachmentStep":false},{"name":"api_helper","time":{"start":1761203056575,"stop":1761203056575,"duration":0},"status":"passed","steps":[],"attachments":[],"parameters":[],"shouldDisplayMessage":false,"stepsCount":0,"attachmentsCount":0,"hasContent":false,"attachmentStep":false},{"name":"setup_cleanup","time":{"start":1761203056575,"stop":1761203056576,"duration":1},"status":"passed","steps":[],"attachments":[],"parameters":[],"shouldDisplayMessage":false,"stepsCount":0,"attachmentsCount":0,"hasContent":false,"attachmentStep":false},{"name":"apolo_cli","time":{"start":1761203056575,"stop":1761203056575,"duration":0},"status":"passed","steps":[],"attachments":[],"parameters":[],"shouldDisplayMessage":false,"stepsCount":0,"attachmentsCount":0,"hasContent":false,"attachmentStep":false},{"name":"users_manager","time":{"start":1761203056575,"stop":1761203056575,"duration":0},"status":"passed","steps":[],"attachments":[],"parameters":[],"shouldDisplayMessage":false,"stepsCount":0,"attachmentsCount":0,"hasContent":false,"attachmentStep":false},{"name":"_inject_fixtures","time":{"start":1761203056576,"stop":1761203056576,"duration":0},"status":"passed","steps":[],"attachments":[],"parameters":[],"shouldDisplayMessage":false,"stepsCount":0,"attachmentsCount":0,"hasContent":false,"attachmentStep":false},{"name":"add_page_manager","time":{"start":1761203056576,"stop":1761203056576,"duration":0},"status":"passed","steps":[],"attachments":[],"parameters":[],"shouldDisplayMessage":false,"stepsCount":0,"attachmentsCount":0,"hasContent":false,"attachmentStep":false},{"name":"setup","time":{"start":1761203056577,"stop":1761203056577,"duration":0},"status":"passed","steps":[],"attachments":[],"parameters":[],"shouldDisplayMessage":false,"stepsCount":0,"attachmentsCount":0,"hasContent":false,"attachmentStep":false}],"testStage":{"description":"\n- Login with valid credentials.\n- Create new organization via **API**.\n- Create new project via **API**.\n- Signup `second user`.\n- Invite `second user` to organization via **API**.\n- Invite `second user` to project with `Writer` role.\n- Signup `third user`.\n- Invite `third user` to organization via **API**.\n- Invite `third user` to project with `Reader` role.\n\n### Verify that:\n\n- `Writer` **cannot** change member roles.\n","descriptionHtml":"<div style='line-height:1.6;'><ul>\n<li>Login with valid credentials.</li>\n<li>Create new organization via <strong>API</strong>.</li>\n<li>Create new project via <strong>API</strong>.</li>\n<li>Signup <span style='background-color:#D3D3D3; padding:2px 4px; border-radius:3px; font-family:monospace;'>second user</span>.</li>\n<li>Invite <span style='background-color:#D3D3D3; padding:2px 4px; border-radius:3px; font-family:monospace;'>second user</span> to organization via <strong>API</strong>.</li>\n<li>Invite <span style='background-color:#D3D3D3; padding:2px 4px; border-radius:3px; font-family:monospace;'>second user</span> to project with <span style='background-color:#D3D3D3; padding:2px 4px; border-radius:3px; font-family:monospace;'>Writer</span> role.</li>\n<li>Signup <span style='background-color:#D3D3D3; padding:2px 4px; border-radius:3px; font-family:monospace;'>third user</span>.</li>\n<li>Invite <span style='background-color:#D3D3D3; padding:2px 4px; border-radius:3px; font-family:monospace;'>third user</span> to organization via <strong>API</strong>.</li>\n<li>Invite <span style='background-color:#D3D3D3; padding:2px 4px; border-radius:3px; font-family:monospace;'>third user</span> to project with <span style='background-color:#D3D3D3; padding:2px 4px; border-radius:3px; font-family:monospace;'>Reader</span> role.</li>\n</ul>\n<h3>Verify that:</h3>\n<ul>\n<li><span style='background-color:#D3D3D3; padding:2px 4px; border-radius:3px; font-family:monospace;'>Writer</span> <strong>cannot</strong> change member roles.</li>\n</ul></div>","status":"failed","statusMessage":"AssertionError: [AssertionError] during step: Login via UI\nMessage: [TimeoutError] during step: Click login button\nMessage: Element not ready for click after 10000ms: <Locator frame=<Frame name= url='about:blank'> selector=\"button:text('Log in')\">\nLast error: Locator.wait_for: Timeout 500ms exceeded.\nCall log:\n  - waiting for locator(\"button:text('Log in')\")\n    - waiting for\" https://console.dev.apolo.us/\" navigation to finish...","statusTrace":"tests/reporting_hooks/reporting.py:49: in wrapper\n    result = await func(*args, **kwargs)\n             ^^^^^^^^^^^^^^^^^^^^^^^^^^^\ntests/test_cases/steps/ui_steps/page_steps_impl/auth_page_steps.py:22: in ui_click_login_button\n    await self._pm.auth_page.click_log_in_button()\ntests/components/ui/pages/auth_page.py:25: in click_log_in_button\n    await self._log_in_button.click()\ntests/components/ui/pages/base_element.py:90: in click\n    raise TimeoutError(\nE   TimeoutError: Element not ready for click after 10000ms: <Locator frame=<Frame name= url='about:blank'> selector=\"button:text('Log in')\">\nE   Last error: Locator.wait_for: Timeout 500ms exceeded.\nE   Call log:\nE     - waiting for locator(\"button:text('Log in')\")\nE       - waiting for\" https://console.dev.apolo.us/\" navigation to finish...\n\nThe above exception was the direct cause of the following exception:\ntests/reporting_hooks/reporting.py:49: in wrapper\n    result = await func(*args, **kwargs)\n             ^^^^^^^^^^^^^^^^^^^^^^^^^^^\ntests/test_cases/steps/ui_steps/ui_steps.py:71: in ui_login\n    await self.auth_page.ui_click_login_button()\ntests/reporting_hooks/reporting.py:58: in wrapper\n    raise AssertionError(formatted_msg) from e\nE   AssertionError: [TimeoutError] during step: Click login button\nE   Message: Element not ready for click after 10000ms: <Locator frame=<Frame name= url='about:blank'> selector=\"button:text('Log in')\">\nE   Last error: Locator.wait_for: Timeout 500ms exceeded.\nE   Call log:\nE     - waiting for locator(\"button:text('Log in')\")\nE       - waiting for\" https://console.dev.apolo.us/\" navigation to finish...\n\nThe above exception was the direct cause of the following exception:\ntests/test_cases/tests_ui/test_project_change_member_roles.py:1741: in test_writer_change_role\n    await steps.ui_login(user)\ntests/reporting_hooks/reporting.py:58: in wrapper\n    raise AssertionError(formatted_msg) from e\nE   AssertionError: [AssertionError] during step: Login via UI\nE   Message: [TimeoutError] during step: Click login button\nE   Message: Element not ready for click after 10000ms: <Locator frame=<Frame name= url='about:blank'> selector=\"button:text('Log in')\">\nE   Last error: Locator.wait_for: Timeout 500ms exceeded.\nE   Call log:\nE     - waiting for locator(\"button:text('Log in')\")\nE       - waiting for\" https://console.dev.apolo.us/\" navigation to finish...","steps":[{"name":"Login via UI","time":{"start":1761203056578,"stop":1761203146771,"duration":90193},"status":"failed","statusMessage":"AssertionError: [AssertionError] during step: Login via UI\nMessage: [TimeoutError] during step: Click login button\nMessage: Element not ready for click after 10000ms: <Locator frame=<Frame name= url='about:blank'> selector=\"button:text('Log in')\">\nLast error: Locator.wait_for: Timeout 500ms exceeded.\nCall log:\n  - waiting for locator(\"button:text('Log in')\")\n    - waiting for\" https://console.dev.apolo.us/\" navigation to finish...\n\n","statusTrace":"  File \"/home/runner/work/apolo-test-automation/apolo-test-automation/tests/reporting_hooks/reporting.py\", line 58, in wrapper\n    raise AssertionError(formatted_msg) from e\n","steps":[{"name":"Click login button","time":{"start":1761203056578,"stop":1761203116768,"duration":60190},"status":"failed","statusMessage":"AssertionError: [TimeoutError] during step: Click login button\nMessage: Element not ready for click after 10000ms: <Locator frame=<Frame name= url='about:blank'> selector=\"button:text('Log in')\">\nLast error: Locator.wait_for: Timeout 500ms exceeded.\nCall log:\n  - waiting for locator(\"button:text('Log in')\")\n    - waiting for\" https://console.dev.apolo.us/\" navigation to finish...\n\n","statusTrace":"  File \"/home/runner/work/apolo-test-automation/apolo-test-automation/tests/reporting_hooks/reporting.py\", line 58, in wrapper\n    raise AssertionError(formatted_msg) from e\n","steps":[],"attachments":[{"uid":"6bfde92c3b1d00f6","name":"Page URL","source":"6bfde92c3b1d00f6.txt","type":"text/plain","size":11}],"parameters":[],"shouldDisplayMessage":true,"stepsCount":0,"attachmentsCount":1,"hasContent":true,"attachmentStep":false}],"attachments":[{"uid":"91f828124b12035a","name":"Page URL","source":"91f828124b12035a.txt","type":"text/plain","size":11}],"parameters":[],"shouldDisplayMessage":true,"stepsCount":1,"attachmentsCount":2,"hasContent":true,"attachmentStep":false}],"attachments":[{"uid":"cbcf4bf68f35833","name":"log","source":"cbcf4bf68f35833.txt","type":"text/plain","size":40642}],"parameters":[],"shouldDisplayMessage":true,"stepsCount":2,"attachmentsCount":3,"hasContent":true,"attachmentStep":false},"afterStages":[{"name":"setup_cleanup::finalizer","time":{"start":1761203146821,"stop":1761203146821,"duration":0},"status":"passed","steps":[],"attachments":[],"parameters":[],"shouldDisplayMessage":false,"stepsCount":0,"attachmentsCount":0,"hasContent":false,"attachmentStep":false},{"name":"setup_cleanup::finalizer","time":{"start":1761203146821,"stop":1761203151831,"duration":5010},"status":"passed","steps":[{"name":"Post-test cleanup","time":{"start":1761203146821,"stop":1761203151831,"duration":5010},"status":"passed","steps":[],"attachments":[{"uid":"f4b4645047e0de51","name":"Cleanup note","source":"f4b4645047e0de51.txt","type":"text/plain","size":29}],"parameters":[],"shouldDisplayMessage":false,"stepsCount":0,"attachmentsCount":1,"hasContent":true,"attachmentStep":false}],"attachments":[],"parameters":[],"shouldDisplayMessage":false,"stepsCount":1,"attachmentsCount":1,"hasContent":true,"attachmentStep":false},{"name":"add_page_manager::finalizer","time":{"start":1761203146821,"stop":1761203146821,"duration":0},"status":"passed","steps":[],"attachments":[],"parameters":[],"shouldDisplayMessage":false,"stepsCount":0,"attachmentsCount":0,"hasContent":false,"attachmentStep":false},{"name":"api_helper::finalizer","time":{"start":1761203151831,"stop":1761203151832,"duration":1},"status":"passed","steps":[],"attachments":[],"parameters":[],"shouldDisplayMessage":false,"stepsCount":0,"attachmentsCount":0,"hasContent":false,"attachmentStep":false},{"name":"_function_scoped_runner::0","time":{"start":1761203151833,"stop":1761203151833,"duration":0},"status":"passed","steps":[],"attachments":[],"parameters":[],"shouldDisplayMessage":false,"stepsCount":0,"attachmentsCount":0,"hasContent":false,"attachmentStep":false}],"labels":[{"name":"suite","value":"UI Project Change Member Roles"},{"name":"parentSuite","value":"UI Tests"},{"name":"tag","value":"asyncio"},{"name":"subSuite","value":"TestUIProjectChangeMemberRoles"},{"name":"host","value":"runnervmwhb2z"},{"name":"thread","value":"3597-MainThread"},{"name":"framework","value":"pytest"},{"name":"language","value":"cpython3"},{"name":"package","value":"tests.test_cases.tests_ui.test_project_change_member_roles"},{"name":"resultFormat","value":"allure2"}],"parameters":[],"links":[],"hidden":false,"retry":false,"extra":{"severity":"normal","retries":[{"uid":"cb3467c49ba97351","status":"failed","statusDetails":"AssertionError: [AssertionError] during step: Login via UI\nMessage: [TimeoutError] during step: Click login button\nMessage: Element not ready for click after 10000ms: <Locator frame=<Frame name= url='about:blank'> selector=\"button:text('Log in')\">\nLast error: Locator.wait_for: Timeout 500ms exceeded.\nCall log:\n  - waiting for locator(\"button:text('Log in')\")\n    - waiting for\" https://console.dev.apolo.us/\" navigation to finish...","time":{"start":1761202906894,"stop":1761202982126,"duration":75232}},{"uid":"76e7b3b4d8d78266","status":"failed","statusDetails":"AssertionError: [AssertionError] during step: Add user to organization via API and reload page\nMessage: [AssertionError] during step: Reload page\nMessage: [Error] during step: Reload page\nMessage: Page.reload: net::ERR_ABORTED; maybe frame was detached?\nCall log:\n  - waiting for navigation until \"domcontentloaded\"","time":{"start":1761202630068,"stop":1761202827678,"duration":197610}}],"categories":[{"name":"Product defects","matchedStatuses":[],"flaky":false}],"history":{"statistic":{"failed":5,"broken":0,"skipped":0,"passed":83,"unknown":0,"total":88},"items":[{"uid":"3f7d6c5acccf65e","status":"passed","time":{"start":1759546287250,"stop":1759546435174,"duration":147924}},{"uid":"2ea5a6127f7399f4","status":"passed","time":{"start":1759459830420,"stop":1759459967724,"duration":137304}},{"uid":"9595eb3a520d9b20","status":"failed","statusDetails":"AssertionError: [AssertionError] during step: Login via UI\nMessage: [AssertionError] during step: Verify that Welcome new user page displayed\nMessage: Locator expected to be visible\nActual value: <element(s) not found> \nCall log:\n  - Expect \"to_be_visible\" with timeout 5000ms\n  - waiting for locator(\"h3.truncate.text-h3\").filter(has_text=\"Welcome, regression-gdr9hpgpbg@apolo.us\")","time":{"start":1759374109438,"stop":1759374120210,"duration":10772}},{"uid":"87cbf5fe622f5cb2","status":"passed","time":{"start":1759284964061,"stop":1759285089007,"duration":124946}},{"uid":"4ba7fd8e927d0bf1","status":"passed","time":{"start":1759198335127,"stop":1759198475028,"duration":139901}},{"uid":"4bcd17dc31feba84","status":"passed","time":{"start":1759155758271,"stop":1759155891790,"duration":133519}},{"uid":"9c326a844590ed68","status":"passed","time":{"start":1759112331795,"stop":1759112458768,"duration":126973}},{"uid":"8211999241a2e124","status":"passed","time":{"start":1759026015502,"stop":1759026148047,"duration":132545}},{"uid":"a5180a1f9dd9ff29","status":"passed","time":{"start":1758939630758,"stop":1758939763081,"duration":132323}},{"uid":"3330ba1b54f8f3a2","status":"passed","time":{"start":1758852514117,"stop":1758852652186,"duration":138069}},{"uid":"a2d00c48cad6681b","status":"passed","time":{"start":1758766279937,"stop":1758766408695,"duration":128758}},{"uid":"e752f982ae404cd2","status":"passed","time":{"start":1758708155074,"stop":1758708283899,"duration":128825}},{"uid":"239df8805eb0a04b","status":"passed","time":{"start":1758692608585,"stop":1758692733655,"duration":125070}},{"uid":"2782f9ef0652f6d8","status":"passed","time":{"start":1758680339462,"stop":1758680465415,"duration":125953}},{"uid":"282e4c2181cb94bd","status":"passed","time":{"start":1758593580021,"stop":1758593713821,"duration":133800}},{"uid":"a2a93ab9d028304b","status":"passed","time":{"start":1758507197332,"stop":1758507317649,"duration":120317}},{"uid":"cbf9782b1d8a3096","status":"passed","time":{"start":1758420645823,"stop":1758420769676,"duration":123853}},{"uid":"aadee74da8a7c466","status":"passed","time":{"start":1758334374920,"stop":1758334526490,"duration":151570}},{"uid":"f0f42589bd4fc729","status":"passed","time":{"start":1758247859183,"stop":1758247990307,"duration":131124}},{"uid":"a6750578f98e54f6","status":"passed","time":{"start":1758161552063,"stop":1758161684356,"duration":132293}}]},"tags":["asyncio"]},"source":"ad04103455e55d3f.json","parameterValues":[]}