{"uid":"b1b062654319fb15","name":"Switch between organization via UI","fullName":"tests.test_cases.tests_ui.test_organization_structure_setup.TestUIOrganizationStructureSetup#test_switch_org_via_ui","historyId":"814bd6786f5446ef717de2724ce4d521","time":{"start":1768189677054,"stop":1768189688536,"duration":11482},"description":"\n- Login with valid credentials.\n- Create new organization via **API**.\n- Create second organization via UI.\n\n### Verify that:\n\n- User can switch between organizations.\n","descriptionHtml":"<div style='line-height:1.6;'><ul>\n<li>Login with valid credentials.</li>\n<li>Create new organization via <strong>API</strong>.</li>\n<li>Create second organization via UI.</li>\n</ul>\n<h3>Verify that:</h3>\n<ul>\n<li>User can switch between organizations.</li>\n</ul></div>","status":"failed","statusMessage":"AssertionError: [AssertionError] during step: Login via UI\nMessage: [AssertionError] during step: Verify that Welcome new user page displayed\nMessage: Locator expected to be visible\nActual value: None\nError: element(s) not found \nCall log:\n  - Expect \"to_be_visible\" with timeout 5000ms\n  - waiting for locator(\"h3.truncate.text-h3\").filter(has_text=\"Welcome, regression-3nrhmjkzpu@apolo.us\")","statusTrace":"tests/reporting_hooks/reporting.py:49: in wrapper\n    result = await func(*args, **kwargs)\n             ^^^^^^^^^^^^^^^^^^^^^^^^^^^\ntests/test_cases/steps/ui_steps/page_steps_impl/welcome_new_user_page_steps.py:14: in verify_ui_page_displayed\n    assert await self._pm.welcome_new_user_page.is_loaded(email=email), (\n           ^^^^^^^^^^^^^^^^^^^^^^^^^^^^^^^^^^^^^^^^^^^^^^^^^^^^^^^^^^^\ntests/components/ui/pages/onboarding_pages/welcome_new_user_page.py:27: in is_loaded\n    await self._get_welcome_user_message(email).expect_to_be_loaded()\ntests/components/ui/pages/base_element.py:51: in expect_to_be_loaded\n    await expect(self.locator).to_be_visible(timeout=timeout)\nE   AssertionError: Locator expected to be visible\nE   Actual value: None\nE   Error: element(s) not found \nE   Call log:\nE     - Expect \"to_be_visible\" with timeout 5000ms\nE     - waiting for locator(\"h3.truncate.text-h3\").filter(has_text=\"Welcome, regression-3nrhmjkzpu@apolo.us\")\n\nThe above exception was the direct cause of the following exception:\ntests/reporting_hooks/reporting.py:49: in wrapper\n    result = await func(*args, **kwargs)\n             ^^^^^^^^^^^^^^^^^^^^^^^^^^^\ntests/test_cases/steps/ui_steps/ui_steps.py:84: in ui_login\n    await self.welcome_new_user_page.verify_ui_page_displayed(\ntests/reporting_hooks/reporting.py:58: in wrapper\n    raise AssertionError(formatted_msg) from e\nE   AssertionError: [AssertionError] during step: Verify that Welcome new user page displayed\nE   Message: Locator expected to be visible\nE   Actual value: None\nE   Error: element(s) not found \nE   Call log:\nE     - Expect \"to_be_visible\" with timeout 5000ms\nE     - waiting for locator(\"h3.truncate.text-h3\").filter(has_text=\"Welcome, regression-3nrhmjkzpu@apolo.us\")\n\nThe above exception was the direct cause of the following exception:\ntests/test_cases/tests_ui/test_organization_structure_setup.py:91: in test_switch_org_via_ui\n    await steps.ui_login(user)\ntests/reporting_hooks/reporting.py:58: in wrapper\n    raise AssertionError(formatted_msg) from e\nE   AssertionError: [AssertionError] during step: Login via UI\nE   Message: [AssertionError] during step: Verify that Welcome new user page displayed\nE   Message: Locator expected to be visible\nE   Actual value: None\nE   Error: element(s) not found \nE   Call log:\nE     - Expect \"to_be_visible\" with timeout 5000ms\nE     - waiting for locator(\"h3.truncate.text-h3\").filter(has_text=\"Welcome, regression-3nrhmjkzpu@apolo.us\")","flaky":false,"newFailed":false,"newBroken":false,"newPassed":false,"retriesCount":1,"retriesStatusChange":false,"beforeStages":[{"name":"test_config","time":{"start":1768189676362,"stop":1768189676365,"duration":3},"status":"passed","steps":[],"attachments":[],"parameters":[],"shouldDisplayMessage":false,"stepsCount":0,"attachmentsCount":0,"hasContent":false,"attachmentStep":false},{"name":"_function_scoped_runner","time":{"start":1768189676365,"stop":1768189676365,"duration":0},"status":"passed","steps":[],"attachments":[],"parameters":[],"shouldDisplayMessage":false,"stepsCount":0,"attachmentsCount":0,"hasContent":false,"attachmentStep":false},{"name":"page_manager","time":{"start":1768189676365,"stop":1768189677049,"duration":684},"status":"passed","steps":[],"attachments":[],"parameters":[],"shouldDisplayMessage":false,"stepsCount":0,"attachmentsCount":0,"hasContent":false,"attachmentStep":false},{"name":"data_manager","time":{"start":1768189677049,"stop":1768189677050,"duration":1},"status":"passed","steps":[],"attachments":[],"parameters":[],"shouldDisplayMessage":false,"stepsCount":0,"attachmentsCount":0,"hasContent":false,"attachmentStep":false},{"name":"api_helper","time":{"start":1768189677050,"stop":1768189677051,"duration":1},"status":"passed","steps":[],"attachments":[],"parameters":[],"shouldDisplayMessage":false,"stepsCount":0,"attachmentsCount":0,"hasContent":false,"attachmentStep":false},{"name":"users_manager","time":{"start":1768189677050,"stop":1768189677050,"duration":0},"status":"passed","steps":[],"attachments":[],"parameters":[],"shouldDisplayMessage":false,"stepsCount":0,"attachmentsCount":0,"hasContent":false,"attachmentStep":false},{"name":"setup_cleanup","time":{"start":1768189677051,"stop":1768189677052,"duration":1},"status":"passed","steps":[],"attachments":[],"parameters":[],"shouldDisplayMessage":false,"stepsCount":0,"attachmentsCount":0,"hasContent":false,"attachmentStep":false},{"name":"apolo_cli","time":{"start":1768189677051,"stop":1768189677051,"duration":0},"status":"passed","steps":[],"attachments":[],"parameters":[],"shouldDisplayMessage":false,"stepsCount":0,"attachmentsCount":0,"hasContent":false,"attachmentStep":false},{"name":"add_page_manager","time":{"start":1768189677052,"stop":1768189677052,"duration":0},"status":"passed","steps":[],"attachments":[],"parameters":[],"shouldDisplayMessage":false,"stepsCount":0,"attachmentsCount":0,"hasContent":false,"attachmentStep":false},{"name":"setup","time":{"start":1768189677053,"stop":1768189677053,"duration":0},"status":"passed","steps":[],"attachments":[],"parameters":[],"shouldDisplayMessage":false,"stepsCount":0,"attachmentsCount":0,"hasContent":false,"attachmentStep":false},{"name":"_inject_fixtures","time":{"start":1768189677053,"stop":1768189677053,"duration":0},"status":"passed","steps":[],"attachments":[],"parameters":[],"shouldDisplayMessage":false,"stepsCount":0,"attachmentsCount":0,"hasContent":false,"attachmentStep":false}],"testStage":{"description":"\n- Login with valid credentials.\n- Create new organization via **API**.\n- Create second organization via UI.\n\n### Verify that:\n\n- User can switch between organizations.\n","descriptionHtml":"<div style='line-height:1.6;'><ul>\n<li>Login with valid credentials.</li>\n<li>Create new organization via <strong>API</strong>.</li>\n<li>Create second organization via UI.</li>\n</ul>\n<h3>Verify that:</h3>\n<ul>\n<li>User can switch between organizations.</li>\n</ul></div>","status":"failed","statusMessage":"AssertionError: [AssertionError] during step: Login via UI\nMessage: [AssertionError] during step: Verify that Welcome new user page displayed\nMessage: Locator expected to be visible\nActual value: None\nError: element(s) not found \nCall log:\n  - Expect \"to_be_visible\" with timeout 5000ms\n  - waiting for locator(\"h3.truncate.text-h3\").filter(has_text=\"Welcome, regression-3nrhmjkzpu@apolo.us\")","statusTrace":"tests/reporting_hooks/reporting.py:49: in wrapper\n    result = await func(*args, **kwargs)\n             ^^^^^^^^^^^^^^^^^^^^^^^^^^^\ntests/test_cases/steps/ui_steps/page_steps_impl/welcome_new_user_page_steps.py:14: in verify_ui_page_displayed\n    assert await self._pm.welcome_new_user_page.is_loaded(email=email), (\n           ^^^^^^^^^^^^^^^^^^^^^^^^^^^^^^^^^^^^^^^^^^^^^^^^^^^^^^^^^^^\ntests/components/ui/pages/onboarding_pages/welcome_new_user_page.py:27: in is_loaded\n    await self._get_welcome_user_message(email).expect_to_be_loaded()\ntests/components/ui/pages/base_element.py:51: in expect_to_be_loaded\n    await expect(self.locator).to_be_visible(timeout=timeout)\nE   AssertionError: Locator expected to be visible\nE   Actual value: None\nE   Error: element(s) not found \nE   Call log:\nE     - Expect \"to_be_visible\" with timeout 5000ms\nE     - waiting for locator(\"h3.truncate.text-h3\").filter(has_text=\"Welcome, regression-3nrhmjkzpu@apolo.us\")\n\nThe above exception was the direct cause of the following exception:\ntests/reporting_hooks/reporting.py:49: in wrapper\n    result = await func(*args, **kwargs)\n             ^^^^^^^^^^^^^^^^^^^^^^^^^^^\ntests/test_cases/steps/ui_steps/ui_steps.py:84: in ui_login\n    await self.welcome_new_user_page.verify_ui_page_displayed(\ntests/reporting_hooks/reporting.py:58: in wrapper\n    raise AssertionError(formatted_msg) from e\nE   AssertionError: [AssertionError] during step: Verify that Welcome new user page displayed\nE   Message: Locator expected to be visible\nE   Actual value: None\nE   Error: element(s) not found \nE   Call log:\nE     - Expect \"to_be_visible\" with timeout 5000ms\nE     - waiting for locator(\"h3.truncate.text-h3\").filter(has_text=\"Welcome, regression-3nrhmjkzpu@apolo.us\")\n\nThe above exception was the direct cause of the following exception:\ntests/test_cases/tests_ui/test_organization_structure_setup.py:91: in test_switch_org_via_ui\n    await steps.ui_login(user)\ntests/reporting_hooks/reporting.py:58: in wrapper\n    raise AssertionError(formatted_msg) from e\nE   AssertionError: [AssertionError] during step: Login via UI\nE   Message: [AssertionError] during step: Verify that Welcome new user page displayed\nE   Message: Locator expected to be visible\nE   Actual value: None\nE   Error: element(s) not found \nE   Call log:\nE     - Expect \"to_be_visible\" with timeout 5000ms\nE     - waiting for locator(\"h3.truncate.text-h3\").filter(has_text=\"Welcome, regression-3nrhmjkzpu@apolo.us\")","steps":[{"name":"Login via UI","time":{"start":1768189677054,"stop":1768189688535,"duration":11481},"status":"failed","statusMessage":"AssertionError: [AssertionError] during step: Login via UI\nMessage: [AssertionError] during step: Verify that Welcome new user page displayed\nMessage: Locator expected to be visible\nActual value: None\nError: element(s) not found \nCall log:\n  - Expect \"to_be_visible\" with timeout 5000ms\n  - waiting for locator(\"h3.truncate.text-h3\").filter(has_text=\"Welcome, regression-3nrhmjkzpu@apolo.us\")\n\n","statusTrace":"  File \"/home/runner/work/apolo-test-automation/apolo-test-automation/tests/reporting_hooks/reporting.py\", line 58, in wrapper\n    raise AssertionError(formatted_msg) from e\n","steps":[{"name":"Verify that Auth page displayed","time":{"start":1768189677055,"stop":1768189678141,"duration":1086},"status":"passed","steps":[],"attachments":[{"uid":"9b88e5a71e347e90","name":"Page URL","source":"9b88e5a71e347e90.txt","type":"text/plain","size":29},{"uid":"d15f6bdf75f4c421","name":"HTTP 200 - GET config","source":"d15f6bdf75f4c421.txt","type":"text/plain","size":673},{"uid":"9448376267035f3","name":"Screenshot: Verify that Auth page displayed (success)","source":"9448376267035f3.png","type":"image/png","size":88563}],"parameters":[],"shouldDisplayMessage":false,"stepsCount":0,"attachmentsCount":3,"hasContent":true,"attachmentStep":false},{"name":"Click login button","time":{"start":1768189678141,"stop":1768189679146,"duration":1005},"status":"passed","steps":[],"attachments":[{"uid":"91f9695386c77326","name":"Page URL","source":"91f9695386c77326.txt","type":"text/plain","size":33},{"uid":"f319f6581b8d97","name":"Screenshot: Click login button (success)","source":"f319f6581b8d97.png","type":"image/png","size":41989}],"parameters":[],"shouldDisplayMessage":false,"stepsCount":0,"attachmentsCount":2,"hasContent":true,"attachmentStep":false},{"name":"Verify that Login page displayed","time":{"start":1768189679146,"stop":1768189679243,"duration":97},"status":"passed","steps":[],"attachments":[{"uid":"2096da05722caa3f","name":"Page URL","source":"2096da05722caa3f.txt","type":"text/plain","size":215},{"uid":"87fce4d520e56ddc","name":"Screenshot: Verify that Login page displayed (success)","source":"87fce4d520e56ddc.png","type":"image/png","size":41717}],"parameters":[],"shouldDisplayMessage":false,"stepsCount":0,"attachmentsCount":2,"hasContent":true,"attachmentStep":false},{"name":"Enter email","time":{"start":1768189679243,"stop":1768189679562,"duration":319},"status":"passed","steps":[],"attachments":[{"uid":"fcf50221b2702bcf","name":"Page URL","source":"fcf50221b2702bcf.txt","type":"text/plain","size":215},{"uid":"8df1043dcabf0d7a","name":"Screenshot: Enter email (success)","source":"8df1043dcabf0d7a.png","type":"image/png","size":45747}],"parameters":[],"shouldDisplayMessage":false,"stepsCount":0,"attachmentsCount":2,"hasContent":true,"attachmentStep":false},{"name":"Enter password","time":{"start":1768189679562,"stop":1768189679880,"duration":318},"status":"passed","steps":[],"attachments":[{"uid":"38940ab1049a4ec1","name":"Page URL","source":"38940ab1049a4ec1.txt","type":"text/plain","size":215},{"uid":"69bdfaf97166f7d","name":"Screenshot: Enter password (success)","source":"69bdfaf97166f7d.png","type":"image/png","size":45876}],"parameters":[],"shouldDisplayMessage":false,"stepsCount":0,"attachmentsCount":2,"hasContent":true,"attachmentStep":false},{"name":"Click Continue button","time":{"start":1768189679880,"stop":1768189682326,"duration":2446},"status":"passed","steps":[],"attachments":[{"uid":"1396a51249446d54","name":"Page URL","source":"1396a51249446d54.txt","type":"text/plain","size":215},{"uid":"8826d5600132e77d","name":"HTTP 200 - GET config","source":"8826d5600132e77d.txt","type":"text/plain","size":2137},{"uid":"db89fac566f45242","name":"HTTP 200 - GET permissions?uri=blob:","source":"db89fac566f45242.txt","type":"text/plain","size":255},{"uid":"5fd3fbef6b55274e","name":"HTTP 200 - GET regression-org-6bz35fwtmi8w","source":"5fd3fbef6b55274e.txt","type":"text/plain","size":444},{"uid":"98147c9b481faa23","name":"HTTP 200 - GET instances?org=regression-org-6bz35fwtmi8w&project=regression-proj-is7xyw6bze&cluster=default&size=100","source":"98147c9b481faa23.txt","type":"text/plain","size":290},{"uid":"af0c34908801ab97","name":"HTTP 200 - GET regression-3nrhmjkzpu?include=clusters&include=system_role","source":"af0c34908801ab97.txt","type":"text/plain","size":529},{"uid":"570d8bb149e416e5","name":"HTTP 200 - GET incoming","source":"570d8bb149e416e5.txt","type":"text/plain","size":156},{"uid":"37ddc1e729da7ac9","name":"HTTP 200 - GET regression-3nrhmjkzpu?include=orgs","source":"37ddc1e729da7ac9.txt","type":"text/plain","size":474},{"uid":"a43f4a5aed919da2","name":"HTTP 200 - GET templates","source":"a43f4a5aed919da2.txt","type":"text/plain","size":2146},{"uid":"26e1f9c40f07aa31","name":"HTTP 200 - GET instances?org=regression-org-6bz35fwtmi8w&project=regression-proj-is7xyw6bze&cluster=default&size=100","source":"26e1f9c40f07aa31.txt","type":"text/plain","size":290},{"uid":"d7f5ec24328e2ac1","name":"HTTP 200 - GET tags","source":"d7f5ec24328e2ac1.txt","type":"text/plain","size":948},{"uid":"7eadc3dae69ac79a","name":"HTTP 200 - GET templates?page=1&size=50","source":"7eadc3dae69ac79a.txt","type":"text/plain","size":2161},{"uid":"3ed37a7a13d0fa90","name":"Screenshot: Click Continue button (success)","source":"3ed37a7a13d0fa90.png","type":"image/png","size":137711}],"parameters":[],"shouldDisplayMessage":false,"stepsCount":0,"attachmentsCount":13,"hasContent":true,"attachmentStep":false},{"name":"Verify that Welcome new user page displayed","time":{"start":1768189682347,"stop":1768189688451,"duration":6104},"status":"failed","statusMessage":"AssertionError: [AssertionError] during step: Verify that Welcome new user page displayed\nMessage: Locator expected to be visible\nActual value: None\nError: element(s) not found \nCall log:\n  - Expect \"to_be_visible\" with timeout 5000ms\n  - waiting for locator(\"h3.truncate.text-h3\").filter(has_text=\"Welcome, regression-3nrhmjkzpu@apolo.us\")\n\n","statusTrace":"  File \"/home/runner/work/apolo-test-automation/apolo-test-automation/tests/reporting_hooks/reporting.py\", line 58, in wrapper\n    raise AssertionError(formatted_msg) from e\n","steps":[],"attachments":[{"uid":"9b9bd7d4185b400c","name":"Page URL","source":"9b9bd7d4185b400c.txt","type":"text/plain","size":116},{"uid":"aa0ab04fc8b9be6c","name":"Screenshot: Verify that Welcome new user page displayed (fail)","source":"aa0ab04fc8b9be6c.png","type":"image/png","size":152901}],"parameters":[],"shouldDisplayMessage":true,"stepsCount":0,"attachmentsCount":2,"hasContent":true,"attachmentStep":false}],"attachments":[{"uid":"c8a486a1ee72aac7","name":"Page URL","source":"c8a486a1ee72aac7.txt","type":"text/plain","size":29},{"uid":"e7ab9d41b4dba1dd","name":"Screenshot: Login via UI (fail)","source":"e7ab9d41b4dba1dd.png","type":"image/png","size":152901}],"parameters":[],"shouldDisplayMessage":true,"stepsCount":7,"attachmentsCount":28,"hasContent":true,"attachmentStep":false}],"attachments":[{"uid":"a5ab5798a04c4545","name":"log","source":"a5ab5798a04c4545.txt","type":"text/plain","size":42569}],"parameters":[],"shouldDisplayMessage":true,"stepsCount":8,"attachmentsCount":29,"hasContent":true,"attachmentStep":false},"afterStages":[{"name":"add_page_manager::finalizer","time":{"start":1768189688565,"stop":1768189688565,"duration":0},"status":"passed","steps":[],"attachments":[],"parameters":[],"shouldDisplayMessage":false,"stepsCount":0,"attachmentsCount":0,"hasContent":false,"attachmentStep":false},{"name":"setup_cleanup::finalizer","time":{"start":1768189688565,"stop":1768189688565,"duration":0},"status":"passed","steps":[],"attachments":[],"parameters":[],"shouldDisplayMessage":false,"stepsCount":0,"attachmentsCount":0,"hasContent":false,"attachmentStep":false},{"name":"setup_cleanup::finalizer","time":{"start":1768189688565,"stop":1768189693243,"duration":4678},"status":"passed","steps":[{"name":"Post-test cleanup","time":{"start":1768189688566,"stop":1768189693243,"duration":4677},"status":"passed","steps":[{"name":"Delete organisation: regression-org-6bz35fwtmi8w","time":{"start":1768189692610,"stop":1768189693201,"duration":591},"status":"passed","steps":[{"name":"Delete project: regression-proj-is7xyw6bze","time":{"start":1768189692710,"stop":1768189692840,"duration":130},"status":"passed","steps":[],"attachments":[],"parameters":[],"shouldDisplayMessage":false,"stepsCount":0,"attachmentsCount":0,"hasContent":false,"attachmentStep":false}],"attachments":[],"parameters":[],"shouldDisplayMessage":false,"stepsCount":1,"attachmentsCount":0,"hasContent":true,"attachmentStep":false}],"attachments":[],"parameters":[],"shouldDisplayMessage":false,"stepsCount":2,"attachmentsCount":0,"hasContent":true,"attachmentStep":false}],"attachments":[],"parameters":[],"shouldDisplayMessage":false,"stepsCount":3,"attachmentsCount":0,"hasContent":true,"attachmentStep":false},{"name":"api_helper::finalizer","time":{"start":1768189693244,"stop":1768189693244,"duration":0},"status":"passed","steps":[],"attachments":[],"parameters":[],"shouldDisplayMessage":false,"stepsCount":0,"attachmentsCount":0,"hasContent":false,"attachmentStep":false},{"name":"_function_scoped_runner::0","time":{"start":1768189693245,"stop":1768189693246,"duration":1},"status":"passed","steps":[],"attachments":[],"parameters":[],"shouldDisplayMessage":false,"stepsCount":0,"attachmentsCount":0,"hasContent":false,"attachmentStep":false}],"labels":[{"name":"parentSuite","value":"UI Tests"},{"name":"suite","value":"UI Organization Structure Setup"},{"name":"tag","value":"asyncio"},{"name":"subSuite","value":"TestUIOrganizationStructureSetup"},{"name":"host","value":"runnervmi13qx"},{"name":"thread","value":"3017-MainThread"},{"name":"framework","value":"pytest"},{"name":"language","value":"cpython3"},{"name":"package","value":"tests.test_cases.tests_ui.test_organization_structure_setup"},{"name":"resultFormat","value":"allure2"}],"parameters":[],"links":[],"hidden":false,"retry":false,"extra":{"severity":"normal","retries":[{"uid":"57850ee40b4d4251","status":"failed","statusDetails":"AssertionError: [AssertionError] during step: Create first project from main page\nMessage: [TimeoutError] during step: Wait for Create project popup disappear\nMessage: Locator.wait_for: Timeout 60ms exceeded.\nCall log:\n  - waiting for locator(\"h2\").filter(has_text=\"Create Project\") to be detached\n    3 × locator resolved to visible <h2 class=\"p-8 text-h4\">Create Project</h2>\n\nNote: Playwright Timeout. Element not found or action took too long.","time":{"start":1768189636317,"stop":1768189662059,"duration":25742}}],"categories":[{"name":"Product defects","matchedStatuses":[],"flaky":false}],"history":{"statistic":{"failed":81,"broken":0,"skipped":0,"passed":84,"unknown":0,"total":165},"items":[{"uid":"83dd9199a153f8b5","status":"failed","statusDetails":"AssertionError: [AssertionError] during step: Login via UI\nMessage: [AssertionError] during step: Verify that Welcome new user page displayed\nMessage: Locator expected to be visible\nActual value: None\nError: element(s) not found \nCall log:\n  - Expect \"to_be_visible\" with timeout 5000ms\n  - waiting for locator(\"h3.truncate.text-h3\").filter(has_text=\"Welcome, regression-ds4l4z7n4i@apolo.us\")","time":{"start":1768102919833,"stop":1768102931914,"duration":12081}},{"uid":"2f5f7d9a4f9683d8","status":"failed","statusDetails":"AssertionError: [AssertionError] during step: Login via UI\nMessage: [AssertionError] during step: Verify that Welcome new user page displayed\nMessage: Locator expected to be visible\nActual value: None\nError: element(s) not found \nCall log:\n  - Expect \"to_be_visible\" with timeout 5000ms\n  - waiting for locator(\"h3.truncate.text-h3\").filter(has_text=\"Welcome, regression-f9kfjjt7zx@apolo.us\")","time":{"start":1768016121641,"stop":1768016133322,"duration":11681}},{"uid":"d05dc876bdf5aeb0","status":"failed","statusDetails":"AssertionError: [AssertionError] during step: Login via UI\nMessage: [AssertionError] during step: Verify that Welcome new user page displayed\nMessage: Locator expected to be visible\nActual value: None\nError: element(s) not found \nCall log:\n  - Expect \"to_be_visible\" with timeout 5000ms\n  - waiting for locator(\"h3.truncate.text-h3\").filter(has_text=\"Welcome, regression-imkl3c7bf0@apolo.us\")","time":{"start":1767927610219,"stop":1767927623435,"duration":13216}},{"uid":"850f7183d0aebded","status":"failed","statusDetails":"AssertionError: [AssertionError] during step: Login via UI\nMessage: [AssertionError] during step: Verify that Welcome new user page displayed\nMessage: Locator expected to be visible\nActual value: None\nError: element(s) not found \nCall log:\n  - Expect \"to_be_visible\" with timeout 5000ms\n  - waiting for locator(\"h3.truncate.text-h3\").filter(has_text=\"Welcome, regression-2nmuhqfkbf@apolo.us\")","time":{"start":1767842864267,"stop":1767842885871,"duration":21604}},{"uid":"c2f7e36ee7d300db","status":"failed","statusDetails":"AssertionError: [AssertionError] during step: Create first project from main page\nMessage: [TimeoutError] during step: Wait for Create project popup disappear\nMessage: Locator.wait_for: Timeout 60ms exceeded.\nCall log:\n  - waiting for locator(\"h2\").filter(has_text=\"Create Project\") to be detached\n    3 × locator resolved to visible <h2 class=\"p-8 text-h4\">Create Project</h2>\n\nNote: Playwright Timeout. Element not found or action took too long.","time":{"start":1767757075972,"stop":1767757117889,"duration":41917}},{"uid":"70ec65179cc21c98","status":"failed","statusDetails":"AssertionError: [AssertionError] during step: Login via UI\nMessage: [AssertionError] during step: Verify that Welcome new user page displayed\nMessage: Locator expected to be visible\nActual value: None\nError: element(s) not found \nCall log:\n  - Expect \"to_be_visible\" with timeout 5000ms\n  - waiting for locator(\"h3.truncate.text-h3\").filter(has_text=\"Welcome, regression-bw9k7640ke@apolo.us\")","time":{"start":1767672580916,"stop":1767672594107,"duration":13191}},{"uid":"ddb85cc436663e4c","status":"failed","statusDetails":"AssertionError: [AssertionError] during step: Create first project from main page\nMessage: [TimeoutError] during step: Wait for Create project popup disappear\nMessage: Locator.wait_for: Timeout 60ms exceeded.\nCall log:\n  - waiting for locator(\"h2\").filter(has_text=\"Create Project\") to be detached\n    3 × locator resolved to visible <h2 class=\"p-8 text-h4\">Create Project</h2>\n\nNote: Playwright Timeout. Element not found or action took too long.","time":{"start":1767584290706,"stop":1767584330958,"duration":40252}},{"uid":"fc07e46d066ed4cb","status":"failed","statusDetails":"AssertionError: [AssertionError] during step: Login via UI\nMessage: [AssertionError] during step: Verify that Welcome new user page displayed\nMessage: Locator expected to be visible\nActual value: None\nError: element(s) not found \nCall log:\n  - Expect \"to_be_visible\" with timeout 5000ms\n  - waiting for locator(\"h3.truncate.text-h3\").filter(has_text=\"Welcome, regression-ji0674wdj8@apolo.us\")","time":{"start":1767499389735,"stop":1767499401011,"duration":11276}},{"uid":"150fe82e64f70e59","status":"failed","statusDetails":"AssertionError: [AssertionError] during step: Login via UI\nMessage: [AssertionError] during step: Verify that Welcome new user page displayed\nMessage: Locator expected to be visible\nActual value: None\nError: element(s) not found \nCall log:\n  - Expect \"to_be_visible\" with timeout 5000ms\n  - waiting for locator(\"h3.truncate.text-h3\").filter(has_text=\"Welcome, regression-lb0e7o6exj@apolo.us\")","time":{"start":1767412166674,"stop":1767412178077,"duration":11403}},{"uid":"e540038470d79dd3","status":"failed","statusDetails":"AssertionError: [AssertionError] during step: Login via UI\nMessage: [AssertionError] during step: Verify that Welcome new user page displayed\nMessage: Locator expected to be visible\nActual value: None\nError: element(s) not found \nCall log:\n  - Expect \"to_be_visible\" with timeout 5000ms\n  - waiting for locator(\"h3.truncate.text-h3\").filter(has_text=\"Welcome, regression-4vllohtp3w@apolo.us\")","time":{"start":1767325552851,"stop":1767325573762,"duration":20911}},{"uid":"df90b57c8c860c5c","status":"failed","statusDetails":"AssertionError: [AssertionError] during step: Login via UI\nMessage: [AssertionError] during step: Verify that Welcome new user page displayed\nMessage: Locator expected to be visible\nActual value: None\nError: element(s) not found \nCall log:\n  - Expect \"to_be_visible\" with timeout 5000ms\n  - waiting for locator(\"h3.truncate.text-h3\").filter(has_text=\"Welcome, regression-71g6fx0byj@apolo.us\")","time":{"start":1767238455360,"stop":1767238476666,"duration":21306}},{"uid":"a27c78cc0097a478","status":"failed","statusDetails":"AssertionError: [AssertionError] during step: Login via UI\nMessage: [AssertionError] during step: Verify that Welcome new user page displayed\nMessage: Locator expected to be visible\nActual value: None\nError: element(s) not found \nCall log:\n  - Expect \"to_be_visible\" with timeout 5000ms\n  - waiting for locator(\"h3.truncate.text-h3\").filter(has_text=\"Welcome, regression-lzuboj0efb@apolo.us\")","time":{"start":1767152627681,"stop":1767152639345,"duration":11664}},{"uid":"e65391212407bab4","status":"failed","statusDetails":"AssertionError: [AssertionError] during step: Create first project from main page\nMessage: [TimeoutError] during step: Wait for Create project popup disappear\nMessage: Locator.wait_for: Timeout 60ms exceeded.\nCall log:\n  - waiting for locator(\"h2\").filter(has_text=\"Create Project\") to be detached\n    3 × locator resolved to visible <h2 class=\"p-8 text-h4\">Create Project</h2>\n\nNote: Playwright Timeout. Element not found or action took too long.","time":{"start":1767067171140,"stop":1767067199829,"duration":28689}},{"uid":"3fe1a3b8c526cbba","status":"failed","statusDetails":"AssertionError: [AssertionError] during step: Login via UI\nMessage: [AssertionError] during step: Verify that Welcome new user page displayed\nMessage: Locator expected to be visible\nActual value: None\nError: element(s) not found \nCall log:\n  - Expect \"to_be_visible\" with timeout 5000ms\n  - waiting for locator(\"h3.truncate.text-h3\").filter(has_text=\"Welcome, regression-kfeo1nvrsq@apolo.us\")","time":{"start":1766979357850,"stop":1766979368992,"duration":11142}},{"uid":"b79ead043a50e99","status":"failed","statusDetails":"AssertionError: [AssertionError] during step: Login via UI\nMessage: [AssertionError] during step: Verify that Welcome new user page displayed\nMessage: Locator expected to be visible\nActual value: None\nError: element(s) not found \nCall log:\n  - Expect \"to_be_visible\" with timeout 5000ms\n  - waiting for locator(\"h3.truncate.text-h3\").filter(has_text=\"Welcome, regression-70qyc9apv7@apolo.us\")","time":{"start":1766893142776,"stop":1766893154341,"duration":11565}},{"uid":"2c4f0f3f3bf3d52b","status":"failed","statusDetails":"AssertionError: [AssertionError] during step: Login via UI\nMessage: [AssertionError] during step: Verify that Welcome new user page displayed\nMessage: Locator expected to be visible\nActual value: None\nError: element(s) not found \nCall log:\n  - Expect \"to_be_visible\" with timeout 5000ms\n  - waiting for locator(\"h3.truncate.text-h3\").filter(has_text=\"Welcome, regression-o1r54iwm9m@apolo.us\")","time":{"start":1766807448970,"stop":1766807460677,"duration":11707}},{"uid":"81b272110701c43c","status":"failed","statusDetails":"AssertionError: [AssertionError] during step: Login via UI\nMessage: [AssertionError] during step: Verify that Welcome new user page displayed\nMessage: Locator expected to be visible\nActual value: None\nError: element(s) not found \nCall log:\n  - Expect \"to_be_visible\" with timeout 5000ms\n  - waiting for locator(\"h3.truncate.text-h3\").filter(has_text=\"Welcome, regression-2vl0ma7cdk@apolo.us\")","time":{"start":1766721893492,"stop":1766721915122,"duration":21630}},{"uid":"7aed981ac2fa8850","status":"failed","statusDetails":"AssertionError: [AssertionError] during step: Login via UI\nMessage: [AssertionError] during step: Verify that Welcome new user page displayed\nMessage: Locator expected to be visible\nActual value: None\nError: element(s) not found \nCall log:\n  - Expect \"to_be_visible\" with timeout 5000ms\n  - waiting for locator(\"h3.truncate.text-h3\").filter(has_text=\"Welcome, regression-6e6p0ilahi@apolo.us\")","time":{"start":1766634240986,"stop":1766634252437,"duration":11451}},{"uid":"467bb429a883c095","status":"failed","statusDetails":"AssertionError: [AssertionError] during step: Login via UI\nMessage: [AssertionError] during step: Verify that Welcome new user page displayed\nMessage: Locator expected to be visible\nActual value: None\nError: element(s) not found \nCall log:\n  - Expect \"to_be_visible\" with timeout 5000ms\n  - waiting for locator(\"h3.truncate.text-h3\").filter(has_text=\"Welcome, regression-b70nzu43i4@apolo.us\")","time":{"start":1766549307502,"stop":1766549328786,"duration":21284}},{"uid":"32bb3ff6f80eac2a","status":"failed","statusDetails":"AssertionError: [AssertionError] during step: Login via UI\nMessage: [AssertionError] during step: Verify that Welcome new user page displayed\nMessage: Locator expected to be visible\nActual value: None\nError: element(s) not found \nCall log:\n  - Expect \"to_be_visible\" with timeout 5000ms\n  - waiting for locator(\"h3.truncate.text-h3\").filter(has_text=\"Welcome, regression-lnn1vxxcct@apolo.us\")","time":{"start":1766460879885,"stop":1766460891434,"duration":11549}}]},"tags":["asyncio"]},"source":"b1b062654319fb15.json","parameterValues":[]}