{"uid":"b1d4f019dbb351ce","name":"Admin create first disk via CLI","fullName":"tests.test_cases.tests_cli.test_disks.TestCLIDisks#test_admin_create_first_disk_cli","historyId":"de4dde504b2f3f9c84ded3a7a503cb06","time":{"start":1761132062577,"stop":1761132137624,"duration":75047},"description":"\n- Login with valid credentials via **UI**.\n- Get Bearer auth token from Playwright local storage.\n- Create new organization via **API**.\n- Create new project via **API**.\n- Login with Bearer auth token via **CLI**.\n\n### Verify that:\n\n- User can create disk via **CLI**.\n","descriptionHtml":"<div style='line-height:1.6;'><ul>\n<li>Login with valid credentials via <strong>UI</strong>.</li>\n<li>Get Bearer auth token from Playwright local storage.</li>\n<li>Create new organization via <strong>API</strong>.</li>\n<li>Create new project via <strong>API</strong>.</li>\n<li>Login with Bearer auth token via <strong>CLI</strong>.</li>\n</ul>\n<h3>Verify that:</h3>\n<ul>\n<li>User can create disk via <strong>CLI</strong>.</li>\n</ul></div>","status":"failed","statusMessage":"AssertionError: [AssertionError] during step: Login via UI\nMessage: [TimeoutError] during step: Click login button\nMessage: Element not ready for click after 10000ms: <Locator frame=<Frame name= url='about:blank'> selector=\"button:text('Log in')\">\nLast error: Locator.wait_for: Timeout 500ms exceeded.\nCall log:\n  - waiting for locator(\"button:text('Log in')\")\n    - waiting for\" https://console.dev.apolo.us/\" navigation to finish...","statusTrace":"tests/reporting_hooks/reporting.py:49: in wrapper\n    result = await func(*args, **kwargs)\n             ^^^^^^^^^^^^^^^^^^^^^^^^^^^\ntests/test_cases/steps/ui_steps/page_steps_impl/auth_page_steps.py:22: in ui_click_login_button\n    await self._pm.auth_page.click_log_in_button()\ntests/components/ui/pages/auth_page.py:25: in click_log_in_button\n    await self._log_in_button.click()\ntests/components/ui/pages/base_element.py:90: in click\n    raise TimeoutError(\nE   TimeoutError: Element not ready for click after 10000ms: <Locator frame=<Frame name= url='about:blank'> selector=\"button:text('Log in')\">\nE   Last error: Locator.wait_for: Timeout 500ms exceeded.\nE   Call log:\nE     - waiting for locator(\"button:text('Log in')\")\nE       - waiting for\" https://console.dev.apolo.us/\" navigation to finish...\n\nThe above exception was the direct cause of the following exception:\ntests/reporting_hooks/reporting.py:49: in wrapper\n    result = await func(*args, **kwargs)\n             ^^^^^^^^^^^^^^^^^^^^^^^^^^^\ntests/test_cases/steps/ui_steps/ui_steps.py:73: in ui_login\n    await self.auth_page.ui_click_login_button()\ntests/reporting_hooks/reporting.py:58: in wrapper\n    raise AssertionError(formatted_msg) from e\nE   AssertionError: [TimeoutError] during step: Click login button\nE   Message: Element not ready for click after 10000ms: <Locator frame=<Frame name= url='about:blank'> selector=\"button:text('Log in')\">\nE   Last error: Locator.wait_for: Timeout 500ms exceeded.\nE   Call log:\nE     - waiting for locator(\"button:text('Log in')\")\nE       - waiting for\" https://console.dev.apolo.us/\" navigation to finish...\n\nThe above exception was the direct cause of the following exception:\ntests/test_cases/tests_cli/test_disks.py:66: in test_admin_create_first_disk_cli\n    await self._ui_steps.ui_login(user=user)\ntests/reporting_hooks/reporting.py:58: in wrapper\n    raise AssertionError(formatted_msg) from e\nE   AssertionError: [AssertionError] during step: Login via UI\nE   Message: [TimeoutError] during step: Click login button\nE   Message: Element not ready for click after 10000ms: <Locator frame=<Frame name= url='about:blank'> selector=\"button:text('Log in')\">\nE   Last error: Locator.wait_for: Timeout 500ms exceeded.\nE   Call log:\nE     - waiting for locator(\"button:text('Log in')\")\nE       - waiting for\" https://console.dev.apolo.us/\" navigation to finish...","flaky":false,"newFailed":false,"newBroken":false,"newPassed":false,"retriesCount":0,"retriesStatusChange":false,"beforeStages":[{"name":"pytestconfig","time":{"start":1761117879479,"stop":1761117879479,"duration":0},"status":"passed","steps":[],"attachments":[],"parameters":[],"shouldDisplayMessage":false,"stepsCount":0,"attachmentsCount":0,"hasContent":false,"attachmentStep":false},{"name":"_verify_url","time":{"start":1761117879479,"stop":1761117879479,"duration":0},"status":"passed","steps":[],"attachments":[],"parameters":[],"shouldDisplayMessage":false,"stepsCount":0,"attachmentsCount":0,"hasContent":false,"attachmentStep":false},{"name":"base_url","time":{"start":1761117879479,"stop":1761117879479,"duration":0},"status":"passed","steps":[],"attachments":[],"parameters":[],"shouldDisplayMessage":false,"stepsCount":0,"attachmentsCount":0,"hasContent":false,"attachmentStep":false},{"name":"delete_output_dir","time":{"start":1761117879479,"stop":1761117879479,"duration":0},"status":"passed","steps":[],"attachments":[],"parameters":[],"shouldDisplayMessage":false,"stepsCount":0,"attachmentsCount":0,"hasContent":false,"attachmentStep":false},{"name":"event_loop_policy","time":{"start":1761117879479,"stop":1761117879479,"duration":0},"status":"passed","steps":[],"attachments":[],"parameters":[],"shouldDisplayMessage":false,"stepsCount":0,"attachmentsCount":0,"hasContent":false,"attachmentStep":false},{"name":"delay_worker_start","time":{"start":1761117879480,"stop":1761117894480,"duration":15000},"status":"passed","steps":[],"attachments":[],"parameters":[],"shouldDisplayMessage":false,"stepsCount":0,"attachmentsCount":0,"hasContent":false,"attachmentStep":false},{"name":"ensure_storage_directories","time":{"start":1761117894480,"stop":1761117894480,"duration":0},"status":"passed","steps":[],"attachments":[],"parameters":[],"shouldDisplayMessage":false,"stepsCount":0,"attachmentsCount":0,"hasContent":false,"attachmentStep":false},{"name":"test_config","time":{"start":1761132001666,"stop":1761132001670,"duration":4},"status":"passed","steps":[],"attachments":[],"parameters":[],"shouldDisplayMessage":false,"stepsCount":0,"attachmentsCount":0,"hasContent":false,"attachmentStep":false},{"name":"page_manager","time":{"start":1761132001670,"stop":1761132062078,"duration":60408},"status":"passed","steps":[],"attachments":[],"parameters":[],"shouldDisplayMessage":false,"stepsCount":0,"attachmentsCount":0,"hasContent":false,"attachmentStep":false},{"name":"_function_scoped_runner","time":{"start":1761132001670,"stop":1761132001670,"duration":0},"status":"passed","steps":[],"attachments":[],"parameters":[],"shouldDisplayMessage":false,"stepsCount":0,"attachmentsCount":0,"hasContent":false,"attachmentStep":false},{"name":"data_manager","time":{"start":1761132062078,"stop":1761132062078,"duration":0},"status":"passed","steps":[],"attachments":[],"parameters":[],"shouldDisplayMessage":false,"stepsCount":0,"attachmentsCount":0,"hasContent":false,"attachmentStep":false},{"name":"apolo_cli","time":{"start":1761132062078,"stop":1761132062079,"duration":1},"status":"passed","steps":[],"attachments":[],"parameters":[],"shouldDisplayMessage":false,"stepsCount":0,"attachmentsCount":0,"hasContent":false,"attachmentStep":false},{"name":"api_helper","time":{"start":1761132062078,"stop":1761132062078,"duration":0},"status":"passed","steps":[],"attachments":[],"parameters":[],"shouldDisplayMessage":false,"stepsCount":0,"attachmentsCount":0,"hasContent":false,"attachmentStep":false},{"name":"users_manager","time":{"start":1761132062078,"stop":1761132062078,"duration":0},"status":"passed","steps":[],"attachments":[],"parameters":[],"shouldDisplayMessage":false,"stepsCount":0,"attachmentsCount":0,"hasContent":false,"attachmentStep":false},{"name":"setup_cleanup","time":{"start":1761132062079,"stop":1761132062079,"duration":0},"status":"passed","steps":[],"attachments":[],"parameters":[],"shouldDisplayMessage":false,"stepsCount":0,"attachmentsCount":0,"hasContent":false,"attachmentStep":false},{"name":"_inject_fixtures","time":{"start":1761132062079,"stop":1761132062080,"duration":1},"status":"passed","steps":[],"attachments":[],"parameters":[],"shouldDisplayMessage":false,"stepsCount":0,"attachmentsCount":0,"hasContent":false,"attachmentStep":false},{"name":"add_page_manager","time":{"start":1761132062079,"stop":1761132062079,"duration":0},"status":"passed","steps":[],"attachments":[],"parameters":[],"shouldDisplayMessage":false,"stepsCount":0,"attachmentsCount":0,"hasContent":false,"attachmentStep":false},{"name":"setup","time":{"start":1761132062080,"stop":1761132062577,"duration":497},"status":"passed","steps":[{"name":"Verify Apolo CLI client is installed","time":{"start":1761132062080,"stop":1761132062576,"duration":496},"status":"passed","steps":[],"attachments":[{"uid":"5f09d522f08dd6e8","name":"Executed CLI command","source":"5f09d522f08dd6e8.txt","type":"text/plain","size":15},{"uid":"2fde35dac7dbc437","name":"Executed CLI command output","source":"2fde35dac7dbc437.txt","type":"text/plain","size":28}],"parameters":[],"shouldDisplayMessage":false,"stepsCount":0,"attachmentsCount":2,"hasContent":true,"attachmentStep":false}],"attachments":[],"parameters":[],"shouldDisplayMessage":false,"stepsCount":1,"attachmentsCount":2,"hasContent":true,"attachmentStep":false}],"testStage":{"description":"\n- Login with valid credentials via **UI**.\n- Get Bearer auth token from Playwright local storage.\n- Create new organization via **API**.\n- Create new project via **API**.\n- Login with Bearer auth token via **CLI**.\n\n### Verify that:\n\n- User can create disk via **CLI**.\n","descriptionHtml":"<div style='line-height:1.6;'><ul>\n<li>Login with valid credentials via <strong>UI</strong>.</li>\n<li>Get Bearer auth token from Playwright local storage.</li>\n<li>Create new organization via <strong>API</strong>.</li>\n<li>Create new project via <strong>API</strong>.</li>\n<li>Login with Bearer auth token via <strong>CLI</strong>.</li>\n</ul>\n<h3>Verify that:</h3>\n<ul>\n<li>User can create disk via <strong>CLI</strong>.</li>\n</ul></div>","status":"failed","statusMessage":"AssertionError: [AssertionError] during step: Login via UI\nMessage: [TimeoutError] during step: Click login button\nMessage: Element not ready for click after 10000ms: <Locator frame=<Frame name= url='about:blank'> selector=\"button:text('Log in')\">\nLast error: Locator.wait_for: Timeout 500ms exceeded.\nCall log:\n  - waiting for locator(\"button:text('Log in')\")\n    - waiting for\" https://console.dev.apolo.us/\" navigation to finish...","statusTrace":"tests/reporting_hooks/reporting.py:49: in wrapper\n    result = await func(*args, **kwargs)\n             ^^^^^^^^^^^^^^^^^^^^^^^^^^^\ntests/test_cases/steps/ui_steps/page_steps_impl/auth_page_steps.py:22: in ui_click_login_button\n    await self._pm.auth_page.click_log_in_button()\ntests/components/ui/pages/auth_page.py:25: in click_log_in_button\n    await self._log_in_button.click()\ntests/components/ui/pages/base_element.py:90: in click\n    raise TimeoutError(\nE   TimeoutError: Element not ready for click after 10000ms: <Locator frame=<Frame name= url='about:blank'> selector=\"button:text('Log in')\">\nE   Last error: Locator.wait_for: Timeout 500ms exceeded.\nE   Call log:\nE     - waiting for locator(\"button:text('Log in')\")\nE       - waiting for\" https://console.dev.apolo.us/\" navigation to finish...\n\nThe above exception was the direct cause of the following exception:\ntests/reporting_hooks/reporting.py:49: in wrapper\n    result = await func(*args, **kwargs)\n             ^^^^^^^^^^^^^^^^^^^^^^^^^^^\ntests/test_cases/steps/ui_steps/ui_steps.py:73: in ui_login\n    await self.auth_page.ui_click_login_button()\ntests/reporting_hooks/reporting.py:58: in wrapper\n    raise AssertionError(formatted_msg) from e\nE   AssertionError: [TimeoutError] during step: Click login button\nE   Message: Element not ready for click after 10000ms: <Locator frame=<Frame name= url='about:blank'> selector=\"button:text('Log in')\">\nE   Last error: Locator.wait_for: Timeout 500ms exceeded.\nE   Call log:\nE     - waiting for locator(\"button:text('Log in')\")\nE       - waiting for\" https://console.dev.apolo.us/\" navigation to finish...\n\nThe above exception was the direct cause of the following exception:\ntests/test_cases/tests_cli/test_disks.py:66: in test_admin_create_first_disk_cli\n    await self._ui_steps.ui_login(user=user)\ntests/reporting_hooks/reporting.py:58: in wrapper\n    raise AssertionError(formatted_msg) from e\nE   AssertionError: [AssertionError] during step: Login via UI\nE   Message: [TimeoutError] during step: Click login button\nE   Message: Element not ready for click after 10000ms: <Locator frame=<Frame name= url='about:blank'> selector=\"button:text('Log in')\">\nE   Last error: Locator.wait_for: Timeout 500ms exceeded.\nE   Call log:\nE     - waiting for locator(\"button:text('Log in')\")\nE       - waiting for\" https://console.dev.apolo.us/\" navigation to finish...","steps":[{"name":"Login via UI","time":{"start":1761132062577,"stop":1761132137623,"duration":75046},"status":"failed","statusMessage":"AssertionError: [AssertionError] during step: Login via UI\nMessage: [TimeoutError] during step: Click login button\nMessage: Element not ready for click after 10000ms: <Locator frame=<Frame name= url='about:blank'> selector=\"button:text('Log in')\">\nLast error: Locator.wait_for: Timeout 500ms exceeded.\nCall log:\n  - waiting for locator(\"button:text('Log in')\")\n    - waiting for\" https://console.dev.apolo.us/\" navigation to finish...\n\n","statusTrace":"  File \"/home/runner/work/apolo-test-automation/apolo-test-automation/tests/reporting_hooks/reporting.py\", line 58, in wrapper\n    raise AssertionError(formatted_msg) from e\n","steps":[{"name":"Click login button","time":{"start":1761132062578,"stop":1761132122773,"duration":60195},"status":"failed","statusMessage":"AssertionError: [TimeoutError] during step: Click login button\nMessage: Element not ready for click after 10000ms: <Locator frame=<Frame name= url='about:blank'> selector=\"button:text('Log in')\">\nLast error: Locator.wait_for: Timeout 500ms exceeded.\nCall log:\n  - waiting for locator(\"button:text('Log in')\")\n    - waiting for\" https://console.dev.apolo.us/\" navigation to finish...\n\n","statusTrace":"  File \"/home/runner/work/apolo-test-automation/apolo-test-automation/tests/reporting_hooks/reporting.py\", line 58, in wrapper\n    raise AssertionError(formatted_msg) from e\n","steps":[],"attachments":[{"uid":"51670722e8dd1d06","name":"Page URL","source":"51670722e8dd1d06.txt","type":"text/plain","size":11}],"parameters":[],"shouldDisplayMessage":true,"stepsCount":0,"attachmentsCount":1,"hasContent":true,"attachmentStep":false}],"attachments":[{"uid":"2195f65c3938a650","name":"Page URL","source":"2195f65c3938a650.txt","type":"text/plain","size":11},{"uid":"77fed5b02fe4c313","name":"Screenshot: Login via UI (fail)","source":"77fed5b02fe4c313.png","type":"image/png","size":12632}],"parameters":[],"shouldDisplayMessage":true,"stepsCount":1,"attachmentsCount":3,"hasContent":true,"attachmentStep":false}],"attachments":[{"uid":"43792f1bff8b5bb2","name":"log","source":"43792f1bff8b5bb2.txt","type":"text/plain","size":16426}],"parameters":[],"shouldDisplayMessage":true,"stepsCount":2,"attachmentsCount":4,"hasContent":true,"attachmentStep":false},"afterStages":[{"name":"setup_cleanup::finalizer","time":{"start":1761132137653,"stop":1761132137653,"duration":0},"status":"passed","steps":[],"attachments":[],"parameters":[],"shouldDisplayMessage":false,"stepsCount":0,"attachmentsCount":0,"hasContent":false,"attachmentStep":false},{"name":"setup_cleanup::finalizer","time":{"start":1761132137653,"stop":1761132141617,"duration":3964},"status":"passed","steps":[{"name":"Post-test cleanup","time":{"start":1761132137653,"stop":1761132141617,"duration":3964},"status":"passed","steps":[],"attachments":[{"uid":"f6bd4965655403b4","name":"HTTP 200 - GET config","source":"f6bd4965655403b4.txt","type":"text/plain","size":673},{"uid":"d511a36e7591490e","name":"Cleanup note","source":"d511a36e7591490e.txt","type":"text/plain","size":29}],"parameters":[],"shouldDisplayMessage":false,"stepsCount":0,"attachmentsCount":2,"hasContent":true,"attachmentStep":false}],"attachments":[],"parameters":[],"shouldDisplayMessage":false,"stepsCount":1,"attachmentsCount":2,"hasContent":true,"attachmentStep":false},{"name":"add_page_manager::finalizer","time":{"start":1761132137653,"stop":1761132137653,"duration":0},"status":"passed","steps":[],"attachments":[],"parameters":[],"shouldDisplayMessage":false,"stepsCount":0,"attachmentsCount":0,"hasContent":false,"attachmentStep":false},{"name":"api_helper::finalizer","time":{"start":1761132141617,"stop":1761132141618,"duration":1},"status":"passed","steps":[],"attachments":[],"parameters":[],"shouldDisplayMessage":false,"stepsCount":0,"attachmentsCount":0,"hasContent":false,"attachmentStep":false},{"name":"_function_scoped_runner::0","time":{"start":1761132141619,"stop":1761132141619,"duration":0},"status":"passed","steps":[],"attachments":[],"parameters":[],"shouldDisplayMessage":false,"stepsCount":0,"attachmentsCount":0,"hasContent":false,"attachmentStep":false}],"labels":[{"name":"parentSuite","value":"CLI Tests"},{"name":"suite","value":"CLI Disks"},{"name":"tag","value":"asyncio"},{"name":"subSuite","value":"TestCLIDisks"},{"name":"host","value":"runnervmwhb2z"},{"name":"thread","value":"3601-MainThread"},{"name":"framework","value":"pytest"},{"name":"language","value":"cpython3"},{"name":"package","value":"tests.test_cases.tests_cli.test_disks"},{"name":"resultFormat","value":"allure2"}],"parameters":[],"links":[],"hidden":true,"retry":true,"extra":{"categories":[],"tags":["asyncio"]},"source":"b1d4f019dbb351ce.json","parameterValues":[]}