{"uid":"b60229d402ee249c","name":"New user successful login","fullName":"tests.test_cases.tests_ui.test_ui_login.TestUILogin#test_new_user_login","historyId":"f3cf3011fc9c980d41bad2e95c8e1524","time":{"start":1759116597945,"stop":1759116597945,"duration":0},"description":"\n### Verify that:\n\n- User can login with valid credentials.\n","descriptionHtml":"<div style='line-height:1.6;'><h3>Verify that:</h3>\n<ul>\n<li>User can login with valid credentials.</li>\n</ul></div>","status":"failed","statusMessage":"AssertionError: [AssertionError] during step: Signup new user via UI and activate email verification link\nMessage: [AssertionError] during step: Verify that Verify email message displayed\nMessage: Verify email message should be displayed!","statusTrace":"tests/reporting_hooks/reporting.py:49: in wrapper\n    result = await func(*args, **kwargs)\n             ^^^^^^^^^^^^^^^^^^^^^^^^^^^\ntests/test_cases/steps/ui_steps/page_steps_impl/main_page_steps.py:21: in verify_ui_email_message_displayed\n    assert await self._pm.main_page.is_verify_email_message_displayed(), (\n           ^^^^^^^^^^^^^^^^^^^^^^^^^^^^^^^^^^^^^^^^^^^^^^^^^^^^^^^^^^^^\nE   AssertionError: Verify email message should be displayed!\n\nThe above exception was the direct cause of the following exception:\ntests/reporting_hooks/reporting.py:49: in wrapper\n    result = await func(*args, **kwargs)\n             ^^^^^^^^^^^^^^^^^^^^^^^^^^^\ntests/test_cases/steps/ui_steps/ui_steps.py:118: in ui_signup_new_user_ver_link\n    await self.main_page.verify_ui_email_message_displayed()\ntests/reporting_hooks/reporting.py:58: in wrapper\n    raise AssertionError(formatted_msg) from e\nE   AssertionError: [AssertionError] during step: Verify that Verify email message displayed\nE   Message: Verify email message should be displayed!\n\nThe above exception was the direct cause of the following exception:\ntests/test_cases/tests_ui/test_ui_login.py:17: in setup\n    user = await steps.ui_signup_new_user_ver_link()\n           ^^^^^^^^^^^^^^^^^^^^^^^^^^^^^^^^^^^^^^^^^\ntests/reporting_hooks/reporting.py:58: in wrapper\n    raise AssertionError(formatted_msg) from e\nE   AssertionError: [AssertionError] during step: Signup new user via UI and activate email verification link\nE   Message: [AssertionError] during step: Verify that Verify email message displayed\nE   Message: Verify email message should be displayed!","flaky":false,"newFailed":false,"newBroken":false,"newPassed":false,"retriesCount":0,"retriesStatusChange":false,"beforeStages":[{"name":"event_loop_policy","time":{"start":1759109588515,"stop":1759109588515,"duration":0},"status":"passed","steps":[],"attachments":[],"parameters":[],"shouldDisplayMessage":false,"stepsCount":0,"attachmentsCount":0,"hasContent":false,"attachmentStep":false},{"name":"base_url","time":{"start":1759109588515,"stop":1759109588515,"duration":0},"status":"passed","steps":[],"attachments":[],"parameters":[],"shouldDisplayMessage":false,"stepsCount":0,"attachmentsCount":0,"hasContent":false,"attachmentStep":false},{"name":"delete_output_dir","time":{"start":1759109588515,"stop":1759109588515,"duration":0},"status":"passed","steps":[],"attachments":[],"parameters":[],"shouldDisplayMessage":false,"stepsCount":0,"attachmentsCount":0,"hasContent":false,"attachmentStep":false},{"name":"_verify_url","time":{"start":1759109588515,"stop":1759109588515,"duration":0},"status":"passed","steps":[],"attachments":[],"parameters":[],"shouldDisplayMessage":false,"stepsCount":0,"attachmentsCount":0,"hasContent":false,"attachmentStep":false},{"name":"pytestconfig","time":{"start":1759109588515,"stop":1759109588515,"duration":0},"status":"passed","steps":[],"attachments":[],"parameters":[],"shouldDisplayMessage":false,"stepsCount":0,"attachmentsCount":0,"hasContent":false,"attachmentStep":false},{"name":"delay_worker_start","time":{"start":1759109588515,"stop":1759109603516,"duration":15001},"status":"passed","steps":[],"attachments":[],"parameters":[],"shouldDisplayMessage":false,"stepsCount":0,"attachmentsCount":0,"hasContent":false,"attachmentStep":false},{"name":"ensure_storage_directories","time":{"start":1759109603516,"stop":1759109603516,"duration":0},"status":"passed","steps":[],"attachments":[],"parameters":[],"shouldDisplayMessage":false,"stepsCount":0,"attachmentsCount":0,"hasContent":false,"attachmentStep":false},{"name":"test_config","time":{"start":1759116597946,"stop":1759116597949,"duration":3},"status":"passed","steps":[],"attachments":[],"parameters":[],"shouldDisplayMessage":false,"stepsCount":0,"attachmentsCount":0,"hasContent":false,"attachmentStep":false},{"name":"_function_scoped_runner","time":{"start":1759116597949,"stop":1759116597949,"duration":0},"status":"passed","steps":[],"attachments":[],"parameters":[],"shouldDisplayMessage":false,"stepsCount":0,"attachmentsCount":0,"hasContent":false,"attachmentStep":false},{"name":"page_manager","time":{"start":1759116597949,"stop":1759116600430,"duration":2481},"status":"passed","steps":[],"attachments":[{"uid":"89878f9d5b566aef","name":"HTTP 200 - GET config","source":"89878f9d5b566aef.txt","type":"text/plain","size":654}],"parameters":[],"shouldDisplayMessage":false,"stepsCount":0,"attachmentsCount":1,"hasContent":true,"attachmentStep":false},{"name":"api_helper","time":{"start":1759116600430,"stop":1759116600430,"duration":0},"status":"passed","steps":[],"attachments":[],"parameters":[],"shouldDisplayMessage":false,"stepsCount":0,"attachmentsCount":0,"hasContent":false,"attachmentStep":false},{"name":"users_manager","time":{"start":1759116600430,"stop":1759116600430,"duration":0},"status":"passed","steps":[],"attachments":[],"parameters":[],"shouldDisplayMessage":false,"stepsCount":0,"attachmentsCount":0,"hasContent":false,"attachmentStep":false},{"name":"data_manager","time":{"start":1759116600430,"stop":1759116600430,"duration":0},"status":"passed","steps":[],"attachments":[],"parameters":[],"shouldDisplayMessage":false,"stepsCount":0,"attachmentsCount":0,"hasContent":false,"attachmentStep":false},{"name":"setup_cleanup","time":{"start":1759116600431,"stop":1759116600431,"duration":0},"status":"passed","steps":[],"attachments":[],"parameters":[],"shouldDisplayMessage":false,"stepsCount":0,"attachmentsCount":0,"hasContent":false,"attachmentStep":false},{"name":"apolo_cli","time":{"start":1759116600431,"stop":1759116600431,"duration":0},"status":"passed","steps":[],"attachments":[],"parameters":[],"shouldDisplayMessage":false,"stepsCount":0,"attachmentsCount":0,"hasContent":false,"attachmentStep":false},{"name":"add_page_manager","time":{"start":1759116600431,"stop":1759116600431,"duration":0},"status":"passed","steps":[],"attachments":[],"parameters":[],"shouldDisplayMessage":false,"stepsCount":0,"attachmentsCount":0,"hasContent":false,"attachmentStep":false},{"name":"setup","time":{"start":1759116600432,"stop":1759116616858,"duration":16426},"status":"failed","statusMessage":"AssertionError: [AssertionError] during step: Signup new user via UI and activate email verification link\nMessage: [AssertionError] during step: Verify that Verify email message displayed\nMessage: Verify email message should be displayed!\n","statusTrace":"  File \"/home/runner/work/apolo-test-automation/apolo-test-automation/.venv/lib/python3.13/site-packages/pluggy/_callers.py\", line 38, in run_old_style_hookwrapper\n    res = yield\n          ^^^^^\n  File \"/home/runner/work/apolo-test-automation/apolo-test-automation/.venv/lib/python3.13/site-packages/pluggy/_callers.py\", line 139, in _multicall\n    teardown.throw(exception)\n    ~~~~~~~~~~~~~~^^^^^^^^^^^\n  File \"/home/runner/work/apolo-test-automation/apolo-test-automation/.venv/lib/python3.13/site-packages/pytest_asyncio/plugin.py\", line 748, in pytest_fixture_setup\n    hook_result = yield\n                  ^^^^^\n  File \"/home/runner/work/apolo-test-automation/apolo-test-automation/.venv/lib/python3.13/site-packages/pluggy/_callers.py\", line 139, in _multicall\n    teardown.throw(exception)\n    ~~~~~~~~~~~~~~^^^^^^^^^^^\n  File \"/home/runner/work/apolo-test-automation/apolo-test-automation/.venv/lib/python3.13/site-packages/_pytest/setuponly.py\", line 36, in pytest_fixture_setup\n    return (yield)\n            ^^^^^\n  File \"/home/runner/work/apolo-test-automation/apolo-test-automation/.venv/lib/python3.13/site-packages/pluggy/_callers.py\", line 121, in _multicall\n    res = hook_impl.function(*args)\n  File \"/home/runner/work/apolo-test-automation/apolo-test-automation/.venv/lib/python3.13/site-packages/_pytest/fixtures.py\", line 1196, in pytest_fixture_setup\n    result = call_fixture_func(fixturefunc, request, kwargs)\n  File \"/home/runner/work/apolo-test-automation/apolo-test-automation/.venv/lib/python3.13/site-packages/_pytest/fixtures.py\", line 930, in call_fixture_func\n    fixture_result = fixturefunc(**kwargs)\n  File \"/home/runner/work/apolo-test-automation/apolo-test-automation/.venv/lib/python3.13/site-packages/pytest_asyncio/plugin.py\", line 366, in _async_fixture_wrapper\n    result = runner.run(setup(), context=context)\n  File \"/opt/hostedtoolcache/Python/3.13.7/x64/lib/python3.13/asyncio/runners.py\", line 118, in run\n    return self._loop.run_until_complete(task)\n           ~~~~~~~~~~~~~~~~~~~~~~~~~~~~~^^^^^^\n  File \"/opt/hostedtoolcache/Python/3.13.7/x64/lib/python3.13/asyncio/base_events.py\", line 725, in run_until_complete\n    return future.result()\n           ~~~~~~~~~~~~~^^\n  File \"/home/runner/work/apolo-test-automation/apolo-test-automation/.venv/lib/python3.13/site-packages/pytest_asyncio/plugin.py\", line 362, in setup\n    res = await fixture_function(*args, **kwargs)\n          ^^^^^^^^^^^^^^^^^^^^^^^^^^^^^^^^^^^^^^^\n  File \"/home/runner/work/apolo-test-automation/apolo-test-automation/tests/test_cases/tests_ui/test_ui_login.py\", line 17, in setup\n    user = await steps.ui_signup_new_user_ver_link()\n           ^^^^^^^^^^^^^^^^^^^^^^^^^^^^^^^^^^^^^^^^^\n  File \"/home/runner/work/apolo-test-automation/apolo-test-automation/tests/reporting_hooks/reporting.py\", line 58, in wrapper\n    raise AssertionError(formatted_msg) from e\n","steps":[{"name":"Signup new user via UI and activate email verification link","time":{"start":1759116600432,"stop":1759116616857,"duration":16425},"status":"failed","statusMessage":"AssertionError: [AssertionError] during step: Signup new user via UI and activate email verification link\nMessage: [AssertionError] during step: Verify that Verify email message displayed\nMessage: Verify email message should be displayed!\n","statusTrace":"  File \"/home/runner/work/apolo-test-automation/apolo-test-automation/tests/reporting_hooks/reporting.py\", line 58, in wrapper\n    raise AssertionError(formatted_msg) from e\n","steps":[{"name":"Click signup button","time":{"start":1759116600432,"stop":1759116601789,"duration":1357},"status":"passed","steps":[],"attachments":[{"uid":"eb5d1a3b9a381421","name":"Page URL","source":"eb5d1a3b9a381421.txt","type":"text/plain","size":33},{"uid":"edc893283c44f583","name":"Screenshot: Click signup button (success)","source":"edc893283c44f583.png","type":"image/png","size":39018}],"parameters":[],"shouldDisplayMessage":false,"stepsCount":0,"attachmentsCount":2,"hasContent":true,"attachmentStep":false},{"name":"Enter email","time":{"start":1759116601789,"stop":1759116602377,"duration":588},"status":"passed","steps":[],"attachments":[{"uid":"310de76ea2aa5e0e","name":"Page URL","source":"310de76ea2aa5e0e.txt","type":"text/plain","size":216},{"uid":"6fe9488bb69fe998","name":"Screenshot: Enter email (success)","source":"6fe9488bb69fe998.png","type":"image/png","size":44389}],"parameters":[],"shouldDisplayMessage":false,"stepsCount":0,"attachmentsCount":2,"hasContent":true,"attachmentStep":false},{"name":"Enter password","time":{"start":1759116602377,"stop":1759116602849,"duration":472},"status":"passed","steps":[],"attachments":[{"uid":"b60ddd2bc3ef1bda","name":"Page URL","source":"b60ddd2bc3ef1bda.txt","type":"text/plain","size":216},{"uid":"d42cbd9d1208cb2a","name":"Screenshot: Enter password (success)","source":"d42cbd9d1208cb2a.png","type":"image/png","size":64087}],"parameters":[],"shouldDisplayMessage":false,"stepsCount":0,"attachmentsCount":2,"hasContent":true,"attachmentStep":false},{"name":"Click continue button","time":{"start":1759116602849,"stop":1759116606555,"duration":3706},"status":"passed","steps":[],"attachments":[{"uid":"93bb00170229c49c","name":"Page URL","source":"93bb00170229c49c.txt","type":"text/plain","size":216},{"uid":"aac59f81faf9d144","name":"Screenshot: Click continue button (success)","source":"aac59f81faf9d144.png","type":"image/png","size":12632}],"parameters":[],"shouldDisplayMessage":false,"stepsCount":0,"attachmentsCount":2,"hasContent":true,"attachmentStep":false},{"name":"Verify that Verify email message displayed","time":{"start":1759116606555,"stop":1759116616774,"duration":10219},"status":"failed","statusMessage":"AssertionError: [AssertionError] during step: Verify that Verify email message displayed\nMessage: Verify email message should be displayed!\n","statusTrace":"  File \"/home/runner/work/apolo-test-automation/apolo-test-automation/tests/reporting_hooks/reporting.py\", line 58, in wrapper\n    raise AssertionError(formatted_msg) from e\n","steps":[],"attachments":[{"uid":"db5318e777932598","name":"Page URL","source":"db5318e777932598.txt","type":"text/plain","size":192},{"uid":"dad55b5e683971b5","name":"Screenshot: Verify that Verify email message displayed (fail)","source":"dad55b5e683971b5.png","type":"image/png","size":16047}],"parameters":[],"shouldDisplayMessage":true,"stepsCount":0,"attachmentsCount":2,"hasContent":true,"attachmentStep":false}],"attachments":[{"uid":"d56776031241e824","name":"Page URL","source":"d56776031241e824.txt","type":"text/plain","size":33},{"uid":"2da6d729c36448e8","name":"Screenshot: Signup new user via UI and activate email verification link (fail)","source":"2da6d729c36448e8.png","type":"image/png","size":16047}],"parameters":[],"shouldDisplayMessage":true,"stepsCount":5,"attachmentsCount":12,"hasContent":true,"attachmentStep":false}],"attachments":[],"parameters":[],"shouldDisplayMessage":false,"stepsCount":6,"attachmentsCount":12,"hasContent":true,"attachmentStep":false},{"name":"_inject_fixtures","time":{"start":1759116600432,"stop":1759116600432,"duration":0},"status":"passed","steps":[],"attachments":[],"parameters":[],"shouldDisplayMessage":false,"stepsCount":0,"attachmentsCount":0,"hasContent":false,"attachmentStep":false}],"testStage":{"description":"\n### Verify that:\n\n- User can login with valid credentials.\n","descriptionHtml":"<div style='line-height:1.6;'><h3>Verify that:</h3>\n<ul>\n<li>User can login with valid credentials.</li>\n</ul></div>","status":"failed","statusMessage":"AssertionError: [AssertionError] during step: Signup new user via UI and activate email verification link\nMessage: [AssertionError] during step: Verify that Verify email message displayed\nMessage: Verify email message should be displayed!","statusTrace":"tests/reporting_hooks/reporting.py:49: in wrapper\n    result = await func(*args, **kwargs)\n             ^^^^^^^^^^^^^^^^^^^^^^^^^^^\ntests/test_cases/steps/ui_steps/page_steps_impl/main_page_steps.py:21: in verify_ui_email_message_displayed\n    assert await self._pm.main_page.is_verify_email_message_displayed(), (\n           ^^^^^^^^^^^^^^^^^^^^^^^^^^^^^^^^^^^^^^^^^^^^^^^^^^^^^^^^^^^^\nE   AssertionError: Verify email message should be displayed!\n\nThe above exception was the direct cause of the following exception:\ntests/reporting_hooks/reporting.py:49: in wrapper\n    result = await func(*args, **kwargs)\n             ^^^^^^^^^^^^^^^^^^^^^^^^^^^\ntests/test_cases/steps/ui_steps/ui_steps.py:118: in ui_signup_new_user_ver_link\n    await self.main_page.verify_ui_email_message_displayed()\ntests/reporting_hooks/reporting.py:58: in wrapper\n    raise AssertionError(formatted_msg) from e\nE   AssertionError: [AssertionError] during step: Verify that Verify email message displayed\nE   Message: Verify email message should be displayed!\n\nThe above exception was the direct cause of the following exception:\ntests/test_cases/tests_ui/test_ui_login.py:17: in setup\n    user = await steps.ui_signup_new_user_ver_link()\n           ^^^^^^^^^^^^^^^^^^^^^^^^^^^^^^^^^^^^^^^^^\ntests/reporting_hooks/reporting.py:58: in wrapper\n    raise AssertionError(formatted_msg) from e\nE   AssertionError: [AssertionError] during step: Signup new user via UI and activate email verification link\nE   Message: [AssertionError] during step: Verify that Verify email message displayed\nE   Message: Verify email message should be displayed!","steps":[],"attachments":[{"uid":"17050a0bdd5bae58","name":"log","source":"17050a0bdd5bae58.txt","type":"text/plain","size":6002}],"parameters":[],"shouldDisplayMessage":true,"stepsCount":0,"attachmentsCount":1,"hasContent":true,"attachmentStep":false},"afterStages":[{"name":"setup_cleanup::finalizer","time":{"start":1759116616882,"stop":1759116616882,"duration":0},"status":"passed","steps":[],"attachments":[],"parameters":[],"shouldDisplayMessage":false,"stepsCount":0,"attachmentsCount":0,"hasContent":false,"attachmentStep":false},{"name":"setup_cleanup::finalizer","time":{"start":1759116616882,"stop":1759116620441,"duration":3559},"status":"passed","steps":[{"name":"Post-test cleanup","time":{"start":1759116616882,"stop":1759116620441,"duration":3559},"status":"passed","steps":[],"attachments":[{"uid":"6c58f7920369719d","name":"Cleanup note","source":"6c58f7920369719d.txt","type":"text/plain","size":29}],"parameters":[],"shouldDisplayMessage":false,"stepsCount":0,"attachmentsCount":1,"hasContent":true,"attachmentStep":false}],"attachments":[],"parameters":[],"shouldDisplayMessage":false,"stepsCount":1,"attachmentsCount":1,"hasContent":true,"attachmentStep":false},{"name":"add_page_manager::finalizer","time":{"start":1759116616882,"stop":1759116616882,"duration":0},"status":"passed","steps":[],"attachments":[],"parameters":[],"shouldDisplayMessage":false,"stepsCount":0,"attachmentsCount":0,"hasContent":false,"attachmentStep":false},{"name":"api_helper::finalizer","time":{"start":1759116620441,"stop":1759116620442,"duration":1},"status":"passed","steps":[],"attachments":[],"parameters":[],"shouldDisplayMessage":false,"stepsCount":0,"attachmentsCount":0,"hasContent":false,"attachmentStep":false},{"name":"_function_scoped_runner::0","time":{"start":1759116620443,"stop":1759116620443,"duration":0},"status":"passed","steps":[],"attachments":[],"parameters":[],"shouldDisplayMessage":false,"stepsCount":0,"attachmentsCount":0,"hasContent":false,"attachmentStep":false}],"labels":[{"name":"parentSuite","value":"UI Tests"},{"name":"suite","value":"UI Login"},{"name":"tag","value":"asyncio"},{"name":"subSuite","value":"TestUILogin"},{"name":"host","value":"runnervm3ublj"},{"name":"thread","value":"3662-MainThread"},{"name":"framework","value":"pytest"},{"name":"language","value":"cpython3"},{"name":"package","value":"tests.test_cases.tests_ui.test_ui_login"},{"name":"resultFormat","value":"allure2"}],"parameters":[],"links":[],"hidden":true,"retry":true,"extra":{"categories":[],"tags":["asyncio"]},"source":"b60229d402ee249c.json","parameterValues":[]}