{"uid":"c7ebf08d75fccc97","name":"Create First Project from main page via UI","fullName":"tests.test_cases.tests_ui.test_project_structure_setup.TestUIProjectStructureSetup#test_create_first_proj_main_page_via_ui","historyId":"e04998bee2ed2e4b3ae7c6a609fc0075","time":{"start":1760960102843,"stop":1760960102843,"duration":0},"description":"\n- Login with valid credentials.\n- Create new organization via **API**.\n\n### Verify that:\n\n- User can create first project in organization from **the main page**.\n","descriptionHtml":"<div style='line-height:1.6;'><ul>\n<li>Login with valid credentials.</li>\n<li>Create new organization via <strong>API</strong>.</li>\n</ul>\n<h3>Verify that:</h3>\n<ul>\n<li>User can create first project in organization from <strong>the main page</strong>.</li>\n</ul></div>","status":"broken","statusMessage":"playwright._impl._errors.TimeoutError: Page.goto: Timeout 30000ms exceeded.\nCall log:\n  - navigating to \"https://console.dev.apolo.us/\", waiting until \"load\"","statusTrace":".venv/lib/python3.13/site-packages/pytest_asyncio/plugin.py:463: in setup\n    return super().setup()\n           ^^^^^^^^^^^^^^^\n.venv/lib/python3.13/site-packages/pytest_asyncio/plugin.py:748: in pytest_fixture_setup\n    hook_result = yield\n                  ^^^^^\n.venv/lib/python3.13/site-packages/pytest_asyncio/plugin.py:366: in _async_fixture_wrapper\n    result = runner.run(setup(), context=context)\n             ^^^^^^^^^^^^^^^^^^^^^^^^^^^^^^^^^^^^\n/opt/hostedtoolcache/Python/3.13.8/x64/lib/python3.13/asyncio/runners.py:118: in run\n    return self._loop.run_until_complete(task)\n           ^^^^^^^^^^^^^^^^^^^^^^^^^^^^^^^^^^^\n/opt/hostedtoolcache/Python/3.13.8/x64/lib/python3.13/asyncio/base_events.py:725: in run_until_complete\n    return future.result()\n           ^^^^^^^^^^^^^^^\n.venv/lib/python3.13/site-packages/pytest_asyncio/plugin.py:362: in setup\n    res = await fixture_function(*args, **kwargs)\n          ^^^^^^^^^^^^^^^^^^^^^^^^^^^^^^^^^^^^^^^\ntests/test_cases/conftest.py:59: in page_manager\n    pm = await _create_page_manager(test_config, request)\n         ^^^^^^^^^^^^^^^^^^^^^^^^^^^^^^^^^^^^^^^^^^^^^^^^\ntests/test_cases/conftest.py:397: in _create_page_manager\n    await page.goto(test_config.base_url)\n.venv/lib/python3.13/site-packages/playwright/async_api/_generated.py:8992: in goto\n    await self._impl_obj.goto(\n.venv/lib/python3.13/site-packages/playwright/_impl/_page.py:556: in goto\n    return await self._main_frame.goto(**locals_to_params(locals()))\n           ^^^^^^^^^^^^^^^^^^^^^^^^^^^^^^^^^^^^^^^^^^^^^^^^^^^^^^^^^\n.venv/lib/python3.13/site-packages/playwright/_impl/_frame.py:153: in goto\n    await self._channel.send(\n.venv/lib/python3.13/site-packages/playwright/_impl/_connection.py:69: in send\n    return await self._connection.wrap_api_call(\n.venv/lib/python3.13/site-packages/playwright/_impl/_connection.py:558: in wrap_api_call\n    raise rewrite_error(error, f\"{parsed_st['apiName']}: {error}\") from None\nE   playwright._impl._errors.TimeoutError: Page.goto: Timeout 30000ms exceeded.\nE   Call log:\nE     - navigating to \"https://console.dev.apolo.us/\", waiting until \"load\"","flaky":true,"newFailed":false,"newBroken":true,"newPassed":false,"retriesCount":2,"retriesStatusChange":true,"beforeStages":[{"name":"base_url","time":{"start":1760951943701,"stop":1760951943702,"duration":1},"status":"passed","steps":[],"attachments":[],"parameters":[],"shouldDisplayMessage":false,"stepsCount":0,"attachmentsCount":0,"hasContent":false,"attachmentStep":false},{"name":"pytestconfig","time":{"start":1760951943702,"stop":1760951943702,"duration":0},"status":"passed","steps":[],"attachments":[],"parameters":[],"shouldDisplayMessage":false,"stepsCount":0,"attachmentsCount":0,"hasContent":false,"attachmentStep":false},{"name":"delay_worker_start","time":{"start":1760951943702,"stop":1760951958703,"duration":15001},"status":"passed","steps":[],"attachments":[],"parameters":[],"shouldDisplayMessage":false,"stepsCount":0,"attachmentsCount":0,"hasContent":false,"attachmentStep":false},{"name":"_verify_url","time":{"start":1760951943702,"stop":1760951943702,"duration":0},"status":"passed","steps":[],"attachments":[],"parameters":[],"shouldDisplayMessage":false,"stepsCount":0,"attachmentsCount":0,"hasContent":false,"attachmentStep":false},{"name":"event_loop_policy","time":{"start":1760951943702,"stop":1760951943702,"duration":0},"status":"passed","steps":[],"attachments":[],"parameters":[],"shouldDisplayMessage":false,"stepsCount":0,"attachmentsCount":0,"hasContent":false,"attachmentStep":false},{"name":"delete_output_dir","time":{"start":1760951943702,"stop":1760951943702,"duration":0},"status":"passed","steps":[],"attachments":[],"parameters":[],"shouldDisplayMessage":false,"stepsCount":0,"attachmentsCount":0,"hasContent":false,"attachmentStep":false},{"name":"ensure_storage_directories","time":{"start":1760951958703,"stop":1760951958703,"duration":0},"status":"passed","steps":[],"attachments":[],"parameters":[],"shouldDisplayMessage":false,"stepsCount":0,"attachmentsCount":0,"hasContent":false,"attachmentStep":false},{"name":"test_config","time":{"start":1760960102844,"stop":1760960102847,"duration":3},"status":"passed","steps":[],"attachments":[],"parameters":[],"shouldDisplayMessage":false,"stepsCount":0,"attachmentsCount":0,"hasContent":false,"attachmentStep":false},{"name":"page_manager","time":{"start":1760960102847,"stop":1760960133255,"duration":30408},"status":"broken","statusMessage":"playwright._impl._errors.TimeoutError: Page.goto: Timeout 30000ms exceeded.\nCall log:\n  - navigating to \"https://console.dev.apolo.us/\", waiting until \"load\"\n\n","statusTrace":"  File \"/home/runner/work/apolo-test-automation/apolo-test-automation/.venv/lib/python3.13/site-packages/pluggy/_callers.py\", line 38, in run_old_style_hookwrapper\n    res = yield\n          ^^^^^\n  File \"/home/runner/work/apolo-test-automation/apolo-test-automation/.venv/lib/python3.13/site-packages/pluggy/_callers.py\", line 139, in _multicall\n    teardown.throw(exception)\n    ~~~~~~~~~~~~~~^^^^^^^^^^^\n  File \"/home/runner/work/apolo-test-automation/apolo-test-automation/.venv/lib/python3.13/site-packages/pytest_asyncio/plugin.py\", line 748, in pytest_fixture_setup\n    hook_result = yield\n                  ^^^^^\n  File \"/home/runner/work/apolo-test-automation/apolo-test-automation/.venv/lib/python3.13/site-packages/pluggy/_callers.py\", line 139, in _multicall\n    teardown.throw(exception)\n    ~~~~~~~~~~~~~~^^^^^^^^^^^\n  File \"/home/runner/work/apolo-test-automation/apolo-test-automation/.venv/lib/python3.13/site-packages/_pytest/setuponly.py\", line 36, in pytest_fixture_setup\n    return (yield)\n            ^^^^^\n  File \"/home/runner/work/apolo-test-automation/apolo-test-automation/.venv/lib/python3.13/site-packages/pluggy/_callers.py\", line 121, in _multicall\n    res = hook_impl.function(*args)\n  File \"/home/runner/work/apolo-test-automation/apolo-test-automation/.venv/lib/python3.13/site-packages/_pytest/fixtures.py\", line 1196, in pytest_fixture_setup\n    result = call_fixture_func(fixturefunc, request, kwargs)\n  File \"/home/runner/work/apolo-test-automation/apolo-test-automation/.venv/lib/python3.13/site-packages/_pytest/fixtures.py\", line 930, in call_fixture_func\n    fixture_result = fixturefunc(**kwargs)\n  File \"/home/runner/work/apolo-test-automation/apolo-test-automation/.venv/lib/python3.13/site-packages/pytest_asyncio/plugin.py\", line 366, in _async_fixture_wrapper\n    result = runner.run(setup(), context=context)\n  File \"/opt/hostedtoolcache/Python/3.13.8/x64/lib/python3.13/asyncio/runners.py\", line 118, in run\n    return self._loop.run_until_complete(task)\n           ~~~~~~~~~~~~~~~~~~~~~~~~~~~~~^^^^^^\n  File \"/opt/hostedtoolcache/Python/3.13.8/x64/lib/python3.13/asyncio/base_events.py\", line 725, in run_until_complete\n    return future.result()\n           ~~~~~~~~~~~~~^^\n  File \"/home/runner/work/apolo-test-automation/apolo-test-automation/.venv/lib/python3.13/site-packages/pytest_asyncio/plugin.py\", line 362, in setup\n    res = await fixture_function(*args, **kwargs)\n          ^^^^^^^^^^^^^^^^^^^^^^^^^^^^^^^^^^^^^^^\n  File \"/home/runner/work/apolo-test-automation/apolo-test-automation/tests/test_cases/conftest.py\", line 59, in page_manager\n    pm = await _create_page_manager(test_config, request)\n         ^^^^^^^^^^^^^^^^^^^^^^^^^^^^^^^^^^^^^^^^^^^^^^^^\n  File \"/home/runner/work/apolo-test-automation/apolo-test-automation/tests/test_cases/conftest.py\", line 397, in _create_page_manager\n    await page.goto(test_config.base_url)\n  File \"/home/runner/work/apolo-test-automation/apolo-test-automation/.venv/lib/python3.13/site-packages/playwright/async_api/_generated.py\", line 8992, in goto\n    await self._impl_obj.goto(\n        url=url, timeout=timeout, waitUntil=wait_until, referer=referer\n    )\n  File \"/home/runner/work/apolo-test-automation/apolo-test-automation/.venv/lib/python3.13/site-packages/playwright/_impl/_page.py\", line 556, in goto\n    return await self._main_frame.goto(**locals_to_params(locals()))\n           ^^^^^^^^^^^^^^^^^^^^^^^^^^^^^^^^^^^^^^^^^^^^^^^^^^^^^^^^^\n  File \"/home/runner/work/apolo-test-automation/apolo-test-automation/.venv/lib/python3.13/site-packages/playwright/_impl/_frame.py\", line 153, in goto\n    await self._channel.send(\n        \"goto\", self._navigation_timeout, locals_to_params(locals())\n    )\n  File \"/home/runner/work/apolo-test-automation/apolo-test-automation/.venv/lib/python3.13/site-packages/playwright/_impl/_connection.py\", line 69, in send\n    return await self._connection.wrap_api_call(\n           ^^^^^^^^^^^^^^^^^^^^^^^^^^^^^^^^^^^^^\n    ...<3 lines>...\n    )\n    ^\n  File \"/home/runner/work/apolo-test-automation/apolo-test-automation/.venv/lib/python3.13/site-packages/playwright/_impl/_connection.py\", line 558, in wrap_api_call\n    raise rewrite_error(error, f\"{parsed_st['apiName']}: {error}\") from None\n","steps":[],"attachments":[],"parameters":[],"shouldDisplayMessage":true,"stepsCount":0,"attachmentsCount":0,"hasContent":true,"attachmentStep":false},{"name":"_function_scoped_runner","time":{"start":1760960102848,"stop":1760960102848,"duration":0},"status":"passed","steps":[],"attachments":[],"parameters":[],"shouldDisplayMessage":false,"stepsCount":0,"attachmentsCount":0,"hasContent":false,"attachmentStep":false},{"name":"data_manager","time":{"start":1760960135771,"stop":1760960135771,"duration":0},"status":"passed","steps":[],"attachments":[],"parameters":[],"shouldDisplayMessage":false,"stepsCount":0,"attachmentsCount":0,"hasContent":false,"attachmentStep":false},{"name":"apolo_cli","time":{"start":1760960135772,"stop":1760960135772,"duration":0},"status":"passed","steps":[],"attachments":[],"parameters":[],"shouldDisplayMessage":false,"stepsCount":0,"attachmentsCount":0,"hasContent":false,"attachmentStep":false},{"name":"setup_cleanup","time":{"start":1760960135772,"stop":1760960135773,"duration":1},"status":"passed","steps":[],"attachments":[],"parameters":[],"shouldDisplayMessage":false,"stepsCount":0,"attachmentsCount":0,"hasContent":false,"attachmentStep":false},{"name":"users_manager","time":{"start":1760960135772,"stop":1760960135772,"duration":0},"status":"passed","steps":[],"attachments":[],"parameters":[],"shouldDisplayMessage":false,"stepsCount":0,"attachmentsCount":0,"hasContent":false,"attachmentStep":false},{"name":"api_helper","time":{"start":1760960135772,"stop":1760960135772,"duration":0},"status":"passed","steps":[],"attachments":[],"parameters":[],"shouldDisplayMessage":false,"stepsCount":0,"attachmentsCount":0,"hasContent":false,"attachmentStep":false},{"name":"setup","time":{"start":1760960135773,"stop":1760960135773,"duration":0},"status":"passed","steps":[],"attachments":[],"parameters":[],"shouldDisplayMessage":false,"stepsCount":0,"attachmentsCount":0,"hasContent":false,"attachmentStep":false},{"name":"_inject_fixtures","time":{"start":1760960135773,"stop":1760960135773,"duration":0},"status":"passed","steps":[],"attachments":[],"parameters":[],"shouldDisplayMessage":false,"stepsCount":0,"attachmentsCount":0,"hasContent":false,"attachmentStep":false},{"name":"add_page_manager","time":{"start":1760960135773,"stop":1760960135773,"duration":0},"status":"passed","steps":[],"attachments":[],"parameters":[],"shouldDisplayMessage":false,"stepsCount":0,"attachmentsCount":0,"hasContent":false,"attachmentStep":false}],"testStage":{"description":"\n- Login with valid credentials.\n- Create new organization via **API**.\n\n### Verify that:\n\n- User can create first project in organization from **the main page**.\n","descriptionHtml":"<div style='line-height:1.6;'><ul>\n<li>Login with valid credentials.</li>\n<li>Create new organization via <strong>API</strong>.</li>\n</ul>\n<h3>Verify that:</h3>\n<ul>\n<li>User can create first project in organization from <strong>the main page</strong>.</li>\n</ul></div>","status":"broken","statusMessage":"playwright._impl._errors.TimeoutError: Page.goto: Timeout 30000ms exceeded.\nCall log:\n  - navigating to \"https://console.dev.apolo.us/\", waiting until \"load\"","statusTrace":".venv/lib/python3.13/site-packages/pytest_asyncio/plugin.py:463: in setup\n    return super().setup()\n           ^^^^^^^^^^^^^^^\n.venv/lib/python3.13/site-packages/pytest_asyncio/plugin.py:748: in pytest_fixture_setup\n    hook_result = yield\n                  ^^^^^\n.venv/lib/python3.13/site-packages/pytest_asyncio/plugin.py:366: in _async_fixture_wrapper\n    result = runner.run(setup(), context=context)\n             ^^^^^^^^^^^^^^^^^^^^^^^^^^^^^^^^^^^^\n/opt/hostedtoolcache/Python/3.13.8/x64/lib/python3.13/asyncio/runners.py:118: in run\n    return self._loop.run_until_complete(task)\n           ^^^^^^^^^^^^^^^^^^^^^^^^^^^^^^^^^^^\n/opt/hostedtoolcache/Python/3.13.8/x64/lib/python3.13/asyncio/base_events.py:725: in run_until_complete\n    return future.result()\n           ^^^^^^^^^^^^^^^\n.venv/lib/python3.13/site-packages/pytest_asyncio/plugin.py:362: in setup\n    res = await fixture_function(*args, **kwargs)\n          ^^^^^^^^^^^^^^^^^^^^^^^^^^^^^^^^^^^^^^^\ntests/test_cases/conftest.py:59: in page_manager\n    pm = await _create_page_manager(test_config, request)\n         ^^^^^^^^^^^^^^^^^^^^^^^^^^^^^^^^^^^^^^^^^^^^^^^^\ntests/test_cases/conftest.py:397: in _create_page_manager\n    await page.goto(test_config.base_url)\n.venv/lib/python3.13/site-packages/playwright/async_api/_generated.py:8992: in goto\n    await self._impl_obj.goto(\n.venv/lib/python3.13/site-packages/playwright/_impl/_page.py:556: in goto\n    return await self._main_frame.goto(**locals_to_params(locals()))\n           ^^^^^^^^^^^^^^^^^^^^^^^^^^^^^^^^^^^^^^^^^^^^^^^^^^^^^^^^^\n.venv/lib/python3.13/site-packages/playwright/_impl/_frame.py:153: in goto\n    await self._channel.send(\n.venv/lib/python3.13/site-packages/playwright/_impl/_connection.py:69: in send\n    return await self._connection.wrap_api_call(\n.venv/lib/python3.13/site-packages/playwright/_impl/_connection.py:558: in wrap_api_call\n    raise rewrite_error(error, f\"{parsed_st['apiName']}: {error}\") from None\nE   playwright._impl._errors.TimeoutError: Page.goto: Timeout 30000ms exceeded.\nE   Call log:\nE     - navigating to \"https://console.dev.apolo.us/\", waiting until \"load\"","steps":[],"attachments":[{"uid":"5673fcc22f261ca8","name":"log","source":"5673fcc22f261ca8.txt","type":"text/plain","size":29479}],"parameters":[],"shouldDisplayMessage":true,"stepsCount":0,"attachmentsCount":1,"hasContent":true,"attachmentStep":false},"afterStages":[{"name":"_function_scoped_runner::0","time":{"start":1760960133476,"stop":1760960133476,"duration":0},"status":"passed","steps":[],"attachments":[],"parameters":[],"shouldDisplayMessage":false,"stepsCount":0,"attachmentsCount":0,"hasContent":false,"attachmentStep":false},{"name":"add_page_manager::finalizer","time":{"start":1760960178214,"stop":1760960178214,"duration":0},"status":"passed","steps":[],"attachments":[],"parameters":[],"shouldDisplayMessage":false,"stepsCount":0,"attachmentsCount":0,"hasContent":false,"attachmentStep":false},{"name":"setup_cleanup::finalizer","time":{"start":1760960178215,"stop":1760960178215,"duration":0},"status":"passed","steps":[],"attachments":[],"parameters":[],"shouldDisplayMessage":false,"stepsCount":0,"attachmentsCount":0,"hasContent":false,"attachmentStep":false},{"name":"setup_cleanup::finalizer","time":{"start":1760960178215,"stop":1760960194874,"duration":16659},"status":"passed","steps":[{"name":"Post-test cleanup","time":{"start":1760960178215,"stop":1760960194874,"duration":16659},"status":"passed","steps":[{"name":"Delete organisation: regression-org-bn6g68yjnq23","time":{"start":1760960182076,"stop":1760960182808,"duration":732},"status":"passed","steps":[{"name":"Delete project: regression-proj-5iznfphzfu","time":{"start":1760960182142,"stop":1760960182482,"duration":340},"status":"passed","steps":[],"attachments":[],"parameters":[],"shouldDisplayMessage":false,"stepsCount":0,"attachmentsCount":0,"hasContent":false,"attachmentStep":false}],"attachments":[],"parameters":[],"shouldDisplayMessage":false,"stepsCount":1,"attachmentsCount":0,"hasContent":true,"attachmentStep":false}],"attachments":[{"uid":"4773014127c10818","name":"HTTP 201 - POST projects","source":"4773014127c10818.txt","type":"text/plain","size":444},{"uid":"459b2e2106b7e62","name":"HTTP 200 - GET config","source":"459b2e2106b7e62.txt","type":"text/plain","size":2137},{"uid":"879d8b315751b147","name":"HTTP 200 - GET instances?org=regression-org-bn6g68yjnq23&project=regression-proj-5iznfphzfu&cluster=default&size=100","source":"879d8b315751b147.txt","type":"text/plain","size":290},{"uid":"5a90b64637ca9a01","name":"HTTP 200 - GET templates","source":"5a90b64637ca9a01.txt","type":"text/plain","size":2146},{"uid":"243b56654c5894cf","name":"HTTP 200 - GET templates?page=1&size=50","source":"243b56654c5894cf.txt","type":"text/plain","size":2161}],"parameters":[],"shouldDisplayMessage":false,"stepsCount":2,"attachmentsCount":5,"hasContent":true,"attachmentStep":false}],"attachments":[],"parameters":[],"shouldDisplayMessage":false,"stepsCount":3,"attachmentsCount":5,"hasContent":true,"attachmentStep":false},{"name":"api_helper::finalizer","time":{"start":1760960194875,"stop":1760960194875,"duration":0},"status":"passed","steps":[],"attachments":[],"parameters":[],"shouldDisplayMessage":false,"stepsCount":0,"attachmentsCount":0,"hasContent":false,"attachmentStep":false}],"labels":[{"name":"suite","value":"UI Project Structure Setup"},{"name":"parentSuite","value":"UI Tests"},{"name":"tag","value":"asyncio"},{"name":"subSuite","value":"TestUIProjectStructureSetup"},{"name":"host","value":"runnervmzdgdc"},{"name":"thread","value":"3617-MainThread"},{"name":"framework","value":"pytest"},{"name":"language","value":"cpython3"},{"name":"package","value":"tests.test_cases.tests_ui.test_project_structure_setup"},{"name":"resultFormat","value":"allure2"}],"parameters":[],"links":[],"hidden":false,"retry":false,"extra":{"severity":"normal","retries":[{"uid":"90b5bb1a9f0cdc2a","status":"broken","statusDetails":"playwright._impl._errors.TimeoutError: Page.goto: Timeout 30000ms exceeded.\nCall log:\n  - navigating to \"https://console.dev.apolo.us/\", waiting until \"load\"","time":{"start":1760960062098,"stop":1760960062098,"duration":0}},{"uid":"fcac98f74e161f0","status":"failed","statusDetails":"AssertionError: [TimeoutError] during step: Wait for Create project popup disappear\nMessage: Locator.wait_for: Timeout 60ms exceeded.\nCall log:\n  - waiting for locator(\"h2\").filter(has_text=\"Create Project\") to be detached\n    3 × locator resolved to visible <h2 class=\"p-8 text-h4\">Create Project</h2>\n\nNote: Playwright Timeout. Element not found or action took too long.","time":{"start":1760959997296,"stop":1760960030092,"duration":32796}}],"categories":[{"name":"Test defects","matchedStatuses":[],"flaky":false}],"history":{"statistic":{"failed":3,"broken":1,"skipped":0,"passed":84,"unknown":0,"total":88},"items":[{"uid":"2118f9732f3a33","status":"passed","time":{"start":1759549495598,"stop":1759549532028,"duration":36430}},{"uid":"d6571cd06bf63193","status":"passed","time":{"start":1759463914114,"stop":1759463961180,"duration":47066}},{"uid":"a58675f62089617d","status":"failed","statusDetails":"AssertionError: [TimeoutError] during step: Wait for Create project popup disappear\nMessage: Locator.wait_for: Timeout 30000ms exceeded.\nCall log:\n  - waiting for locator(\"h2\").filter(has_text=\"Create Project\") to be detached\n    65 × locator resolved to visible <h2 class=\"p-8 text-h4\">Create Project</h2>\n\nNote: Playwright Timeout. Element not found or action took too long.","time":{"start":1759379449364,"stop":1759379503086,"duration":53722}},{"uid":"a7150d2b90bc5f7c","status":"passed","time":{"start":1759287729967,"stop":1759287769367,"duration":39400}},{"uid":"e244bdcc2b800045","status":"passed","time":{"start":1759201348280,"stop":1759201394631,"duration":46351}},{"uid":"fb50d64525bc97cc","status":"passed","time":{"start":1759158739039,"stop":1759158783028,"duration":43989}},{"uid":"5006b2abe6d77214","status":"passed","time":{"start":1759115672906,"stop":1759115701471,"duration":28565}},{"uid":"115b06b9d343ba1e","status":"passed","time":{"start":1759029183509,"stop":1759029216604,"duration":33095}},{"uid":"d06728df1130594b","status":"passed","time":{"start":1758942694367,"stop":1758942724123,"duration":29756}},{"uid":"8a2f5ac47adb786e","status":"passed","time":{"start":1758855448215,"stop":1758855495769,"duration":47554}},{"uid":"23c079add0ddaf17","status":"passed","time":{"start":1758769012014,"stop":1758769042136,"duration":30122}},{"uid":"f1743cf2c07b4e0a","status":"passed","time":{"start":1758710854212,"stop":1758710889256,"duration":35044}},{"uid":"fb69c84f91c70ad9","status":"passed","time":{"start":1758695922252,"stop":1758695946464,"duration":24212}},{"uid":"93b29f1121d331a9","status":"passed","time":{"start":1758683912452,"stop":1758683944723,"duration":32271}},{"uid":"5fe10e166dcbabb","status":"passed","time":{"start":1758596175010,"stop":1758596211937,"duration":36927}},{"uid":"f894edfb8536c5a4","status":"passed","time":{"start":1758509852878,"stop":1758509885983,"duration":33105}},{"uid":"2f1a8423bf99caba","status":"passed","time":{"start":1758423405901,"stop":1758423444093,"duration":38192}},{"uid":"d99880d33f768246","status":"passed","time":{"start":1758337255929,"stop":1758337302489,"duration":46560}},{"uid":"d08b1652748e8184","status":"passed","time":{"start":1758250579998,"stop":1758250626777,"duration":46779}},{"uid":"86882aba7f2b609e","status":"passed","time":{"start":1758164133286,"stop":1758164167517,"duration":34231}}]},"tags":["asyncio"]},"source":"c7ebf08d75fccc97.json","parameterValues":[]}