{"uid":"c871c2b5dd1caa73","name":"Invite member that NOT in organization to project via UI","fullName":"tests.test_cases.tests_ui.test_project_structure_setup.TestUIProjectStructureSetup#test_invite_not_org_member_to_proj_via_ui","historyId":"a949c0b55d0235a80abfe0157af30788","time":{"start":1767928294119,"stop":1767928331628,"duration":37509},"description":"\n- Login with valid credentials.\n- Create new organization via **API**.\n- Create new project.\n- Signup `second user`.\n- DO NOT invite `second user` to organization.\n\n### Verify that:\n\n- User **cannot** invite to project another user which is **not member of organization**.\n","descriptionHtml":"<div style='line-height:1.6;'><ul>\n<li>Login with valid credentials.</li>\n<li>Create new organization via <strong>API</strong>.</li>\n<li>Create new project.</li>\n<li>Signup <span style='background-color:#D3D3D3; padding:2px 4px; border-radius:3px; font-family:monospace;'>second user</span>.</li>\n<li>DO NOT invite <span style='background-color:#D3D3D3; padding:2px 4px; border-radius:3px; font-family:monospace;'>second user</span> to organization.</li>\n</ul>\n<h3>Verify that:</h3>\n<ul>\n<li>User <strong>cannot</strong> invite to project another user which is <strong>not member of organization</strong>.</li>\n</ul></div>","status":"failed","statusMessage":"AssertionError: [AssertionError] during step: Create first project from main page\nMessage: [TimeoutError] during step: Wait for Create project popup disappear\nMessage: Locator.wait_for: Timeout 60ms exceeded.\nCall log:\n  - waiting for locator(\"h2\").filter(has_text=\"Create Project\") to be detached\n    3 × locator resolved to visible <h2 class=\"p-8 text-h4\">Create Project</h2>\n\nNote: Playwright Timeout. Element not found or action took too long.","statusTrace":"tests/reporting_hooks/reporting.py:49: in wrapper\n    result = await func(*args, **kwargs)\n             ^^^^^^^^^^^^^^^^^^^^^^^^^^^\ntests/test_cases/steps/ui_steps/page_steps_impl/create_proj_popup_steps.py:36: in ui_wait_to_disappear\n    await self._pm.create_proj_popup.wait_to_disappear(org_name=org_name)\ntests/components/ui/pages/create_project_popup.py:83: in wait_to_disappear\n    await self._get_create_proj_title().locator.wait_for(\n.venv/lib/python3.13/site-packages/playwright/async_api/_generated.py:17999: in wait_for\n    await self._impl_obj.wait_for(timeout=timeout, state=state)\n.venv/lib/python3.13/site-packages/playwright/_impl/_locator.py:710: in wait_for\n    await self._frame.wait_for_selector(\n.venv/lib/python3.13/site-packages/playwright/_impl/_frame.py:369: in wait_for_selector\n    await self._channel.send(\n.venv/lib/python3.13/site-packages/playwright/_impl/_connection.py:69: in send\n    return await self._connection.wrap_api_call(\n.venv/lib/python3.13/site-packages/playwright/_impl/_connection.py:559: in wrap_api_call\n    raise rewrite_error(error, f\"{parsed_st['apiName']}: {error}\") from None\nE   playwright._impl._errors.TimeoutError: Locator.wait_for: Timeout 60ms exceeded.\nE   Call log:\nE     - waiting for locator(\"h2\").filter(has_text=\"Create Project\") to be detached\nE       3 × locator resolved to visible <h2 class=\"p-8 text-h4\">Create Project</h2>\n\nThe above exception was the direct cause of the following exception:\ntests/reporting_hooks/reporting.py:49: in wrapper\n    result = await func(*args, **kwargs)\n             ^^^^^^^^^^^^^^^^^^^^^^^^^^^\ntests/test_cases/steps/ui_steps/ui_steps.py:247: in ui_create_first_proj_from_main_page\n    await self.create_proj_popup.ui_wait_to_disappear(org_name=org_name)\ntests/reporting_hooks/reporting.py:58: in wrapper\n    raise AssertionError(formatted_msg) from e\nE   AssertionError: [TimeoutError] during step: Wait for Create project popup disappear\nE   Message: Locator.wait_for: Timeout 60ms exceeded.\nE   Call log:\nE     - waiting for locator(\"h2\").filter(has_text=\"Create Project\") to be detached\nE       3 × locator resolved to visible <h2 class=\"p-8 text-h4\">Create Project</h2>\nE   \nE   Note: Playwright Timeout. Element not found or action took too long.\n\nThe above exception was the direct cause of the following exception:\ntests/test_cases/tests_ui/test_project_structure_setup.py:259: in test_invite_not_org_member_to_proj_via_ui\n    await steps.ui_create_first_proj_from_main_page(\ntests/reporting_hooks/reporting.py:58: in wrapper\n    raise AssertionError(formatted_msg) from e\nE   AssertionError: [AssertionError] during step: Create first project from main page\nE   Message: [TimeoutError] during step: Wait for Create project popup disappear\nE   Message: Locator.wait_for: Timeout 60ms exceeded.\nE   Call log:\nE     - waiting for locator(\"h2\").filter(has_text=\"Create Project\") to be detached\nE       3 × locator resolved to visible <h2 class=\"p-8 text-h4\">Create Project</h2>\nE   \nE   Note: Playwright Timeout. Element not found or action took too long.","flaky":false,"newFailed":false,"newBroken":false,"newPassed":false,"retriesCount":0,"retriesStatusChange":false,"beforeStages":[{"name":"delete_output_dir","time":{"start":1767922322785,"stop":1767922322785,"duration":0},"status":"passed","steps":[],"attachments":[],"parameters":[],"shouldDisplayMessage":false,"stepsCount":0,"attachmentsCount":0,"hasContent":false,"attachmentStep":false},{"name":"_verify_url","time":{"start":1767922322785,"stop":1767922322785,"duration":0},"status":"passed","steps":[],"attachments":[],"parameters":[],"shouldDisplayMessage":false,"stepsCount":0,"attachmentsCount":0,"hasContent":false,"attachmentStep":false},{"name":"pytestconfig","time":{"start":1767922322785,"stop":1767922322785,"duration":0},"status":"passed","steps":[],"attachments":[],"parameters":[],"shouldDisplayMessage":false,"stepsCount":0,"attachmentsCount":0,"hasContent":false,"attachmentStep":false},{"name":"delay_worker_start","time":{"start":1767922322785,"stop":1767922322785,"duration":0},"status":"passed","steps":[],"attachments":[],"parameters":[],"shouldDisplayMessage":false,"stepsCount":0,"attachmentsCount":0,"hasContent":false,"attachmentStep":false},{"name":"ensure_storage_directories","time":{"start":1767922322785,"stop":1767922322785,"duration":0},"status":"passed","steps":[],"attachments":[],"parameters":[],"shouldDisplayMessage":false,"stepsCount":0,"attachmentsCount":0,"hasContent":false,"attachmentStep":false},{"name":"base_url","time":{"start":1767922322785,"stop":1767922322785,"duration":0},"status":"passed","steps":[],"attachments":[],"parameters":[],"shouldDisplayMessage":false,"stepsCount":0,"attachmentsCount":0,"hasContent":false,"attachmentStep":false},{"name":"event_loop_policy","time":{"start":1767922322785,"stop":1767922322785,"duration":0},"status":"passed","steps":[],"attachments":[],"parameters":[],"shouldDisplayMessage":false,"stepsCount":0,"attachmentsCount":0,"hasContent":false,"attachmentStep":false},{"name":"test_config","time":{"start":1767928293553,"stop":1767928293557,"duration":4},"status":"passed","steps":[],"attachments":[],"parameters":[],"shouldDisplayMessage":false,"stepsCount":0,"attachmentsCount":0,"hasContent":false,"attachmentStep":false},{"name":"page_manager","time":{"start":1767928293557,"stop":1767928294116,"duration":559},"status":"passed","steps":[],"attachments":[],"parameters":[],"shouldDisplayMessage":false,"stepsCount":0,"attachmentsCount":0,"hasContent":false,"attachmentStep":false},{"name":"_function_scoped_runner","time":{"start":1767928293557,"stop":1767928293557,"duration":0},"status":"passed","steps":[],"attachments":[],"parameters":[],"shouldDisplayMessage":false,"stepsCount":0,"attachmentsCount":0,"hasContent":false,"attachmentStep":false},{"name":"api_helper","time":{"start":1767928294116,"stop":1767928294117,"duration":1},"status":"passed","steps":[],"attachments":[],"parameters":[],"shouldDisplayMessage":false,"stepsCount":0,"attachmentsCount":0,"hasContent":false,"attachmentStep":false},{"name":"data_manager","time":{"start":1767928294116,"stop":1767928294116,"duration":0},"status":"passed","steps":[],"attachments":[],"parameters":[],"shouldDisplayMessage":false,"stepsCount":0,"attachmentsCount":0,"hasContent":false,"attachmentStep":false},{"name":"users_manager","time":{"start":1767928294116,"stop":1767928294116,"duration":0},"status":"passed","steps":[],"attachments":[],"parameters":[],"shouldDisplayMessage":false,"stepsCount":0,"attachmentsCount":0,"hasContent":false,"attachmentStep":false},{"name":"apolo_cli","time":{"start":1767928294117,"stop":1767928294117,"duration":0},"status":"passed","steps":[],"attachments":[],"parameters":[],"shouldDisplayMessage":false,"stepsCount":0,"attachmentsCount":0,"hasContent":false,"attachmentStep":false},{"name":"setup_cleanup","time":{"start":1767928294117,"stop":1767928294118,"duration":1},"status":"passed","steps":[],"attachments":[],"parameters":[],"shouldDisplayMessage":false,"stepsCount":0,"attachmentsCount":0,"hasContent":false,"attachmentStep":false},{"name":"add_page_manager","time":{"start":1767928294118,"stop":1767928294118,"duration":0},"status":"passed","steps":[],"attachments":[],"parameters":[],"shouldDisplayMessage":false,"stepsCount":0,"attachmentsCount":0,"hasContent":false,"attachmentStep":false},{"name":"setup","time":{"start":1767928294118,"stop":1767928294118,"duration":0},"status":"passed","steps":[],"attachments":[],"parameters":[],"shouldDisplayMessage":false,"stepsCount":0,"attachmentsCount":0,"hasContent":false,"attachmentStep":false},{"name":"_inject_fixtures","time":{"start":1767928294118,"stop":1767928294118,"duration":0},"status":"passed","steps":[],"attachments":[],"parameters":[],"shouldDisplayMessage":false,"stepsCount":0,"attachmentsCount":0,"hasContent":false,"attachmentStep":false}],"testStage":{"description":"\n- Login with valid credentials.\n- Create new organization via **API**.\n- Create new project.\n- Signup `second user`.\n- DO NOT invite `second user` to organization.\n\n### Verify that:\n\n- User **cannot** invite to project another user which is **not member of organization**.\n","descriptionHtml":"<div style='line-height:1.6;'><ul>\n<li>Login with valid credentials.</li>\n<li>Create new organization via <strong>API</strong>.</li>\n<li>Create new project.</li>\n<li>Signup <span style='background-color:#D3D3D3; padding:2px 4px; border-radius:3px; font-family:monospace;'>second user</span>.</li>\n<li>DO NOT invite <span style='background-color:#D3D3D3; padding:2px 4px; border-radius:3px; font-family:monospace;'>second user</span> to organization.</li>\n</ul>\n<h3>Verify that:</h3>\n<ul>\n<li>User <strong>cannot</strong> invite to project another user which is <strong>not member of organization</strong>.</li>\n</ul></div>","status":"failed","statusMessage":"AssertionError: [AssertionError] during step: Create first project from main page\nMessage: [TimeoutError] during step: Wait for Create project popup disappear\nMessage: Locator.wait_for: Timeout 60ms exceeded.\nCall log:\n  - waiting for locator(\"h2\").filter(has_text=\"Create Project\") to be detached\n    3 × locator resolved to visible <h2 class=\"p-8 text-h4\">Create Project</h2>\n\nNote: Playwright Timeout. Element not found or action took too long.","statusTrace":"tests/reporting_hooks/reporting.py:49: in wrapper\n    result = await func(*args, **kwargs)\n             ^^^^^^^^^^^^^^^^^^^^^^^^^^^\ntests/test_cases/steps/ui_steps/page_steps_impl/create_proj_popup_steps.py:36: in ui_wait_to_disappear\n    await self._pm.create_proj_popup.wait_to_disappear(org_name=org_name)\ntests/components/ui/pages/create_project_popup.py:83: in wait_to_disappear\n    await self._get_create_proj_title().locator.wait_for(\n.venv/lib/python3.13/site-packages/playwright/async_api/_generated.py:17999: in wait_for\n    await self._impl_obj.wait_for(timeout=timeout, state=state)\n.venv/lib/python3.13/site-packages/playwright/_impl/_locator.py:710: in wait_for\n    await self._frame.wait_for_selector(\n.venv/lib/python3.13/site-packages/playwright/_impl/_frame.py:369: in wait_for_selector\n    await self._channel.send(\n.venv/lib/python3.13/site-packages/playwright/_impl/_connection.py:69: in send\n    return await self._connection.wrap_api_call(\n.venv/lib/python3.13/site-packages/playwright/_impl/_connection.py:559: in wrap_api_call\n    raise rewrite_error(error, f\"{parsed_st['apiName']}: {error}\") from None\nE   playwright._impl._errors.TimeoutError: Locator.wait_for: Timeout 60ms exceeded.\nE   Call log:\nE     - waiting for locator(\"h2\").filter(has_text=\"Create Project\") to be detached\nE       3 × locator resolved to visible <h2 class=\"p-8 text-h4\">Create Project</h2>\n\nThe above exception was the direct cause of the following exception:\ntests/reporting_hooks/reporting.py:49: in wrapper\n    result = await func(*args, **kwargs)\n             ^^^^^^^^^^^^^^^^^^^^^^^^^^^\ntests/test_cases/steps/ui_steps/ui_steps.py:247: in ui_create_first_proj_from_main_page\n    await self.create_proj_popup.ui_wait_to_disappear(org_name=org_name)\ntests/reporting_hooks/reporting.py:58: in wrapper\n    raise AssertionError(formatted_msg) from e\nE   AssertionError: [TimeoutError] during step: Wait for Create project popup disappear\nE   Message: Locator.wait_for: Timeout 60ms exceeded.\nE   Call log:\nE     - waiting for locator(\"h2\").filter(has_text=\"Create Project\") to be detached\nE       3 × locator resolved to visible <h2 class=\"p-8 text-h4\">Create Project</h2>\nE   \nE   Note: Playwright Timeout. Element not found or action took too long.\n\nThe above exception was the direct cause of the following exception:\ntests/test_cases/tests_ui/test_project_structure_setup.py:259: in test_invite_not_org_member_to_proj_via_ui\n    await steps.ui_create_first_proj_from_main_page(\ntests/reporting_hooks/reporting.py:58: in wrapper\n    raise AssertionError(formatted_msg) from e\nE   AssertionError: [AssertionError] during step: Create first project from main page\nE   Message: [TimeoutError] during step: Wait for Create project popup disappear\nE   Message: Locator.wait_for: Timeout 60ms exceeded.\nE   Call log:\nE     - waiting for locator(\"h2\").filter(has_text=\"Create Project\") to be detached\nE       3 × locator resolved to visible <h2 class=\"p-8 text-h4\">Create Project</h2>\nE   \nE   Note: Playwright Timeout. Element not found or action took too long.","steps":[{"name":"Login via UI","time":{"start":1767928294119,"stop":1767928310563,"duration":16444},"status":"passed","steps":[{"name":"Verify that Auth page displayed","time":{"start":1767928294120,"stop":1767928295205,"duration":1085},"status":"passed","steps":[],"attachments":[{"uid":"725a6a0416449e5","name":"Page URL","source":"725a6a0416449e5.txt","type":"text/plain","size":29},{"uid":"478115d9f385f9a2","name":"HTTP 200 - GET config","source":"478115d9f385f9a2.txt","type":"text/plain","size":673},{"uid":"34baff3248775e35","name":"Screenshot: Verify that Auth page displayed (success)","source":"34baff3248775e35.png","type":"image/png","size":88563}],"parameters":[],"shouldDisplayMessage":false,"stepsCount":0,"attachmentsCount":3,"hasContent":true,"attachmentStep":false},{"name":"Click login button","time":{"start":1767928295205,"stop":1767928296329,"duration":1124},"status":"passed","steps":[],"attachments":[{"uid":"7fa95ea0f89a4436","name":"Page URL","source":"7fa95ea0f89a4436.txt","type":"text/plain","size":33},{"uid":"541682f98b3ed965","name":"Screenshot: Click login button (success)","source":"541682f98b3ed965.png","type":"image/png","size":41524}],"parameters":[],"shouldDisplayMessage":false,"stepsCount":0,"attachmentsCount":2,"hasContent":true,"attachmentStep":false},{"name":"Verify that Login page displayed","time":{"start":1767928296329,"stop":1767928296428,"duration":99},"status":"passed","steps":[],"attachments":[{"uid":"51ba2c1983e30417","name":"Page URL","source":"51ba2c1983e30417.txt","type":"text/plain","size":215},{"uid":"667bb053d57898b7","name":"Screenshot: Verify that Login page displayed (success)","source":"667bb053d57898b7.png","type":"image/png","size":41637}],"parameters":[],"shouldDisplayMessage":false,"stepsCount":0,"attachmentsCount":2,"hasContent":true,"attachmentStep":false},{"name":"Enter email","time":{"start":1767928296428,"stop":1767928296747,"duration":319},"status":"passed","steps":[],"attachments":[{"uid":"6f997ad949008c14","name":"Page URL","source":"6f997ad949008c14.txt","type":"text/plain","size":215},{"uid":"adab275035fccf59","name":"Screenshot: Enter email (success)","source":"adab275035fccf59.png","type":"image/png","size":45804}],"parameters":[],"shouldDisplayMessage":false,"stepsCount":0,"attachmentsCount":2,"hasContent":true,"attachmentStep":false},{"name":"Enter password","time":{"start":1767928296747,"stop":1767928297064,"duration":317},"status":"passed","steps":[],"attachments":[{"uid":"e724ace57d216cc3","name":"Page URL","source":"e724ace57d216cc3.txt","type":"text/plain","size":215},{"uid":"fc78d54cb6407689","name":"Screenshot: Enter password (success)","source":"fc78d54cb6407689.png","type":"image/png","size":45953}],"parameters":[],"shouldDisplayMessage":false,"stepsCount":0,"attachmentsCount":2,"hasContent":true,"attachmentStep":false},{"name":"Click Continue button","time":{"start":1767928297064,"stop":1767928309379,"duration":12315},"status":"passed","steps":[],"attachments":[{"uid":"18b76a079a0398ba","name":"Page URL","source":"18b76a079a0398ba.txt","type":"text/plain","size":215},{"uid":"fe352a1206f0c0b5","name":"HTTP 200 - GET config","source":"fe352a1206f0c0b5.txt","type":"text/plain","size":832},{"uid":"a8d0c95bf2cf8d19","name":"HTTP 200 - GET incoming","source":"a8d0c95bf2cf8d19.txt","type":"text/plain","size":156},{"uid":"f3912ad357baa0ae","name":"HTTP 200 - GET regression-lw9ktop7mf?include=orgs","source":"f3912ad357baa0ae.txt","type":"text/plain","size":379},{"uid":"2871755dfcd454e5","name":"HTTP 200 - GET permissions?uri=blob:","source":"2871755dfcd454e5.txt","type":"text/plain","size":182},{"uid":"a70605d1c7a6b84d","name":"HTTP 200 - GET regression-lw9ktop7mf?include=clusters&include=system_role","source":"a70605d1c7a6b84d.txt","type":"text/plain","size":407},{"uid":"78503738f3e13f72","name":"Screenshot: Click Continue button (success)","source":"78503738f3e13f72.png","type":"image/png","size":160075}],"parameters":[],"shouldDisplayMessage":false,"stepsCount":0,"attachmentsCount":7,"hasContent":true,"attachmentStep":false},{"name":"Verify that Welcome new user page displayed","time":{"start":1767928309387,"stop":1767928310479,"duration":1092},"status":"passed","steps":[],"attachments":[{"uid":"a0c1ee40c991145d","name":"Page URL","source":"a0c1ee40c991145d.txt","type":"text/plain","size":44},{"uid":"d88da1eedbd3c652","name":"Screenshot: Verify that Welcome new user page displayed (success)","source":"d88da1eedbd3c652.png","type":"image/png","size":160075}],"parameters":[],"shouldDisplayMessage":false,"stepsCount":0,"attachmentsCount":2,"hasContent":true,"attachmentStep":false}],"attachments":[{"uid":"6d00d92afe267d1f","name":"Page URL","source":"6d00d92afe267d1f.txt","type":"text/plain","size":29},{"uid":"d2f719a25f9d647","name":"Screenshot: Login via UI (success)","source":"d2f719a25f9d647.png","type":"image/png","size":160075}],"parameters":[],"shouldDisplayMessage":false,"stepsCount":7,"attachmentsCount":22,"hasContent":true,"attachmentStep":false},{"name":"Add organization via API and reload page","time":{"start":1767928310563,"stop":1767928328965,"duration":18402},"status":"passed","steps":[{"name":"Reload page","time":{"start":1767928328101,"stop":1767928328898,"duration":797},"status":"passed","steps":[{"name":"Reload page","time":{"start":1767928328102,"stop":1767928328821,"duration":719},"status":"passed","steps":[],"attachments":[{"uid":"1c5ae49b8d01b98d","name":"Page URL","source":"1c5ae49b8d01b98d.txt","type":"text/plain","size":44},{"uid":"d6a0788462149bea","name":"HTTP 200 - GET config","source":"d6a0788462149bea.txt","type":"text/plain","size":2137},{"uid":"7690a17ea2fc2f43","name":"HTTP 200 - GET permissions?uri=blob:","source":"7690a17ea2fc2f43.txt","type":"text/plain","size":255},{"uid":"43e7cf599259211a","name":"HTTP 200 - GET regression-lw9ktop7mf?include=orgs","source":"43e7cf599259211a.txt","type":"text/plain","size":474},{"uid":"30f3101444b7ff69","name":"HTTP 200 - GET regression-org-y3h1djw2r3ou","source":"30f3101444b7ff69.txt","type":"text/plain","size":444},{"uid":"9399ed9f6107bed3","name":"HTTP 200 - GET incoming","source":"9399ed9f6107bed3.txt","type":"text/plain","size":156},{"uid":"a6c6f830d0af6331","name":"HTTP 200 - GET regression-lw9ktop7mf?include=clusters&include=system_role","source":"a6c6f830d0af6331.txt","type":"text/plain","size":529},{"uid":"55ab067c2017f74d","name":"HTTP 200 - GET tags","source":"55ab067c2017f74d.txt","type":"text/plain","size":948},{"uid":"d886d8dc5d517481","name":"Screenshot: Reload page (success)","source":"d886d8dc5d517481.png","type":"image/png","size":58245}],"parameters":[],"shouldDisplayMessage":false,"stepsCount":0,"attachmentsCount":9,"hasContent":true,"attachmentStep":false}],"attachments":[{"uid":"6fdd9167136aa5dd","name":"Page URL","source":"6fdd9167136aa5dd.txt","type":"text/plain","size":44},{"uid":"c70f506132b26c62","name":"Screenshot: Reload page (success)","source":"c70f506132b26c62.png","type":"image/png","size":58245}],"parameters":[],"shouldDisplayMessage":false,"stepsCount":1,"attachmentsCount":11,"hasContent":true,"attachmentStep":false}],"attachments":[{"uid":"f9120d2c9405e02d","name":"Page URL","source":"f9120d2c9405e02d.txt","type":"text/plain","size":44},{"uid":"29537c84ff3a2fd","name":"Screenshot: Add organization via API and reload page (success)","source":"29537c84ff3a2fd.png","type":"image/png","size":58245}],"parameters":[],"shouldDisplayMessage":false,"stepsCount":2,"attachmentsCount":13,"hasContent":true,"attachmentStep":false},{"name":"Create first project from main page","time":{"start":1767928328965,"stop":1767928331627,"duration":2662},"status":"failed","statusMessage":"AssertionError: [AssertionError] during step: Create first project from main page\nMessage: [TimeoutError] during step: Wait for Create project popup disappear\nMessage: Locator.wait_for: Timeout 60ms exceeded.\nCall log:\n  - waiting for locator(\"h2\").filter(has_text=\"Create Project\") to be detached\n    3 × locator resolved to visible <h2 class=\"p-8 text-h4\">Create Project</h2>\n\nNote: Playwright Timeout. Element not found or action took too long.\n","statusTrace":"  File \"/home/runner/work/apolo-test-automation/apolo-test-automation/tests/reporting_hooks/reporting.py\", line 58, in wrapper\n    raise AssertionError(formatted_msg) from e\n","steps":[{"name":"Click Create project button on the main page","time":{"start":1767928328965,"stop":1767928329930,"duration":965},"status":"passed","steps":[],"attachments":[{"uid":"70f3bc154c89fd71","name":"Page URL","source":"70f3bc154c89fd71.txt","type":"text/plain","size":81},{"uid":"1632ae45d31c5f51","name":"Screenshot: Click Create project button on the main page (success)","source":"1632ae45d31c5f51.png","type":"image/png","size":79621}],"parameters":[],"shouldDisplayMessage":false,"stepsCount":0,"attachmentsCount":2,"hasContent":true,"attachmentStep":false},{"name":"Verify Create project popup displayed","time":{"start":1767928329930,"stop":1767928330041,"duration":111},"status":"passed","steps":[],"attachments":[{"uid":"dfbc00102bdcc8c0","name":"Page URL","source":"dfbc00102bdcc8c0.txt","type":"text/plain","size":81},{"uid":"bc38414cab5075e0","name":"Screenshot: Verify Create project popup displayed (success)","source":"bc38414cab5075e0.png","type":"image/png","size":79625}],"parameters":[],"shouldDisplayMessage":false,"stepsCount":0,"attachmentsCount":2,"hasContent":true,"attachmentStep":false},{"name":"Enter project name","time":{"start":1767928330041,"stop":1767928330376,"duration":335},"status":"passed","steps":[],"attachments":[{"uid":"589b22b05c4a4adb","name":"Page URL","source":"589b22b05c4a4adb.txt","type":"text/plain","size":81},{"uid":"f16aac003346dec7","name":"Screenshot: Enter project name (success)","source":"f16aac003346dec7.png","type":"image/png","size":83142}],"parameters":[],"shouldDisplayMessage":false,"stepsCount":0,"attachmentsCount":2,"hasContent":true,"attachmentStep":false},{"name":"Select user role","time":{"start":1767928330376,"stop":1767928330457,"duration":81},"status":"passed","steps":[],"attachments":[{"uid":"f31629770756f0a4","name":"Page URL","source":"f31629770756f0a4.txt","type":"text/plain","size":81},{"uid":"e528e5e4bc0549","name":"Screenshot: Select user role (success)","source":"e528e5e4bc0549.png","type":"image/png","size":83160}],"parameters":[],"shouldDisplayMessage":false,"stepsCount":0,"attachmentsCount":2,"hasContent":true,"attachmentStep":false},{"name":"Click Create button","time":{"start":1767928330458,"stop":1767928331392,"duration":934},"status":"passed","steps":[],"attachments":[{"uid":"4f56779f25fb3095","name":"Page URL","source":"4f56779f25fb3095.txt","type":"text/plain","size":81},{"uid":"1dc875430f2aace2","name":"HTTP 404 - GET regression-proj-tm3upjor9h","source":"1dc875430f2aace2.txt","type":"text/plain","size":340},{"uid":"16f51b8be9d140d9","name":"Screenshot: Click Create button (success)","source":"16f51b8be9d140d9.png","type":"image/png","size":82063}],"parameters":[],"shouldDisplayMessage":false,"stepsCount":0,"attachmentsCount":3,"hasContent":true,"attachmentStep":false},{"name":"Wait for Create project popup disappear","time":{"start":1767928331392,"stop":1767928331542,"duration":150},"status":"failed","statusMessage":"AssertionError: [TimeoutError] during step: Wait for Create project popup disappear\nMessage: Locator.wait_for: Timeout 60ms exceeded.\nCall log:\n  - waiting for locator(\"h2\").filter(has_text=\"Create Project\") to be detached\n    3 × locator resolved to visible <h2 class=\"p-8 text-h4\">Create Project</h2>\n\nNote: Playwright Timeout. Element not found or action took too long.\n","statusTrace":"  File \"/home/runner/work/apolo-test-automation/apolo-test-automation/tests/reporting_hooks/reporting.py\", line 58, in wrapper\n    raise AssertionError(formatted_msg) from e\n","steps":[],"attachments":[{"uid":"2e4a5163d15406eb","name":"Page URL","source":"2e4a5163d15406eb.txt","type":"text/plain","size":81},{"uid":"ae18e7d5323e85c7","name":"Screenshot: Wait for Create project popup disappear (fail)","source":"ae18e7d5323e85c7.png","type":"image/png","size":82021}],"parameters":[],"shouldDisplayMessage":true,"stepsCount":0,"attachmentsCount":2,"hasContent":true,"attachmentStep":false}],"attachments":[{"uid":"7b66f8ccfc9caf92","name":"Page URL","source":"7b66f8ccfc9caf92.txt","type":"text/plain","size":81},{"uid":"e62df6694540e0b1","name":"Screenshot: Create first project from main page (fail)","source":"e62df6694540e0b1.png","type":"image/png","size":82001}],"parameters":[],"shouldDisplayMessage":true,"stepsCount":6,"attachmentsCount":15,"hasContent":true,"attachmentStep":false}],"attachments":[{"uid":"ec594e055b6b2a4a","name":"log","source":"ec594e055b6b2a4a.txt","type":"text/plain","size":21845}],"parameters":[],"shouldDisplayMessage":true,"stepsCount":18,"attachmentsCount":51,"hasContent":true,"attachmentStep":false},"afterStages":[{"name":"add_page_manager::finalizer","time":{"start":1767928331789,"stop":1767928331789,"duration":0},"status":"passed","steps":[],"attachments":[],"parameters":[],"shouldDisplayMessage":false,"stepsCount":0,"attachmentsCount":0,"hasContent":false,"attachmentStep":false},{"name":"setup_cleanup::finalizer","time":{"start":1767928331790,"stop":1767928331790,"duration":0},"status":"passed","steps":[],"attachments":[],"parameters":[],"shouldDisplayMessage":false,"stepsCount":0,"attachmentsCount":0,"hasContent":false,"attachmentStep":false},{"name":"setup_cleanup::finalizer","time":{"start":1767928331790,"stop":1767928337642,"duration":5852},"status":"passed","steps":[{"name":"Post-test cleanup","time":{"start":1767928331790,"stop":1767928337642,"duration":5852},"status":"passed","steps":[{"name":"Delete organisation: regression-org-y3h1djw2r3ou","time":{"start":1767928335239,"stop":1767928337599,"duration":2360},"status":"passed","steps":[],"attachments":[],"parameters":[],"shouldDisplayMessage":false,"stepsCount":0,"attachmentsCount":0,"hasContent":false,"attachmentStep":false}],"attachments":[],"parameters":[],"shouldDisplayMessage":false,"stepsCount":1,"attachmentsCount":0,"hasContent":true,"attachmentStep":false}],"attachments":[],"parameters":[],"shouldDisplayMessage":false,"stepsCount":2,"attachmentsCount":0,"hasContent":true,"attachmentStep":false},{"name":"api_helper::finalizer","time":{"start":1767928337643,"stop":1767928337643,"duration":0},"status":"passed","steps":[],"attachments":[],"parameters":[],"shouldDisplayMessage":false,"stepsCount":0,"attachmentsCount":0,"hasContent":false,"attachmentStep":false},{"name":"_function_scoped_runner::0","time":{"start":1767928337644,"stop":1767928337645,"duration":1},"status":"passed","steps":[],"attachments":[],"parameters":[],"shouldDisplayMessage":false,"stepsCount":0,"attachmentsCount":0,"hasContent":false,"attachmentStep":false}],"labels":[{"name":"suite","value":"UI Project Structure Setup"},{"name":"parentSuite","value":"UI Tests"},{"name":"tag","value":"asyncio"},{"name":"subSuite","value":"TestUIProjectStructureSetup"},{"name":"host","value":"runnervmi13qx"},{"name":"thread","value":"2984-MainThread"},{"name":"framework","value":"pytest"},{"name":"language","value":"cpython3"},{"name":"package","value":"tests.test_cases.tests_ui.test_project_structure_setup"},{"name":"resultFormat","value":"allure2"}],"parameters":[],"links":[],"hidden":true,"retry":true,"extra":{"categories":[],"tags":["asyncio"]},"source":"c871c2b5dd1caa73.json","parameterValues":[]}