{"uid":"c8c46bbfced9ac36","name":"Import Service Deployment app config via UI","fullName":"tests.test_cases.tests_e2e.test_service_deployment_app.TestE2EServiceDeploymentApp#test_import_app_config_via_ui","historyId":"0ec9874b606d391c772deb1229267005","time":{"start":1768017142765,"stop":1768017211759,"duration":68994},"description":"\n- Login with valid credentials.\n- Create new organization via **API**.\n- Create new project via **API**.\n- Import Service Deployment app config via UI.\n\n### Verify that:\n\n- Install required data is the same as in imported config.\n","descriptionHtml":"<div style='line-height:1.6;'><ul>\n<li>Login with valid credentials.</li>\n<li>Create new organization via <strong>API</strong>.</li>\n<li>Create new project via <strong>API</strong>.</li>\n<li>Import Service Deployment app config via UI.</li>\n</ul>\n<h3>Verify that:</h3>\n<ul>\n<li>Install required data is the same as in imported config.</li>\n</ul></div>","status":"failed","statusMessage":"AssertionError: [AssertionError] during step: Verify that Shell install page displayed\nMessage: Shell Install page should be displayed!","statusTrace":"tests/reporting_hooks/reporting.py:49: in wrapper\n    result = await func(*args, **kwargs)\n             ^^^^^^^^^^^^^^^^^^^^^^^^^^^\ntests/test_cases/steps/ui_steps/page_steps_impl/apps/shell_install_page_steps.py:23: in verify_ui_page_displayed\n    assert await self._pm.shell_install_page.is_loaded(), (\n           ^^^^^^^^^^^^^^^^^^^^^^^^^^^^^^^^^^^^^^^^^^^^^\nE   AssertionError: Shell Install page should be displayed!\n\nThe above exception was the direct cause of the following exception:\ntests/test_cases/tests_e2e/test_service_deployment_app.py:809: in test_import_app_config_via_ui\n    await ui_steps.shell_install_page.verify_ui_page_displayed()\ntests/reporting_hooks/reporting.py:58: in wrapper\n    raise AssertionError(formatted_msg) from e\nE   AssertionError: [AssertionError] during step: Verify that Shell install page displayed\nE   Message: Shell Install page should be displayed!","flaky":false,"newFailed":false,"newBroken":false,"newPassed":false,"retriesCount":0,"retriesStatusChange":false,"beforeStages":[{"name":"base_url","time":{"start":1768008704921,"stop":1768008704921,"duration":0},"status":"passed","steps":[],"attachments":[],"parameters":[],"shouldDisplayMessage":false,"stepsCount":0,"attachmentsCount":0,"hasContent":false,"attachmentStep":false},{"name":"_verify_url","time":{"start":1768008704921,"stop":1768008704921,"duration":0},"status":"passed","steps":[],"attachments":[],"parameters":[],"shouldDisplayMessage":false,"stepsCount":0,"attachmentsCount":0,"hasContent":false,"attachmentStep":false},{"name":"pytestconfig","time":{"start":1768008704921,"stop":1768008704921,"duration":0},"status":"passed","steps":[],"attachments":[],"parameters":[],"shouldDisplayMessage":false,"stepsCount":0,"attachmentsCount":0,"hasContent":false,"attachmentStep":false},{"name":"delete_output_dir","time":{"start":1768008704922,"stop":1768008704922,"duration":0},"status":"passed","steps":[],"attachments":[],"parameters":[],"shouldDisplayMessage":false,"stepsCount":0,"attachmentsCount":0,"hasContent":false,"attachmentStep":false},{"name":"delay_worker_start","time":{"start":1768008704922,"stop":1768008704922,"duration":0},"status":"passed","steps":[],"attachments":[],"parameters":[],"shouldDisplayMessage":false,"stepsCount":0,"attachmentsCount":0,"hasContent":false,"attachmentStep":false},{"name":"ensure_storage_directories","time":{"start":1768008704922,"stop":1768008704922,"duration":0},"status":"passed","steps":[],"attachments":[],"parameters":[],"shouldDisplayMessage":false,"stepsCount":0,"attachmentsCount":0,"hasContent":false,"attachmentStep":false},{"name":"event_loop_policy","time":{"start":1768008704922,"stop":1768008704922,"duration":0},"status":"passed","steps":[],"attachments":[],"parameters":[],"shouldDisplayMessage":false,"stepsCount":0,"attachmentsCount":0,"hasContent":false,"attachmentStep":false},{"name":"test_config","time":{"start":1768017141865,"stop":1768017141868,"duration":3},"status":"passed","steps":[],"attachments":[],"parameters":[],"shouldDisplayMessage":false,"stepsCount":0,"attachmentsCount":0,"hasContent":false,"attachmentStep":false},{"name":"page_manager","time":{"start":1768017141868,"stop":1768017142762,"duration":894},"status":"passed","steps":[],"attachments":[],"parameters":[],"shouldDisplayMessage":false,"stepsCount":0,"attachmentsCount":0,"hasContent":false,"attachmentStep":false},{"name":"_function_scoped_runner","time":{"start":1768017141868,"stop":1768017141869,"duration":1},"status":"passed","steps":[],"attachments":[],"parameters":[],"shouldDisplayMessage":false,"stepsCount":0,"attachmentsCount":0,"hasContent":false,"attachmentStep":false},{"name":"data_manager","time":{"start":1768017142762,"stop":1768017142762,"duration":0},"status":"passed","steps":[],"attachments":[],"parameters":[],"shouldDisplayMessage":false,"stepsCount":0,"attachmentsCount":0,"hasContent":false,"attachmentStep":false},{"name":"users_manager","time":{"start":1768017142762,"stop":1768017142763,"duration":1},"status":"passed","steps":[],"attachments":[],"parameters":[],"shouldDisplayMessage":false,"stepsCount":0,"attachmentsCount":0,"hasContent":false,"attachmentStep":false},{"name":"apolo_cli","time":{"start":1768017142763,"stop":1768017142763,"duration":0},"status":"passed","steps":[],"attachments":[],"parameters":[],"shouldDisplayMessage":false,"stepsCount":0,"attachmentsCount":0,"hasContent":false,"attachmentStep":false},{"name":"setup_cleanup","time":{"start":1768017142763,"stop":1768017142764,"duration":1},"status":"passed","steps":[],"attachments":[],"parameters":[],"shouldDisplayMessage":false,"stepsCount":0,"attachmentsCount":0,"hasContent":false,"attachmentStep":false},{"name":"api_helper","time":{"start":1768017142763,"stop":1768017142763,"duration":0},"status":"passed","steps":[],"attachments":[],"parameters":[],"shouldDisplayMessage":false,"stepsCount":0,"attachmentsCount":0,"hasContent":false,"attachmentStep":false},{"name":"_inject_fixtures","time":{"start":1768017142764,"stop":1768017142764,"duration":0},"status":"passed","steps":[],"attachments":[],"parameters":[],"shouldDisplayMessage":false,"stepsCount":0,"attachmentsCount":0,"hasContent":false,"attachmentStep":false},{"name":"add_page_manager","time":{"start":1768017142764,"stop":1768017142764,"duration":0},"status":"passed","steps":[],"attachments":[],"parameters":[],"shouldDisplayMessage":false,"stepsCount":0,"attachmentsCount":0,"hasContent":false,"attachmentStep":false},{"name":"setup","time":{"start":1768017142765,"stop":1768017142765,"duration":0},"status":"passed","steps":[],"attachments":[],"parameters":[],"shouldDisplayMessage":false,"stepsCount":0,"attachmentsCount":0,"hasContent":false,"attachmentStep":false}],"testStage":{"description":"\n- Login with valid credentials.\n- Create new organization via **API**.\n- Create new project via **API**.\n- Import Service Deployment app config via UI.\n\n### Verify that:\n\n- Install required data is the same as in imported config.\n","descriptionHtml":"<div style='line-height:1.6;'><ul>\n<li>Login with valid credentials.</li>\n<li>Create new organization via <strong>API</strong>.</li>\n<li>Create new project via <strong>API</strong>.</li>\n<li>Import Service Deployment app config via UI.</li>\n</ul>\n<h3>Verify that:</h3>\n<ul>\n<li>Install required data is the same as in imported config.</li>\n</ul></div>","status":"failed","statusMessage":"AssertionError: [AssertionError] during step: Verify that Shell install page displayed\nMessage: Shell Install page should be displayed!","statusTrace":"tests/reporting_hooks/reporting.py:49: in wrapper\n    result = await func(*args, **kwargs)\n             ^^^^^^^^^^^^^^^^^^^^^^^^^^^\ntests/test_cases/steps/ui_steps/page_steps_impl/apps/shell_install_page_steps.py:23: in verify_ui_page_displayed\n    assert await self._pm.shell_install_page.is_loaded(), (\n           ^^^^^^^^^^^^^^^^^^^^^^^^^^^^^^^^^^^^^^^^^^^^^\nE   AssertionError: Shell Install page should be displayed!\n\nThe above exception was the direct cause of the following exception:\ntests/test_cases/tests_e2e/test_service_deployment_app.py:809: in test_import_app_config_via_ui\n    await ui_steps.shell_install_page.verify_ui_page_displayed()\ntests/reporting_hooks/reporting.py:58: in wrapper\n    raise AssertionError(formatted_msg) from e\nE   AssertionError: [AssertionError] during step: Verify that Shell install page displayed\nE   Message: Shell Install page should be displayed!","steps":[{"name":"Login via UI","time":{"start":1768017142766,"stop":1768017158141,"duration":15375},"status":"passed","steps":[{"name":"Verify that Auth page displayed","time":{"start":1768017142766,"stop":1768017143856,"duration":1090},"status":"passed","steps":[],"attachments":[{"uid":"5550d2eb14a8a8a5","name":"Page URL","source":"5550d2eb14a8a8a5.txt","type":"text/plain","size":29},{"uid":"e556096222987210","name":"HTTP 200 - GET config","source":"e556096222987210.txt","type":"text/plain","size":673},{"uid":"1edf9b0103112d80","name":"Screenshot: Verify that Auth page displayed (success)","source":"1edf9b0103112d80.png","type":"image/png","size":88563}],"parameters":[],"shouldDisplayMessage":false,"stepsCount":0,"attachmentsCount":3,"hasContent":true,"attachmentStep":false},{"name":"Click login button","time":{"start":1768017143856,"stop":1768017144950,"duration":1094},"status":"passed","steps":[],"attachments":[{"uid":"15867301e6dac57e","name":"Page URL","source":"15867301e6dac57e.txt","type":"text/plain","size":33},{"uid":"8b072a810ad01a86","name":"Screenshot: Click login button (success)","source":"8b072a810ad01a86.png","type":"image/png","size":41524}],"parameters":[],"shouldDisplayMessage":false,"stepsCount":0,"attachmentsCount":2,"hasContent":true,"attachmentStep":false},{"name":"Verify that Login page displayed","time":{"start":1768017144950,"stop":1768017145050,"duration":100},"status":"passed","steps":[],"attachments":[{"uid":"4af9c35da33afb56","name":"Page URL","source":"4af9c35da33afb56.txt","type":"text/plain","size":215},{"uid":"c8e3eb26d381cc3","name":"Screenshot: Verify that Login page displayed (success)","source":"c8e3eb26d381cc3.png","type":"image/png","size":41637}],"parameters":[],"shouldDisplayMessage":false,"stepsCount":0,"attachmentsCount":2,"hasContent":true,"attachmentStep":false},{"name":"Enter email","time":{"start":1768017145050,"stop":1768017145369,"duration":319},"status":"passed","steps":[],"attachments":[{"uid":"2583aedac31af180","name":"Page URL","source":"2583aedac31af180.txt","type":"text/plain","size":215},{"uid":"23615d53df84362b","name":"Screenshot: Enter email (success)","source":"23615d53df84362b.png","type":"image/png","size":45995}],"parameters":[],"shouldDisplayMessage":false,"stepsCount":0,"attachmentsCount":2,"hasContent":true,"attachmentStep":false},{"name":"Enter password","time":{"start":1768017145369,"stop":1768017145685,"duration":316},"status":"passed","steps":[],"attachments":[{"uid":"50245ea82568dee9","name":"Page URL","source":"50245ea82568dee9.txt","type":"text/plain","size":215},{"uid":"f630158de3acfcf2","name":"Screenshot: Enter password (success)","source":"f630158de3acfcf2.png","type":"image/png","size":46133}],"parameters":[],"shouldDisplayMessage":false,"stepsCount":0,"attachmentsCount":2,"hasContent":true,"attachmentStep":false},{"name":"Click Continue button","time":{"start":1768017145685,"stop":1768017157954,"duration":12269},"status":"passed","steps":[],"attachments":[{"uid":"f261bbe2c8227ca5","name":"Page URL","source":"f261bbe2c8227ca5.txt","type":"text/plain","size":215},{"uid":"fbc0a28090c3310","name":"HTTP 200 - GET config","source":"fbc0a28090c3310.txt","type":"text/plain","size":2137},{"uid":"a98b9f2cf23e61b9","name":"HTTP 200 - GET incoming","source":"a98b9f2cf23e61b9.txt","type":"text/plain","size":156},{"uid":"aca7a96dad123d3e","name":"HTTP 200 - GET regression-org-iq0vuot35z5z","source":"aca7a96dad123d3e.txt","type":"text/plain","size":444},{"uid":"414e7972bf610e4f","name":"HTTP 200 - GET instances?org=regression-org-iq0vuot35z5z&project=regression-proj-k3qf8gd528&cluster=default&size=100","source":"414e7972bf610e4f.txt","type":"text/plain","size":290},{"uid":"889cbcdb8b1ebec6","name":"HTTP 200 - GET regression-ul98tp8wxi?include=orgs","source":"889cbcdb8b1ebec6.txt","type":"text/plain","size":474},{"uid":"1e672618e6563dba","name":"HTTP 200 - GET permissions?uri=blob:","source":"1e672618e6563dba.txt","type":"text/plain","size":255},{"uid":"951046020f6130ef","name":"HTTP 200 - GET regression-ul98tp8wxi?include=clusters&include=system_role","source":"951046020f6130ef.txt","type":"text/plain","size":529},{"uid":"9d58052a8cd051d7","name":"HTTP 200 - GET instances?org=regression-org-iq0vuot35z5z&project=regression-proj-k3qf8gd528&cluster=default&size=100","source":"9d58052a8cd051d7.txt","type":"text/plain","size":290},{"uid":"57237a45678932bd","name":"HTTP 200 - GET tags","source":"57237a45678932bd.txt","type":"text/plain","size":948},{"uid":"125006892c446b65","name":"HTTP 200 - GET templates","source":"125006892c446b65.txt","type":"text/plain","size":2146},{"uid":"4abf80893735da86","name":"HTTP 200 - GET templates?page=1&size=50","source":"4abf80893735da86.txt","type":"text/plain","size":2161},{"uid":"7360d75b37cfb39f","name":"Screenshot: Click Continue button (success)","source":"7360d75b37cfb39f.png","type":"image/png","size":152750}],"parameters":[],"shouldDisplayMessage":false,"stepsCount":0,"attachmentsCount":13,"hasContent":true,"attachmentStep":false},{"name":"Verify Apps page displayed","time":{"start":1768017157963,"stop":1768017158055,"duration":92},"status":"passed","steps":[],"attachments":[{"uid":"1cabef4c8951b11","name":"Page URL","source":"1cabef4c8951b11.txt","type":"text/plain","size":116},{"uid":"977536c10a45c3e5","name":"Screenshot: Verify Apps page displayed (success)","source":"977536c10a45c3e5.png","type":"image/png","size":152750}],"parameters":[],"shouldDisplayMessage":false,"stepsCount":0,"attachmentsCount":2,"hasContent":true,"attachmentStep":false}],"attachments":[{"uid":"da048c2077819933","name":"Page URL","source":"da048c2077819933.txt","type":"text/plain","size":29},{"uid":"22d2848dede9ca3d","name":"Screenshot: Login via UI (success)","source":"22d2848dede9ca3d.png","type":"image/png","size":152750}],"parameters":[],"shouldDisplayMessage":false,"stepsCount":7,"attachmentsCount":28,"hasContent":true,"attachmentStep":false},{"name":"Verify Shell app container displayed on the main page","time":{"start":1768017158141,"stop":1768017198988,"duration":40847},"status":"passed","steps":[],"attachments":[{"uid":"d7e260f2ec7c2856","name":"Page URL","source":"d7e260f2ec7c2856.txt","type":"text/plain","size":116},{"uid":"47a1ba14b270b531","name":"Screenshot: Verify Shell app container displayed on the main page (success)","source":"47a1ba14b270b531.png","type":"image/png","size":161160}],"parameters":[],"shouldDisplayMessage":false,"stepsCount":0,"attachmentsCount":2,"hasContent":true,"attachmentStep":false},{"name":"Click Install button on the Shell container","time":{"start":1768017198988,"stop":1768017201642,"duration":2654},"status":"passed","steps":[],"attachments":[{"uid":"fb481f26ef55bae4","name":"Page URL","source":"fb481f26ef55bae4.txt","type":"text/plain","size":116},{"uid":"c79662af4ee3a626","name":"HTTP 200 - GET instances?org=regression-org-iq0vuot35z5z&project=regression-proj-k3qf8gd528&cluster=default&size=100","source":"c79662af4ee3a626.txt","type":"text/plain","size":290},{"uid":"4255ee85b5271c5a","name":"Screenshot: Click Install button on the Shell container (success)","source":"4255ee85b5271c5a.png","type":"image/png","size":8511}],"parameters":[],"shouldDisplayMessage":false,"stepsCount":0,"attachmentsCount":3,"hasContent":true,"attachmentStep":false},{"name":"Verify that Shell install page displayed","time":{"start":1768017201642,"stop":1768017211758,"duration":10116},"status":"failed","statusMessage":"AssertionError: [AssertionError] during step: Verify that Shell install page displayed\nMessage: Shell Install page should be displayed!\n","statusTrace":"  File \"/home/runner/work/apolo-test-automation/apolo-test-automation/tests/reporting_hooks/reporting.py\", line 58, in wrapper\n    raise AssertionError(formatted_msg) from e\n","steps":[],"attachments":[{"uid":"1b9282b91292d1e8","name":"Page URL","source":"1b9282b91292d1e8.txt","type":"text/plain","size":130},{"uid":"10c8cad408334f20","name":"Screenshot: Verify that Shell install page displayed (fail)","source":"10c8cad408334f20.png","type":"image/png","size":8511}],"parameters":[],"shouldDisplayMessage":true,"stepsCount":0,"attachmentsCount":2,"hasContent":true,"attachmentStep":false}],"attachments":[{"uid":"adee09d11ca1e99d","name":"log","source":"adee09d11ca1e99d.txt","type":"text/plain","size":24373}],"parameters":[],"shouldDisplayMessage":true,"stepsCount":11,"attachmentsCount":36,"hasContent":true,"attachmentStep":false},"afterStages":[{"name":"setup_cleanup::finalizer","time":{"start":1768017211778,"stop":1768017211778,"duration":0},"status":"passed","steps":[],"attachments":[],"parameters":[],"shouldDisplayMessage":false,"stepsCount":0,"attachmentsCount":0,"hasContent":false,"attachmentStep":false},{"name":"setup_cleanup::finalizer","time":{"start":1768017211778,"stop":1768017305611,"duration":93833},"status":"passed","steps":[{"name":"Post-test cleanup","time":{"start":1768017211778,"stop":1768017305611,"duration":93833},"status":"passed","steps":[{"name":"Delete organisation: regression-org-iq0vuot35z5z","time":{"start":1768017214815,"stop":1768017215444,"duration":629},"status":"passed","steps":[{"name":"Delete project: regression-proj-k3qf8gd528","time":{"start":1768017214874,"stop":1768017214978,"duration":104},"status":"passed","steps":[],"attachments":[],"parameters":[],"shouldDisplayMessage":false,"stepsCount":0,"attachmentsCount":0,"hasContent":false,"attachmentStep":false}],"attachments":[],"parameters":[],"shouldDisplayMessage":false,"stepsCount":1,"attachmentsCount":0,"hasContent":true,"attachmentStep":false}],"attachments":[],"parameters":[],"shouldDisplayMessage":false,"stepsCount":2,"attachmentsCount":0,"hasContent":true,"attachmentStep":false}],"attachments":[],"parameters":[],"shouldDisplayMessage":false,"stepsCount":3,"attachmentsCount":0,"hasContent":true,"attachmentStep":false},{"name":"add_page_manager::finalizer","time":{"start":1768017211778,"stop":1768017211778,"duration":0},"status":"passed","steps":[],"attachments":[],"parameters":[],"shouldDisplayMessage":false,"stepsCount":0,"attachmentsCount":0,"hasContent":false,"attachmentStep":false},{"name":"api_helper::finalizer","time":{"start":1768017305611,"stop":1768017305612,"duration":1},"status":"passed","steps":[],"attachments":[],"parameters":[],"shouldDisplayMessage":false,"stepsCount":0,"attachmentsCount":0,"hasContent":false,"attachmentStep":false},{"name":"_function_scoped_runner::0","time":{"start":1768017305613,"stop":1768017305613,"duration":0},"status":"passed","steps":[],"attachments":[],"parameters":[],"shouldDisplayMessage":false,"stepsCount":0,"attachmentsCount":0,"hasContent":false,"attachmentStep":false}],"labels":[{"name":"parentSuite","value":"E2E Tests"},{"name":"suite","value":"Service Deployment App"},{"name":"tag","value":"asyncio"},{"name":"tag","value":"class_setup"},{"name":"subSuite","value":"TestE2EServiceDeploymentApp"},{"name":"host","value":"runnervmi13qx"},{"name":"thread","value":"2986-MainThread"},{"name":"framework","value":"pytest"},{"name":"language","value":"cpython3"},{"name":"package","value":"tests.test_cases.tests_e2e.test_service_deployment_app"},{"name":"resultFormat","value":"allure2"}],"parameters":[],"links":[],"hidden":false,"retry":false,"extra":{"severity":"normal","retries":[],"categories":[{"name":"Product defects","matchedStatuses":[],"flaky":false}],"history":{"statistic":{"failed":75,"broken":0,"skipped":0,"passed":0,"unknown":0,"total":75},"items":[{"uid":"45fea5712b820b55","status":"failed","statusDetails":"AssertionError: [TimeoutError] during step: Click Apply config button\nMessage: Element not ready for click after 10000ms: <Locator frame=<Frame name= url='https://console.dev.apolo.us/apps/shell/install?cluster=default&project=regression-proj-x8celwgbi1&org=regression-org-r177c899egk3'> selector='internal:role=button[name=\"Apply config\"i]'>\nLast error: Locator expected to be enabled\nActual value: disabled \nCall log:\n  - Expect \"to_be_enabled\" with timeout 500ms\n  - waiting for get_by_role(\"button\", name=\"Apply config\")\n    4 × locator resolved to <button disabled type=\"button\" class=\"relative inline-flex cursor-pointer items-center justify-center rounded-xl py-1 transition-colors text-button h-12 gap-2 bg-primary text-white hover:bg-primary-medium active:bg-primary-dark disabled:bg-neural-01 disabled:text-neural-03 px-10 capitalize pointer-events-none\">Apply config</button>\n      - unexpected value \"disabled\"","time":{"start":1767931365892,"stop":1767931448268,"duration":82376}},{"uid":"4f1135c030c1785","status":"failed","statusDetails":"AssertionError: [TimeoutError] during step: Click Apply config button\nMessage: Element not ready for click after 10000ms: <Locator frame=<Frame name= url='https://console.dev.apolo.us/apps/shell/install?cluster=default&project=regression-proj-065bjr25da&org=regression-org-npl2n8e6t6l6'> selector='internal:role=button[name=\"Apply config\"i]'>\nLast error: Locator expected to be enabled\nActual value: disabled \nCall log:\n  - Expect \"to_be_enabled\" with timeout 500ms\n  - waiting for get_by_role(\"button\", name=\"Apply config\")\n    4 × locator resolved to <button disabled type=\"button\" class=\"relative inline-flex cursor-pointer items-center justify-center rounded-xl py-1 transition-colors text-button h-12 gap-2 bg-primary text-white hover:bg-primary-medium active:bg-primary-dark disabled:bg-neural-01 disabled:text-neural-03 px-10 capitalize pointer-events-none\">Apply config</button>\n      - unexpected value \"disabled\"","time":{"start":1767759112634,"stop":1767759203283,"duration":90649}},{"uid":"48034563b47affff","status":"failed","statusDetails":"AssertionError: [TimeoutError] during step: Click Apply config button\nMessage: Element not ready for click after 10000ms: <Locator frame=<Frame name= url='https://console.dev.apolo.us/apps/shell/install?cluster=default&project=regression-proj-1rjl12lt2f&org=regression-org-mihxmxtw9y1k'> selector='internal:role=button[name=\"Apply config\"i]'>\nLast error: Locator expected to be enabled\nActual value: disabled \nCall log:\n  - Expect \"to_be_enabled\" with timeout 500ms\n  - waiting for get_by_role(\"button\", name=\"Apply config\")\n    4 × locator resolved to <button disabled type=\"button\" class=\"relative inline-flex cursor-pointer items-center justify-center rounded-xl py-1 transition-colors text-button h-12 gap-2 bg-primary text-white hover:bg-primary-medium active:bg-primary-dark disabled:bg-neural-01 disabled:text-neural-03 px-10 capitalize pointer-events-none\">Apply config</button>\n      - unexpected value \"disabled\"","time":{"start":1767672641628,"stop":1767672839430,"duration":197802}},{"uid":"4245117ea6b66511","status":"failed","statusDetails":"AssertionError: [TimeoutError] during step: Click Apply config button\nMessage: Element not ready for click after 10000ms: <Locator frame=<Frame name= url='https://console.dev.apolo.us/apps/shell/install?cluster=default&project=regression-proj-onxfrgtm0c&org=regression-org-dlcucddvjmpf'> selector='internal:role=button[name=\"Apply config\"i]'>\nLast error: Locator expected to be enabled\nActual value: disabled \nCall log:\n  - Expect \"to_be_enabled\" with timeout 500ms\n  - waiting for get_by_role(\"button\", name=\"Apply config\")\n    4 × locator resolved to <button disabled type=\"button\" class=\"relative inline-flex cursor-pointer items-center justify-center rounded-xl py-1 transition-colors text-button h-12 gap-2 bg-primary text-white hover:bg-primary-medium active:bg-primary-dark disabled:bg-neural-01 disabled:text-neural-03 px-10 capitalize pointer-events-none\">Apply config</button>\n      - unexpected value \"disabled\"","time":{"start":1767586029654,"stop":1767586111617,"duration":81963}},{"uid":"927a7e5a66fa121","status":"failed","statusDetails":"AssertionError: [TimeoutError] during step: Click Apply config button\nMessage: Element not ready for click after 10000ms: <Locator frame=<Frame name= url='https://console.dev.apolo.us/apps/shell/install?cluster=default&project=regression-proj-sfv0n4ql7g&org=regression-org-3zmmcnuaoqos'> selector='internal:role=button[name=\"Apply config\"i]'>\nLast error: Locator expected to be enabled\nActual value: disabled \nCall log:\n  - Expect \"to_be_enabled\" with timeout 500ms\n  - waiting for get_by_role(\"button\", name=\"Apply config\")\n    4 × locator resolved to <button disabled type=\"button\" class=\"relative inline-flex cursor-pointer items-center justify-center rounded-xl py-1 transition-colors text-button h-12 gap-2 bg-primary text-white hover:bg-primary-medium active:bg-primary-dark disabled:bg-neural-01 disabled:text-neural-03 px-10 capitalize pointer-events-none\">Apply config</button>\n      - unexpected value \"disabled\"","time":{"start":1767499152699,"stop":1767499243557,"duration":90858}},{"uid":"b8df9ac005e0e85c","status":"failed","statusDetails":"AssertionError: [TimeoutError] during step: Click Apply config button\nMessage: Element not ready for click after 10000ms: <Locator frame=<Frame name= url='https://console.dev.apolo.us/apps/shell/install?cluster=default&project=regression-proj-tbeavxnaud&org=regression-org-o9okqryqayfh'> selector='internal:role=button[name=\"Apply config\"i]'>\nLast error: Locator expected to be enabled\nActual value: disabled \nCall log:\n  - Expect \"to_be_enabled\" with timeout 500ms\n  - waiting for get_by_role(\"button\", name=\"Apply config\")\n    4 × locator resolved to <button disabled type=\"button\" class=\"relative inline-flex cursor-pointer items-center justify-center rounded-xl py-1 transition-colors text-button h-12 gap-2 bg-primary text-white hover:bg-primary-medium active:bg-primary-dark disabled:bg-neural-01 disabled:text-neural-03 px-10 capitalize pointer-events-none\">Apply config</button>\n      - unexpected value \"disabled\"","time":{"start":1767411901692,"stop":1767411982810,"duration":81118}},{"uid":"d6d04544c28d4551","status":"failed","statusDetails":"AssertionError: [AssertionError] during step: Verify that Shell install page displayed\nMessage: Shell Install page should be displayed!","time":{"start":1767326575539,"stop":1767326643760,"duration":68221}},{"uid":"e54871ae23e74419","status":"failed","statusDetails":"AssertionError: [TimeoutError] during step: Click Apply config button\nMessage: Element not ready for click after 10000ms: <Locator frame=<Frame name= url='https://console.dev.apolo.us/apps/shell/install?cluster=default&project=regression-proj-dkryo9n75f&org=regression-org-26tc04fut5jy'> selector='internal:role=button[name=\"Apply config\"i]'>\nLast error: Locator expected to be enabled\nActual value: disabled \nCall log:\n  - Expect \"to_be_enabled\" with timeout 500ms\n  - waiting for get_by_role(\"button\", name=\"Apply config\")\n    4 × locator resolved to <button disabled type=\"button\" class=\"relative inline-flex cursor-pointer items-center justify-center rounded-xl py-1 transition-colors text-button h-12 gap-2 bg-primary text-white hover:bg-primary-medium active:bg-primary-dark disabled:bg-neural-01 disabled:text-neural-03 px-10 capitalize pointer-events-none\">Apply config</button>\n      - unexpected value \"disabled\"","time":{"start":1767239281238,"stop":1767239362812,"duration":81574}},{"uid":"38c8c6ed062cdcc5","status":"failed","statusDetails":"AssertionError: [AssertionError] during step: Verify that Shell install page displayed\nMessage: Shell Install page should be displayed!","time":{"start":1767152799711,"stop":1767152858946,"duration":59235}},{"uid":"1dba0e1c749ac20d","status":"failed","statusDetails":"AssertionError: [TimeoutError] during step: Click Apply config button\nMessage: Element not ready for click after 10000ms: <Locator frame=<Frame name= url='https://console.dev.apolo.us/apps/shell/install?cluster=default&project=regression-proj-qne88e4vps&org=regression-org-w1c3vhsit1tq'> selector='internal:role=button[name=\"Apply config\"i]'>\nLast error: Locator expected to be enabled\nActual value: disabled \nCall log:\n  - Expect \"to_be_enabled\" with timeout 500ms\n  - waiting for get_by_role(\"button\", name=\"Apply config\")\n    4 × locator resolved to <button disabled type=\"button\" class=\"relative inline-flex cursor-pointer items-center justify-center rounded-xl py-1 transition-colors text-button h-12 gap-2 bg-primary text-white hover:bg-primary-medium active:bg-primary-dark disabled:bg-neural-01 disabled:text-neural-03 px-10 capitalize pointer-events-none\">Apply config</button>\n      - unexpected value \"disabled\"","time":{"start":1767066520216,"stop":1767066611644,"duration":91428}},{"uid":"edb518514c008273","status":"failed","statusDetails":"AssertionError: [TimeoutError] during step: Click Apply config button\nMessage: Element not ready for click after 10000ms: <Locator frame=<Frame name= url='https://console.dev.apolo.us/apps/shell/install?cluster=default&project=regression-proj-cjkae330dg&org=regression-org-lt3sa8u4hgai'> selector='internal:role=button[name=\"Apply config\"i]'>\nLast error: Locator expected to be enabled\nActual value: disabled \nCall log:\n  - Expect \"to_be_enabled\" with timeout 500ms\n  - waiting for get_by_role(\"button\", name=\"Apply config\")\n    4 × locator resolved to <button disabled type=\"button\" class=\"relative inline-flex cursor-pointer items-center justify-center rounded-xl py-1 transition-colors text-button h-12 gap-2 bg-primary text-white hover:bg-primary-medium active:bg-primary-dark disabled:bg-neural-01 disabled:text-neural-03 px-10 capitalize pointer-events-none\">Apply config</button>\n      - unexpected value \"disabled\"","time":{"start":1766980141028,"stop":1766980223458,"duration":82430}},{"uid":"d6325ce803151e48","status":"failed","statusDetails":"AssertionError: [TimeoutError] during step: Click Apply config button\nMessage: Element not ready for click after 10000ms: <Locator frame=<Frame name= url='https://console.dev.apolo.us/apps/shell/install?cluster=default&project=regression-proj-8wf67p6e4q&org=regression-org-4ghpzxz8d4qk'> selector='internal:role=button[name=\"Apply config\"i]'>\nLast error: Locator expected to be enabled\nActual value: disabled \nCall log:\n  - Expect \"to_be_enabled\" with timeout 500ms\n  - waiting for get_by_role(\"button\", name=\"Apply config\")\n    4 × locator resolved to <button disabled type=\"button\" class=\"relative inline-flex cursor-pointer items-center justify-center rounded-xl py-1 transition-colors text-button h-12 gap-2 bg-primary text-white hover:bg-primary-medium active:bg-primary-dark disabled:bg-neural-01 disabled:text-neural-03 px-10 capitalize pointer-events-none\">Apply config</button>\n      - unexpected value \"disabled\"","time":{"start":1766894119752,"stop":1766894202084,"duration":82332}},{"uid":"45cba3f467e304f6","status":"failed","statusDetails":"AssertionError: [AssertionError] during step: Verify that Shell install page displayed\nMessage: Shell Install page should be displayed!","time":{"start":1766807207032,"stop":1766807266406,"duration":59374}},{"uid":"50e3279c8ffa56c9","status":"failed","statusDetails":"AssertionError: [TimeoutError] during step: Click Apply config button\nMessage: Element not ready for click after 10000ms: <Locator frame=<Frame name= url='https://console.dev.apolo.us/apps/shell/install?cluster=default&project=regression-proj-kx5z40xav6&org=regression-org-euyp2nu5h9sb'> selector='internal:role=button[name=\"Apply config\"i]'>\nLast error: Locator expected to be enabled\nActual value: disabled \nCall log:\n  - Expect \"to_be_enabled\" with timeout 500ms\n  - waiting for get_by_role(\"button\", name=\"Apply config\")\n    4 × locator resolved to <button disabled type=\"button\" class=\"relative inline-flex cursor-pointer items-center justify-center rounded-xl py-1 transition-colors text-button h-12 gap-2 bg-primary text-white hover:bg-primary-medium active:bg-primary-dark disabled:bg-neural-01 disabled:text-neural-03 px-10 capitalize pointer-events-none\">Apply config</button>\n      - unexpected value \"disabled\"","time":{"start":1766720446909,"stop":1766720528430,"duration":81521}},{"uid":"5ae54d7a402f7ce6","status":"failed","statusDetails":"AssertionError: [AssertionError] during step: Verify that Shell install page displayed\nMessage: Shell Install page should be displayed!","time":{"start":1766634508761,"stop":1766634677026,"duration":168265}},{"uid":"44a8b8d43c0b63ac","status":"failed","statusDetails":"AssertionError: [AssertionError] during step: Login via UI\nMessage: [AssertionError] during step: Verify that Auth page displayed\nMessage: Auth page should be displayed!","time":{"start":1766547914662,"stop":1766548095138,"duration":180476}},{"uid":"5b36209fb29c2488","status":"failed","statusDetails":"AssertionError: [TimeoutError] during step: Click Apply config button\nMessage: Element not ready for click after 10000ms: <Locator frame=<Frame name= url='https://console.dev.apolo.us/apps/shell/install?cluster=default&project=regression-proj-1iqz666w2p&org=regression-org-zme67iet673p'> selector='internal:role=button[name=\"Apply config\"i]'>\nLast error: Locator expected to be enabled\nActual value: disabled \nCall log:\n  - Expect \"to_be_enabled\" with timeout 500ms\n  - waiting for get_by_role(\"button\", name=\"Apply config\")\n    4 × locator resolved to <button disabled type=\"button\" class=\"relative inline-flex cursor-pointer items-center justify-center rounded-xl py-1 transition-colors text-button h-12 gap-2 bg-primary text-white hover:bg-primary-medium active:bg-primary-dark disabled:bg-neural-01 disabled:text-neural-03 px-10 capitalize pointer-events-none\">Apply config</button>\n      - unexpected value \"disabled\"","time":{"start":1766461901411,"stop":1766461992830,"duration":91419}},{"uid":"a5fd477f4cc24041","status":"failed","statusDetails":"AssertionError: [TimeoutError] during step: Click Apply config button\nMessage: Element not ready for click after 10000ms: <Locator frame=<Frame name= url='https://console.dev.apolo.us/apps/shell/install?cluster=default&project=regression-proj-ior4wpmsxh&org=regression-org-a6230xyt3fa3'> selector='internal:role=button[name=\"Apply config\"i]'>\nLast error: Locator expected to be enabled\nActual value: disabled \nCall log:\n  - Expect \"to_be_enabled\" with timeout 500ms\n  - waiting for get_by_role(\"button\", name=\"Apply config\")\n    4 × locator resolved to <button disabled type=\"button\" class=\"relative inline-flex cursor-pointer items-center justify-center rounded-xl py-1 transition-colors text-button h-12 gap-2 bg-primary text-white hover:bg-primary-medium active:bg-primary-dark disabled:bg-neural-01 disabled:text-neural-03 px-10 capitalize pointer-events-none\">Apply config</button>\n      - unexpected value \"disabled\"","time":{"start":1766376590677,"stop":1766376672627,"duration":81950}},{"uid":"a72ac56b2123b28c","status":"failed","statusDetails":"AssertionError: [TimeoutError] during step: Click Apply config button\nMessage: Element not ready for click after 10000ms: <Locator frame=<Frame name= url='https://console.dev.apolo.us/apps/shell/install?cluster=default&project=regression-proj-ph6wty4sdc&org=regression-org-bhhpdpt398te'> selector='internal:role=button[name=\"Apply config\"i]'>\nLast error: Locator expected to be enabled\nActual value: disabled \nCall log:\n  - Expect \"to_be_enabled\" with timeout 500ms\n  - waiting for get_by_role(\"button\", name=\"Apply config\")\n    4 × locator resolved to <button disabled type=\"button\" class=\"relative inline-flex cursor-pointer items-center justify-center rounded-xl py-1 transition-colors text-button h-12 gap-2 bg-primary text-white hover:bg-primary-medium active:bg-primary-dark disabled:bg-neural-01 disabled:text-neural-03 px-10 capitalize pointer-events-none\">Apply config</button>\n      - unexpected value \"disabled\"","time":{"start":1766289546429,"stop":1766289637754,"duration":91325}},{"uid":"7037ac43cd28c365","status":"failed","statusDetails":"AssertionError: [TimeoutError] during step: Click Apply config button\nMessage: Element not ready for click after 10000ms: <Locator frame=<Frame name= url='https://console.dev.apolo.us/apps/shell/install?cluster=default&project=regression-proj-xm9ejyjiiz&org=regression-org-y034vagj7y67'> selector='internal:role=button[name=\"Apply config\"i]'>\nLast error: Locator expected to be enabled\nActual value: disabled \nCall log:\n  - Expect \"to_be_enabled\" with timeout 500ms\n  - waiting for get_by_role(\"button\", name=\"Apply config\")\n    4 × locator resolved to <button disabled type=\"button\" class=\"relative inline-flex cursor-pointer items-center justify-center rounded-xl py-1 transition-colors text-button h-12 gap-2 bg-primary text-white hover:bg-primary-medium active:bg-primary-dark disabled:bg-neural-01 disabled:text-neural-03 px-10 capitalize pointer-events-none\">Apply config</button>\n      - unexpected value \"disabled\"","time":{"start":1766202498259,"stop":1766202595401,"duration":97142}}]},"tags":["asyncio","class_setup"]},"source":"c8c46bbfced9ac36.json","parameterValues":[]}