{"uid":"cf57edc0f5f4b787","name":"Import Service Deployment app config via UI","fullName":"tests.test_cases.tests_e2e.test_service_deployment_app.TestE2EServiceDeploymentApp#test_import_app_config_via_ui","historyId":"0ec9874b606d391c772deb1229267005","time":{"start":1764387872224,"stop":1764387963717,"duration":91493},"description":"\n- Login with valid credentials.\n- Create new organization via **API**.\n- Create new project via **API**.\n- Import Service Deployment app config via UI.\n\n### Verify that:\n\n- Install required data is the same as in imported config.\n","descriptionHtml":"<div style='line-height:1.6;'><ul>\n<li>Login with valid credentials.</li>\n<li>Create new organization via <strong>API</strong>.</li>\n<li>Create new project via <strong>API</strong>.</li>\n<li>Import Service Deployment app config via UI.</li>\n</ul>\n<h3>Verify that:</h3>\n<ul>\n<li>Install required data is the same as in imported config.</li>\n</ul></div>","status":"failed","statusMessage":"AssertionError: [TimeoutError] during step: Click Apply config button\nMessage: Element not ready for click after 10000ms: <Locator frame=<Frame name= url='https://console.dev.apolo.us/apps/shell/install?cluster=default&project=regression-proj-n73n3vmhhs&org=regression-org-aytpfswqtms9'> selector='internal:role=button[name=\"Apply config\"i]'>\nLast error: Locator expected to be enabled\nActual value: disabled \nCall log:\n  - Expect \"to_be_enabled\" with timeout 500ms\n  - waiting for get_by_role(\"button\", name=\"Apply config\")\n    4 × locator resolved to <button disabled type=\"button\" class=\"relative inline-flex cursor-pointer items-center justify-center rounded-xl py-1 transition-colors text-button h-12 gap-2 bg-primary text-white hover:bg-primary-medium active:bg-primary-dark disabled:bg-neural-01 disabled:text-neural-03 px-10 capitalize pointer-events-none\">Apply config</button>\n      - unexpected value \"disabled\"","statusTrace":"tests/reporting_hooks/reporting.py:49: in wrapper\n    result = await func(*args, **kwargs)\n             ^^^^^^^^^^^^^^^^^^^^^^^^^^^\ntests/test_cases/steps/ui_steps/page_steps_impl/apps/app_import_config_popup_steps.py:26: in ui_click_apply_config_btn\n    await self._pm.import_app_config_popup.click_apply_config_btn()\ntests/components/ui/pages/apps/import_app_config_popup.py:73: in click_apply_config_btn\n    await self._get_apply_config_btn().click()\ntests/components/ui/pages/base_element.py:90: in click\n    raise TimeoutError(\nE   TimeoutError: Element not ready for click after 10000ms: <Locator frame=<Frame name= url='https://console.dev.apolo.us/apps/shell/install?cluster=default&project=regression-proj-n73n3vmhhs&org=regression-org-aytpfswqtms9'> selector='internal:role=button[name=\"Apply config\"i]'>\nE   Last error: Locator expected to be enabled\nE   Actual value: disabled \nE   Call log:\nE     - Expect \"to_be_enabled\" with timeout 500ms\nE     - waiting for get_by_role(\"button\", name=\"Apply config\")\nE       4 × locator resolved to <button disabled type=\"button\" class=\"relative inline-flex cursor-pointer items-center justify-center rounded-xl py-1 transition-colors text-button h-12 gap-2 bg-primary text-white hover:bg-primary-medium active:bg-primary-dark disabled:bg-neural-01 disabled:text-neural-03 px-10 capitalize pointer-events-none\">Apply config</button>\nE         - unexpected value \"disabled\"\n\nThe above exception was the direct cause of the following exception:\ntests/test_cases/tests_e2e/test_service_deployment_app.py:820: in test_import_app_config_via_ui\n    await ui_steps.import_app_config_popup.ui_click_apply_config_btn()\ntests/reporting_hooks/reporting.py:58: in wrapper\n    raise AssertionError(formatted_msg) from e\nE   AssertionError: [TimeoutError] during step: Click Apply config button\nE   Message: Element not ready for click after 10000ms: <Locator frame=<Frame name= url='https://console.dev.apolo.us/apps/shell/install?cluster=default&project=regression-proj-n73n3vmhhs&org=regression-org-aytpfswqtms9'> selector='internal:role=button[name=\"Apply config\"i]'>\nE   Last error: Locator expected to be enabled\nE   Actual value: disabled \nE   Call log:\nE     - Expect \"to_be_enabled\" with timeout 500ms\nE     - waiting for get_by_role(\"button\", name=\"Apply config\")\nE       4 × locator resolved to <button disabled type=\"button\" class=\"relative inline-flex cursor-pointer items-center justify-center rounded-xl py-1 transition-colors text-button h-12 gap-2 bg-primary text-white hover:bg-primary-medium active:bg-primary-dark disabled:bg-neural-01 disabled:text-neural-03 px-10 capitalize pointer-events-none\">Apply config</button>\nE         - unexpected value \"disabled\"","flaky":false,"newFailed":false,"newBroken":false,"newPassed":false,"retriesCount":0,"retriesStatusChange":false,"beforeStages":[{"name":"delete_output_dir","time":{"start":1764379860135,"stop":1764379860135,"duration":0},"status":"passed","steps":[],"attachments":[],"parameters":[],"shouldDisplayMessage":false,"stepsCount":0,"attachmentsCount":0,"hasContent":false,"attachmentStep":false},{"name":"pytestconfig","time":{"start":1764379860135,"stop":1764379860135,"duration":0},"status":"passed","steps":[],"attachments":[],"parameters":[],"shouldDisplayMessage":false,"stepsCount":0,"attachmentsCount":0,"hasContent":false,"attachmentStep":false},{"name":"base_url","time":{"start":1764379860135,"stop":1764379860135,"duration":0},"status":"passed","steps":[],"attachments":[],"parameters":[],"shouldDisplayMessage":false,"stepsCount":0,"attachmentsCount":0,"hasContent":false,"attachmentStep":false},{"name":"_verify_url","time":{"start":1764379860135,"stop":1764379860135,"duration":0},"status":"passed","steps":[],"attachments":[],"parameters":[],"shouldDisplayMessage":false,"stepsCount":0,"attachmentsCount":0,"hasContent":false,"attachmentStep":false},{"name":"ensure_storage_directories","time":{"start":1764379860136,"stop":1764379860136,"duration":0},"status":"passed","steps":[],"attachments":[],"parameters":[],"shouldDisplayMessage":false,"stepsCount":0,"attachmentsCount":0,"hasContent":false,"attachmentStep":false},{"name":"event_loop_policy","time":{"start":1764379860136,"stop":1764379860136,"duration":0},"status":"passed","steps":[],"attachments":[],"parameters":[],"shouldDisplayMessage":false,"stepsCount":0,"attachmentsCount":0,"hasContent":false,"attachmentStep":false},{"name":"delay_worker_start","time":{"start":1764379860136,"stop":1764379860136,"duration":0},"status":"passed","steps":[],"attachments":[],"parameters":[],"shouldDisplayMessage":false,"stepsCount":0,"attachmentsCount":0,"hasContent":false,"attachmentStep":false},{"name":"test_config","time":{"start":1764387871499,"stop":1764387871503,"duration":4},"status":"passed","steps":[],"attachments":[],"parameters":[],"shouldDisplayMessage":false,"stepsCount":0,"attachmentsCount":0,"hasContent":false,"attachmentStep":false},{"name":"_function_scoped_runner","time":{"start":1764387871503,"stop":1764387871503,"duration":0},"status":"passed","steps":[],"attachments":[],"parameters":[],"shouldDisplayMessage":false,"stepsCount":0,"attachmentsCount":0,"hasContent":false,"attachmentStep":false},{"name":"page_manager","time":{"start":1764387871503,"stop":1764387872221,"duration":718},"status":"passed","steps":[],"attachments":[],"parameters":[],"shouldDisplayMessage":false,"stepsCount":0,"attachmentsCount":0,"hasContent":false,"attachmentStep":false},{"name":"users_manager","time":{"start":1764387872221,"stop":1764387872221,"duration":0},"status":"passed","steps":[],"attachments":[],"parameters":[],"shouldDisplayMessage":false,"stepsCount":0,"attachmentsCount":0,"hasContent":false,"attachmentStep":false},{"name":"data_manager","time":{"start":1764387872221,"stop":1764387872221,"duration":0},"status":"passed","steps":[],"attachments":[],"parameters":[],"shouldDisplayMessage":false,"stepsCount":0,"attachmentsCount":0,"hasContent":false,"attachmentStep":false},{"name":"api_helper","time":{"start":1764387872222,"stop":1764387872222,"duration":0},"status":"passed","steps":[],"attachments":[],"parameters":[],"shouldDisplayMessage":false,"stepsCount":0,"attachmentsCount":0,"hasContent":false,"attachmentStep":false},{"name":"apolo_cli","time":{"start":1764387872222,"stop":1764387872222,"duration":0},"status":"passed","steps":[],"attachments":[],"parameters":[],"shouldDisplayMessage":false,"stepsCount":0,"attachmentsCount":0,"hasContent":false,"attachmentStep":false},{"name":"setup_cleanup","time":{"start":1764387872222,"stop":1764387872222,"duration":0},"status":"passed","steps":[],"attachments":[],"parameters":[],"shouldDisplayMessage":false,"stepsCount":0,"attachmentsCount":0,"hasContent":false,"attachmentStep":false},{"name":"add_page_manager","time":{"start":1764387872222,"stop":1764387872223,"duration":1},"status":"passed","steps":[],"attachments":[],"parameters":[],"shouldDisplayMessage":false,"stepsCount":0,"attachmentsCount":0,"hasContent":false,"attachmentStep":false},{"name":"setup","time":{"start":1764387872223,"stop":1764387872223,"duration":0},"status":"passed","steps":[],"attachments":[],"parameters":[],"shouldDisplayMessage":false,"stepsCount":0,"attachmentsCount":0,"hasContent":false,"attachmentStep":false},{"name":"_inject_fixtures","time":{"start":1764387872223,"stop":1764387872223,"duration":0},"status":"passed","steps":[],"attachments":[],"parameters":[],"shouldDisplayMessage":false,"stepsCount":0,"attachmentsCount":0,"hasContent":false,"attachmentStep":false}],"testStage":{"description":"\n- Login with valid credentials.\n- Create new organization via **API**.\n- Create new project via **API**.\n- Import Service Deployment app config via UI.\n\n### Verify that:\n\n- Install required data is the same as in imported config.\n","descriptionHtml":"<div style='line-height:1.6;'><ul>\n<li>Login with valid credentials.</li>\n<li>Create new organization via <strong>API</strong>.</li>\n<li>Create new project via <strong>API</strong>.</li>\n<li>Import Service Deployment app config via UI.</li>\n</ul>\n<h3>Verify that:</h3>\n<ul>\n<li>Install required data is the same as in imported config.</li>\n</ul></div>","status":"failed","statusMessage":"AssertionError: [TimeoutError] during step: Click Apply config button\nMessage: Element not ready for click after 10000ms: <Locator frame=<Frame name= url='https://console.dev.apolo.us/apps/shell/install?cluster=default&project=regression-proj-n73n3vmhhs&org=regression-org-aytpfswqtms9'> selector='internal:role=button[name=\"Apply config\"i]'>\nLast error: Locator expected to be enabled\nActual value: disabled \nCall log:\n  - Expect \"to_be_enabled\" with timeout 500ms\n  - waiting for get_by_role(\"button\", name=\"Apply config\")\n    4 × locator resolved to <button disabled type=\"button\" class=\"relative inline-flex cursor-pointer items-center justify-center rounded-xl py-1 transition-colors text-button h-12 gap-2 bg-primary text-white hover:bg-primary-medium active:bg-primary-dark disabled:bg-neural-01 disabled:text-neural-03 px-10 capitalize pointer-events-none\">Apply config</button>\n      - unexpected value \"disabled\"","statusTrace":"tests/reporting_hooks/reporting.py:49: in wrapper\n    result = await func(*args, **kwargs)\n             ^^^^^^^^^^^^^^^^^^^^^^^^^^^\ntests/test_cases/steps/ui_steps/page_steps_impl/apps/app_import_config_popup_steps.py:26: in ui_click_apply_config_btn\n    await self._pm.import_app_config_popup.click_apply_config_btn()\ntests/components/ui/pages/apps/import_app_config_popup.py:73: in click_apply_config_btn\n    await self._get_apply_config_btn().click()\ntests/components/ui/pages/base_element.py:90: in click\n    raise TimeoutError(\nE   TimeoutError: Element not ready for click after 10000ms: <Locator frame=<Frame name= url='https://console.dev.apolo.us/apps/shell/install?cluster=default&project=regression-proj-n73n3vmhhs&org=regression-org-aytpfswqtms9'> selector='internal:role=button[name=\"Apply config\"i]'>\nE   Last error: Locator expected to be enabled\nE   Actual value: disabled \nE   Call log:\nE     - Expect \"to_be_enabled\" with timeout 500ms\nE     - waiting for get_by_role(\"button\", name=\"Apply config\")\nE       4 × locator resolved to <button disabled type=\"button\" class=\"relative inline-flex cursor-pointer items-center justify-center rounded-xl py-1 transition-colors text-button h-12 gap-2 bg-primary text-white hover:bg-primary-medium active:bg-primary-dark disabled:bg-neural-01 disabled:text-neural-03 px-10 capitalize pointer-events-none\">Apply config</button>\nE         - unexpected value \"disabled\"\n\nThe above exception was the direct cause of the following exception:\ntests/test_cases/tests_e2e/test_service_deployment_app.py:820: in test_import_app_config_via_ui\n    await ui_steps.import_app_config_popup.ui_click_apply_config_btn()\ntests/reporting_hooks/reporting.py:58: in wrapper\n    raise AssertionError(formatted_msg) from e\nE   AssertionError: [TimeoutError] during step: Click Apply config button\nE   Message: Element not ready for click after 10000ms: <Locator frame=<Frame name= url='https://console.dev.apolo.us/apps/shell/install?cluster=default&project=regression-proj-n73n3vmhhs&org=regression-org-aytpfswqtms9'> selector='internal:role=button[name=\"Apply config\"i]'>\nE   Last error: Locator expected to be enabled\nE   Actual value: disabled \nE   Call log:\nE     - Expect \"to_be_enabled\" with timeout 500ms\nE     - waiting for get_by_role(\"button\", name=\"Apply config\")\nE       4 × locator resolved to <button disabled type=\"button\" class=\"relative inline-flex cursor-pointer items-center justify-center rounded-xl py-1 transition-colors text-button h-12 gap-2 bg-primary text-white hover:bg-primary-medium active:bg-primary-dark disabled:bg-neural-01 disabled:text-neural-03 px-10 capitalize pointer-events-none\">Apply config</button>\nE         - unexpected value \"disabled\"","steps":[{"name":"Login via UI","time":{"start":1764387872224,"stop":1764387887888,"duration":15664},"status":"passed","steps":[{"name":"Verify that Auth page displayed","time":{"start":1764387872224,"stop":1764387873309,"duration":1085},"status":"passed","steps":[],"attachments":[{"uid":"7909fcaf4b3f6bcc","name":"Page URL","source":"7909fcaf4b3f6bcc.txt","type":"text/plain","size":29},{"uid":"87e3095a480f97c1","name":"HTTP 200 - GET config","source":"87e3095a480f97c1.txt","type":"text/plain","size":673},{"uid":"b40587cf814988f8","name":"Screenshot: Verify that Auth page displayed (success)","source":"b40587cf814988f8.png","type":"image/png","size":88563}],"parameters":[],"shouldDisplayMessage":false,"stepsCount":0,"attachmentsCount":3,"hasContent":true,"attachmentStep":false},{"name":"Click login button","time":{"start":1764387873309,"stop":1764387874450,"duration":1141},"status":"passed","steps":[],"attachments":[{"uid":"bffc23e27e748fa","name":"Page URL","source":"bffc23e27e748fa.txt","type":"text/plain","size":33},{"uid":"ca3edb575d9bf49e","name":"Screenshot: Click login button (success)","source":"ca3edb575d9bf49e.png","type":"image/png","size":41524}],"parameters":[],"shouldDisplayMessage":false,"stepsCount":0,"attachmentsCount":2,"hasContent":true,"attachmentStep":false},{"name":"Verify that Login page displayed","time":{"start":1764387874450,"stop":1764387874547,"duration":97},"status":"passed","steps":[],"attachments":[{"uid":"d2819bb5d31576d","name":"Page URL","source":"d2819bb5d31576d.txt","type":"text/plain","size":215},{"uid":"a583da8d73fc62b0","name":"Screenshot: Verify that Login page displayed (success)","source":"a583da8d73fc62b0.png","type":"image/png","size":41637}],"parameters":[],"shouldDisplayMessage":false,"stepsCount":0,"attachmentsCount":2,"hasContent":true,"attachmentStep":false},{"name":"Enter email","time":{"start":1764387874547,"stop":1764387874866,"duration":319},"status":"passed","steps":[],"attachments":[{"uid":"14c1a3bf06d9aea2","name":"Page URL","source":"14c1a3bf06d9aea2.txt","type":"text/plain","size":215},{"uid":"67580870118ee1e3","name":"Screenshot: Enter email (success)","source":"67580870118ee1e3.png","type":"image/png","size":45464}],"parameters":[],"shouldDisplayMessage":false,"stepsCount":0,"attachmentsCount":2,"hasContent":true,"attachmentStep":false},{"name":"Enter password","time":{"start":1764387874866,"stop":1764387875188,"duration":322},"status":"passed","steps":[],"attachments":[{"uid":"a5a079ef738f31e4","name":"Page URL","source":"a5a079ef738f31e4.txt","type":"text/plain","size":215},{"uid":"b6e9ea224a12ee58","name":"Screenshot: Enter password (success)","source":"b6e9ea224a12ee58.png","type":"image/png","size":45591}],"parameters":[],"shouldDisplayMessage":false,"stepsCount":0,"attachmentsCount":2,"hasContent":true,"attachmentStep":false},{"name":"Click Continue button","time":{"start":1764387875188,"stop":1764387887705,"duration":12517},"status":"passed","steps":[],"attachments":[{"uid":"ea80c107d74360ed","name":"Page URL","source":"ea80c107d74360ed.txt","type":"text/plain","size":215},{"uid":"6dbd6066078d23e3","name":"HTTP 200 - GET config","source":"6dbd6066078d23e3.txt","type":"text/plain","size":2137},{"uid":"a0b66ebd138607d4","name":"HTTP 200 - GET permissions?uri=blob:","source":"a0b66ebd138607d4.txt","type":"text/plain","size":255},{"uid":"b9596cdbb3ea687e","name":"HTTP 200 - GET incoming","source":"b9596cdbb3ea687e.txt","type":"text/plain","size":156},{"uid":"d8063caf3ce6360b","name":"HTTP 200 - GET regression-org-aytpfswqtms9","source":"d8063caf3ce6360b.txt","type":"text/plain","size":499},{"uid":"d9c1a330571d1748","name":"HTTP 200 - GET instances?org=regression-org-aytpfswqtms9&project=regression-proj-n73n3vmhhs&cluster=default&size=100","source":"d9c1a330571d1748.txt","type":"text/plain","size":1119},{"uid":"34dc51c755c1143d","name":"HTTP 200 - GET regression-vf2pqldakd?include=orgs","source":"34dc51c755c1143d.txt","type":"text/plain","size":477},{"uid":"db41623cab42a2e7","name":"HTTP 200 - GET templates","source":"db41623cab42a2e7.txt","type":"text/plain","size":2146},{"uid":"cb61c671acea992d","name":"HTTP 200 - GET regression-vf2pqldakd?include=clusters&include=system_role","source":"cb61c671acea992d.txt","type":"text/plain","size":529},{"uid":"b10d744b54f692e0","name":"HTTP 200 - GET tags","source":"b10d744b54f692e0.txt","type":"text/plain","size":948},{"uid":"bfc79a45816ddbef","name":"HTTP 200 - GET templates?page=1&size=50","source":"bfc79a45816ddbef.txt","type":"text/plain","size":2161},{"uid":"2f7ef2ca89e518ea","name":"Screenshot: Click Continue button (success)","source":"2f7ef2ca89e518ea.png","type":"image/png","size":152266}],"parameters":[],"shouldDisplayMessage":false,"stepsCount":0,"attachmentsCount":12,"hasContent":true,"attachmentStep":false},{"name":"Verify Apps page displayed","time":{"start":1764387887714,"stop":1764387887802,"duration":88},"status":"passed","steps":[],"attachments":[{"uid":"6043d162e075cc9d","name":"Page URL","source":"6043d162e075cc9d.txt","type":"text/plain","size":116},{"uid":"8e87b84d143fcf62","name":"Screenshot: Verify Apps page displayed (success)","source":"8e87b84d143fcf62.png","type":"image/png","size":152266}],"parameters":[],"shouldDisplayMessage":false,"stepsCount":0,"attachmentsCount":2,"hasContent":true,"attachmentStep":false}],"attachments":[{"uid":"41ede28ba0e4166c","name":"Page URL","source":"41ede28ba0e4166c.txt","type":"text/plain","size":29},{"uid":"66c06d1638fdb85d","name":"Screenshot: Login via UI (success)","source":"66c06d1638fdb85d.png","type":"image/png","size":152266}],"parameters":[],"shouldDisplayMessage":false,"stepsCount":7,"attachmentsCount":27,"hasContent":true,"attachmentStep":false},{"name":"Verify Shell app container displayed on the main page","time":{"start":1764387887888,"stop":1764387928688,"duration":40800},"status":"passed","steps":[],"attachments":[{"uid":"ff8f45c2dbde0a5c","name":"Page URL","source":"ff8f45c2dbde0a5c.txt","type":"text/plain","size":116},{"uid":"3653f28837095956","name":"HTTP 200 - GET instances?org=regression-org-aytpfswqtms9&project=regression-proj-n73n3vmhhs&cluster=default&size=100","source":"3653f28837095956.txt","type":"text/plain","size":1119},{"uid":"34f8e2e4bca6f792","name":"HTTP 200 - GET instances?org=regression-org-aytpfswqtms9&project=regression-proj-n73n3vmhhs&cluster=default&size=100","source":"34f8e2e4bca6f792.txt","type":"text/plain","size":1119},{"uid":"c222404928cf90a1","name":"HTTP 200 - GET instances?org=regression-org-aytpfswqtms9&project=regression-proj-n73n3vmhhs&cluster=default&size=100","source":"c222404928cf90a1.txt","type":"text/plain","size":1119},{"uid":"b7302bcb803f8cd1","name":"Screenshot: Verify Shell app container displayed on the main page (success)","source":"b7302bcb803f8cd1.png","type":"image/png","size":162268}],"parameters":[],"shouldDisplayMessage":false,"stepsCount":0,"attachmentsCount":5,"hasContent":true,"attachmentStep":false},{"name":"Click Install button on the Shell container","time":{"start":1764387928688,"stop":1764387931359,"duration":2671},"status":"passed","steps":[],"attachments":[{"uid":"4804cc3149236f76","name":"Page URL","source":"4804cc3149236f76.txt","type":"text/plain","size":116},{"uid":"645e7266dafbc940","name":"HTTP 200 - GET shell","source":"645e7266dafbc940.txt","type":"text/plain","size":2237},{"uid":"70a3c56512f153be","name":"Screenshot: Click Install button on the Shell container (success)","source":"70a3c56512f153be.png","type":"image/png","size":108406}],"parameters":[],"shouldDisplayMessage":false,"stepsCount":0,"attachmentsCount":3,"hasContent":true,"attachmentStep":false},{"name":"Verify that Shell install page displayed","time":{"start":1764387931359,"stop":1764387931477,"duration":118},"status":"passed","steps":[],"attachments":[{"uid":"2c03571d7afa1cf3","name":"Page URL","source":"2c03571d7afa1cf3.txt","type":"text/plain","size":130},{"uid":"84595f9c5bf0e55e","name":"Screenshot: Verify that Shell install page displayed (success)","source":"84595f9c5bf0e55e.png","type":"image/png","size":108406}],"parameters":[],"shouldDisplayMessage":false,"stepsCount":0,"attachmentsCount":2,"hasContent":true,"attachmentStep":false},{"name":"Click Import config button","time":{"start":1764387931477,"stop":1764387932117,"duration":640},"status":"passed","steps":[],"attachments":[{"uid":"5466021e4057251","name":"Page URL","source":"5466021e4057251.txt","type":"text/plain","size":130},{"uid":"26f85107a124e1d0","name":"Screenshot: Click Import config button (success)","source":"26f85107a124e1d0.png","type":"image/png","size":123122}],"parameters":[],"shouldDisplayMessage":false,"stepsCount":0,"attachmentsCount":2,"hasContent":true,"attachmentStep":false},{"name":"Verify Import app config popup displayed","time":{"start":1764387932117,"stop":1764387932220,"duration":103},"status":"passed","steps":[],"attachments":[{"uid":"aadabb65e7bed06","name":"Page URL","source":"aadabb65e7bed06.txt","type":"text/plain","size":130},{"uid":"3d8f00580eec8ea4","name":"Screenshot: Verify Import app config popup displayed (success)","source":"3d8f00580eec8ea4.png","type":"image/png","size":124061}],"parameters":[],"shouldDisplayMessage":false,"stepsCount":0,"attachmentsCount":2,"hasContent":true,"attachmentStep":false},{"name":"Get Shell app import config file path","time":{"start":1764387932221,"stop":1764387932221,"duration":0},"status":"passed","steps":[],"attachments":[],"parameters":[],"shouldDisplayMessage":false,"stepsCount":0,"attachmentsCount":0,"hasContent":false,"attachmentStep":false},{"name":"Import yaml config","time":{"start":1764387932221,"stop":1764387933312,"duration":1091},"status":"passed","steps":[],"attachments":[{"uid":"64e80e5467e2a3e5","name":"Page URL","source":"64e80e5467e2a3e5.txt","type":"text/plain","size":130},{"uid":"2a2653f6faa33b8d","name":"Screenshot: Import yaml config (success)","source":"2a2653f6faa33b8d.png","type":"image/png","size":101609}],"parameters":[],"shouldDisplayMessage":false,"stepsCount":0,"attachmentsCount":2,"hasContent":true,"attachmentStep":false},{"name":"Click Apply config button","time":{"start":1764387933312,"stop":1764387963716,"duration":30404},"status":"failed","statusMessage":"AssertionError: [TimeoutError] during step: Click Apply config button\nMessage: Element not ready for click after 10000ms: <Locator frame=<Frame name= url='https://console.dev.apolo.us/apps/shell/install?cluster=default&project=regression-proj-n73n3vmhhs&org=regression-org-aytpfswqtms9'> selector='internal:role=button[name=\"Apply config\"i]'>\nLast error: Locator expected to be enabled\nActual value: disabled \nCall log:\n  - Expect \"to_be_enabled\" with timeout 500ms\n  - waiting for get_by_role(\"button\", name=\"Apply config\")\n    4 × locator resolved to <button disabled type=\"button\" class=\"relative inline-flex cursor-pointer items-center justify-center rounded-xl py-1 transition-colors text-button h-12 gap-2 bg-primary text-white hover:bg-primary-medium active:bg-primary-dark disabled:bg-neural-01 disabled:text-neural-03 px-10 capitalize pointer-events-none\">Apply config</button>\n      - unexpected value \"disabled\"\n\n","statusTrace":"  File \"/home/runner/work/apolo-test-automation/apolo-test-automation/tests/reporting_hooks/reporting.py\", line 58, in wrapper\n    raise AssertionError(formatted_msg) from e\n","steps":[],"attachments":[{"uid":"3664a6de1e995e00","name":"Page URL","source":"3664a6de1e995e00.txt","type":"text/plain","size":130},{"uid":"912da39a14eb4025","name":"HTTP 200 - GET instances?org=regression-org-aytpfswqtms9&project=regression-proj-n73n3vmhhs&cluster=default&size=100","source":"912da39a14eb4025.txt","type":"text/plain","size":1119},{"uid":"843c0f4a77b03c47","name":"HTTP 200 - GET instances?org=regression-org-aytpfswqtms9&project=regression-proj-n73n3vmhhs&cluster=default&size=100","source":"843c0f4a77b03c47.txt","type":"text/plain","size":1119},{"uid":"571c0a1efe93fef2","name":"Screenshot: Click Apply config button (fail)","source":"571c0a1efe93fef2.png","type":"image/png","size":101609}],"parameters":[],"shouldDisplayMessage":true,"stepsCount":0,"attachmentsCount":4,"hasContent":true,"attachmentStep":false}],"attachments":[{"uid":"d020fbfa9942c5a8","name":"log","source":"d020fbfa9942c5a8.txt","type":"text/plain","size":38284}],"parameters":[],"shouldDisplayMessage":true,"stepsCount":16,"attachmentsCount":48,"hasContent":true,"attachmentStep":false},"afterStages":[{"name":"setup_cleanup::finalizer","time":{"start":1764387963741,"stop":1764387963742,"duration":1},"status":"passed","steps":[],"attachments":[],"parameters":[],"shouldDisplayMessage":false,"stepsCount":0,"attachmentsCount":0,"hasContent":false,"attachmentStep":false},{"name":"add_page_manager::finalizer","time":{"start":1764387963741,"stop":1764387963741,"duration":0},"status":"passed","steps":[],"attachments":[],"parameters":[],"shouldDisplayMessage":false,"stepsCount":0,"attachmentsCount":0,"hasContent":false,"attachmentStep":false},{"name":"setup_cleanup::finalizer","time":{"start":1764387963742,"stop":1764388058328,"duration":94586},"status":"passed","steps":[{"name":"Post-test cleanup","time":{"start":1764387963742,"stop":1764388058327,"duration":94585},"status":"passed","steps":[{"name":"Delete organisation: regression-org-aytpfswqtms9","time":{"start":1764387967170,"stop":1764387968182,"duration":1012},"status":"passed","steps":[{"name":"Delete project: regression-proj-n73n3vmhhs","time":{"start":1764387967216,"stop":1764387967486,"duration":270},"status":"passed","steps":[],"attachments":[],"parameters":[],"shouldDisplayMessage":false,"stepsCount":0,"attachmentsCount":0,"hasContent":false,"attachmentStep":false}],"attachments":[],"parameters":[],"shouldDisplayMessage":false,"stepsCount":1,"attachmentsCount":0,"hasContent":true,"attachmentStep":false}],"attachments":[{"uid":"8de4c93d97000913","name":"HTTP 401 - GET instances?org=regression-org-aytpfswqtms9&project=regression-proj-n73n3vmhhs&cluster=default&size=100","source":"8de4c93d97000913.txt","type":"text/plain","size":357},{"uid":"43497d9222b029e","name":"HTTP 401 - GET instances?org=regression-org-aytpfswqtms9&project=regression-proj-n73n3vmhhs&cluster=default&size=100","source":"43497d9222b029e.txt","type":"text/plain","size":357},{"uid":"22bd75e5a136fa40","name":"HTTP 401 - GET instances?org=regression-org-aytpfswqtms9&project=regression-proj-n73n3vmhhs&cluster=default&size=100","source":"22bd75e5a136fa40.txt","type":"text/plain","size":357},{"uid":"7781e1d8a5aacb17","name":"HTTP 401 - GET instances?org=regression-org-aytpfswqtms9&project=regression-proj-n73n3vmhhs&cluster=default&size=100","source":"7781e1d8a5aacb17.txt","type":"text/plain","size":357},{"uid":"33153baf75f366fa","name":"HTTP 401 - GET instances?org=regression-org-aytpfswqtms9&project=regression-proj-n73n3vmhhs&cluster=default&size=100","source":"33153baf75f366fa.txt","type":"text/plain","size":357},{"uid":"e58466619d09ba6d","name":"HTTP 401 - GET instances?org=regression-org-aytpfswqtms9&project=regression-proj-n73n3vmhhs&cluster=default&size=100","source":"e58466619d09ba6d.txt","type":"text/plain","size":357}],"parameters":[],"shouldDisplayMessage":false,"stepsCount":2,"attachmentsCount":6,"hasContent":true,"attachmentStep":false}],"attachments":[],"parameters":[],"shouldDisplayMessage":false,"stepsCount":3,"attachmentsCount":6,"hasContent":true,"attachmentStep":false},{"name":"api_helper::finalizer","time":{"start":1764388058328,"stop":1764388058328,"duration":0},"status":"passed","steps":[],"attachments":[],"parameters":[],"shouldDisplayMessage":false,"stepsCount":0,"attachmentsCount":0,"hasContent":false,"attachmentStep":false},{"name":"_function_scoped_runner::0","time":{"start":1764388058329,"stop":1764388058330,"duration":1},"status":"passed","steps":[],"attachments":[],"parameters":[],"shouldDisplayMessage":false,"stepsCount":0,"attachmentsCount":0,"hasContent":false,"attachmentStep":false}],"labels":[{"name":"suite","value":"Service Deployment App"},{"name":"parentSuite","value":"E2E Tests"},{"name":"tag","value":"asyncio"},{"name":"tag","value":"class_setup"},{"name":"subSuite","value":"TestE2EServiceDeploymentApp"},{"name":"host","value":"runnervmg1sw1"},{"name":"thread","value":"3065-MainThread"},{"name":"framework","value":"pytest"},{"name":"language","value":"cpython3"},{"name":"package","value":"tests.test_cases.tests_e2e.test_service_deployment_app"},{"name":"resultFormat","value":"allure2"}],"parameters":[],"links":[],"hidden":false,"retry":false,"extra":{"severity":"normal","retries":[],"categories":[{"name":"Product defects","matchedStatuses":[],"flaky":false}],"history":{"statistic":{"failed":35,"broken":0,"skipped":0,"passed":0,"unknown":0,"total":35},"items":[{"uid":"d211ff8732946d7a","status":"failed","statusDetails":"AssertionError: [TimeoutError] during step: Click Apply config button\nMessage: Element not ready for click after 10000ms: <Locator frame=<Frame name= url='https://console.dev.apolo.us/apps/shell/install?cluster=default&project=regression-proj-ixpqxo3uy3&org=regression-org-n94folqscoec'> selector='internal:role=button[name=\"Apply config\"i]'>\nLast error: Locator expected to be enabled\nActual value: disabled \nCall log:\n  - Expect \"to_be_enabled\" with timeout 500ms\n  - waiting for get_by_role(\"button\", name=\"Apply config\")\n    4 × locator resolved to <button disabled type=\"button\" class=\"relative inline-flex cursor-pointer items-center justify-center rounded-xl py-1 transition-colors text-button h-12 gap-2 bg-primary text-white hover:bg-primary-medium active:bg-primary-dark disabled:bg-neural-01 disabled:text-neural-03 px-10 capitalize pointer-events-none\">Apply config</button>\n      - unexpected value \"disabled\"","time":{"start":1764301634410,"stop":1764301726141,"duration":91731}},{"uid":"8065be91b32ee00d","status":"failed","statusDetails":"AssertionError: [TimeoutError] during step: Click Apply config button\nMessage: Element not ready for click after 10000ms: <Locator frame=<Frame name= url='https://console.dev.apolo.us/apps/shell/install?cluster=default&project=regression-proj-htozo7u1nz&org=regression-org-zuhy98men1es'> selector='internal:role=button[name=\"Apply config\"i]'>\nLast error: Locator expected to be enabled\nActual value: disabled \nCall log:\n  - Expect \"to_be_enabled\" with timeout 500ms\n  - waiting for get_by_role(\"button\", name=\"Apply config\")\n    4 × locator resolved to <button disabled type=\"button\" class=\"relative inline-flex cursor-pointer items-center justify-center rounded-xl py-1 transition-colors text-button h-12 gap-2 bg-primary text-white hover:bg-primary-medium active:bg-primary-dark disabled:bg-neural-01 disabled:text-neural-03 px-10 capitalize pointer-events-none\">Apply config</button>\n      - unexpected value \"disabled\"","time":{"start":1764215345908,"stop":1764215427449,"duration":81541}},{"uid":"b62c34d58eaf8aa5","status":"failed","statusDetails":"AssertionError: [TimeoutError] during step: Click Apply config button\nMessage: Element not ready for click after 10000ms: <Locator frame=<Frame name= url='https://console.dev.apolo.us/apps/shell/install?cluster=default&project=regression-proj-jvqvk04ofw&org=regression-org-hfx3hkt1i241'> selector='internal:role=button[name=\"Apply config\"i]'>\nLast error: Locator expected to be enabled\nActual value: disabled \nCall log:\n  - Expect \"to_be_enabled\" with timeout 500ms\n  - waiting for get_by_role(\"button\", name=\"Apply config\")\n    4 × locator resolved to <button disabled type=\"button\" class=\"relative inline-flex cursor-pointer items-center justify-center rounded-xl py-1 transition-colors text-button h-12 gap-2 bg-primary text-white hover:bg-primary-medium active:bg-primary-dark disabled:bg-neural-01 disabled:text-neural-03 px-10 capitalize pointer-events-none\">Apply config</button>\n      - unexpected value \"disabled\"","time":{"start":1764128571059,"stop":1764128652972,"duration":81913}},{"uid":"6e5dc282a99a127e","status":"failed","statusDetails":"AssertionError: [TimeoutError] during step: Click Apply config button\nMessage: Element not ready for click after 10000ms: <Locator frame=<Frame name= url='https://console.dev.apolo.us/apps/shell/install?cluster=default&project=regression-proj-6rlkmfcizs&org=regression-org-souz8fivaz3t'> selector='internal:role=button[name=\"Apply config\"i]'>\nLast error: Locator expected to be enabled\nActual value: disabled \nCall log:\n  - Expect \"to_be_enabled\" with timeout 500ms\n  - waiting for get_by_role(\"button\", name=\"Apply config\")\n    4 × locator resolved to <button disabled type=\"button\" class=\"relative inline-flex cursor-pointer items-center justify-center rounded-xl py-1 transition-colors text-button h-12 gap-2 bg-primary text-white hover:bg-primary-medium active:bg-primary-dark disabled:bg-neural-01 disabled:text-neural-03 px-10 capitalize pointer-events-none\">Apply config</button>\n      - unexpected value \"disabled\"","time":{"start":1764042721888,"stop":1764042813413,"duration":91525}},{"uid":"af166591c8964b31","status":"failed","statusDetails":"AssertionError: [TimeoutError] during step: Click Apply config button\nMessage: Element not ready for click after 10000ms: <Locator frame=<Frame name= url='https://console.dev.apolo.us/apps/shell/install?cluster=default&project=regression-proj-xrwn65w6yy&org=regression-org-5nsphc53vlwx'> selector='internal:role=button[name=\"Apply config\"i]'>\nLast error: Locator expected to be enabled\nActual value: disabled \nCall log:\n  - Expect \"to_be_enabled\" with timeout 500ms\n  - waiting for get_by_role(\"button\", name=\"Apply config\")\n    4 × locator resolved to <button disabled type=\"button\" class=\"relative inline-flex cursor-pointer items-center justify-center rounded-xl py-1 transition-colors text-button h-12 gap-2 bg-primary text-white hover:bg-primary-medium active:bg-primary-dark disabled:bg-neural-01 disabled:text-neural-03 px-10 capitalize pointer-events-none\">Apply config</button>\n      - unexpected value \"disabled\"","time":{"start":1763955378029,"stop":1763955459501,"duration":81472}},{"uid":"3b898b4a8c38387d","status":"failed","statusDetails":"AssertionError: [TimeoutError] during step: Click Apply config button\nMessage: Element not ready for click after 10000ms: <Locator frame=<Frame name= url='https://console.dev.apolo.us/apps/shell/install?cluster=default&project=regression-proj-qete34ivhv&org=regression-org-gcxisnxqoexk'> selector='internal:role=button[name=\"Apply config\"i]'>\nLast error: Locator expected to be enabled\nActual value: disabled \nCall log:\n  - Expect \"to_be_enabled\" with timeout 500ms\n  - waiting for get_by_role(\"button\", name=\"Apply config\")\n    4 × locator resolved to <button disabled type=\"button\" class=\"relative inline-flex cursor-pointer items-center justify-center rounded-xl py-1 transition-colors text-button h-12 gap-2 bg-primary text-white hover:bg-primary-medium active:bg-primary-dark disabled:bg-neural-01 disabled:text-neural-03 px-10 capitalize pointer-events-none\">Apply config</button>\n      - unexpected value \"disabled\"","time":{"start":1763868840837,"stop":1763868922399,"duration":81562}},{"uid":"f0d2f2fa43819c64","status":"failed","statusDetails":"AssertionError: [TimeoutError] during step: Click Apply config button\nMessage: Element not ready for click after 10000ms: <Locator frame=<Frame name= url='https://console.dev.apolo.us/apps/shell/install?cluster=default&project=regression-proj-g6f2oypeng&org=regression-org-devq78ovczd5'> selector='internal:role=button[name=\"Apply config\"i]'>\nLast error: Locator expected to be enabled\nActual value: disabled \nCall log:\n  - Expect \"to_be_enabled\" with timeout 500ms\n  - waiting for get_by_role(\"button\", name=\"Apply config\")\n    4 × locator resolved to <button disabled type=\"button\" class=\"relative inline-flex cursor-pointer items-center justify-center rounded-xl py-1 transition-colors text-button h-12 gap-2 bg-primary text-white hover:bg-primary-medium active:bg-primary-dark disabled:bg-neural-01 disabled:text-neural-03 px-10 capitalize pointer-events-none\">Apply config</button>\n      - unexpected value \"disabled\"","time":{"start":1763782124389,"stop":1763782206140,"duration":81751}},{"uid":"b0b8d7937d8c6a0e","status":"failed","statusDetails":"AssertionError: [TimeoutError] during step: Click Apply config button\nMessage: Element not ready for click after 10000ms: <Locator frame=<Frame name= url='https://console.dev.apolo.us/apps/shell/install?cluster=default&project=regression-proj-22n4y3rcvz&org=regression-org-q89o7h1y0beo'> selector='internal:role=button[name=\"Apply config\"i]'>\nLast error: Locator expected to be enabled\nActual value: disabled \nCall log:\n  - Expect \"to_be_enabled\" with timeout 500ms\n  - waiting for get_by_role(\"button\", name=\"Apply config\")\n    4 × locator resolved to <button disabled type=\"button\" class=\"relative inline-flex cursor-pointer items-center justify-center rounded-xl py-1 transition-colors text-button h-12 gap-2 bg-primary text-white hover:bg-primary-medium active:bg-primary-dark disabled:bg-neural-01 disabled:text-neural-03 px-10 capitalize pointer-events-none\">Apply config</button>\n      - unexpected value \"disabled\"","time":{"start":1763696949725,"stop":1763697031399,"duration":81674}},{"uid":"dbc514f0887be994","status":"failed","statusDetails":"AssertionError: [TimeoutError] during step: Click Apply config button\nMessage: Element not ready for click after 10000ms: <Locator frame=<Frame name= url='https://console.dev.apolo.us/apps/shell/install?cluster=default&project=regression-proj-k610r04kzk&org=regression-org-f6r9y3cqbky2'> selector='internal:role=button[name=\"Apply config\"i]'>\nLast error: Locator expected to be enabled\nActual value: disabled \nCall log:\n  - Expect \"to_be_enabled\" with timeout 500ms\n  - waiting for get_by_role(\"button\", name=\"Apply config\")\n    4 × locator resolved to <button disabled type=\"button\" class=\"relative inline-flex cursor-pointer items-center justify-center rounded-xl py-1 transition-colors text-button h-12 gap-2 bg-primary text-white hover:bg-primary-medium active:bg-primary-dark disabled:bg-neural-01 disabled:text-neural-03 px-10 capitalize pointer-events-none\">Apply config</button>\n      - unexpected value \"disabled\"","time":{"start":1763610923853,"stop":1763611015137,"duration":91284}},{"uid":"d23c71670eb65ebd","status":"failed","statusDetails":"AssertionError: [TimeoutError] during step: Click Apply config button\nMessage: Element not ready for click after 10000ms: <Locator frame=<Frame name= url='https://console.dev.apolo.us/apps/shell/install?cluster=default&project=regression-proj-wxac9bvxpu&org=regression-org-5v6swbwg9bv5'> selector='internal:role=button[name=\"Apply config\"i]'>\nLast error: Locator expected to be enabled\nActual value: disabled \nCall log:\n  - Expect \"to_be_enabled\" with timeout 500ms\n  - waiting for get_by_role(\"button\", name=\"Apply config\")\n    4 × locator resolved to <button disabled type=\"button\" class=\"relative inline-flex cursor-pointer items-center justify-center rounded-xl py-1 transition-colors text-button h-12 gap-2 bg-primary text-white hover:bg-primary-medium active:bg-primary-dark disabled:bg-neural-01 disabled:text-neural-03 px-10 capitalize pointer-events-none\">Apply config</button>\n      - unexpected value \"disabled\"","time":{"start":1763523936303,"stop":1763524018421,"duration":82118}},{"uid":"4234bb4e8c4396b2","status":"failed","statusDetails":"AssertionError: [TimeoutError] during step: Click Apply config button\nMessage: Element not ready for click after 10000ms: <Locator frame=<Frame name= url='https://console.dev.apolo.us/apps/shell/install?cluster=default&project=regression-proj-qdnowpn14v&org=regression-org-7dhtrhfo87ad'> selector='internal:role=button[name=\"Apply config\"i]'>\nLast error: Locator expected to be enabled\nActual value: disabled \nCall log:\n  - Expect \"to_be_enabled\" with timeout 500ms\n  - waiting for get_by_role(\"button\", name=\"Apply config\")\n    4 × locator resolved to <button disabled type=\"button\" class=\"relative inline-flex cursor-pointer items-center justify-center rounded-xl py-1 transition-colors text-button h-12 gap-2 bg-primary text-white hover:bg-primary-medium active:bg-primary-dark disabled:bg-neural-01 disabled:text-neural-03 px-10 capitalize pointer-events-none\">Apply config</button>\n      - unexpected value \"disabled\"","time":{"start":1763437397395,"stop":1763437480717,"duration":83322}},{"uid":"48af614cc81862e","status":"failed","statusDetails":"AssertionError: [TimeoutError] during step: Click Apply config button\nMessage: Element not ready for click after 10000ms: <Locator frame=<Frame name= url='https://console.dev.apolo.us/apps/shell/install?cluster=default&project=regression-proj-6b5cevcvjb&org=regression-org-7dpfqapdkxml'> selector='internal:role=button[name=\"Apply config\"i]'>\nLast error: Locator expected to be enabled\nActual value: disabled \nCall log:\n  - Expect \"to_be_enabled\" with timeout 500ms\n  - waiting for get_by_role(\"button\", name=\"Apply config\")\n    4 × locator resolved to <button disabled type=\"button\" class=\"relative inline-flex cursor-pointer items-center justify-center rounded-xl py-1 transition-colors text-button h-12 gap-2 bg-primary text-white hover:bg-primary-medium active:bg-primary-dark disabled:bg-neural-01 disabled:text-neural-03 px-10 capitalize pointer-events-none\">Apply config</button>\n      - unexpected value \"disabled\"","time":{"start":1763350861741,"stop":1763350943493,"duration":81752}},{"uid":"618a844127e256f1","status":"failed","statusDetails":"AssertionError: [TimeoutError] during step: Click Apply config button\nMessage: Element not ready for click after 10000ms: <Locator frame=<Frame name= url='https://console.dev.apolo.us/apps/shell/install?cluster=default&project=regression-proj-5i0zymdp1q&org=regression-org-tcsmk9qm79cd'> selector='internal:role=button[name=\"Apply config\"i]'>\nLast error: Locator expected to be enabled\nActual value: disabled \nCall log:\n  - Expect \"to_be_enabled\" with timeout 500ms\n  - waiting for get_by_role(\"button\", name=\"Apply config\")\n    4 × locator resolved to <button disabled type=\"button\" class=\"relative inline-flex cursor-pointer items-center justify-center rounded-xl py-1 transition-colors text-button h-12 gap-2 bg-primary text-white hover:bg-primary-medium active:bg-primary-dark disabled:bg-neural-01 disabled:text-neural-03 px-10 capitalize pointer-events-none\">Apply config</button>\n      - unexpected value \"disabled\"","time":{"start":1763264509109,"stop":1763264600275,"duration":91166}},{"uid":"f0e186dc09a638b5","status":"failed","statusDetails":"AssertionError: [TimeoutError] during step: Click Apply config button\nMessage: Element not ready for click after 10000ms: <Locator frame=<Frame name= url='https://console.dev.apolo.us/apps/shell/install?cluster=default&project=regression-proj-3xitloqev8&org=regression-org-b1w912syejxn'> selector='internal:role=button[name=\"Apply config\"i]'>\nLast error: Locator expected to be enabled\nActual value: disabled \nCall log:\n  - Expect \"to_be_enabled\" with timeout 500ms\n  - waiting for get_by_role(\"button\", name=\"Apply config\")\n    4 × locator resolved to <button disabled type=\"button\" class=\"relative inline-flex cursor-pointer items-center justify-center rounded-xl py-1 transition-colors text-button h-12 gap-2 bg-primary text-white hover:bg-primary-medium active:bg-primary-dark disabled:bg-neural-01 disabled:text-neural-03 px-10 capitalize pointer-events-none\">Apply config</button>\n      - unexpected value \"disabled\"","time":{"start":1763178034766,"stop":1763178230791,"duration":196025}},{"uid":"95b4f6ed3a023c92","status":"failed","statusDetails":"AssertionError: [TimeoutError] during step: Click Apply config button\nMessage: Element not ready for click after 10000ms: <Locator frame=<Frame name= url='https://console.dev.apolo.us/apps/shell/install?cluster=default&project=regression-proj-v52vr5hz1a&org=regression-org-q1utj4ytm8lo'> selector='internal:role=button[name=\"Apply config\"i]'>\nLast error: Locator expected to be enabled\nActual value: disabled \nCall log:\n  - Expect \"to_be_enabled\" with timeout 500ms\n  - waiting for get_by_role(\"button\", name=\"Apply config\")\n    4 × locator resolved to <button disabled type=\"button\" class=\"relative inline-flex cursor-pointer items-center justify-center rounded-xl py-1 transition-colors text-button h-12 gap-2 bg-primary text-white hover:bg-primary-medium active:bg-primary-dark disabled:bg-neural-01 disabled:text-neural-03 px-10 capitalize pointer-events-none\">Apply config</button>\n      - unexpected value \"disabled\"","time":{"start":1763091285071,"stop":1763091374864,"duration":89793}},{"uid":"4f6c3649da219da9","status":"failed","statusDetails":"AssertionError: [TimeoutError] during step: Click Apply config button\nMessage: Element not ready for click after 10000ms: <Locator frame=<Frame name= url='https://console.dev.apolo.us/apps/shell/install?cluster=default&project=regression-proj-0ws3jkirmt&org=regression-org-y5sum4uk6ib4'> selector='internal:role=button[name=\"Apply config\"i]'>\nLast error: Locator expected to be enabled\nActual value: disabled \nCall log:\n  - Expect \"to_be_enabled\" with timeout 500ms\n  - waiting for get_by_role(\"button\", name=\"Apply config\")\n    4 × locator resolved to <button disabled type=\"button\" class=\"relative inline-flex cursor-pointer items-center justify-center rounded-xl py-1 transition-colors text-button h-12 gap-2 bg-primary text-white hover:bg-primary-medium active:bg-primary-dark disabled:bg-neural-01 disabled:text-neural-03 px-10 capitalize pointer-events-none\">Apply config</button>\n      - unexpected value \"disabled\"","time":{"start":1763005463673,"stop":1763005554514,"duration":90841}},{"uid":"6a515410743a38c7","status":"failed","statusDetails":"AssertionError: [TimeoutError] during step: Click Apply config button\nMessage: Element not ready for click after 10000ms: <Locator frame=<Frame name= url='https://console.dev.apolo.us/apps/shell/install?cluster=default&project=regression-proj-0m9st8woyy&org=regression-org-lu828re1gubf'> selector='internal:role=button[name=\"Apply config\"i]'>\nLast error: Locator expected to be enabled\nActual value: disabled \nCall log:\n  - Expect \"to_be_enabled\" with timeout 500ms\n  - waiting for get_by_role(\"button\", name=\"Apply config\")\n    4 × locator resolved to <button disabled type=\"button\" class=\"relative inline-flex cursor-pointer items-center justify-center rounded-xl py-1 transition-colors text-button h-12 gap-2 bg-primary text-white hover:bg-primary-medium active:bg-primary-dark disabled:bg-neural-01 disabled:text-neural-03 px-10 capitalize pointer-events-none\">Apply config</button>\n      - unexpected value \"disabled\"","time":{"start":1762918503449,"stop":1762918594353,"duration":90904}},{"uid":"a4a80d114cbdcbe0","status":"failed","statusDetails":"AssertionError: [TimeoutError] during step: Click Apply config button\nMessage: Element not ready for click after 10000ms: <Locator frame=<Frame name= url='https://console.dev.apolo.us/apps/shell/install?cluster=default&project=regression-proj-ri358kzsqi&org=regression-org-yshzyi4etogg'> selector='internal:role=button[name=\"Apply config\"i]'>\nLast error: Locator expected to be enabled\nActual value: disabled \nCall log:\n  - Expect \"to_be_enabled\" with timeout 500ms\n  - waiting for get_by_role(\"button\", name=\"Apply config\")\n    4 × locator resolved to <button disabled type=\"button\" class=\"relative inline-flex cursor-pointer items-center justify-center rounded-xl py-1 transition-colors text-button h-12 gap-2 bg-primary text-white hover:bg-primary-medium active:bg-primary-dark disabled:bg-neural-01 disabled:text-neural-03 px-10 capitalize pointer-events-none\">Apply config</button>\n      - unexpected value \"disabled\"","time":{"start":1762831818509,"stop":1762831904575,"duration":86066}},{"uid":"e79b864c9b78dbb5","status":"failed","statusDetails":"AssertionError: [TimeoutError] during step: Click Apply config button\nMessage: Element not ready for click after 10000ms: <Locator frame=<Frame name= url='https://console.dev.apolo.us/apps/shell/install?cluster=default&project=regression-proj-4mz40vx8db&org=regression-org-lt9po9316lzr'> selector='internal:role=button[name=\"Apply config\"i]'>\nLast error: Locator expected to be enabled\nActual value: disabled \nCall log:\n  - Expect \"to_be_enabled\" with timeout 500ms\n  - waiting for get_by_role(\"button\", name=\"Apply config\")\n    4 × locator resolved to <button disabled type=\"button\" class=\"relative inline-flex cursor-pointer items-center justify-center rounded-xl py-1 transition-colors text-button h-12 gap-2 bg-primary text-white hover:bg-primary-medium active:bg-primary-dark disabled:bg-neural-01 disabled:text-neural-03 px-10 capitalize pointer-events-none\">Apply config</button>\n      - unexpected value \"disabled\"","time":{"start":1762745071618,"stop":1762745153547,"duration":81929}},{"uid":"7a839bbbcadb0388","status":"failed","statusDetails":"AssertionError: [TimeoutError] during step: Click Apply config button\nMessage: Element not ready for click after 10000ms: <Locator frame=<Frame name= url='https://console.dev.apolo.us/apps/shell/install?cluster=default&project=regression-proj-d8fv8gtew3&org=regression-org-fncq90qekcqh'> selector='internal:role=button[name=\"Apply config\"i]'>\nLast error: Locator expected to be enabled\nActual value: disabled \nCall log:\n  - Expect \"to_be_enabled\" with timeout 500ms\n  - waiting for get_by_role(\"button\", name=\"Apply config\")\n    4 × locator resolved to <button disabled type=\"button\" class=\"relative inline-flex cursor-pointer items-center justify-center rounded-xl py-1 transition-colors text-button h-12 gap-2 bg-primary text-white hover:bg-primary-medium active:bg-primary-dark disabled:bg-neural-01 disabled:text-neural-03 px-10 capitalize pointer-events-none\">Apply config</button>\n      - unexpected value \"disabled\"","time":{"start":1762658561815,"stop":1762658645559,"duration":83744}}]},"tags":["asyncio","class_setup"]},"source":"cf57edc0f5f4b787.json","parameterValues":[]}