{"uid":"d3f87350d9389ef8","name":"Invite member of organization to project via UI","fullName":"tests.test_cases.tests_ui.test_project_structure_setup.TestUIProjectStructureSetup#test_invite_org_member_to_proj_via_ui","historyId":"357241b7ec56b091964a6647caef2e25","time":{"start":1761965700935,"stop":1761965713098,"duration":12163},"description":"\n- Login with valid credentials.\n- Create new organization via **API**.\n- Create new project.\n- Signup `second user`.\n- Invite `second user` to organization.\n\n### Verify that:\n\n- User can invite member of organization to project.\n","descriptionHtml":"<div style='line-height:1.6;'><ul>\n<li>Login with valid credentials.</li>\n<li>Create new organization via <strong>API</strong>.</li>\n<li>Create new project.</li>\n<li>Signup <span style='background-color:#D3D3D3; padding:2px 4px; border-radius:3px; font-family:monospace;'>second user</span>.</li>\n<li>Invite <span style='background-color:#D3D3D3; padding:2px 4px; border-radius:3px; font-family:monospace;'>second user</span> to organization.</li>\n</ul>\n<h3>Verify that:</h3>\n<ul>\n<li>User can invite member of organization to project.</li>\n</ul></div>","status":"failed","statusMessage":"AssertionError: [AssertionError] during step: Login via UI\nMessage: [AssertionError] during step: Verify that Welcome new user page displayed\nMessage: Locator expected to be visible\nActual value: <element(s) not found> \nCall log:\n  - Expect \"to_be_visible\" with timeout 5000ms\n  - waiting for locator(\"h3.truncate.text-h3\").filter(has_text=\"Welcome, regression-wukshqior4@apolo.us\")","statusTrace":"tests/reporting_hooks/reporting.py:49: in wrapper\n    result = await func(*args, **kwargs)\n             ^^^^^^^^^^^^^^^^^^^^^^^^^^^\ntests/test_cases/steps/ui_steps/page_steps_impl/welcome_new_user_page_steps.py:14: in verify_ui_page_displayed\n    assert await self._pm.welcome_new_user_page.is_loaded(email=email), (\n           ^^^^^^^^^^^^^^^^^^^^^^^^^^^^^^^^^^^^^^^^^^^^^^^^^^^^^^^^^^^\ntests/components/ui/pages/onboarding_pages/welcome_new_user_page.py:27: in is_loaded\n    await self._get_welcome_user_message(email).expect_to_be_loaded()\ntests/components/ui/pages/base_element.py:51: in expect_to_be_loaded\n    await expect(self.locator).to_be_visible(timeout=timeout)\nE   AssertionError: Locator expected to be visible\nE   Actual value: <element(s) not found> \nE   Call log:\nE     - Expect \"to_be_visible\" with timeout 5000ms\nE     - waiting for locator(\"h3.truncate.text-h3\").filter(has_text=\"Welcome, regression-wukshqior4@apolo.us\")\n\nThe above exception was the direct cause of the following exception:\ntests/reporting_hooks/reporting.py:49: in wrapper\n    result = await func(*args, **kwargs)\n             ^^^^^^^^^^^^^^^^^^^^^^^^^^^\ntests/test_cases/steps/ui_steps/ui_steps.py:84: in ui_login\n    await self.welcome_new_user_page.verify_ui_page_displayed(\ntests/reporting_hooks/reporting.py:58: in wrapper\n    raise AssertionError(formatted_msg) from e\nE   AssertionError: [AssertionError] during step: Verify that Welcome new user page displayed\nE   Message: Locator expected to be visible\nE   Actual value: <element(s) not found> \nE   Call log:\nE     - Expect \"to_be_visible\" with timeout 5000ms\nE     - waiting for locator(\"h3.truncate.text-h3\").filter(has_text=\"Welcome, regression-wukshqior4@apolo.us\")\n\nThe above exception was the direct cause of the following exception:\ntests/test_cases/tests_ui/test_project_structure_setup.py:157: in test_invite_org_member_to_proj_via_ui\n    await steps.ui_login(user)\ntests/reporting_hooks/reporting.py:58: in wrapper\n    raise AssertionError(formatted_msg) from e\nE   AssertionError: [AssertionError] during step: Login via UI\nE   Message: [AssertionError] during step: Verify that Welcome new user page displayed\nE   Message: Locator expected to be visible\nE   Actual value: <element(s) not found> \nE   Call log:\nE     - Expect \"to_be_visible\" with timeout 5000ms\nE     - waiting for locator(\"h3.truncate.text-h3\").filter(has_text=\"Welcome, regression-wukshqior4@apolo.us\")","flaky":false,"newFailed":false,"newBroken":false,"newPassed":false,"retriesCount":1,"retriesStatusChange":false,"beforeStages":[{"name":"_verify_url","time":{"start":1761960699775,"stop":1761960699775,"duration":0},"status":"passed","steps":[],"attachments":[],"parameters":[],"shouldDisplayMessage":false,"stepsCount":0,"attachmentsCount":0,"hasContent":false,"attachmentStep":false},{"name":"ensure_storage_directories","time":{"start":1761960699775,"stop":1761960699775,"duration":0},"status":"passed","steps":[],"attachments":[],"parameters":[],"shouldDisplayMessage":false,"stepsCount":0,"attachmentsCount":0,"hasContent":false,"attachmentStep":false},{"name":"pytestconfig","time":{"start":1761960699775,"stop":1761960699775,"duration":0},"status":"passed","steps":[],"attachments":[],"parameters":[],"shouldDisplayMessage":false,"stepsCount":0,"attachmentsCount":0,"hasContent":false,"attachmentStep":false},{"name":"delete_output_dir","time":{"start":1761960699775,"stop":1761960699775,"duration":0},"status":"passed","steps":[],"attachments":[],"parameters":[],"shouldDisplayMessage":false,"stepsCount":0,"attachmentsCount":0,"hasContent":false,"attachmentStep":false},{"name":"delay_worker_start","time":{"start":1761960699775,"stop":1761960699775,"duration":0},"status":"passed","steps":[],"attachments":[],"parameters":[],"shouldDisplayMessage":false,"stepsCount":0,"attachmentsCount":0,"hasContent":false,"attachmentStep":false},{"name":"event_loop_policy","time":{"start":1761960699775,"stop":1761960699775,"duration":0},"status":"passed","steps":[],"attachments":[],"parameters":[],"shouldDisplayMessage":false,"stepsCount":0,"attachmentsCount":0,"hasContent":false,"attachmentStep":false},{"name":"base_url","time":{"start":1761960699775,"stop":1761960699775,"duration":0},"status":"passed","steps":[],"attachments":[],"parameters":[],"shouldDisplayMessage":false,"stepsCount":0,"attachmentsCount":0,"hasContent":false,"attachmentStep":false},{"name":"test_config","time":{"start":1761965700017,"stop":1761965700021,"duration":4},"status":"passed","steps":[],"attachments":[],"parameters":[],"shouldDisplayMessage":false,"stepsCount":0,"attachmentsCount":0,"hasContent":false,"attachmentStep":false},{"name":"page_manager","time":{"start":1761965700021,"stop":1761965700932,"duration":911},"status":"passed","steps":[],"attachments":[],"parameters":[],"shouldDisplayMessage":false,"stepsCount":0,"attachmentsCount":0,"hasContent":false,"attachmentStep":false},{"name":"_function_scoped_runner","time":{"start":1761965700021,"stop":1761965700021,"duration":0},"status":"passed","steps":[],"attachments":[],"parameters":[],"shouldDisplayMessage":false,"stepsCount":0,"attachmentsCount":0,"hasContent":false,"attachmentStep":false},{"name":"apolo_cli","time":{"start":1761965700933,"stop":1761965700933,"duration":0},"status":"passed","steps":[],"attachments":[],"parameters":[],"shouldDisplayMessage":false,"stepsCount":0,"attachmentsCount":0,"hasContent":false,"attachmentStep":false},{"name":"setup_cleanup","time":{"start":1761965700933,"stop":1761965700934,"duration":1},"status":"passed","steps":[],"attachments":[],"parameters":[],"shouldDisplayMessage":false,"stepsCount":0,"attachmentsCount":0,"hasContent":false,"attachmentStep":false},{"name":"users_manager","time":{"start":1761965700933,"stop":1761965700933,"duration":0},"status":"passed","steps":[],"attachments":[],"parameters":[],"shouldDisplayMessage":false,"stepsCount":0,"attachmentsCount":0,"hasContent":false,"attachmentStep":false},{"name":"api_helper","time":{"start":1761965700933,"stop":1761965700933,"duration":0},"status":"passed","steps":[],"attachments":[],"parameters":[],"shouldDisplayMessage":false,"stepsCount":0,"attachmentsCount":0,"hasContent":false,"attachmentStep":false},{"name":"data_manager","time":{"start":1761965700933,"stop":1761965700933,"duration":0},"status":"passed","steps":[],"attachments":[],"parameters":[],"shouldDisplayMessage":false,"stepsCount":0,"attachmentsCount":0,"hasContent":false,"attachmentStep":false},{"name":"add_page_manager","time":{"start":1761965700934,"stop":1761965700934,"duration":0},"status":"passed","steps":[],"attachments":[],"parameters":[],"shouldDisplayMessage":false,"stepsCount":0,"attachmentsCount":0,"hasContent":false,"attachmentStep":false},{"name":"_inject_fixtures","time":{"start":1761965700934,"stop":1761965700934,"duration":0},"status":"passed","steps":[],"attachments":[],"parameters":[],"shouldDisplayMessage":false,"stepsCount":0,"attachmentsCount":0,"hasContent":false,"attachmentStep":false},{"name":"setup","time":{"start":1761965700935,"stop":1761965700935,"duration":0},"status":"passed","steps":[],"attachments":[],"parameters":[],"shouldDisplayMessage":false,"stepsCount":0,"attachmentsCount":0,"hasContent":false,"attachmentStep":false}],"testStage":{"description":"\n- Login with valid credentials.\n- Create new organization via **API**.\n- Create new project.\n- Signup `second user`.\n- Invite `second user` to organization.\n\n### Verify that:\n\n- User can invite member of organization to project.\n","descriptionHtml":"<div style='line-height:1.6;'><ul>\n<li>Login with valid credentials.</li>\n<li>Create new organization via <strong>API</strong>.</li>\n<li>Create new project.</li>\n<li>Signup <span style='background-color:#D3D3D3; padding:2px 4px; border-radius:3px; font-family:monospace;'>second user</span>.</li>\n<li>Invite <span style='background-color:#D3D3D3; padding:2px 4px; border-radius:3px; font-family:monospace;'>second user</span> to organization.</li>\n</ul>\n<h3>Verify that:</h3>\n<ul>\n<li>User can invite member of organization to project.</li>\n</ul></div>","status":"failed","statusMessage":"AssertionError: [AssertionError] during step: Login via UI\nMessage: [AssertionError] during step: Verify that Welcome new user page displayed\nMessage: Locator expected to be visible\nActual value: <element(s) not found> \nCall log:\n  - Expect \"to_be_visible\" with timeout 5000ms\n  - waiting for locator(\"h3.truncate.text-h3\").filter(has_text=\"Welcome, regression-wukshqior4@apolo.us\")","statusTrace":"tests/reporting_hooks/reporting.py:49: in wrapper\n    result = await func(*args, **kwargs)\n             ^^^^^^^^^^^^^^^^^^^^^^^^^^^\ntests/test_cases/steps/ui_steps/page_steps_impl/welcome_new_user_page_steps.py:14: in verify_ui_page_displayed\n    assert await self._pm.welcome_new_user_page.is_loaded(email=email), (\n           ^^^^^^^^^^^^^^^^^^^^^^^^^^^^^^^^^^^^^^^^^^^^^^^^^^^^^^^^^^^\ntests/components/ui/pages/onboarding_pages/welcome_new_user_page.py:27: in is_loaded\n    await self._get_welcome_user_message(email).expect_to_be_loaded()\ntests/components/ui/pages/base_element.py:51: in expect_to_be_loaded\n    await expect(self.locator).to_be_visible(timeout=timeout)\nE   AssertionError: Locator expected to be visible\nE   Actual value: <element(s) not found> \nE   Call log:\nE     - Expect \"to_be_visible\" with timeout 5000ms\nE     - waiting for locator(\"h3.truncate.text-h3\").filter(has_text=\"Welcome, regression-wukshqior4@apolo.us\")\n\nThe above exception was the direct cause of the following exception:\ntests/reporting_hooks/reporting.py:49: in wrapper\n    result = await func(*args, **kwargs)\n             ^^^^^^^^^^^^^^^^^^^^^^^^^^^\ntests/test_cases/steps/ui_steps/ui_steps.py:84: in ui_login\n    await self.welcome_new_user_page.verify_ui_page_displayed(\ntests/reporting_hooks/reporting.py:58: in wrapper\n    raise AssertionError(formatted_msg) from e\nE   AssertionError: [AssertionError] during step: Verify that Welcome new user page displayed\nE   Message: Locator expected to be visible\nE   Actual value: <element(s) not found> \nE   Call log:\nE     - Expect \"to_be_visible\" with timeout 5000ms\nE     - waiting for locator(\"h3.truncate.text-h3\").filter(has_text=\"Welcome, regression-wukshqior4@apolo.us\")\n\nThe above exception was the direct cause of the following exception:\ntests/test_cases/tests_ui/test_project_structure_setup.py:157: in test_invite_org_member_to_proj_via_ui\n    await steps.ui_login(user)\ntests/reporting_hooks/reporting.py:58: in wrapper\n    raise AssertionError(formatted_msg) from e\nE   AssertionError: [AssertionError] during step: Login via UI\nE   Message: [AssertionError] during step: Verify that Welcome new user page displayed\nE   Message: Locator expected to be visible\nE   Actual value: <element(s) not found> \nE   Call log:\nE     - Expect \"to_be_visible\" with timeout 5000ms\nE     - waiting for locator(\"h3.truncate.text-h3\").filter(has_text=\"Welcome, regression-wukshqior4@apolo.us\")","steps":[{"name":"Login via UI","time":{"start":1761965700936,"stop":1761965713097,"duration":12161},"status":"failed","statusMessage":"AssertionError: [AssertionError] during step: Login via UI\nMessage: [AssertionError] during step: Verify that Welcome new user page displayed\nMessage: Locator expected to be visible\nActual value: <element(s) not found> \nCall log:\n  - Expect \"to_be_visible\" with timeout 5000ms\n  - waiting for locator(\"h3.truncate.text-h3\").filter(has_text=\"Welcome, regression-wukshqior4@apolo.us\")\n\n","statusTrace":"  File \"/home/runner/work/apolo-test-automation/apolo-test-automation/tests/reporting_hooks/reporting.py\", line 58, in wrapper\n    raise AssertionError(formatted_msg) from e\n","steps":[{"name":"Verify that Auth page displayed","time":{"start":1761965700936,"stop":1761965702021,"duration":1085},"status":"passed","steps":[],"attachments":[{"uid":"bfb79b8dbcbec855","name":"Page URL","source":"bfb79b8dbcbec855.txt","type":"text/plain","size":29},{"uid":"83617291ea9ea63e","name":"HTTP 200 - GET config","source":"83617291ea9ea63e.txt","type":"text/plain","size":673},{"uid":"e8ad02b3c4a72ed6","name":"Screenshot: Verify that Auth page displayed (success)","source":"e8ad02b3c4a72ed6.png","type":"image/png","size":88563}],"parameters":[],"shouldDisplayMessage":false,"stepsCount":0,"attachmentsCount":3,"hasContent":true,"attachmentStep":false},{"name":"Click login button","time":{"start":1761965702021,"stop":1761965702966,"duration":945},"status":"passed","steps":[],"attachments":[{"uid":"44adb4ad40ca43d7","name":"Page URL","source":"44adb4ad40ca43d7.txt","type":"text/plain","size":33},{"uid":"e98670cacbd2bb9e","name":"Screenshot: Click login button (success)","source":"e98670cacbd2bb9e.png","type":"image/png","size":88570}],"parameters":[],"shouldDisplayMessage":false,"stepsCount":0,"attachmentsCount":2,"hasContent":true,"attachmentStep":false},{"name":"Verify that Login page displayed","time":{"start":1761965702966,"stop":1761965703181,"duration":215},"status":"passed","steps":[],"attachments":[{"uid":"ba965100f2cc3725","name":"Page URL","source":"ba965100f2cc3725.txt","type":"text/plain","size":215},{"uid":"3cdfbc3623b6e4fc","name":"Screenshot: Verify that Login page displayed (success)","source":"3cdfbc3623b6e4fc.png","type":"image/png","size":41599}],"parameters":[],"shouldDisplayMessage":false,"stepsCount":0,"attachmentsCount":2,"hasContent":true,"attachmentStep":false},{"name":"Enter email","time":{"start":1761965703181,"stop":1761965703512,"duration":331},"status":"passed","steps":[],"attachments":[{"uid":"4c56822315e44ac","name":"Page URL","source":"4c56822315e44ac.txt","type":"text/plain","size":215},{"uid":"313ba3950b4cbb6a","name":"Screenshot: Enter email (success)","source":"313ba3950b4cbb6a.png","type":"image/png","size":45956}],"parameters":[],"shouldDisplayMessage":false,"stepsCount":0,"attachmentsCount":2,"hasContent":true,"attachmentStep":false},{"name":"Enter password","time":{"start":1761965703512,"stop":1761965703846,"duration":334},"status":"passed","steps":[],"attachments":[{"uid":"af07c5329b2ee11b","name":"Page URL","source":"af07c5329b2ee11b.txt","type":"text/plain","size":215},{"uid":"2dd155778515e042","name":"Screenshot: Enter password (success)","source":"2dd155778515e042.png","type":"image/png","size":46100}],"parameters":[],"shouldDisplayMessage":false,"stepsCount":0,"attachmentsCount":2,"hasContent":true,"attachmentStep":false},{"name":"Click Continue button","time":{"start":1761965703846,"stop":1761965706881,"duration":3035},"status":"passed","steps":[],"attachments":[{"uid":"2841f32736574f8a","name":"Page URL","source":"2841f32736574f8a.txt","type":"text/plain","size":215},{"uid":"ecb5494621ab715a","name":"HTTP 200 - GET config","source":"ecb5494621ab715a.txt","type":"text/plain","size":2137},{"uid":"40aa1cc9527bf4f3","name":"HTTP 200 - GET templates","source":"40aa1cc9527bf4f3.txt","type":"text/plain","size":2146},{"uid":"ed228e35b5456927","name":"HTTP 200 - GET permissions?uri=blob:","source":"ed228e35b5456927.txt","type":"text/plain","size":255},{"uid":"3b6763adfc30901c","name":"HTTP 200 - GET incoming","source":"3b6763adfc30901c.txt","type":"text/plain","size":156},{"uid":"b0a26407da803999","name":"HTTP 200 - GET regression-wukshqior4?include=clusters&include=system_role","source":"b0a26407da803999.txt","type":"text/plain","size":529},{"uid":"93a9412aecb3ecd6","name":"HTTP 200 - GET regression-org-ai3ws1gbgnc6","source":"93a9412aecb3ecd6.txt","type":"text/plain","size":444},{"uid":"1d4850df222e5673","name":"HTTP 200 - GET instances?org=regression-org-ai3ws1gbgnc6&project=regression-proj-j2skdk6m06&cluster=default&size=100","source":"1d4850df222e5673.txt","type":"text/plain","size":290},{"uid":"1d06132024a3bbea","name":"HTTP 200 - GET regression-wukshqior4?include=orgs","source":"1d06132024a3bbea.txt","type":"text/plain","size":474},{"uid":"e86ee8f5fc581576","name":"HTTP 200 - GET tags","source":"e86ee8f5fc581576.txt","type":"text/plain","size":867},{"uid":"efc859d4272e4ad","name":"HTTP 200 - GET templates?page=1&size=50","source":"efc859d4272e4ad.txt","type":"text/plain","size":2161},{"uid":"d0c2a3f228384801","name":"Screenshot: Click Continue button (success)","source":"d0c2a3f228384801.png","type":"image/png","size":158681}],"parameters":[],"shouldDisplayMessage":false,"stepsCount":0,"attachmentsCount":12,"hasContent":true,"attachmentStep":false},{"name":"Verify that Welcome new user page displayed","time":{"start":1761965706889,"stop":1761965712998,"duration":6109},"status":"failed","statusMessage":"AssertionError: [AssertionError] during step: Verify that Welcome new user page displayed\nMessage: Locator expected to be visible\nActual value: <element(s) not found> \nCall log:\n  - Expect \"to_be_visible\" with timeout 5000ms\n  - waiting for locator(\"h3.truncate.text-h3\").filter(has_text=\"Welcome, regression-wukshqior4@apolo.us\")\n\n","statusTrace":"  File \"/home/runner/work/apolo-test-automation/apolo-test-automation/tests/reporting_hooks/reporting.py\", line 58, in wrapper\n    raise AssertionError(formatted_msg) from e\n","steps":[],"attachments":[{"uid":"c979228e0429ba6d","name":"Page URL","source":"c979228e0429ba6d.txt","type":"text/plain","size":116},{"uid":"787520a0b33b020b","name":"Screenshot: Verify that Welcome new user page displayed (fail)","source":"787520a0b33b020b.png","type":"image/png","size":158628}],"parameters":[],"shouldDisplayMessage":true,"stepsCount":0,"attachmentsCount":2,"hasContent":true,"attachmentStep":false}],"attachments":[{"uid":"7f022699db05767e","name":"Page URL","source":"7f022699db05767e.txt","type":"text/plain","size":29},{"uid":"c75188efd5aa1cb6","name":"Screenshot: Login via UI (fail)","source":"c75188efd5aa1cb6.png","type":"image/png","size":158628}],"parameters":[],"shouldDisplayMessage":true,"stepsCount":7,"attachmentsCount":27,"hasContent":true,"attachmentStep":false}],"attachments":[{"uid":"5d6d16212b672bac","name":"log","source":"5d6d16212b672bac.txt","type":"text/plain","size":41752}],"parameters":[],"shouldDisplayMessage":true,"stepsCount":8,"attachmentsCount":28,"hasContent":true,"attachmentStep":false},"afterStages":[{"name":"add_page_manager::finalizer","time":{"start":1761965713125,"stop":1761965713125,"duration":0},"status":"passed","steps":[],"attachments":[],"parameters":[],"shouldDisplayMessage":false,"stepsCount":0,"attachmentsCount":0,"hasContent":false,"attachmentStep":false},{"name":"setup_cleanup::finalizer","time":{"start":1761965713125,"stop":1761965713125,"duration":0},"status":"passed","steps":[],"attachments":[],"parameters":[],"shouldDisplayMessage":false,"stepsCount":0,"attachmentsCount":0,"hasContent":false,"attachmentStep":false},{"name":"setup_cleanup::finalizer","time":{"start":1761965713125,"stop":1761965719376,"duration":6251},"status":"passed","steps":[{"name":"Post-test cleanup","time":{"start":1761965713125,"stop":1761965719376,"duration":6251},"status":"passed","steps":[{"name":"Delete organisation: regression-org-ai3ws1gbgnc6","time":{"start":1761965718485,"stop":1761965719333,"duration":848},"status":"passed","steps":[{"name":"Delete project: regression-proj-j2skdk6m06","time":{"start":1761965718564,"stop":1761965718732,"duration":168},"status":"passed","steps":[],"attachments":[],"parameters":[],"shouldDisplayMessage":false,"stepsCount":0,"attachmentsCount":0,"hasContent":false,"attachmentStep":false}],"attachments":[],"parameters":[],"shouldDisplayMessage":false,"stepsCount":1,"attachmentsCount":0,"hasContent":true,"attachmentStep":false}],"attachments":[],"parameters":[],"shouldDisplayMessage":false,"stepsCount":2,"attachmentsCount":0,"hasContent":true,"attachmentStep":false}],"attachments":[],"parameters":[],"shouldDisplayMessage":false,"stepsCount":3,"attachmentsCount":0,"hasContent":true,"attachmentStep":false},{"name":"api_helper::finalizer","time":{"start":1761965719377,"stop":1761965719377,"duration":0},"status":"passed","steps":[],"attachments":[],"parameters":[],"shouldDisplayMessage":false,"stepsCount":0,"attachmentsCount":0,"hasContent":false,"attachmentStep":false},{"name":"_function_scoped_runner::0","time":{"start":1761965719378,"stop":1761965719379,"duration":1},"status":"passed","steps":[],"attachments":[],"parameters":[],"shouldDisplayMessage":false,"stepsCount":0,"attachmentsCount":0,"hasContent":false,"attachmentStep":false}],"labels":[{"name":"parentSuite","value":"UI Tests"},{"name":"suite","value":"UI Project Structure Setup"},{"name":"tag","value":"asyncio"},{"name":"subSuite","value":"TestUIProjectStructureSetup"},{"name":"host","value":"runnervmf2e7y"},{"name":"thread","value":"3549-MainThread"},{"name":"framework","value":"pytest"},{"name":"language","value":"cpython3"},{"name":"package","value":"tests.test_cases.tests_ui.test_project_structure_setup"},{"name":"resultFormat","value":"allure2"}],"parameters":[],"links":[],"hidden":false,"retry":false,"extra":{"severity":"normal","retries":[{"uid":"cdcdd10daa49e8b","status":"failed","statusDetails":"AssertionError: [AssertionError] during step: Create first project from main page\nMessage: [TimeoutError] during step: Wait for Create project popup disappear\nMessage: Locator.wait_for: Timeout 60ms exceeded.\nCall log:\n  - waiting for locator(\"h2\").filter(has_text=\"Create Project\") to be detached\n    3 × locator resolved to visible <h2 class=\"p-8 text-h4\">Create Project</h2>\n\nNote: Playwright Timeout. Element not found or action took too long.","time":{"start":1761965661643,"stop":1761965684923,"duration":23280}}],"categories":[{"name":"Product defects","matchedStatuses":[],"flaky":false}],"history":{"statistic":{"failed":10,"broken":0,"skipped":0,"passed":84,"unknown":0,"total":94},"items":[{"uid":"3d7f8ab096e8a2d4","status":"failed","statusDetails":"AssertionError: [AssertionError] during step: Create first project from main page\nMessage: [TimeoutError] during step: Wait for Create project popup disappear\nMessage: Locator.wait_for: Timeout 60ms exceeded.\nCall log:\n  - waiting for locator(\"h2\").filter(has_text=\"Create Project\") to be detached\n    3 × locator resolved to visible <h2 class=\"p-8 text-h4\">Create Project</h2>\n\nNote: Playwright Timeout. Element not found or action took too long.","time":{"start":1761879713335,"stop":1761879757120,"duration":43785}},{"uid":"dcc5fa537b127a27","status":"failed","statusDetails":"AssertionError: [AssertionError] during step: Login via UI\nMessage: [AssertionError] during step: Verify that Welcome new user page displayed\nMessage: Locator expected to be visible\nActual value: <element(s) not found> \nCall log:\n  - Expect \"to_be_visible\" with timeout 5000ms\n  - waiting for locator(\"h3.truncate.text-h3\").filter(has_text=\"Welcome, regression-14u6bbkpki@apolo.us\")","time":{"start":1761793107089,"stop":1761793118572,"duration":11483}},{"uid":"9d785d0c2ad4cede","status":"failed","statusDetails":"AssertionError: [AssertionError] during step: Create first project from main page\nMessage: [TimeoutError] during step: Wait for Create project popup disappear\nMessage: Locator.wait_for: Timeout 60ms exceeded.\nCall log:\n  - waiting for locator(\"h2\").filter(has_text=\"Create Project\") to be detached\n    3 × locator resolved to visible <h2 class=\"p-8 text-h4\">Create Project</h2>\n\nNote: Playwright Timeout. Element not found or action took too long.","time":{"start":1761706891928,"stop":1761706917843,"duration":25915}},{"uid":"2c7f869e5f8ae2af","status":"failed","statusDetails":"AssertionError: [AssertionError] during step: Create first project from main page\nMessage: [TimeoutError] during step: Wait for Create project popup disappear\nMessage: Locator.wait_for: Timeout 60ms exceeded.\nCall log:\n  - waiting for locator(\"h2\").filter(has_text=\"Create Project\") to be detached\n    3 × locator resolved to visible <h2 class=\"p-8 text-h4\">Create Project</h2>\n\nNote: Playwright Timeout. Element not found or action took too long.","time":{"start":1761621319987,"stop":1761621343483,"duration":23496}},{"uid":"3a4c485ee78fe33","status":"failed","statusDetails":"AssertionError: [AssertionError] during step: Create first project from main page\nMessage: [TimeoutError] during step: Wait for Create project popup disappear\nMessage: Locator.wait_for: Timeout 60ms exceeded.\nCall log:\n  - waiting for locator(\"h2\").filter(has_text=\"Create Project\") to be detached\n    3 × locator resolved to visible <h2 class=\"p-8 text-h4\">Create Project</h2>\n\nNote: Playwright Timeout. Element not found or action took too long.","time":{"start":1761598648788,"stop":1761598680511,"duration":31723}},{"uid":"41563f047bfbfef1","status":"failed","statusDetails":"AssertionError: [AssertionError] during step: Create first project from main page\nMessage: [TimeoutError] during step: Wait for Create project popup disappear\nMessage: Locator.wait_for: Timeout 60ms exceeded.\nCall log:\n  - waiting for locator(\"h2\").filter(has_text=\"Create Project\") to be detached\n    3 × locator resolved to visible <h2 class=\"p-8 text-h4\">Create Project</h2>\n\nNote: Playwright Timeout. Element not found or action took too long.","time":{"start":1761570532991,"stop":1761570557632,"duration":24641}},{"uid":"f8febead1ea64d06","status":"passed","time":{"start":1759550266639,"stop":1759550368927,"duration":102288}},{"uid":"905874f4ea90b60c","status":"passed","time":{"start":1759464366335,"stop":1759464456728,"duration":90393}},{"uid":"b40c009b259cfbf1","status":"failed","statusDetails":"AssertionError: [AssertionError] during step: Create first project from main page\nMessage: [TimeoutError] during step: Wait for Create project popup disappear\nMessage: Locator.wait_for: Timeout 30000ms exceeded.\nCall log:\n  - waiting for locator(\"h2\").filter(has_text=\"Create Project\") to be detached\n    65 × locator resolved to visible <h2 class=\"p-8 text-h4\">Create Project</h2>\n\nNote: Playwright Timeout. Element not found or action took too long.","time":{"start":1759380060722,"stop":1759380114229,"duration":53507}},{"uid":"cf22aa74fdd387f0","status":"passed","time":{"start":1759287898049,"stop":1759287976773,"duration":78724}},{"uid":"1257e3a019f77cc2","status":"passed","time":{"start":1759201501778,"stop":1759201598300,"duration":96522}},{"uid":"6b62f22cae85b567","status":"passed","time":{"start":1759159114974,"stop":1759159199627,"duration":84653}},{"uid":"3d4dfa17fc58c906","status":"passed","time":{"start":1759115801739,"stop":1759115886530,"duration":84791}},{"uid":"f49c79ed1c168a14","status":"passed","time":{"start":1759029333305,"stop":1759029425096,"duration":91791}},{"uid":"b0573c0f00d086ea","status":"passed","time":{"start":1758942830993,"stop":1758942919849,"duration":88856}},{"uid":"4e84c2e5c630ef06","status":"passed","time":{"start":1758855624774,"stop":1758855716415,"duration":91641}},{"uid":"2fafe0ba0b287448","status":"passed","time":{"start":1758769152936,"stop":1758769249527,"duration":96591}},{"uid":"2ab7b4f150d8151a","status":"passed","time":{"start":1758710988223,"stop":1758711059743,"duration":71520}},{"uid":"cdb4b224bd39e9c9","status":"passed","time":{"start":1758696055475,"stop":1758696143376,"duration":87901}},{"uid":"904a05e2b3b749d0","status":"passed","time":{"start":1758684050414,"stop":1758684144266,"duration":93852}}]},"tags":["asyncio"]},"source":"d3f87350d9389ef8.json","parameterValues":[]}