{"uid":"df91f482e1f0b535","name":"Verify app output endpoints schema via API","fullName":"tests.test_cases.tests_e2e.test_postgres_app.TestE2EPostgresApp#test_app_output_api_schema_via_api","historyId":"2379e2d45fa04c72a86d9829bb3af288","time":{"start":1763090853274,"stop":1763090853274,"duration":0},"description":"\n### Pre-conditions:\n- PostgreSQL app installed.\n\n### Steps:\n- Login with valid credentials.\n- Call `output` API.\n\n### Verify that:\n\n- API endpoints data matching expected json schema.\n","descriptionHtml":"<div style='line-height:1.6;'><h3>Pre-conditions:</h3>\n<ul>\n<li>PostgreSQL app installed.</li>\n</ul>\n<h3>Steps:</h3>\n<ul>\n<li>Login with valid credentials.</li>\n<li>Call <span style='background-color:#D3D3D3; padding:2px 4px; border-radius:3px; font-family:monospace;'>output</span> API.</li>\n</ul>\n<h3>Verify that:</h3>\n<ul>\n<li>API endpoints data matching expected json schema.</li>\n</ul></div>","status":"skipped","statusMessage":"Skipped: PostgreSQL app was not installed successfully","statusTrace":"('/home/runner/work/apolo-test-automation/apolo-test-automation/tests/test_cases/tests_e2e/test_postgres_app.py', 471, 'Skipped: PostgreSQL app was not installed successfully')","flaky":false,"newFailed":false,"newBroken":false,"newPassed":false,"retriesCount":0,"retriesStatusChange":false,"beforeStages":[{"name":"delete_output_dir","time":{"start":1763083903711,"stop":1763083903711,"duration":0},"status":"passed","steps":[],"attachments":[],"parameters":[],"shouldDisplayMessage":false,"stepsCount":0,"attachmentsCount":0,"hasContent":false,"attachmentStep":false},{"name":"delay_worker_start","time":{"start":1763083903711,"stop":1763083903712,"duration":1},"status":"passed","steps":[],"attachments":[],"parameters":[],"shouldDisplayMessage":false,"stepsCount":0,"attachmentsCount":0,"hasContent":false,"attachmentStep":false},{"name":"base_url","time":{"start":1763083903711,"stop":1763083903711,"duration":0},"status":"passed","steps":[],"attachments":[],"parameters":[],"shouldDisplayMessage":false,"stepsCount":0,"attachmentsCount":0,"hasContent":false,"attachmentStep":false},{"name":"pytestconfig","time":{"start":1763083903711,"stop":1763083903711,"duration":0},"status":"passed","steps":[],"attachments":[],"parameters":[],"shouldDisplayMessage":false,"stepsCount":0,"attachmentsCount":0,"hasContent":false,"attachmentStep":false},{"name":"event_loop_policy","time":{"start":1763083903711,"stop":1763083903711,"duration":0},"status":"passed","steps":[],"attachments":[],"parameters":[],"shouldDisplayMessage":false,"stepsCount":0,"attachmentsCount":0,"hasContent":false,"attachmentStep":false},{"name":"_verify_url","time":{"start":1763083903711,"stop":1763083903711,"duration":0},"status":"passed","steps":[],"attachments":[],"parameters":[],"shouldDisplayMessage":false,"stepsCount":0,"attachmentsCount":0,"hasContent":false,"attachmentStep":false},{"name":"ensure_storage_directories","time":{"start":1763083903712,"stop":1763083903712,"duration":0},"status":"passed","steps":[],"attachments":[],"parameters":[],"shouldDisplayMessage":false,"stepsCount":0,"attachmentsCount":0,"hasContent":false,"attachmentStep":false},{"name":"test_config","time":{"start":1763090853274,"stop":1763090853278,"duration":4},"status":"passed","steps":[],"attachments":[],"parameters":[],"shouldDisplayMessage":false,"stepsCount":0,"attachmentsCount":0,"hasContent":false,"attachmentStep":false},{"name":"_function_scoped_runner","time":{"start":1763090853279,"stop":1763090853279,"duration":0},"status":"passed","steps":[],"attachments":[],"parameters":[],"shouldDisplayMessage":false,"stepsCount":0,"attachmentsCount":0,"hasContent":false,"attachmentStep":false},{"name":"page_manager","time":{"start":1763090853279,"stop":1763090853931,"duration":652},"status":"passed","steps":[],"attachments":[],"parameters":[],"shouldDisplayMessage":false,"stepsCount":0,"attachmentsCount":0,"hasContent":false,"attachmentStep":false},{"name":"data_manager","time":{"start":1763090853931,"stop":1763090853932,"duration":1},"status":"passed","steps":[],"attachments":[],"parameters":[],"shouldDisplayMessage":false,"stepsCount":0,"attachmentsCount":0,"hasContent":false,"attachmentStep":false},{"name":"users_manager","time":{"start":1763090853932,"stop":1763090853932,"duration":0},"status":"passed","steps":[],"attachments":[],"parameters":[],"shouldDisplayMessage":false,"stepsCount":0,"attachmentsCount":0,"hasContent":false,"attachmentStep":false},{"name":"api_helper","time":{"start":1763090853932,"stop":1763090853932,"duration":0},"status":"passed","steps":[],"attachments":[],"parameters":[],"shouldDisplayMessage":false,"stepsCount":0,"attachmentsCount":0,"hasContent":false,"attachmentStep":false},{"name":"apolo_cli","time":{"start":1763090853932,"stop":1763090853933,"duration":1},"status":"passed","steps":[],"attachments":[],"parameters":[],"shouldDisplayMessage":false,"stepsCount":0,"attachmentsCount":0,"hasContent":false,"attachmentStep":false},{"name":"setup_cleanup","time":{"start":1763090853933,"stop":1763090853933,"duration":0},"status":"passed","steps":[],"attachments":[],"parameters":[],"shouldDisplayMessage":false,"stepsCount":0,"attachmentsCount":0,"hasContent":false,"attachmentStep":false},{"name":"add_page_manager","time":{"start":1763090853933,"stop":1763090853934,"duration":1},"status":"passed","steps":[],"attachments":[],"parameters":[],"shouldDisplayMessage":false,"stepsCount":0,"attachmentsCount":0,"hasContent":false,"attachmentStep":false},{"name":"setup","time":{"start":1763090853934,"stop":1763090853934,"duration":0},"status":"passed","steps":[],"attachments":[],"parameters":[],"shouldDisplayMessage":false,"stepsCount":0,"attachmentsCount":0,"hasContent":false,"attachmentStep":false},{"name":"_inject_fixtures","time":{"start":1763090853934,"stop":1763090853934,"duration":0},"status":"passed","steps":[],"attachments":[],"parameters":[],"shouldDisplayMessage":false,"stepsCount":0,"attachmentsCount":0,"hasContent":false,"attachmentStep":false},{"name":"postgres_status","time":{"start":1763090853934,"stop":1763090853934,"duration":0},"status":"skipped","statusMessage":"Skipped: PostgreSQL app was not installed successfully\n","statusTrace":"  File \"/home/runner/work/apolo-test-automation/apolo-test-automation/.venv/lib/python3.13/site-packages/pluggy/_callers.py\", line 38, in run_old_style_hookwrapper\n    res = yield\n          ^^^^^\n  File \"/home/runner/work/apolo-test-automation/apolo-test-automation/.venv/lib/python3.13/site-packages/pluggy/_callers.py\", line 139, in _multicall\n    teardown.throw(exception)\n    ~~~~~~~~~~~~~~^^^^^^^^^^^\n  File \"/home/runner/work/apolo-test-automation/apolo-test-automation/.venv/lib/python3.13/site-packages/pytest_asyncio/plugin.py\", line 730, in pytest_fixture_setup\n    return (yield)\n            ^^^^^\n  File \"/home/runner/work/apolo-test-automation/apolo-test-automation/.venv/lib/python3.13/site-packages/pluggy/_callers.py\", line 139, in _multicall\n    teardown.throw(exception)\n    ~~~~~~~~~~~~~~^^^^^^^^^^^\n  File \"/home/runner/work/apolo-test-automation/apolo-test-automation/.venv/lib/python3.13/site-packages/_pytest/setuponly.py\", line 36, in pytest_fixture_setup\n    return (yield)\n            ^^^^^\n  File \"/home/runner/work/apolo-test-automation/apolo-test-automation/.venv/lib/python3.13/site-packages/pluggy/_callers.py\", line 121, in _multicall\n    res = hook_impl.function(*args)\n  File \"/home/runner/work/apolo-test-automation/apolo-test-automation/.venv/lib/python3.13/site-packages/_pytest/fixtures.py\", line 1196, in pytest_fixture_setup\n    result = call_fixture_func(fixturefunc, request, kwargs)\n  File \"/home/runner/work/apolo-test-automation/apolo-test-automation/.venv/lib/python3.13/site-packages/_pytest/fixtures.py\", line 930, in call_fixture_func\n    fixture_result = fixturefunc(**kwargs)\n  File \"/home/runner/work/apolo-test-automation/apolo-test-automation/tests/test_cases/tests_e2e/test_postgres_app.py\", line 37, in postgres_status\n    pytest.skip(\"PostgreSQL app was not installed successfully\")\n    ~~~~~~~~~~~^^^^^^^^^^^^^^^^^^^^^^^^^^^^^^^^^^^^^^^^^^^^^^^^^\n  File \"/home/runner/work/apolo-test-automation/apolo-test-automation/.venv/lib/python3.13/site-packages/_pytest/outcomes.py\", line 159, in skip\n    raise Skipped(msg=reason, allow_module_level=allow_module_level)\n","steps":[],"attachments":[],"parameters":[],"shouldDisplayMessage":true,"stepsCount":0,"attachmentsCount":0,"hasContent":true,"attachmentStep":false}],"testStage":{"description":"\n### Pre-conditions:\n- PostgreSQL app installed.\n\n### Steps:\n- Login with valid credentials.\n- Call `output` API.\n\n### Verify that:\n\n- API endpoints data matching expected json schema.\n","descriptionHtml":"<div style='line-height:1.6;'><h3>Pre-conditions:</h3>\n<ul>\n<li>PostgreSQL app installed.</li>\n</ul>\n<h3>Steps:</h3>\n<ul>\n<li>Login with valid credentials.</li>\n<li>Call <span style='background-color:#D3D3D3; padding:2px 4px; border-radius:3px; font-family:monospace;'>output</span> API.</li>\n</ul>\n<h3>Verify that:</h3>\n<ul>\n<li>API endpoints data matching expected json schema.</li>\n</ul></div>","status":"skipped","statusMessage":"Skipped: PostgreSQL app was not installed successfully","statusTrace":"('/home/runner/work/apolo-test-automation/apolo-test-automation/tests/test_cases/tests_e2e/test_postgres_app.py', 471, 'Skipped: PostgreSQL app was not installed successfully')","steps":[],"attachments":[{"uid":"2decded600d335b2","name":"log","source":"2decded600d335b2.txt","type":"text/plain","size":954}],"parameters":[],"shouldDisplayMessage":true,"stepsCount":0,"attachmentsCount":1,"hasContent":true,"attachmentStep":false},"afterStages":[{"name":"add_page_manager::finalizer","time":{"start":1763090853938,"stop":1763090853938,"duration":0},"status":"passed","steps":[],"attachments":[],"parameters":[],"shouldDisplayMessage":false,"stepsCount":0,"attachmentsCount":0,"hasContent":false,"attachmentStep":false},{"name":"setup_cleanup::finalizer","time":{"start":1763090853939,"stop":1763090853939,"duration":0},"status":"passed","steps":[],"attachments":[],"parameters":[],"shouldDisplayMessage":false,"stepsCount":0,"attachmentsCount":0,"hasContent":false,"attachmentStep":false},{"name":"setup_cleanup::finalizer","time":{"start":1763090853939,"stop":1763090853939,"duration":0},"status":"passed","steps":[],"attachments":[],"parameters":[],"shouldDisplayMessage":false,"stepsCount":0,"attachmentsCount":0,"hasContent":false,"attachmentStep":false},{"name":"api_helper::finalizer","time":{"start":1763090853940,"stop":1763090853940,"duration":0},"status":"passed","steps":[],"attachments":[],"parameters":[],"shouldDisplayMessage":false,"stepsCount":0,"attachmentsCount":0,"hasContent":false,"attachmentStep":false},{"name":"_function_scoped_runner::0","time":{"start":1763090853941,"stop":1763090853941,"duration":0},"status":"passed","steps":[],"attachments":[],"parameters":[],"shouldDisplayMessage":false,"stepsCount":0,"attachmentsCount":0,"hasContent":false,"attachmentStep":false}],"labels":[{"name":"suite","value":"PostgreSQL App"},{"name":"parentSuite","value":"E2E Tests"},{"name":"tag","value":"asyncio"},{"name":"tag","value":"class_setup"},{"name":"subSuite","value":"TestE2EPostgresApp"},{"name":"host","value":"runnervmw9dnm"},{"name":"thread","value":"3530-MainThread"},{"name":"framework","value":"pytest"},{"name":"language","value":"cpython3"},{"name":"package","value":"tests.test_cases.tests_e2e.test_postgres_app"},{"name":"resultFormat","value":"allure2"}],"parameters":[],"links":[],"hidden":false,"retry":false,"extra":{"severity":"normal","retries":[],"categories":[],"history":{"statistic":{"failed":1,"broken":0,"skipped":7,"passed":18,"unknown":0,"total":26},"items":[{"uid":"cf88ed8d72ad5248","status":"passed","time":{"start":1763004809809,"stop":1763004814880,"duration":5071}},{"uid":"f67a6a4daf7ac3a7","status":"passed","time":{"start":1762917808708,"stop":1762917816719,"duration":8011}},{"uid":"b24b228649247bb7","status":"passed","time":{"start":1762831128532,"stop":1762831134576,"duration":6044}},{"uid":"e58be06bf0206be6","status":"skipped","statusDetails":"Skipped: PostgreSQL app was not installed successfully","time":{"start":1762744697152,"stop":1762744697152,"duration":0}},{"uid":"2d721913a5b84a01","status":"skipped","statusDetails":"Skipped: PostgreSQL app was not installed successfully","time":{"start":1762658157384,"stop":1762658157384,"duration":0}},{"uid":"6a17519de942fd32","status":"skipped","statusDetails":"Skipped: PostgreSQL app was not installed successfully","time":{"start":1762571717849,"stop":1762571717849,"duration":0}},{"uid":"a0300af1e2951473","status":"skipped","statusDetails":"Skipped: PostgreSQL app was not installed successfully","time":{"start":1762485380290,"stop":1762485380290,"duration":0}},{"uid":"59ed829eaff6cde4","status":"passed","time":{"start":1762398509148,"stop":1762398514726,"duration":5578}},{"uid":"ad09302dfbf84afb","status":"passed","time":{"start":1762312102653,"stop":1762312108426,"duration":5773}},{"uid":"caf8a95f3b0f9840","status":"passed","time":{"start":1762225797838,"stop":1762225804000,"duration":6162}},{"uid":"38c86d8e5f5809f2","status":"skipped","statusDetails":"Skipped: PostgreSQL app was not installed successfully","time":{"start":1762139110634,"stop":1762139110634,"duration":0}},{"uid":"2b9eb9972743874","status":"passed","time":{"start":1762053041678,"stop":1762053056639,"duration":14961}},{"uid":"e692338160e56ac8","status":"passed","time":{"start":1761966721349,"stop":1761966830993,"duration":109644}},{"uid":"29e18905a5712411","status":"passed","time":{"start":1761880510910,"stop":1761880526380,"duration":15470}},{"uid":"3d14affabeec124c","status":"failed","statusDetails":"AssertionError: [AssertionError] during step: Verify PostgreSQL /output users data schema via API\nMessage: {'detail': {'message': 'No output records found for app instance 224a530e-6f26-4614-beac-706f0f8c26ba'}}","time":{"start":1761794755143,"stop":1761794761360,"duration":6217}},{"uid":"e9e1b328b1bf128b","status":"passed","time":{"start":1761707253579,"stop":1761707268945,"duration":15366}},{"uid":"f397558a30f00755","status":"passed","time":{"start":1761621211741,"stop":1761621227027,"duration":15286}},{"uid":"8ecc7fe35aa6cfeb","status":"passed","time":{"start":1761599045774,"stop":1761599060631,"duration":14857}},{"uid":"137562a5a2ef40fe","status":"passed","time":{"start":1761566081221,"stop":1761566087145,"duration":5924}},{"uid":"1ac628ff8eb5ffb7","status":"passed","time":{"start":1759542837368,"stop":1759542842086,"duration":4718}}]},"tags":["asyncio","class_setup"]},"source":"df91f482e1f0b535.json","parameterValues":[]}