{"uid":"e4282b42b2f7f6a6","name":"Verify app output endpoints schema via API","fullName":"tests.test_cases.tests_e2e.test_deep_seek_app.TestE2EDeepSeekApp#test_app_output_api_schema_via_api","historyId":"28f0d90dffdbfdaa28f26595a1b0bc12","time":{"start":1758332719913,"stop":1758332724507,"duration":4594},"description":"\n### Pre-conditions:\n- DeepSeek app installed.\n\n### Steps:\n- Login with valid credentials.\n- Call `output` API.\n\n### Verify that:\n\n- API endpoints data matching expected json schema.\n","descriptionHtml":"<div style='line-height:1.6;'><h3>Pre-conditions:</h3>\n<ul>\n<li>DeepSeek app installed.</li>\n</ul>\n<h3>Steps:</h3>\n<ul>\n<li>Login with valid credentials.</li>\n<li>Call <span style='background-color:#D3D3D3; padding:2px 4px; border-radius:3px; font-family:monospace;'>output</span> API.</li>\n</ul>\n<h3>Verify that:</h3>\n<ul>\n<li>API endpoints data matching expected json schema.</li>\n</ul></div>","status":"failed","statusMessage":"AssertionError: [AssertionError] during step: Verify output endpoints schema via API\nMessage: <unknown at 0> validation error: Additional properties are not allowed ('__type__' was unexpected);\n <unknown at 1> validation error: Additional properties are not allowed ('__type__' was unexpected);\n <unknown at 2> validation error: Additional properties are not allowed ('__type__' was unexpected);\n <unknown at 3> validation error: Additional properties are not allowed ('__type__' was unexpected)","statusTrace":"tests/reporting_hooks/reporting.py:49: in wrapper\n    result = await func(*args, **kwargs)\n             ^^^^^^^^^^^^^^^^^^^^^^^^^^^\ntests/test_cases/steps/api_steps/api_steps.py:228: in verify_output_endpoints_schema_api\n    assert result, error_message\n           ^^^^^^\nE   AssertionError: <unknown at 0> validation error: Additional properties are not allowed ('__type__' was unexpected);\nE    <unknown at 1> validation error: Additional properties are not allowed ('__type__' was unexpected);\nE    <unknown at 2> validation error: Additional properties are not allowed ('__type__' was unexpected);\nE    <unknown at 3> validation error: Additional properties are not allowed ('__type__' was unexpected)\n\nThe above exception was the direct cause of the following exception:\ntests/test_cases/tests_e2e/test_deep_seek_app.py:426: in test_app_output_api_schema_via_api\n    await api_steps.verify_output_endpoints_schema_api(\ntests/reporting_hooks/reporting.py:58: in wrapper\n    raise AssertionError(formatted_msg) from e\nE   AssertionError: [AssertionError] during step: Verify output endpoints schema via API\nE   Message: <unknown at 0> validation error: Additional properties are not allowed ('__type__' was unexpected);\nE    <unknown at 1> validation error: Additional properties are not allowed ('__type__' was unexpected);\nE    <unknown at 2> validation error: Additional properties are not allowed ('__type__' was unexpected);\nE    <unknown at 3> validation error: Additional properties are not allowed ('__type__' was unexpected)","flaky":false,"newFailed":false,"newBroken":false,"newPassed":false,"retriesCount":0,"retriesStatusChange":false,"beforeStages":[{"name":"pytestconfig","time":{"start":1758331864922,"stop":1758331864923,"duration":1},"status":"passed","steps":[],"attachments":[],"parameters":[],"shouldDisplayMessage":false,"stepsCount":0,"attachmentsCount":0,"hasContent":false,"attachmentStep":false},{"name":"_verify_url","time":{"start":1758331864923,"stop":1758331864923,"duration":0},"status":"passed","steps":[],"attachments":[],"parameters":[],"shouldDisplayMessage":false,"stepsCount":0,"attachmentsCount":0,"hasContent":false,"attachmentStep":false},{"name":"delete_output_dir","time":{"start":1758331864923,"stop":1758331864923,"duration":0},"status":"passed","steps":[],"attachments":[],"parameters":[],"shouldDisplayMessage":false,"stepsCount":0,"attachmentsCount":0,"hasContent":false,"attachmentStep":false},{"name":"event_loop_policy","time":{"start":1758331864923,"stop":1758331864923,"duration":0},"status":"passed","steps":[],"attachments":[],"parameters":[],"shouldDisplayMessage":false,"stepsCount":0,"attachmentsCount":0,"hasContent":false,"attachmentStep":false},{"name":"delay_worker_start","time":{"start":1758331864923,"stop":1758331879924,"duration":15001},"status":"passed","steps":[],"attachments":[],"parameters":[],"shouldDisplayMessage":false,"stepsCount":0,"attachmentsCount":0,"hasContent":false,"attachmentStep":false},{"name":"base_url","time":{"start":1758331864923,"stop":1758331864923,"duration":0},"status":"passed","steps":[],"attachments":[],"parameters":[],"shouldDisplayMessage":false,"stepsCount":0,"attachmentsCount":0,"hasContent":false,"attachmentStep":false},{"name":"ensure_storage_directories","time":{"start":1758331879924,"stop":1758331879924,"duration":0},"status":"passed","steps":[],"attachments":[],"parameters":[],"shouldDisplayMessage":false,"stepsCount":0,"attachmentsCount":0,"hasContent":false,"attachmentStep":false},{"name":"test_config","time":{"start":1758332717714,"stop":1758332717717,"duration":3},"status":"passed","steps":[],"attachments":[],"parameters":[],"shouldDisplayMessage":false,"stepsCount":0,"attachmentsCount":0,"hasContent":false,"attachmentStep":false},{"name":"_function_scoped_runner","time":{"start":1758332717717,"stop":1758332717718,"duration":1},"status":"passed","steps":[],"attachments":[],"parameters":[],"shouldDisplayMessage":false,"stepsCount":0,"attachmentsCount":0,"hasContent":false,"attachmentStep":false},{"name":"page_manager","time":{"start":1758332717717,"stop":1758332719910,"duration":2193},"status":"passed","steps":[],"attachments":[{"uid":"9637636922325338","name":"HTTP 200 - GET config","source":"9637636922325338.txt","type":"text/plain","size":654}],"parameters":[],"shouldDisplayMessage":false,"stepsCount":0,"attachmentsCount":1,"hasContent":true,"attachmentStep":false},{"name":"data_manager","time":{"start":1758332719910,"stop":1758332719911,"duration":1},"status":"passed","steps":[],"attachments":[],"parameters":[],"shouldDisplayMessage":false,"stepsCount":0,"attachmentsCount":0,"hasContent":false,"attachmentStep":false},{"name":"api_helper","time":{"start":1758332719911,"stop":1758332719911,"duration":0},"status":"passed","steps":[],"attachments":[],"parameters":[],"shouldDisplayMessage":false,"stepsCount":0,"attachmentsCount":0,"hasContent":false,"attachmentStep":false},{"name":"setup_cleanup","time":{"start":1758332719911,"stop":1758332719912,"duration":1},"status":"passed","steps":[],"attachments":[],"parameters":[],"shouldDisplayMessage":false,"stepsCount":0,"attachmentsCount":0,"hasContent":false,"attachmentStep":false},{"name":"apolo_cli","time":{"start":1758332719911,"stop":1758332719911,"duration":0},"status":"passed","steps":[],"attachments":[],"parameters":[],"shouldDisplayMessage":false,"stepsCount":0,"attachmentsCount":0,"hasContent":false,"attachmentStep":false},{"name":"users_manager","time":{"start":1758332719911,"stop":1758332719911,"duration":0},"status":"passed","steps":[],"attachments":[],"parameters":[],"shouldDisplayMessage":false,"stepsCount":0,"attachmentsCount":0,"hasContent":false,"attachmentStep":false},{"name":"_inject_fixtures","time":{"start":1758332719912,"stop":1758332719912,"duration":0},"status":"passed","steps":[],"attachments":[],"parameters":[],"shouldDisplayMessage":false,"stepsCount":0,"attachmentsCount":0,"hasContent":false,"attachmentStep":false},{"name":"setup","time":{"start":1758332719912,"stop":1758332719912,"duration":0},"status":"passed","steps":[],"attachments":[],"parameters":[],"shouldDisplayMessage":false,"stepsCount":0,"attachmentsCount":0,"hasContent":false,"attachmentStep":false},{"name":"add_page_manager","time":{"start":1758332719912,"stop":1758332719912,"duration":0},"status":"passed","steps":[],"attachments":[],"parameters":[],"shouldDisplayMessage":false,"stepsCount":0,"attachmentsCount":0,"hasContent":false,"attachmentStep":false},{"name":"deep_seek_status","time":{"start":1758332719912,"stop":1758332719912,"duration":0},"status":"passed","steps":[],"attachments":[],"parameters":[],"shouldDisplayMessage":false,"stepsCount":0,"attachmentsCount":0,"hasContent":false,"attachmentStep":false}],"testStage":{"description":"\n### Pre-conditions:\n- DeepSeek app installed.\n\n### Steps:\n- Login with valid credentials.\n- Call `output` API.\n\n### Verify that:\n\n- API endpoints data matching expected json schema.\n","descriptionHtml":"<div style='line-height:1.6;'><h3>Pre-conditions:</h3>\n<ul>\n<li>DeepSeek app installed.</li>\n</ul>\n<h3>Steps:</h3>\n<ul>\n<li>Login with valid credentials.</li>\n<li>Call <span style='background-color:#D3D3D3; padding:2px 4px; border-radius:3px; font-family:monospace;'>output</span> API.</li>\n</ul>\n<h3>Verify that:</h3>\n<ul>\n<li>API endpoints data matching expected json schema.</li>\n</ul></div>","status":"failed","statusMessage":"AssertionError: [AssertionError] during step: Verify output endpoints schema via API\nMessage: <unknown at 0> validation error: Additional properties are not allowed ('__type__' was unexpected);\n <unknown at 1> validation error: Additional properties are not allowed ('__type__' was unexpected);\n <unknown at 2> validation error: Additional properties are not allowed ('__type__' was unexpected);\n <unknown at 3> validation error: Additional properties are not allowed ('__type__' was unexpected)","statusTrace":"tests/reporting_hooks/reporting.py:49: in wrapper\n    result = await func(*args, **kwargs)\n             ^^^^^^^^^^^^^^^^^^^^^^^^^^^\ntests/test_cases/steps/api_steps/api_steps.py:228: in verify_output_endpoints_schema_api\n    assert result, error_message\n           ^^^^^^\nE   AssertionError: <unknown at 0> validation error: Additional properties are not allowed ('__type__' was unexpected);\nE    <unknown at 1> validation error: Additional properties are not allowed ('__type__' was unexpected);\nE    <unknown at 2> validation error: Additional properties are not allowed ('__type__' was unexpected);\nE    <unknown at 3> validation error: Additional properties are not allowed ('__type__' was unexpected)\n\nThe above exception was the direct cause of the following exception:\ntests/test_cases/tests_e2e/test_deep_seek_app.py:426: in test_app_output_api_schema_via_api\n    await api_steps.verify_output_endpoints_schema_api(\ntests/reporting_hooks/reporting.py:58: in wrapper\n    raise AssertionError(formatted_msg) from e\nE   AssertionError: [AssertionError] during step: Verify output endpoints schema via API\nE   Message: <unknown at 0> validation error: Additional properties are not allowed ('__type__' was unexpected);\nE    <unknown at 1> validation error: Additional properties are not allowed ('__type__' was unexpected);\nE    <unknown at 2> validation error: Additional properties are not allowed ('__type__' was unexpected);\nE    <unknown at 3> validation error: Additional properties are not allowed ('__type__' was unexpected)","steps":[{"name":"Login via UI","time":{"start":1758332719913,"stop":1758332724440,"duration":4527},"status":"passed","steps":[{"name":"Click login button","time":{"start":1758332719914,"stop":1758332720924,"duration":1010},"status":"passed","steps":[],"attachments":[{"uid":"9d3663f26052fb0c","name":"Page URL","source":"9d3663f26052fb0c.txt","type":"text/plain","size":33},{"uid":"5f925f2de44e5eb9","name":"Screenshot: Click login button (success)","source":"5f925f2de44e5eb9.png","type":"image/png","size":41537}],"parameters":[],"shouldDisplayMessage":false,"stepsCount":0,"attachmentsCount":2,"hasContent":true,"attachmentStep":false},{"name":"Enter email","time":{"start":1758332720924,"stop":1758332721088,"duration":164},"status":"passed","steps":[],"attachments":[{"uid":"fed7e5d8f3a1c596","name":"Page URL","source":"fed7e5d8f3a1c596.txt","type":"text/plain","size":215},{"uid":"7e97be2d215cd153","name":"Screenshot: Enter email (success)","source":"7e97be2d215cd153.png","type":"image/png","size":45745}],"parameters":[],"shouldDisplayMessage":false,"stepsCount":0,"attachmentsCount":2,"hasContent":true,"attachmentStep":false},{"name":"Enter password","time":{"start":1758332721089,"stop":1758332721240,"duration":151},"status":"passed","steps":[],"attachments":[{"uid":"c447a08931796345","name":"Page URL","source":"c447a08931796345.txt","type":"text/plain","size":215},{"uid":"899018c29d15f615","name":"Screenshot: Enter password (success)","source":"899018c29d15f615.png","type":"image/png","size":46251}],"parameters":[],"shouldDisplayMessage":false,"stepsCount":0,"attachmentsCount":2,"hasContent":true,"attachmentStep":false},{"name":"Click Continue button","time":{"start":1758332721240,"stop":1758332724223,"duration":2983},"status":"passed","steps":[],"attachments":[{"uid":"98edd9ed793dfff0","name":"Page URL","source":"98edd9ed793dfff0.txt","type":"text/plain","size":215},{"uid":"854021a1189e6bc7","name":"HTTP 200 - GET config","source":"854021a1189e6bc7.txt","type":"text/plain","size":1118},{"uid":"a5e251296f039932","name":"HTTP 200 - GET permissions?uri=blob:","source":"a5e251296f039932.txt","type":"text/plain","size":236},{"uid":"41122a1ce93a49c5","name":"HTTP 200 - GET incoming","source":"41122a1ce93a49c5.txt","type":"text/plain","size":137},{"uid":"7eb873252d959b69","name":"HTTP 200 - GET instances?size=100","source":"7eb873252d959b69.txt","type":"text/plain","size":836},{"uid":"3227eabcc849c4f2","name":"HTTP 200 - GET templates","source":"3227eabcc849c4f2.txt","type":"text/plain","size":1210},{"uid":"daff964cb8bbc87f","name":"HTTP 200 - GET regression-tfair0gj45?include=clusters&include=system_role","source":"daff964cb8bbc87f.txt","type":"text/plain","size":510},{"uid":"73a88d9582de5cf0","name":"HTTP 200 - GET regression-org-sqophivnwz5i","source":"73a88d9582de5cf0.txt","type":"text/plain","size":425},{"uid":"5fe075bab781dc6a","name":"HTTP 200 - GET regression-tfair0gj45?include=orgs","source":"5fe075bab781dc6a.txt","type":"text/plain","size":455},{"uid":"6dda1b743a876ae5","name":"HTTP 200 - GET templates?limit=50&offset=0","source":"6dda1b743a876ae5.txt","type":"text/plain","size":1228},{"uid":"1b97bf1d20da81b9","name":"Screenshot: Click Continue button (success)","source":"1b97bf1d20da81b9.png","type":"image/png","size":169837}],"parameters":[],"shouldDisplayMessage":false,"stepsCount":0,"attachmentsCount":11,"hasContent":true,"attachmentStep":false},{"name":"Verify Apps page displayed","time":{"start":1758332724233,"stop":1758332724339,"duration":106},"status":"passed","steps":[],"attachments":[{"uid":"eea4313db7598e0a","name":"Page URL","source":"eea4313db7598e0a.txt","type":"text/plain","size":116},{"uid":"2e26e63d5107d349","name":"Screenshot: Verify Apps page displayed (success)","source":"2e26e63d5107d349.png","type":"image/png","size":169837}],"parameters":[],"shouldDisplayMessage":false,"stepsCount":0,"attachmentsCount":2,"hasContent":true,"attachmentStep":false}],"attachments":[{"uid":"7d50054570145c0a","name":"Page URL","source":"7d50054570145c0a.txt","type":"text/plain","size":33},{"uid":"e32835a233c45613","name":"Screenshot: Login via UI (success)","source":"e32835a233c45613.png","type":"image/png","size":169837}],"parameters":[],"shouldDisplayMessage":false,"stepsCount":5,"attachmentsCount":21,"hasContent":true,"attachmentStep":false},{"name":"Verify output endpoints schema via API","time":{"start":1758332724440,"stop":1758332724507,"duration":67},"status":"failed","statusMessage":"AssertionError: [AssertionError] during step: Verify output endpoints schema via API\nMessage: <unknown at 0> validation error: Additional properties are not allowed ('__type__' was unexpected);\n <unknown at 1> validation error: Additional properties are not allowed ('__type__' was unexpected);\n <unknown at 2> validation error: Additional properties are not allowed ('__type__' was unexpected);\n <unknown at 3> validation error: Additional properties are not allowed ('__type__' was unexpected)\n","statusTrace":"  File \"/home/runner/work/apolo-test-automation/apolo-test-automation/tests/reporting_hooks/reporting.py\", line 58, in wrapper\n    raise AssertionError(formatted_msg) from e\n","steps":[],"attachments":[],"parameters":[],"shouldDisplayMessage":true,"stepsCount":0,"attachmentsCount":0,"hasContent":true,"attachmentStep":false}],"attachments":[{"uid":"7747f7da0ddd8599","name":"log","source":"7747f7da0ddd8599.txt","type":"text/plain","size":14421}],"parameters":[],"shouldDisplayMessage":true,"stepsCount":7,"attachmentsCount":22,"hasContent":true,"attachmentStep":false},"afterStages":[{"name":"setup_cleanup::finalizer","time":{"start":1758332724527,"stop":1758332724527,"duration":0},"status":"passed","steps":[],"attachments":[],"parameters":[],"shouldDisplayMessage":false,"stepsCount":0,"attachmentsCount":0,"hasContent":false,"attachmentStep":false},{"name":"setup_cleanup::finalizer","time":{"start":1758332724527,"stop":1758332724527,"duration":0},"status":"passed","steps":[],"attachments":[],"parameters":[],"shouldDisplayMessage":false,"stepsCount":0,"attachmentsCount":0,"hasContent":false,"attachmentStep":false},{"name":"add_page_manager::finalizer","time":{"start":1758332724527,"stop":1758332724527,"duration":0},"status":"passed","steps":[],"attachments":[],"parameters":[],"shouldDisplayMessage":false,"stepsCount":0,"attachmentsCount":0,"hasContent":false,"attachmentStep":false},{"name":"api_helper::finalizer","time":{"start":1758332724528,"stop":1758332724528,"duration":0},"status":"passed","steps":[],"attachments":[],"parameters":[],"shouldDisplayMessage":false,"stepsCount":0,"attachmentsCount":0,"hasContent":false,"attachmentStep":false},{"name":"_function_scoped_runner::0","time":{"start":1758332724529,"stop":1758332724529,"duration":0},"status":"passed","steps":[],"attachments":[],"parameters":[],"shouldDisplayMessage":false,"stepsCount":0,"attachmentsCount":0,"hasContent":false,"attachmentStep":false}],"labels":[{"name":"suite","value":"DeepSeek App"},{"name":"parentSuite","value":"E2E Tests"},{"name":"tag","value":"asyncio"},{"name":"tag","value":"class_setup"},{"name":"subSuite","value":"TestE2EDeepSeekApp"},{"name":"host","value":"runnervmf4ws1"},{"name":"thread","value":"3584-MainThread"},{"name":"framework","value":"pytest"},{"name":"language","value":"cpython3"},{"name":"package","value":"tests.test_cases.tests_e2e.test_deep_seek_app"},{"name":"resultFormat","value":"allure2"}],"parameters":[],"links":[],"hidden":false,"retry":false,"extra":{"severity":"normal","retries":[],"categories":[{"name":"Product defects","matchedStatuses":[],"flaky":false}],"history":{"statistic":{"failed":2,"broken":0,"skipped":5,"passed":0,"unknown":0,"total":7},"items":[{"uid":"c14e5e46e124fe90","status":"failed","statusDetails":"AssertionError: [AssertionError] during step: Verify output endpoints schema via API\nMessage: <unknown at 0> validation error: Additional properties are not allowed ('__type__' was unexpected);\n <unknown at 1> validation error: Additional properties are not allowed ('__type__' was unexpected);\n <unknown at 2> validation error: Additional properties are not allowed ('__type__' was unexpected);\n <unknown at 3> validation error: Additional properties are not allowed ('__type__' was unexpected)","time":{"start":1758246332108,"stop":1758246336510,"duration":4402}},{"uid":"ae2dfedfb698f081","status":"skipped","statusDetails":"Skipped: DeepSeek app was not installed successfully","time":{"start":1758159857565,"stop":1758159857565,"duration":0}},{"uid":"68ae0fded4832f79","status":"skipped","statusDetails":"Skipped: DeepSeek app was not installed successfully","time":{"start":1758102920229,"stop":1758102920229,"duration":0}},{"uid":"f113358323c9a595","status":"skipped","statusDetails":"Skipped: DeepSeek app was not installed successfully","time":{"start":1758072817257,"stop":1758072817257,"duration":0}},{"uid":"615a2be751c0d54c","status":"skipped","statusDetails":"Skipped: DeepSeek app was not installed successfully","time":{"start":1757986385305,"stop":1757986385305,"duration":0}},{"uid":"53cdbb030c609529","status":"skipped","statusDetails":"Skipped: DeepSeek app was not installed successfully","time":{"start":1757900151031,"stop":1757900151031,"duration":0}}]},"tags":["asyncio","class_setup"]},"source":"e4282b42b2f7f6a6.json","parameterValues":[]}