{"uid":"e79b864c9b78dbb5","name":"Import Service Deployment app config via UI","fullName":"tests.test_cases.tests_e2e.test_service_deployment_app.TestE2EServiceDeploymentApp#test_import_app_config_via_ui","historyId":"0ec9874b606d391c772deb1229267005","time":{"start":1762745071618,"stop":1762745153547,"duration":81929},"description":"\n- Login with valid credentials.\n- Create new organization via **API**.\n- Create new project via **API**.\n- Import Service Deployment app config via UI.\n\n### Verify that:\n\n- Install required data is the same as in imported config.\n","descriptionHtml":"<div style='line-height:1.6;'><ul>\n<li>Login with valid credentials.</li>\n<li>Create new organization via <strong>API</strong>.</li>\n<li>Create new project via <strong>API</strong>.</li>\n<li>Import Service Deployment app config via UI.</li>\n</ul>\n<h3>Verify that:</h3>\n<ul>\n<li>Install required data is the same as in imported config.</li>\n</ul></div>","status":"failed","statusMessage":"AssertionError: [TimeoutError] during step: Click Apply config button\nMessage: Element not ready for click after 10000ms: <Locator frame=<Frame name= url='https://console.dev.apolo.us/apps/shell/install?cluster=default&project=regression-proj-4mz40vx8db&org=regression-org-lt9po9316lzr'> selector='internal:role=button[name=\"Apply config\"i]'>\nLast error: Locator expected to be enabled\nActual value: disabled \nCall log:\n  - Expect \"to_be_enabled\" with timeout 500ms\n  - waiting for get_by_role(\"button\", name=\"Apply config\")\n    4 × locator resolved to <button disabled type=\"button\" class=\"relative inline-flex cursor-pointer items-center justify-center rounded-xl py-1 transition-colors text-button h-12 gap-2 bg-primary text-white hover:bg-primary-medium active:bg-primary-dark disabled:bg-neural-01 disabled:text-neural-03 px-10 capitalize pointer-events-none\">Apply config</button>\n      - unexpected value \"disabled\"","statusTrace":"tests/reporting_hooks/reporting.py:49: in wrapper\n    result = await func(*args, **kwargs)\n             ^^^^^^^^^^^^^^^^^^^^^^^^^^^\ntests/test_cases/steps/ui_steps/page_steps_impl/apps/app_import_config_popup_steps.py:26: in ui_click_apply_config_btn\n    await self._pm.import_app_config_popup.click_apply_config_btn()\ntests/components/ui/pages/apps/import_app_config_popup.py:73: in click_apply_config_btn\n    await self._get_apply_config_btn().click()\ntests/components/ui/pages/base_element.py:90: in click\n    raise TimeoutError(\nE   TimeoutError: Element not ready for click after 10000ms: <Locator frame=<Frame name= url='https://console.dev.apolo.us/apps/shell/install?cluster=default&project=regression-proj-4mz40vx8db&org=regression-org-lt9po9316lzr'> selector='internal:role=button[name=\"Apply config\"i]'>\nE   Last error: Locator expected to be enabled\nE   Actual value: disabled \nE   Call log:\nE     - Expect \"to_be_enabled\" with timeout 500ms\nE     - waiting for get_by_role(\"button\", name=\"Apply config\")\nE       4 × locator resolved to <button disabled type=\"button\" class=\"relative inline-flex cursor-pointer items-center justify-center rounded-xl py-1 transition-colors text-button h-12 gap-2 bg-primary text-white hover:bg-primary-medium active:bg-primary-dark disabled:bg-neural-01 disabled:text-neural-03 px-10 capitalize pointer-events-none\">Apply config</button>\nE         - unexpected value \"disabled\"\n\nThe above exception was the direct cause of the following exception:\ntests/test_cases/tests_e2e/test_service_deployment_app.py:820: in test_import_app_config_via_ui\n    await ui_steps.import_app_config_popup.ui_click_apply_config_btn()\ntests/reporting_hooks/reporting.py:58: in wrapper\n    raise AssertionError(formatted_msg) from e\nE   AssertionError: [TimeoutError] during step: Click Apply config button\nE   Message: Element not ready for click after 10000ms: <Locator frame=<Frame name= url='https://console.dev.apolo.us/apps/shell/install?cluster=default&project=regression-proj-4mz40vx8db&org=regression-org-lt9po9316lzr'> selector='internal:role=button[name=\"Apply config\"i]'>\nE   Last error: Locator expected to be enabled\nE   Actual value: disabled \nE   Call log:\nE     - Expect \"to_be_enabled\" with timeout 500ms\nE     - waiting for get_by_role(\"button\", name=\"Apply config\")\nE       4 × locator resolved to <button disabled type=\"button\" class=\"relative inline-flex cursor-pointer items-center justify-center rounded-xl py-1 transition-colors text-button h-12 gap-2 bg-primary text-white hover:bg-primary-medium active:bg-primary-dark disabled:bg-neural-01 disabled:text-neural-03 px-10 capitalize pointer-events-none\">Apply config</button>\nE         - unexpected value \"disabled\"","flaky":false,"newFailed":false,"newBroken":false,"newPassed":false,"retriesCount":0,"retriesStatusChange":false,"beforeStages":[{"name":"delete_output_dir","time":{"start":1762738329434,"stop":1762738329434,"duration":0},"status":"passed","steps":[],"attachments":[],"parameters":[],"shouldDisplayMessage":false,"stepsCount":0,"attachmentsCount":0,"hasContent":false,"attachmentStep":false},{"name":"pytestconfig","time":{"start":1762738329434,"stop":1762738329434,"duration":0},"status":"passed","steps":[],"attachments":[],"parameters":[],"shouldDisplayMessage":false,"stepsCount":0,"attachmentsCount":0,"hasContent":false,"attachmentStep":false},{"name":"_verify_url","time":{"start":1762738329434,"stop":1762738329434,"duration":0},"status":"passed","steps":[],"attachments":[],"parameters":[],"shouldDisplayMessage":false,"stepsCount":0,"attachmentsCount":0,"hasContent":false,"attachmentStep":false},{"name":"event_loop_policy","time":{"start":1762738329434,"stop":1762738329434,"duration":0},"status":"passed","steps":[],"attachments":[],"parameters":[],"shouldDisplayMessage":false,"stepsCount":0,"attachmentsCount":0,"hasContent":false,"attachmentStep":false},{"name":"base_url","time":{"start":1762738329434,"stop":1762738329434,"duration":0},"status":"passed","steps":[],"attachments":[],"parameters":[],"shouldDisplayMessage":false,"stepsCount":0,"attachmentsCount":0,"hasContent":false,"attachmentStep":false},{"name":"ensure_storage_directories","time":{"start":1762738329435,"stop":1762738329435,"duration":0},"status":"passed","steps":[],"attachments":[],"parameters":[],"shouldDisplayMessage":false,"stepsCount":0,"attachmentsCount":0,"hasContent":false,"attachmentStep":false},{"name":"delay_worker_start","time":{"start":1762738329435,"stop":1762738329435,"duration":0},"status":"passed","steps":[],"attachments":[],"parameters":[],"shouldDisplayMessage":false,"stepsCount":0,"attachmentsCount":0,"hasContent":false,"attachmentStep":false},{"name":"test_config","time":{"start":1762745070860,"stop":1762745070864,"duration":4},"status":"passed","steps":[],"attachments":[],"parameters":[],"shouldDisplayMessage":false,"stepsCount":0,"attachmentsCount":0,"hasContent":false,"attachmentStep":false},{"name":"_function_scoped_runner","time":{"start":1762745070864,"stop":1762745070864,"duration":0},"status":"passed","steps":[],"attachments":[],"parameters":[],"shouldDisplayMessage":false,"stepsCount":0,"attachmentsCount":0,"hasContent":false,"attachmentStep":false},{"name":"page_manager","time":{"start":1762745070864,"stop":1762745071615,"duration":751},"status":"passed","steps":[],"attachments":[],"parameters":[],"shouldDisplayMessage":false,"stepsCount":0,"attachmentsCount":0,"hasContent":false,"attachmentStep":false},{"name":"data_manager","time":{"start":1762745071615,"stop":1762745071616,"duration":1},"status":"passed","steps":[],"attachments":[],"parameters":[],"shouldDisplayMessage":false,"stepsCount":0,"attachmentsCount":0,"hasContent":false,"attachmentStep":false},{"name":"apolo_cli","time":{"start":1762745071616,"stop":1762745071616,"duration":0},"status":"passed","steps":[],"attachments":[],"parameters":[],"shouldDisplayMessage":false,"stepsCount":0,"attachmentsCount":0,"hasContent":false,"attachmentStep":false},{"name":"users_manager","time":{"start":1762745071616,"stop":1762745071616,"duration":0},"status":"passed","steps":[],"attachments":[],"parameters":[],"shouldDisplayMessage":false,"stepsCount":0,"attachmentsCount":0,"hasContent":false,"attachmentStep":false},{"name":"setup_cleanup","time":{"start":1762745071616,"stop":1762745071617,"duration":1},"status":"passed","steps":[],"attachments":[],"parameters":[],"shouldDisplayMessage":false,"stepsCount":0,"attachmentsCount":0,"hasContent":false,"attachmentStep":false},{"name":"api_helper","time":{"start":1762745071616,"stop":1762745071616,"duration":0},"status":"passed","steps":[],"attachments":[],"parameters":[],"shouldDisplayMessage":false,"stepsCount":0,"attachmentsCount":0,"hasContent":false,"attachmentStep":false},{"name":"setup","time":{"start":1762745071617,"stop":1762745071617,"duration":0},"status":"passed","steps":[],"attachments":[],"parameters":[],"shouldDisplayMessage":false,"stepsCount":0,"attachmentsCount":0,"hasContent":false,"attachmentStep":false},{"name":"_inject_fixtures","time":{"start":1762745071617,"stop":1762745071617,"duration":0},"status":"passed","steps":[],"attachments":[],"parameters":[],"shouldDisplayMessage":false,"stepsCount":0,"attachmentsCount":0,"hasContent":false,"attachmentStep":false},{"name":"add_page_manager","time":{"start":1762745071617,"stop":1762745071617,"duration":0},"status":"passed","steps":[],"attachments":[],"parameters":[],"shouldDisplayMessage":false,"stepsCount":0,"attachmentsCount":0,"hasContent":false,"attachmentStep":false}],"testStage":{"description":"\n- Login with valid credentials.\n- Create new organization via **API**.\n- Create new project via **API**.\n- Import Service Deployment app config via UI.\n\n### Verify that:\n\n- Install required data is the same as in imported config.\n","descriptionHtml":"<div style='line-height:1.6;'><ul>\n<li>Login with valid credentials.</li>\n<li>Create new organization via <strong>API</strong>.</li>\n<li>Create new project via <strong>API</strong>.</li>\n<li>Import Service Deployment app config via UI.</li>\n</ul>\n<h3>Verify that:</h3>\n<ul>\n<li>Install required data is the same as in imported config.</li>\n</ul></div>","status":"failed","statusMessage":"AssertionError: [TimeoutError] during step: Click Apply config button\nMessage: Element not ready for click after 10000ms: <Locator frame=<Frame name= url='https://console.dev.apolo.us/apps/shell/install?cluster=default&project=regression-proj-4mz40vx8db&org=regression-org-lt9po9316lzr'> selector='internal:role=button[name=\"Apply config\"i]'>\nLast error: Locator expected to be enabled\nActual value: disabled \nCall log:\n  - Expect \"to_be_enabled\" with timeout 500ms\n  - waiting for get_by_role(\"button\", name=\"Apply config\")\n    4 × locator resolved to <button disabled type=\"button\" class=\"relative inline-flex cursor-pointer items-center justify-center rounded-xl py-1 transition-colors text-button h-12 gap-2 bg-primary text-white hover:bg-primary-medium active:bg-primary-dark disabled:bg-neural-01 disabled:text-neural-03 px-10 capitalize pointer-events-none\">Apply config</button>\n      - unexpected value \"disabled\"","statusTrace":"tests/reporting_hooks/reporting.py:49: in wrapper\n    result = await func(*args, **kwargs)\n             ^^^^^^^^^^^^^^^^^^^^^^^^^^^\ntests/test_cases/steps/ui_steps/page_steps_impl/apps/app_import_config_popup_steps.py:26: in ui_click_apply_config_btn\n    await self._pm.import_app_config_popup.click_apply_config_btn()\ntests/components/ui/pages/apps/import_app_config_popup.py:73: in click_apply_config_btn\n    await self._get_apply_config_btn().click()\ntests/components/ui/pages/base_element.py:90: in click\n    raise TimeoutError(\nE   TimeoutError: Element not ready for click after 10000ms: <Locator frame=<Frame name= url='https://console.dev.apolo.us/apps/shell/install?cluster=default&project=regression-proj-4mz40vx8db&org=regression-org-lt9po9316lzr'> selector='internal:role=button[name=\"Apply config\"i]'>\nE   Last error: Locator expected to be enabled\nE   Actual value: disabled \nE   Call log:\nE     - Expect \"to_be_enabled\" with timeout 500ms\nE     - waiting for get_by_role(\"button\", name=\"Apply config\")\nE       4 × locator resolved to <button disabled type=\"button\" class=\"relative inline-flex cursor-pointer items-center justify-center rounded-xl py-1 transition-colors text-button h-12 gap-2 bg-primary text-white hover:bg-primary-medium active:bg-primary-dark disabled:bg-neural-01 disabled:text-neural-03 px-10 capitalize pointer-events-none\">Apply config</button>\nE         - unexpected value \"disabled\"\n\nThe above exception was the direct cause of the following exception:\ntests/test_cases/tests_e2e/test_service_deployment_app.py:820: in test_import_app_config_via_ui\n    await ui_steps.import_app_config_popup.ui_click_apply_config_btn()\ntests/reporting_hooks/reporting.py:58: in wrapper\n    raise AssertionError(formatted_msg) from e\nE   AssertionError: [TimeoutError] during step: Click Apply config button\nE   Message: Element not ready for click after 10000ms: <Locator frame=<Frame name= url='https://console.dev.apolo.us/apps/shell/install?cluster=default&project=regression-proj-4mz40vx8db&org=regression-org-lt9po9316lzr'> selector='internal:role=button[name=\"Apply config\"i]'>\nE   Last error: Locator expected to be enabled\nE   Actual value: disabled \nE   Call log:\nE     - Expect \"to_be_enabled\" with timeout 500ms\nE     - waiting for get_by_role(\"button\", name=\"Apply config\")\nE       4 × locator resolved to <button disabled type=\"button\" class=\"relative inline-flex cursor-pointer items-center justify-center rounded-xl py-1 transition-colors text-button h-12 gap-2 bg-primary text-white hover:bg-primary-medium active:bg-primary-dark disabled:bg-neural-01 disabled:text-neural-03 px-10 capitalize pointer-events-none\">Apply config</button>\nE         - unexpected value \"disabled\"","steps":[{"name":"Login via UI","time":{"start":1762745071618,"stop":1762745077507,"duration":5889},"status":"passed","steps":[{"name":"Verify that Auth page displayed","time":{"start":1762745071619,"stop":1762745072713,"duration":1094},"status":"passed","steps":[],"attachments":[{"uid":"f57b8c9bb755377d","name":"Page URL","source":"f57b8c9bb755377d.txt","type":"text/plain","size":29},{"uid":"ddcd8a3090d087b1","name":"HTTP 200 - GET config","source":"ddcd8a3090d087b1.txt","type":"text/plain","size":673},{"uid":"2f43b46580aa4446","name":"Screenshot: Verify that Auth page displayed (success)","source":"2f43b46580aa4446.png","type":"image/png","size":88563}],"parameters":[],"shouldDisplayMessage":false,"stepsCount":0,"attachmentsCount":3,"hasContent":true,"attachmentStep":false},{"name":"Click login button","time":{"start":1762745072713,"stop":1762745073587,"duration":874},"status":"passed","steps":[],"attachments":[{"uid":"6b864516657e6c0","name":"Page URL","source":"6b864516657e6c0.txt","type":"text/plain","size":33},{"uid":"ab42f7cf74732d55","name":"Screenshot: Click login button (success)","source":"ab42f7cf74732d55.png","type":"image/png","size":88570}],"parameters":[],"shouldDisplayMessage":false,"stepsCount":0,"attachmentsCount":2,"hasContent":true,"attachmentStep":false},{"name":"Verify that Login page displayed","time":{"start":1762745073587,"stop":1762745073791,"duration":204},"status":"passed","steps":[],"attachments":[{"uid":"7dd65073f3750d58","name":"Page URL","source":"7dd65073f3750d58.txt","type":"text/plain","size":215},{"uid":"22a583f0853ce45d","name":"Screenshot: Verify that Login page displayed (success)","source":"22a583f0853ce45d.png","type":"image/png","size":41938}],"parameters":[],"shouldDisplayMessage":false,"stepsCount":0,"attachmentsCount":2,"hasContent":true,"attachmentStep":false},{"name":"Enter email","time":{"start":1762745073791,"stop":1762745074123,"duration":332},"status":"passed","steps":[],"attachments":[{"uid":"a2b8f0a90d4e35ee","name":"Page URL","source":"a2b8f0a90d4e35ee.txt","type":"text/plain","size":215},{"uid":"f8bf6d7092716ac","name":"Screenshot: Enter email (success)","source":"f8bf6d7092716ac.png","type":"image/png","size":45623}],"parameters":[],"shouldDisplayMessage":false,"stepsCount":0,"attachmentsCount":2,"hasContent":true,"attachmentStep":false},{"name":"Enter password","time":{"start":1762745074123,"stop":1762745074457,"duration":334},"status":"passed","steps":[],"attachments":[{"uid":"349661cddfe76eed","name":"Page URL","source":"349661cddfe76eed.txt","type":"text/plain","size":215},{"uid":"90241081333e3b0f","name":"Screenshot: Enter password (success)","source":"90241081333e3b0f.png","type":"image/png","size":45749}],"parameters":[],"shouldDisplayMessage":false,"stepsCount":0,"attachmentsCount":2,"hasContent":true,"attachmentStep":false},{"name":"Click Continue button","time":{"start":1762745074457,"stop":1762745077209,"duration":2752},"status":"passed","steps":[],"attachments":[{"uid":"a1576ca4d5ecb532","name":"Page URL","source":"a1576ca4d5ecb532.txt","type":"text/plain","size":215},{"uid":"65553d8509ba9859","name":"HTTP 200 - GET config","source":"65553d8509ba9859.txt","type":"text/plain","size":2137},{"uid":"31144f9b0729d057","name":"HTTP 200 - GET permissions?uri=blob:","source":"31144f9b0729d057.txt","type":"text/plain","size":255},{"uid":"13d4801d88356556","name":"HTTP 200 - GET regression-org-lt9po9316lzr","source":"13d4801d88356556.txt","type":"text/plain","size":444},{"uid":"31c34eac34861cae","name":"HTTP 200 - GET instances?org=regression-org-lt9po9316lzr&project=regression-proj-4mz40vx8db&cluster=default&size=100","source":"31c34eac34861cae.txt","type":"text/plain","size":290},{"uid":"c814c43abb07c807","name":"HTTP 200 - GET regression-4qmchmjxkj?include=orgs","source":"c814c43abb07c807.txt","type":"text/plain","size":474},{"uid":"eae81abf49943aa6","name":"HTTP 200 - GET incoming","source":"eae81abf49943aa6.txt","type":"text/plain","size":156},{"uid":"a40dacf69f8bc5f2","name":"HTTP 200 - GET regression-4qmchmjxkj?include=clusters&include=system_role","source":"a40dacf69f8bc5f2.txt","type":"text/plain","size":529},{"uid":"ac66138564cd055d","name":"HTTP 200 - GET templates","source":"ac66138564cd055d.txt","type":"text/plain","size":2146},{"uid":"b05ffa59b47ba992","name":"HTTP 200 - GET tags","source":"b05ffa59b47ba992.txt","type":"text/plain","size":864},{"uid":"64518f06e5bec4bd","name":"HTTP 200 - GET templates?page=1&size=50","source":"64518f06e5bec4bd.txt","type":"text/plain","size":2161},{"uid":"49f079d805a860e7","name":"Screenshot: Click Continue button (success)","source":"49f079d805a860e7.png","type":"image/png","size":144816}],"parameters":[],"shouldDisplayMessage":false,"stepsCount":0,"attachmentsCount":12,"hasContent":true,"attachmentStep":false},{"name":"Verify Apps page displayed","time":{"start":1762745077217,"stop":1762745077377,"duration":160},"status":"passed","steps":[],"attachments":[{"uid":"3c5e965b1e9be7fc","name":"Page URL","source":"3c5e965b1e9be7fc.txt","type":"text/plain","size":116},{"uid":"3395a60d82d4cc24","name":"Screenshot: Verify Apps page displayed (success)","source":"3395a60d82d4cc24.png","type":"image/png","size":155430}],"parameters":[],"shouldDisplayMessage":false,"stepsCount":0,"attachmentsCount":2,"hasContent":true,"attachmentStep":false}],"attachments":[{"uid":"65212ad32d1e85bf","name":"Page URL","source":"65212ad32d1e85bf.txt","type":"text/plain","size":29},{"uid":"f309baf63c0ec5fb","name":"Screenshot: Login via UI (success)","source":"f309baf63c0ec5fb.png","type":"image/png","size":155355}],"parameters":[],"shouldDisplayMessage":false,"stepsCount":7,"attachmentsCount":27,"hasContent":true,"attachmentStep":false},{"name":"Verify Shell app container displayed on the main page","time":{"start":1762745077508,"stop":1762745118352,"duration":40844},"status":"passed","steps":[],"attachments":[{"uid":"5f06da9d9668d29","name":"Page URL","source":"5f06da9d9668d29.txt","type":"text/plain","size":116},{"uid":"d3ccd63bc50e2812","name":"HTTP 200 - GET instances?org=regression-org-lt9po9316lzr&project=regression-proj-4mz40vx8db&cluster=default&size=100","source":"d3ccd63bc50e2812.txt","type":"text/plain","size":290},{"uid":"ae104c5adb3c5204","name":"HTTP 200 - GET instances?org=regression-org-lt9po9316lzr&project=regression-proj-4mz40vx8db&cluster=default&size=100","source":"ae104c5adb3c5204.txt","type":"text/plain","size":290},{"uid":"30c47a5222fec82a","name":"Screenshot: Verify Shell app container displayed on the main page (success)","source":"30c47a5222fec82a.png","type":"image/png","size":165107}],"parameters":[],"shouldDisplayMessage":false,"stepsCount":0,"attachmentsCount":4,"hasContent":true,"attachmentStep":false},{"name":"Click Install button on the Shell container","time":{"start":1762745118352,"stop":1762745121048,"duration":2696},"status":"passed","steps":[],"attachments":[{"uid":"570bf277380988ce","name":"Page URL","source":"570bf277380988ce.txt","type":"text/plain","size":116},{"uid":"1de66cf83dcbf7a9","name":"HTTP 200 - GET shell","source":"1de66cf83dcbf7a9.txt","type":"text/plain","size":2237},{"uid":"269b93c72702d441","name":"Screenshot: Click Install button on the Shell container (success)","source":"269b93c72702d441.png","type":"image/png","size":107619}],"parameters":[],"shouldDisplayMessage":false,"stepsCount":0,"attachmentsCount":3,"hasContent":true,"attachmentStep":false},{"name":"Verify that Shell install page displayed","time":{"start":1762745121048,"stop":1762745121180,"duration":132},"status":"passed","steps":[],"attachments":[{"uid":"de82a25ae8e62a15","name":"Page URL","source":"de82a25ae8e62a15.txt","type":"text/plain","size":130},{"uid":"6f867523d1102f7d","name":"Screenshot: Verify that Shell install page displayed (success)","source":"6f867523d1102f7d.png","type":"image/png","size":107619}],"parameters":[],"shouldDisplayMessage":false,"stepsCount":0,"attachmentsCount":2,"hasContent":true,"attachmentStep":false},{"name":"Click Import config button","time":{"start":1762745121180,"stop":1762745121871,"duration":691},"status":"passed","steps":[],"attachments":[{"uid":"21f80f4795272fae","name":"Page URL","source":"21f80f4795272fae.txt","type":"text/plain","size":130},{"uid":"5363c458b86440b2","name":"HTTP 200 - GET instances?org=regression-org-lt9po9316lzr&project=regression-proj-4mz40vx8db&cluster=default&size=100","source":"5363c458b86440b2.txt","type":"text/plain","size":290},{"uid":"8f6f9c5579d94a15","name":"Screenshot: Click Import config button (success)","source":"8f6f9c5579d94a15.png","type":"image/png","size":125696}],"parameters":[],"shouldDisplayMessage":false,"stepsCount":0,"attachmentsCount":3,"hasContent":true,"attachmentStep":false},{"name":"Verify Import app config popup displayed","time":{"start":1762745121871,"stop":1762745122006,"duration":135},"status":"passed","steps":[],"attachments":[{"uid":"7dd7af882ff189ef","name":"Page URL","source":"7dd7af882ff189ef.txt","type":"text/plain","size":130},{"uid":"685f101b4960e589","name":"Screenshot: Verify Import app config popup displayed (success)","source":"685f101b4960e589.png","type":"image/png","size":115684}],"parameters":[],"shouldDisplayMessage":false,"stepsCount":0,"attachmentsCount":2,"hasContent":true,"attachmentStep":false},{"name":"Get Shell app import config file path","time":{"start":1762745122006,"stop":1762745122006,"duration":0},"status":"passed","steps":[],"attachments":[],"parameters":[],"shouldDisplayMessage":false,"stepsCount":0,"attachmentsCount":0,"hasContent":false,"attachmentStep":false},{"name":"Import yaml config","time":{"start":1762745122006,"stop":1762745123115,"duration":1109},"status":"passed","steps":[],"attachments":[{"uid":"9e1e29941c57cff2","name":"Page URL","source":"9e1e29941c57cff2.txt","type":"text/plain","size":130},{"uid":"5ebda618c1028e11","name":"Screenshot: Import yaml config (success)","source":"5ebda618c1028e11.png","type":"image/png","size":100868}],"parameters":[],"shouldDisplayMessage":false,"stepsCount":0,"attachmentsCount":2,"hasContent":true,"attachmentStep":false},{"name":"Click Apply config button","time":{"start":1762745123115,"stop":1762745153546,"duration":30431},"status":"failed","statusMessage":"AssertionError: [TimeoutError] during step: Click Apply config button\nMessage: Element not ready for click after 10000ms: <Locator frame=<Frame name= url='https://console.dev.apolo.us/apps/shell/install?cluster=default&project=regression-proj-4mz40vx8db&org=regression-org-lt9po9316lzr'> selector='internal:role=button[name=\"Apply config\"i]'>\nLast error: Locator expected to be enabled\nActual value: disabled \nCall log:\n  - Expect \"to_be_enabled\" with timeout 500ms\n  - waiting for get_by_role(\"button\", name=\"Apply config\")\n    4 × locator resolved to <button disabled type=\"button\" class=\"relative inline-flex cursor-pointer items-center justify-center rounded-xl py-1 transition-colors text-button h-12 gap-2 bg-primary text-white hover:bg-primary-medium active:bg-primary-dark disabled:bg-neural-01 disabled:text-neural-03 px-10 capitalize pointer-events-none\">Apply config</button>\n      - unexpected value \"disabled\"\n\n","statusTrace":"  File \"/home/runner/work/apolo-test-automation/apolo-test-automation/tests/reporting_hooks/reporting.py\", line 58, in wrapper\n    raise AssertionError(formatted_msg) from e\n","steps":[],"attachments":[{"uid":"854e159adbd8cea7","name":"Page URL","source":"854e159adbd8cea7.txt","type":"text/plain","size":130},{"uid":"a5af23934fc1c3bb","name":"HTTP 200 - GET instances?org=regression-org-lt9po9316lzr&project=regression-proj-4mz40vx8db&cluster=default&size=100","source":"a5af23934fc1c3bb.txt","type":"text/plain","size":290},{"uid":"5523ad4fdffdc393","name":"HTTP 200 - GET instances?org=regression-org-lt9po9316lzr&project=regression-proj-4mz40vx8db&cluster=default&size=100","source":"5523ad4fdffdc393.txt","type":"text/plain","size":290},{"uid":"a509354cba2e5327","name":"Screenshot: Click Apply config button (fail)","source":"a509354cba2e5327.png","type":"image/png","size":100868}],"parameters":[],"shouldDisplayMessage":true,"stepsCount":0,"attachmentsCount":4,"hasContent":true,"attachmentStep":false}],"attachments":[{"uid":"6be5131ee9b77649","name":"log","source":"6be5131ee9b77649.txt","type":"text/plain","size":32832}],"parameters":[],"shouldDisplayMessage":true,"stepsCount":16,"attachmentsCount":48,"hasContent":true,"attachmentStep":false},"afterStages":[{"name":"setup_cleanup::finalizer","time":{"start":1762745153568,"stop":1762745153568,"duration":0},"status":"passed","steps":[],"attachments":[],"parameters":[],"shouldDisplayMessage":false,"stepsCount":0,"attachmentsCount":0,"hasContent":false,"attachmentStep":false},{"name":"setup_cleanup::finalizer","time":{"start":1762745153568,"stop":1762745248231,"duration":94663},"status":"passed","steps":[{"name":"Post-test cleanup","time":{"start":1762745153568,"stop":1762745248231,"duration":94663},"status":"passed","steps":[{"name":"Delete organisation: regression-org-lt9po9316lzr","time":{"start":1762745157330,"stop":1762745158090,"duration":760},"status":"passed","steps":[{"name":"Delete project: regression-proj-4mz40vx8db","time":{"start":1762745157410,"stop":1762745157647,"duration":237},"status":"passed","steps":[],"attachments":[],"parameters":[],"shouldDisplayMessage":false,"stepsCount":0,"attachmentsCount":0,"hasContent":false,"attachmentStep":false}],"attachments":[],"parameters":[],"shouldDisplayMessage":false,"stepsCount":1,"attachmentsCount":0,"hasContent":true,"attachmentStep":false}],"attachments":[{"uid":"d9f58ab7687765e5","name":"HTTP 401 - GET instances?org=regression-org-lt9po9316lzr&project=regression-proj-4mz40vx8db&cluster=default&size=100","source":"d9f58ab7687765e5.txt","type":"text/plain","size":357},{"uid":"e643a674a969b87f","name":"HTTP 401 - GET instances?org=regression-org-lt9po9316lzr&project=regression-proj-4mz40vx8db&cluster=default&size=100","source":"e643a674a969b87f.txt","type":"text/plain","size":357},{"uid":"6a2cd9e81d574c96","name":"HTTP 401 - GET instances?org=regression-org-lt9po9316lzr&project=regression-proj-4mz40vx8db&cluster=default&size=100","source":"6a2cd9e81d574c96.txt","type":"text/plain","size":357},{"uid":"93c3bf2e91cb2f34","name":"HTTP 401 - GET instances?org=regression-org-lt9po9316lzr&project=regression-proj-4mz40vx8db&cluster=default&size=100","source":"93c3bf2e91cb2f34.txt","type":"text/plain","size":357},{"uid":"f331bc2ebf6360e9","name":"HTTP 401 - GET instances?org=regression-org-lt9po9316lzr&project=regression-proj-4mz40vx8db&cluster=default&size=100","source":"f331bc2ebf6360e9.txt","type":"text/plain","size":357},{"uid":"46ac5bd5ade009c5","name":"HTTP 401 - GET instances?org=regression-org-lt9po9316lzr&project=regression-proj-4mz40vx8db&cluster=default&size=100","source":"46ac5bd5ade009c5.txt","type":"text/plain","size":357}],"parameters":[],"shouldDisplayMessage":false,"stepsCount":2,"attachmentsCount":6,"hasContent":true,"attachmentStep":false}],"attachments":[],"parameters":[],"shouldDisplayMessage":false,"stepsCount":3,"attachmentsCount":6,"hasContent":true,"attachmentStep":false},{"name":"add_page_manager::finalizer","time":{"start":1762745153568,"stop":1762745153568,"duration":0},"status":"passed","steps":[],"attachments":[],"parameters":[],"shouldDisplayMessage":false,"stepsCount":0,"attachmentsCount":0,"hasContent":false,"attachmentStep":false},{"name":"api_helper::finalizer","time":{"start":1762745248231,"stop":1762745248232,"duration":1},"status":"passed","steps":[],"attachments":[],"parameters":[],"shouldDisplayMessage":false,"stepsCount":0,"attachmentsCount":0,"hasContent":false,"attachmentStep":false},{"name":"_function_scoped_runner::0","time":{"start":1762745248232,"stop":1762745248233,"duration":1},"status":"passed","steps":[],"attachments":[],"parameters":[],"shouldDisplayMessage":false,"stepsCount":0,"attachmentsCount":0,"hasContent":false,"attachmentStep":false}],"labels":[{"name":"parentSuite","value":"E2E Tests"},{"name":"suite","value":"Service Deployment App"},{"name":"tag","value":"asyncio"},{"name":"tag","value":"class_setup"},{"name":"subSuite","value":"TestE2EServiceDeploymentApp"},{"name":"host","value":"runnervmw9dnm"},{"name":"thread","value":"3663-MainThread"},{"name":"framework","value":"pytest"},{"name":"language","value":"cpython3"},{"name":"package","value":"tests.test_cases.tests_e2e.test_service_deployment_app"},{"name":"resultFormat","value":"allure2"}],"parameters":[],"links":[],"hidden":false,"retry":false,"extra":{"severity":"normal","retries":[],"categories":[{"name":"Product defects","matchedStatuses":[],"flaky":false}],"history":{"statistic":{"failed":16,"broken":0,"skipped":0,"passed":0,"unknown":0,"total":16},"items":[{"uid":"7a839bbbcadb0388","status":"failed","statusDetails":"AssertionError: [TimeoutError] during step: Click Apply config button\nMessage: Element not ready for click after 10000ms: <Locator frame=<Frame name= url='https://console.dev.apolo.us/apps/shell/install?cluster=default&project=regression-proj-d8fv8gtew3&org=regression-org-fncq90qekcqh'> selector='internal:role=button[name=\"Apply config\"i]'>\nLast error: Locator expected to be enabled\nActual value: disabled \nCall log:\n  - Expect \"to_be_enabled\" with timeout 500ms\n  - waiting for get_by_role(\"button\", name=\"Apply config\")\n    4 × locator resolved to <button disabled type=\"button\" class=\"relative inline-flex cursor-pointer items-center justify-center rounded-xl py-1 transition-colors text-button h-12 gap-2 bg-primary text-white hover:bg-primary-medium active:bg-primary-dark disabled:bg-neural-01 disabled:text-neural-03 px-10 capitalize pointer-events-none\">Apply config</button>\n      - unexpected value \"disabled\"","time":{"start":1762658561815,"stop":1762658645559,"duration":83744}},{"uid":"6b4fd1c90d59576e","status":"failed","statusDetails":"AssertionError: [TimeoutError] during step: Click Apply config button\nMessage: Element not ready for click after 10000ms: <Locator frame=<Frame name= url='https://console.dev.apolo.us/apps/shell/install?cluster=default&project=regression-proj-kv6lwvbtzs&org=regression-org-g52v77k85pm2'> selector='internal:role=button[name=\"Apply config\"i]'>\nLast error: Locator expected to be enabled\nActual value: disabled \nCall log:\n  - Expect \"to_be_enabled\" with timeout 500ms\n  - waiting for get_by_role(\"button\", name=\"Apply config\")\n    4 × locator resolved to <button disabled type=\"button\" class=\"relative inline-flex cursor-pointer items-center justify-center rounded-xl py-1 transition-colors text-button h-12 gap-2 bg-primary text-white hover:bg-primary-medium active:bg-primary-dark disabled:bg-neural-01 disabled:text-neural-03 px-10 capitalize pointer-events-none\">Apply config</button>\n      - unexpected value \"disabled\"","time":{"start":1762572168478,"stop":1762572260069,"duration":91591}},{"uid":"31da4163b99f3a5d","status":"failed","statusDetails":"AssertionError: [TimeoutError] during step: Click Apply config button\nMessage: Element not ready for click after 10000ms: <Locator frame=<Frame name= url='https://console.dev.apolo.us/apps/shell-argocd/install?cluster=default&project=regression-proj-sjy3b6gucw&org=regression-org-d5a0novy0qtk'> selector='internal:role=button[name=\"Apply config\"i]'>\nLast error: Locator expected to be enabled\nActual value: disabled \nCall log:\n  - Expect \"to_be_enabled\" with timeout 500ms\n  - waiting for get_by_role(\"button\", name=\"Apply config\")\n    4 × locator resolved to <button disabled type=\"button\" class=\"relative inline-flex cursor-pointer items-center justify-center rounded-xl py-1 transition-colors text-button h-12 gap-2 bg-primary text-white hover:bg-primary-medium active:bg-primary-dark disabled:bg-neural-01 disabled:text-neural-03 px-10 capitalize pointer-events-none\">Apply config</button>\n      - unexpected value \"disabled\"","time":{"start":1762485841877,"stop":1762485933682,"duration":91805}},{"uid":"c821010ef5c455a7","status":"failed","statusDetails":"AssertionError: [AssertionError] during step: Verify that Shell install page displayed\nMessage: Shell Install page should be displayed!","time":{"start":1762399384224,"stop":1762399443864,"duration":59640}},{"uid":"ab33619c75edac2d","status":"failed","statusDetails":"AssertionError: [TimeoutError] during step: Click Apply config button\nMessage: Element not ready for click after 10000ms: <Locator frame=<Frame name= url='https://console.dev.apolo.us/apps/shell-argocd/install?cluster=default&project=regression-proj-razv990c9v&org=regression-org-axvgfbi5yijo'> selector='internal:role=button[name=\"Apply config\"i]'>\nLast error: Locator expected to be enabled\nActual value: disabled \nCall log:\n  - Expect \"to_be_enabled\" with timeout 500ms\n  - waiting for get_by_role(\"button\", name=\"Apply config\")\n    4 × locator resolved to <button disabled type=\"button\" class=\"relative inline-flex cursor-pointer items-center justify-center rounded-xl py-1 transition-colors text-button h-12 gap-2 bg-primary text-white hover:bg-primary-medium active:bg-primary-dark disabled:bg-neural-01 disabled:text-neural-03 px-10 capitalize pointer-events-none\">Apply config</button>\n      - unexpected value \"disabled\"","time":{"start":1762312775210,"stop":1762312857421,"duration":82211}},{"uid":"78f6aaf39b76eab","status":"failed","statusDetails":"AssertionError: [TimeoutError] during step: Click Apply config button\nMessage: Element not ready for click after 10000ms: <Locator frame=<Frame name= url='https://console.dev.apolo.us/apps/shell-argocd/install?cluster=default&project=regression-proj-vr0ewfbiy0&org=regression-org-gi441mjk3871'> selector='internal:role=button[name=\"Apply config\"i]'>\nLast error: Locator expected to be enabled\nActual value: disabled \nCall log:\n  - Expect \"to_be_enabled\" with timeout 500ms\n  - waiting for get_by_role(\"button\", name=\"Apply config\")\n    4 × locator resolved to <button disabled type=\"button\" class=\"relative inline-flex cursor-pointer items-center justify-center rounded-xl py-1 transition-colors text-button h-12 gap-2 bg-primary text-white hover:bg-primary-medium active:bg-primary-dark disabled:bg-neural-01 disabled:text-neural-03 px-10 capitalize pointer-events-none\">Apply config</button>\n      - unexpected value \"disabled\"","time":{"start":1762226643897,"stop":1762226725886,"duration":81989}},{"uid":"7f4662e578aaeb7f","status":"failed","statusDetails":"AssertionError: [AssertionError] during step: Login via UI\nMessage: [AssertionError] during step: Verify Apps page displayed\nMessage: Apps page should be displayed!","time":{"start":1762139656214,"stop":1762139792238,"duration":136024}},{"uid":"1be360698948c502","status":"failed","statusDetails":"AssertionError: [TimeoutError] during step: Click Apply config button\nMessage: Element not ready for click after 10000ms: <Locator frame=<Frame name= url='https://console.dev.apolo.us/apps/shell-argocd/install?cluster=default&project=regression-proj-ocikww54ot&org=regression-org-jhhyxj2nx1n1'> selector='internal:role=button[name=\"Apply config\"i]'>\nLast error: Locator expected to be enabled\nActual value: disabled \nCall log:\n  - Expect \"to_be_enabled\" with timeout 500ms\n  - waiting for get_by_role(\"button\", name=\"Apply config\")\n    4 × locator resolved to <button disabled type=\"button\" class=\"relative inline-flex cursor-pointer items-center justify-center rounded-xl py-1 transition-colors text-button h-12 gap-2 bg-primary text-white hover:bg-primary-medium active:bg-primary-dark disabled:bg-neural-01 disabled:text-neural-03 px-10 capitalize pointer-events-none\">Apply config</button>\n      - unexpected value \"disabled\"","time":{"start":1762053849326,"stop":1762054045421,"duration":196095}},{"uid":"19e595af5834c547","status":"failed","statusDetails":"AssertionError: [TimeoutError] during step: Click Apply config button\nMessage: Element not ready for click after 10000ms: <Locator frame=<Frame name= url='https://console.dev.apolo.us/apps/shell-argocd/install?cluster=default&project=regression-proj-yoxao24lds&org=regression-org-nkd65s6a5vv5'> selector='internal:role=button[name=\"Apply config\"i]'>\nLast error: Locator expected to be enabled\nActual value: disabled \nCall log:\n  - Expect \"to_be_enabled\" with timeout 500ms\n  - waiting for get_by_role(\"button\", name=\"Apply config\")\n    4 × locator resolved to <button disabled type=\"button\" class=\"relative inline-flex cursor-pointer items-center justify-center rounded-xl py-1 transition-colors text-button h-12 gap-2 bg-primary text-white hover:bg-primary-medium active:bg-primary-dark disabled:bg-neural-01 disabled:text-neural-03 px-10 capitalize pointer-events-none\">Apply config</button>\n      - unexpected value \"disabled\"","time":{"start":1761967994989,"stop":1761968086467,"duration":91478}},{"uid":"22807f6af1fb2cce","status":"failed","statusDetails":"AssertionError: [TimeoutError] during step: Click Apply config button\nMessage: Element not ready for click after 10000ms: <Locator frame=<Frame name= url='https://console.dev.apolo.us/apps/shell-argocd/install?cluster=default&project=regression-proj-rzrbx8nru8&org=regression-org-9z291udawt7l'> selector='internal:role=button[name=\"Apply config\"i]'>\nLast error: Locator expected to be enabled\nActual value: disabled \nCall log:\n  - Expect \"to_be_enabled\" with timeout 500ms\n  - waiting for get_by_role(\"button\", name=\"Apply config\")\n    4 × locator resolved to <button disabled type=\"button\" class=\"relative inline-flex cursor-pointer items-center justify-center rounded-xl py-1 transition-colors text-button h-12 gap-2 bg-primary text-white hover:bg-primary-medium active:bg-primary-dark disabled:bg-neural-01 disabled:text-neural-03 px-10 capitalize pointer-events-none\">Apply config</button>\n      - unexpected value \"disabled\"","time":{"start":1761881325899,"stop":1761881407438,"duration":81539}},{"uid":"3e836ce391c30860","status":"failed","statusDetails":"AssertionError: [TimeoutError] during step: Click Apply config button\nMessage: Element not ready for click after 10000ms: <Locator frame=<Frame name= url='https://console.dev.apolo.us/apps/shell-argocd/install?cluster=default&project=regression-proj-jdtxykifhj&org=regression-org-ekc3p93qn89e'> selector='internal:role=button[name=\"Apply config\"i]'>\nLast error: Locator expected to be enabled\nActual value: disabled \nCall log:\n  - Expect \"to_be_enabled\" with timeout 500ms\n  - waiting for get_by_role(\"button\", name=\"Apply config\")\n    4 × locator resolved to <button disabled type=\"button\" class=\"relative inline-flex cursor-pointer items-center justify-center rounded-xl py-1 transition-colors text-button h-12 gap-2 bg-primary text-white hover:bg-primary-medium active:bg-primary-dark disabled:bg-neural-01 disabled:text-neural-03 px-10 capitalize pointer-events-none\">Apply config</button>\n      - unexpected value \"disabled\"","time":{"start":1761796738418,"stop":1761796936496,"duration":198078}},{"uid":"ff4b87ddf3d7dffa","status":"failed","statusDetails":"AssertionError: [TimeoutError] during step: Click Apply config button\nMessage: Element not ready for click after 10000ms: <Locator frame=<Frame name= url='https://console.dev.apolo.us/apps/shell-argocd/install?cluster=default&project=regression-proj-lkp7zd1p9w&org=regression-org-2ulwuhq2oj6i'> selector='internal:role=button[name=\"Apply config\"i]'>\nLast error: Locator expected to be enabled\nActual value: disabled \nCall log:\n  - Expect \"to_be_enabled\" with timeout 500ms\n  - waiting for get_by_role(\"button\", name=\"Apply config\")\n    4 × locator resolved to <button disabled type=\"button\" class=\"relative inline-flex cursor-pointer items-center justify-center rounded-xl py-1 transition-colors text-button h-12 gap-2 bg-primary text-white hover:bg-primary-medium active:bg-primary-dark disabled:bg-neural-01 disabled:text-neural-03 px-10 capitalize pointer-events-none\">Apply config</button>\n      - unexpected value \"disabled\"","time":{"start":1761709261919,"stop":1761709344424,"duration":82505}},{"uid":"2ade7681ca0e4771","status":"failed","statusDetails":"AssertionError: [TimeoutError] during step: Click Apply config button\nMessage: Element not ready for click after 10000ms: <Locator frame=<Frame name= url='https://console.dev.apolo.us/apps/shell-argocd/install?cluster=default&project=regression-proj-9f01ey3l31&org=regression-org-1ziwp2gfj7v6'> selector='internal:role=button[name=\"Apply config\"i]'>\nLast error: Locator expected to be enabled\nActual value: disabled \nCall log:\n  - Expect \"to_be_enabled\" with timeout 500ms\n  - waiting for get_by_role(\"button\", name=\"Apply config\")\n    4 × locator resolved to <button disabled type=\"button\" class=\"relative inline-flex cursor-pointer items-center justify-center rounded-xl py-1 transition-colors text-button h-12 gap-2 bg-primary text-white hover:bg-primary-medium active:bg-primary-dark disabled:bg-neural-01 disabled:text-neural-03 px-10 capitalize pointer-events-none\">Apply config</button>\n      - unexpected value \"disabled\"","time":{"start":1761622383907,"stop":1761622465987,"duration":82080}},{"uid":"e825047d7be97ae3","status":"failed","statusDetails":"AssertionError: [TimeoutError] during step: Click Apply config button\nMessage: Element not ready for click after 10000ms: <Locator frame=<Frame name= url='https://console.dev.apolo.us/apps/shell-argocd/install?cluster=default&project=regression-proj-y1xe1cso2z&org=regression-org-fdo242s4ungi'> selector='internal:role=button[name=\"Apply config\"i]'>\nLast error: Locator expected to be enabled\nActual value: disabled \nCall log:\n  - Expect \"to_be_enabled\" with timeout 500ms\n  - waiting for get_by_role(\"button\", name=\"Apply config\")\n    4 × locator resolved to <button disabled type=\"button\" class=\"relative inline-flex cursor-pointer items-center justify-center rounded-xl py-1 transition-colors text-button h-12 gap-2 bg-primary text-white hover:bg-primary-medium active:bg-primary-dark disabled:bg-neural-01 disabled:text-neural-03 px-10 capitalize pointer-events-none\">Apply config</button>\n      - unexpected value \"disabled\"","time":{"start":1761600668747,"stop":1761600753155,"duration":84408}},{"uid":"6a50dddc5f0f42c5","status":"failed","statusDetails":"AssertionError: [AssertionError] during step: Verify that Shell install page displayed\nMessage: Shell Install page should be displayed!","time":{"start":1761567562689,"stop":1761567622394,"duration":59705}}]},"tags":["asyncio","class_setup"]},"source":"e79b864c9b78dbb5.json","parameterValues":[]}