{"uid":"ed7fe5fdd162f058","name":"Invite not registered user to project via UI","fullName":"tests.test_cases.tests_ui.test_project_structure_setup.TestUIProjectStructureSetup#test_invite_not_registered_to_proj_via_ui","historyId":"ce8d1af4e980f4180f818bd2dd3406fa","time":{"start":1768398251639,"stop":1768398305171,"duration":53532},"description":"\n- Login with valid credentials.\n- Create new organization via **API**.\n- Create new project.\n\n### Verify that:\n\n- User **cannot** invite to project another user which is **not registered**.\n","descriptionHtml":"<div style='line-height:1.6;'><ul>\n<li>Login with valid credentials.</li>\n<li>Create new organization via <strong>API</strong>.</li>\n<li>Create new project.</li>\n</ul>\n<h3>Verify that:</h3>\n<ul>\n<li>User <strong>cannot</strong> invite to project another user which is <strong>not registered</strong>.</li>\n</ul></div>","status":"failed","statusMessage":"AssertionError: [AssertionError] during step: Create first project from main page\nMessage: [TimeoutError] during step: Wait for Create project popup disappear\nMessage: Locator.wait_for: Timeout 60ms exceeded.\nCall log:\n  - waiting for locator(\"h2\").filter(has_text=\"Create Project\") to be detached\n    3 × locator resolved to visible <h2 class=\"p-8 text-h4\">Create Project</h2>\n\nNote: Playwright Timeout. Element not found or action took too long.","statusTrace":"tests/reporting_hooks/reporting.py:49: in wrapper\n    result = await func(*args, **kwargs)\n             ^^^^^^^^^^^^^^^^^^^^^^^^^^^\ntests/test_cases/steps/ui_steps/page_steps_impl/create_proj_popup_steps.py:36: in ui_wait_to_disappear\n    await self._pm.create_proj_popup.wait_to_disappear(org_name=org_name)\ntests/components/ui/pages/create_project_popup.py:83: in wait_to_disappear\n    await self._get_create_proj_title().locator.wait_for(\n.venv/lib/python3.13/site-packages/playwright/async_api/_generated.py:17999: in wait_for\n    await self._impl_obj.wait_for(timeout=timeout, state=state)\n.venv/lib/python3.13/site-packages/playwright/_impl/_locator.py:710: in wait_for\n    await self._frame.wait_for_selector(\n.venv/lib/python3.13/site-packages/playwright/_impl/_frame.py:369: in wait_for_selector\n    await self._channel.send(\n.venv/lib/python3.13/site-packages/playwright/_impl/_connection.py:69: in send\n    return await self._connection.wrap_api_call(\n.venv/lib/python3.13/site-packages/playwright/_impl/_connection.py:559: in wrap_api_call\n    raise rewrite_error(error, f\"{parsed_st['apiName']}: {error}\") from None\nE   playwright._impl._errors.TimeoutError: Locator.wait_for: Timeout 60ms exceeded.\nE   Call log:\nE     - waiting for locator(\"h2\").filter(has_text=\"Create Project\") to be detached\nE       3 × locator resolved to visible <h2 class=\"p-8 text-h4\">Create Project</h2>\n\nThe above exception was the direct cause of the following exception:\ntests/reporting_hooks/reporting.py:49: in wrapper\n    result = await func(*args, **kwargs)\n             ^^^^^^^^^^^^^^^^^^^^^^^^^^^\ntests/test_cases/steps/ui_steps/ui_steps.py:247: in ui_create_first_proj_from_main_page\n    await self.create_proj_popup.ui_wait_to_disappear(org_name=org_name)\ntests/reporting_hooks/reporting.py:58: in wrapper\n    raise AssertionError(formatted_msg) from e\nE   AssertionError: [TimeoutError] during step: Wait for Create project popup disappear\nE   Message: Locator.wait_for: Timeout 60ms exceeded.\nE   Call log:\nE     - waiting for locator(\"h2\").filter(has_text=\"Create Project\") to be detached\nE       3 × locator resolved to visible <h2 class=\"p-8 text-h4\">Create Project</h2>\nE   \nE   Note: Playwright Timeout. Element not found or action took too long.\n\nThe above exception was the direct cause of the following exception:\ntests/test_cases/tests_ui/test_project_structure_setup.py:309: in test_invite_not_registered_to_proj_via_ui\n    await steps.ui_create_first_proj_from_main_page(\ntests/reporting_hooks/reporting.py:58: in wrapper\n    raise AssertionError(formatted_msg) from e\nE   AssertionError: [AssertionError] during step: Create first project from main page\nE   Message: [TimeoutError] during step: Wait for Create project popup disappear\nE   Message: Locator.wait_for: Timeout 60ms exceeded.\nE   Call log:\nE     - waiting for locator(\"h2\").filter(has_text=\"Create Project\") to be detached\nE       3 × locator resolved to visible <h2 class=\"p-8 text-h4\">Create Project</h2>\nE   \nE   Note: Playwright Timeout. Element not found or action took too long.","flaky":false,"newFailed":false,"newBroken":false,"newPassed":false,"retriesCount":1,"retriesStatusChange":false,"beforeStages":[{"name":"_verify_url","time":{"start":1768392517711,"stop":1768392517711,"duration":0},"status":"passed","steps":[],"attachments":[],"parameters":[],"shouldDisplayMessage":false,"stepsCount":0,"attachmentsCount":0,"hasContent":false,"attachmentStep":false},{"name":"pytestconfig","time":{"start":1768392517711,"stop":1768392517711,"duration":0},"status":"passed","steps":[],"attachments":[],"parameters":[],"shouldDisplayMessage":false,"stepsCount":0,"attachmentsCount":0,"hasContent":false,"attachmentStep":false},{"name":"delay_worker_start","time":{"start":1768392517711,"stop":1768392517711,"duration":0},"status":"passed","steps":[],"attachments":[],"parameters":[],"shouldDisplayMessage":false,"stepsCount":0,"attachmentsCount":0,"hasContent":false,"attachmentStep":false},{"name":"base_url","time":{"start":1768392517711,"stop":1768392517711,"duration":0},"status":"passed","steps":[],"attachments":[],"parameters":[],"shouldDisplayMessage":false,"stepsCount":0,"attachmentsCount":0,"hasContent":false,"attachmentStep":false},{"name":"event_loop_policy","time":{"start":1768392517711,"stop":1768392517711,"duration":0},"status":"passed","steps":[],"attachments":[],"parameters":[],"shouldDisplayMessage":false,"stepsCount":0,"attachmentsCount":0,"hasContent":false,"attachmentStep":false},{"name":"delete_output_dir","time":{"start":1768392517711,"stop":1768392517711,"duration":0},"status":"passed","steps":[],"attachments":[],"parameters":[],"shouldDisplayMessage":false,"stepsCount":0,"attachmentsCount":0,"hasContent":false,"attachmentStep":false},{"name":"ensure_storage_directories","time":{"start":1768392517712,"stop":1768392517712,"duration":0},"status":"passed","steps":[],"attachments":[],"parameters":[],"shouldDisplayMessage":false,"stepsCount":0,"attachmentsCount":0,"hasContent":false,"attachmentStep":false},{"name":"test_config","time":{"start":1768398250757,"stop":1768398250760,"duration":3},"status":"passed","steps":[],"attachments":[],"parameters":[],"shouldDisplayMessage":false,"stepsCount":0,"attachmentsCount":0,"hasContent":false,"attachmentStep":false},{"name":"page_manager","time":{"start":1768398250760,"stop":1768398251635,"duration":875},"status":"passed","steps":[],"attachments":[],"parameters":[],"shouldDisplayMessage":false,"stepsCount":0,"attachmentsCount":0,"hasContent":false,"attachmentStep":false},{"name":"_function_scoped_runner","time":{"start":1768398250760,"stop":1768398250760,"duration":0},"status":"passed","steps":[],"attachments":[],"parameters":[],"shouldDisplayMessage":false,"stepsCount":0,"attachmentsCount":0,"hasContent":false,"attachmentStep":false},{"name":"data_manager","time":{"start":1768398251635,"stop":1768398251636,"duration":1},"status":"passed","steps":[],"attachments":[],"parameters":[],"shouldDisplayMessage":false,"stepsCount":0,"attachmentsCount":0,"hasContent":false,"attachmentStep":false},{"name":"api_helper","time":{"start":1768398251636,"stop":1768398251636,"duration":0},"status":"passed","steps":[],"attachments":[],"parameters":[],"shouldDisplayMessage":false,"stepsCount":0,"attachmentsCount":0,"hasContent":false,"attachmentStep":false},{"name":"users_manager","time":{"start":1768398251636,"stop":1768398251636,"duration":0},"status":"passed","steps":[],"attachments":[],"parameters":[],"shouldDisplayMessage":false,"stepsCount":0,"attachmentsCount":0,"hasContent":false,"attachmentStep":false},{"name":"apolo_cli","time":{"start":1768398251637,"stop":1768398251637,"duration":0},"status":"passed","steps":[],"attachments":[],"parameters":[],"shouldDisplayMessage":false,"stepsCount":0,"attachmentsCount":0,"hasContent":false,"attachmentStep":false},{"name":"add_page_manager","time":{"start":1768398251637,"stop":1768398251638,"duration":1},"status":"passed","steps":[],"attachments":[],"parameters":[],"shouldDisplayMessage":false,"stepsCount":0,"attachmentsCount":0,"hasContent":false,"attachmentStep":false},{"name":"setup_cleanup","time":{"start":1768398251637,"stop":1768398251637,"duration":0},"status":"passed","steps":[],"attachments":[],"parameters":[],"shouldDisplayMessage":false,"stepsCount":0,"attachmentsCount":0,"hasContent":false,"attachmentStep":false},{"name":"setup","time":{"start":1768398251638,"stop":1768398251638,"duration":0},"status":"passed","steps":[],"attachments":[],"parameters":[],"shouldDisplayMessage":false,"stepsCount":0,"attachmentsCount":0,"hasContent":false,"attachmentStep":false},{"name":"_inject_fixtures","time":{"start":1768398251638,"stop":1768398251638,"duration":0},"status":"passed","steps":[],"attachments":[],"parameters":[],"shouldDisplayMessage":false,"stepsCount":0,"attachmentsCount":0,"hasContent":false,"attachmentStep":false}],"testStage":{"description":"\n- Login with valid credentials.\n- Create new organization via **API**.\n- Create new project.\n\n### Verify that:\n\n- User **cannot** invite to project another user which is **not registered**.\n","descriptionHtml":"<div style='line-height:1.6;'><ul>\n<li>Login with valid credentials.</li>\n<li>Create new organization via <strong>API</strong>.</li>\n<li>Create new project.</li>\n</ul>\n<h3>Verify that:</h3>\n<ul>\n<li>User <strong>cannot</strong> invite to project another user which is <strong>not registered</strong>.</li>\n</ul></div>","status":"failed","statusMessage":"AssertionError: [AssertionError] during step: Create first project from main page\nMessage: [TimeoutError] during step: Wait for Create project popup disappear\nMessage: Locator.wait_for: Timeout 60ms exceeded.\nCall log:\n  - waiting for locator(\"h2\").filter(has_text=\"Create Project\") to be detached\n    3 × locator resolved to visible <h2 class=\"p-8 text-h4\">Create Project</h2>\n\nNote: Playwright Timeout. Element not found or action took too long.","statusTrace":"tests/reporting_hooks/reporting.py:49: in wrapper\n    result = await func(*args, **kwargs)\n             ^^^^^^^^^^^^^^^^^^^^^^^^^^^\ntests/test_cases/steps/ui_steps/page_steps_impl/create_proj_popup_steps.py:36: in ui_wait_to_disappear\n    await self._pm.create_proj_popup.wait_to_disappear(org_name=org_name)\ntests/components/ui/pages/create_project_popup.py:83: in wait_to_disappear\n    await self._get_create_proj_title().locator.wait_for(\n.venv/lib/python3.13/site-packages/playwright/async_api/_generated.py:17999: in wait_for\n    await self._impl_obj.wait_for(timeout=timeout, state=state)\n.venv/lib/python3.13/site-packages/playwright/_impl/_locator.py:710: in wait_for\n    await self._frame.wait_for_selector(\n.venv/lib/python3.13/site-packages/playwright/_impl/_frame.py:369: in wait_for_selector\n    await self._channel.send(\n.venv/lib/python3.13/site-packages/playwright/_impl/_connection.py:69: in send\n    return await self._connection.wrap_api_call(\n.venv/lib/python3.13/site-packages/playwright/_impl/_connection.py:559: in wrap_api_call\n    raise rewrite_error(error, f\"{parsed_st['apiName']}: {error}\") from None\nE   playwright._impl._errors.TimeoutError: Locator.wait_for: Timeout 60ms exceeded.\nE   Call log:\nE     - waiting for locator(\"h2\").filter(has_text=\"Create Project\") to be detached\nE       3 × locator resolved to visible <h2 class=\"p-8 text-h4\">Create Project</h2>\n\nThe above exception was the direct cause of the following exception:\ntests/reporting_hooks/reporting.py:49: in wrapper\n    result = await func(*args, **kwargs)\n             ^^^^^^^^^^^^^^^^^^^^^^^^^^^\ntests/test_cases/steps/ui_steps/ui_steps.py:247: in ui_create_first_proj_from_main_page\n    await self.create_proj_popup.ui_wait_to_disappear(org_name=org_name)\ntests/reporting_hooks/reporting.py:58: in wrapper\n    raise AssertionError(formatted_msg) from e\nE   AssertionError: [TimeoutError] during step: Wait for Create project popup disappear\nE   Message: Locator.wait_for: Timeout 60ms exceeded.\nE   Call log:\nE     - waiting for locator(\"h2\").filter(has_text=\"Create Project\") to be detached\nE       3 × locator resolved to visible <h2 class=\"p-8 text-h4\">Create Project</h2>\nE   \nE   Note: Playwright Timeout. Element not found or action took too long.\n\nThe above exception was the direct cause of the following exception:\ntests/test_cases/tests_ui/test_project_structure_setup.py:309: in test_invite_not_registered_to_proj_via_ui\n    await steps.ui_create_first_proj_from_main_page(\ntests/reporting_hooks/reporting.py:58: in wrapper\n    raise AssertionError(formatted_msg) from e\nE   AssertionError: [AssertionError] during step: Create first project from main page\nE   Message: [TimeoutError] during step: Wait for Create project popup disappear\nE   Message: Locator.wait_for: Timeout 60ms exceeded.\nE   Call log:\nE     - waiting for locator(\"h2\").filter(has_text=\"Create Project\") to be detached\nE       3 × locator resolved to visible <h2 class=\"p-8 text-h4\">Create Project</h2>\nE   \nE   Note: Playwright Timeout. Element not found or action took too long.","steps":[{"name":"Login via UI","time":{"start":1768398251639,"stop":1768398267928,"duration":16289},"status":"passed","steps":[{"name":"Verify that Auth page displayed","time":{"start":1768398251639,"stop":1768398252724,"duration":1085},"status":"passed","steps":[],"attachments":[{"uid":"9687f96d2e60c3a3","name":"Page URL","source":"9687f96d2e60c3a3.txt","type":"text/plain","size":29},{"uid":"8ccb3d89e0c58b86","name":"HTTP 200 - GET config","source":"8ccb3d89e0c58b86.txt","type":"text/plain","size":673},{"uid":"6213deabab0f34aa","name":"Screenshot: Verify that Auth page displayed (success)","source":"6213deabab0f34aa.png","type":"image/png","size":88563}],"parameters":[],"shouldDisplayMessage":false,"stepsCount":0,"attachmentsCount":3,"hasContent":true,"attachmentStep":false},{"name":"Click login button","time":{"start":1768398252724,"stop":1768398253808,"duration":1084},"status":"passed","steps":[],"attachments":[{"uid":"c36ee198b175a383","name":"Page URL","source":"c36ee198b175a383.txt","type":"text/plain","size":33},{"uid":"9dac428c691b7e7c","name":"Screenshot: Click login button (success)","source":"9dac428c691b7e7c.png","type":"image/png","size":41524}],"parameters":[],"shouldDisplayMessage":false,"stepsCount":0,"attachmentsCount":2,"hasContent":true,"attachmentStep":false},{"name":"Verify that Login page displayed","time":{"start":1768398253808,"stop":1768398253909,"duration":101},"status":"passed","steps":[],"attachments":[{"uid":"4a351583a1d53b12","name":"Page URL","source":"4a351583a1d53b12.txt","type":"text/plain","size":215},{"uid":"6030bef569050f2b","name":"Screenshot: Verify that Login page displayed (success)","source":"6030bef569050f2b.png","type":"image/png","size":41637}],"parameters":[],"shouldDisplayMessage":false,"stepsCount":0,"attachmentsCount":2,"hasContent":true,"attachmentStep":false},{"name":"Enter email","time":{"start":1768398253909,"stop":1768398254225,"duration":316},"status":"passed","steps":[],"attachments":[{"uid":"76a83f75f6f35ce1","name":"Page URL","source":"76a83f75f6f35ce1.txt","type":"text/plain","size":215},{"uid":"fd6de8987a99b02d","name":"Screenshot: Enter email (success)","source":"fd6de8987a99b02d.png","type":"image/png","size":46018}],"parameters":[],"shouldDisplayMessage":false,"stepsCount":0,"attachmentsCount":2,"hasContent":true,"attachmentStep":false},{"name":"Enter password","time":{"start":1768398254225,"stop":1768398254542,"duration":317},"status":"passed","steps":[],"attachments":[{"uid":"72eeb61e8e6129bf","name":"Page URL","source":"72eeb61e8e6129bf.txt","type":"text/plain","size":215},{"uid":"47beabb9ca6de15c","name":"Screenshot: Enter password (success)","source":"47beabb9ca6de15c.png","type":"image/png","size":46140}],"parameters":[],"shouldDisplayMessage":false,"stepsCount":0,"attachmentsCount":2,"hasContent":true,"attachmentStep":false},{"name":"Click Continue button","time":{"start":1768398254542,"stop":1768398266745,"duration":12203},"status":"passed","steps":[],"attachments":[{"uid":"9504b66db23b2bbf","name":"Page URL","source":"9504b66db23b2bbf.txt","type":"text/plain","size":215},{"uid":"5f30c370436ce1e7","name":"HTTP 200 - GET config","source":"5f30c370436ce1e7.txt","type":"text/plain","size":832},{"uid":"2af72c2e2b961611","name":"HTTP 200 - GET regression-2hv4v7uoak?include=clusters&include=system_role","source":"2af72c2e2b961611.txt","type":"text/plain","size":407},{"uid":"67df1cbc868c9737","name":"HTTP 200 - GET permissions?uri=blob:","source":"67df1cbc868c9737.txt","type":"text/plain","size":182},{"uid":"1e0228836f457a23","name":"HTTP 200 - GET incoming","source":"1e0228836f457a23.txt","type":"text/plain","size":156},{"uid":"399be7bde8943628","name":"HTTP 200 - GET regression-2hv4v7uoak?include=orgs","source":"399be7bde8943628.txt","type":"text/plain","size":379},{"uid":"4fec5f756a6dc147","name":"Screenshot: Click Continue button (success)","source":"4fec5f756a6dc147.png","type":"image/png","size":159753}],"parameters":[],"shouldDisplayMessage":false,"stepsCount":0,"attachmentsCount":7,"hasContent":true,"attachmentStep":false},{"name":"Verify that Welcome new user page displayed","time":{"start":1768398266753,"stop":1768398267843,"duration":1090},"status":"passed","steps":[],"attachments":[{"uid":"ab678a851b221ba2","name":"Page URL","source":"ab678a851b221ba2.txt","type":"text/plain","size":44},{"uid":"ec6bea24f7f0c7b4","name":"Screenshot: Verify that Welcome new user page displayed (success)","source":"ec6bea24f7f0c7b4.png","type":"image/png","size":159753}],"parameters":[],"shouldDisplayMessage":false,"stepsCount":0,"attachmentsCount":2,"hasContent":true,"attachmentStep":false}],"attachments":[{"uid":"286db8150ebf2d83","name":"Page URL","source":"286db8150ebf2d83.txt","type":"text/plain","size":29},{"uid":"7d05a1f1cd7b8e33","name":"Screenshot: Login via UI (success)","source":"7d05a1f1cd7b8e33.png","type":"image/png","size":159753}],"parameters":[],"shouldDisplayMessage":false,"stepsCount":7,"attachmentsCount":22,"hasContent":true,"attachmentStep":false},{"name":"Add organization via API and reload page","time":{"start":1768398267928,"stop":1768398302527,"duration":34599},"status":"passed","steps":[{"name":"Reload page","time":{"start":1768398292086,"stop":1768398302459,"duration":10373},"status":"passed","steps":[{"name":"Reload page","time":{"start":1768398292086,"stop":1768398302394,"duration":10308},"status":"passed","steps":[],"attachments":[{"uid":"3578d679b78e37c3","name":"Page URL","source":"3578d679b78e37c3.txt","type":"text/plain","size":44},{"uid":"189d83228bdbcc04","name":"HTTP 200 - GET config","source":"189d83228bdbcc04.txt","type":"text/plain","size":2137},{"uid":"d5329dc086f4d06f","name":"HTTP 200 - GET incoming","source":"d5329dc086f4d06f.txt","type":"text/plain","size":156},{"uid":"8cf0c4392ca494ce","name":"HTTP 200 - GET regression-org-jyk51m1ug4a3","source":"8cf0c4392ca494ce.txt","type":"text/plain","size":444},{"uid":"fda79fed54f2acf","name":"HTTP 200 - GET regression-2hv4v7uoak?include=orgs","source":"fda79fed54f2acf.txt","type":"text/plain","size":474},{"uid":"7afc48b1a80fe52f","name":"HTTP 200 - GET permissions?uri=blob:","source":"7afc48b1a80fe52f.txt","type":"text/plain","size":255},{"uid":"558b35e1625bc600","name":"HTTP 200 - GET regression-2hv4v7uoak?include=clusters&include=system_role","source":"558b35e1625bc600.txt","type":"text/plain","size":529},{"uid":"cd7dd741f7d9bc5b","name":"HTTP 200 - GET tags","source":"cd7dd741f7d9bc5b.txt","type":"text/plain","size":948},{"uid":"a777c2f9f8780f13","name":"Screenshot: Reload page (success)","source":"a777c2f9f8780f13.png","type":"image/png","size":60514}],"parameters":[],"shouldDisplayMessage":false,"stepsCount":0,"attachmentsCount":9,"hasContent":true,"attachmentStep":false}],"attachments":[{"uid":"509ae124391d401f","name":"Page URL","source":"509ae124391d401f.txt","type":"text/plain","size":44},{"uid":"cba8315186d060cc","name":"Screenshot: Reload page (success)","source":"cba8315186d060cc.png","type":"image/png","size":60514}],"parameters":[],"shouldDisplayMessage":false,"stepsCount":1,"attachmentsCount":11,"hasContent":true,"attachmentStep":false}],"attachments":[{"uid":"c0175a85e1924e8e","name":"Page URL","source":"c0175a85e1924e8e.txt","type":"text/plain","size":44},{"uid":"2b6a836ce8ba3259","name":"Screenshot: Add organization via API and reload page (success)","source":"2b6a836ce8ba3259.png","type":"image/png","size":60514}],"parameters":[],"shouldDisplayMessage":false,"stepsCount":2,"attachmentsCount":13,"hasContent":true,"attachmentStep":false},{"name":"Create first project from main page","time":{"start":1768398302527,"stop":1768398305170,"duration":2643},"status":"failed","statusMessage":"AssertionError: [AssertionError] during step: Create first project from main page\nMessage: [TimeoutError] during step: Wait for Create project popup disappear\nMessage: Locator.wait_for: Timeout 60ms exceeded.\nCall log:\n  - waiting for locator(\"h2\").filter(has_text=\"Create Project\") to be detached\n    3 × locator resolved to visible <h2 class=\"p-8 text-h4\">Create Project</h2>\n\nNote: Playwright Timeout. Element not found or action took too long.\n","statusTrace":"  File \"/home/runner/work/apolo-test-automation/apolo-test-automation/tests/reporting_hooks/reporting.py\", line 58, in wrapper\n    raise AssertionError(formatted_msg) from e\n","steps":[{"name":"Click Create project button on the main page","time":{"start":1768398302527,"stop":1768398303498,"duration":971},"status":"passed","steps":[],"attachments":[{"uid":"cac07274c62ef6f","name":"Page URL","source":"cac07274c62ef6f.txt","type":"text/plain","size":81},{"uid":"95659b4cc3247dc1","name":"Screenshot: Click Create project button on the main page (success)","source":"95659b4cc3247dc1.png","type":"image/png","size":81718}],"parameters":[],"shouldDisplayMessage":false,"stepsCount":0,"attachmentsCount":2,"hasContent":true,"attachmentStep":false},{"name":"Verify Create project popup displayed","time":{"start":1768398303498,"stop":1768398303602,"duration":104},"status":"passed","steps":[],"attachments":[{"uid":"1a03c777ae4b889c","name":"Page URL","source":"1a03c777ae4b889c.txt","type":"text/plain","size":81},{"uid":"cd0e27bbf8116de3","name":"Screenshot: Verify Create project popup displayed (success)","source":"cd0e27bbf8116de3.png","type":"image/png","size":81733}],"parameters":[],"shouldDisplayMessage":false,"stepsCount":0,"attachmentsCount":2,"hasContent":true,"attachmentStep":false},{"name":"Enter project name","time":{"start":1768398303602,"stop":1768398303936,"duration":334},"status":"passed","steps":[],"attachments":[{"uid":"933efbd677f6ce1b","name":"Page URL","source":"933efbd677f6ce1b.txt","type":"text/plain","size":81},{"uid":"c1360ff45dca6f5b","name":"Screenshot: Enter project name (success)","source":"c1360ff45dca6f5b.png","type":"image/png","size":85742}],"parameters":[],"shouldDisplayMessage":false,"stepsCount":0,"attachmentsCount":2,"hasContent":true,"attachmentStep":false},{"name":"Select user role","time":{"start":1768398303936,"stop":1768398304019,"duration":83},"status":"passed","steps":[],"attachments":[{"uid":"6211dc161bb32a73","name":"Page URL","source":"6211dc161bb32a73.txt","type":"text/plain","size":81},{"uid":"c948a80f9655ced7","name":"Screenshot: Select user role (success)","source":"c948a80f9655ced7.png","type":"image/png","size":85733}],"parameters":[],"shouldDisplayMessage":false,"stepsCount":0,"attachmentsCount":2,"hasContent":true,"attachmentStep":false},{"name":"Click Create button","time":{"start":1768398304019,"stop":1768398304952,"duration":933},"status":"passed","steps":[],"attachments":[{"uid":"88584dadf881f967","name":"Page URL","source":"88584dadf881f967.txt","type":"text/plain","size":81},{"uid":"75a63c89f05c8b51","name":"HTTP 404 - GET regression-proj-p2mvbhw3n8","source":"75a63c89f05c8b51.txt","type":"text/plain","size":340},{"uid":"a632541c6690d4b7","name":"Screenshot: Click Create button (success)","source":"a632541c6690d4b7.png","type":"image/png","size":84661}],"parameters":[],"shouldDisplayMessage":false,"stepsCount":0,"attachmentsCount":3,"hasContent":true,"attachmentStep":false},{"name":"Wait for Create project popup disappear","time":{"start":1768398304952,"stop":1768398305086,"duration":134},"status":"failed","statusMessage":"AssertionError: [TimeoutError] during step: Wait for Create project popup disappear\nMessage: Locator.wait_for: Timeout 60ms exceeded.\nCall log:\n  - waiting for locator(\"h2\").filter(has_text=\"Create Project\") to be detached\n    3 × locator resolved to visible <h2 class=\"p-8 text-h4\">Create Project</h2>\n\nNote: Playwright Timeout. Element not found or action took too long.\n","statusTrace":"  File \"/home/runner/work/apolo-test-automation/apolo-test-automation/tests/reporting_hooks/reporting.py\", line 58, in wrapper\n    raise AssertionError(formatted_msg) from e\n","steps":[],"attachments":[{"uid":"8584994440483adb","name":"Page URL","source":"8584994440483adb.txt","type":"text/plain","size":81},{"uid":"4c7b51f0dfc957f0","name":"Screenshot: Wait for Create project popup disappear (fail)","source":"4c7b51f0dfc957f0.png","type":"image/png","size":84643}],"parameters":[],"shouldDisplayMessage":true,"stepsCount":0,"attachmentsCount":2,"hasContent":true,"attachmentStep":false}],"attachments":[{"uid":"2109ab6172e16f70","name":"Page URL","source":"2109ab6172e16f70.txt","type":"text/plain","size":81},{"uid":"39c6930d3d20be86","name":"Screenshot: Create first project from main page (fail)","source":"39c6930d3d20be86.png","type":"image/png","size":84604}],"parameters":[],"shouldDisplayMessage":true,"stepsCount":6,"attachmentsCount":15,"hasContent":true,"attachmentStep":false}],"attachments":[{"uid":"85ec5b3548939ed","name":"log","source":"85ec5b3548939ed.txt","type":"text/plain","size":41445}],"parameters":[],"shouldDisplayMessage":true,"stepsCount":18,"attachmentsCount":51,"hasContent":true,"attachmentStep":false},"afterStages":[{"name":"add_page_manager::finalizer","time":{"start":1768398305333,"stop":1768398305333,"duration":0},"status":"passed","steps":[],"attachments":[],"parameters":[],"shouldDisplayMessage":false,"stepsCount":0,"attachmentsCount":0,"hasContent":false,"attachmentStep":false},{"name":"setup_cleanup::finalizer","time":{"start":1768398305334,"stop":1768398305334,"duration":0},"status":"passed","steps":[],"attachments":[],"parameters":[],"shouldDisplayMessage":false,"stepsCount":0,"attachmentsCount":0,"hasContent":false,"attachmentStep":false},{"name":"setup_cleanup::finalizer","time":{"start":1768398305334,"stop":1768398308835,"duration":3501},"status":"passed","steps":[{"name":"Post-test cleanup","time":{"start":1768398305334,"stop":1768398308835,"duration":3501},"status":"passed","steps":[{"name":"Delete organisation: regression-org-jyk51m1ug4a3","time":{"start":1768398308238,"stop":1768398308793,"duration":555},"status":"passed","steps":[],"attachments":[],"parameters":[],"shouldDisplayMessage":false,"stepsCount":0,"attachmentsCount":0,"hasContent":false,"attachmentStep":false}],"attachments":[],"parameters":[],"shouldDisplayMessage":false,"stepsCount":1,"attachmentsCount":0,"hasContent":true,"attachmentStep":false}],"attachments":[],"parameters":[],"shouldDisplayMessage":false,"stepsCount":2,"attachmentsCount":0,"hasContent":true,"attachmentStep":false},{"name":"api_helper::finalizer","time":{"start":1768398308836,"stop":1768398308836,"duration":0},"status":"passed","steps":[],"attachments":[],"parameters":[],"shouldDisplayMessage":false,"stepsCount":0,"attachmentsCount":0,"hasContent":false,"attachmentStep":false},{"name":"_function_scoped_runner::0","time":{"start":1768398308837,"stop":1768398308838,"duration":1},"status":"passed","steps":[],"attachments":[],"parameters":[],"shouldDisplayMessage":false,"stepsCount":0,"attachmentsCount":0,"hasContent":false,"attachmentStep":false}],"labels":[{"name":"suite","value":"UI Project Structure Setup"},{"name":"parentSuite","value":"UI Tests"},{"name":"tag","value":"asyncio"},{"name":"subSuite","value":"TestUIProjectStructureSetup"},{"name":"host","value":"runnervmi13qx"},{"name":"thread","value":"3017-MainThread"},{"name":"framework","value":"pytest"},{"name":"language","value":"cpython3"},{"name":"package","value":"tests.test_cases.tests_ui.test_project_structure_setup"},{"name":"resultFormat","value":"allure2"}],"parameters":[],"links":[],"hidden":false,"retry":false,"extra":{"severity":"normal","retries":[{"uid":"77708676e94dbbbc","status":"failed","statusDetails":"AssertionError: [AssertionError] during step: Login via UI\nMessage: [AssertionError] during step: Verify that Welcome new user page displayed\nMessage: Locator expected to be visible\nActual value: None\nError: element(s) not found \nCall log:\n  - Expect \"to_be_visible\" with timeout 5000ms\n  - waiting for locator(\"h3.truncate.text-h3\").filter(has_text=\"Welcome, regression-2hv4v7uoak@apolo.us\")","time":{"start":1768398214980,"stop":1768398236633,"duration":21653}}],"categories":[{"name":"Product defects","matchedStatuses":[],"flaky":false}],"history":{"statistic":{"failed":81,"broken":0,"skipped":0,"passed":84,"unknown":0,"total":165},"items":[{"uid":"daefbea407c7d893","status":"failed","statusDetails":"AssertionError: [AssertionError] during step: Login via UI\nMessage: [AssertionError] during step: Verify that Welcome new user page displayed\nMessage: Locator expected to be visible\nActual value: None\nError: element(s) not found \nCall log:\n  - Expect \"to_be_visible\" with timeout 5000ms\n  - waiting for locator(\"h3.truncate.text-h3\").filter(has_text=\"Welcome, regression-llcnpbw18j@apolo.us\")","time":{"start":1768186184548,"stop":1768186195884,"duration":11336}},{"uid":"fe568ec1fa9b8e73","status":"failed","statusDetails":"AssertionError: [AssertionError] during step: Create first project from main page\nMessage: [TimeoutError] during step: Wait for Create project popup disappear\nMessage: Locator.wait_for: Timeout 60ms exceeded.\nCall log:\n  - waiting for locator(\"h2\").filter(has_text=\"Create Project\") to be detached\n    3 × locator resolved to visible <h2 class=\"p-8 text-h4\">Create Project</h2>\n\nNote: Playwright Timeout. Element not found or action took too long.","time":{"start":1768099224213,"stop":1768099268185,"duration":43972}},{"uid":"388fa28c654d9309","status":"failed","statusDetails":"AssertionError: [AssertionError] during step: Create first project from main page\nMessage: [TimeoutError] during step: Wait for Create project popup disappear\nMessage: Locator.wait_for: Timeout 60ms exceeded.\nCall log:\n  - waiting for locator(\"h2\").filter(has_text=\"Create Project\") to be detached\n    3 × locator resolved to visible <h2 class=\"p-8 text-h4\">Create Project</h2>\n\nNote: Playwright Timeout. Element not found or action took too long.","time":{"start":1768013862341,"stop":1768013904615,"duration":42274}},{"uid":"f1134af188f4f3b7","status":"failed","statusDetails":"AssertionError: [AssertionError] during step: Create first project from main page\nMessage: [TimeoutError] during step: Wait for Create project popup disappear\nMessage: Locator.wait_for: Timeout 60ms exceeded.\nCall log:\n  - waiting for locator(\"h2\").filter(has_text=\"Create Project\") to be detached\n    3 × locator resolved to visible <h2 class=\"p-8 text-h4\">Create Project</h2>\n\nNote: Playwright Timeout. Element not found or action took too long.","time":{"start":1767928426641,"stop":1767928471587,"duration":44946}},{"uid":"36e5ccef504e6a25","status":"failed","statusDetails":"AssertionError: [AssertionError] during step: Create first project from main page\nMessage: [TimeoutError] during step: Wait for Create project popup disappear\nMessage: Locator.wait_for: Timeout 60ms exceeded.\nCall log:\n  - waiting for locator(\"h2\").filter(has_text=\"Create Project\") to be detached\n    3 × locator resolved to visible <h2 class=\"p-8 text-h4\">Create Project</h2>\n\nNote: Playwright Timeout. Element not found or action took too long.","time":{"start":1767842446267,"stop":1767842483344,"duration":37077}},{"uid":"e791099530fa3f34","status":"failed","statusDetails":"AssertionError: [AssertionError] during step: Create first project from main page\nMessage: [TimeoutError] during step: Wait for Create project popup disappear\nMessage: Locator.wait_for: Timeout 60ms exceeded.\nCall log:\n  - waiting for locator(\"h2\").filter(has_text=\"Create Project\") to be detached\n    3 × locator resolved to visible <h2 class=\"p-8 text-h4\">Create Project</h2>\n\nNote: Playwright Timeout. Element not found or action took too long.","time":{"start":1767755788995,"stop":1767755829516,"duration":40521}},{"uid":"817f9e754ad2d24b","status":"failed","statusDetails":"AssertionError: [AssertionError] during step: Create first project from main page\nMessage: [TimeoutError] during step: Wait for Create project popup disappear\nMessage: Locator.wait_for: Timeout 60ms exceeded.\nCall log:\n  - waiting for locator(\"h2\").filter(has_text=\"Create Project\") to be detached\n    3 × locator resolved to visible <h2 class=\"p-8 text-h4\">Create Project</h2>\n\nNote: Playwright Timeout. Element not found or action took too long.","time":{"start":1767668815374,"stop":1767668861874,"duration":46500}},{"uid":"fa59c5894965625a","status":"failed","statusDetails":"AssertionError: [AssertionError] during step: Create first project from main page\nMessage: [TimeoutError] during step: Wait for Create project popup disappear\nMessage: Locator.wait_for: Timeout 60ms exceeded.\nCall log:\n  - waiting for locator(\"h2\").filter(has_text=\"Create Project\") to be detached\n    3 × locator resolved to visible <h2 class=\"p-8 text-h4\">Create Project</h2>\n\nNote: Playwright Timeout. Element not found or action took too long.","time":{"start":1767582272721,"stop":1767582314700,"duration":41979}},{"uid":"793c6e37e2274ff3","status":"failed","statusDetails":"AssertionError: [AssertionError] during step: Login via UI\nMessage: [AssertionError] during step: Verify that Welcome new user page displayed\nMessage: Locator expected to be visible\nActual value: None\nError: element(s) not found \nCall log:\n  - Expect \"to_be_visible\" with timeout 5000ms\n  - waiting for locator(\"h3.truncate.text-h3\").filter(has_text=\"Welcome, regression-mzn1vqkpeo@apolo.us\")","time":{"start":1767494692262,"stop":1767494713640,"duration":21378}},{"uid":"312af830f8587fe9","status":"failed","statusDetails":"AssertionError: [AssertionError] during step: Create first project from main page\nMessage: [TimeoutError] during step: Wait for Create project popup disappear\nMessage: Locator.wait_for: Timeout 60ms exceeded.\nCall log:\n  - waiting for locator(\"h2\").filter(has_text=\"Create Project\") to be detached\n    3 × locator resolved to visible <h2 class=\"p-8 text-h4\">Create Project</h2>\n\nNote: Playwright Timeout. Element not found or action took too long.","time":{"start":1767408265873,"stop":1767408307254,"duration":41381}},{"uid":"3d8d8a13cc489eb5","status":"failed","statusDetails":"AssertionError: [AssertionError] during step: Login via UI\nMessage: [AssertionError] during step: Verify that Welcome new user page displayed\nMessage: Locator expected to be visible\nActual value: None\nError: element(s) not found \nCall log:\n  - Expect \"to_be_visible\" with timeout 5000ms\n  - waiting for locator(\"h3.truncate.text-h3\").filter(has_text=\"Welcome, regression-x9ev1xvtwe@apolo.us\")","time":{"start":1767323116050,"stop":1767323128438,"duration":12388}},{"uid":"289adb63e6a5c79a","status":"failed","statusDetails":"AssertionError: [AssertionError] during step: Login via UI\nMessage: [AssertionError] during step: Verify that Welcome new user page displayed\nMessage: Locator expected to be visible\nActual value: None\nError: element(s) not found \nCall log:\n  - Expect \"to_be_visible\" with timeout 5000ms\n  - waiting for locator(\"h3.truncate.text-h3\").filter(has_text=\"Welcome, regression-idxxqqec7m@apolo.us\")","time":{"start":1767235891538,"stop":1767235903359,"duration":11821}},{"uid":"c5e682ec5a8e9d8d","status":"failed","statusDetails":"AssertionError: [AssertionError] during step: Create first project from main page\nMessage: [TimeoutError] during step: Wait for Create project popup disappear\nMessage: Locator.wait_for: Timeout 60ms exceeded.\nCall log:\n  - waiting for locator(\"h2\").filter(has_text=\"Create Project\") to be detached\n    3 × locator resolved to visible <h2 class=\"p-8 text-h4\">Create Project</h2>\n\nNote: Playwright Timeout. Element not found or action took too long.","time":{"start":1767150244311,"stop":1767150284683,"duration":40372}},{"uid":"188c774dc6184843","status":"failed","statusDetails":"AssertionError: [AssertionError] during step: Create first project from main page\nMessage: [TimeoutError] during step: Wait for Create project popup disappear\nMessage: Locator.wait_for: Timeout 60ms exceeded.\nCall log:\n  - waiting for locator(\"h2\").filter(has_text=\"Create Project\") to be detached\n    3 × locator resolved to visible <h2 class=\"p-8 text-h4\">Create Project</h2>\n\nNote: Playwright Timeout. Element not found or action took too long.","time":{"start":1767064070239,"stop":1767064108984,"duration":38745}},{"uid":"129c7ddfdddff33e","status":"failed","statusDetails":"AssertionError: [AssertionError] during step: Login via UI\nMessage: [AssertionError] during step: Verify that Welcome new user page displayed\nMessage: Locator expected to be visible\nActual value: None\nError: element(s) not found \nCall log:\n  - Expect \"to_be_visible\" with timeout 5000ms\n  - waiting for locator(\"h3.truncate.text-h3\").filter(has_text=\"Welcome, regression-r40o5y6vjf@apolo.us\")","time":{"start":1766975526189,"stop":1766975546688,"duration":20499}},{"uid":"1e24fd05fe8e7f3b","status":"failed","statusDetails":"AssertionError: [AssertionError] during step: Login via UI\nMessage: [AssertionError] during step: Verify that Welcome new user page displayed\nMessage: Locator expected to be visible\nActual value: None\nError: element(s) not found \nCall log:\n  - Expect \"to_be_visible\" with timeout 5000ms\n  - waiting for locator(\"h3.truncate.text-h3\").filter(has_text=\"Welcome, regression-b5yftvoat5@apolo.us\")","time":{"start":1766891094623,"stop":1766891115534,"duration":20911}},{"uid":"648fb9eaa807fa40","status":"failed","statusDetails":"AssertionError: [AssertionError] during step: Login via UI\nMessage: [AssertionError] during step: Verify that Welcome new user page displayed\nMessage: Locator expected to be visible\nActual value: None\nError: element(s) not found \nCall log:\n  - Expect \"to_be_visible\" with timeout 5000ms\n  - waiting for locator(\"h3.truncate.text-h3\").filter(has_text=\"Welcome, regression-f6t6w6ryza@apolo.us\")","time":{"start":1766803555043,"stop":1766803576220,"duration":21177}},{"uid":"764a8317b82ab616","status":"failed","statusDetails":"AssertionError: [AssertionError] during step: Login via UI\nMessage: [AssertionError] during step: Verify that Welcome new user page displayed\nMessage: Locator expected to be visible\nActual value: None\nError: element(s) not found \nCall log:\n  - Expect \"to_be_visible\" with timeout 5000ms\n  - waiting for locator(\"h3.truncate.text-h3\").filter(has_text=\"Welcome, regression-jsyw3wdb3u@apolo.us\")","time":{"start":1766717211587,"stop":1766717232778,"duration":21191}},{"uid":"4438cfa3bb10db6f","status":"failed","statusDetails":"AssertionError: [AssertionError] during step: Login via UI\nMessage: [AssertionError] during step: Verify that Welcome new user page displayed\nMessage: Locator expected to be visible\nActual value: None\nError: element(s) not found \nCall log:\n  - Expect \"to_be_visible\" with timeout 5000ms\n  - waiting for locator(\"h3.truncate.text-h3\").filter(has_text=\"Welcome, regression-t22uc76ajs@apolo.us\")","time":{"start":1766632036829,"stop":1766632049454,"duration":12625}},{"uid":"441b4a6656132794","status":"failed","statusDetails":"AssertionError: [AssertionError] during step: Create first project from main page\nMessage: [TimeoutError] during step: Wait for Create project popup disappear\nMessage: Locator.wait_for: Timeout 60ms exceeded.\nCall log:\n  - waiting for locator(\"h2\").filter(has_text=\"Create Project\") to be detached\n    3 × locator resolved to visible <h2 class=\"p-8 text-h4\">Create Project</h2>\n\nNote: Playwright Timeout. Element not found or action took too long.","time":{"start":1766545038199,"stop":1766545070102,"duration":31903}}]},"tags":["asyncio"]},"source":"ed7fe5fdd162f058.json","parameterValues":[]}