{"uid":"f36057b64e3cccc0","name":"Invite member that NOT in organization to project via UI","fullName":"tests.test_cases.tests_ui.test_project_structure_setup.TestUIProjectStructureSetup#test_invite_not_org_member_to_proj_via_ui","historyId":"a949c0b55d0235a80abfe0157af30788","time":{"start":1768013760656,"stop":1768013797268,"duration":36612},"description":"\n- Login with valid credentials.\n- Create new organization via **API**.\n- Create new project.\n- Signup `second user`.\n- DO NOT invite `second user` to organization.\n\n### Verify that:\n\n- User **cannot** invite to project another user which is **not member of organization**.\n","descriptionHtml":"<div style='line-height:1.6;'><ul>\n<li>Login with valid credentials.</li>\n<li>Create new organization via <strong>API</strong>.</li>\n<li>Create new project.</li>\n<li>Signup <span style='background-color:#D3D3D3; padding:2px 4px; border-radius:3px; font-family:monospace;'>second user</span>.</li>\n<li>DO NOT invite <span style='background-color:#D3D3D3; padding:2px 4px; border-radius:3px; font-family:monospace;'>second user</span> to organization.</li>\n</ul>\n<h3>Verify that:</h3>\n<ul>\n<li>User <strong>cannot</strong> invite to project another user which is <strong>not member of organization</strong>.</li>\n</ul></div>","status":"failed","statusMessage":"AssertionError: [AssertionError] during step: Create first project from main page\nMessage: [TimeoutError] during step: Wait for Create project popup disappear\nMessage: Locator.wait_for: Timeout 60ms exceeded.\nCall log:\n  - waiting for locator(\"h2\").filter(has_text=\"Create Project\") to be detached\n    3 × locator resolved to visible <h2 class=\"p-8 text-h4\">Create Project</h2>\n\nNote: Playwright Timeout. Element not found or action took too long.","statusTrace":"tests/reporting_hooks/reporting.py:49: in wrapper\n    result = await func(*args, **kwargs)\n             ^^^^^^^^^^^^^^^^^^^^^^^^^^^\ntests/test_cases/steps/ui_steps/page_steps_impl/create_proj_popup_steps.py:36: in ui_wait_to_disappear\n    await self._pm.create_proj_popup.wait_to_disappear(org_name=org_name)\ntests/components/ui/pages/create_project_popup.py:83: in wait_to_disappear\n    await self._get_create_proj_title().locator.wait_for(\n.venv/lib/python3.13/site-packages/playwright/async_api/_generated.py:17999: in wait_for\n    await self._impl_obj.wait_for(timeout=timeout, state=state)\n.venv/lib/python3.13/site-packages/playwright/_impl/_locator.py:710: in wait_for\n    await self._frame.wait_for_selector(\n.venv/lib/python3.13/site-packages/playwright/_impl/_frame.py:369: in wait_for_selector\n    await self._channel.send(\n.venv/lib/python3.13/site-packages/playwright/_impl/_connection.py:69: in send\n    return await self._connection.wrap_api_call(\n.venv/lib/python3.13/site-packages/playwright/_impl/_connection.py:559: in wrap_api_call\n    raise rewrite_error(error, f\"{parsed_st['apiName']}: {error}\") from None\nE   playwright._impl._errors.TimeoutError: Locator.wait_for: Timeout 60ms exceeded.\nE   Call log:\nE     - waiting for locator(\"h2\").filter(has_text=\"Create Project\") to be detached\nE       3 × locator resolved to visible <h2 class=\"p-8 text-h4\">Create Project</h2>\n\nThe above exception was the direct cause of the following exception:\ntests/reporting_hooks/reporting.py:49: in wrapper\n    result = await func(*args, **kwargs)\n             ^^^^^^^^^^^^^^^^^^^^^^^^^^^\ntests/test_cases/steps/ui_steps/ui_steps.py:247: in ui_create_first_proj_from_main_page\n    await self.create_proj_popup.ui_wait_to_disappear(org_name=org_name)\ntests/reporting_hooks/reporting.py:58: in wrapper\n    raise AssertionError(formatted_msg) from e\nE   AssertionError: [TimeoutError] during step: Wait for Create project popup disappear\nE   Message: Locator.wait_for: Timeout 60ms exceeded.\nE   Call log:\nE     - waiting for locator(\"h2\").filter(has_text=\"Create Project\") to be detached\nE       3 × locator resolved to visible <h2 class=\"p-8 text-h4\">Create Project</h2>\nE   \nE   Note: Playwright Timeout. Element not found or action took too long.\n\nThe above exception was the direct cause of the following exception:\ntests/test_cases/tests_ui/test_project_structure_setup.py:259: in test_invite_not_org_member_to_proj_via_ui\n    await steps.ui_create_first_proj_from_main_page(\ntests/reporting_hooks/reporting.py:58: in wrapper\n    raise AssertionError(formatted_msg) from e\nE   AssertionError: [AssertionError] during step: Create first project from main page\nE   Message: [TimeoutError] during step: Wait for Create project popup disappear\nE   Message: Locator.wait_for: Timeout 60ms exceeded.\nE   Call log:\nE     - waiting for locator(\"h2\").filter(has_text=\"Create Project\") to be detached\nE       3 × locator resolved to visible <h2 class=\"p-8 text-h4\">Create Project</h2>\nE   \nE   Note: Playwright Timeout. Element not found or action took too long.","flaky":false,"newFailed":false,"newBroken":false,"newPassed":false,"retriesCount":1,"retriesStatusChange":false,"beforeStages":[{"name":"pytestconfig","time":{"start":1768008706900,"stop":1768008706900,"duration":0},"status":"passed","steps":[],"attachments":[],"parameters":[],"shouldDisplayMessage":false,"stepsCount":0,"attachmentsCount":0,"hasContent":false,"attachmentStep":false},{"name":"event_loop_policy","time":{"start":1768008706900,"stop":1768008706900,"duration":0},"status":"passed","steps":[],"attachments":[],"parameters":[],"shouldDisplayMessage":false,"stepsCount":0,"attachmentsCount":0,"hasContent":false,"attachmentStep":false},{"name":"_verify_url","time":{"start":1768008706900,"stop":1768008706900,"duration":0},"status":"passed","steps":[],"attachments":[],"parameters":[],"shouldDisplayMessage":false,"stepsCount":0,"attachmentsCount":0,"hasContent":false,"attachmentStep":false},{"name":"delay_worker_start","time":{"start":1768008706900,"stop":1768008706900,"duration":0},"status":"passed","steps":[],"attachments":[],"parameters":[],"shouldDisplayMessage":false,"stepsCount":0,"attachmentsCount":0,"hasContent":false,"attachmentStep":false},{"name":"delete_output_dir","time":{"start":1768008706900,"stop":1768008706900,"duration":0},"status":"passed","steps":[],"attachments":[],"parameters":[],"shouldDisplayMessage":false,"stepsCount":0,"attachmentsCount":0,"hasContent":false,"attachmentStep":false},{"name":"ensure_storage_directories","time":{"start":1768008706900,"stop":1768008706901,"duration":1},"status":"passed","steps":[],"attachments":[],"parameters":[],"shouldDisplayMessage":false,"stepsCount":0,"attachmentsCount":0,"hasContent":false,"attachmentStep":false},{"name":"base_url","time":{"start":1768008706900,"stop":1768008706900,"duration":0},"status":"passed","steps":[],"attachments":[],"parameters":[],"shouldDisplayMessage":false,"stepsCount":0,"attachmentsCount":0,"hasContent":false,"attachmentStep":false},{"name":"test_config","time":{"start":1768013759911,"stop":1768013759914,"duration":3},"status":"passed","steps":[],"attachments":[],"parameters":[],"shouldDisplayMessage":false,"stepsCount":0,"attachmentsCount":0,"hasContent":false,"attachmentStep":false},{"name":"_function_scoped_runner","time":{"start":1768013759915,"stop":1768013759915,"duration":0},"status":"passed","steps":[],"attachments":[],"parameters":[],"shouldDisplayMessage":false,"stepsCount":0,"attachmentsCount":0,"hasContent":false,"attachmentStep":false},{"name":"page_manager","time":{"start":1768013759915,"stop":1768013760653,"duration":738},"status":"passed","steps":[],"attachments":[],"parameters":[],"shouldDisplayMessage":false,"stepsCount":0,"attachmentsCount":0,"hasContent":false,"attachmentStep":false},{"name":"data_manager","time":{"start":1768013760653,"stop":1768013760653,"duration":0},"status":"passed","steps":[],"attachments":[],"parameters":[],"shouldDisplayMessage":false,"stepsCount":0,"attachmentsCount":0,"hasContent":false,"attachmentStep":false},{"name":"users_manager","time":{"start":1768013760653,"stop":1768013760654,"duration":1},"status":"passed","steps":[],"attachments":[],"parameters":[],"shouldDisplayMessage":false,"stepsCount":0,"attachmentsCount":0,"hasContent":false,"attachmentStep":false},{"name":"setup_cleanup","time":{"start":1768013760654,"stop":1768013760655,"duration":1},"status":"passed","steps":[],"attachments":[],"parameters":[],"shouldDisplayMessage":false,"stepsCount":0,"attachmentsCount":0,"hasContent":false,"attachmentStep":false},{"name":"apolo_cli","time":{"start":1768013760654,"stop":1768013760654,"duration":0},"status":"passed","steps":[],"attachments":[],"parameters":[],"shouldDisplayMessage":false,"stepsCount":0,"attachmentsCount":0,"hasContent":false,"attachmentStep":false},{"name":"api_helper","time":{"start":1768013760654,"stop":1768013760654,"duration":0},"status":"passed","steps":[],"attachments":[],"parameters":[],"shouldDisplayMessage":false,"stepsCount":0,"attachmentsCount":0,"hasContent":false,"attachmentStep":false},{"name":"add_page_manager","time":{"start":1768013760655,"stop":1768013760655,"duration":0},"status":"passed","steps":[],"attachments":[],"parameters":[],"shouldDisplayMessage":false,"stepsCount":0,"attachmentsCount":0,"hasContent":false,"attachmentStep":false},{"name":"_inject_fixtures","time":{"start":1768013760655,"stop":1768013760656,"duration":1},"status":"passed","steps":[],"attachments":[],"parameters":[],"shouldDisplayMessage":false,"stepsCount":0,"attachmentsCount":0,"hasContent":false,"attachmentStep":false},{"name":"setup","time":{"start":1768013760656,"stop":1768013760656,"duration":0},"status":"passed","steps":[],"attachments":[],"parameters":[],"shouldDisplayMessage":false,"stepsCount":0,"attachmentsCount":0,"hasContent":false,"attachmentStep":false}],"testStage":{"description":"\n- Login with valid credentials.\n- Create new organization via **API**.\n- Create new project.\n- Signup `second user`.\n- DO NOT invite `second user` to organization.\n\n### Verify that:\n\n- User **cannot** invite to project another user which is **not member of organization**.\n","descriptionHtml":"<div style='line-height:1.6;'><ul>\n<li>Login with valid credentials.</li>\n<li>Create new organization via <strong>API</strong>.</li>\n<li>Create new project.</li>\n<li>Signup <span style='background-color:#D3D3D3; padding:2px 4px; border-radius:3px; font-family:monospace;'>second user</span>.</li>\n<li>DO NOT invite <span style='background-color:#D3D3D3; padding:2px 4px; border-radius:3px; font-family:monospace;'>second user</span> to organization.</li>\n</ul>\n<h3>Verify that:</h3>\n<ul>\n<li>User <strong>cannot</strong> invite to project another user which is <strong>not member of organization</strong>.</li>\n</ul></div>","status":"failed","statusMessage":"AssertionError: [AssertionError] during step: Create first project from main page\nMessage: [TimeoutError] during step: Wait for Create project popup disappear\nMessage: Locator.wait_for: Timeout 60ms exceeded.\nCall log:\n  - waiting for locator(\"h2\").filter(has_text=\"Create Project\") to be detached\n    3 × locator resolved to visible <h2 class=\"p-8 text-h4\">Create Project</h2>\n\nNote: Playwright Timeout. Element not found or action took too long.","statusTrace":"tests/reporting_hooks/reporting.py:49: in wrapper\n    result = await func(*args, **kwargs)\n             ^^^^^^^^^^^^^^^^^^^^^^^^^^^\ntests/test_cases/steps/ui_steps/page_steps_impl/create_proj_popup_steps.py:36: in ui_wait_to_disappear\n    await self._pm.create_proj_popup.wait_to_disappear(org_name=org_name)\ntests/components/ui/pages/create_project_popup.py:83: in wait_to_disappear\n    await self._get_create_proj_title().locator.wait_for(\n.venv/lib/python3.13/site-packages/playwright/async_api/_generated.py:17999: in wait_for\n    await self._impl_obj.wait_for(timeout=timeout, state=state)\n.venv/lib/python3.13/site-packages/playwright/_impl/_locator.py:710: in wait_for\n    await self._frame.wait_for_selector(\n.venv/lib/python3.13/site-packages/playwright/_impl/_frame.py:369: in wait_for_selector\n    await self._channel.send(\n.venv/lib/python3.13/site-packages/playwright/_impl/_connection.py:69: in send\n    return await self._connection.wrap_api_call(\n.venv/lib/python3.13/site-packages/playwright/_impl/_connection.py:559: in wrap_api_call\n    raise rewrite_error(error, f\"{parsed_st['apiName']}: {error}\") from None\nE   playwright._impl._errors.TimeoutError: Locator.wait_for: Timeout 60ms exceeded.\nE   Call log:\nE     - waiting for locator(\"h2\").filter(has_text=\"Create Project\") to be detached\nE       3 × locator resolved to visible <h2 class=\"p-8 text-h4\">Create Project</h2>\n\nThe above exception was the direct cause of the following exception:\ntests/reporting_hooks/reporting.py:49: in wrapper\n    result = await func(*args, **kwargs)\n             ^^^^^^^^^^^^^^^^^^^^^^^^^^^\ntests/test_cases/steps/ui_steps/ui_steps.py:247: in ui_create_first_proj_from_main_page\n    await self.create_proj_popup.ui_wait_to_disappear(org_name=org_name)\ntests/reporting_hooks/reporting.py:58: in wrapper\n    raise AssertionError(formatted_msg) from e\nE   AssertionError: [TimeoutError] during step: Wait for Create project popup disappear\nE   Message: Locator.wait_for: Timeout 60ms exceeded.\nE   Call log:\nE     - waiting for locator(\"h2\").filter(has_text=\"Create Project\") to be detached\nE       3 × locator resolved to visible <h2 class=\"p-8 text-h4\">Create Project</h2>\nE   \nE   Note: Playwright Timeout. Element not found or action took too long.\n\nThe above exception was the direct cause of the following exception:\ntests/test_cases/tests_ui/test_project_structure_setup.py:259: in test_invite_not_org_member_to_proj_via_ui\n    await steps.ui_create_first_proj_from_main_page(\ntests/reporting_hooks/reporting.py:58: in wrapper\n    raise AssertionError(formatted_msg) from e\nE   AssertionError: [AssertionError] during step: Create first project from main page\nE   Message: [TimeoutError] during step: Wait for Create project popup disappear\nE   Message: Locator.wait_for: Timeout 60ms exceeded.\nE   Call log:\nE     - waiting for locator(\"h2\").filter(has_text=\"Create Project\") to be detached\nE       3 × locator resolved to visible <h2 class=\"p-8 text-h4\">Create Project</h2>\nE   \nE   Note: Playwright Timeout. Element not found or action took too long.","steps":[{"name":"Login via UI","time":{"start":1768013760657,"stop":1768013776906,"duration":16249},"status":"passed","steps":[{"name":"Verify that Auth page displayed","time":{"start":1768013760657,"stop":1768013761744,"duration":1087},"status":"passed","steps":[],"attachments":[{"uid":"db62d303eec8e808","name":"Page URL","source":"db62d303eec8e808.txt","type":"text/plain","size":29},{"uid":"68dcdb95495d62a3","name":"HTTP 200 - GET config","source":"68dcdb95495d62a3.txt","type":"text/plain","size":673},{"uid":"87fe4ceb621ab08c","name":"Screenshot: Verify that Auth page displayed (success)","source":"87fe4ceb621ab08c.png","type":"image/png","size":88563}],"parameters":[],"shouldDisplayMessage":false,"stepsCount":0,"attachmentsCount":3,"hasContent":true,"attachmentStep":false},{"name":"Click login button","time":{"start":1768013761744,"stop":1768013762804,"duration":1060},"status":"passed","steps":[],"attachments":[{"uid":"ca7567848224adc2","name":"Page URL","source":"ca7567848224adc2.txt","type":"text/plain","size":33},{"uid":"a71e8267f9e31b34","name":"Screenshot: Click login button (success)","source":"a71e8267f9e31b34.png","type":"image/png","size":41524}],"parameters":[],"shouldDisplayMessage":false,"stepsCount":0,"attachmentsCount":2,"hasContent":true,"attachmentStep":false},{"name":"Verify that Login page displayed","time":{"start":1768013762804,"stop":1768013762903,"duration":99},"status":"passed","steps":[],"attachments":[{"uid":"196403ec223f06b5","name":"Page URL","source":"196403ec223f06b5.txt","type":"text/plain","size":215},{"uid":"c3ca178d74a7c768","name":"Screenshot: Verify that Login page displayed (success)","source":"c3ca178d74a7c768.png","type":"image/png","size":41637}],"parameters":[],"shouldDisplayMessage":false,"stepsCount":0,"attachmentsCount":2,"hasContent":true,"attachmentStep":false},{"name":"Enter email","time":{"start":1768013762903,"stop":1768013763222,"duration":319},"status":"passed","steps":[],"attachments":[{"uid":"8084b04682e33e9d","name":"Page URL","source":"8084b04682e33e9d.txt","type":"text/plain","size":215},{"uid":"c94e254a8c744a67","name":"Screenshot: Enter email (success)","source":"c94e254a8c744a67.png","type":"image/png","size":45893}],"parameters":[],"shouldDisplayMessage":false,"stepsCount":0,"attachmentsCount":2,"hasContent":true,"attachmentStep":false},{"name":"Enter password","time":{"start":1768013763222,"stop":1768013763540,"duration":318},"status":"passed","steps":[],"attachments":[{"uid":"31c0a16bf0a3437c","name":"Page URL","source":"31c0a16bf0a3437c.txt","type":"text/plain","size":215},{"uid":"e57019dd7de186f9","name":"Screenshot: Enter password (success)","source":"e57019dd7de186f9.png","type":"image/png","size":46029}],"parameters":[],"shouldDisplayMessage":false,"stepsCount":0,"attachmentsCount":2,"hasContent":true,"attachmentStep":false},{"name":"Click Continue button","time":{"start":1768013763541,"stop":1768013775729,"duration":12188},"status":"passed","steps":[],"attachments":[{"uid":"6a271afc4b4434bd","name":"Page URL","source":"6a271afc4b4434bd.txt","type":"text/plain","size":215},{"uid":"61b7d4f7285a780","name":"HTTP 200 - GET config","source":"61b7d4f7285a780.txt","type":"text/plain","size":832},{"uid":"5f7d440f1a6592d6","name":"HTTP 200 - GET incoming","source":"5f7d440f1a6592d6.txt","type":"text/plain","size":156},{"uid":"33d759cde0ea753f","name":"HTTP 200 - GET permissions?uri=blob:","source":"33d759cde0ea753f.txt","type":"text/plain","size":182},{"uid":"1eae26db02b7bcae","name":"HTTP 200 - GET regression-ts9cx4c1tv?include=clusters&include=system_role","source":"1eae26db02b7bcae.txt","type":"text/plain","size":407},{"uid":"55b3136f2773281","name":"HTTP 200 - GET regression-ts9cx4c1tv?include=orgs","source":"55b3136f2773281.txt","type":"text/plain","size":379},{"uid":"ea7260a85dedd953","name":"Screenshot: Click Continue button (success)","source":"ea7260a85dedd953.png","type":"image/png","size":160257}],"parameters":[],"shouldDisplayMessage":false,"stepsCount":0,"attachmentsCount":7,"hasContent":true,"attachmentStep":false},{"name":"Verify that Welcome new user page displayed","time":{"start":1768013775737,"stop":1768013776828,"duration":1091},"status":"passed","steps":[],"attachments":[{"uid":"27b6ed32030cca53","name":"Page URL","source":"27b6ed32030cca53.txt","type":"text/plain","size":44},{"uid":"fe0e37776c40eba6","name":"Screenshot: Verify that Welcome new user page displayed (success)","source":"fe0e37776c40eba6.png","type":"image/png","size":160257}],"parameters":[],"shouldDisplayMessage":false,"stepsCount":0,"attachmentsCount":2,"hasContent":true,"attachmentStep":false}],"attachments":[{"uid":"3814ca1687d9f60c","name":"Page URL","source":"3814ca1687d9f60c.txt","type":"text/plain","size":29},{"uid":"8a6cd1d8725b1438","name":"Screenshot: Login via UI (success)","source":"8a6cd1d8725b1438.png","type":"image/png","size":160257}],"parameters":[],"shouldDisplayMessage":false,"stepsCount":7,"attachmentsCount":22,"hasContent":true,"attachmentStep":false},{"name":"Add organization via API and reload page","time":{"start":1768013776907,"stop":1768013794640,"duration":17733},"status":"passed","steps":[{"name":"Reload page","time":{"start":1768013793710,"stop":1768013794574,"duration":864},"status":"passed","steps":[{"name":"Reload page","time":{"start":1768013793710,"stop":1768013794511,"duration":801},"status":"passed","steps":[],"attachments":[{"uid":"9a447e88e14c0df7","name":"Page URL","source":"9a447e88e14c0df7.txt","type":"text/plain","size":44},{"uid":"201602a75b3c5223","name":"HTTP 200 - GET config","source":"201602a75b3c5223.txt","type":"text/plain","size":2137},{"uid":"45f2b113463788b2","name":"HTTP 200 - GET incoming","source":"45f2b113463788b2.txt","type":"text/plain","size":156},{"uid":"69263ba4be1dfbfc","name":"HTTP 200 - GET permissions?uri=blob:","source":"69263ba4be1dfbfc.txt","type":"text/plain","size":255},{"uid":"94cf570a0aba25c1","name":"HTTP 200 - GET regression-ts9cx4c1tv?include=orgs","source":"94cf570a0aba25c1.txt","type":"text/plain","size":474},{"uid":"2f8949ab344ce91d","name":"HTTP 200 - GET regression-org-fyb03kmyi9ab","source":"2f8949ab344ce91d.txt","type":"text/plain","size":444},{"uid":"a289e77b30f76e7e","name":"HTTP 200 - GET regression-ts9cx4c1tv?include=clusters&include=system_role","source":"a289e77b30f76e7e.txt","type":"text/plain","size":529},{"uid":"4cac37bfcb51b1f","name":"HTTP 200 - GET tags","source":"4cac37bfcb51b1f.txt","type":"text/plain","size":948},{"uid":"6c1eae9b23553825","name":"Screenshot: Reload page (success)","source":"6c1eae9b23553825.png","type":"image/png","size":59064}],"parameters":[],"shouldDisplayMessage":false,"stepsCount":0,"attachmentsCount":9,"hasContent":true,"attachmentStep":false}],"attachments":[{"uid":"3325a3b7696b1919","name":"Page URL","source":"3325a3b7696b1919.txt","type":"text/plain","size":44},{"uid":"332b2c5b67ccf152","name":"Screenshot: Reload page (success)","source":"332b2c5b67ccf152.png","type":"image/png","size":59064}],"parameters":[],"shouldDisplayMessage":false,"stepsCount":1,"attachmentsCount":11,"hasContent":true,"attachmentStep":false}],"attachments":[{"uid":"181c8dd2c3be2e49","name":"Page URL","source":"181c8dd2c3be2e49.txt","type":"text/plain","size":44},{"uid":"189b71fd1af92385","name":"Screenshot: Add organization via API and reload page (success)","source":"189b71fd1af92385.png","type":"image/png","size":59064}],"parameters":[],"shouldDisplayMessage":false,"stepsCount":2,"attachmentsCount":13,"hasContent":true,"attachmentStep":false},{"name":"Create first project from main page","time":{"start":1768013794641,"stop":1768013797267,"duration":2626},"status":"failed","statusMessage":"AssertionError: [AssertionError] during step: Create first project from main page\nMessage: [TimeoutError] during step: Wait for Create project popup disappear\nMessage: Locator.wait_for: Timeout 60ms exceeded.\nCall log:\n  - waiting for locator(\"h2\").filter(has_text=\"Create Project\") to be detached\n    3 × locator resolved to visible <h2 class=\"p-8 text-h4\">Create Project</h2>\n\nNote: Playwright Timeout. Element not found or action took too long.\n","statusTrace":"  File \"/home/runner/work/apolo-test-automation/apolo-test-automation/tests/reporting_hooks/reporting.py\", line 58, in wrapper\n    raise AssertionError(formatted_msg) from e\n","steps":[{"name":"Click Create project button on the main page","time":{"start":1768013794641,"stop":1768013795604,"duration":963},"status":"passed","steps":[],"attachments":[{"uid":"b2be3895b4ddd44c","name":"Page URL","source":"b2be3895b4ddd44c.txt","type":"text/plain","size":81},{"uid":"74aaf32d0e11f0d2","name":"Screenshot: Click Create project button on the main page (success)","source":"74aaf32d0e11f0d2.png","type":"image/png","size":80039}],"parameters":[],"shouldDisplayMessage":false,"stepsCount":0,"attachmentsCount":2,"hasContent":true,"attachmentStep":false},{"name":"Verify Create project popup displayed","time":{"start":1768013795605,"stop":1768013795714,"duration":109},"status":"passed","steps":[],"attachments":[{"uid":"5d1c9c1b6a4fbf5e","name":"Page URL","source":"5d1c9c1b6a4fbf5e.txt","type":"text/plain","size":81},{"uid":"d8d20fb8d6ac9d99","name":"Screenshot: Verify Create project popup displayed (success)","source":"d8d20fb8d6ac9d99.png","type":"image/png","size":80043}],"parameters":[],"shouldDisplayMessage":false,"stepsCount":0,"attachmentsCount":2,"hasContent":true,"attachmentStep":false},{"name":"Enter project name","time":{"start":1768013795714,"stop":1768013796033,"duration":319},"status":"passed","steps":[],"attachments":[{"uid":"188642f03d76c03","name":"Page URL","source":"188642f03d76c03.txt","type":"text/plain","size":81},{"uid":"9ffa10a2766f5ba1","name":"Screenshot: Enter project name (success)","source":"9ffa10a2766f5ba1.png","type":"image/png","size":83362}],"parameters":[],"shouldDisplayMessage":false,"stepsCount":0,"attachmentsCount":2,"hasContent":true,"attachmentStep":false},{"name":"Select user role","time":{"start":1768013796033,"stop":1768013796116,"duration":83},"status":"passed","steps":[],"attachments":[{"uid":"4b4b20e439ce2259","name":"Page URL","source":"4b4b20e439ce2259.txt","type":"text/plain","size":81},{"uid":"2d37a8372a9a6c65","name":"Screenshot: Select user role (success)","source":"2d37a8372a9a6c65.png","type":"image/png","size":83355}],"parameters":[],"shouldDisplayMessage":false,"stepsCount":0,"attachmentsCount":2,"hasContent":true,"attachmentStep":false},{"name":"Click Create button","time":{"start":1768013796116,"stop":1768013797050,"duration":934},"status":"passed","steps":[],"attachments":[{"uid":"8b3f8aa862da7add","name":"Page URL","source":"8b3f8aa862da7add.txt","type":"text/plain","size":81},{"uid":"f12ebb267c9e3cf4","name":"HTTP 404 - GET regression-proj-3o5ziofvoc","source":"f12ebb267c9e3cf4.txt","type":"text/plain","size":340},{"uid":"2e52f22abd6e73e5","name":"Screenshot: Click Create button (success)","source":"2e52f22abd6e73e5.png","type":"image/png","size":82291}],"parameters":[],"shouldDisplayMessage":false,"stepsCount":0,"attachmentsCount":3,"hasContent":true,"attachmentStep":false},{"name":"Wait for Create project popup disappear","time":{"start":1768013797050,"stop":1768013797182,"duration":132},"status":"failed","statusMessage":"AssertionError: [TimeoutError] during step: Wait for Create project popup disappear\nMessage: Locator.wait_for: Timeout 60ms exceeded.\nCall log:\n  - waiting for locator(\"h2\").filter(has_text=\"Create Project\") to be detached\n    3 × locator resolved to visible <h2 class=\"p-8 text-h4\">Create Project</h2>\n\nNote: Playwright Timeout. Element not found or action took too long.\n","statusTrace":"  File \"/home/runner/work/apolo-test-automation/apolo-test-automation/tests/reporting_hooks/reporting.py\", line 58, in wrapper\n    raise AssertionError(formatted_msg) from e\n","steps":[],"attachments":[{"uid":"c6ab7bb4a6e799e1","name":"Page URL","source":"c6ab7bb4a6e799e1.txt","type":"text/plain","size":81},{"uid":"451cb20b61848559","name":"Screenshot: Wait for Create project popup disappear (fail)","source":"451cb20b61848559.png","type":"image/png","size":82274}],"parameters":[],"shouldDisplayMessage":true,"stepsCount":0,"attachmentsCount":2,"hasContent":true,"attachmentStep":false}],"attachments":[{"uid":"62910da0fd78af8d","name":"Page URL","source":"62910da0fd78af8d.txt","type":"text/plain","size":81},{"uid":"8e2ddf48734122fb","name":"Screenshot: Create first project from main page (fail)","source":"8e2ddf48734122fb.png","type":"image/png","size":82223}],"parameters":[],"shouldDisplayMessage":true,"stepsCount":6,"attachmentsCount":15,"hasContent":true,"attachmentStep":false}],"attachments":[{"uid":"b7364c6630929ec1","name":"log","source":"b7364c6630929ec1.txt","type":"text/plain","size":41507}],"parameters":[],"shouldDisplayMessage":true,"stepsCount":18,"attachmentsCount":51,"hasContent":true,"attachmentStep":false},"afterStages":[{"name":"add_page_manager::finalizer","time":{"start":1768013797431,"stop":1768013797431,"duration":0},"status":"passed","steps":[],"attachments":[],"parameters":[],"shouldDisplayMessage":false,"stepsCount":0,"attachmentsCount":0,"hasContent":false,"attachmentStep":false},{"name":"setup_cleanup::finalizer","time":{"start":1768013797431,"stop":1768013797431,"duration":0},"status":"passed","steps":[],"attachments":[],"parameters":[],"shouldDisplayMessage":false,"stepsCount":0,"attachmentsCount":0,"hasContent":false,"attachmentStep":false},{"name":"setup_cleanup::finalizer","time":{"start":1768013797431,"stop":1768013803110,"duration":5679},"status":"passed","steps":[{"name":"Post-test cleanup","time":{"start":1768013797431,"stop":1768013803110,"duration":5679},"status":"passed","steps":[{"name":"Delete organisation: regression-org-fyb03kmyi9ab","time":{"start":1768013800946,"stop":1768013803064,"duration":2118},"status":"passed","steps":[],"attachments":[],"parameters":[],"shouldDisplayMessage":false,"stepsCount":0,"attachmentsCount":0,"hasContent":false,"attachmentStep":false}],"attachments":[],"parameters":[],"shouldDisplayMessage":false,"stepsCount":1,"attachmentsCount":0,"hasContent":true,"attachmentStep":false}],"attachments":[],"parameters":[],"shouldDisplayMessage":false,"stepsCount":2,"attachmentsCount":0,"hasContent":true,"attachmentStep":false},{"name":"api_helper::finalizer","time":{"start":1768013803110,"stop":1768013803111,"duration":1},"status":"passed","steps":[],"attachments":[],"parameters":[],"shouldDisplayMessage":false,"stepsCount":0,"attachmentsCount":0,"hasContent":false,"attachmentStep":false},{"name":"_function_scoped_runner::0","time":{"start":1768013803112,"stop":1768013803112,"duration":0},"status":"passed","steps":[],"attachments":[],"parameters":[],"shouldDisplayMessage":false,"stepsCount":0,"attachmentsCount":0,"hasContent":false,"attachmentStep":false}],"labels":[{"name":"parentSuite","value":"UI Tests"},{"name":"suite","value":"UI Project Structure Setup"},{"name":"tag","value":"asyncio"},{"name":"subSuite","value":"TestUIProjectStructureSetup"},{"name":"host","value":"runnervmi13qx"},{"name":"thread","value":"2987-MainThread"},{"name":"framework","value":"pytest"},{"name":"language","value":"cpython3"},{"name":"package","value":"tests.test_cases.tests_ui.test_project_structure_setup"},{"name":"resultFormat","value":"allure2"}],"parameters":[],"links":[],"hidden":false,"retry":false,"extra":{"severity":"normal","retries":[{"uid":"97f5132a0613012e","status":"failed","statusDetails":"AssertionError: [AssertionError] during step: Login via UI\nMessage: [AssertionError] during step: Verify that Welcome new user page displayed\nMessage: Locator expected to be visible\nActual value: None\nError: element(s) not found \nCall log:\n  - Expect \"to_be_visible\" with timeout 5000ms\n  - waiting for locator(\"h3.truncate.text-h3\").filter(has_text=\"Welcome, regression-ts9cx4c1tv@apolo.us\")","time":{"start":1768013731693,"stop":1768013743230,"duration":11537}}],"categories":[{"name":"Product defects","matchedStatuses":[],"flaky":false}],"history":{"statistic":{"failed":79,"broken":0,"skipped":0,"passed":83,"unknown":0,"total":162},"items":[{"uid":"902254500460121c","status":"failed","statusDetails":"AssertionError: [AssertionError] during step: Create first project from main page\nMessage: [TimeoutError] during step: Wait for Create project popup disappear\nMessage: Locator.wait_for: Timeout 60ms exceeded.\nCall log:\n  - waiting for locator(\"h2\").filter(has_text=\"Create Project\") to be detached\n    3 × locator resolved to visible <h2 class=\"p-8 text-h4\">Create Project</h2>\n\nNote: Playwright Timeout. Element not found or action took too long.","time":{"start":1767928348504,"stop":1767928394507,"duration":46003}},{"uid":"aaed48e0a1610468","status":"failed","statusDetails":"AssertionError: [AssertionError] during step: Create first project from main page\nMessage: [TimeoutError] during step: Wait for Create project popup disappear\nMessage: Locator.wait_for: Timeout 60ms exceeded.\nCall log:\n  - waiting for locator(\"h2\").filter(has_text=\"Create Project\") to be detached\n    3 × locator resolved to visible <h2 class=\"p-8 text-h4\">Create Project</h2>\n\nNote: Playwright Timeout. Element not found or action took too long.","time":{"start":1767842333770,"stop":1767842380835,"duration":47065}},{"uid":"84de4456f67d3819","status":"failed","statusDetails":"AssertionError: [AssertionError] during step: Create first project from main page\nMessage: [TimeoutError] during step: Wait for Create project popup disappear\nMessage: Locator.wait_for: Timeout 60ms exceeded.\nCall log:\n  - waiting for locator(\"h2\").filter(has_text=\"Create Project\") to be detached\n    3 × locator resolved to visible <h2 class=\"p-8 text-h4\">Create Project</h2>\n\nNote: Playwright Timeout. Element not found or action took too long.","time":{"start":1767755721359,"stop":1767755751648,"duration":30289}},{"uid":"252f6e270b81a086","status":"failed","statusDetails":"AssertionError: [AssertionError] during step: Create first project from main page\nMessage: [TimeoutError] during step: Wait for Create project popup disappear\nMessage: Locator.wait_for: Timeout 60ms exceeded.\nCall log:\n  - waiting for locator(\"h2\").filter(has_text=\"Create Project\") to be detached\n    3 × locator resolved to visible <h2 class=\"p-8 text-h4\">Create Project</h2>\n\nNote: Playwright Timeout. Element not found or action took too long.","time":{"start":1767668722169,"stop":1767668777961,"duration":55792}},{"uid":"6709f3c8578759d","status":"failed","statusDetails":"AssertionError: [AssertionError] during step: Create first project from main page\nMessage: [TimeoutError] during step: Wait for Create project popup disappear\nMessage: Locator.wait_for: Timeout 60ms exceeded.\nCall log:\n  - waiting for locator(\"h2\").filter(has_text=\"Create Project\") to be detached\n    3 × locator resolved to visible <h2 class=\"p-8 text-h4\">Create Project</h2>\n\nNote: Playwright Timeout. Element not found or action took too long.","time":{"start":1767582168149,"stop":1767582231653,"duration":63504}},{"uid":"1f796a8bd3e6c41c","status":"failed","statusDetails":"AssertionError: [AssertionError] during step: Login via UI\nMessage: [AssertionError] during step: Verify that Welcome new user page displayed\nMessage: Locator expected to be visible\nActual value: None\nError: element(s) not found \nCall log:\n  - Expect \"to_be_visible\" with timeout 5000ms\n  - waiting for locator(\"h3.truncate.text-h3\").filter(has_text=\"Welcome, regression-mzn1vqkpeo@apolo.us\")","time":{"start":1767494609383,"stop":1767494630177,"duration":20794}},{"uid":"f5a1d4044bc91766","status":"failed","statusDetails":"AssertionError: [AssertionError] during step: Create first project from main page\nMessage: [TimeoutError] during step: Wait for Create project popup disappear\nMessage: Locator.wait_for: Timeout 60ms exceeded.\nCall log:\n  - waiting for locator(\"h2\").filter(has_text=\"Create Project\") to be detached\n    3 × locator resolved to visible <h2 class=\"p-8 text-h4\">Create Project</h2>\n\nNote: Playwright Timeout. Element not found or action took too long.","time":{"start":1767408159404,"stop":1767408190009,"duration":30605}},{"uid":"8cc9c0720fff553b","status":"failed","statusDetails":"AssertionError: [AssertionError] during step: Login via UI\nMessage: [AssertionError] during step: Verify that Welcome new user page displayed\nMessage: Locator expected to be visible\nActual value: None\nError: element(s) not found \nCall log:\n  - Expect \"to_be_visible\" with timeout 5000ms\n  - waiting for locator(\"h3.truncate.text-h3\").filter(has_text=\"Welcome, regression-x9ev1xvtwe@apolo.us\")","time":{"start":1767323008175,"stop":1767323019657,"duration":11482}},{"uid":"f9b749cd9f91634","status":"failed","statusDetails":"AssertionError: [AssertionError] during step: Login via UI\nMessage: [AssertionError] during step: Verify that Welcome new user page displayed\nMessage: Locator expected to be visible\nActual value: None\nError: element(s) not found \nCall log:\n  - Expect \"to_be_visible\" with timeout 5000ms\n  - waiting for locator(\"h3.truncate.text-h3\").filter(has_text=\"Welcome, regression-idxxqqec7m@apolo.us\")","time":{"start":1767235800584,"stop":1767235815779,"duration":15195}},{"uid":"91d3f922c6a0aba5","status":"failed","statusDetails":"AssertionError: [AssertionError] during step: Create first project from main page\nMessage: [TimeoutError] during step: Wait for Create project popup disappear\nMessage: Locator.wait_for: Timeout 60ms exceeded.\nCall log:\n  - waiting for locator(\"h2\").filter(has_text=\"Create Project\") to be detached\n    3 × locator resolved to visible <h2 class=\"p-8 text-h4\">Create Project</h2>\n\nNote: Playwright Timeout. Element not found or action took too long.","time":{"start":1767150148320,"stop":1767150207449,"duration":59129}},{"uid":"2a43227eb1e0503c","status":"failed","statusDetails":"AssertionError: [AssertionError] during step: Create first project from main page\nMessage: [TimeoutError] during step: Wait for Create project popup disappear\nMessage: Locator.wait_for: Timeout 60ms exceeded.\nCall log:\n  - waiting for locator(\"h2\").filter(has_text=\"Create Project\") to be detached\n    3 × locator resolved to visible <h2 class=\"p-8 text-h4\">Create Project</h2>\n\nNote: Playwright Timeout. Element not found or action took too long.","time":{"start":1767063955726,"stop":1767063993961,"duration":38235}},{"uid":"571ad95e505c044f","status":"failed","statusDetails":"AssertionError: [AssertionError] during step: Login via UI\nMessage: [AssertionError] during step: Verify that Welcome new user page displayed\nMessage: Locator expected to be visible\nActual value: None\nError: element(s) not found \nCall log:\n  - Expect \"to_be_visible\" with timeout 5000ms\n  - waiting for locator(\"h3.truncate.text-h3\").filter(has_text=\"Welcome, regression-r40o5y6vjf@apolo.us\")","time":{"start":1766975448476,"stop":1766975469394,"duration":20918}},{"uid":"82ef98699ac9738a","status":"failed","statusDetails":"AssertionError: [AssertionError] during step: Login via UI\nMessage: [AssertionError] during step: Verify that Welcome new user page displayed\nMessage: Locator expected to be visible\nActual value: None\nError: element(s) not found \nCall log:\n  - Expect \"to_be_visible\" with timeout 5000ms\n  - waiting for locator(\"h3.truncate.text-h3\").filter(has_text=\"Welcome, regression-b5yftvoat5@apolo.us\")","time":{"start":1766891024190,"stop":1766891035371,"duration":11181}},{"uid":"a7357bd301fe743d","status":"failed","statusDetails":"AssertionError: [AssertionError] during step: Create first project from main page\nMessage: [TimeoutError] during step: Wait for Create project popup disappear\nMessage: Locator.wait_for: Timeout 60ms exceeded.\nCall log:\n  - waiting for locator(\"h2\").filter(has_text=\"Create Project\") to be detached\n    3 × locator resolved to visible <h2 class=\"p-8 text-h4\">Create Project</h2>\n\nNote: Playwright Timeout. Element not found or action took too long.","time":{"start":1766803433639,"stop":1766803478165,"duration":44526}},{"uid":"2daf0a68431bbb3a","status":"failed","statusDetails":"AssertionError: [AssertionError] during step: Create first project from main page\nMessage: [TimeoutError] during step: Wait for Create project popup disappear\nMessage: Locator.wait_for: Timeout 60ms exceeded.\nCall log:\n  - waiting for locator(\"h2\").filter(has_text=\"Create Project\") to be detached\n    3 × locator resolved to visible <h2 class=\"p-8 text-h4\">Create Project</h2>\n\nNote: Playwright Timeout. Element not found or action took too long.","time":{"start":1766717110539,"stop":1766717140790,"duration":30251}},{"uid":"804c7dbc38b41d8e","status":"failed","statusDetails":"AssertionError: [AssertionError] during step: Login via UI\nMessage: [AssertionError] during step: Verify that Welcome new user page displayed\nMessage: Locator expected to be visible\nActual value: None\nError: element(s) not found \nCall log:\n  - Expect \"to_be_visible\" with timeout 5000ms\n  - waiting for locator(\"h3.truncate.text-h3\").filter(has_text=\"Welcome, regression-t22uc76ajs@apolo.us\")","time":{"start":1766631964410,"stop":1766631975690,"duration":11280}},{"uid":"4c5f747efd13a225","status":"failed","statusDetails":"AssertionError: [AssertionError] during step: Create first project from main page\nMessage: [TimeoutError] during step: Wait for Create project popup disappear\nMessage: Locator.wait_for: Timeout 60ms exceeded.\nCall log:\n  - waiting for locator(\"h2\").filter(has_text=\"Create Project\") to be detached\n    3 × locator resolved to visible <h2 class=\"p-8 text-h4\">Create Project</h2>\n\nNote: Playwright Timeout. Element not found or action took too long.","time":{"start":1766544950877,"stop":1766544994939,"duration":44062}},{"uid":"df0ca6c7e0dee183","status":"failed","statusDetails":"AssertionError: [AssertionError] during step: Login via UI\nMessage: [AssertionError] during step: Verify that Welcome new user page displayed\nMessage: Locator expected to be visible\nActual value: None\nError: element(s) not found \nCall log:\n  - Expect \"to_be_visible\" with timeout 5000ms\n  - waiting for locator(\"h3.truncate.text-h3\").filter(has_text=\"Welcome, regression-trrrz1m7hj@apolo.us\")","time":{"start":1766457429267,"stop":1766457444583,"duration":15316}},{"uid":"5d61f945d54b0819","status":"failed","statusDetails":"AssertionError: [AssertionError] during step: Create first project from main page\nMessage: [TimeoutError] during step: Wait for Create project popup disappear\nMessage: Locator.wait_for: Timeout 60ms exceeded.\nCall log:\n  - waiting for locator(\"h2\").filter(has_text=\"Create Project\") to be detached\n    3 × locator resolved to visible <h2 class=\"p-8 text-h4\">Create Project</h2>\n\nNote: Playwright Timeout. Element not found or action took too long.","time":{"start":1766371264642,"stop":1766371294679,"duration":30037}},{"uid":"3a3884fabe01c7fe","status":"failed","statusDetails":"AssertionError: [AssertionError] during step: Login via UI\nMessage: [AssertionError] during step: Verify that Welcome new user page displayed\nMessage: Locator expected to be visible\nActual value: None\nError: element(s) not found \nCall log:\n  - Expect \"to_be_visible\" with timeout 5000ms\n  - waiting for locator(\"h3.truncate.text-h3\").filter(has_text=\"Welcome, regression-hvnh54wnf0@apolo.us\")","time":{"start":1766285477973,"stop":1766285499488,"duration":21515}}]},"tags":["asyncio"]},"source":"f36057b64e3cccc0.json","parameterValues":[]}