{"uid":"faa4f5622f7c6f17","name":"Verify app output endpoints schema via API","fullName":"tests.test_cases.tests_e2e.test_deep_seek_app.TestE2EDeepSeekApp#test_app_output_api_schema_via_api","historyId":"28f0d90dffdbfdaa28f26595a1b0bc12","time":{"start":1758505669170,"stop":1758505679345,"duration":10175},"description":"\n### Pre-conditions:\n- DeepSeek app installed.\n\n### Steps:\n- Login with valid credentials.\n- Call `output` API.\n\n### Verify that:\n\n- API endpoints data matching expected json schema.\n","descriptionHtml":"<div style='line-height:1.6;'><h3>Pre-conditions:</h3>\n<ul>\n<li>DeepSeek app installed.</li>\n</ul>\n<h3>Steps:</h3>\n<ul>\n<li>Login with valid credentials.</li>\n<li>Call <span style='background-color:#D3D3D3; padding:2px 4px; border-radius:3px; font-family:monospace;'>output</span> API.</li>\n</ul>\n<h3>Verify that:</h3>\n<ul>\n<li>API endpoints data matching expected json schema.</li>\n</ul></div>","status":"failed","statusMessage":"AssertionError: [AssertionError] during step: Verify output endpoints schema via API\nMessage: <unknown at 0> validation error: Additional properties are not allowed ('__type__' was unexpected);\n <unknown at 1> validation error: Additional properties are not allowed ('__type__' was unexpected);\n <unknown at 2> validation error: Additional properties are not allowed ('__type__' was unexpected);\n <unknown at 3> validation error: Additional properties are not allowed ('__type__' was unexpected)","statusTrace":"tests/reporting_hooks/reporting.py:49: in wrapper\n    result = await func(*args, **kwargs)\n             ^^^^^^^^^^^^^^^^^^^^^^^^^^^\ntests/test_cases/steps/api_steps/api_steps.py:228: in verify_output_endpoints_schema_api\n    assert result, error_message\n           ^^^^^^\nE   AssertionError: <unknown at 0> validation error: Additional properties are not allowed ('__type__' was unexpected);\nE    <unknown at 1> validation error: Additional properties are not allowed ('__type__' was unexpected);\nE    <unknown at 2> validation error: Additional properties are not allowed ('__type__' was unexpected);\nE    <unknown at 3> validation error: Additional properties are not allowed ('__type__' was unexpected)\n\nThe above exception was the direct cause of the following exception:\ntests/test_cases/tests_e2e/test_deep_seek_app.py:426: in test_app_output_api_schema_via_api\n    await api_steps.verify_output_endpoints_schema_api(\ntests/reporting_hooks/reporting.py:58: in wrapper\n    raise AssertionError(formatted_msg) from e\nE   AssertionError: [AssertionError] during step: Verify output endpoints schema via API\nE   Message: <unknown at 0> validation error: Additional properties are not allowed ('__type__' was unexpected);\nE    <unknown at 1> validation error: Additional properties are not allowed ('__type__' was unexpected);\nE    <unknown at 2> validation error: Additional properties are not allowed ('__type__' was unexpected);\nE    <unknown at 3> validation error: Additional properties are not allowed ('__type__' was unexpected)","flaky":false,"newFailed":false,"newBroken":false,"newPassed":false,"retriesCount":0,"retriesStatusChange":false,"beforeStages":[{"name":"pytestconfig","time":{"start":1758504816785,"stop":1758504816785,"duration":0},"status":"passed","steps":[],"attachments":[],"parameters":[],"shouldDisplayMessage":false,"stepsCount":0,"attachmentsCount":0,"hasContent":false,"attachmentStep":false},{"name":"delete_output_dir","time":{"start":1758504816785,"stop":1758504816785,"duration":0},"status":"passed","steps":[],"attachments":[],"parameters":[],"shouldDisplayMessage":false,"stepsCount":0,"attachmentsCount":0,"hasContent":false,"attachmentStep":false},{"name":"base_url","time":{"start":1758504816785,"stop":1758504816785,"duration":0},"status":"passed","steps":[],"attachments":[],"parameters":[],"shouldDisplayMessage":false,"stepsCount":0,"attachmentsCount":0,"hasContent":false,"attachmentStep":false},{"name":"_verify_url","time":{"start":1758504816786,"stop":1758504816786,"duration":0},"status":"passed","steps":[],"attachments":[],"parameters":[],"shouldDisplayMessage":false,"stepsCount":0,"attachmentsCount":0,"hasContent":false,"attachmentStep":false},{"name":"event_loop_policy","time":{"start":1758504816786,"stop":1758504816786,"duration":0},"status":"passed","steps":[],"attachments":[],"parameters":[],"shouldDisplayMessage":false,"stepsCount":0,"attachmentsCount":0,"hasContent":false,"attachmentStep":false},{"name":"delay_worker_start","time":{"start":1758504816786,"stop":1758504846786,"duration":30000},"status":"passed","steps":[],"attachments":[],"parameters":[],"shouldDisplayMessage":false,"stepsCount":0,"attachmentsCount":0,"hasContent":false,"attachmentStep":false},{"name":"ensure_storage_directories","time":{"start":1758504846786,"stop":1758504846787,"duration":1},"status":"passed","steps":[],"attachments":[],"parameters":[],"shouldDisplayMessage":false,"stepsCount":0,"attachmentsCount":0,"hasContent":false,"attachmentStep":false},{"name":"test_config","time":{"start":1758505667093,"stop":1758505667096,"duration":3},"status":"passed","steps":[],"attachments":[],"parameters":[],"shouldDisplayMessage":false,"stepsCount":0,"attachmentsCount":0,"hasContent":false,"attachmentStep":false},{"name":"_function_scoped_runner","time":{"start":1758505667096,"stop":1758505667096,"duration":0},"status":"passed","steps":[],"attachments":[],"parameters":[],"shouldDisplayMessage":false,"stepsCount":0,"attachmentsCount":0,"hasContent":false,"attachmentStep":false},{"name":"page_manager","time":{"start":1758505667096,"stop":1758505669168,"duration":2072},"status":"passed","steps":[],"attachments":[{"uid":"88255707b53163bb","name":"HTTP 200 - GET config","source":"88255707b53163bb.txt","type":"text/plain","size":654}],"parameters":[],"shouldDisplayMessage":false,"stepsCount":0,"attachmentsCount":1,"hasContent":true,"attachmentStep":false},{"name":"users_manager","time":{"start":1758505669168,"stop":1758505669168,"duration":0},"status":"passed","steps":[],"attachments":[],"parameters":[],"shouldDisplayMessage":false,"stepsCount":0,"attachmentsCount":0,"hasContent":false,"attachmentStep":false},{"name":"api_helper","time":{"start":1758505669168,"stop":1758505669169,"duration":1},"status":"passed","steps":[],"attachments":[],"parameters":[],"shouldDisplayMessage":false,"stepsCount":0,"attachmentsCount":0,"hasContent":false,"attachmentStep":false},{"name":"data_manager","time":{"start":1758505669168,"stop":1758505669168,"duration":0},"status":"passed","steps":[],"attachments":[],"parameters":[],"shouldDisplayMessage":false,"stepsCount":0,"attachmentsCount":0,"hasContent":false,"attachmentStep":false},{"name":"setup_cleanup","time":{"start":1758505669169,"stop":1758505669169,"duration":0},"status":"passed","steps":[],"attachments":[],"parameters":[],"shouldDisplayMessage":false,"stepsCount":0,"attachmentsCount":0,"hasContent":false,"attachmentStep":false},{"name":"apolo_cli","time":{"start":1758505669169,"stop":1758505669169,"duration":0},"status":"passed","steps":[],"attachments":[],"parameters":[],"shouldDisplayMessage":false,"stepsCount":0,"attachmentsCount":0,"hasContent":false,"attachmentStep":false},{"name":"setup","time":{"start":1758505669170,"stop":1758505669170,"duration":0},"status":"passed","steps":[],"attachments":[],"parameters":[],"shouldDisplayMessage":false,"stepsCount":0,"attachmentsCount":0,"hasContent":false,"attachmentStep":false},{"name":"add_page_manager","time":{"start":1758505669170,"stop":1758505669170,"duration":0},"status":"passed","steps":[],"attachments":[],"parameters":[],"shouldDisplayMessage":false,"stepsCount":0,"attachmentsCount":0,"hasContent":false,"attachmentStep":false},{"name":"_inject_fixtures","time":{"start":1758505669170,"stop":1758505669170,"duration":0},"status":"passed","steps":[],"attachments":[],"parameters":[],"shouldDisplayMessage":false,"stepsCount":0,"attachmentsCount":0,"hasContent":false,"attachmentStep":false},{"name":"deep_seek_status","time":{"start":1758505669170,"stop":1758505669170,"duration":0},"status":"passed","steps":[],"attachments":[],"parameters":[],"shouldDisplayMessage":false,"stepsCount":0,"attachmentsCount":0,"hasContent":false,"attachmentStep":false}],"testStage":{"description":"\n### Pre-conditions:\n- DeepSeek app installed.\n\n### Steps:\n- Login with valid credentials.\n- Call `output` API.\n\n### Verify that:\n\n- API endpoints data matching expected json schema.\n","descriptionHtml":"<div style='line-height:1.6;'><h3>Pre-conditions:</h3>\n<ul>\n<li>DeepSeek app installed.</li>\n</ul>\n<h3>Steps:</h3>\n<ul>\n<li>Login with valid credentials.</li>\n<li>Call <span style='background-color:#D3D3D3; padding:2px 4px; border-radius:3px; font-family:monospace;'>output</span> API.</li>\n</ul>\n<h3>Verify that:</h3>\n<ul>\n<li>API endpoints data matching expected json schema.</li>\n</ul></div>","status":"failed","statusMessage":"AssertionError: [AssertionError] during step: Verify output endpoints schema via API\nMessage: <unknown at 0> validation error: Additional properties are not allowed ('__type__' was unexpected);\n <unknown at 1> validation error: Additional properties are not allowed ('__type__' was unexpected);\n <unknown at 2> validation error: Additional properties are not allowed ('__type__' was unexpected);\n <unknown at 3> validation error: Additional properties are not allowed ('__type__' was unexpected)","statusTrace":"tests/reporting_hooks/reporting.py:49: in wrapper\n    result = await func(*args, **kwargs)\n             ^^^^^^^^^^^^^^^^^^^^^^^^^^^\ntests/test_cases/steps/api_steps/api_steps.py:228: in verify_output_endpoints_schema_api\n    assert result, error_message\n           ^^^^^^\nE   AssertionError: <unknown at 0> validation error: Additional properties are not allowed ('__type__' was unexpected);\nE    <unknown at 1> validation error: Additional properties are not allowed ('__type__' was unexpected);\nE    <unknown at 2> validation error: Additional properties are not allowed ('__type__' was unexpected);\nE    <unknown at 3> validation error: Additional properties are not allowed ('__type__' was unexpected)\n\nThe above exception was the direct cause of the following exception:\ntests/test_cases/tests_e2e/test_deep_seek_app.py:426: in test_app_output_api_schema_via_api\n    await api_steps.verify_output_endpoints_schema_api(\ntests/reporting_hooks/reporting.py:58: in wrapper\n    raise AssertionError(formatted_msg) from e\nE   AssertionError: [AssertionError] during step: Verify output endpoints schema via API\nE   Message: <unknown at 0> validation error: Additional properties are not allowed ('__type__' was unexpected);\nE    <unknown at 1> validation error: Additional properties are not allowed ('__type__' was unexpected);\nE    <unknown at 2> validation error: Additional properties are not allowed ('__type__' was unexpected);\nE    <unknown at 3> validation error: Additional properties are not allowed ('__type__' was unexpected)","steps":[{"name":"Login via UI","time":{"start":1758505669171,"stop":1758505679248,"duration":10077},"status":"passed","steps":[{"name":"Click login button","time":{"start":1758505669171,"stop":1758505670363,"duration":1192},"status":"passed","steps":[],"attachments":[{"uid":"8c173eec9ca552e","name":"Page URL","source":"8c173eec9ca552e.txt","type":"text/plain","size":33},{"uid":"4ddfdd672d940d2f","name":"Screenshot: Click login button (success)","source":"4ddfdd672d940d2f.png","type":"image/png","size":41649}],"parameters":[],"shouldDisplayMessage":false,"stepsCount":0,"attachmentsCount":2,"hasContent":true,"attachmentStep":false},{"name":"Enter email","time":{"start":1758505670363,"stop":1758505670496,"duration":133},"status":"passed","steps":[],"attachments":[{"uid":"8ddddaa6bca216ec","name":"Page URL","source":"8ddddaa6bca216ec.txt","type":"text/plain","size":215},{"uid":"109ff4e87ebd0b1b","name":"Screenshot: Enter email (success)","source":"109ff4e87ebd0b1b.png","type":"image/png","size":46357}],"parameters":[],"shouldDisplayMessage":false,"stepsCount":0,"attachmentsCount":2,"hasContent":true,"attachmentStep":false},{"name":"Enter password","time":{"start":1758505670496,"stop":1758505670650,"duration":154},"status":"passed","steps":[],"attachments":[{"uid":"225a273d8baee608","name":"Page URL","source":"225a273d8baee608.txt","type":"text/plain","size":215},{"uid":"d941f4149f73136f","name":"Screenshot: Enter password (success)","source":"d941f4149f73136f.png","type":"image/png","size":46869}],"parameters":[],"shouldDisplayMessage":false,"stepsCount":0,"attachmentsCount":2,"hasContent":true,"attachmentStep":false},{"name":"Click Continue button","time":{"start":1758505670650,"stop":1758505679032,"duration":8382},"status":"passed","steps":[],"attachments":[{"uid":"6e4a04727ab10bc2","name":"Page URL","source":"6e4a04727ab10bc2.txt","type":"text/plain","size":215},{"uid":"4985809313c465a0","name":"HTTP 200 - GET config","source":"4985809313c465a0.txt","type":"text/plain","size":1118},{"uid":"b76962acba89b5ff","name":"HTTP 200 - GET permissions?uri=blob:","source":"b76962acba89b5ff.txt","type":"text/plain","size":236},{"uid":"6aa9f4ece2f3b2c1","name":"HTTP 200 - GET instances?size=100","source":"6aa9f4ece2f3b2c1.txt","type":"text/plain","size":836},{"uid":"6c6bc8e62c540da7","name":"HTTP 200 - GET regression-f2zmbgwa6w?include=orgs","source":"6c6bc8e62c540da7.txt","type":"text/plain","size":455},{"uid":"7ddaa587d43a8930","name":"HTTP 200 - GET regression-f2zmbgwa6w?include=clusters&include=system_role","source":"7ddaa587d43a8930.txt","type":"text/plain","size":510},{"uid":"47ce5f8a814eef07","name":"HTTP 200 - GET templates","source":"47ce5f8a814eef07.txt","type":"text/plain","size":1210},{"uid":"173de2d3fa79efcd","name":"HTTP 200 - GET regression-org-my1wtz6090bw","source":"173de2d3fa79efcd.txt","type":"text/plain","size":425},{"uid":"39ebd73d1b51082c","name":"HTTP 200 - GET incoming","source":"39ebd73d1b51082c.txt","type":"text/plain","size":137},{"uid":"4fd31a37ac9bb928","name":"HTTP 200 - GET templates?limit=50&offset=0","source":"4fd31a37ac9bb928.txt","type":"text/plain","size":1228},{"uid":"fc3844d1698133e3","name":"Screenshot: Click Continue button (success)","source":"fc3844d1698133e3.png","type":"image/png","size":170169}],"parameters":[],"shouldDisplayMessage":false,"stepsCount":0,"attachmentsCount":11,"hasContent":true,"attachmentStep":false},{"name":"Verify Apps page displayed","time":{"start":1758505679044,"stop":1758505679148,"duration":104},"status":"passed","steps":[],"attachments":[{"uid":"38ea424bb68517fc","name":"Page URL","source":"38ea424bb68517fc.txt","type":"text/plain","size":116},{"uid":"955019c20b9c3334","name":"Screenshot: Verify Apps page displayed (success)","source":"955019c20b9c3334.png","type":"image/png","size":170169}],"parameters":[],"shouldDisplayMessage":false,"stepsCount":0,"attachmentsCount":2,"hasContent":true,"attachmentStep":false}],"attachments":[{"uid":"c38af0cbe876e486","name":"Page URL","source":"c38af0cbe876e486.txt","type":"text/plain","size":33},{"uid":"e2929960d859cf6e","name":"Screenshot: Login via UI (success)","source":"e2929960d859cf6e.png","type":"image/png","size":170169}],"parameters":[],"shouldDisplayMessage":false,"stepsCount":5,"attachmentsCount":21,"hasContent":true,"attachmentStep":false},{"name":"Verify output endpoints schema via API","time":{"start":1758505679248,"stop":1758505679344,"duration":96},"status":"failed","statusMessage":"AssertionError: [AssertionError] during step: Verify output endpoints schema via API\nMessage: <unknown at 0> validation error: Additional properties are not allowed ('__type__' was unexpected);\n <unknown at 1> validation error: Additional properties are not allowed ('__type__' was unexpected);\n <unknown at 2> validation error: Additional properties are not allowed ('__type__' was unexpected);\n <unknown at 3> validation error: Additional properties are not allowed ('__type__' was unexpected)\n","statusTrace":"  File \"/home/runner/work/apolo-test-automation/apolo-test-automation/tests/reporting_hooks/reporting.py\", line 58, in wrapper\n    raise AssertionError(formatted_msg) from e\n","steps":[],"attachments":[],"parameters":[],"shouldDisplayMessage":true,"stepsCount":0,"attachmentsCount":0,"hasContent":true,"attachmentStep":false}],"attachments":[{"uid":"3133550aa71f4ecb","name":"log","source":"3133550aa71f4ecb.txt","type":"text/plain","size":14414}],"parameters":[],"shouldDisplayMessage":true,"stepsCount":7,"attachmentsCount":22,"hasContent":true,"attachmentStep":false},"afterStages":[{"name":"setup_cleanup::finalizer","time":{"start":1758505679367,"stop":1758505679367,"duration":0},"status":"passed","steps":[],"attachments":[],"parameters":[],"shouldDisplayMessage":false,"stepsCount":0,"attachmentsCount":0,"hasContent":false,"attachmentStep":false},{"name":"setup_cleanup::finalizer","time":{"start":1758505679367,"stop":1758505679367,"duration":0},"status":"passed","steps":[],"attachments":[],"parameters":[],"shouldDisplayMessage":false,"stepsCount":0,"attachmentsCount":0,"hasContent":false,"attachmentStep":false},{"name":"add_page_manager::finalizer","time":{"start":1758505679367,"stop":1758505679367,"duration":0},"status":"passed","steps":[],"attachments":[],"parameters":[],"shouldDisplayMessage":false,"stepsCount":0,"attachmentsCount":0,"hasContent":false,"attachmentStep":false},{"name":"api_helper::finalizer","time":{"start":1758505679368,"stop":1758505679368,"duration":0},"status":"passed","steps":[],"attachments":[],"parameters":[],"shouldDisplayMessage":false,"stepsCount":0,"attachmentsCount":0,"hasContent":false,"attachmentStep":false},{"name":"_function_scoped_runner::0","time":{"start":1758505679369,"stop":1758505679370,"duration":1},"status":"passed","steps":[],"attachments":[],"parameters":[],"shouldDisplayMessage":false,"stepsCount":0,"attachmentsCount":0,"hasContent":false,"attachmentStep":false}],"labels":[{"name":"parentSuite","value":"E2E Tests"},{"name":"suite","value":"DeepSeek App"},{"name":"tag","value":"asyncio"},{"name":"tag","value":"class_setup"},{"name":"subSuite","value":"TestE2EDeepSeekApp"},{"name":"host","value":"runnervmf4ws1"},{"name":"thread","value":"3665-MainThread"},{"name":"framework","value":"pytest"},{"name":"language","value":"cpython3"},{"name":"package","value":"tests.test_cases.tests_e2e.test_deep_seek_app"},{"name":"resultFormat","value":"allure2"}],"parameters":[],"links":[],"hidden":false,"retry":false,"extra":{"severity":"normal","retries":[],"categories":[{"name":"Product defects","matchedStatuses":[],"flaky":false}],"history":{"statistic":{"failed":4,"broken":0,"skipped":5,"passed":0,"unknown":0,"total":9},"items":[{"uid":"16aa3d5d95b25c81","status":"failed","statusDetails":"AssertionError: [AssertionError] during step: Verify output endpoints schema via API\nMessage: <unknown at 0> validation error: Additional properties are not allowed ('__type__' was unexpected);\n <unknown at 1> validation error: Additional properties are not allowed ('__type__' was unexpected);\n <unknown at 2> validation error: Additional properties are not allowed ('__type__' was unexpected);\n <unknown at 3> validation error: Additional properties are not allowed ('__type__' was unexpected)","time":{"start":1758419256108,"stop":1758419260416,"duration":4308}},{"uid":"e4282b42b2f7f6a6","status":"failed","statusDetails":"AssertionError: [AssertionError] during step: Verify output endpoints schema via API\nMessage: <unknown at 0> validation error: Additional properties are not allowed ('__type__' was unexpected);\n <unknown at 1> validation error: Additional properties are not allowed ('__type__' was unexpected);\n <unknown at 2> validation error: Additional properties are not allowed ('__type__' was unexpected);\n <unknown at 3> validation error: Additional properties are not allowed ('__type__' was unexpected)","time":{"start":1758332719913,"stop":1758332724507,"duration":4594}},{"uid":"c14e5e46e124fe90","status":"failed","statusDetails":"AssertionError: [AssertionError] during step: Verify output endpoints schema via API\nMessage: <unknown at 0> validation error: Additional properties are not allowed ('__type__' was unexpected);\n <unknown at 1> validation error: Additional properties are not allowed ('__type__' was unexpected);\n <unknown at 2> validation error: Additional properties are not allowed ('__type__' was unexpected);\n <unknown at 3> validation error: Additional properties are not allowed ('__type__' was unexpected)","time":{"start":1758246332108,"stop":1758246336510,"duration":4402}},{"uid":"ae2dfedfb698f081","status":"skipped","statusDetails":"Skipped: DeepSeek app was not installed successfully","time":{"start":1758159857565,"stop":1758159857565,"duration":0}},{"uid":"68ae0fded4832f79","status":"skipped","statusDetails":"Skipped: DeepSeek app was not installed successfully","time":{"start":1758102920229,"stop":1758102920229,"duration":0}},{"uid":"f113358323c9a595","status":"skipped","statusDetails":"Skipped: DeepSeek app was not installed successfully","time":{"start":1758072817257,"stop":1758072817257,"duration":0}},{"uid":"615a2be751c0d54c","status":"skipped","statusDetails":"Skipped: DeepSeek app was not installed successfully","time":{"start":1757986385305,"stop":1757986385305,"duration":0}},{"uid":"53cdbb030c609529","status":"skipped","statusDetails":"Skipped: DeepSeek app was not installed successfully","time":{"start":1757900151031,"stop":1757900151031,"duration":0}}]},"tags":["asyncio","class_setup"]},"source":"faa4f5622f7c6f17.json","parameterValues":[]}